<?xml version="1.0" encoding="UTF-8"?>
<testsuite xmlns:xsi="http://www.w3.org/2001/XMLSchema-instance" xsi:noNamespaceSchemaLocation="https://maven.apache.org/surefire/maven-surefire-plugin/xsd/surefire-test-report.xsd" name="org.apache.tamaya.spisupport.propertysource.EnumConverterTest" time="0" tests="4" errors="0" skipped="0" failures="0">
  <properties>
    <property name="awt.toolkit" value="sun.awt.X11.XToolkit"/>
    <property name="java.specification.version" value="11"/>
    <property name="sun.cpu.isalist" value=""/>
    <property name="sun.jnu.encoding" value="UTF-8"/>
    <property name="java.class.path" value="/media/4tb/npex/npex_data/benchmarks-bears/Bears-196/code/spi-support/target/test-classes:/media/4tb/npex/npex_data/benchmarks-bears/Bears-196/code/spi-support/target/classes:/media/4tb/npex/npex_data/benchmarks-bears/Bears-196/code/api/target/classes:/home/junhee/.m2/repository/org/osgi/org.osgi.compendium/5.0.0/org.osgi.compendium-5.0.0.jar:/home/junhee/.m2/repository/junit/junit/4.12/junit-4.12.jar:/home/junhee/.m2/repository/org/hamcrest/hamcrest-core/1.3/hamcrest-core-1.3.jar:/home/junhee/.m2/repository/org/assertj/assertj-core/3.8.0/assertj-core-3.8.0.jar:/home/junhee/.m2/repository/org/mockito/mockito-core/1.10.19/mockito-core-1.10.19.jar:/home/junhee/.m2/repository/org/objenesis/objenesis/2.1/objenesis-2.1.jar:/home/junhee/.m2/repository/org/apache/geronimo/specs/geronimo-annotation_1.2_spec/1.0/geronimo-annotation_1.2_spec-1.0.jar:"/>
    <property name="java.vm.vendor" value="Oracle Corporation"/>
    <property name="skip.bower" value="true"/>
    <property name="sun.arch.data.model" value="64"/>
    <property name="java.vendor.url" value="https://openjdk.java.net/"/>
    <property name="user.timezone" value=""/>
    <property name="java.vm.specification.version" value="11"/>
    <property name="os.name" value="Linux"/>
    <property name="rat.skip" value="true"/>
    <property name="gpg.skip" value="true"/>
    <property name="sun.java.launcher" value="SUN_STANDARD"/>
    <property name="user.country" value="US"/>
    <property name="sun.boot.library.path" value="/usr/lib/jvm/jdk-11.0.8/lib"/>
    <property name="skip.gulp" value="true"/>
    <property name="sun.java.command" value="/media/4tb/npex/npex_data/benchmarks-bears/Bears-196/code/spi-support/target/surefire/surefirebooter9301147453896344042.jar /media/4tb/npex/npex_data/benchmarks-bears/Bears-196/code/spi-support/target/surefire 2020-08-06T11-25-48_953-jvmRun1 surefire9459111537746702503tmp surefire_011391523013596862711tmp"/>
    <property name="jdk.debug" value="release"/>
    <property name="test" value="EnumConverterTest"/>
    <property name="surefire.test.class.path" value="/media/4tb/npex/npex_data/benchmarks-bears/Bears-196/code/spi-support/target/test-classes:/media/4tb/npex/npex_data/benchmarks-bears/Bears-196/code/spi-support/target/classes:/media/4tb/npex/npex_data/benchmarks-bears/Bears-196/code/api/target/classes:/home/junhee/.m2/repository/org/osgi/org.osgi.compendium/5.0.0/org.osgi.compendium-5.0.0.jar:/home/junhee/.m2/repository/junit/junit/4.12/junit-4.12.jar:/home/junhee/.m2/repository/org/hamcrest/hamcrest-core/1.3/hamcrest-core-1.3.jar:/home/junhee/.m2/repository/org/assertj/assertj-core/3.8.0/assertj-core-3.8.0.jar:/home/junhee/.m2/repository/org/mockito/mockito-core/1.10.19/mockito-core-1.10.19.jar:/home/junhee/.m2/repository/org/objenesis/objenesis/2.1/objenesis-2.1.jar:/home/junhee/.m2/repository/org/apache/geronimo/specs/geronimo-annotation_1.2_spec/1.0/geronimo-annotation_1.2_spec-1.0.jar:"/>
    <property name="sun.cpu.endian" value="little"/>
    <property name="user.home" value="/home/junhee"/>
    <property name="user.language" value="en"/>
    <property name="java.specification.vendor" value="Oracle Corporation"/>
    <property name="java.version.date" value="2020-07-14"/>
    <property name="java.home" value="/usr/lib/jvm/jdk-11.0.8"/>
    <property name="file.separator" value="/"/>
    <property name="basedir" value="/media/4tb/npex/npex_data/benchmarks-bears/Bears-196/code/spi-support"/>
    <property name="java.vm.compressedOopsMode" value="Zero based"/>
    <property name="line.separator" value="&#10;"/>
    <property name="checkstyle.skip" value="true"/>
    <property name="skip.npm" value="true"/>
    <property name="java.specification.name" value="Java Platform API Specification"/>
    <property name="java.vm.specification.vendor" value="Oracle Corporation"/>
    <property name="java.awt.graphicsenv" value="sun.awt.X11GraphicsEnvironment"/>
    <property name="surefire.real.class.path" value="/media/4tb/npex/npex_data/benchmarks-bears/Bears-196/code/spi-support/target/surefire/surefirebooter9301147453896344042.jar"/>
    <property name="cobertura.skip" value="true"/>
    <property name="sun.management.compiler" value="HotSpot 64-Bit Tiered Compilers"/>
    <property name="java.runtime.version" value="11.0.8+10-LTS"/>
    <property name="user.name" value="junhee"/>
    <property name="findbugs.skip" value="true"/>
    <property name="path.separator" value=":"/>
    <property name="os.version" value="4.15.0-106-generic"/>
    <property name="java.runtime.name" value="Java(TM) SE Runtime Environment"/>
    <property name="file.encoding" value="UTF-8"/>
    <property name="java.vm.name" value="Java HotSpot(TM) 64-Bit Server VM"/>
    <property name="java.vendor.version" value="18.9"/>
    <property name="localRepository" value="/home/junhee/.m2/repository"/>
    <property name="java.vendor.url.bug" value="https://bugreport.java.com/bugreport/"/>
    <property name="java.io.tmpdir" value="/tmp"/>
    <property name="java.version" value="11.0.8"/>
    <property name="user.dir" value="/media/4tb/npex/npex_data/benchmarks-bears/Bears-196/code/spi-support"/>
    <property name="os.arch" value="amd64"/>
    <property name="license.skip" value="true"/>
    <property name="java.vm.specification.name" value="Java Virtual Machine Specification"/>
    <property name="java.awt.printerjob" value="sun.print.PSPrinterJob"/>
    <property name="failIfNoTests" value="false"/>
    <property name="sun.os.patch.level" value="unknown"/>
    <property name="java.library.path" value="/usr/java/packages/lib:/usr/lib64:/lib64:/lib:/usr/lib"/>
    <property name="java.vendor" value="Oracle Corporation"/>
    <property name="java.vm.info" value="mixed mode"/>
    <property name="java.vm.version" value="11.0.8+10-LTS"/>
    <property name="sun.io.unicode.encoding" value="UnicodeLittle"/>
    <property name="enforcer.skip" value="true"/>
    <property name="java.class.version" value="55.0"/>
  </properties>
  <testcase name="testConvert_MixedCase" classname="org.apache.tamaya.spisupport.propertysource.EnumConverterTest" time="0"/>
  <testcase name="testConvert" classname="org.apache.tamaya.spisupport.propertysource.EnumConverterTest" time="0"/>
  <testcase name="testConvert_LowerCase" classname="org.apache.tamaya.spisupport.propertysource.EnumConverterTest" time="0"/>
  <testcase name="testConvert_OtherValue" classname="org.apache.tamaya.spisupport.propertysource.EnumConverterTest" time="0"/>
</testsuite>