<?xml version="1.0" encoding="UTF-8"?>
<testsuite xmlns:xsi="http://www.w3.org/2001/XMLSchema-instance" xsi:noNamespaceSchemaLocation="https://maven.apache.org/surefire/maven-surefire-plugin/xsd/surefire-test-report.xsd" name="org.jgrapht.generate.WattsStrogatzGraphGeneratorTest" time="0.006" tests="10" errors="0" skipped="0" failures="0">
  <properties>
    <property name="awt.toolkit" value="sun.awt.X11.XToolkit"/>
    <property name="java.specification.version" value="11"/>
    <property name="sun.cpu.isalist" value=""/>
    <property name="sun.jnu.encoding" value="UTF-8"/>
    <property name="java.class.path" value="/media/4tb/npex/npex_data/benchmarks-bears/Bears-222/jgrapht-core/target/test-classes:/media/4tb/npex/npex_data/benchmarks-bears/Bears-222/jgrapht-core/target/classes:/home/junhee/.m2/repository/org/jheaps/jheaps/0.9/jheaps-0.9.jar:/home/junhee/.m2/repository/junit/junit/4.12/junit-4.12.jar:/home/junhee/.m2/repository/org/hamcrest/hamcrest-core/1.3/hamcrest-core-1.3.jar:/home/junhee/.m2/repository/com/googlecode/junit-toolbox/junit-toolbox/2.4/junit-toolbox-2.4.jar:/home/junhee/.m2/repository/commons-io/commons-io/2.4/commons-io-2.4.jar:/home/junhee/.m2/repository/org/hamcrest/hamcrest-library/1.3/hamcrest-library-1.3.jar:/home/junhee/.m2/repository/org/mockito/mockito-core/1.9.5/mockito-core-1.9.5.jar:/home/junhee/.m2/repository/org/objenesis/objenesis/1.0/objenesis-1.0.jar:/home/junhee/.m2/repository/org/openjdk/jmh/jmh-core/1.21/jmh-core-1.21.jar:/home/junhee/.m2/repository/net/sf/jopt-simple/jopt-simple/4.6/jopt-simple-4.6.jar:/home/junhee/.m2/repository/org/apache/commons/commons-math3/3.2/commons-math3-3.2.jar:/home/junhee/.m2/repository/org/openjdk/jmh/jmh-generator-annprocess/1.21/jmh-generator-annprocess-1.21.jar:"/>
    <property name="java.vm.vendor" value="Oracle Corporation"/>
    <property name="skip.bower" value="true"/>
    <property name="sun.arch.data.model" value="64"/>
    <property name="java.vendor.url" value="https://openjdk.java.net/"/>
    <property name="user.timezone" value=""/>
    <property name="java.vm.specification.version" value="11"/>
    <property name="os.name" value="Linux"/>
    <property name="rat.skip" value="true"/>
    <property name="gpg.skip" value="true"/>
    <property name="sun.java.launcher" value="SUN_STANDARD"/>
    <property name="user.country" value="US"/>
    <property name="sun.boot.library.path" value="/usr/lib/jvm/jdk-11.0.8/lib"/>
    <property name="skip.gulp" value="true"/>
    <property name="sun.java.command" value="/media/4tb/npex/npex_data/benchmarks-bears/Bears-222/jgrapht-core/target/surefire/surefirebooter6266224541790834497.jar /media/4tb/npex/npex_data/benchmarks-bears/Bears-222/jgrapht-core/target/surefire 2020-08-06T11-18-07_338-jvmRun1 surefire16909154474184407667tmp surefire_017709094124558871679tmp"/>
    <property name="jdk.debug" value="release"/>
    <property name="test" value="WattsStrogatzGraphGeneratorTest"/>
    <property name="surefire.test.class.path" value="/media/4tb/npex/npex_data/benchmarks-bears/Bears-222/jgrapht-core/target/test-classes:/media/4tb/npex/npex_data/benchmarks-bears/Bears-222/jgrapht-core/target/classes:/home/junhee/.m2/repository/org/jheaps/jheaps/0.9/jheaps-0.9.jar:/home/junhee/.m2/repository/junit/junit/4.12/junit-4.12.jar:/home/junhee/.m2/repository/org/hamcrest/hamcrest-core/1.3/hamcrest-core-1.3.jar:/home/junhee/.m2/repository/com/googlecode/junit-toolbox/junit-toolbox/2.4/junit-toolbox-2.4.jar:/home/junhee/.m2/repository/commons-io/commons-io/2.4/commons-io-2.4.jar:/home/junhee/.m2/repository/org/hamcrest/hamcrest-library/1.3/hamcrest-library-1.3.jar:/home/junhee/.m2/repository/org/mockito/mockito-core/1.9.5/mockito-core-1.9.5.jar:/home/junhee/.m2/repository/org/objenesis/objenesis/1.0/objenesis-1.0.jar:/home/junhee/.m2/repository/org/openjdk/jmh/jmh-core/1.21/jmh-core-1.21.jar:/home/junhee/.m2/repository/net/sf/jopt-simple/jopt-simple/4.6/jopt-simple-4.6.jar:/home/junhee/.m2/repository/org/apache/commons/commons-math3/3.2/commons-math3-3.2.jar:/home/junhee/.m2/repository/org/openjdk/jmh/jmh-generator-annprocess/1.21/jmh-generator-annprocess-1.21.jar:"/>
    <property name="sun.cpu.endian" value="little"/>
    <property name="user.home" value="/home/junhee"/>
    <property name="user.language" value="en"/>
    <property name="java.specification.vendor" value="Oracle Corporation"/>
    <property name="java.version.date" value="2020-07-14"/>
    <property name="java.home" value="/usr/lib/jvm/jdk-11.0.8"/>
    <property name="file.separator" value="/"/>
    <property name="basedir" value="/media/4tb/npex/npex_data/benchmarks-bears/Bears-222/jgrapht-core"/>
    <property name="java.vm.compressedOopsMode" value="Zero based"/>
    <property name="line.separator" value="&#10;"/>
    <property name="checkstyle.skip" value="true"/>
    <property name="skip.npm" value="true"/>
    <property name="java.specification.name" value="Java Platform API Specification"/>
    <property name="java.vm.specification.vendor" value="Oracle Corporation"/>
    <property name="java.awt.graphicsenv" value="sun.awt.X11GraphicsEnvironment"/>
    <property name="surefire.real.class.path" value="/media/4tb/npex/npex_data/benchmarks-bears/Bears-222/jgrapht-core/target/surefire/surefirebooter6266224541790834497.jar"/>
    <property name="cobertura.skip" value="true"/>
    <property name="sun.management.compiler" value="HotSpot 64-Bit Tiered Compilers"/>
    <property name="java.runtime.version" value="11.0.8+10-LTS"/>
    <property name="user.name" value="junhee"/>
    <property name="findbugs.skip" value="true"/>
    <property name="path.separator" value=":"/>
    <property name="os.version" value="4.15.0-106-generic"/>
    <property name="java.runtime.name" value="Java(TM) SE Runtime Environment"/>
    <property name="file.encoding" value="UTF-8"/>
    <property name="java.vm.name" value="Java HotSpot(TM) 64-Bit Server VM"/>
    <property name="java.vendor.version" value="18.9"/>
    <property name="localRepository" value="/home/junhee/.m2/repository"/>
    <property name="java.vendor.url.bug" value="https://bugreport.java.com/bugreport/"/>
    <property name="java.io.tmpdir" value="/tmp"/>
    <property name="java.version" value="11.0.8"/>
    <property name="user.dir" value="/media/4tb/npex/npex_data/benchmarks-bears/Bears-222/jgrapht-core"/>
    <property name="os.arch" value="amd64"/>
    <property name="license.skip" value="true"/>
    <property name="java.vm.specification.name" value="Java Virtual Machine Specification"/>
    <property name="java.awt.printerjob" value="sun.print.PSPrinterJob"/>
    <property name="failIfNoTests" value="false"/>
    <property name="sun.os.patch.level" value="unknown"/>
    <property name="java.library.path" value="/usr/java/packages/lib:/usr/lib64:/lib64:/lib:/usr/lib"/>
    <property name="java.vendor" value="Oracle Corporation"/>
    <property name="java.vm.info" value="mixed mode"/>
    <property name="java.vm.version" value="11.0.8+10-LTS"/>
    <property name="sun.io.unicode.encoding" value="UnicodeLittle"/>
    <property name="enforcer.skip" value="true"/>
    <property name="java.class.version" value="55.0"/>
  </properties>
  <testcase name="test4RegularAddShortcutInsteadOfRewiring" classname="org.jgrapht.generate.WattsStrogatzGraphGeneratorTest" time="0.001"/>
  <testcase name="testNonIntegerVertices" classname="org.jgrapht.generate.WattsStrogatzGraphGeneratorTest" time="0.001"/>
  <testcase name="test6RegularSomeRewiring" classname="org.jgrapht.generate.WattsStrogatzGraphGeneratorTest" time="0"/>
  <testcase name="test4RegularNoRewiring" classname="org.jgrapht.generate.WattsStrogatzGraphGeneratorTest" time="0"/>
  <testcase name="test4RegularSomeRewiring" classname="org.jgrapht.generate.WattsStrogatzGraphGeneratorTest" time="0"/>
  <testcase name="testLessThan3Nodes" classname="org.jgrapht.generate.WattsStrogatzGraphGeneratorTest" time="0"/>
  <testcase name="test6RegularNoRewiring" classname="org.jgrapht.generate.WattsStrogatzGraphGeneratorTest" time="0"/>
  <testcase name="testBadParameters" classname="org.jgrapht.generate.WattsStrogatzGraphGeneratorTest" time="0"/>
  <testcase name="test4RegularMoreRewiring" classname="org.jgrapht.generate.WattsStrogatzGraphGeneratorTest" time="0"/>
  <testcase name="test4RegularNoRewiringDirected" classname="org.jgrapht.generate.WattsStrogatzGraphGeneratorTest" time="0"/>
</testsuite>