<?xml version="1.0" encoding="UTF-8"?>
<!-- Generated by org.testng.reporters.JUnitReportReporter -->
<testsuite hostname="sal" name="com.linkedin.pinot.client.ResultSetGroupTest" tests="4" failures="0" timestamp="12 Aug 2020 07:33:26 GMT" time="0.038" errors="0">
  <testcase name="testDeserializeExceptionResultSet" time="0.003" classname="com.linkedin.pinot.client.ResultSetGroupTest"/>
  <testcase name="testDeserializeSelectionResultSet" time="0.020" classname="com.linkedin.pinot.client.ResultSetGroupTest"/>
  <testcase name="testDeserializeAggregationGroupByResultSet" time="0.013" classname="com.linkedin.pinot.client.ResultSetGroupTest"/>
  <testcase name="testDeserializeAggregationResultSet" time="0.002" classname="com.linkedin.pinot.client.ResultSetGroupTest"/>
</testsuite>
