<?xml version="1.0" encoding="UTF-8"?>
<!-- Generated by org.testng.reporters.JUnitReportReporter -->
<testsuite hostname="sal" name="com.linkedin.pinot.client.ConnectionFactoryTest" tests="3" failures="0" timestamp="12 Aug 2020 07:33:26 GMT" time="0.375" errors="0">
  <testcase name="testZkConnection" time="0.000" classname="com.linkedin.pinot.client.ConnectionFactoryTest"/>
  <testcase name="testBrokerList" time="0.374" classname="com.linkedin.pinot.client.ConnectionFactoryTest"/>
  <testcase name="testPropertiesConnection" time="0.001" classname="com.linkedin.pinot.client.ConnectionFactoryTest"/>
</testsuite>
