<?xml version="1.0" encoding="UTF-8"?>
<testsuite xmlns:xsi="http://www.w3.org/2001/XMLSchema-instance" xsi:schemaLocation="https://maven.apache.org/surefire/maven-surefire-plugin/xsd/surefire-test-report.xsd" name="com.blazebit.persistence.testsuite.treat.builder.JoinOneToManyInverseSetTest" time="10.792" tests="108" errors="0" skipped="8" failures="0">
  <properties>
    <property name="java.runtime.name" value="OpenJDK Runtime Environment"/>
    <property name="sun.boot.library.path" value="/usr/lib/jvm/java-8-openjdk-amd64/jre/lib/amd64"/>
    <property name="java.vm.version" value="25.252-b09"/>
    <property name="java.vm.vendor" value="Private Build"/>
    <property name="maven.multiModuleProjectDirectory" value="/media/4tb/npex/npex_data/benchmarks-bears/Bears-156-buggy"/>
    <property name="java.vendor.url" value="http://java.oracle.com/"/>
    <property name="path.separator" value=":"/>
    <property name="guice.disable.misplaced.annotation.check" value="true"/>
    <property name="skip.gulp" value="true"/>
    <property name="java.vm.name" value="OpenJDK 64-Bit Server VM"/>
    <property name="file.encoding.pkg" value="sun.io"/>
    <property name="user.country" value="US"/>
    <property name="sun.java.launcher" value="SUN_STANDARD"/>
    <property name="sun.os.patch.level" value="unknown"/>
    <property name="findbugs.skip" value="true"/>
    <property name="java.vm.specification.name" value="Java Virtual Machine Specification"/>
    <property name="user.dir" value="/media/4tb/npex/npex_data/benchmarks-bears/Bears-156-buggy"/>
    <property name="checkstyle.skip" value="true"/>
    <property name="java.runtime.version" value="1.8.0_252-8u252-b09-1~18.04-b09"/>
    <property name="java.awt.graphicsenv" value="sun.awt.X11GraphicsEnvironment"/>
    <property name="skip.npm" value="true"/>
    <property name="java.endorsed.dirs" value="/usr/lib/jvm/java-8-openjdk-amd64/jre/lib/endorsed"/>
    <property name="os.arch" value="amd64"/>
    <property name="java.io.tmpdir" value="/tmp"/>
    <property name="gpg.skip" value="true"/>
    <property name="line.separator" value="&#10;"/>
    <property name="java.vm.specification.vendor" value="Oracle Corporation"/>
    <property name="cobertura.skip" value="true"/>
    <property name="os.name" value="Linux"/>
    <property name="classworlds.conf" value="/usr/share/maven/bin/m2.conf"/>
    <property name="sun.jnu.encoding" value="UTF-8"/>
    <property name="java.library.path" value="/usr/java/packages/lib/amd64:/usr/lib/x86_64-linux-gnu/jni:/lib/x86_64-linux-gnu:/usr/lib/x86_64-linux-gnu:/usr/lib/jni:/lib:/usr/lib"/>
    <property name="license.skip" value="true"/>
    <property name="maven.conf" value="/usr/share/maven/conf"/>
    <property name="java.class.version" value="52.0"/>
    <property name="java.specification.name" value="Java Platform API Specification"/>
    <property name="sun.management.compiler" value="HotSpot 64-Bit Tiered Compilers"/>
    <property name="skip.bower" value="true"/>
    <property name="os.version" value="4.15.0-106-generic"/>
    <property name="library.jansi.path" value="/usr/share/maven/lib/jansi-native"/>
    <property name="user.home" value="/home/junhee"/>
    <property name="user.timezone" value="Asia/Seoul"/>
    <property name="java.awt.printerjob" value="sun.print.PSPrinterJob"/>
    <property name="java.specification.version" value="1.8"/>
    <property name="file.encoding" value="UTF-8"/>
    <property name="user.name" value="junhee"/>
    <property name="java.class.path" value="/usr/share/maven/boot/plexus-classworlds-2.x.jar"/>
    <property name="java.vm.specification.version" value="1.8"/>
    <property name="sun.arch.data.model" value="64"/>
    <property name="java.home" value="/usr/lib/jvm/java-8-openjdk-amd64/jre"/>
    <property name="sun.java.command" value="org.codehaus.plexus.classworlds.launcher.Launcher clean test -V -B -Denforcer.skip=true -Dcheckstyle.skip=true -Dcobertura.skip=true -Drat.skip=true -Dlicense.skip=true -Dfindbugs.skip=true -Dgpg.skip=true -Dskip.npm=true -Dskip.gulp=true -Dskip.bower=true"/>
    <property name="java.specification.vendor" value="Oracle Corporation"/>
    <property name="user.language" value="en"/>
    <property name="awt.toolkit" value="sun.awt.X11.XToolkit"/>
    <property name="java.vm.info" value="mixed mode"/>
    <property name="java.version" value="1.8.0_252"/>
    <property name="java.ext.dirs" value="/usr/lib/jvm/java-8-openjdk-amd64/jre/lib/ext:/usr/java/packages/lib/ext"/>
    <property name="securerandom.source" value="file:/dev/./urandom"/>
    <property name="sun.boot.class.path" value="/usr/lib/jvm/java-8-openjdk-amd64/jre/lib/resources.jar:/usr/lib/jvm/java-8-openjdk-amd64/jre/lib/rt.jar:/usr/lib/jvm/java-8-openjdk-amd64/jre/lib/sunrsasign.jar:/usr/lib/jvm/java-8-openjdk-amd64/jre/lib/jsse.jar:/usr/lib/jvm/java-8-openjdk-amd64/jre/lib/jce.jar:/usr/lib/jvm/java-8-openjdk-amd64/jre/lib/charsets.jar:/usr/lib/jvm/java-8-openjdk-amd64/jre/lib/jfr.jar:/usr/lib/jvm/java-8-openjdk-amd64/jre/classes"/>
    <property name="java.vendor" value="Private Build"/>
    <property name="enforcer.skip" value="true"/>
    <property name="rat.skip" value="true"/>
    <property name="maven.home" value="/usr/share/maven"/>
    <property name="file.separator" value="/"/>
    <property name="java.vendor.url.bug" value="http://bugreport.sun.com/bugreport/"/>
    <property name="sun.cpu.endian" value="little"/>
    <property name="sun.io.unicode.encoding" value="UnicodeLittle"/>
    <property name="sun.cpu.isalist" value=""/>
  </properties>
  <testcase name="innerJoinTreatedRootEmbeddableOneToManyInverseSet[0]" classname="com.blazebit.persistence.testsuite.treat.builder.JoinOneToManyInverseSetTest" time="0.103"/>
  <testcase name="treatJoinTreatedParentRootEmbeddableOneToManyInverseSet[0]" classname="com.blazebit.persistence.testsuite.treat.builder.JoinOneToManyInverseSetTest" time="0.114"/>
  <testcase name="joinMultipleTreatedParentRootEmbeddableOneToManyInverseSet[0]" classname="com.blazebit.persistence.testsuite.treat.builder.JoinOneToManyInverseSetTest" time="0.096"/>
  <testcase name="treatJoinTreatedRootEmbeddableOneToManyInverseSet[0]" classname="com.blazebit.persistence.testsuite.treat.builder.JoinOneToManyInverseSetTest" time="0.095"/>
  <testcase name="joinMultipleTreatedRootEmbeddableOneToManyInverseSet[0]" classname="com.blazebit.persistence.testsuite.treat.builder.JoinOneToManyInverseSetTest" time="0.1"/>
  <testcase name="treatJoinMultipleTreatedRootEmbeddableOneToManyInverseSet[0]" classname="com.blazebit.persistence.testsuite.treat.builder.JoinOneToManyInverseSetTest" time="0.105"/>
  <testcase name="joinMultipleTreatedParentRootOneToManyInverseSet[0]" classname="com.blazebit.persistence.testsuite.treat.builder.JoinOneToManyInverseSetTest" time="0.108"/>
  <testcase name="joinTreatedRootOneToManyInverseSet[0]" classname="com.blazebit.persistence.testsuite.treat.builder.JoinOneToManyInverseSetTest" time="0.099"/>
  <testcase name="joinTreatedParentRootEmbeddableOneToManyInverseSet[0]" classname="com.blazebit.persistence.testsuite.treat.builder.JoinOneToManyInverseSetTest" time="0.111"/>
  <testcase name="treatInnerJoinMultipleTreatedRootOneToManyInverseSet[0]" classname="com.blazebit.persistence.testsuite.treat.builder.JoinOneToManyInverseSetTest" time="0.127"/>
  <testcase name="treatJoinMultipleTreatedParentRootEmbeddableOneToManyInverseSet[0]" classname="com.blazebit.persistence.testsuite.treat.builder.JoinOneToManyInverseSetTest" time="0.101"/>
  <testcase name="joinTreatedRootEmbeddableOneToManyInverseSet[0]" classname="com.blazebit.persistence.testsuite.treat.builder.JoinOneToManyInverseSetTest" time="0.109"/>
  <testcase name="innerJoinMultipleTreatedRootEmbeddableOneToManyInverseSet[0]" classname="com.blazebit.persistence.testsuite.treat.builder.JoinOneToManyInverseSetTest" time="0.095"/>
  <testcase name="treatJoinOneToManyInverseSet[0]" classname="com.blazebit.persistence.testsuite.treat.builder.JoinOneToManyInverseSetTest" time="0.094"/>
  <testcase name="joinMultipleTreatedRootOneToManyInverseSet[0]" classname="com.blazebit.persistence.testsuite.treat.builder.JoinOneToManyInverseSetTest" time="0.097"/>
  <testcase name="treatJoinMultipleParentEmbeddableOneToManyInverseSet[0]" classname="com.blazebit.persistence.testsuite.treat.builder.JoinOneToManyInverseSetTest" time="0.098"/>
  <testcase name="treatInnerJoinMultipleTreatedRootEmbeddableOneToManyInverseSet[0]" classname="com.blazebit.persistence.testsuite.treat.builder.JoinOneToManyInverseSetTest" time="0.105"/>
  <testcase name="treatJoinMultipleTreatedParentRootOneToManyInverseSet[0]" classname="com.blazebit.persistence.testsuite.treat.builder.JoinOneToManyInverseSetTest" time="0.098"/>
  <testcase name="treatJoinTreatedRootOneToManyInverseSet[0]" classname="com.blazebit.persistence.testsuite.treat.builder.JoinOneToManyInverseSetTest" time="0.094"/>
  <testcase name="treatInnerJoinMultipleOneToManyInverseSet[0]" classname="com.blazebit.persistence.testsuite.treat.builder.JoinOneToManyInverseSetTest" time="0.098"/>
  <testcase name="treatJoinEmbeddableOneToManyInverseSet[0]" classname="com.blazebit.persistence.testsuite.treat.builder.JoinOneToManyInverseSetTest" time="0.097"/>
  <testcase name="treatJoinTreatedParentRootOneToManyInverseSet[0]" classname="com.blazebit.persistence.testsuite.treat.builder.JoinOneToManyInverseSetTest" time="0.094"/>
  <testcase name="joinTreatedParentRootOneToManyInverseSet[0]" classname="com.blazebit.persistence.testsuite.treat.builder.JoinOneToManyInverseSetTest" time="0.105"/>
  <testcase name="treatJoinParentEmbeddableOneToManyInverseSet[0]" classname="com.blazebit.persistence.testsuite.treat.builder.JoinOneToManyInverseSetTest" time="0.095"/>
  <testcase name="innerJoinMultipleTreatedRootOneToManyInverseSet[0]" classname="com.blazebit.persistence.testsuite.treat.builder.JoinOneToManyInverseSetTest" time="0.097"/>
  <testcase name="treatJoinParentOneToManyInverseSet[0]" classname="com.blazebit.persistence.testsuite.treat.builder.JoinOneToManyInverseSetTest" time="0.097"/>
  <testcase name="treatInnerJoinTreatedRootOneToManyInverseSet[0]" classname="com.blazebit.persistence.testsuite.treat.builder.JoinOneToManyInverseSetTest" time="0.096"/>
  <testcase name="treatInnerJoinEmbeddableOneToManyInverseSet[0]" classname="com.blazebit.persistence.testsuite.treat.builder.JoinOneToManyInverseSetTest" time="0.108"/>
  <testcase name="innerJoinTreatedRootOneToManyInverseSet[0]" classname="com.blazebit.persistence.testsuite.treat.builder.JoinOneToManyInverseSetTest" time="0.094"/>
  <testcase name="treatJoinMultipleOneToManyInverseSet[0]" classname="com.blazebit.persistence.testsuite.treat.builder.JoinOneToManyInverseSetTest" time="0.099"/>
  <testcase name="treatJoinMultipleTreatedRootOneToManyInverseSet[0]" classname="com.blazebit.persistence.testsuite.treat.builder.JoinOneToManyInverseSetTest" time="0.095"/>
  <testcase name="treatInnerJoinMultipleEmbeddableOneToManyInverseSet[0]" classname="com.blazebit.persistence.testsuite.treat.builder.JoinOneToManyInverseSetTest" time="0.096"/>
  <testcase name="treatInnerJoinOneToManyInverseSet[0]" classname="com.blazebit.persistence.testsuite.treat.builder.JoinOneToManyInverseSetTest" time="0.104"/>
  <testcase name="treatJoinMultipleEmbeddableOneToManyInverseSet[0]" classname="com.blazebit.persistence.testsuite.treat.builder.JoinOneToManyInverseSetTest" time="0.096"/>
  <testcase name="treatInnerJoinTreatedRootEmbeddableOneToManyInverseSet[0]" classname="com.blazebit.persistence.testsuite.treat.builder.JoinOneToManyInverseSetTest" time="0.096"/>
  <testcase name="treatJoinMultipleParentOneToManyInverseSet[0]" classname="com.blazebit.persistence.testsuite.treat.builder.JoinOneToManyInverseSetTest" time="0.096"/>
  <testcase name="innerJoinTreatedRootEmbeddableOneToManyInverseSet[1]" classname="com.blazebit.persistence.testsuite.treat.builder.JoinOneToManyInverseSetTest" time="0.096"/>
  <testcase name="treatJoinTreatedParentRootEmbeddableOneToManyInverseSet[1]" classname="com.blazebit.persistence.testsuite.treat.builder.JoinOneToManyInverseSetTest" time="0.107"/>
  <testcase name="joinMultipleTreatedParentRootEmbeddableOneToManyInverseSet[1]" classname="com.blazebit.persistence.testsuite.treat.builder.JoinOneToManyInverseSetTest" time="0.097"/>
  <testcase name="treatJoinTreatedRootEmbeddableOneToManyInverseSet[1]" classname="com.blazebit.persistence.testsuite.treat.builder.JoinOneToManyInverseSetTest" time="0.096"/>
  <testcase name="joinMultipleTreatedRootEmbeddableOneToManyInverseSet[1]" classname="com.blazebit.persistence.testsuite.treat.builder.JoinOneToManyInverseSetTest" time="0.099"/>
  <testcase name="treatJoinMultipleTreatedRootEmbeddableOneToManyInverseSet[1]" classname="com.blazebit.persistence.testsuite.treat.builder.JoinOneToManyInverseSetTest" time="0.097"/>
  <testcase name="joinMultipleTreatedParentRootOneToManyInverseSet[1]" classname="com.blazebit.persistence.testsuite.treat.builder.JoinOneToManyInverseSetTest" time="0.105"/>
  <testcase name="joinTreatedRootOneToManyInverseSet[1]" classname="com.blazebit.persistence.testsuite.treat.builder.JoinOneToManyInverseSetTest" time="0.096"/>
  <testcase name="joinTreatedParentRootEmbeddableOneToManyInverseSet[1]" classname="com.blazebit.persistence.testsuite.treat.builder.JoinOneToManyInverseSetTest" time="0.098"/>
  <testcase name="treatInnerJoinMultipleTreatedRootOneToManyInverseSet[1]" classname="com.blazebit.persistence.testsuite.treat.builder.JoinOneToManyInverseSetTest" time="0.101"/>
  <testcase name="treatJoinMultipleTreatedParentRootEmbeddableOneToManyInverseSet[1]" classname="com.blazebit.persistence.testsuite.treat.builder.JoinOneToManyInverseSetTest" time="0.1"/>
  <testcase name="joinTreatedRootEmbeddableOneToManyInverseSet[1]" classname="com.blazebit.persistence.testsuite.treat.builder.JoinOneToManyInverseSetTest" time="0.107"/>
  <testcase name="innerJoinMultipleTreatedRootEmbeddableOneToManyInverseSet[1]" classname="com.blazebit.persistence.testsuite.treat.builder.JoinOneToManyInverseSetTest" time="0.098"/>
  <testcase name="treatJoinOneToManyInverseSet[1]" classname="com.blazebit.persistence.testsuite.treat.builder.JoinOneToManyInverseSetTest" time="0.094"/>
  <testcase name="joinMultipleTreatedRootOneToManyInverseSet[1]" classname="com.blazebit.persistence.testsuite.treat.builder.JoinOneToManyInverseSetTest" time="0.098"/>
  <testcase name="treatJoinMultipleParentEmbeddableOneToManyInverseSet[1]" classname="com.blazebit.persistence.testsuite.treat.builder.JoinOneToManyInverseSetTest" time="0.096"/>
  <testcase name="treatInnerJoinMultipleTreatedRootEmbeddableOneToManyInverseSet[1]" classname="com.blazebit.persistence.testsuite.treat.builder.JoinOneToManyInverseSetTest" time="0.111"/>
  <testcase name="treatJoinMultipleTreatedParentRootOneToManyInverseSet[1]" classname="com.blazebit.persistence.testsuite.treat.builder.JoinOneToManyInverseSetTest" time="0.1"/>
  <testcase name="treatJoinTreatedRootOneToManyInverseSet[1]" classname="com.blazebit.persistence.testsuite.treat.builder.JoinOneToManyInverseSetTest" time="0.097"/>
  <testcase name="treatInnerJoinMultipleOneToManyInverseSet[1]" classname="com.blazebit.persistence.testsuite.treat.builder.JoinOneToManyInverseSetTest" time="0.096"/>
  <testcase name="treatJoinEmbeddableOneToManyInverseSet[1]" classname="com.blazebit.persistence.testsuite.treat.builder.JoinOneToManyInverseSetTest" time="0.095"/>
  <testcase name="treatJoinTreatedParentRootOneToManyInverseSet[1]" classname="com.blazebit.persistence.testsuite.treat.builder.JoinOneToManyInverseSetTest" time="0.108"/>
  <testcase name="joinTreatedParentRootOneToManyInverseSet[1]" classname="com.blazebit.persistence.testsuite.treat.builder.JoinOneToManyInverseSetTest" time="0.097"/>
  <testcase name="treatJoinParentEmbeddableOneToManyInverseSet[1]" classname="com.blazebit.persistence.testsuite.treat.builder.JoinOneToManyInverseSetTest" time="0.095"/>
  <testcase name="innerJoinMultipleTreatedRootOneToManyInverseSet[1]" classname="com.blazebit.persistence.testsuite.treat.builder.JoinOneToManyInverseSetTest" time="0.098"/>
  <testcase name="treatJoinParentOneToManyInverseSet[1]" classname="com.blazebit.persistence.testsuite.treat.builder.JoinOneToManyInverseSetTest" time="0.095"/>
  <testcase name="treatInnerJoinTreatedRootOneToManyInverseSet[1]" classname="com.blazebit.persistence.testsuite.treat.builder.JoinOneToManyInverseSetTest" time="0.11"/>
  <testcase name="treatInnerJoinEmbeddableOneToManyInverseSet[1]" classname="com.blazebit.persistence.testsuite.treat.builder.JoinOneToManyInverseSetTest" time="0.1"/>
  <testcase name="innerJoinTreatedRootOneToManyInverseSet[1]" classname="com.blazebit.persistence.testsuite.treat.builder.JoinOneToManyInverseSetTest" time="0.099"/>
  <testcase name="treatJoinMultipleOneToManyInverseSet[1]" classname="com.blazebit.persistence.testsuite.treat.builder.JoinOneToManyInverseSetTest" time="0.095"/>
  <testcase name="treatJoinMultipleTreatedRootOneToManyInverseSet[1]" classname="com.blazebit.persistence.testsuite.treat.builder.JoinOneToManyInverseSetTest" time="0.095"/>
  <testcase name="treatInnerJoinMultipleEmbeddableOneToManyInverseSet[1]" classname="com.blazebit.persistence.testsuite.treat.builder.JoinOneToManyInverseSetTest" time="0.109"/>
  <testcase name="treatInnerJoinOneToManyInverseSet[1]" classname="com.blazebit.persistence.testsuite.treat.builder.JoinOneToManyInverseSetTest" time="0.095"/>
  <testcase name="treatJoinMultipleEmbeddableOneToManyInverseSet[1]" classname="com.blazebit.persistence.testsuite.treat.builder.JoinOneToManyInverseSetTest" time="0.097"/>
  <testcase name="treatInnerJoinTreatedRootEmbeddableOneToManyInverseSet[1]" classname="com.blazebit.persistence.testsuite.treat.builder.JoinOneToManyInverseSetTest" time="0.096"/>
  <testcase name="treatJoinMultipleParentOneToManyInverseSet[1]" classname="com.blazebit.persistence.testsuite.treat.builder.JoinOneToManyInverseSetTest" time="0.097"/>
  <testcase name="innerJoinTreatedRootEmbeddableOneToManyInverseSet[2]" classname="com.blazebit.persistence.testsuite.treat.builder.JoinOneToManyInverseSetTest" time="0.11"/>
  <testcase name="treatJoinTreatedParentRootEmbeddableOneToManyInverseSet[2]" classname="com.blazebit.persistence.testsuite.treat.builder.JoinOneToManyInverseSetTest" time="0.096"/>
  <testcase name="joinMultipleTreatedParentRootEmbeddableOneToManyInverseSet[2]" classname="com.blazebit.persistence.testsuite.treat.builder.JoinOneToManyInverseSetTest" time="0.096"/>
  <testcase name="treatJoinTreatedRootEmbeddableOneToManyInverseSet[2]" classname="com.blazebit.persistence.testsuite.treat.builder.JoinOneToManyInverseSetTest" time="0.105"/>
  <testcase name="joinMultipleTreatedRootEmbeddableOneToManyInverseSet[2]" classname="com.blazebit.persistence.testsuite.treat.builder.JoinOneToManyInverseSetTest" time="0.104"/>
  <testcase name="treatJoinMultipleTreatedRootEmbeddableOneToManyInverseSet[2]" classname="com.blazebit.persistence.testsuite.treat.builder.JoinOneToManyInverseSetTest" time="0.119"/>
  <testcase name="joinMultipleTreatedParentRootOneToManyInverseSet[2]" classname="com.blazebit.persistence.testsuite.treat.builder.JoinOneToManyInverseSetTest" time="0.102"/>
  <testcase name="joinTreatedRootOneToManyInverseSet[2]" classname="com.blazebit.persistence.testsuite.treat.builder.JoinOneToManyInverseSetTest" time="0.103"/>
  <testcase name="joinTreatedParentRootEmbeddableOneToManyInverseSet[2]" classname="com.blazebit.persistence.testsuite.treat.builder.JoinOneToManyInverseSetTest" time="0.103"/>
  <testcase name="treatInnerJoinMultipleTreatedRootOneToManyInverseSet[2]" classname="com.blazebit.persistence.testsuite.treat.builder.JoinOneToManyInverseSetTest" time="0.103"/>
  <testcase name="treatJoinMultipleTreatedParentRootEmbeddableOneToManyInverseSet[2]" classname="com.blazebit.persistence.testsuite.treat.builder.JoinOneToManyInverseSetTest" time="0.114"/>
  <testcase name="joinTreatedRootEmbeddableOneToManyInverseSet[2]" classname="com.blazebit.persistence.testsuite.treat.builder.JoinOneToManyInverseSetTest" time="0.1"/>
  <testcase name="innerJoinMultipleTreatedRootEmbeddableOneToManyInverseSet[2]" classname="com.blazebit.persistence.testsuite.treat.builder.JoinOneToManyInverseSetTest" time="0.099"/>
  <testcase name="treatJoinOneToManyInverseSet[2]" classname="com.blazebit.persistence.testsuite.treat.builder.JoinOneToManyInverseSetTest" time="0">
    <skipped/>
  </testcase>
  <testcase name="joinMultipleTreatedRootOneToManyInverseSet[2]" classname="com.blazebit.persistence.testsuite.treat.builder.JoinOneToManyInverseSetTest" time="0.097"/>
  <testcase name="treatJoinMultipleParentEmbeddableOneToManyInverseSet[2]" classname="com.blazebit.persistence.testsuite.treat.builder.JoinOneToManyInverseSetTest" time="0.106"/>
  <testcase name="treatInnerJoinMultipleTreatedRootEmbeddableOneToManyInverseSet[2]" classname="com.blazebit.persistence.testsuite.treat.builder.JoinOneToManyInverseSetTest" time="0.098"/>
  <testcase name="treatJoinMultipleTreatedParentRootOneToManyInverseSet[2]" classname="com.blazebit.persistence.testsuite.treat.builder.JoinOneToManyInverseSetTest" time="0.096"/>
  <testcase name="treatJoinTreatedRootOneToManyInverseSet[2]" classname="com.blazebit.persistence.testsuite.treat.builder.JoinOneToManyInverseSetTest" time="0.096"/>
  <testcase name="treatInnerJoinMultipleOneToManyInverseSet[2]" classname="com.blazebit.persistence.testsuite.treat.builder.JoinOneToManyInverseSetTest" time="0">
    <skipped/>
  </testcase>
  <testcase name="treatJoinEmbeddableOneToManyInverseSet[2]" classname="com.blazebit.persistence.testsuite.treat.builder.JoinOneToManyInverseSetTest" time="0">
    <skipped/>
  </testcase>
  <testcase name="treatJoinTreatedParentRootOneToManyInverseSet[2]" classname="com.blazebit.persistence.testsuite.treat.builder.JoinOneToManyInverseSetTest" time="0.096"/>
  <testcase name="joinTreatedParentRootOneToManyInverseSet[2]" classname="com.blazebit.persistence.testsuite.treat.builder.JoinOneToManyInverseSetTest" time="0.101"/>
  <testcase name="treatJoinParentEmbeddableOneToManyInverseSet[2]" classname="com.blazebit.persistence.testsuite.treat.builder.JoinOneToManyInverseSetTest" time="0.097"/>
  <testcase name="innerJoinMultipleTreatedRootOneToManyInverseSet[2]" classname="com.blazebit.persistence.testsuite.treat.builder.JoinOneToManyInverseSetTest" time="0.099"/>
  <testcase name="treatJoinParentOneToManyInverseSet[2]" classname="com.blazebit.persistence.testsuite.treat.builder.JoinOneToManyInverseSetTest" time="0.105"/>
  <testcase name="treatInnerJoinTreatedRootOneToManyInverseSet[2]" classname="com.blazebit.persistence.testsuite.treat.builder.JoinOneToManyInverseSetTest" time="0.096"/>
  <testcase name="treatInnerJoinEmbeddableOneToManyInverseSet[2]" classname="com.blazebit.persistence.testsuite.treat.builder.JoinOneToManyInverseSetTest" time="0">
    <skipped/>
  </testcase>
  <testcase name="innerJoinTreatedRootOneToManyInverseSet[2]" classname="com.blazebit.persistence.testsuite.treat.builder.JoinOneToManyInverseSetTest" time="0.103"/>
  <testcase name="treatJoinMultipleOneToManyInverseSet[2]" classname="com.blazebit.persistence.testsuite.treat.builder.JoinOneToManyInverseSetTest" time="0">
    <skipped/>
  </testcase>
  <testcase name="treatJoinMultipleTreatedRootOneToManyInverseSet[2]" classname="com.blazebit.persistence.testsuite.treat.builder.JoinOneToManyInverseSetTest" time="0.105"/>
  <testcase name="treatInnerJoinMultipleEmbeddableOneToManyInverseSet[2]" classname="com.blazebit.persistence.testsuite.treat.builder.JoinOneToManyInverseSetTest" time="0">
    <skipped/>
  </testcase>
  <testcase name="treatInnerJoinOneToManyInverseSet[2]" classname="com.blazebit.persistence.testsuite.treat.builder.JoinOneToManyInverseSetTest" time="0">
    <skipped/>
  </testcase>
  <testcase name="treatJoinMultipleEmbeddableOneToManyInverseSet[2]" classname="com.blazebit.persistence.testsuite.treat.builder.JoinOneToManyInverseSetTest" time="0">
    <skipped/>
  </testcase>
  <testcase name="treatInnerJoinTreatedRootEmbeddableOneToManyInverseSet[2]" classname="com.blazebit.persistence.testsuite.treat.builder.JoinOneToManyInverseSetTest" time="0.097"/>
  <testcase name="treatJoinMultipleParentOneToManyInverseSet[2]" classname="com.blazebit.persistence.testsuite.treat.builder.JoinOneToManyInverseSetTest" time="0.096"/>
</testsuite>