<?xml version="1.0" encoding="UTF-8"?>
<testsuite xmlns:xsi="http://www.w3.org/2001/XMLSchema-instance" xsi:schemaLocation="https://maven.apache.org/surefire/maven-surefire-plugin/xsd/surefire-test-report.xsd" name="com.blazebit.persistence.testsuite.treat.builder.RootTreatTest" time="7.548" tests="72" errors="0" skipped="0" failures="0">
  <properties>
    <property name="java.runtime.name" value="OpenJDK Runtime Environment"/>
    <property name="sun.boot.library.path" value="/usr/lib/jvm/java-8-openjdk-amd64/jre/lib/amd64"/>
    <property name="java.vm.version" value="25.252-b09"/>
    <property name="java.vm.vendor" value="Private Build"/>
    <property name="maven.multiModuleProjectDirectory" value="/media/4tb/npex/npex_data/benchmarks-bears/Bears-156-buggy"/>
    <property name="java.vendor.url" value="http://java.oracle.com/"/>
    <property name="path.separator" value=":"/>
    <property name="guice.disable.misplaced.annotation.check" value="true"/>
    <property name="skip.gulp" value="true"/>
    <property name="java.vm.name" value="OpenJDK 64-Bit Server VM"/>
    <property name="file.encoding.pkg" value="sun.io"/>
    <property name="user.country" value="US"/>
    <property name="sun.java.launcher" value="SUN_STANDARD"/>
    <property name="sun.os.patch.level" value="unknown"/>
    <property name="findbugs.skip" value="true"/>
    <property name="java.vm.specification.name" value="Java Virtual Machine Specification"/>
    <property name="user.dir" value="/media/4tb/npex/npex_data/benchmarks-bears/Bears-156-buggy"/>
    <property name="checkstyle.skip" value="true"/>
    <property name="java.runtime.version" value="1.8.0_252-8u252-b09-1~18.04-b09"/>
    <property name="java.awt.graphicsenv" value="sun.awt.X11GraphicsEnvironment"/>
    <property name="skip.npm" value="true"/>
    <property name="java.endorsed.dirs" value="/usr/lib/jvm/java-8-openjdk-amd64/jre/lib/endorsed"/>
    <property name="os.arch" value="amd64"/>
    <property name="java.io.tmpdir" value="/tmp"/>
    <property name="gpg.skip" value="true"/>
    <property name="line.separator" value="&#10;"/>
    <property name="java.vm.specification.vendor" value="Oracle Corporation"/>
    <property name="cobertura.skip" value="true"/>
    <property name="os.name" value="Linux"/>
    <property name="classworlds.conf" value="/usr/share/maven/bin/m2.conf"/>
    <property name="sun.jnu.encoding" value="UTF-8"/>
    <property name="java.library.path" value="/usr/java/packages/lib/amd64:/usr/lib/x86_64-linux-gnu/jni:/lib/x86_64-linux-gnu:/usr/lib/x86_64-linux-gnu:/usr/lib/jni:/lib:/usr/lib"/>
    <property name="license.skip" value="true"/>
    <property name="maven.conf" value="/usr/share/maven/conf"/>
    <property name="java.class.version" value="52.0"/>
    <property name="java.specification.name" value="Java Platform API Specification"/>
    <property name="sun.management.compiler" value="HotSpot 64-Bit Tiered Compilers"/>
    <property name="skip.bower" value="true"/>
    <property name="os.version" value="4.15.0-106-generic"/>
    <property name="library.jansi.path" value="/usr/share/maven/lib/jansi-native"/>
    <property name="user.home" value="/home/junhee"/>
    <property name="user.timezone" value="Asia/Seoul"/>
    <property name="java.awt.printerjob" value="sun.print.PSPrinterJob"/>
    <property name="java.specification.version" value="1.8"/>
    <property name="file.encoding" value="UTF-8"/>
    <property name="user.name" value="junhee"/>
    <property name="java.class.path" value="/usr/share/maven/boot/plexus-classworlds-2.x.jar"/>
    <property name="java.vm.specification.version" value="1.8"/>
    <property name="sun.arch.data.model" value="64"/>
    <property name="java.home" value="/usr/lib/jvm/java-8-openjdk-amd64/jre"/>
    <property name="sun.java.command" value="org.codehaus.plexus.classworlds.launcher.Launcher clean test -V -B -Denforcer.skip=true -Dcheckstyle.skip=true -Dcobertura.skip=true -Drat.skip=true -Dlicense.skip=true -Dfindbugs.skip=true -Dgpg.skip=true -Dskip.npm=true -Dskip.gulp=true -Dskip.bower=true"/>
    <property name="java.specification.vendor" value="Oracle Corporation"/>
    <property name="user.language" value="en"/>
    <property name="awt.toolkit" value="sun.awt.X11.XToolkit"/>
    <property name="java.vm.info" value="mixed mode"/>
    <property name="java.version" value="1.8.0_252"/>
    <property name="java.ext.dirs" value="/usr/lib/jvm/java-8-openjdk-amd64/jre/lib/ext:/usr/java/packages/lib/ext"/>
    <property name="securerandom.source" value="file:/dev/./urandom"/>
    <property name="sun.boot.class.path" value="/usr/lib/jvm/java-8-openjdk-amd64/jre/lib/resources.jar:/usr/lib/jvm/java-8-openjdk-amd64/jre/lib/rt.jar:/usr/lib/jvm/java-8-openjdk-amd64/jre/lib/sunrsasign.jar:/usr/lib/jvm/java-8-openjdk-amd64/jre/lib/jsse.jar:/usr/lib/jvm/java-8-openjdk-amd64/jre/lib/jce.jar:/usr/lib/jvm/java-8-openjdk-amd64/jre/lib/charsets.jar:/usr/lib/jvm/java-8-openjdk-amd64/jre/lib/jfr.jar:/usr/lib/jvm/java-8-openjdk-amd64/jre/classes"/>
    <property name="java.vendor" value="Private Build"/>
    <property name="enforcer.skip" value="true"/>
    <property name="rat.skip" value="true"/>
    <property name="maven.home" value="/usr/share/maven"/>
    <property name="file.separator" value="/"/>
    <property name="java.vendor.url.bug" value="http://bugreport.sun.com/bugreport/"/>
    <property name="sun.cpu.endian" value="little"/>
    <property name="sun.io.unicode.encoding" value="UnicodeLittle"/>
    <property name="sun.cpu.isalist" value=""/>
  </properties>
  <testcase name="whereTreatedRootConditionSuperTypeAccess[0]" classname="com.blazebit.persistence.testsuite.treat.builder.RootTreatTest" time="0.111"/>
  <testcase name="whereTreatedRootBasicOr[0]" classname="com.blazebit.persistence.testsuite.treat.builder.RootTreatTest" time="0.128"/>
  <testcase name="selectTreatedParentRootBasic[0]" classname="com.blazebit.persistence.testsuite.treat.builder.RootTreatTest" time="0.108"/>
  <testcase name="selectMultipleTreatedRootBasic[0]" classname="com.blazebit.persistence.testsuite.treat.builder.RootTreatTest" time="0.105"/>
  <testcase name="whereTreatedRootConditionBasic[0]" classname="com.blazebit.persistence.testsuite.treat.builder.RootTreatTest" time="0.101"/>
  <testcase name="whereTreatedRootConditionEmbeddableBasic[0]" classname="com.blazebit.persistence.testsuite.treat.builder.RootTreatTest" time="0.097"/>
  <testcase name="whereMultipleTreatedRootBasicOr[0]" classname="com.blazebit.persistence.testsuite.treat.builder.RootTreatTest" time="0.115"/>
  <testcase name="whereMultipleTreatedRootConditionBasic[0]" classname="com.blazebit.persistence.testsuite.treat.builder.RootTreatTest" time="0.098"/>
  <testcase name="whereMultipleTreatedRootEmbeddableBasicOr[0]" classname="com.blazebit.persistence.testsuite.treat.builder.RootTreatTest" time="0.105"/>
  <testcase name="whereTreatedRootBasic[0]" classname="com.blazebit.persistence.testsuite.treat.builder.RootTreatTest" time="0.097"/>
  <testcase name="selectMultipleTreatedParentRootEmbeddableBasic[0]" classname="com.blazebit.persistence.testsuite.treat.builder.RootTreatTest" time="0.1"/>
  <testcase name="whereMultipleTreatedRootBasic[0]" classname="com.blazebit.persistence.testsuite.treat.builder.RootTreatTest" time="0.113"/>
  <testcase name="whereMultipleTreatedRootConditionNegated[0]" classname="com.blazebit.persistence.testsuite.treat.builder.RootTreatTest" time="0.114"/>
  <testcase name="selectTreatedParentRootEmbeddableBasic[0]" classname="com.blazebit.persistence.testsuite.treat.builder.RootTreatTest" time="0.105"/>
  <testcase name="whereTreatedRootEmbeddableBasicOr[0]" classname="com.blazebit.persistence.testsuite.treat.builder.RootTreatTest" time="0.103"/>
  <testcase name="selectTreatedRootEmbeddableBasic[0]" classname="com.blazebit.persistence.testsuite.treat.builder.RootTreatTest" time="0.096"/>
  <testcase name="selectMultipleTreatedParentRootBasic[0]" classname="com.blazebit.persistence.testsuite.treat.builder.RootTreatTest" time="0.108"/>
  <testcase name="whereTreatedRootEmbeddableBasic[0]" classname="com.blazebit.persistence.testsuite.treat.builder.RootTreatTest" time="0.099"/>
  <testcase name="selectMultipleTreatedRootEmbeddableBasic[0]" classname="com.blazebit.persistence.testsuite.treat.builder.RootTreatTest" time="0.102"/>
  <testcase name="whereMultipleTreatedRootConditionSuperTypeAccess[0]" classname="com.blazebit.persistence.testsuite.treat.builder.RootTreatTest" time="0.099"/>
  <testcase name="selectTreatedRootBasic[0]" classname="com.blazebit.persistence.testsuite.treat.builder.RootTreatTest" time="0.096"/>
  <testcase name="whereTreatedRootConditionNegated[0]" classname="com.blazebit.persistence.testsuite.treat.builder.RootTreatTest" time="0.115"/>
  <testcase name="whereMultipleTreatedRootEmbeddableBasic[0]" classname="com.blazebit.persistence.testsuite.treat.builder.RootTreatTest" time="0.118"/>
  <testcase name="whereMultipleTreatedRootConditionEmbeddableBasic[0]" classname="com.blazebit.persistence.testsuite.treat.builder.RootTreatTest" time="0.109"/>
  <testcase name="whereTreatedRootConditionSuperTypeAccess[1]" classname="com.blazebit.persistence.testsuite.treat.builder.RootTreatTest" time="0.097"/>
  <testcase name="whereTreatedRootBasicOr[1]" classname="com.blazebit.persistence.testsuite.treat.builder.RootTreatTest" time="0.098"/>
  <testcase name="selectTreatedParentRootBasic[1]" classname="com.blazebit.persistence.testsuite.treat.builder.RootTreatTest" time="0.112"/>
  <testcase name="selectMultipleTreatedRootBasic[1]" classname="com.blazebit.persistence.testsuite.treat.builder.RootTreatTest" time="0.097"/>
  <testcase name="whereTreatedRootConditionBasic[1]" classname="com.blazebit.persistence.testsuite.treat.builder.RootTreatTest" time="0.097"/>
  <testcase name="whereTreatedRootConditionEmbeddableBasic[1]" classname="com.blazebit.persistence.testsuite.treat.builder.RootTreatTest" time="0.095"/>
  <testcase name="whereMultipleTreatedRootBasicOr[1]" classname="com.blazebit.persistence.testsuite.treat.builder.RootTreatTest" time="0.1"/>
  <testcase name="whereMultipleTreatedRootConditionBasic[1]" classname="com.blazebit.persistence.testsuite.treat.builder.RootTreatTest" time="0.111"/>
  <testcase name="whereMultipleTreatedRootEmbeddableBasicOr[1]" classname="com.blazebit.persistence.testsuite.treat.builder.RootTreatTest" time="0.102"/>
  <testcase name="whereTreatedRootBasic[1]" classname="com.blazebit.persistence.testsuite.treat.builder.RootTreatTest" time="0.106"/>
  <testcase name="selectMultipleTreatedParentRootEmbeddableBasic[1]" classname="com.blazebit.persistence.testsuite.treat.builder.RootTreatTest" time="0.107"/>
  <testcase name="whereMultipleTreatedRootBasic[1]" classname="com.blazebit.persistence.testsuite.treat.builder.RootTreatTest" time="0.107"/>
  <testcase name="whereMultipleTreatedRootConditionNegated[1]" classname="com.blazebit.persistence.testsuite.treat.builder.RootTreatTest" time="0.111"/>
  <testcase name="selectTreatedParentRootEmbeddableBasic[1]" classname="com.blazebit.persistence.testsuite.treat.builder.RootTreatTest" time="0.105"/>
  <testcase name="whereTreatedRootEmbeddableBasicOr[1]" classname="com.blazebit.persistence.testsuite.treat.builder.RootTreatTest" time="0.108"/>
  <testcase name="selectTreatedRootEmbeddableBasic[1]" classname="com.blazebit.persistence.testsuite.treat.builder.RootTreatTest" time="0.107"/>
  <testcase name="selectMultipleTreatedParentRootBasic[1]" classname="com.blazebit.persistence.testsuite.treat.builder.RootTreatTest" time="0.102"/>
  <testcase name="whereTreatedRootEmbeddableBasic[1]" classname="com.blazebit.persistence.testsuite.treat.builder.RootTreatTest" time="0.111"/>
  <testcase name="selectMultipleTreatedRootEmbeddableBasic[1]" classname="com.blazebit.persistence.testsuite.treat.builder.RootTreatTest" time="0.095"/>
  <testcase name="whereMultipleTreatedRootConditionSuperTypeAccess[1]" classname="com.blazebit.persistence.testsuite.treat.builder.RootTreatTest" time="0.105"/>
  <testcase name="selectTreatedRootBasic[1]" classname="com.blazebit.persistence.testsuite.treat.builder.RootTreatTest" time="0.101"/>
  <testcase name="whereTreatedRootConditionNegated[1]" classname="com.blazebit.persistence.testsuite.treat.builder.RootTreatTest" time="0.101"/>
  <testcase name="whereMultipleTreatedRootEmbeddableBasic[1]" classname="com.blazebit.persistence.testsuite.treat.builder.RootTreatTest" time="0.113"/>
  <testcase name="whereMultipleTreatedRootConditionEmbeddableBasic[1]" classname="com.blazebit.persistence.testsuite.treat.builder.RootTreatTest" time="0.102"/>
  <testcase name="whereTreatedRootConditionSuperTypeAccess[2]" classname="com.blazebit.persistence.testsuite.treat.builder.RootTreatTest" time="0.117"/>
  <testcase name="whereTreatedRootBasicOr[2]" classname="com.blazebit.persistence.testsuite.treat.builder.RootTreatTest" time="0.102"/>
  <testcase name="selectTreatedParentRootBasic[2]" classname="com.blazebit.persistence.testsuite.treat.builder.RootTreatTest" time="0.1"/>
  <testcase name="selectMultipleTreatedRootBasic[2]" classname="com.blazebit.persistence.testsuite.treat.builder.RootTreatTest" time="0.114"/>
  <testcase name="whereTreatedRootConditionBasic[2]" classname="com.blazebit.persistence.testsuite.treat.builder.RootTreatTest" time="0.098"/>
  <testcase name="whereTreatedRootConditionEmbeddableBasic[2]" classname="com.blazebit.persistence.testsuite.treat.builder.RootTreatTest" time="0.098"/>
  <testcase name="whereMultipleTreatedRootBasicOr[2]" classname="com.blazebit.persistence.testsuite.treat.builder.RootTreatTest" time="0.103"/>
  <testcase name="whereMultipleTreatedRootConditionBasic[2]" classname="com.blazebit.persistence.testsuite.treat.builder.RootTreatTest" time="0.097"/>
  <testcase name="whereMultipleTreatedRootEmbeddableBasicOr[2]" classname="com.blazebit.persistence.testsuite.treat.builder.RootTreatTest" time="0.125"/>
  <testcase name="whereTreatedRootBasic[2]" classname="com.blazebit.persistence.testsuite.treat.builder.RootTreatTest" time="0.101"/>
  <testcase name="selectMultipleTreatedParentRootEmbeddableBasic[2]" classname="com.blazebit.persistence.testsuite.treat.builder.RootTreatTest" time="0.1"/>
  <testcase name="whereMultipleTreatedRootBasic[2]" classname="com.blazebit.persistence.testsuite.treat.builder.RootTreatTest" time="0.105"/>
  <testcase name="whereMultipleTreatedRootConditionNegated[2]" classname="com.blazebit.persistence.testsuite.treat.builder.RootTreatTest" time="0.097"/>
  <testcase name="selectTreatedParentRootEmbeddableBasic[2]" classname="com.blazebit.persistence.testsuite.treat.builder.RootTreatTest" time="0.107"/>
  <testcase name="whereTreatedRootEmbeddableBasicOr[2]" classname="com.blazebit.persistence.testsuite.treat.builder.RootTreatTest" time="0.104"/>
  <testcase name="selectTreatedRootEmbeddableBasic[2]" classname="com.blazebit.persistence.testsuite.treat.builder.RootTreatTest" time="0.099"/>
  <testcase name="selectMultipleTreatedParentRootBasic[2]" classname="com.blazebit.persistence.testsuite.treat.builder.RootTreatTest" time="0.096"/>
  <testcase name="whereTreatedRootEmbeddableBasic[2]" classname="com.blazebit.persistence.testsuite.treat.builder.RootTreatTest" time="0.101"/>
  <testcase name="selectMultipleTreatedRootEmbeddableBasic[2]" classname="com.blazebit.persistence.testsuite.treat.builder.RootTreatTest" time="0.113"/>
  <testcase name="whereMultipleTreatedRootConditionSuperTypeAccess[2]" classname="com.blazebit.persistence.testsuite.treat.builder.RootTreatTest" time="0.109"/>
  <testcase name="selectTreatedRootBasic[2]" classname="com.blazebit.persistence.testsuite.treat.builder.RootTreatTest" time="0.105"/>
  <testcase name="whereTreatedRootConditionNegated[2]" classname="com.blazebit.persistence.testsuite.treat.builder.RootTreatTest" time="0.099"/>
  <testcase name="whereMultipleTreatedRootEmbeddableBasic[2]" classname="com.blazebit.persistence.testsuite.treat.builder.RootTreatTest" time="0.105"/>
  <testcase name="whereMultipleTreatedRootConditionEmbeddableBasic[2]" classname="com.blazebit.persistence.testsuite.treat.builder.RootTreatTest" time="0.115"/>
</testsuite>