<?xml version="1.0" encoding="UTF-8"?>
<testsuite xmlns:xsi="http://www.w3.org/2001/XMLSchema-instance" xsi:schemaLocation="https://maven.apache.org/surefire/maven-surefire-plugin/xsd/surefire-test-report.xsd" name="com.blazebit.persistence.testsuite.treat.builder.SelectManyToOneTest" time="8.787" tests="72" errors="0" skipped="12" failures="0">
  <properties>
    <property name="java.runtime.name" value="OpenJDK Runtime Environment"/>
    <property name="sun.boot.library.path" value="/usr/lib/jvm/java-8-openjdk-amd64/jre/lib/amd64"/>
    <property name="java.vm.version" value="25.252-b09"/>
    <property name="java.vm.vendor" value="Private Build"/>
    <property name="maven.multiModuleProjectDirectory" value="/media/4tb/npex/npex_data/benchmarks-bears/Bears-156-buggy"/>
    <property name="java.vendor.url" value="http://java.oracle.com/"/>
    <property name="path.separator" value=":"/>
    <property name="guice.disable.misplaced.annotation.check" value="true"/>
    <property name="skip.gulp" value="true"/>
    <property name="java.vm.name" value="OpenJDK 64-Bit Server VM"/>
    <property name="file.encoding.pkg" value="sun.io"/>
    <property name="user.country" value="US"/>
    <property name="sun.java.launcher" value="SUN_STANDARD"/>
    <property name="sun.os.patch.level" value="unknown"/>
    <property name="findbugs.skip" value="true"/>
    <property name="java.vm.specification.name" value="Java Virtual Machine Specification"/>
    <property name="user.dir" value="/media/4tb/npex/npex_data/benchmarks-bears/Bears-156-buggy"/>
    <property name="checkstyle.skip" value="true"/>
    <property name="java.runtime.version" value="1.8.0_252-8u252-b09-1~18.04-b09"/>
    <property name="java.awt.graphicsenv" value="sun.awt.X11GraphicsEnvironment"/>
    <property name="skip.npm" value="true"/>
    <property name="java.endorsed.dirs" value="/usr/lib/jvm/java-8-openjdk-amd64/jre/lib/endorsed"/>
    <property name="os.arch" value="amd64"/>
    <property name="java.io.tmpdir" value="/tmp"/>
    <property name="gpg.skip" value="true"/>
    <property name="line.separator" value="&#10;"/>
    <property name="java.vm.specification.vendor" value="Oracle Corporation"/>
    <property name="cobertura.skip" value="true"/>
    <property name="os.name" value="Linux"/>
    <property name="classworlds.conf" value="/usr/share/maven/bin/m2.conf"/>
    <property name="sun.jnu.encoding" value="UTF-8"/>
    <property name="java.library.path" value="/usr/java/packages/lib/amd64:/usr/lib/x86_64-linux-gnu/jni:/lib/x86_64-linux-gnu:/usr/lib/x86_64-linux-gnu:/usr/lib/jni:/lib:/usr/lib"/>
    <property name="license.skip" value="true"/>
    <property name="maven.conf" value="/usr/share/maven/conf"/>
    <property name="java.class.version" value="52.0"/>
    <property name="java.specification.name" value="Java Platform API Specification"/>
    <property name="sun.management.compiler" value="HotSpot 64-Bit Tiered Compilers"/>
    <property name="skip.bower" value="true"/>
    <property name="os.version" value="4.15.0-106-generic"/>
    <property name="library.jansi.path" value="/usr/share/maven/lib/jansi-native"/>
    <property name="user.home" value="/home/junhee"/>
    <property name="user.timezone" value="Asia/Seoul"/>
    <property name="java.awt.printerjob" value="sun.print.PSPrinterJob"/>
    <property name="java.specification.version" value="1.8"/>
    <property name="file.encoding" value="UTF-8"/>
    <property name="user.name" value="junhee"/>
    <property name="java.class.path" value="/usr/share/maven/boot/plexus-classworlds-2.x.jar"/>
    <property name="java.vm.specification.version" value="1.8"/>
    <property name="sun.arch.data.model" value="64"/>
    <property name="java.home" value="/usr/lib/jvm/java-8-openjdk-amd64/jre"/>
    <property name="sun.java.command" value="org.codehaus.plexus.classworlds.launcher.Launcher clean test -V -B -Denforcer.skip=true -Dcheckstyle.skip=true -Dcobertura.skip=true -Drat.skip=true -Dlicense.skip=true -Dfindbugs.skip=true -Dgpg.skip=true -Dskip.npm=true -Dskip.gulp=true -Dskip.bower=true"/>
    <property name="java.specification.vendor" value="Oracle Corporation"/>
    <property name="user.language" value="en"/>
    <property name="awt.toolkit" value="sun.awt.X11.XToolkit"/>
    <property name="java.vm.info" value="mixed mode"/>
    <property name="java.version" value="1.8.0_252"/>
    <property name="java.ext.dirs" value="/usr/lib/jvm/java-8-openjdk-amd64/jre/lib/ext:/usr/java/packages/lib/ext"/>
    <property name="securerandom.source" value="file:/dev/./urandom"/>
    <property name="sun.boot.class.path" value="/usr/lib/jvm/java-8-openjdk-amd64/jre/lib/resources.jar:/usr/lib/jvm/java-8-openjdk-amd64/jre/lib/rt.jar:/usr/lib/jvm/java-8-openjdk-amd64/jre/lib/sunrsasign.jar:/usr/lib/jvm/java-8-openjdk-amd64/jre/lib/jsse.jar:/usr/lib/jvm/java-8-openjdk-amd64/jre/lib/jce.jar:/usr/lib/jvm/java-8-openjdk-amd64/jre/lib/charsets.jar:/usr/lib/jvm/java-8-openjdk-amd64/jre/lib/jfr.jar:/usr/lib/jvm/java-8-openjdk-amd64/jre/classes"/>
    <property name="java.vendor" value="Private Build"/>
    <property name="enforcer.skip" value="true"/>
    <property name="rat.skip" value="true"/>
    <property name="maven.home" value="/usr/share/maven"/>
    <property name="file.separator" value="/"/>
    <property name="java.vendor.url.bug" value="http://bugreport.sun.com/bugreport/"/>
    <property name="sun.cpu.endian" value="little"/>
    <property name="sun.io.unicode.encoding" value="UnicodeLittle"/>
    <property name="sun.cpu.isalist" value=""/>
  </properties>
  <testcase name="selectTreatedManyToOne[0]" classname="com.blazebit.persistence.testsuite.treat.builder.SelectManyToOneTest" time="0.455"/>
  <testcase name="selectTreatedParentRootEmbeddableManyToOneEmbeddable[0]" classname="com.blazebit.persistence.testsuite.treat.builder.SelectManyToOneTest" time="0.17"/>
  <testcase name="selectTreatedParentRootEmbeddableManyToOne[0]" classname="com.blazebit.persistence.testsuite.treat.builder.SelectManyToOneTest" time="0.135"/>
  <testcase name="selectTreatedParentRootManyToOne[0]" classname="com.blazebit.persistence.testsuite.treat.builder.SelectManyToOneTest" time="0.134"/>
  <testcase name="selectMultipleTreatedParentRootManyToOne[0]" classname="com.blazebit.persistence.testsuite.treat.builder.SelectManyToOneTest" time="0.131"/>
  <testcase name="selectMultipleTreatedParentEmbeddableManyToOne[0]" classname="com.blazebit.persistence.testsuite.treat.builder.SelectManyToOneTest" time="0.151"/>
  <testcase name="selectMultipleTreatedRootManyToOne[0]" classname="com.blazebit.persistence.testsuite.treat.builder.SelectManyToOneTest" time="0.156"/>
  <testcase name="selectTreatedParentEmbeddableManyToOneEmbeddable[0]" classname="com.blazebit.persistence.testsuite.treat.builder.SelectManyToOneTest" time="0.125"/>
  <testcase name="selectMultipleTreatedParentRootEmbeddableManyToOneEmbeddable[0]" classname="com.blazebit.persistence.testsuite.treat.builder.SelectManyToOneTest" time="0.132"/>
  <testcase name="selectMultipleTreatedRootEmbeddableManyToOne[0]" classname="com.blazebit.persistence.testsuite.treat.builder.SelectManyToOneTest" time="0.122"/>
  <testcase name="selectTreatedParentEmbeddableManyToOne[0]" classname="com.blazebit.persistence.testsuite.treat.builder.SelectManyToOneTest" time="0.134"/>
  <testcase name="selectMultipleTreatedParentRootEmbeddableManyToOne[0]" classname="com.blazebit.persistence.testsuite.treat.builder.SelectManyToOneTest" time="0.131"/>
  <testcase name="selectTreatedEmbeddableManyToOne[0]" classname="com.blazebit.persistence.testsuite.treat.builder.SelectManyToOneTest" time="0.113"/>
  <testcase name="selectTreatedParentManyToOne[0]" classname="com.blazebit.persistence.testsuite.treat.builder.SelectManyToOneTest" time="0.118"/>
  <testcase name="selectMultipleTreatedEmbeddableManyToOne[0]" classname="com.blazebit.persistence.testsuite.treat.builder.SelectManyToOneTest" time="0.124"/>
  <testcase name="selectMultipleTreatedManyToOne[0]" classname="com.blazebit.persistence.testsuite.treat.builder.SelectManyToOneTest" time="0.135"/>
  <testcase name="selectTreatedRootEmbeddableManyToOne[0]" classname="com.blazebit.persistence.testsuite.treat.builder.SelectManyToOneTest" time="0.122"/>
  <testcase name="selectTreatedEmbeddableManyToOneEmbeddable[0]" classname="com.blazebit.persistence.testsuite.treat.builder.SelectManyToOneTest" time="0.116"/>
  <testcase name="selectTreatedRootEmbeddableManyToOneEmbeddable[0]" classname="com.blazebit.persistence.testsuite.treat.builder.SelectManyToOneTest" time="0.112"/>
  <testcase name="selectMultipleTreatedEmbeddableManyToOneEmbeddable[0]" classname="com.blazebit.persistence.testsuite.treat.builder.SelectManyToOneTest" time="0.115"/>
  <testcase name="selectMultipleTreatedParentEmbeddableManyToOneEmbeddable[0]" classname="com.blazebit.persistence.testsuite.treat.builder.SelectManyToOneTest" time="0.134"/>
  <testcase name="selectMultipleTreatedParentManyToOne[0]" classname="com.blazebit.persistence.testsuite.treat.builder.SelectManyToOneTest" time="0.122"/>
  <testcase name="selectTreatedRootManyToOne[0]" classname="com.blazebit.persistence.testsuite.treat.builder.SelectManyToOneTest" time="0.116"/>
  <testcase name="selectMultipleTreatedRootEmbeddableManyToOneEmbeddable[0]" classname="com.blazebit.persistence.testsuite.treat.builder.SelectManyToOneTest" time="0.116"/>
  <testcase name="selectTreatedManyToOne[1]" classname="com.blazebit.persistence.testsuite.treat.builder.SelectManyToOneTest" time="0.113"/>
  <testcase name="selectTreatedParentRootEmbeddableManyToOneEmbeddable[1]" classname="com.blazebit.persistence.testsuite.treat.builder.SelectManyToOneTest" time="0.127"/>
  <testcase name="selectTreatedParentRootEmbeddableManyToOne[1]" classname="com.blazebit.persistence.testsuite.treat.builder.SelectManyToOneTest" time="0.12"/>
  <testcase name="selectTreatedParentRootManyToOne[1]" classname="com.blazebit.persistence.testsuite.treat.builder.SelectManyToOneTest" time="0.118"/>
  <testcase name="selectMultipleTreatedParentRootManyToOne[1]" classname="com.blazebit.persistence.testsuite.treat.builder.SelectManyToOneTest" time="0.121"/>
  <testcase name="selectMultipleTreatedParentEmbeddableManyToOne[1]" classname="com.blazebit.persistence.testsuite.treat.builder.SelectManyToOneTest" time="0.115"/>
  <testcase name="selectMultipleTreatedRootManyToOne[1]" classname="com.blazebit.persistence.testsuite.treat.builder.SelectManyToOneTest" time="0.122"/>
  <testcase name="selectTreatedParentEmbeddableManyToOneEmbeddable[1]" classname="com.blazebit.persistence.testsuite.treat.builder.SelectManyToOneTest" time="0.114"/>
  <testcase name="selectMultipleTreatedParentRootEmbeddableManyToOneEmbeddable[1]" classname="com.blazebit.persistence.testsuite.treat.builder.SelectManyToOneTest" time="0.121"/>
  <testcase name="selectMultipleTreatedRootEmbeddableManyToOne[1]" classname="com.blazebit.persistence.testsuite.treat.builder.SelectManyToOneTest" time="0.122"/>
  <testcase name="selectTreatedParentEmbeddableManyToOne[1]" classname="com.blazebit.persistence.testsuite.treat.builder.SelectManyToOneTest" time="0.109"/>
  <testcase name="selectMultipleTreatedParentRootEmbeddableManyToOne[1]" classname="com.blazebit.persistence.testsuite.treat.builder.SelectManyToOneTest" time="0.147"/>
  <testcase name="selectTreatedEmbeddableManyToOne[1]" classname="com.blazebit.persistence.testsuite.treat.builder.SelectManyToOneTest" time="0.116"/>
  <testcase name="selectTreatedParentManyToOne[1]" classname="com.blazebit.persistence.testsuite.treat.builder.SelectManyToOneTest" time="0.109"/>
  <testcase name="selectMultipleTreatedEmbeddableManyToOne[1]" classname="com.blazebit.persistence.testsuite.treat.builder.SelectManyToOneTest" time="0.109"/>
  <testcase name="selectMultipleTreatedManyToOne[1]" classname="com.blazebit.persistence.testsuite.treat.builder.SelectManyToOneTest" time="0.107"/>
  <testcase name="selectTreatedRootEmbeddableManyToOne[1]" classname="com.blazebit.persistence.testsuite.treat.builder.SelectManyToOneTest" time="0.123"/>
  <testcase name="selectTreatedEmbeddableManyToOneEmbeddable[1]" classname="com.blazebit.persistence.testsuite.treat.builder.SelectManyToOneTest" time="0.111"/>
  <testcase name="selectTreatedRootEmbeddableManyToOneEmbeddable[1]" classname="com.blazebit.persistence.testsuite.treat.builder.SelectManyToOneTest" time="0.106"/>
  <testcase name="selectMultipleTreatedEmbeddableManyToOneEmbeddable[1]" classname="com.blazebit.persistence.testsuite.treat.builder.SelectManyToOneTest" time="0.107"/>
  <testcase name="selectMultipleTreatedParentEmbeddableManyToOneEmbeddable[1]" classname="com.blazebit.persistence.testsuite.treat.builder.SelectManyToOneTest" time="0.105"/>
  <testcase name="selectMultipleTreatedParentManyToOne[1]" classname="com.blazebit.persistence.testsuite.treat.builder.SelectManyToOneTest" time="0.119"/>
  <testcase name="selectTreatedRootManyToOne[1]" classname="com.blazebit.persistence.testsuite.treat.builder.SelectManyToOneTest" time="0.106"/>
  <testcase name="selectMultipleTreatedRootEmbeddableManyToOneEmbeddable[1]" classname="com.blazebit.persistence.testsuite.treat.builder.SelectManyToOneTest" time="0.108"/>
  <testcase name="selectTreatedManyToOne[2]" classname="com.blazebit.persistence.testsuite.treat.builder.SelectManyToOneTest" time="0.106"/>
  <testcase name="selectTreatedParentRootEmbeddableManyToOneEmbeddable[2]" classname="com.blazebit.persistence.testsuite.treat.builder.SelectManyToOneTest" time="0">
    <skipped/>
  </testcase>
  <testcase name="selectTreatedParentRootEmbeddableManyToOne[2]" classname="com.blazebit.persistence.testsuite.treat.builder.SelectManyToOneTest" time="0">
    <skipped/>
  </testcase>
  <testcase name="selectTreatedParentRootManyToOne[2]" classname="com.blazebit.persistence.testsuite.treat.builder.SelectManyToOneTest" time="0">
    <skipped/>
  </testcase>
  <testcase name="selectMultipleTreatedParentRootManyToOne[2]" classname="com.blazebit.persistence.testsuite.treat.builder.SelectManyToOneTest" time="0">
    <skipped/>
  </testcase>
  <testcase name="selectMultipleTreatedParentEmbeddableManyToOne[2]" classname="com.blazebit.persistence.testsuite.treat.builder.SelectManyToOneTest" time="0">
    <skipped/>
  </testcase>
  <testcase name="selectMultipleTreatedRootManyToOne[2]" classname="com.blazebit.persistence.testsuite.treat.builder.SelectManyToOneTest" time="0.106"/>
  <testcase name="selectTreatedParentEmbeddableManyToOneEmbeddable[2]" classname="com.blazebit.persistence.testsuite.treat.builder.SelectManyToOneTest" time="0">
    <skipped/>
  </testcase>
  <testcase name="selectMultipleTreatedParentRootEmbeddableManyToOneEmbeddable[2]" classname="com.blazebit.persistence.testsuite.treat.builder.SelectManyToOneTest" time="0">
    <skipped/>
  </testcase>
  <testcase name="selectMultipleTreatedRootEmbeddableManyToOne[2]" classname="com.blazebit.persistence.testsuite.treat.builder.SelectManyToOneTest" time="0.107"/>
  <testcase name="selectTreatedParentEmbeddableManyToOne[2]" classname="com.blazebit.persistence.testsuite.treat.builder.SelectManyToOneTest" time="0">
    <skipped/>
  </testcase>
  <testcase name="selectMultipleTreatedParentRootEmbeddableManyToOne[2]" classname="com.blazebit.persistence.testsuite.treat.builder.SelectManyToOneTest" time="0">
    <skipped/>
  </testcase>
  <testcase name="selectTreatedEmbeddableManyToOne[2]" classname="com.blazebit.persistence.testsuite.treat.builder.SelectManyToOneTest" time="0.121"/>
  <testcase name="selectTreatedParentManyToOne[2]" classname="com.blazebit.persistence.testsuite.treat.builder.SelectManyToOneTest" time="0">
    <skipped/>
  </testcase>
  <testcase name="selectMultipleTreatedEmbeddableManyToOne[2]" classname="com.blazebit.persistence.testsuite.treat.builder.SelectManyToOneTest" time="0.105"/>
  <testcase name="selectMultipleTreatedManyToOne[2]" classname="com.blazebit.persistence.testsuite.treat.builder.SelectManyToOneTest" time="0.105"/>
  <testcase name="selectTreatedRootEmbeddableManyToOne[2]" classname="com.blazebit.persistence.testsuite.treat.builder.SelectManyToOneTest" time="0.106"/>
  <testcase name="selectTreatedEmbeddableManyToOneEmbeddable[2]" classname="com.blazebit.persistence.testsuite.treat.builder.SelectManyToOneTest" time="0.119"/>
  <testcase name="selectTreatedRootEmbeddableManyToOneEmbeddable[2]" classname="com.blazebit.persistence.testsuite.treat.builder.SelectManyToOneTest" time="0.107"/>
  <testcase name="selectMultipleTreatedEmbeddableManyToOneEmbeddable[2]" classname="com.blazebit.persistence.testsuite.treat.builder.SelectManyToOneTest" time="0.11"/>
  <testcase name="selectMultipleTreatedParentEmbeddableManyToOneEmbeddable[2]" classname="com.blazebit.persistence.testsuite.treat.builder.SelectManyToOneTest" time="0">
    <skipped/>
  </testcase>
  <testcase name="selectMultipleTreatedParentManyToOne[2]" classname="com.blazebit.persistence.testsuite.treat.builder.SelectManyToOneTest" time="0">
    <skipped/>
  </testcase>
  <testcase name="selectTreatedRootManyToOne[2]" classname="com.blazebit.persistence.testsuite.treat.builder.SelectManyToOneTest" time="0.124"/>
  <testcase name="selectMultipleTreatedRootEmbeddableManyToOneEmbeddable[2]" classname="com.blazebit.persistence.testsuite.treat.builder.SelectManyToOneTest" time="0.112"/>
</testsuite>