<?xml version="1.0" encoding="UTF-8"?>
<testsuite xmlns:xsi="http://www.w3.org/2001/XMLSchema-instance" xsi:schemaLocation="https://maven.apache.org/surefire/maven-surefire-plugin/xsd/surefire-test-report.xsd" name="com.blazebit.persistence.testsuite.treat.builder.SelectOneToManyListTest" time="7.433" tests="72" errors="0" skipped="12" failures="0">
  <properties>
    <property name="java.runtime.name" value="OpenJDK Runtime Environment"/>
    <property name="sun.boot.library.path" value="/usr/lib/jvm/java-8-openjdk-amd64/jre/lib/amd64"/>
    <property name="java.vm.version" value="25.252-b09"/>
    <property name="java.vm.vendor" value="Private Build"/>
    <property name="maven.multiModuleProjectDirectory" value="/media/4tb/npex/npex_data/benchmarks-bears/Bears-156-buggy"/>
    <property name="java.vendor.url" value="http://java.oracle.com/"/>
    <property name="path.separator" value=":"/>
    <property name="guice.disable.misplaced.annotation.check" value="true"/>
    <property name="skip.gulp" value="true"/>
    <property name="java.vm.name" value="OpenJDK 64-Bit Server VM"/>
    <property name="file.encoding.pkg" value="sun.io"/>
    <property name="user.country" value="US"/>
    <property name="sun.java.launcher" value="SUN_STANDARD"/>
    <property name="sun.os.patch.level" value="unknown"/>
    <property name="findbugs.skip" value="true"/>
    <property name="java.vm.specification.name" value="Java Virtual Machine Specification"/>
    <property name="user.dir" value="/media/4tb/npex/npex_data/benchmarks-bears/Bears-156-buggy"/>
    <property name="checkstyle.skip" value="true"/>
    <property name="java.runtime.version" value="1.8.0_252-8u252-b09-1~18.04-b09"/>
    <property name="java.awt.graphicsenv" value="sun.awt.X11GraphicsEnvironment"/>
    <property name="skip.npm" value="true"/>
    <property name="java.endorsed.dirs" value="/usr/lib/jvm/java-8-openjdk-amd64/jre/lib/endorsed"/>
    <property name="os.arch" value="amd64"/>
    <property name="java.io.tmpdir" value="/tmp"/>
    <property name="gpg.skip" value="true"/>
    <property name="line.separator" value="&#10;"/>
    <property name="java.vm.specification.vendor" value="Oracle Corporation"/>
    <property name="cobertura.skip" value="true"/>
    <property name="os.name" value="Linux"/>
    <property name="classworlds.conf" value="/usr/share/maven/bin/m2.conf"/>
    <property name="sun.jnu.encoding" value="UTF-8"/>
    <property name="java.library.path" value="/usr/java/packages/lib/amd64:/usr/lib/x86_64-linux-gnu/jni:/lib/x86_64-linux-gnu:/usr/lib/x86_64-linux-gnu:/usr/lib/jni:/lib:/usr/lib"/>
    <property name="license.skip" value="true"/>
    <property name="maven.conf" value="/usr/share/maven/conf"/>
    <property name="java.class.version" value="52.0"/>
    <property name="java.specification.name" value="Java Platform API Specification"/>
    <property name="sun.management.compiler" value="HotSpot 64-Bit Tiered Compilers"/>
    <property name="skip.bower" value="true"/>
    <property name="os.version" value="4.15.0-106-generic"/>
    <property name="library.jansi.path" value="/usr/share/maven/lib/jansi-native"/>
    <property name="user.home" value="/home/junhee"/>
    <property name="user.timezone" value="Asia/Seoul"/>
    <property name="java.awt.printerjob" value="sun.print.PSPrinterJob"/>
    <property name="java.specification.version" value="1.8"/>
    <property name="file.encoding" value="UTF-8"/>
    <property name="user.name" value="junhee"/>
    <property name="java.class.path" value="/usr/share/maven/boot/plexus-classworlds-2.x.jar"/>
    <property name="java.vm.specification.version" value="1.8"/>
    <property name="sun.arch.data.model" value="64"/>
    <property name="java.home" value="/usr/lib/jvm/java-8-openjdk-amd64/jre"/>
    <property name="sun.java.command" value="org.codehaus.plexus.classworlds.launcher.Launcher clean test -V -B -Denforcer.skip=true -Dcheckstyle.skip=true -Dcobertura.skip=true -Drat.skip=true -Dlicense.skip=true -Dfindbugs.skip=true -Dgpg.skip=true -Dskip.npm=true -Dskip.gulp=true -Dskip.bower=true"/>
    <property name="java.specification.vendor" value="Oracle Corporation"/>
    <property name="user.language" value="en"/>
    <property name="awt.toolkit" value="sun.awt.X11.XToolkit"/>
    <property name="java.vm.info" value="mixed mode"/>
    <property name="java.version" value="1.8.0_252"/>
    <property name="java.ext.dirs" value="/usr/lib/jvm/java-8-openjdk-amd64/jre/lib/ext:/usr/java/packages/lib/ext"/>
    <property name="securerandom.source" value="file:/dev/./urandom"/>
    <property name="sun.boot.class.path" value="/usr/lib/jvm/java-8-openjdk-amd64/jre/lib/resources.jar:/usr/lib/jvm/java-8-openjdk-amd64/jre/lib/rt.jar:/usr/lib/jvm/java-8-openjdk-amd64/jre/lib/sunrsasign.jar:/usr/lib/jvm/java-8-openjdk-amd64/jre/lib/jsse.jar:/usr/lib/jvm/java-8-openjdk-amd64/jre/lib/jce.jar:/usr/lib/jvm/java-8-openjdk-amd64/jre/lib/charsets.jar:/usr/lib/jvm/java-8-openjdk-amd64/jre/lib/jfr.jar:/usr/lib/jvm/java-8-openjdk-amd64/jre/classes"/>
    <property name="java.vendor" value="Private Build"/>
    <property name="enforcer.skip" value="true"/>
    <property name="rat.skip" value="true"/>
    <property name="maven.home" value="/usr/share/maven"/>
    <property name="file.separator" value="/"/>
    <property name="java.vendor.url.bug" value="http://bugreport.sun.com/bugreport/"/>
    <property name="sun.cpu.endian" value="little"/>
    <property name="sun.io.unicode.encoding" value="UnicodeLittle"/>
    <property name="sun.cpu.isalist" value=""/>
  </properties>
  <testcase name="selectMultipleTreatedEmbeddableOneToManyList[0]" classname="com.blazebit.persistence.testsuite.treat.builder.SelectOneToManyListTest" time="0.113"/>
  <testcase name="selectMultipleTreatedParentRootOneToManyList[0]" classname="com.blazebit.persistence.testsuite.treat.builder.SelectOneToManyListTest" time="0.108"/>
  <testcase name="selectTreatedRootEmbeddableOneToManyList[0]" classname="com.blazebit.persistence.testsuite.treat.builder.SelectOneToManyListTest" time="0.098"/>
  <testcase name="selectMultipleTreatedRootOneToManyList[0]" classname="com.blazebit.persistence.testsuite.treat.builder.SelectOneToManyListTest" time="0.11"/>
  <testcase name="selectMultipleTreatedParentRootEmbeddableOneToManyListEmbeddable[0]" classname="com.blazebit.persistence.testsuite.treat.builder.SelectOneToManyListTest" time="0.12"/>
  <testcase name="selectMultipleTreatedParentEmbeddableOneToManyList[0]" classname="com.blazebit.persistence.testsuite.treat.builder.SelectOneToManyListTest" time="0.101"/>
  <testcase name="selectTreatedEmbeddableOneToManyListEmbeddable[0]" classname="com.blazebit.persistence.testsuite.treat.builder.SelectOneToManyListTest" time="0.099"/>
  <testcase name="selectMultipleTreatedParentRootEmbeddableOneToManyList[0]" classname="com.blazebit.persistence.testsuite.treat.builder.SelectOneToManyListTest" time="0.105"/>
  <testcase name="selectTreatedEmbeddableOneToManyList[0]" classname="com.blazebit.persistence.testsuite.treat.builder.SelectOneToManyListTest" time="0.099"/>
  <testcase name="selectTreatedParentRootOneToManyList[0]" classname="com.blazebit.persistence.testsuite.treat.builder.SelectOneToManyListTest" time="0.113"/>
  <testcase name="selectMultipleTreatedRootEmbeddableOneToManyListEmbeddable[0]" classname="com.blazebit.persistence.testsuite.treat.builder.SelectOneToManyListTest" time="0.099"/>
  <testcase name="selectTreatedRootEmbeddableOneToManyListEmbeddable[0]" classname="com.blazebit.persistence.testsuite.treat.builder.SelectOneToManyListTest" time="0.098"/>
  <testcase name="selectTreatedRootOneToManyList[0]" classname="com.blazebit.persistence.testsuite.treat.builder.SelectOneToManyListTest" time="0.098"/>
  <testcase name="selectMultipleTreatedEmbeddableOneToManyListEmbeddable[0]" classname="com.blazebit.persistence.testsuite.treat.builder.SelectOneToManyListTest" time="0.098"/>
  <testcase name="selectTreatedOneToManyList[0]" classname="com.blazebit.persistence.testsuite.treat.builder.SelectOneToManyListTest" time="0.105"/>
  <testcase name="selectMultipleTreatedRootEmbeddableOneToManyList[0]" classname="com.blazebit.persistence.testsuite.treat.builder.SelectOneToManyListTest" time="0.099"/>
  <testcase name="selectTreatedParentEmbeddableOneToManyListEmbeddable[0]" classname="com.blazebit.persistence.testsuite.treat.builder.SelectOneToManyListTest" time="0.101"/>
  <testcase name="selectTreatedParentOneToManyList[0]" classname="com.blazebit.persistence.testsuite.treat.builder.SelectOneToManyListTest" time="0.098"/>
  <testcase name="selectMultipleTreatedParentEmbeddableOneToManyListEmbeddable[0]" classname="com.blazebit.persistence.testsuite.treat.builder.SelectOneToManyListTest" time="0.1"/>
  <testcase name="selectMultipleTreatedParentOneToManyList[0]" classname="com.blazebit.persistence.testsuite.treat.builder.SelectOneToManyListTest" time="0.113"/>
  <testcase name="selectTreatedParentRootEmbeddableOneToManyList[0]" classname="com.blazebit.persistence.testsuite.treat.builder.SelectOneToManyListTest" time="0.101"/>
  <testcase name="selectMultipleTreatedOneToManyList[0]" classname="com.blazebit.persistence.testsuite.treat.builder.SelectOneToManyListTest" time="0.097"/>
  <testcase name="selectTreatedParentRootEmbeddableOneToManyListEmbeddable[0]" classname="com.blazebit.persistence.testsuite.treat.builder.SelectOneToManyListTest" time="0.101"/>
  <testcase name="selectTreatedParentEmbeddableOneToManyList[0]" classname="com.blazebit.persistence.testsuite.treat.builder.SelectOneToManyListTest" time="0.097"/>
  <testcase name="selectMultipleTreatedEmbeddableOneToManyList[1]" classname="com.blazebit.persistence.testsuite.treat.builder.SelectOneToManyListTest" time="0.11"/>
  <testcase name="selectMultipleTreatedParentRootOneToManyList[1]" classname="com.blazebit.persistence.testsuite.treat.builder.SelectOneToManyListTest" time="0.098"/>
  <testcase name="selectTreatedRootEmbeddableOneToManyList[1]" classname="com.blazebit.persistence.testsuite.treat.builder.SelectOneToManyListTest" time="0.096"/>
  <testcase name="selectMultipleTreatedRootOneToManyList[1]" classname="com.blazebit.persistence.testsuite.treat.builder.SelectOneToManyListTest" time="0.098"/>
  <testcase name="selectMultipleTreatedParentRootEmbeddableOneToManyListEmbeddable[1]" classname="com.blazebit.persistence.testsuite.treat.builder.SelectOneToManyListTest" time="0.109"/>
  <testcase name="selectMultipleTreatedParentEmbeddableOneToManyList[1]" classname="com.blazebit.persistence.testsuite.treat.builder.SelectOneToManyListTest" time="0.109"/>
  <testcase name="selectTreatedEmbeddableOneToManyListEmbeddable[1]" classname="com.blazebit.persistence.testsuite.treat.builder.SelectOneToManyListTest" time="0.097"/>
  <testcase name="selectMultipleTreatedParentRootEmbeddableOneToManyList[1]" classname="com.blazebit.persistence.testsuite.treat.builder.SelectOneToManyListTest" time="0.101"/>
  <testcase name="selectTreatedEmbeddableOneToManyList[1]" classname="com.blazebit.persistence.testsuite.treat.builder.SelectOneToManyListTest" time="0.096"/>
  <testcase name="selectTreatedParentRootOneToManyList[1]" classname="com.blazebit.persistence.testsuite.treat.builder.SelectOneToManyListTest" time="0.105"/>
  <testcase name="selectMultipleTreatedRootEmbeddableOneToManyListEmbeddable[1]" classname="com.blazebit.persistence.testsuite.treat.builder.SelectOneToManyListTest" time="0.111"/>
  <testcase name="selectTreatedRootEmbeddableOneToManyListEmbeddable[1]" classname="com.blazebit.persistence.testsuite.treat.builder.SelectOneToManyListTest" time="0.097"/>
  <testcase name="selectTreatedRootOneToManyList[1]" classname="com.blazebit.persistence.testsuite.treat.builder.SelectOneToManyListTest" time="0.097"/>
  <testcase name="selectMultipleTreatedEmbeddableOneToManyListEmbeddable[1]" classname="com.blazebit.persistence.testsuite.treat.builder.SelectOneToManyListTest" time="0.098"/>
  <testcase name="selectTreatedOneToManyList[1]" classname="com.blazebit.persistence.testsuite.treat.builder.SelectOneToManyListTest" time="0.096"/>
  <testcase name="selectMultipleTreatedRootEmbeddableOneToManyList[1]" classname="com.blazebit.persistence.testsuite.treat.builder.SelectOneToManyListTest" time="0.111"/>
  <testcase name="selectTreatedParentEmbeddableOneToManyListEmbeddable[1]" classname="com.blazebit.persistence.testsuite.treat.builder.SelectOneToManyListTest" time="0.098"/>
  <testcase name="selectTreatedParentOneToManyList[1]" classname="com.blazebit.persistence.testsuite.treat.builder.SelectOneToManyListTest" time="0.097"/>
  <testcase name="selectMultipleTreatedParentEmbeddableOneToManyListEmbeddable[1]" classname="com.blazebit.persistence.testsuite.treat.builder.SelectOneToManyListTest" time="0.099"/>
  <testcase name="selectMultipleTreatedParentOneToManyList[1]" classname="com.blazebit.persistence.testsuite.treat.builder.SelectOneToManyListTest" time="0.098"/>
  <testcase name="selectTreatedParentRootEmbeddableOneToManyList[1]" classname="com.blazebit.persistence.testsuite.treat.builder.SelectOneToManyListTest" time="0.114"/>
  <testcase name="selectMultipleTreatedOneToManyList[1]" classname="com.blazebit.persistence.testsuite.treat.builder.SelectOneToManyListTest" time="0.096"/>
  <testcase name="selectTreatedParentRootEmbeddableOneToManyListEmbeddable[1]" classname="com.blazebit.persistence.testsuite.treat.builder.SelectOneToManyListTest" time="0.101"/>
  <testcase name="selectTreatedParentEmbeddableOneToManyList[1]" classname="com.blazebit.persistence.testsuite.treat.builder.SelectOneToManyListTest" time="0.102"/>
  <testcase name="selectMultipleTreatedEmbeddableOneToManyList[2]" classname="com.blazebit.persistence.testsuite.treat.builder.SelectOneToManyListTest" time="0.104"/>
  <testcase name="selectMultipleTreatedParentRootOneToManyList[2]" classname="com.blazebit.persistence.testsuite.treat.builder.SelectOneToManyListTest" time="0">
    <skipped/>
  </testcase>
  <testcase name="selectTreatedRootEmbeddableOneToManyList[2]" classname="com.blazebit.persistence.testsuite.treat.builder.SelectOneToManyListTest" time="0.098"/>
  <testcase name="selectMultipleTreatedRootOneToManyList[2]" classname="com.blazebit.persistence.testsuite.treat.builder.SelectOneToManyListTest" time="0.099"/>
  <testcase name="selectMultipleTreatedParentRootEmbeddableOneToManyListEmbeddable[2]" classname="com.blazebit.persistence.testsuite.treat.builder.SelectOneToManyListTest" time="0">
    <skipped/>
  </testcase>
  <testcase name="selectMultipleTreatedParentEmbeddableOneToManyList[2]" classname="com.blazebit.persistence.testsuite.treat.builder.SelectOneToManyListTest" time="0">
    <skipped/>
  </testcase>
  <testcase name="selectTreatedEmbeddableOneToManyListEmbeddable[2]" classname="com.blazebit.persistence.testsuite.treat.builder.SelectOneToManyListTest" time="0.113"/>
  <testcase name="selectMultipleTreatedParentRootEmbeddableOneToManyList[2]" classname="com.blazebit.persistence.testsuite.treat.builder.SelectOneToManyListTest" time="0">
    <skipped/>
  </testcase>
  <testcase name="selectTreatedEmbeddableOneToManyList[2]" classname="com.blazebit.persistence.testsuite.treat.builder.SelectOneToManyListTest" time="0.103"/>
  <testcase name="selectTreatedParentRootOneToManyList[2]" classname="com.blazebit.persistence.testsuite.treat.builder.SelectOneToManyListTest" time="0">
    <skipped/>
  </testcase>
  <testcase name="selectMultipleTreatedRootEmbeddableOneToManyListEmbeddable[2]" classname="com.blazebit.persistence.testsuite.treat.builder.SelectOneToManyListTest" time="0.105"/>
  <testcase name="selectTreatedRootEmbeddableOneToManyListEmbeddable[2]" classname="com.blazebit.persistence.testsuite.treat.builder.SelectOneToManyListTest" time="0.103"/>
  <testcase name="selectTreatedRootOneToManyList[2]" classname="com.blazebit.persistence.testsuite.treat.builder.SelectOneToManyListTest" time="0.114"/>
  <testcase name="selectMultipleTreatedEmbeddableOneToManyListEmbeddable[2]" classname="com.blazebit.persistence.testsuite.treat.builder.SelectOneToManyListTest" time="0.105"/>
  <testcase name="selectTreatedOneToManyList[2]" classname="com.blazebit.persistence.testsuite.treat.builder.SelectOneToManyListTest" time="0.106"/>
  <testcase name="selectMultipleTreatedRootEmbeddableOneToManyList[2]" classname="com.blazebit.persistence.testsuite.treat.builder.SelectOneToManyListTest" time="0.107"/>
  <testcase name="selectTreatedParentEmbeddableOneToManyListEmbeddable[2]" classname="com.blazebit.persistence.testsuite.treat.builder.SelectOneToManyListTest" time="0">
    <skipped/>
  </testcase>
  <testcase name="selectTreatedParentOneToManyList[2]" classname="com.blazebit.persistence.testsuite.treat.builder.SelectOneToManyListTest" time="0">
    <skipped/>
  </testcase>
  <testcase name="selectMultipleTreatedParentEmbeddableOneToManyListEmbeddable[2]" classname="com.blazebit.persistence.testsuite.treat.builder.SelectOneToManyListTest" time="0">
    <skipped/>
  </testcase>
  <testcase name="selectMultipleTreatedParentOneToManyList[2]" classname="com.blazebit.persistence.testsuite.treat.builder.SelectOneToManyListTest" time="0">
    <skipped/>
  </testcase>
  <testcase name="selectTreatedParentRootEmbeddableOneToManyList[2]" classname="com.blazebit.persistence.testsuite.treat.builder.SelectOneToManyListTest" time="0">
    <skipped/>
  </testcase>
  <testcase name="selectMultipleTreatedOneToManyList[2]" classname="com.blazebit.persistence.testsuite.treat.builder.SelectOneToManyListTest" time="0.104"/>
  <testcase name="selectTreatedParentRootEmbeddableOneToManyListEmbeddable[2]" classname="com.blazebit.persistence.testsuite.treat.builder.SelectOneToManyListTest" time="0">
    <skipped/>
  </testcase>
  <testcase name="selectTreatedParentEmbeddableOneToManyList[2]" classname="com.blazebit.persistence.testsuite.treat.builder.SelectOneToManyListTest" time="0">
    <skipped/>
  </testcase>
</testsuite>