<?xml version="1.0" encoding="UTF-8"?>
<testsuite xmlns:xsi="http://www.w3.org/2001/XMLSchema-instance" xsi:schemaLocation="https://maven.apache.org/surefire/maven-surefire-plugin/xsd/surefire-test-report.xsd" name="com.blazebit.persistence.testsuite.treat.builder.SelectOneToManyInverseSetTest" time="7.272" tests="72" errors="0" skipped="6" failures="0">
  <properties>
    <property name="java.runtime.name" value="OpenJDK Runtime Environment"/>
    <property name="sun.boot.library.path" value="/usr/lib/jvm/java-8-openjdk-amd64/jre/lib/amd64"/>
    <property name="java.vm.version" value="25.252-b09"/>
    <property name="java.vm.vendor" value="Private Build"/>
    <property name="maven.multiModuleProjectDirectory" value="/media/4tb/npex/npex_data/benchmarks-bears/Bears-156-buggy"/>
    <property name="java.vendor.url" value="http://java.oracle.com/"/>
    <property name="path.separator" value=":"/>
    <property name="guice.disable.misplaced.annotation.check" value="true"/>
    <property name="skip.gulp" value="true"/>
    <property name="java.vm.name" value="OpenJDK 64-Bit Server VM"/>
    <property name="file.encoding.pkg" value="sun.io"/>
    <property name="user.country" value="US"/>
    <property name="sun.java.launcher" value="SUN_STANDARD"/>
    <property name="sun.os.patch.level" value="unknown"/>
    <property name="findbugs.skip" value="true"/>
    <property name="java.vm.specification.name" value="Java Virtual Machine Specification"/>
    <property name="user.dir" value="/media/4tb/npex/npex_data/benchmarks-bears/Bears-156-buggy"/>
    <property name="checkstyle.skip" value="true"/>
    <property name="java.runtime.version" value="1.8.0_252-8u252-b09-1~18.04-b09"/>
    <property name="java.awt.graphicsenv" value="sun.awt.X11GraphicsEnvironment"/>
    <property name="skip.npm" value="true"/>
    <property name="java.endorsed.dirs" value="/usr/lib/jvm/java-8-openjdk-amd64/jre/lib/endorsed"/>
    <property name="os.arch" value="amd64"/>
    <property name="java.io.tmpdir" value="/tmp"/>
    <property name="gpg.skip" value="true"/>
    <property name="line.separator" value="&#10;"/>
    <property name="java.vm.specification.vendor" value="Oracle Corporation"/>
    <property name="cobertura.skip" value="true"/>
    <property name="os.name" value="Linux"/>
    <property name="classworlds.conf" value="/usr/share/maven/bin/m2.conf"/>
    <property name="sun.jnu.encoding" value="UTF-8"/>
    <property name="java.library.path" value="/usr/java/packages/lib/amd64:/usr/lib/x86_64-linux-gnu/jni:/lib/x86_64-linux-gnu:/usr/lib/x86_64-linux-gnu:/usr/lib/jni:/lib:/usr/lib"/>
    <property name="license.skip" value="true"/>
    <property name="maven.conf" value="/usr/share/maven/conf"/>
    <property name="java.class.version" value="52.0"/>
    <property name="java.specification.name" value="Java Platform API Specification"/>
    <property name="sun.management.compiler" value="HotSpot 64-Bit Tiered Compilers"/>
    <property name="skip.bower" value="true"/>
    <property name="os.version" value="4.15.0-106-generic"/>
    <property name="library.jansi.path" value="/usr/share/maven/lib/jansi-native"/>
    <property name="user.home" value="/home/junhee"/>
    <property name="user.timezone" value="Asia/Seoul"/>
    <property name="java.awt.printerjob" value="sun.print.PSPrinterJob"/>
    <property name="java.specification.version" value="1.8"/>
    <property name="file.encoding" value="UTF-8"/>
    <property name="user.name" value="junhee"/>
    <property name="java.class.path" value="/usr/share/maven/boot/plexus-classworlds-2.x.jar"/>
    <property name="java.vm.specification.version" value="1.8"/>
    <property name="sun.arch.data.model" value="64"/>
    <property name="java.home" value="/usr/lib/jvm/java-8-openjdk-amd64/jre"/>
    <property name="sun.java.command" value="org.codehaus.plexus.classworlds.launcher.Launcher clean test -V -B -Denforcer.skip=true -Dcheckstyle.skip=true -Dcobertura.skip=true -Drat.skip=true -Dlicense.skip=true -Dfindbugs.skip=true -Dgpg.skip=true -Dskip.npm=true -Dskip.gulp=true -Dskip.bower=true"/>
    <property name="java.specification.vendor" value="Oracle Corporation"/>
    <property name="user.language" value="en"/>
    <property name="awt.toolkit" value="sun.awt.X11.XToolkit"/>
    <property name="java.vm.info" value="mixed mode"/>
    <property name="java.version" value="1.8.0_252"/>
    <property name="java.ext.dirs" value="/usr/lib/jvm/java-8-openjdk-amd64/jre/lib/ext:/usr/java/packages/lib/ext"/>
    <property name="securerandom.source" value="file:/dev/./urandom"/>
    <property name="sun.boot.class.path" value="/usr/lib/jvm/java-8-openjdk-amd64/jre/lib/resources.jar:/usr/lib/jvm/java-8-openjdk-amd64/jre/lib/rt.jar:/usr/lib/jvm/java-8-openjdk-amd64/jre/lib/sunrsasign.jar:/usr/lib/jvm/java-8-openjdk-amd64/jre/lib/jsse.jar:/usr/lib/jvm/java-8-openjdk-amd64/jre/lib/jce.jar:/usr/lib/jvm/java-8-openjdk-amd64/jre/lib/charsets.jar:/usr/lib/jvm/java-8-openjdk-amd64/jre/lib/jfr.jar:/usr/lib/jvm/java-8-openjdk-amd64/jre/classes"/>
    <property name="java.vendor" value="Private Build"/>
    <property name="enforcer.skip" value="true"/>
    <property name="rat.skip" value="true"/>
    <property name="maven.home" value="/usr/share/maven"/>
    <property name="file.separator" value="/"/>
    <property name="java.vendor.url.bug" value="http://bugreport.sun.com/bugreport/"/>
    <property name="sun.cpu.endian" value="little"/>
    <property name="sun.io.unicode.encoding" value="UnicodeLittle"/>
    <property name="sun.cpu.isalist" value=""/>
  </properties>
  <testcase name="selectTreatedParentRootEmbeddableOneToManyInverseSetEmbeddable[0]" classname="com.blazebit.persistence.testsuite.treat.builder.SelectOneToManyInverseSetTest" time="0.11"/>
  <testcase name="selectTreatedParentEmbeddableOneToManyInverseSetEmbeddable[0]" classname="com.blazebit.persistence.testsuite.treat.builder.SelectOneToManyInverseSetTest" time="0.099"/>
  <testcase name="selectTreatedEmbeddableOneToManyInverseSet[0]" classname="com.blazebit.persistence.testsuite.treat.builder.SelectOneToManyInverseSetTest" time="0.096"/>
  <testcase name="selectTreatedRootEmbeddableOneToManyInverseSet[0]" classname="com.blazebit.persistence.testsuite.treat.builder.SelectOneToManyInverseSetTest" time="0.096"/>
  <testcase name="selectTreatedRootEmbeddableOneToManyInverseSetEmbeddable[0]" classname="com.blazebit.persistence.testsuite.treat.builder.SelectOneToManyInverseSetTest" time="0.1"/>
  <testcase name="selectTreatedParentRootOneToManyInverseSet[0]" classname="com.blazebit.persistence.testsuite.treat.builder.SelectOneToManyInverseSetTest" time="0.108"/>
  <testcase name="selectMultipleTreatedEmbeddableOneToManyInverseSet[0]" classname="com.blazebit.persistence.testsuite.treat.builder.SelectOneToManyInverseSetTest" time="0.104"/>
  <testcase name="selectMultipleTreatedParentEmbeddableOneToManyInverseSet[0]" classname="com.blazebit.persistence.testsuite.treat.builder.SelectOneToManyInverseSetTest" time="0.099"/>
  <testcase name="selectMultipleTreatedParentRootEmbeddableOneToManyInverseSetEmbeddable[0]" classname="com.blazebit.persistence.testsuite.treat.builder.SelectOneToManyInverseSetTest" time="0.103"/>
  <testcase name="selectMultipleTreatedParentOneToManyInverseSet[0]" classname="com.blazebit.persistence.testsuite.treat.builder.SelectOneToManyInverseSetTest" time="0.102"/>
  <testcase name="selectMultipleTreatedRootOneToManyInverseSet[0]" classname="com.blazebit.persistence.testsuite.treat.builder.SelectOneToManyInverseSetTest" time="0.105"/>
  <testcase name="selectTreatedParentOneToManyInverseSet[0]" classname="com.blazebit.persistence.testsuite.treat.builder.SelectOneToManyInverseSetTest" time="0.097"/>
  <testcase name="selectMultipleTreatedRootEmbeddableOneToManyInverseSet[0]" classname="com.blazebit.persistence.testsuite.treat.builder.SelectOneToManyInverseSetTest" time="0.099"/>
  <testcase name="selectMultipleTreatedRootEmbeddableOneToManyInverseSetEmbeddable[0]" classname="com.blazebit.persistence.testsuite.treat.builder.SelectOneToManyInverseSetTest" time="0.1"/>
  <testcase name="selectMultipleTreatedParentRootOneToManyInverseSet[0]" classname="com.blazebit.persistence.testsuite.treat.builder.SelectOneToManyInverseSetTest" time="0.101"/>
  <testcase name="selectTreatedOneToManyInverseSet[0]" classname="com.blazebit.persistence.testsuite.treat.builder.SelectOneToManyInverseSetTest" time="0.106"/>
  <testcase name="selectTreatedParentRootEmbeddableOneToManyInverseSet[0]" classname="com.blazebit.persistence.testsuite.treat.builder.SelectOneToManyInverseSetTest" time="0.097"/>
  <testcase name="selectTreatedEmbeddableOneToManyInverseSetEmbeddable[0]" classname="com.blazebit.persistence.testsuite.treat.builder.SelectOneToManyInverseSetTest" time="0.096"/>
  <testcase name="selectMultipleTreatedOneToManyInverseSet[0]" classname="com.blazebit.persistence.testsuite.treat.builder.SelectOneToManyInverseSetTest" time="0.097"/>
  <testcase name="selectTreatedRootOneToManyInverseSet[0]" classname="com.blazebit.persistence.testsuite.treat.builder.SelectOneToManyInverseSetTest" time="0.094"/>
  <testcase name="selectTreatedParentEmbeddableOneToManyInverseSet[0]" classname="com.blazebit.persistence.testsuite.treat.builder.SelectOneToManyInverseSetTest" time="0.108"/>
  <testcase name="selectMultipleTreatedParentRootEmbeddableOneToManyInverseSet[0]" classname="com.blazebit.persistence.testsuite.treat.builder.SelectOneToManyInverseSetTest" time="0.1"/>
  <testcase name="selectMultipleTreatedEmbeddableOneToManyInverseSetEmbeddable[0]" classname="com.blazebit.persistence.testsuite.treat.builder.SelectOneToManyInverseSetTest" time="0.097"/>
  <testcase name="selectMultipleTreatedParentEmbeddableOneToManyInverseSetEmbeddable[0]" classname="com.blazebit.persistence.testsuite.treat.builder.SelectOneToManyInverseSetTest" time="0.101"/>
  <testcase name="selectTreatedParentRootEmbeddableOneToManyInverseSetEmbeddable[1]" classname="com.blazebit.persistence.testsuite.treat.builder.SelectOneToManyInverseSetTest" time="0.098"/>
  <testcase name="selectTreatedParentEmbeddableOneToManyInverseSetEmbeddable[1]" classname="com.blazebit.persistence.testsuite.treat.builder.SelectOneToManyInverseSetTest" time="0.105"/>
  <testcase name="selectTreatedEmbeddableOneToManyInverseSet[1]" classname="com.blazebit.persistence.testsuite.treat.builder.SelectOneToManyInverseSetTest" time="0.094"/>
  <testcase name="selectTreatedRootEmbeddableOneToManyInverseSet[1]" classname="com.blazebit.persistence.testsuite.treat.builder.SelectOneToManyInverseSetTest" time="0.099"/>
  <testcase name="selectTreatedRootEmbeddableOneToManyInverseSetEmbeddable[1]" classname="com.blazebit.persistence.testsuite.treat.builder.SelectOneToManyInverseSetTest" time="0.095"/>
  <testcase name="selectTreatedParentRootOneToManyInverseSet[1]" classname="com.blazebit.persistence.testsuite.treat.builder.SelectOneToManyInverseSetTest" time="0.097"/>
  <testcase name="selectMultipleTreatedEmbeddableOneToManyInverseSet[1]" classname="com.blazebit.persistence.testsuite.treat.builder.SelectOneToManyInverseSetTest" time="0.107"/>
  <testcase name="selectMultipleTreatedParentEmbeddableOneToManyInverseSet[1]" classname="com.blazebit.persistence.testsuite.treat.builder.SelectOneToManyInverseSetTest" time="0.098"/>
  <testcase name="selectMultipleTreatedParentRootEmbeddableOneToManyInverseSetEmbeddable[1]" classname="com.blazebit.persistence.testsuite.treat.builder.SelectOneToManyInverseSetTest" time="0.099"/>
  <testcase name="selectMultipleTreatedParentOneToManyInverseSet[1]" classname="com.blazebit.persistence.testsuite.treat.builder.SelectOneToManyInverseSetTest" time="0.098"/>
  <testcase name="selectMultipleTreatedRootOneToManyInverseSet[1]" classname="com.blazebit.persistence.testsuite.treat.builder.SelectOneToManyInverseSetTest" time="0.098"/>
  <testcase name="selectTreatedParentOneToManyInverseSet[1]" classname="com.blazebit.persistence.testsuite.treat.builder.SelectOneToManyInverseSetTest" time="0.111"/>
  <testcase name="selectMultipleTreatedRootEmbeddableOneToManyInverseSet[1]" classname="com.blazebit.persistence.testsuite.treat.builder.SelectOneToManyInverseSetTest" time="0.096"/>
  <testcase name="selectMultipleTreatedRootEmbeddableOneToManyInverseSetEmbeddable[1]" classname="com.blazebit.persistence.testsuite.treat.builder.SelectOneToManyInverseSetTest" time="0.103"/>
  <testcase name="selectMultipleTreatedParentRootOneToManyInverseSet[1]" classname="com.blazebit.persistence.testsuite.treat.builder.SelectOneToManyInverseSetTest" time="0.104"/>
  <testcase name="selectTreatedOneToManyInverseSet[1]" classname="com.blazebit.persistence.testsuite.treat.builder.SelectOneToManyInverseSetTest" time="0.099"/>
  <testcase name="selectTreatedParentRootEmbeddableOneToManyInverseSet[1]" classname="com.blazebit.persistence.testsuite.treat.builder.SelectOneToManyInverseSetTest" time="0.108"/>
  <testcase name="selectTreatedEmbeddableOneToManyInverseSetEmbeddable[1]" classname="com.blazebit.persistence.testsuite.treat.builder.SelectOneToManyInverseSetTest" time="0.098"/>
  <testcase name="selectMultipleTreatedOneToManyInverseSet[1]" classname="com.blazebit.persistence.testsuite.treat.builder.SelectOneToManyInverseSetTest" time="0.098"/>
  <testcase name="selectTreatedRootOneToManyInverseSet[1]" classname="com.blazebit.persistence.testsuite.treat.builder.SelectOneToManyInverseSetTest" time="0.099"/>
  <testcase name="selectTreatedParentEmbeddableOneToManyInverseSet[1]" classname="com.blazebit.persistence.testsuite.treat.builder.SelectOneToManyInverseSetTest" time="0.099"/>
  <testcase name="selectMultipleTreatedParentRootEmbeddableOneToManyInverseSet[1]" classname="com.blazebit.persistence.testsuite.treat.builder.SelectOneToManyInverseSetTest" time="0.111"/>
  <testcase name="selectMultipleTreatedEmbeddableOneToManyInverseSetEmbeddable[1]" classname="com.blazebit.persistence.testsuite.treat.builder.SelectOneToManyInverseSetTest" time="0.098"/>
  <testcase name="selectMultipleTreatedParentEmbeddableOneToManyInverseSetEmbeddable[1]" classname="com.blazebit.persistence.testsuite.treat.builder.SelectOneToManyInverseSetTest" time="0.102"/>
  <testcase name="selectTreatedParentRootEmbeddableOneToManyInverseSetEmbeddable[2]" classname="com.blazebit.persistence.testsuite.treat.builder.SelectOneToManyInverseSetTest" time="0.101"/>
  <testcase name="selectTreatedParentEmbeddableOneToManyInverseSetEmbeddable[2]" classname="com.blazebit.persistence.testsuite.treat.builder.SelectOneToManyInverseSetTest" time="0">
    <skipped/>
  </testcase>
  <testcase name="selectTreatedEmbeddableOneToManyInverseSet[2]" classname="com.blazebit.persistence.testsuite.treat.builder.SelectOneToManyInverseSetTest" time="0.108"/>
  <testcase name="selectTreatedRootEmbeddableOneToManyInverseSet[2]" classname="com.blazebit.persistence.testsuite.treat.builder.SelectOneToManyInverseSetTest" time="0.098"/>
  <testcase name="selectTreatedRootEmbeddableOneToManyInverseSetEmbeddable[2]" classname="com.blazebit.persistence.testsuite.treat.builder.SelectOneToManyInverseSetTest" time="0.1"/>
  <testcase name="selectTreatedParentRootOneToManyInverseSet[2]" classname="com.blazebit.persistence.testsuite.treat.builder.SelectOneToManyInverseSetTest" time="0.101"/>
  <testcase name="selectMultipleTreatedEmbeddableOneToManyInverseSet[2]" classname="com.blazebit.persistence.testsuite.treat.builder.SelectOneToManyInverseSetTest" time="0.098"/>
  <testcase name="selectMultipleTreatedParentEmbeddableOneToManyInverseSet[2]" classname="com.blazebit.persistence.testsuite.treat.builder.SelectOneToManyInverseSetTest" time="0">
    <skipped/>
  </testcase>
  <testcase name="selectMultipleTreatedParentRootEmbeddableOneToManyInverseSetEmbeddable[2]" classname="com.blazebit.persistence.testsuite.treat.builder.SelectOneToManyInverseSetTest" time="0.105"/>
  <testcase name="selectMultipleTreatedParentOneToManyInverseSet[2]" classname="com.blazebit.persistence.testsuite.treat.builder.SelectOneToManyInverseSetTest" time="0">
    <skipped/>
  </testcase>
  <testcase name="selectMultipleTreatedRootOneToManyInverseSet[2]" classname="com.blazebit.persistence.testsuite.treat.builder.SelectOneToManyInverseSetTest" time="0.096"/>
  <testcase name="selectTreatedParentOneToManyInverseSet[2]" classname="com.blazebit.persistence.testsuite.treat.builder.SelectOneToManyInverseSetTest" time="0">
    <skipped/>
  </testcase>
  <testcase name="selectMultipleTreatedRootEmbeddableOneToManyInverseSet[2]" classname="com.blazebit.persistence.testsuite.treat.builder.SelectOneToManyInverseSetTest" time="0.106"/>
  <testcase name="selectMultipleTreatedRootEmbeddableOneToManyInverseSetEmbeddable[2]" classname="com.blazebit.persistence.testsuite.treat.builder.SelectOneToManyInverseSetTest" time="0.104"/>
  <testcase name="selectMultipleTreatedParentRootOneToManyInverseSet[2]" classname="com.blazebit.persistence.testsuite.treat.builder.SelectOneToManyInverseSetTest" time="0.101"/>
  <testcase name="selectTreatedOneToManyInverseSet[2]" classname="com.blazebit.persistence.testsuite.treat.builder.SelectOneToManyInverseSetTest" time="0.104"/>
  <testcase name="selectTreatedParentRootEmbeddableOneToManyInverseSet[2]" classname="com.blazebit.persistence.testsuite.treat.builder.SelectOneToManyInverseSetTest" time="0.102"/>
  <testcase name="selectTreatedEmbeddableOneToManyInverseSetEmbeddable[2]" classname="com.blazebit.persistence.testsuite.treat.builder.SelectOneToManyInverseSetTest" time="0.108"/>
  <testcase name="selectMultipleTreatedOneToManyInverseSet[2]" classname="com.blazebit.persistence.testsuite.treat.builder.SelectOneToManyInverseSetTest" time="0.099"/>
  <testcase name="selectTreatedRootOneToManyInverseSet[2]" classname="com.blazebit.persistence.testsuite.treat.builder.SelectOneToManyInverseSetTest" time="0.1"/>
  <testcase name="selectTreatedParentEmbeddableOneToManyInverseSet[2]" classname="com.blazebit.persistence.testsuite.treat.builder.SelectOneToManyInverseSetTest" time="0">
    <skipped/>
  </testcase>
  <testcase name="selectMultipleTreatedParentRootEmbeddableOneToManyInverseSet[2]" classname="com.blazebit.persistence.testsuite.treat.builder.SelectOneToManyInverseSetTest" time="0.107"/>
  <testcase name="selectMultipleTreatedEmbeddableOneToManyInverseSetEmbeddable[2]" classname="com.blazebit.persistence.testsuite.treat.builder.SelectOneToManyInverseSetTest" time="0.113"/>
  <testcase name="selectMultipleTreatedParentEmbeddableOneToManyInverseSetEmbeddable[2]" classname="com.blazebit.persistence.testsuite.treat.builder.SelectOneToManyInverseSetTest" time="0">
    <skipped/>
  </testcase>
</testsuite>