<?xml version="1.0" encoding="UTF-8"?>
<testsuite xmlns:xsi="http://www.w3.org/2001/XMLSchema-instance" xsi:schemaLocation="https://maven.apache.org/surefire/maven-surefire-plugin/xsd/surefire-test-report.xsd" name="com.blazebit.persistence.testsuite.treat.builder.JoinManyToOneTest" time="11.243" tests="108" errors="0" skipped="26" failures="0">
  <properties>
    <property name="java.runtime.name" value="OpenJDK Runtime Environment"/>
    <property name="sun.boot.library.path" value="/usr/lib/jvm/java-8-openjdk-amd64/jre/lib/amd64"/>
    <property name="java.vm.version" value="25.252-b09"/>
    <property name="java.vm.vendor" value="Private Build"/>
    <property name="maven.multiModuleProjectDirectory" value="/media/4tb/npex/npex_data/benchmarks-bears/Bears-156-buggy"/>
    <property name="java.vendor.url" value="http://java.oracle.com/"/>
    <property name="path.separator" value=":"/>
    <property name="guice.disable.misplaced.annotation.check" value="true"/>
    <property name="skip.gulp" value="true"/>
    <property name="java.vm.name" value="OpenJDK 64-Bit Server VM"/>
    <property name="file.encoding.pkg" value="sun.io"/>
    <property name="user.country" value="US"/>
    <property name="sun.java.launcher" value="SUN_STANDARD"/>
    <property name="sun.os.patch.level" value="unknown"/>
    <property name="findbugs.skip" value="true"/>
    <property name="java.vm.specification.name" value="Java Virtual Machine Specification"/>
    <property name="user.dir" value="/media/4tb/npex/npex_data/benchmarks-bears/Bears-156-buggy"/>
    <property name="checkstyle.skip" value="true"/>
    <property name="java.runtime.version" value="1.8.0_252-8u252-b09-1~18.04-b09"/>
    <property name="java.awt.graphicsenv" value="sun.awt.X11GraphicsEnvironment"/>
    <property name="skip.npm" value="true"/>
    <property name="java.endorsed.dirs" value="/usr/lib/jvm/java-8-openjdk-amd64/jre/lib/endorsed"/>
    <property name="os.arch" value="amd64"/>
    <property name="java.io.tmpdir" value="/tmp"/>
    <property name="gpg.skip" value="true"/>
    <property name="line.separator" value="&#10;"/>
    <property name="java.vm.specification.vendor" value="Oracle Corporation"/>
    <property name="cobertura.skip" value="true"/>
    <property name="os.name" value="Linux"/>
    <property name="classworlds.conf" value="/usr/share/maven/bin/m2.conf"/>
    <property name="sun.jnu.encoding" value="UTF-8"/>
    <property name="java.library.path" value="/usr/java/packages/lib/amd64:/usr/lib/x86_64-linux-gnu/jni:/lib/x86_64-linux-gnu:/usr/lib/x86_64-linux-gnu:/usr/lib/jni:/lib:/usr/lib"/>
    <property name="license.skip" value="true"/>
    <property name="maven.conf" value="/usr/share/maven/conf"/>
    <property name="java.class.version" value="52.0"/>
    <property name="java.specification.name" value="Java Platform API Specification"/>
    <property name="sun.management.compiler" value="HotSpot 64-Bit Tiered Compilers"/>
    <property name="skip.bower" value="true"/>
    <property name="os.version" value="4.15.0-106-generic"/>
    <property name="library.jansi.path" value="/usr/share/maven/lib/jansi-native"/>
    <property name="user.home" value="/home/junhee"/>
    <property name="user.timezone" value="Asia/Seoul"/>
    <property name="java.awt.printerjob" value="sun.print.PSPrinterJob"/>
    <property name="java.specification.version" value="1.8"/>
    <property name="file.encoding" value="UTF-8"/>
    <property name="user.name" value="junhee"/>
    <property name="java.class.path" value="/usr/share/maven/boot/plexus-classworlds-2.x.jar"/>
    <property name="java.vm.specification.version" value="1.8"/>
    <property name="sun.arch.data.model" value="64"/>
    <property name="java.home" value="/usr/lib/jvm/java-8-openjdk-amd64/jre"/>
    <property name="sun.java.command" value="org.codehaus.plexus.classworlds.launcher.Launcher clean test -V -B -Denforcer.skip=true -Dcheckstyle.skip=true -Dcobertura.skip=true -Drat.skip=true -Dlicense.skip=true -Dfindbugs.skip=true -Dgpg.skip=true -Dskip.npm=true -Dskip.gulp=true -Dskip.bower=true"/>
    <property name="java.specification.vendor" value="Oracle Corporation"/>
    <property name="user.language" value="en"/>
    <property name="awt.toolkit" value="sun.awt.X11.XToolkit"/>
    <property name="java.vm.info" value="mixed mode"/>
    <property name="java.version" value="1.8.0_252"/>
    <property name="java.ext.dirs" value="/usr/lib/jvm/java-8-openjdk-amd64/jre/lib/ext:/usr/java/packages/lib/ext"/>
    <property name="securerandom.source" value="file:/dev/./urandom"/>
    <property name="sun.boot.class.path" value="/usr/lib/jvm/java-8-openjdk-amd64/jre/lib/resources.jar:/usr/lib/jvm/java-8-openjdk-amd64/jre/lib/rt.jar:/usr/lib/jvm/java-8-openjdk-amd64/jre/lib/sunrsasign.jar:/usr/lib/jvm/java-8-openjdk-amd64/jre/lib/jsse.jar:/usr/lib/jvm/java-8-openjdk-amd64/jre/lib/jce.jar:/usr/lib/jvm/java-8-openjdk-amd64/jre/lib/charsets.jar:/usr/lib/jvm/java-8-openjdk-amd64/jre/lib/jfr.jar:/usr/lib/jvm/java-8-openjdk-amd64/jre/classes"/>
    <property name="java.vendor" value="Private Build"/>
    <property name="enforcer.skip" value="true"/>
    <property name="rat.skip" value="true"/>
    <property name="maven.home" value="/usr/share/maven"/>
    <property name="file.separator" value="/"/>
    <property name="java.vendor.url.bug" value="http://bugreport.sun.com/bugreport/"/>
    <property name="sun.cpu.endian" value="little"/>
    <property name="sun.io.unicode.encoding" value="UnicodeLittle"/>
    <property name="sun.cpu.isalist" value=""/>
  </properties>
  <testcase name="joinMultipleTreatedRootEmbeddableManyToOne[0]" classname="com.blazebit.persistence.testsuite.treat.builder.JoinManyToOneTest" time="0.127"/>
  <testcase name="treatJoinMultipleTreatedParentRootEmbeddableManyToOne[0]" classname="com.blazebit.persistence.testsuite.treat.builder.JoinManyToOneTest" time="0.118"/>
  <testcase name="treatJoinTreatedRootEmbeddableManyToOne[0]" classname="com.blazebit.persistence.testsuite.treat.builder.JoinManyToOneTest" time="0.104"/>
  <testcase name="treatJoinTreatedParentRootManyToOne[0]" classname="com.blazebit.persistence.testsuite.treat.builder.JoinManyToOneTest" time="0.101"/>
  <testcase name="treatJoinMultipleManyToOne[0]" classname="com.blazebit.persistence.testsuite.treat.builder.JoinManyToOneTest" time="0.103"/>
  <testcase name="joinMultipleTreatedParentRootManyToOne[0]" classname="com.blazebit.persistence.testsuite.treat.builder.JoinManyToOneTest" time="0.102"/>
  <testcase name="treatInnerJoinMultipleEmbeddableManyToOne[0]" classname="com.blazebit.persistence.testsuite.treat.builder.JoinManyToOneTest" time="0.129"/>
  <testcase name="innerJoinMultipleTreatedRootManyToOne[0]" classname="com.blazebit.persistence.testsuite.treat.builder.JoinManyToOneTest" time="0.106"/>
  <testcase name="treatJoinTreatedParentRootEmbeddableManyToOne[0]" classname="com.blazebit.persistence.testsuite.treat.builder.JoinManyToOneTest" time="0.106"/>
  <testcase name="treatJoinParentManyToOne[0]" classname="com.blazebit.persistence.testsuite.treat.builder.JoinManyToOneTest" time="0.11"/>
  <testcase name="joinTreatedParentRootEmbeddableManyToOne[0]" classname="com.blazebit.persistence.testsuite.treat.builder.JoinManyToOneTest" time="0.1"/>
  <testcase name="treatJoinMultipleTreatedRootManyToOne[0]" classname="com.blazebit.persistence.testsuite.treat.builder.JoinManyToOneTest" time="0.11"/>
  <testcase name="treatJoinTreatedRootManyToOne[0]" classname="com.blazebit.persistence.testsuite.treat.builder.JoinManyToOneTest" time="0.1"/>
  <testcase name="treatInnerJoinTreatedRootManyToOne[0]" classname="com.blazebit.persistence.testsuite.treat.builder.JoinManyToOneTest" time="0.098"/>
  <testcase name="innerJoinMultipleTreatedRootEmbeddableManyToOne[0]" classname="com.blazebit.persistence.testsuite.treat.builder.JoinManyToOneTest" time="0.106"/>
  <testcase name="treatInnerJoinMultipleTreatedRootManyToOne[0]" classname="com.blazebit.persistence.testsuite.treat.builder.JoinManyToOneTest" time="0.098"/>
  <testcase name="treatInnerJoinManyToOne[0]" classname="com.blazebit.persistence.testsuite.treat.builder.JoinManyToOneTest" time="0.117"/>
  <testcase name="treatJoinParentEmbeddableManyToOne[0]" classname="com.blazebit.persistence.testsuite.treat.builder.JoinManyToOneTest" time="0.098"/>
  <testcase name="treatInnerJoinTreatedRootEmbeddableManyToOne[0]" classname="com.blazebit.persistence.testsuite.treat.builder.JoinManyToOneTest" time="0.105"/>
  <testcase name="innerJoinTreatedRootEmbeddableManyToOne[0]" classname="com.blazebit.persistence.testsuite.treat.builder.JoinManyToOneTest" time="0.108"/>
  <testcase name="treatJoinMultipleEmbeddableManyToOne[0]" classname="com.blazebit.persistence.testsuite.treat.builder.JoinManyToOneTest" time="0.1"/>
  <testcase name="joinTreatedParentRootManyToOne[0]" classname="com.blazebit.persistence.testsuite.treat.builder.JoinManyToOneTest" time="0.111"/>
  <testcase name="treatJoinMultipleTreatedRootEmbeddableManyToOne[0]" classname="com.blazebit.persistence.testsuite.treat.builder.JoinManyToOneTest" time="0.11"/>
  <testcase name="treatInnerJoinEmbeddableManyToOne[0]" classname="com.blazebit.persistence.testsuite.treat.builder.JoinManyToOneTest" time="0.103"/>
  <testcase name="treatJoinMultipleTreatedParentRootManyToOne[0]" classname="com.blazebit.persistence.testsuite.treat.builder.JoinManyToOneTest" time="0.101"/>
  <testcase name="joinTreatedRootManyToOne[0]" classname="com.blazebit.persistence.testsuite.treat.builder.JoinManyToOneTest" time="0.101"/>
  <testcase name="treatJoinMultipleParentEmbeddableManyToOne[0]" classname="com.blazebit.persistence.testsuite.treat.builder.JoinManyToOneTest" time="0.114"/>
  <testcase name="treatJoinManyToOne[0]" classname="com.blazebit.persistence.testsuite.treat.builder.JoinManyToOneTest" time="0.104"/>
  <testcase name="joinMultipleTreatedParentRootEmbeddableManyToOne[0]" classname="com.blazebit.persistence.testsuite.treat.builder.JoinManyToOneTest" time="0.102"/>
  <testcase name="innerJoinTreatedRootManyToOne[0]" classname="com.blazebit.persistence.testsuite.treat.builder.JoinManyToOneTest" time="0.101"/>
  <testcase name="joinTreatedRootEmbeddableManyToOne[0]" classname="com.blazebit.persistence.testsuite.treat.builder.JoinManyToOneTest" time="0.118"/>
  <testcase name="treatInnerJoinMultipleTreatedRootEmbeddableManyToOne[0]" classname="com.blazebit.persistence.testsuite.treat.builder.JoinManyToOneTest" time="0.125"/>
  <testcase name="joinMultipleTreatedRootManyToOne[0]" classname="com.blazebit.persistence.testsuite.treat.builder.JoinManyToOneTest" time="0.106"/>
  <testcase name="treatJoinMultipleParentManyToOne[0]" classname="com.blazebit.persistence.testsuite.treat.builder.JoinManyToOneTest" time="0.104"/>
  <testcase name="treatJoinEmbeddableManyToOne[0]" classname="com.blazebit.persistence.testsuite.treat.builder.JoinManyToOneTest" time="0.111"/>
  <testcase name="treatInnerJoinMultipleManyToOne[0]" classname="com.blazebit.persistence.testsuite.treat.builder.JoinManyToOneTest" time="0.125"/>
  <testcase name="joinMultipleTreatedRootEmbeddableManyToOne[1]" classname="com.blazebit.persistence.testsuite.treat.builder.JoinManyToOneTest" time="0.117"/>
  <testcase name="treatJoinMultipleTreatedParentRootEmbeddableManyToOne[1]" classname="com.blazebit.persistence.testsuite.treat.builder.JoinManyToOneTest" time="0.104"/>
  <testcase name="treatJoinTreatedRootEmbeddableManyToOne[1]" classname="com.blazebit.persistence.testsuite.treat.builder.JoinManyToOneTest" time="0.102"/>
  <testcase name="treatJoinTreatedParentRootManyToOne[1]" classname="com.blazebit.persistence.testsuite.treat.builder.JoinManyToOneTest" time="0.099"/>
  <testcase name="treatJoinMultipleManyToOne[1]" classname="com.blazebit.persistence.testsuite.treat.builder.JoinManyToOneTest" time="0.101"/>
  <testcase name="joinMultipleTreatedParentRootManyToOne[1]" classname="com.blazebit.persistence.testsuite.treat.builder.JoinManyToOneTest" time="0.099"/>
  <testcase name="treatInnerJoinMultipleEmbeddableManyToOne[1]" classname="com.blazebit.persistence.testsuite.treat.builder.JoinManyToOneTest" time="0">
    <skipped/>
  </testcase>
  <testcase name="innerJoinMultipleTreatedRootManyToOne[1]" classname="com.blazebit.persistence.testsuite.treat.builder.JoinManyToOneTest" time="0.097"/>
  <testcase name="treatJoinTreatedParentRootEmbeddableManyToOne[1]" classname="com.blazebit.persistence.testsuite.treat.builder.JoinManyToOneTest" time="0.097"/>
  <testcase name="treatJoinParentManyToOne[1]" classname="com.blazebit.persistence.testsuite.treat.builder.JoinManyToOneTest" time="0.095"/>
  <testcase name="joinTreatedParentRootEmbeddableManyToOne[1]" classname="com.blazebit.persistence.testsuite.treat.builder.JoinManyToOneTest" time="0.1"/>
  <testcase name="treatJoinMultipleTreatedRootManyToOne[1]" classname="com.blazebit.persistence.testsuite.treat.builder.JoinManyToOneTest" time="0.112"/>
  <testcase name="treatJoinTreatedRootManyToOne[1]" classname="com.blazebit.persistence.testsuite.treat.builder.JoinManyToOneTest" time="0.098"/>
  <testcase name="treatInnerJoinTreatedRootManyToOne[1]" classname="com.blazebit.persistence.testsuite.treat.builder.JoinManyToOneTest" time="0.099"/>
  <testcase name="innerJoinMultipleTreatedRootEmbeddableManyToOne[1]" classname="com.blazebit.persistence.testsuite.treat.builder.JoinManyToOneTest" time="0.103"/>
  <testcase name="treatInnerJoinMultipleTreatedRootManyToOne[1]" classname="com.blazebit.persistence.testsuite.treat.builder.JoinManyToOneTest" time="0.104"/>
  <testcase name="treatInnerJoinManyToOne[1]" classname="com.blazebit.persistence.testsuite.treat.builder.JoinManyToOneTest" time="0.11"/>
  <testcase name="treatJoinParentEmbeddableManyToOne[1]" classname="com.blazebit.persistence.testsuite.treat.builder.JoinManyToOneTest" time="0.102"/>
  <testcase name="treatInnerJoinTreatedRootEmbeddableManyToOne[1]" classname="com.blazebit.persistence.testsuite.treat.builder.JoinManyToOneTest" time="0.101"/>
  <testcase name="innerJoinTreatedRootEmbeddableManyToOne[1]" classname="com.blazebit.persistence.testsuite.treat.builder.JoinManyToOneTest" time="0.1"/>
  <testcase name="treatJoinMultipleEmbeddableManyToOne[1]" classname="com.blazebit.persistence.testsuite.treat.builder.JoinManyToOneTest" time="0.103"/>
  <testcase name="joinTreatedParentRootManyToOne[1]" classname="com.blazebit.persistence.testsuite.treat.builder.JoinManyToOneTest" time="0.107"/>
  <testcase name="treatJoinMultipleTreatedRootEmbeddableManyToOne[1]" classname="com.blazebit.persistence.testsuite.treat.builder.JoinManyToOneTest" time="0.099"/>
  <testcase name="treatInnerJoinEmbeddableManyToOne[1]" classname="com.blazebit.persistence.testsuite.treat.builder.JoinManyToOneTest" time="0.101"/>
  <testcase name="treatJoinMultipleTreatedParentRootManyToOne[1]" classname="com.blazebit.persistence.testsuite.treat.builder.JoinManyToOneTest" time="0.101"/>
  <testcase name="joinTreatedRootManyToOne[1]" classname="com.blazebit.persistence.testsuite.treat.builder.JoinManyToOneTest" time="0.101"/>
  <testcase name="treatJoinMultipleParentEmbeddableManyToOne[1]" classname="com.blazebit.persistence.testsuite.treat.builder.JoinManyToOneTest" time="0.11"/>
  <testcase name="treatJoinManyToOne[1]" classname="com.blazebit.persistence.testsuite.treat.builder.JoinManyToOneTest" time="0.1"/>
  <testcase name="joinMultipleTreatedParentRootEmbeddableManyToOne[1]" classname="com.blazebit.persistence.testsuite.treat.builder.JoinManyToOneTest" time="0.104"/>
  <testcase name="innerJoinTreatedRootManyToOne[1]" classname="com.blazebit.persistence.testsuite.treat.builder.JoinManyToOneTest" time="0.099"/>
  <testcase name="joinTreatedRootEmbeddableManyToOne[1]" classname="com.blazebit.persistence.testsuite.treat.builder.JoinManyToOneTest" time="0.107"/>
  <testcase name="treatInnerJoinMultipleTreatedRootEmbeddableManyToOne[1]" classname="com.blazebit.persistence.testsuite.treat.builder.JoinManyToOneTest" time="0.11"/>
  <testcase name="joinMultipleTreatedRootManyToOne[1]" classname="com.blazebit.persistence.testsuite.treat.builder.JoinManyToOneTest" time="0.104"/>
  <testcase name="treatJoinMultipleParentManyToOne[1]" classname="com.blazebit.persistence.testsuite.treat.builder.JoinManyToOneTest" time="0.101"/>
  <testcase name="treatJoinEmbeddableManyToOne[1]" classname="com.blazebit.persistence.testsuite.treat.builder.JoinManyToOneTest" time="0.099"/>
  <testcase name="treatInnerJoinMultipleManyToOne[1]" classname="com.blazebit.persistence.testsuite.treat.builder.JoinManyToOneTest" time="0">
    <skipped/>
  </testcase>
  <testcase name="joinMultipleTreatedRootEmbeddableManyToOne[2]" classname="com.blazebit.persistence.testsuite.treat.builder.JoinManyToOneTest" time="0">
    <skipped/>
  </testcase>
  <testcase name="treatJoinMultipleTreatedParentRootEmbeddableManyToOne[2]" classname="com.blazebit.persistence.testsuite.treat.builder.JoinManyToOneTest" time="0.105"/>
  <testcase name="treatJoinTreatedRootEmbeddableManyToOne[2]" classname="com.blazebit.persistence.testsuite.treat.builder.JoinManyToOneTest" time="0">
    <skipped/>
  </testcase>
  <testcase name="treatJoinTreatedParentRootManyToOne[2]" classname="com.blazebit.persistence.testsuite.treat.builder.JoinManyToOneTest" time="0.096"/>
  <testcase name="treatJoinMultipleManyToOne[2]" classname="com.blazebit.persistence.testsuite.treat.builder.JoinManyToOneTest" time="0">
    <skipped/>
  </testcase>
  <testcase name="joinMultipleTreatedParentRootManyToOne[2]" classname="com.blazebit.persistence.testsuite.treat.builder.JoinManyToOneTest" time="0.111"/>
  <testcase name="treatInnerJoinMultipleEmbeddableManyToOne[2]" classname="com.blazebit.persistence.testsuite.treat.builder.JoinManyToOneTest" time="0">
    <skipped/>
  </testcase>
  <testcase name="innerJoinMultipleTreatedRootManyToOne[2]" classname="com.blazebit.persistence.testsuite.treat.builder.JoinManyToOneTest" time="0">
    <skipped/>
  </testcase>
  <testcase name="treatJoinTreatedParentRootEmbeddableManyToOne[2]" classname="com.blazebit.persistence.testsuite.treat.builder.JoinManyToOneTest" time="0.106"/>
  <testcase name="treatJoinParentManyToOne[2]" classname="com.blazebit.persistence.testsuite.treat.builder.JoinManyToOneTest" time="0.121"/>
  <testcase name="joinTreatedParentRootEmbeddableManyToOne[2]" classname="com.blazebit.persistence.testsuite.treat.builder.JoinManyToOneTest" time="0.122"/>
  <testcase name="treatJoinMultipleTreatedRootManyToOne[2]" classname="com.blazebit.persistence.testsuite.treat.builder.JoinManyToOneTest" time="0">
    <skipped/>
  </testcase>
  <testcase name="treatJoinTreatedRootManyToOne[2]" classname="com.blazebit.persistence.testsuite.treat.builder.JoinManyToOneTest" time="0">
    <skipped/>
  </testcase>
  <testcase name="treatInnerJoinTreatedRootManyToOne[2]" classname="com.blazebit.persistence.testsuite.treat.builder.JoinManyToOneTest" time="0">
    <skipped/>
  </testcase>
  <testcase name="innerJoinMultipleTreatedRootEmbeddableManyToOne[2]" classname="com.blazebit.persistence.testsuite.treat.builder.JoinManyToOneTest" time="0">
    <skipped/>
  </testcase>
  <testcase name="treatInnerJoinMultipleTreatedRootManyToOne[2]" classname="com.blazebit.persistence.testsuite.treat.builder.JoinManyToOneTest" time="0">
    <skipped/>
  </testcase>
  <testcase name="treatInnerJoinManyToOne[2]" classname="com.blazebit.persistence.testsuite.treat.builder.JoinManyToOneTest" time="0">
    <skipped/>
  </testcase>
  <testcase name="treatJoinParentEmbeddableManyToOne[2]" classname="com.blazebit.persistence.testsuite.treat.builder.JoinManyToOneTest" time="0.097"/>
  <testcase name="treatInnerJoinTreatedRootEmbeddableManyToOne[2]" classname="com.blazebit.persistence.testsuite.treat.builder.JoinManyToOneTest" time="0">
    <skipped/>
  </testcase>
  <testcase name="innerJoinTreatedRootEmbeddableManyToOne[2]" classname="com.blazebit.persistence.testsuite.treat.builder.JoinManyToOneTest" time="0">
    <skipped/>
  </testcase>
  <testcase name="treatJoinMultipleEmbeddableManyToOne[2]" classname="com.blazebit.persistence.testsuite.treat.builder.JoinManyToOneTest" time="0">
    <skipped/>
  </testcase>
  <testcase name="joinTreatedParentRootManyToOne[2]" classname="com.blazebit.persistence.testsuite.treat.builder.JoinManyToOneTest" time="0.099"/>
  <testcase name="treatJoinMultipleTreatedRootEmbeddableManyToOne[2]" classname="com.blazebit.persistence.testsuite.treat.builder.JoinManyToOneTest" time="0">
    <skipped/>
  </testcase>
  <testcase name="treatInnerJoinEmbeddableManyToOne[2]" classname="com.blazebit.persistence.testsuite.treat.builder.JoinManyToOneTest" time="0">
    <skipped/>
  </testcase>
  <testcase name="treatJoinMultipleTreatedParentRootManyToOne[2]" classname="com.blazebit.persistence.testsuite.treat.builder.JoinManyToOneTest" time="0.104"/>
  <testcase name="joinTreatedRootManyToOne[2]" classname="com.blazebit.persistence.testsuite.treat.builder.JoinManyToOneTest" time="0">
    <skipped/>
  </testcase>
  <testcase name="treatJoinMultipleParentEmbeddableManyToOne[2]" classname="com.blazebit.persistence.testsuite.treat.builder.JoinManyToOneTest" time="0.105"/>
  <testcase name="treatJoinManyToOne[2]" classname="com.blazebit.persistence.testsuite.treat.builder.JoinManyToOneTest" time="0">
    <skipped/>
  </testcase>
  <testcase name="joinMultipleTreatedParentRootEmbeddableManyToOne[2]" classname="com.blazebit.persistence.testsuite.treat.builder.JoinManyToOneTest" time="0.099"/>
  <testcase name="innerJoinTreatedRootManyToOne[2]" classname="com.blazebit.persistence.testsuite.treat.builder.JoinManyToOneTest" time="0">
    <skipped/>
  </testcase>
  <testcase name="joinTreatedRootEmbeddableManyToOne[2]" classname="com.blazebit.persistence.testsuite.treat.builder.JoinManyToOneTest" time="0">
    <skipped/>
  </testcase>
  <testcase name="treatInnerJoinMultipleTreatedRootEmbeddableManyToOne[2]" classname="com.blazebit.persistence.testsuite.treat.builder.JoinManyToOneTest" time="0">
    <skipped/>
  </testcase>
  <testcase name="joinMultipleTreatedRootManyToOne[2]" classname="com.blazebit.persistence.testsuite.treat.builder.JoinManyToOneTest" time="0">
    <skipped/>
  </testcase>
  <testcase name="treatJoinMultipleParentManyToOne[2]" classname="com.blazebit.persistence.testsuite.treat.builder.JoinManyToOneTest" time="0.104"/>
  <testcase name="treatJoinEmbeddableManyToOne[2]" classname="com.blazebit.persistence.testsuite.treat.builder.JoinManyToOneTest" time="0">
    <skipped/>
  </testcase>
  <testcase name="treatInnerJoinMultipleManyToOne[2]" classname="com.blazebit.persistence.testsuite.treat.builder.JoinManyToOneTest" time="0">
    <skipped/>
  </testcase>
</testsuite>