<?xml version="1.0" encoding="UTF-8"?>
<testsuite xmlns:xsi="http://www.w3.org/2001/XMLSchema-instance" xsi:schemaLocation="https://maven.apache.org/surefire/maven-surefire-plugin/xsd/surefire-test-report.xsd" name="com.blazebit.persistence.testsuite.treat.builder.JoinOneToManyListTest" time="11.065" tests="108" errors="0" skipped="24" failures="0">
  <properties>
    <property name="java.runtime.name" value="OpenJDK Runtime Environment"/>
    <property name="sun.boot.library.path" value="/usr/lib/jvm/java-8-openjdk-amd64/jre/lib/amd64"/>
    <property name="java.vm.version" value="25.252-b09"/>
    <property name="java.vm.vendor" value="Private Build"/>
    <property name="maven.multiModuleProjectDirectory" value="/media/4tb/npex/npex_data/benchmarks-bears/Bears-156-buggy"/>
    <property name="java.vendor.url" value="http://java.oracle.com/"/>
    <property name="path.separator" value=":"/>
    <property name="guice.disable.misplaced.annotation.check" value="true"/>
    <property name="skip.gulp" value="true"/>
    <property name="java.vm.name" value="OpenJDK 64-Bit Server VM"/>
    <property name="file.encoding.pkg" value="sun.io"/>
    <property name="user.country" value="US"/>
    <property name="sun.java.launcher" value="SUN_STANDARD"/>
    <property name="sun.os.patch.level" value="unknown"/>
    <property name="findbugs.skip" value="true"/>
    <property name="java.vm.specification.name" value="Java Virtual Machine Specification"/>
    <property name="user.dir" value="/media/4tb/npex/npex_data/benchmarks-bears/Bears-156-buggy"/>
    <property name="checkstyle.skip" value="true"/>
    <property name="java.runtime.version" value="1.8.0_252-8u252-b09-1~18.04-b09"/>
    <property name="java.awt.graphicsenv" value="sun.awt.X11GraphicsEnvironment"/>
    <property name="skip.npm" value="true"/>
    <property name="java.endorsed.dirs" value="/usr/lib/jvm/java-8-openjdk-amd64/jre/lib/endorsed"/>
    <property name="os.arch" value="amd64"/>
    <property name="java.io.tmpdir" value="/tmp"/>
    <property name="gpg.skip" value="true"/>
    <property name="line.separator" value="&#10;"/>
    <property name="java.vm.specification.vendor" value="Oracle Corporation"/>
    <property name="cobertura.skip" value="true"/>
    <property name="os.name" value="Linux"/>
    <property name="classworlds.conf" value="/usr/share/maven/bin/m2.conf"/>
    <property name="sun.jnu.encoding" value="UTF-8"/>
    <property name="java.library.path" value="/usr/java/packages/lib/amd64:/usr/lib/x86_64-linux-gnu/jni:/lib/x86_64-linux-gnu:/usr/lib/x86_64-linux-gnu:/usr/lib/jni:/lib:/usr/lib"/>
    <property name="license.skip" value="true"/>
    <property name="maven.conf" value="/usr/share/maven/conf"/>
    <property name="java.class.version" value="52.0"/>
    <property name="java.specification.name" value="Java Platform API Specification"/>
    <property name="sun.management.compiler" value="HotSpot 64-Bit Tiered Compilers"/>
    <property name="skip.bower" value="true"/>
    <property name="os.version" value="4.15.0-106-generic"/>
    <property name="library.jansi.path" value="/usr/share/maven/lib/jansi-native"/>
    <property name="user.home" value="/home/junhee"/>
    <property name="user.timezone" value="Asia/Seoul"/>
    <property name="java.awt.printerjob" value="sun.print.PSPrinterJob"/>
    <property name="java.specification.version" value="1.8"/>
    <property name="file.encoding" value="UTF-8"/>
    <property name="user.name" value="junhee"/>
    <property name="java.class.path" value="/usr/share/maven/boot/plexus-classworlds-2.x.jar"/>
    <property name="java.vm.specification.version" value="1.8"/>
    <property name="sun.arch.data.model" value="64"/>
    <property name="java.home" value="/usr/lib/jvm/java-8-openjdk-amd64/jre"/>
    <property name="sun.java.command" value="org.codehaus.plexus.classworlds.launcher.Launcher clean test -V -B -Denforcer.skip=true -Dcheckstyle.skip=true -Dcobertura.skip=true -Drat.skip=true -Dlicense.skip=true -Dfindbugs.skip=true -Dgpg.skip=true -Dskip.npm=true -Dskip.gulp=true -Dskip.bower=true"/>
    <property name="java.specification.vendor" value="Oracle Corporation"/>
    <property name="user.language" value="en"/>
    <property name="awt.toolkit" value="sun.awt.X11.XToolkit"/>
    <property name="java.vm.info" value="mixed mode"/>
    <property name="java.version" value="1.8.0_252"/>
    <property name="java.ext.dirs" value="/usr/lib/jvm/java-8-openjdk-amd64/jre/lib/ext:/usr/java/packages/lib/ext"/>
    <property name="securerandom.source" value="file:/dev/./urandom"/>
    <property name="sun.boot.class.path" value="/usr/lib/jvm/java-8-openjdk-amd64/jre/lib/resources.jar:/usr/lib/jvm/java-8-openjdk-amd64/jre/lib/rt.jar:/usr/lib/jvm/java-8-openjdk-amd64/jre/lib/sunrsasign.jar:/usr/lib/jvm/java-8-openjdk-amd64/jre/lib/jsse.jar:/usr/lib/jvm/java-8-openjdk-amd64/jre/lib/jce.jar:/usr/lib/jvm/java-8-openjdk-amd64/jre/lib/charsets.jar:/usr/lib/jvm/java-8-openjdk-amd64/jre/lib/jfr.jar:/usr/lib/jvm/java-8-openjdk-amd64/jre/classes"/>
    <property name="java.vendor" value="Private Build"/>
    <property name="enforcer.skip" value="true"/>
    <property name="rat.skip" value="true"/>
    <property name="maven.home" value="/usr/share/maven"/>
    <property name="file.separator" value="/"/>
    <property name="java.vendor.url.bug" value="http://bugreport.sun.com/bugreport/"/>
    <property name="sun.cpu.endian" value="little"/>
    <property name="sun.io.unicode.encoding" value="UnicodeLittle"/>
    <property name="sun.cpu.isalist" value=""/>
  </properties>
  <testcase name="treatJoinMultipleTreatedRootEmbeddableOneToManyList[0]" classname="com.blazebit.persistence.testsuite.treat.builder.JoinOneToManyListTest" time="0.11"/>
  <testcase name="treatJoinMultipleParentOneToManyList[0]" classname="com.blazebit.persistence.testsuite.treat.builder.JoinOneToManyListTest" time="0.105"/>
  <testcase name="joinMultipleTreatedRootEmbeddableOneToManyList[0]" classname="com.blazebit.persistence.testsuite.treat.builder.JoinOneToManyListTest" time="0.111"/>
  <testcase name="treatInnerJoinMultipleOneToManyList[0]" classname="com.blazebit.persistence.testsuite.treat.builder.JoinOneToManyListTest" time="0.111"/>
  <testcase name="treatJoinEmbeddableOneToManyList[0]" classname="com.blazebit.persistence.testsuite.treat.builder.JoinOneToManyListTest" time="0.104"/>
  <testcase name="treatInnerJoinEmbeddableOneToManyList[0]" classname="com.blazebit.persistence.testsuite.treat.builder.JoinOneToManyListTest" time="0.097"/>
  <testcase name="joinTreatedRootOneToManyList[0]" classname="com.blazebit.persistence.testsuite.treat.builder.JoinOneToManyListTest" time="0.097"/>
  <testcase name="joinMultipleTreatedRootOneToManyList[0]" classname="com.blazebit.persistence.testsuite.treat.builder.JoinOneToManyListTest" time="0.098"/>
  <testcase name="treatInnerJoinTreatedRootEmbeddableOneToManyList[0]" classname="com.blazebit.persistence.testsuite.treat.builder.JoinOneToManyListTest" time="0.108"/>
  <testcase name="treatJoinParentEmbeddableOneToManyList[0]" classname="com.blazebit.persistence.testsuite.treat.builder.JoinOneToManyListTest" time="0.097"/>
  <testcase name="treatJoinMultipleTreatedRootOneToManyList[0]" classname="com.blazebit.persistence.testsuite.treat.builder.JoinOneToManyListTest" time="0.096"/>
  <testcase name="innerJoinMultipleTreatedRootEmbeddableOneToManyList[0]" classname="com.blazebit.persistence.testsuite.treat.builder.JoinOneToManyListTest" time="0.102"/>
  <testcase name="innerJoinTreatedRootEmbeddableOneToManyList[0]" classname="com.blazebit.persistence.testsuite.treat.builder.JoinOneToManyListTest" time="0.1"/>
  <testcase name="innerJoinMultipleTreatedRootOneToManyList[0]" classname="com.blazebit.persistence.testsuite.treat.builder.JoinOneToManyListTest" time="0.125"/>
  <testcase name="treatJoinParentOneToManyList[0]" classname="com.blazebit.persistence.testsuite.treat.builder.JoinOneToManyListTest" time="0.11"/>
  <testcase name="treatInnerJoinMultipleTreatedRootEmbeddableOneToManyList[0]" classname="com.blazebit.persistence.testsuite.treat.builder.JoinOneToManyListTest" time="0.107"/>
  <testcase name="treatJoinMultipleTreatedParentRootOneToManyList[0]" classname="com.blazebit.persistence.testsuite.treat.builder.JoinOneToManyListTest" time="0.101"/>
  <testcase name="treatInnerJoinTreatedRootOneToManyList[0]" classname="com.blazebit.persistence.testsuite.treat.builder.JoinOneToManyListTest" time="0.102"/>
  <testcase name="treatJoinTreatedRootEmbeddableOneToManyList[0]" classname="com.blazebit.persistence.testsuite.treat.builder.JoinOneToManyListTest" time="0.113"/>
  <testcase name="treatInnerJoinMultipleEmbeddableOneToManyList[0]" classname="com.blazebit.persistence.testsuite.treat.builder.JoinOneToManyListTest" time="0.106"/>
  <testcase name="treatJoinOneToManyList[0]" classname="com.blazebit.persistence.testsuite.treat.builder.JoinOneToManyListTest" time="0.102"/>
  <testcase name="joinTreatedParentRootOneToManyList[0]" classname="com.blazebit.persistence.testsuite.treat.builder.JoinOneToManyListTest" time="0.101"/>
  <testcase name="treatJoinMultipleParentEmbeddableOneToManyList[0]" classname="com.blazebit.persistence.testsuite.treat.builder.JoinOneToManyListTest" time="0.103"/>
  <testcase name="treatInnerJoinOneToManyList[0]" classname="com.blazebit.persistence.testsuite.treat.builder.JoinOneToManyListTest" time="0.11"/>
  <testcase name="treatJoinMultipleEmbeddableOneToManyList[0]" classname="com.blazebit.persistence.testsuite.treat.builder.JoinOneToManyListTest" time="0.104"/>
  <testcase name="treatJoinTreatedParentRootEmbeddableOneToManyList[0]" classname="com.blazebit.persistence.testsuite.treat.builder.JoinOneToManyListTest" time="0.101"/>
  <testcase name="joinMultipleTreatedParentRootEmbeddableOneToManyList[0]" classname="com.blazebit.persistence.testsuite.treat.builder.JoinOneToManyListTest" time="0.102"/>
  <testcase name="treatJoinMultipleTreatedParentRootEmbeddableOneToManyList[0]" classname="com.blazebit.persistence.testsuite.treat.builder.JoinOneToManyListTest" time="0.103"/>
  <testcase name="treatInnerJoinMultipleTreatedRootOneToManyList[0]" classname="com.blazebit.persistence.testsuite.treat.builder.JoinOneToManyListTest" time="0.12"/>
  <testcase name="joinMultipleTreatedParentRootOneToManyList[0]" classname="com.blazebit.persistence.testsuite.treat.builder.JoinOneToManyListTest" time="0.104"/>
  <testcase name="innerJoinTreatedRootOneToManyList[0]" classname="com.blazebit.persistence.testsuite.treat.builder.JoinOneToManyListTest" time="0.099"/>
  <testcase name="treatJoinTreatedParentRootOneToManyList[0]" classname="com.blazebit.persistence.testsuite.treat.builder.JoinOneToManyListTest" time="0.1"/>
  <testcase name="joinTreatedParentRootEmbeddableOneToManyList[0]" classname="com.blazebit.persistence.testsuite.treat.builder.JoinOneToManyListTest" time="0.105"/>
  <testcase name="treatJoinMultipleOneToManyList[0]" classname="com.blazebit.persistence.testsuite.treat.builder.JoinOneToManyListTest" time="0.112"/>
  <testcase name="joinTreatedRootEmbeddableOneToManyList[0]" classname="com.blazebit.persistence.testsuite.treat.builder.JoinOneToManyListTest" time="0.112"/>
  <testcase name="treatJoinTreatedRootOneToManyList[0]" classname="com.blazebit.persistence.testsuite.treat.builder.JoinOneToManyListTest" time="0.113"/>
  <testcase name="treatJoinMultipleTreatedRootEmbeddableOneToManyList[1]" classname="com.blazebit.persistence.testsuite.treat.builder.JoinOneToManyListTest" time="0.107"/>
  <testcase name="treatJoinMultipleParentOneToManyList[1]" classname="com.blazebit.persistence.testsuite.treat.builder.JoinOneToManyListTest" time="0.103"/>
  <testcase name="joinMultipleTreatedRootEmbeddableOneToManyList[1]" classname="com.blazebit.persistence.testsuite.treat.builder.JoinOneToManyListTest" time="0.112"/>
  <testcase name="treatInnerJoinMultipleOneToManyList[1]" classname="com.blazebit.persistence.testsuite.treat.builder.JoinOneToManyListTest" time="0.104"/>
  <testcase name="treatJoinEmbeddableOneToManyList[1]" classname="com.blazebit.persistence.testsuite.treat.builder.JoinOneToManyListTest" time="0.105"/>
  <testcase name="treatInnerJoinEmbeddableOneToManyList[1]" classname="com.blazebit.persistence.testsuite.treat.builder.JoinOneToManyListTest" time="0.1"/>
  <testcase name="joinTreatedRootOneToManyList[1]" classname="com.blazebit.persistence.testsuite.treat.builder.JoinOneToManyListTest" time="0.096"/>
  <testcase name="joinMultipleTreatedRootOneToManyList[1]" classname="com.blazebit.persistence.testsuite.treat.builder.JoinOneToManyListTest" time="0.112"/>
  <testcase name="treatInnerJoinTreatedRootEmbeddableOneToManyList[1]" classname="com.blazebit.persistence.testsuite.treat.builder.JoinOneToManyListTest" time="0.104"/>
  <testcase name="treatJoinParentEmbeddableOneToManyList[1]" classname="com.blazebit.persistence.testsuite.treat.builder.JoinOneToManyListTest" time="0.103"/>
  <testcase name="treatJoinMultipleTreatedRootOneToManyList[1]" classname="com.blazebit.persistence.testsuite.treat.builder.JoinOneToManyListTest" time="0.104"/>
  <testcase name="innerJoinMultipleTreatedRootEmbeddableOneToManyList[1]" classname="com.blazebit.persistence.testsuite.treat.builder.JoinOneToManyListTest" time="0.104"/>
  <testcase name="innerJoinTreatedRootEmbeddableOneToManyList[1]" classname="com.blazebit.persistence.testsuite.treat.builder.JoinOneToManyListTest" time="0.113"/>
  <testcase name="innerJoinMultipleTreatedRootOneToManyList[1]" classname="com.blazebit.persistence.testsuite.treat.builder.JoinOneToManyListTest" time="0.103"/>
  <testcase name="treatJoinParentOneToManyList[1]" classname="com.blazebit.persistence.testsuite.treat.builder.JoinOneToManyListTest" time="0.099"/>
  <testcase name="treatInnerJoinMultipleTreatedRootEmbeddableOneToManyList[1]" classname="com.blazebit.persistence.testsuite.treat.builder.JoinOneToManyListTest" time="0.099"/>
  <testcase name="treatJoinMultipleTreatedParentRootOneToManyList[1]" classname="com.blazebit.persistence.testsuite.treat.builder.JoinOneToManyListTest" time="0.098"/>
  <testcase name="treatInnerJoinTreatedRootOneToManyList[1]" classname="com.blazebit.persistence.testsuite.treat.builder.JoinOneToManyListTest" time="0.107"/>
  <testcase name="treatJoinTreatedRootEmbeddableOneToManyList[1]" classname="com.blazebit.persistence.testsuite.treat.builder.JoinOneToManyListTest" time="0.098"/>
  <testcase name="treatInnerJoinMultipleEmbeddableOneToManyList[1]" classname="com.blazebit.persistence.testsuite.treat.builder.JoinOneToManyListTest" time="0.107"/>
  <testcase name="treatJoinOneToManyList[1]" classname="com.blazebit.persistence.testsuite.treat.builder.JoinOneToManyListTest" time="0.106"/>
  <testcase name="joinTreatedParentRootOneToManyList[1]" classname="com.blazebit.persistence.testsuite.treat.builder.JoinOneToManyListTest" time="0.101"/>
  <testcase name="treatJoinMultipleParentEmbeddableOneToManyList[1]" classname="com.blazebit.persistence.testsuite.treat.builder.JoinOneToManyListTest" time="0.113"/>
  <testcase name="treatInnerJoinOneToManyList[1]" classname="com.blazebit.persistence.testsuite.treat.builder.JoinOneToManyListTest" time="0.103"/>
  <testcase name="treatJoinMultipleEmbeddableOneToManyList[1]" classname="com.blazebit.persistence.testsuite.treat.builder.JoinOneToManyListTest" time="0.103"/>
  <testcase name="treatJoinTreatedParentRootEmbeddableOneToManyList[1]" classname="com.blazebit.persistence.testsuite.treat.builder.JoinOneToManyListTest" time="0.099"/>
  <testcase name="joinMultipleTreatedParentRootEmbeddableOneToManyList[1]" classname="com.blazebit.persistence.testsuite.treat.builder.JoinOneToManyListTest" time="0.101"/>
  <testcase name="treatJoinMultipleTreatedParentRootEmbeddableOneToManyList[1]" classname="com.blazebit.persistence.testsuite.treat.builder.JoinOneToManyListTest" time="0.111"/>
  <testcase name="treatInnerJoinMultipleTreatedRootOneToManyList[1]" classname="com.blazebit.persistence.testsuite.treat.builder.JoinOneToManyListTest" time="0.098"/>
  <testcase name="joinMultipleTreatedParentRootOneToManyList[1]" classname="com.blazebit.persistence.testsuite.treat.builder.JoinOneToManyListTest" time="0.096"/>
  <testcase name="innerJoinTreatedRootOneToManyList[1]" classname="com.blazebit.persistence.testsuite.treat.builder.JoinOneToManyListTest" time="0.096"/>
  <testcase name="treatJoinTreatedParentRootOneToManyList[1]" classname="com.blazebit.persistence.testsuite.treat.builder.JoinOneToManyListTest" time="0.096"/>
  <testcase name="joinTreatedParentRootEmbeddableOneToManyList[1]" classname="com.blazebit.persistence.testsuite.treat.builder.JoinOneToManyListTest" time="0.11"/>
  <testcase name="treatJoinMultipleOneToManyList[1]" classname="com.blazebit.persistence.testsuite.treat.builder.JoinOneToManyListTest" time="0.099"/>
  <testcase name="joinTreatedRootEmbeddableOneToManyList[1]" classname="com.blazebit.persistence.testsuite.treat.builder.JoinOneToManyListTest" time="0.096"/>
  <testcase name="treatJoinTreatedRootOneToManyList[1]" classname="com.blazebit.persistence.testsuite.treat.builder.JoinOneToManyListTest" time="0.096"/>
  <testcase name="treatJoinMultipleTreatedRootEmbeddableOneToManyList[2]" classname="com.blazebit.persistence.testsuite.treat.builder.JoinOneToManyListTest" time="0">
    <skipped/>
  </testcase>
  <testcase name="treatJoinMultipleParentOneToManyList[2]" classname="com.blazebit.persistence.testsuite.treat.builder.JoinOneToManyListTest" time="0.121"/>
  <testcase name="joinMultipleTreatedRootEmbeddableOneToManyList[2]" classname="com.blazebit.persistence.testsuite.treat.builder.JoinOneToManyListTest" time="0">
    <skipped/>
  </testcase>
  <testcase name="treatInnerJoinMultipleOneToManyList[2]" classname="com.blazebit.persistence.testsuite.treat.builder.JoinOneToManyListTest" time="0">
    <skipped/>
  </testcase>
  <testcase name="treatJoinEmbeddableOneToManyList[2]" classname="com.blazebit.persistence.testsuite.treat.builder.JoinOneToManyListTest" time="0">
    <skipped/>
  </testcase>
  <testcase name="treatInnerJoinEmbeddableOneToManyList[2]" classname="com.blazebit.persistence.testsuite.treat.builder.JoinOneToManyListTest" time="0">
    <skipped/>
  </testcase>
  <testcase name="joinTreatedRootOneToManyList[2]" classname="com.blazebit.persistence.testsuite.treat.builder.JoinOneToManyListTest" time="0">
    <skipped/>
  </testcase>
  <testcase name="joinMultipleTreatedRootOneToManyList[2]" classname="com.blazebit.persistence.testsuite.treat.builder.JoinOneToManyListTest" time="0">
    <skipped/>
  </testcase>
  <testcase name="treatInnerJoinTreatedRootEmbeddableOneToManyList[2]" classname="com.blazebit.persistence.testsuite.treat.builder.JoinOneToManyListTest" time="0">
    <skipped/>
  </testcase>
  <testcase name="treatJoinParentEmbeddableOneToManyList[2]" classname="com.blazebit.persistence.testsuite.treat.builder.JoinOneToManyListTest" time="0.096"/>
  <testcase name="treatJoinMultipleTreatedRootOneToManyList[2]" classname="com.blazebit.persistence.testsuite.treat.builder.JoinOneToManyListTest" time="0">
    <skipped/>
  </testcase>
  <testcase name="innerJoinMultipleTreatedRootEmbeddableOneToManyList[2]" classname="com.blazebit.persistence.testsuite.treat.builder.JoinOneToManyListTest" time="0">
    <skipped/>
  </testcase>
  <testcase name="innerJoinTreatedRootEmbeddableOneToManyList[2]" classname="com.blazebit.persistence.testsuite.treat.builder.JoinOneToManyListTest" time="0">
    <skipped/>
  </testcase>
  <testcase name="innerJoinMultipleTreatedRootOneToManyList[2]" classname="com.blazebit.persistence.testsuite.treat.builder.JoinOneToManyListTest" time="0">
    <skipped/>
  </testcase>
  <testcase name="treatJoinParentOneToManyList[2]" classname="com.blazebit.persistence.testsuite.treat.builder.JoinOneToManyListTest" time="0.096"/>
  <testcase name="treatInnerJoinMultipleTreatedRootEmbeddableOneToManyList[2]" classname="com.blazebit.persistence.testsuite.treat.builder.JoinOneToManyListTest" time="0">
    <skipped/>
  </testcase>
  <testcase name="treatJoinMultipleTreatedParentRootOneToManyList[2]" classname="com.blazebit.persistence.testsuite.treat.builder.JoinOneToManyListTest" time="0.108"/>
  <testcase name="treatInnerJoinTreatedRootOneToManyList[2]" classname="com.blazebit.persistence.testsuite.treat.builder.JoinOneToManyListTest" time="0">
    <skipped/>
  </testcase>
  <testcase name="treatJoinTreatedRootEmbeddableOneToManyList[2]" classname="com.blazebit.persistence.testsuite.treat.builder.JoinOneToManyListTest" time="0">
    <skipped/>
  </testcase>
  <testcase name="treatInnerJoinMultipleEmbeddableOneToManyList[2]" classname="com.blazebit.persistence.testsuite.treat.builder.JoinOneToManyListTest" time="0">
    <skipped/>
  </testcase>
  <testcase name="treatJoinOneToManyList[2]" classname="com.blazebit.persistence.testsuite.treat.builder.JoinOneToManyListTest" time="0">
    <skipped/>
  </testcase>
  <testcase name="joinTreatedParentRootOneToManyList[2]" classname="com.blazebit.persistence.testsuite.treat.builder.JoinOneToManyListTest" time="0.106"/>
  <testcase name="treatJoinMultipleParentEmbeddableOneToManyList[2]" classname="com.blazebit.persistence.testsuite.treat.builder.JoinOneToManyListTest" time="0.1"/>
  <testcase name="treatInnerJoinOneToManyList[2]" classname="com.blazebit.persistence.testsuite.treat.builder.JoinOneToManyListTest" time="0">
    <skipped/>
  </testcase>
  <testcase name="treatJoinMultipleEmbeddableOneToManyList[2]" classname="com.blazebit.persistence.testsuite.treat.builder.JoinOneToManyListTest" time="0">
    <skipped/>
  </testcase>
  <testcase name="treatJoinTreatedParentRootEmbeddableOneToManyList[2]" classname="com.blazebit.persistence.testsuite.treat.builder.JoinOneToManyListTest" time="0.099"/>
  <testcase name="joinMultipleTreatedParentRootEmbeddableOneToManyList[2]" classname="com.blazebit.persistence.testsuite.treat.builder.JoinOneToManyListTest" time="0.101"/>
  <testcase name="treatJoinMultipleTreatedParentRootEmbeddableOneToManyList[2]" classname="com.blazebit.persistence.testsuite.treat.builder.JoinOneToManyListTest" time="0.108"/>
  <testcase name="treatInnerJoinMultipleTreatedRootOneToManyList[2]" classname="com.blazebit.persistence.testsuite.treat.builder.JoinOneToManyListTest" time="0">
    <skipped/>
  </testcase>
  <testcase name="joinMultipleTreatedParentRootOneToManyList[2]" classname="com.blazebit.persistence.testsuite.treat.builder.JoinOneToManyListTest" time="0.098"/>
  <testcase name="innerJoinTreatedRootOneToManyList[2]" classname="com.blazebit.persistence.testsuite.treat.builder.JoinOneToManyListTest" time="0">
    <skipped/>
  </testcase>
  <testcase name="treatJoinTreatedParentRootOneToManyList[2]" classname="com.blazebit.persistence.testsuite.treat.builder.JoinOneToManyListTest" time="0.097"/>
  <testcase name="joinTreatedParentRootEmbeddableOneToManyList[2]" classname="com.blazebit.persistence.testsuite.treat.builder.JoinOneToManyListTest" time="0.108"/>
  <testcase name="treatJoinMultipleOneToManyList[2]" classname="com.blazebit.persistence.testsuite.treat.builder.JoinOneToManyListTest" time="0">
    <skipped/>
  </testcase>
  <testcase name="joinTreatedRootEmbeddableOneToManyList[2]" classname="com.blazebit.persistence.testsuite.treat.builder.JoinOneToManyListTest" time="0">
    <skipped/>
  </testcase>
  <testcase name="treatJoinTreatedRootOneToManyList[2]" classname="com.blazebit.persistence.testsuite.treat.builder.JoinOneToManyListTest" time="0">
    <skipped/>
  </testcase>
</testsuite>