<?xml version="1.0" encoding="UTF-8"?>
<testsuite xmlns:xsi="http://www.w3.org/2001/XMLSchema-instance" xsi:schemaLocation="https://maven.apache.org/surefire/maven-surefire-plugin/xsd/surefire-test-report.xsd" name="com.blazebit.persistence.testsuite.treat.builder.JoinManyToManyMapValueTest" time="10.959" tests="108" errors="0" skipped="24" failures="0">
  <properties>
    <property name="java.runtime.name" value="OpenJDK Runtime Environment"/>
    <property name="sun.boot.library.path" value="/usr/lib/jvm/java-8-openjdk-amd64/jre/lib/amd64"/>
    <property name="java.vm.version" value="25.252-b09"/>
    <property name="java.vm.vendor" value="Private Build"/>
    <property name="maven.multiModuleProjectDirectory" value="/media/4tb/npex/npex_data/benchmarks-bears/Bears-156-buggy"/>
    <property name="java.vendor.url" value="http://java.oracle.com/"/>
    <property name="path.separator" value=":"/>
    <property name="guice.disable.misplaced.annotation.check" value="true"/>
    <property name="skip.gulp" value="true"/>
    <property name="java.vm.name" value="OpenJDK 64-Bit Server VM"/>
    <property name="file.encoding.pkg" value="sun.io"/>
    <property name="user.country" value="US"/>
    <property name="sun.java.launcher" value="SUN_STANDARD"/>
    <property name="sun.os.patch.level" value="unknown"/>
    <property name="findbugs.skip" value="true"/>
    <property name="java.vm.specification.name" value="Java Virtual Machine Specification"/>
    <property name="user.dir" value="/media/4tb/npex/npex_data/benchmarks-bears/Bears-156-buggy"/>
    <property name="checkstyle.skip" value="true"/>
    <property name="java.runtime.version" value="1.8.0_252-8u252-b09-1~18.04-b09"/>
    <property name="java.awt.graphicsenv" value="sun.awt.X11GraphicsEnvironment"/>
    <property name="skip.npm" value="true"/>
    <property name="java.endorsed.dirs" value="/usr/lib/jvm/java-8-openjdk-amd64/jre/lib/endorsed"/>
    <property name="os.arch" value="amd64"/>
    <property name="java.io.tmpdir" value="/tmp"/>
    <property name="gpg.skip" value="true"/>
    <property name="line.separator" value="&#10;"/>
    <property name="java.vm.specification.vendor" value="Oracle Corporation"/>
    <property name="cobertura.skip" value="true"/>
    <property name="os.name" value="Linux"/>
    <property name="classworlds.conf" value="/usr/share/maven/bin/m2.conf"/>
    <property name="sun.jnu.encoding" value="UTF-8"/>
    <property name="java.library.path" value="/usr/java/packages/lib/amd64:/usr/lib/x86_64-linux-gnu/jni:/lib/x86_64-linux-gnu:/usr/lib/x86_64-linux-gnu:/usr/lib/jni:/lib:/usr/lib"/>
    <property name="license.skip" value="true"/>
    <property name="maven.conf" value="/usr/share/maven/conf"/>
    <property name="java.class.version" value="52.0"/>
    <property name="java.specification.name" value="Java Platform API Specification"/>
    <property name="sun.management.compiler" value="HotSpot 64-Bit Tiered Compilers"/>
    <property name="skip.bower" value="true"/>
    <property name="os.version" value="4.15.0-106-generic"/>
    <property name="library.jansi.path" value="/usr/share/maven/lib/jansi-native"/>
    <property name="user.home" value="/home/junhee"/>
    <property name="user.timezone" value="Asia/Seoul"/>
    <property name="java.awt.printerjob" value="sun.print.PSPrinterJob"/>
    <property name="java.specification.version" value="1.8"/>
    <property name="file.encoding" value="UTF-8"/>
    <property name="user.name" value="junhee"/>
    <property name="java.class.path" value="/usr/share/maven/boot/plexus-classworlds-2.x.jar"/>
    <property name="java.vm.specification.version" value="1.8"/>
    <property name="sun.arch.data.model" value="64"/>
    <property name="java.home" value="/usr/lib/jvm/java-8-openjdk-amd64/jre"/>
    <property name="sun.java.command" value="org.codehaus.plexus.classworlds.launcher.Launcher clean test -V -B -Denforcer.skip=true -Dcheckstyle.skip=true -Dcobertura.skip=true -Drat.skip=true -Dlicense.skip=true -Dfindbugs.skip=true -Dgpg.skip=true -Dskip.npm=true -Dskip.gulp=true -Dskip.bower=true"/>
    <property name="java.specification.vendor" value="Oracle Corporation"/>
    <property name="user.language" value="en"/>
    <property name="awt.toolkit" value="sun.awt.X11.XToolkit"/>
    <property name="java.vm.info" value="mixed mode"/>
    <property name="java.version" value="1.8.0_252"/>
    <property name="java.ext.dirs" value="/usr/lib/jvm/java-8-openjdk-amd64/jre/lib/ext:/usr/java/packages/lib/ext"/>
    <property name="securerandom.source" value="file:/dev/./urandom"/>
    <property name="sun.boot.class.path" value="/usr/lib/jvm/java-8-openjdk-amd64/jre/lib/resources.jar:/usr/lib/jvm/java-8-openjdk-amd64/jre/lib/rt.jar:/usr/lib/jvm/java-8-openjdk-amd64/jre/lib/sunrsasign.jar:/usr/lib/jvm/java-8-openjdk-amd64/jre/lib/jsse.jar:/usr/lib/jvm/java-8-openjdk-amd64/jre/lib/jce.jar:/usr/lib/jvm/java-8-openjdk-amd64/jre/lib/charsets.jar:/usr/lib/jvm/java-8-openjdk-amd64/jre/lib/jfr.jar:/usr/lib/jvm/java-8-openjdk-amd64/jre/classes"/>
    <property name="java.vendor" value="Private Build"/>
    <property name="enforcer.skip" value="true"/>
    <property name="rat.skip" value="true"/>
    <property name="maven.home" value="/usr/share/maven"/>
    <property name="file.separator" value="/"/>
    <property name="java.vendor.url.bug" value="http://bugreport.sun.com/bugreport/"/>
    <property name="sun.cpu.endian" value="little"/>
    <property name="sun.io.unicode.encoding" value="UnicodeLittle"/>
    <property name="sun.cpu.isalist" value=""/>
  </properties>
  <testcase name="treatJoinTreatedRootEmbeddableManyToManyMapValue[0]" classname="com.blazebit.persistence.testsuite.treat.builder.JoinManyToManyMapValueTest" time="0.114"/>
  <testcase name="innerJoinMultipleTreatedRootEmbeddableManyToManyMapValue[0]" classname="com.blazebit.persistence.testsuite.treat.builder.JoinManyToManyMapValueTest" time="0.107"/>
  <testcase name="treatInnerJoinMultipleTreatedRootEmbeddableManyToManyMapValue[0]" classname="com.blazebit.persistence.testsuite.treat.builder.JoinManyToManyMapValueTest" time="0.1"/>
  <testcase name="treatJoinEmbeddableManyToManyMapValue[0]" classname="com.blazebit.persistence.testsuite.treat.builder.JoinManyToManyMapValueTest" time="0.107"/>
  <testcase name="treatJoinMultipleEmbeddableManyToManyMapValue[0]" classname="com.blazebit.persistence.testsuite.treat.builder.JoinManyToManyMapValueTest" time="0.098"/>
  <testcase name="joinTreatedRootEmbeddableManyToManyMapValue[0]" classname="com.blazebit.persistence.testsuite.treat.builder.JoinManyToManyMapValueTest" time="0.098"/>
  <testcase name="treatInnerJoinMultipleManyToManyMapValue[0]" classname="com.blazebit.persistence.testsuite.treat.builder.JoinManyToManyMapValueTest" time="0.099"/>
  <testcase name="treatInnerJoinManyToManyMapValue[0]" classname="com.blazebit.persistence.testsuite.treat.builder.JoinManyToManyMapValueTest" time="0.098"/>
  <testcase name="innerJoinTreatedRootEmbeddableManyToManyMapValue[0]" classname="com.blazebit.persistence.testsuite.treat.builder.JoinManyToManyMapValueTest" time="0.106"/>
  <testcase name="treatJoinMultipleTreatedParentRootManyToManyMapValue[0]" classname="com.blazebit.persistence.testsuite.treat.builder.JoinManyToManyMapValueTest" time="0.097"/>
  <testcase name="treatJoinParentEmbeddableManyToManyMapValue[0]" classname="com.blazebit.persistence.testsuite.treat.builder.JoinManyToManyMapValueTest" time="0.096"/>
  <testcase name="treatInnerJoinEmbeddableManyToManyMapValue[0]" classname="com.blazebit.persistence.testsuite.treat.builder.JoinManyToManyMapValueTest" time="0.096"/>
  <testcase name="joinMultipleTreatedRootManyToManyMapValue[0]" classname="com.blazebit.persistence.testsuite.treat.builder.JoinManyToManyMapValueTest" time="0.096"/>
  <testcase name="treatJoinTreatedRootManyToManyMapValue[0]" classname="com.blazebit.persistence.testsuite.treat.builder.JoinManyToManyMapValueTest" time="0.106"/>
  <testcase name="joinMultipleTreatedParentRootEmbeddableManyToManyMapValue[0]" classname="com.blazebit.persistence.testsuite.treat.builder.JoinManyToManyMapValueTest" time="0.1"/>
  <testcase name="treatJoinParentManyToManyMapValue[0]" classname="com.blazebit.persistence.testsuite.treat.builder.JoinManyToManyMapValueTest" time="0.096"/>
  <testcase name="treatInnerJoinTreatedRootEmbeddableManyToManyMapValue[0]" classname="com.blazebit.persistence.testsuite.treat.builder.JoinManyToManyMapValueTest" time="0.096"/>
  <testcase name="treatJoinMultipleTreatedParentRootEmbeddableManyToManyMapValue[0]" classname="com.blazebit.persistence.testsuite.treat.builder.JoinManyToManyMapValueTest" time="0.096"/>
  <testcase name="treatJoinMultipleManyToManyMapValue[0]" classname="com.blazebit.persistence.testsuite.treat.builder.JoinManyToManyMapValueTest" time="0.114"/>
  <testcase name="treatJoinTreatedParentRootManyToManyMapValue[0]" classname="com.blazebit.persistence.testsuite.treat.builder.JoinManyToManyMapValueTest" time="0.124"/>
  <testcase name="treatJoinTreatedParentRootEmbeddableManyToManyMapValue[0]" classname="com.blazebit.persistence.testsuite.treat.builder.JoinManyToManyMapValueTest" time="0.115"/>
  <testcase name="joinTreatedParentRootManyToManyMapValue[0]" classname="com.blazebit.persistence.testsuite.treat.builder.JoinManyToManyMapValueTest" time="0.097"/>
  <testcase name="treatInnerJoinTreatedRootManyToManyMapValue[0]" classname="com.blazebit.persistence.testsuite.treat.builder.JoinManyToManyMapValueTest" time="0.099"/>
  <testcase name="joinTreatedParentRootEmbeddableManyToManyMapValue[0]" classname="com.blazebit.persistence.testsuite.treat.builder.JoinManyToManyMapValueTest" time="0.103"/>
  <testcase name="joinTreatedRootManyToManyMapValue[0]" classname="com.blazebit.persistence.testsuite.treat.builder.JoinManyToManyMapValueTest" time="0.095"/>
  <testcase name="joinMultipleTreatedParentRootManyToManyMapValue[0]" classname="com.blazebit.persistence.testsuite.treat.builder.JoinManyToManyMapValueTest" time="0.095"/>
  <testcase name="treatInnerJoinMultipleTreatedRootManyToManyMapValue[0]" classname="com.blazebit.persistence.testsuite.treat.builder.JoinManyToManyMapValueTest" time="0.097"/>
  <testcase name="treatJoinMultipleParentEmbeddableManyToManyMapValue[0]" classname="com.blazebit.persistence.testsuite.treat.builder.JoinManyToManyMapValueTest" time="0.097"/>
  <testcase name="innerJoinMultipleTreatedRootManyToManyMapValue[0]" classname="com.blazebit.persistence.testsuite.treat.builder.JoinManyToManyMapValueTest" time="0.11"/>
  <testcase name="treatJoinMultipleTreatedRootManyToManyMapValue[0]" classname="com.blazebit.persistence.testsuite.treat.builder.JoinManyToManyMapValueTest" time="0.097"/>
  <testcase name="treatJoinMultipleParentManyToManyMapValue[0]" classname="com.blazebit.persistence.testsuite.treat.builder.JoinManyToManyMapValueTest" time="0.096"/>
  <testcase name="treatJoinManyToManyMapValue[0]" classname="com.blazebit.persistence.testsuite.treat.builder.JoinManyToManyMapValueTest" time="0.097"/>
  <testcase name="treatInnerJoinMultipleEmbeddableManyToManyMapValue[0]" classname="com.blazebit.persistence.testsuite.treat.builder.JoinManyToManyMapValueTest" time="0.108"/>
  <testcase name="joinMultipleTreatedRootEmbeddableManyToManyMapValue[0]" classname="com.blazebit.persistence.testsuite.treat.builder.JoinManyToManyMapValueTest" time="0.112"/>
  <testcase name="innerJoinTreatedRootManyToManyMapValue[0]" classname="com.blazebit.persistence.testsuite.treat.builder.JoinManyToManyMapValueTest" time="0.095"/>
  <testcase name="treatJoinMultipleTreatedRootEmbeddableManyToManyMapValue[0]" classname="com.blazebit.persistence.testsuite.treat.builder.JoinManyToManyMapValueTest" time="0.1"/>
  <testcase name="treatJoinTreatedRootEmbeddableManyToManyMapValue[1]" classname="com.blazebit.persistence.testsuite.treat.builder.JoinManyToManyMapValueTest" time="0.095"/>
  <testcase name="innerJoinMultipleTreatedRootEmbeddableManyToManyMapValue[1]" classname="com.blazebit.persistence.testsuite.treat.builder.JoinManyToManyMapValueTest" time="0.101"/>
  <testcase name="treatInnerJoinMultipleTreatedRootEmbeddableManyToManyMapValue[1]" classname="com.blazebit.persistence.testsuite.treat.builder.JoinManyToManyMapValueTest" time="0.115"/>
  <testcase name="treatJoinEmbeddableManyToManyMapValue[1]" classname="com.blazebit.persistence.testsuite.treat.builder.JoinManyToManyMapValueTest" time="0.096"/>
  <testcase name="treatJoinMultipleEmbeddableManyToManyMapValue[1]" classname="com.blazebit.persistence.testsuite.treat.builder.JoinManyToManyMapValueTest" time="0.097"/>
  <testcase name="joinTreatedRootEmbeddableManyToManyMapValue[1]" classname="com.blazebit.persistence.testsuite.treat.builder.JoinManyToManyMapValueTest" time="0.096"/>
  <testcase name="treatInnerJoinMultipleManyToManyMapValue[1]" classname="com.blazebit.persistence.testsuite.treat.builder.JoinManyToManyMapValueTest" time="0.098"/>
  <testcase name="treatInnerJoinManyToManyMapValue[1]" classname="com.blazebit.persistence.testsuite.treat.builder.JoinManyToManyMapValueTest" time="0.113"/>
  <testcase name="innerJoinTreatedRootEmbeddableManyToManyMapValue[1]" classname="com.blazebit.persistence.testsuite.treat.builder.JoinManyToManyMapValueTest" time="0.096"/>
  <testcase name="treatJoinMultipleTreatedParentRootManyToManyMapValue[1]" classname="com.blazebit.persistence.testsuite.treat.builder.JoinManyToManyMapValueTest" time="0.097"/>
  <testcase name="treatJoinParentEmbeddableManyToManyMapValue[1]" classname="com.blazebit.persistence.testsuite.treat.builder.JoinManyToManyMapValueTest" time="0.096"/>
  <testcase name="treatInnerJoinEmbeddableManyToManyMapValue[1]" classname="com.blazebit.persistence.testsuite.treat.builder.JoinManyToManyMapValueTest" time="0.099"/>
  <testcase name="joinMultipleTreatedRootManyToManyMapValue[1]" classname="com.blazebit.persistence.testsuite.treat.builder.JoinManyToManyMapValueTest" time="0.113"/>
  <testcase name="treatJoinTreatedRootManyToManyMapValue[1]" classname="com.blazebit.persistence.testsuite.treat.builder.JoinManyToManyMapValueTest" time="0.097"/>
  <testcase name="joinMultipleTreatedParentRootEmbeddableManyToManyMapValue[1]" classname="com.blazebit.persistence.testsuite.treat.builder.JoinManyToManyMapValueTest" time="0.097"/>
  <testcase name="treatJoinParentManyToManyMapValue[1]" classname="com.blazebit.persistence.testsuite.treat.builder.JoinManyToManyMapValueTest" time="0.096"/>
  <testcase name="treatInnerJoinTreatedRootEmbeddableManyToManyMapValue[1]" classname="com.blazebit.persistence.testsuite.treat.builder.JoinManyToManyMapValueTest" time="0.1"/>
  <testcase name="treatJoinMultipleTreatedParentRootEmbeddableManyToManyMapValue[1]" classname="com.blazebit.persistence.testsuite.treat.builder.JoinManyToManyMapValueTest" time="0.11"/>
  <testcase name="treatJoinMultipleManyToManyMapValue[1]" classname="com.blazebit.persistence.testsuite.treat.builder.JoinManyToManyMapValueTest" time="0.101"/>
  <testcase name="treatJoinTreatedParentRootManyToManyMapValue[1]" classname="com.blazebit.persistence.testsuite.treat.builder.JoinManyToManyMapValueTest" time="0.098"/>
  <testcase name="treatJoinTreatedParentRootEmbeddableManyToManyMapValue[1]" classname="com.blazebit.persistence.testsuite.treat.builder.JoinManyToManyMapValueTest" time="0.096"/>
  <testcase name="joinTreatedParentRootManyToManyMapValue[1]" classname="com.blazebit.persistence.testsuite.treat.builder.JoinManyToManyMapValueTest" time="0.096"/>
  <testcase name="treatInnerJoinTreatedRootManyToManyMapValue[1]" classname="com.blazebit.persistence.testsuite.treat.builder.JoinManyToManyMapValueTest" time="0.096"/>
  <testcase name="joinTreatedParentRootEmbeddableManyToManyMapValue[1]" classname="com.blazebit.persistence.testsuite.treat.builder.JoinManyToManyMapValueTest" time="0.109"/>
  <testcase name="joinTreatedRootManyToManyMapValue[1]" classname="com.blazebit.persistence.testsuite.treat.builder.JoinManyToManyMapValueTest" time="0.096"/>
  <testcase name="joinMultipleTreatedParentRootManyToManyMapValue[1]" classname="com.blazebit.persistence.testsuite.treat.builder.JoinManyToManyMapValueTest" time="0.097"/>
  <testcase name="treatInnerJoinMultipleTreatedRootManyToManyMapValue[1]" classname="com.blazebit.persistence.testsuite.treat.builder.JoinManyToManyMapValueTest" time="0.098"/>
  <testcase name="treatJoinMultipleParentEmbeddableManyToManyMapValue[1]" classname="com.blazebit.persistence.testsuite.treat.builder.JoinManyToManyMapValueTest" time="0.096"/>
  <testcase name="innerJoinMultipleTreatedRootManyToManyMapValue[1]" classname="com.blazebit.persistence.testsuite.treat.builder.JoinManyToManyMapValueTest" time="0.107"/>
  <testcase name="treatJoinMultipleTreatedRootManyToManyMapValue[1]" classname="com.blazebit.persistence.testsuite.treat.builder.JoinManyToManyMapValueTest" time="0.1"/>
  <testcase name="treatJoinMultipleParentManyToManyMapValue[1]" classname="com.blazebit.persistence.testsuite.treat.builder.JoinManyToManyMapValueTest" time="0.109"/>
  <testcase name="treatJoinManyToManyMapValue[1]" classname="com.blazebit.persistence.testsuite.treat.builder.JoinManyToManyMapValueTest" time="0.1"/>
  <testcase name="treatInnerJoinMultipleEmbeddableManyToManyMapValue[1]" classname="com.blazebit.persistence.testsuite.treat.builder.JoinManyToManyMapValueTest" time="0.101"/>
  <testcase name="joinMultipleTreatedRootEmbeddableManyToManyMapValue[1]" classname="com.blazebit.persistence.testsuite.treat.builder.JoinManyToManyMapValueTest" time="0.106"/>
  <testcase name="innerJoinTreatedRootManyToManyMapValue[1]" classname="com.blazebit.persistence.testsuite.treat.builder.JoinManyToManyMapValueTest" time="0.098"/>
  <testcase name="treatJoinMultipleTreatedRootEmbeddableManyToManyMapValue[1]" classname="com.blazebit.persistence.testsuite.treat.builder.JoinManyToManyMapValueTest" time="0.103"/>
  <testcase name="treatJoinTreatedRootEmbeddableManyToManyMapValue[2]" classname="com.blazebit.persistence.testsuite.treat.builder.JoinManyToManyMapValueTest" time="0">
    <skipped/>
  </testcase>
  <testcase name="innerJoinMultipleTreatedRootEmbeddableManyToManyMapValue[2]" classname="com.blazebit.persistence.testsuite.treat.builder.JoinManyToManyMapValueTest" time="0">
    <skipped/>
  </testcase>
  <testcase name="treatInnerJoinMultipleTreatedRootEmbeddableManyToManyMapValue[2]" classname="com.blazebit.persistence.testsuite.treat.builder.JoinManyToManyMapValueTest" time="0">
    <skipped/>
  </testcase>
  <testcase name="treatJoinEmbeddableManyToManyMapValue[2]" classname="com.blazebit.persistence.testsuite.treat.builder.JoinManyToManyMapValueTest" time="0">
    <skipped/>
  </testcase>
  <testcase name="treatJoinMultipleEmbeddableManyToManyMapValue[2]" classname="com.blazebit.persistence.testsuite.treat.builder.JoinManyToManyMapValueTest" time="0">
    <skipped/>
  </testcase>
  <testcase name="joinTreatedRootEmbeddableManyToManyMapValue[2]" classname="com.blazebit.persistence.testsuite.treat.builder.JoinManyToManyMapValueTest" time="0">
    <skipped/>
  </testcase>
  <testcase name="treatInnerJoinMultipleManyToManyMapValue[2]" classname="com.blazebit.persistence.testsuite.treat.builder.JoinManyToManyMapValueTest" time="0">
    <skipped/>
  </testcase>
  <testcase name="treatInnerJoinManyToManyMapValue[2]" classname="com.blazebit.persistence.testsuite.treat.builder.JoinManyToManyMapValueTest" time="0">
    <skipped/>
  </testcase>
  <testcase name="innerJoinTreatedRootEmbeddableManyToManyMapValue[2]" classname="com.blazebit.persistence.testsuite.treat.builder.JoinManyToManyMapValueTest" time="0">
    <skipped/>
  </testcase>
  <testcase name="treatJoinMultipleTreatedParentRootManyToManyMapValue[2]" classname="com.blazebit.persistence.testsuite.treat.builder.JoinManyToManyMapValueTest" time="0.099"/>
  <testcase name="treatJoinParentEmbeddableManyToManyMapValue[2]" classname="com.blazebit.persistence.testsuite.treat.builder.JoinManyToManyMapValueTest" time="0.097"/>
  <testcase name="treatInnerJoinEmbeddableManyToManyMapValue[2]" classname="com.blazebit.persistence.testsuite.treat.builder.JoinManyToManyMapValueTest" time="0">
    <skipped/>
  </testcase>
  <testcase name="joinMultipleTreatedRootManyToManyMapValue[2]" classname="com.blazebit.persistence.testsuite.treat.builder.JoinManyToManyMapValueTest" time="0">
    <skipped/>
  </testcase>
  <testcase name="treatJoinTreatedRootManyToManyMapValue[2]" classname="com.blazebit.persistence.testsuite.treat.builder.JoinManyToManyMapValueTest" time="0">
    <skipped/>
  </testcase>
  <testcase name="joinMultipleTreatedParentRootEmbeddableManyToManyMapValue[2]" classname="com.blazebit.persistence.testsuite.treat.builder.JoinManyToManyMapValueTest" time="0.102"/>
  <testcase name="treatJoinParentManyToManyMapValue[2]" classname="com.blazebit.persistence.testsuite.treat.builder.JoinManyToManyMapValueTest" time="0.101"/>
  <testcase name="treatInnerJoinTreatedRootEmbeddableManyToManyMapValue[2]" classname="com.blazebit.persistence.testsuite.treat.builder.JoinManyToManyMapValueTest" time="0">
    <skipped/>
  </testcase>
  <testcase name="treatJoinMultipleTreatedParentRootEmbeddableManyToManyMapValue[2]" classname="com.blazebit.persistence.testsuite.treat.builder.JoinManyToManyMapValueTest" time="0.112"/>
  <testcase name="treatJoinMultipleManyToManyMapValue[2]" classname="com.blazebit.persistence.testsuite.treat.builder.JoinManyToManyMapValueTest" time="0">
    <skipped/>
  </testcase>
  <testcase name="treatJoinTreatedParentRootManyToManyMapValue[2]" classname="com.blazebit.persistence.testsuite.treat.builder.JoinManyToManyMapValueTest" time="0.101"/>
  <testcase name="treatJoinTreatedParentRootEmbeddableManyToManyMapValue[2]" classname="com.blazebit.persistence.testsuite.treat.builder.JoinManyToManyMapValueTest" time="0.1"/>
  <testcase name="joinTreatedParentRootManyToManyMapValue[2]" classname="com.blazebit.persistence.testsuite.treat.builder.JoinManyToManyMapValueTest" time="0.106"/>
  <testcase name="treatInnerJoinTreatedRootManyToManyMapValue[2]" classname="com.blazebit.persistence.testsuite.treat.builder.JoinManyToManyMapValueTest" time="0">
    <skipped/>
  </testcase>
  <testcase name="joinTreatedParentRootEmbeddableManyToManyMapValue[2]" classname="com.blazebit.persistence.testsuite.treat.builder.JoinManyToManyMapValueTest" time="0.096"/>
  <testcase name="joinTreatedRootManyToManyMapValue[2]" classname="com.blazebit.persistence.testsuite.treat.builder.JoinManyToManyMapValueTest" time="0">
    <skipped/>
  </testcase>
  <testcase name="joinMultipleTreatedParentRootManyToManyMapValue[2]" classname="com.blazebit.persistence.testsuite.treat.builder.JoinManyToManyMapValueTest" time="0.097"/>
  <testcase name="treatInnerJoinMultipleTreatedRootManyToManyMapValue[2]" classname="com.blazebit.persistence.testsuite.treat.builder.JoinManyToManyMapValueTest" time="0">
    <skipped/>
  </testcase>
  <testcase name="treatJoinMultipleParentEmbeddableManyToManyMapValue[2]" classname="com.blazebit.persistence.testsuite.treat.builder.JoinManyToManyMapValueTest" time="0.138"/>
  <testcase name="innerJoinMultipleTreatedRootManyToManyMapValue[2]" classname="com.blazebit.persistence.testsuite.treat.builder.JoinManyToManyMapValueTest" time="0">
    <skipped/>
  </testcase>
  <testcase name="treatJoinMultipleTreatedRootManyToManyMapValue[2]" classname="com.blazebit.persistence.testsuite.treat.builder.JoinManyToManyMapValueTest" time="0">
    <skipped/>
  </testcase>
  <testcase name="treatJoinMultipleParentManyToManyMapValue[2]" classname="com.blazebit.persistence.testsuite.treat.builder.JoinManyToManyMapValueTest" time="0.108"/>
  <testcase name="treatJoinManyToManyMapValue[2]" classname="com.blazebit.persistence.testsuite.treat.builder.JoinManyToManyMapValueTest" time="0">
    <skipped/>
  </testcase>
  <testcase name="treatInnerJoinMultipleEmbeddableManyToManyMapValue[2]" classname="com.blazebit.persistence.testsuite.treat.builder.JoinManyToManyMapValueTest" time="0">
    <skipped/>
  </testcase>
  <testcase name="joinMultipleTreatedRootEmbeddableManyToManyMapValue[2]" classname="com.blazebit.persistence.testsuite.treat.builder.JoinManyToManyMapValueTest" time="0">
    <skipped/>
  </testcase>
  <testcase name="innerJoinTreatedRootManyToManyMapValue[2]" classname="com.blazebit.persistence.testsuite.treat.builder.JoinManyToManyMapValueTest" time="0">
    <skipped/>
  </testcase>
  <testcase name="treatJoinMultipleTreatedRootEmbeddableManyToManyMapValue[2]" classname="com.blazebit.persistence.testsuite.treat.builder.JoinManyToManyMapValueTest" time="0">
    <skipped/>
  </testcase>
</testsuite>