<?xml version="1.0" encoding="UTF-8"?>
<!-- Generated by org.testng.reporters.JUnitReportReporter -->
<testsuite hostname="sal" name="com.linkedin.pinot.broker.routing.RoutingTableTest" tests="2" failures="0" timestamp="12 Aug 2020 07:32:30 GMT" time="0.576" errors="0">
  <testcase name="testHelixExternalViewBasedRoutingTable" time="0.532" classname="com.linkedin.pinot.broker.routing.RoutingTableTest"/>
  <testcase name="testTimeBoundaryRegression" time="0.044" classname="com.linkedin.pinot.broker.routing.RoutingTableTest"/>
</testsuite>
