<?xml version="1.0" encoding="UTF-8"?>
<!-- Generated by org.testng.reporters.JUnitReportReporter -->
<testsuite hostname="sal" name="com.linkedin.pinot.broker.broker.HelixBrokerStarterTest" tests="1" failures="0" timestamp="12 Aug 2020 07:33:14 GMT" time="0.423" errors="0">
  <testcase name="testResourceAndTagAssignment" time="0.423" classname="com.linkedin.pinot.broker.broker.HelixBrokerStarterTest"/>
</testsuite>
