<?xml version="1.0" encoding="UTF-8"?>
<!-- Generated by org.testng.reporters.JUnitReportReporter -->
<testsuite hostname="sal" name="com.linkedin.pinot.broker.requesthandler.MultipleOrEqualitiesToInClauseFilterQueryTreeOptimizerTest" tests="7" failures="0" timestamp="12 Aug 2020 07:32:21 GMT" time="0.377" errors="0">
  <testcase name="testSingularInClauseDedupeAndCollapse" time="0.002" classname="com.linkedin.pinot.broker.requesthandler.MultipleOrEqualitiesToInClauseFilterQueryTreeOptimizerTest"/>
  <testcase name="testSimpleOrCase" time="0.002" classname="com.linkedin.pinot.broker.requesthandler.MultipleOrEqualitiesToInClauseFilterQueryTreeOptimizerTest"/>
  <testcase name="testWithOtherClause" time="0.003" classname="com.linkedin.pinot.broker.requesthandler.MultipleOrEqualitiesToInClauseFilterQueryTreeOptimizerTest"/>
  <testcase name="testEqualityAndInMerge" time="0.004" classname="com.linkedin.pinot.broker.requesthandler.MultipleOrEqualitiesToInClauseFilterQueryTreeOptimizerTest"/>
  <testcase name="testMultipleOutOfOrderClauses" time="0.003" classname="com.linkedin.pinot.broker.requesthandler.MultipleOrEqualitiesToInClauseFilterQueryTreeOptimizerTest"/>
  <testcase name="testDuplicatesAndPullup" time="0.360" classname="com.linkedin.pinot.broker.requesthandler.MultipleOrEqualitiesToInClauseFilterQueryTreeOptimizerTest"/>
  <testcase name="testTwoOrClauses" time="0.003" classname="com.linkedin.pinot.broker.requesthandler.MultipleOrEqualitiesToInClauseFilterQueryTreeOptimizerTest"/>
</testsuite>
