<?xml version="1.0" encoding="UTF-8"?>
<!-- Generated by org.testng.reporters.JUnitReportReporter -->
<testsuite hostname="sal" name="com.linkedin.pinot.broker.routing.RandomRoutingTableTest" tests="1" failures="0" timestamp="12 Aug 2020 07:32:47 GMT" time="0.652" errors="0">
  <testcase name="testHelixExternalViewBasedRoutingTable" time="0.652" classname="com.linkedin.pinot.broker.routing.RandomRoutingTableTest"/>
</testsuite>
