<?xml version="1.0" encoding="UTF-8"?>
<!-- Generated by org.testng.reporters.JUnitReportReporter -->
<testsuite hostname="sal" name="com.linkedin.pinot.broker.requesthandler.OptimizationFlagsTest" tests="4" failures="0" timestamp="12 Aug 2020 07:32:23 GMT" time="0.121" errors="0">
  <testcase name="testEnableOptimizations" time="0.000" classname="com.linkedin.pinot.broker.requesthandler.OptimizationFlagsTest"/>
  <testcase name="testForbidEnableAndDisableTogether" time="0.000" classname="com.linkedin.pinot.broker.requesthandler.OptimizationFlagsTest"/>
  <testcase name="testDisableOptimizations" time="0.120" classname="com.linkedin.pinot.broker.requesthandler.OptimizationFlagsTest"/>
  <testcase name="testOptimizationName" time="0.001" classname="com.linkedin.pinot.broker.requesthandler.OptimizationFlagsTest"/>
</testsuite>
