<?xml version="1.0" encoding="UTF-8"?>
<!-- Generated by org.testng.reporters.JUnitReportReporter -->
<testsuite hostname="sal" name="com.linkedin.pinot.broker.requesthandler.RangeMergeOptimizerTest" tests="2" failures="0" timestamp="12 Aug 2020 07:32:20 GMT" time="0.355" errors="0">
  <testcase name="testRangeIntersection" time="0.014" classname="com.linkedin.pinot.broker.requesthandler.RangeMergeOptimizerTest"/>
  <testcase name="testRangeOptimizer" time="0.341" classname="com.linkedin.pinot.broker.requesthandler.RangeMergeOptimizerTest"/>
</testsuite>
