<?xml version="1.0" encoding="UTF-8"?>
<!-- Generated by org.testng.reporters.JUnitReportReporter -->
<testsuite hostname="sal" name="com.linkedin.pinot.broker.routing.TimeBoundaryServiceTest" tests="1" failures="0" timestamp="12 Aug 2020 07:32:28 GMT" time="2.816" errors="0">
  <testcase name="testExternalViewBasedTimeBoundaryService" time="2.816" classname="com.linkedin.pinot.broker.routing.TimeBoundaryServiceTest"/>
</testsuite>
