<?xml version="1.0" encoding="UTF-8"?>
<!-- Generated by org.testng.reporters.JUnitReportReporter -->
<testsuite hostname="sal" name="com.linkedin.pinot.broker.pruner.SegmentZKMetadataPrunerTest" tests="1" failures="0" timestamp="12 Aug 2020 07:32:49 GMT" time="0.656" errors="0">
  <testcase name="testPruner" time="0.656" classname="com.linkedin.pinot.broker.pruner.SegmentZKMetadataPrunerTest"/>
</testsuite>
