<?xml version="1.0" encoding="UTF-8"?>
<!-- Generated by org.testng.reporters.JUnitReportReporter -->
<testsuite hostname="sal" name="com.linkedin.pinot.broker.routing.builder.PartitionAwareRealtimeRoutingTableBuilderTest" tests="2" failures="0" timestamp="12 Aug 2020 07:32:36 GMT" time="2.039" errors="0">
  <testcase name="testMultipleConsumingSegments" time="0.002" classname="com.linkedin.pinot.broker.routing.builder.PartitionAwareRealtimeRoutingTableBuilderTest"/>
  <testcase name="testBrokerSideSegmentPruning" time="2.037" classname="com.linkedin.pinot.broker.routing.builder.PartitionAwareRealtimeRoutingTableBuilderTest"/>
</testsuite>
