<?xml version="1.0" encoding="UTF-8"?>
<!-- Generated by org.testng.reporters.JUnitReportReporter -->
<testsuite hostname="sal" name="com.linkedin.pinot.broker.routing.builder.PartitionAwareOfflineRoutingTableBuilderTest" tests="1" failures="0" timestamp="12 Aug 2020 07:32:33 GMT" time="1.874" errors="0">
  <testcase name="testBrokerSideServerAndSegmentPruning" time="1.874" classname="com.linkedin.pinot.broker.routing.builder.PartitionAwareOfflineRoutingTableBuilderTest"/>
</testsuite>
