<?xml version="1.0" encoding="UTF-8"?>
<!-- Generated by org.testng.reporters.JUnitReportReporter -->
<testsuite hostname="sal" name="com.linkedin.pinot.broker.broker.HelixBrokerStarterUtilsTest" tests="4" failures="0" timestamp="12 Aug 2020 07:32:52 GMT" time="0.123" errors="0">
  <testcase name="testZkParserUtil2" time="0.000" classname="com.linkedin.pinot.broker.broker.HelixBrokerStarterUtilsTest"/>
  <testcase name="testZkParserUtil3" time="0.001" classname="com.linkedin.pinot.broker.broker.HelixBrokerStarterUtilsTest"/>
  <testcase name="testZkParserUtil1" time="0.122" classname="com.linkedin.pinot.broker.broker.HelixBrokerStarterUtilsTest"/>
  <testcase name="testZkParserUtil4" time="0.000" classname="com.linkedin.pinot.broker.broker.HelixBrokerStarterUtilsTest"/>
</testsuite>
