<?xml version="1.0" encoding="UTF-8"?>
<!-- Generated by org.testng.reporters.JUnitReportReporter -->
<testsuite hostname="sal" name="com.linkedin.pinot.broker.routing.builder.LargeClusterRoutingTableBuilderTest" tests="5" failures="0" timestamp="12 Aug 2020 07:32:45 GMT" time="0.835" errors="0">
  <testcase name="testRoutingTableServerLoadIsRelativelyEqual" time="0.281" classname="com.linkedin.pinot.broker.routing.builder.LargeClusterRoutingTableBuilderTest"/>
  <testcase name="testRoutingTableExcludesDisabledAndRebootingInstances" time="0.079" classname="com.linkedin.pinot.broker.routing.builder.LargeClusterRoutingTableBuilderTest"/>
  <testcase name="setUp" time="0.012" classname="com.linkedin.pinot.broker.routing.builder.LargeClusterRoutingTableBuilderTest"/>
  <testcase name="testRoutingTableCoversAllSegmentsExactlyOnce" time="0.375" classname="com.linkedin.pinot.broker.routing.builder.LargeClusterRoutingTableBuilderTest"/>
  <testcase name="testRoutingTableSizeGenerallyHasConfiguredServerCount" time="0.088" classname="com.linkedin.pinot.broker.routing.builder.LargeClusterRoutingTableBuilderTest"/>
</testsuite>
