<?xml version="1.0" encoding="UTF-8"?>
<!-- Generated by org.testng.reporters.JUnitReportReporter -->
<testsuite hostname="sal" name="com.linkedin.pinot.broker.requesthandler.FilterOptimizerTest" tests="2" failures="0" timestamp="12 Aug 2020 07:32:18 GMT" time="0.407" errors="0">
  <testcase name="testNegative" time="0.381" classname="com.linkedin.pinot.broker.requesthandler.FilterOptimizerTest"/>
  <testcase name="testPositive" time="0.026" classname="com.linkedin.pinot.broker.requesthandler.FilterOptimizerTest"/>
</testsuite>
