<?xml version="1.0" encoding="UTF-8"?>
<!-- Generated by org.testng.reporters.JUnitReportReporter -->
<testsuite hostname="sal" name="com.linkedin.pinot.broker.broker.BrokerRequestValidationTest" tests="2" failures="0" timestamp="12 Aug 2020 07:33:06 GMT" time="0.135" errors="0">
  <testcase name="testLimit" time="0.124" classname="com.linkedin.pinot.broker.broker.BrokerRequestValidationTest"/>
  <testcase name="testTop" time="0.011" classname="com.linkedin.pinot.broker.broker.BrokerRequestValidationTest"/>
</testsuite>
