<?xml version="1.0" encoding="UTF-8"?>
<!-- Generated by org.testng.reporters.JUnitReportReporter -->
<testsuite hostname="sal" name="com.linkedin.pinot.broker.routing.builder.KafkaLowLevelConsumerRoutingTableBuilderTest" tests="2" failures="0" timestamp="12 Aug 2020 07:32:41 GMT" time="3.679" errors="0">
  <testcase name="testMultipleConsumingSegments" time="0.002" classname="com.linkedin.pinot.broker.routing.builder.KafkaLowLevelConsumerRoutingTableBuilderTest"/>
  <testcase name="testAllOnlineRoutingTable" time="3.677" classname="com.linkedin.pinot.broker.routing.builder.KafkaLowLevelConsumerRoutingTableBuilderTest"/>
</testsuite>
