<?xml version="1.0" encoding="UTF-8"?>
<!-- Generated by org.testng.reporters.JUnitReportReporter -->
<testsuite hostname="sal" name="com.linkedin.pinot.broker.routing.builder.BalancedRandomRoutingTableBuilderTest" tests="1" failures="0" timestamp="12 Aug 2020 07:32:43 GMT" time="0.120" errors="0">
  <testcase name="isRandom" time="0.120" classname="com.linkedin.pinot.broker.routing.builder.BalancedRandomRoutingTableBuilderTest"/>
</testsuite>
