<?xml version="1.0" encoding="UTF-8"?>
<testsuite name="edu.harvard.h2ms.web.init.H2msRestUtilsTest" time="0.067" tests="82" errors="0" skipped="0" failures="0">
  <properties>
    <property name="java.runtime.name" value="Java(TM) SE Runtime Environment"/>
    <property name="java.vm.version" value="11.0.8+10-LTS"/>
    <property name="sun.boot.library.path" value="/usr/lib/jvm/jdk-11.0.8/lib"/>
    <property name="maven.multiModuleProjectDirectory" value="/media/4tb/npex/npex_data/benchmarks-bears/Bears-140"/>
    <property name="java.vm.vendor" value="Oracle Corporation"/>
    <property name="java.vendor.url" value="https://openjdk.java.net/"/>
    <property name="guice.disable.misplaced.annotation.check" value="true"/>
    <property name="path.separator" value=":"/>
    <property name="skip.gulp" value="true"/>
    <property name="java.vm.name" value="Java HotSpot(TM) 64-Bit Server VM"/>
    <property name="sun.os.patch.level" value="unknown"/>
    <property name="findbugs.skip" value="true"/>
    <property name="user.country" value="US"/>
    <property name="sun.java.launcher" value="SUN_STANDARD"/>
    <property name="test" value="H2msRestUtilsTest"/>
    <property name="java.vm.specification.name" value="Java Virtual Machine Specification"/>
    <property name="user.dir" value="/media/4tb/npex/npex_data/benchmarks-bears/Bears-140"/>
    <property name="java.vm.compressedOopsMode" value="Zero based"/>
    <property name="java.runtime.version" value="11.0.8+10-LTS"/>
    <property name="checkstyle.skip" value="true"/>
    <property name="java.awt.graphicsenv" value="sun.awt.X11GraphicsEnvironment"/>
    <property name="skip.npm" value="true"/>
    <property name="os.arch" value="amd64"/>
    <property name="java.io.tmpdir" value="/tmp"/>
    <property name="gpg.skip" value="true"/>
    <property name="line.separator" value="&#10;"/>
    <property name="cobertura.skip" value="true"/>
    <property name="java.vm.specification.vendor" value="Oracle Corporation"/>
    <property name="os.name" value="Linux"/>
    <property name="classworlds.conf" value="/usr/share/maven/bin/m2.conf"/>
    <property name="sun.jnu.encoding" value="UTF-8"/>
    <property name="java.library.path" value="/usr/java/packages/lib:/usr/lib64:/lib64:/lib:/usr/lib"/>
    <property name="license.skip" value="true"/>
    <property name="maven.conf" value="/usr/share/maven/conf"/>
    <property name="jdk.debug" value="release"/>
    <property name="java.class.version" value="55.0"/>
    <property name="java.specification.name" value="Java Platform API Specification"/>
    <property name="sun.management.compiler" value="HotSpot 64-Bit Tiered Compilers"/>
    <property name="skip.bower" value="true"/>
    <property name="os.version" value="4.15.0-106-generic"/>
    <property name="library.jansi.path" value="/usr/share/maven/lib/jansi-native"/>
    <property name="user.home" value="/home/junhee"/>
    <property name="user.timezone" value="Asia/Seoul"/>
    <property name="java.awt.printerjob" value="sun.print.PSPrinterJob"/>
    <property name="file.encoding" value="UTF-8"/>
    <property name="java.specification.version" value="11"/>
    <property name="user.name" value="junhee"/>
    <property name="java.class.path" value="/usr/share/maven/boot/plexus-classworlds-2.x.jar"/>
    <property name="failIfNoTests" value="false"/>
    <property name="java.vm.specification.version" value="11"/>
    <property name="sun.arch.data.model" value="64"/>
    <property name="sun.java.command" value="org.codehaus.plexus.classworlds.launcher.Launcher clean test -Dtest=H2msRestUtilsTest -DfailIfNoTests=false -V -B -Denforcer.skip=true -Dcheckstyle.skip=true -Dcobertura.skip=true -Drat.skip=true -Dlicense.skip=true -Dfindbugs.skip=true -Dgpg.skip=true -Dskip.npm=true -Dskip.gulp=true -Dskip.bower=true"/>
    <property name="java.home" value="/usr/lib/jvm/jdk-11.0.8"/>
    <property name="user.language" value="en"/>
    <property name="java.specification.vendor" value="Oracle Corporation"/>
    <property name="awt.toolkit" value="sun.awt.X11.XToolkit"/>
    <property name="java.vm.info" value="mixed mode"/>
    <property name="java.version" value="11.0.8"/>
    <property name="securerandom.source" value="file:/dev/./urandom"/>
    <property name="enforcer.skip" value="true"/>
    <property name="java.vendor" value="Oracle Corporation"/>
    <property name="rat.skip" value="true"/>
    <property name="maven.home" value="/usr/share/maven"/>
    <property name="file.separator" value="/"/>
    <property name="java.version.date" value="2020-07-14"/>
    <property name="java.vendor.url.bug" value="https://bugreport.java.com/bugreport/"/>
    <property name="sun.io.unicode.encoding" value="UnicodeLittle"/>
    <property name="sun.cpu.endian" value="little"/>
    <property name="java.vendor.version" value="18.9"/>
    <property name="sun.cpu.isalist" value=""/>
  </properties>
  <testcase name="test_format_month_success[0: 0, 2020" classname="edu.harvard.h2ms.web.init.H2msRestUtilsTest" time="0.057"/>
  <testcase name="test_format_month_success[1: 1, 2019" classname="edu.harvard.h2ms.web.init.H2msRestUtilsTest" time="0"/>
  <testcase name="test_format_month_success[2: 2, 2018" classname="edu.harvard.h2ms.web.init.H2msRestUtilsTest" time="0"/>
  <testcase name="test_format_month_success[3: 3, 2020" classname="edu.harvard.h2ms.web.init.H2msRestUtilsTest" time="0"/>
  <testcase name="test_format_month_success[4: 4, 2018" classname="edu.harvard.h2ms.web.init.H2msRestUtilsTest" time="0"/>
  <testcase name="test_format_month_success[5: 5, 2018" classname="edu.harvard.h2ms.web.init.H2msRestUtilsTest" time="0"/>
  <testcase name="test_format_month_success[6: 6, 2020" classname="edu.harvard.h2ms.web.init.H2msRestUtilsTest" time="0.001"/>
  <testcase name="test_format_month_success[7: 7, 2018" classname="edu.harvard.h2ms.web.init.H2msRestUtilsTest" time="0"/>
  <testcase name="test_format_month_success[8: 8, 2018" classname="edu.harvard.h2ms.web.init.H2msRestUtilsTest" time="0"/>
  <testcase name="test_format_month_success[9: 9, 2020" classname="edu.harvard.h2ms.web.init.H2msRestUtilsTest" time="0"/>
  <testcase name="test_format_month_success[10: 10, 2018" classname="edu.harvard.h2ms.web.init.H2msRestUtilsTest" time="0"/>
  <testcase name="test_format_month_success[11: 11, 2018" classname="edu.harvard.h2ms.web.init.H2msRestUtilsTest" time="0"/>
  <testcase name="test_format_quarter_invalid_values_result_in_nulls" classname="edu.harvard.h2ms.web.init.H2msRestUtilsTest" time="0"/>
  <testcase name="test_format_week_invalid_values_result_in_null" classname="edu.harvard.h2ms.web.init.H2msRestUtilsTest" time="0"/>
  <testcase name="test_format_month_invalid_values_result_in_null" classname="edu.harvard.h2ms.web.init.H2msRestUtilsTest" time="0"/>
  <testcase name="test_parse_timestamp_when_invalid_values" classname="edu.harvard.h2ms.web.init.H2msRestUtilsTest" time="0.003"/>
  <testcase name="test_format_quarter_success[0: 0, 2018" classname="edu.harvard.h2ms.web.init.H2msRestUtilsTest" time="0"/>
  <testcase name="test_format_quarter_success[1: 1, 2020" classname="edu.harvard.h2ms.web.init.H2msRestUtilsTest" time="0"/>
  <testcase name="test_format_quarter_success[2: 2, 2020" classname="edu.harvard.h2ms.web.init.H2msRestUtilsTest" time="0"/>
  <testcase name="test_format_quarter_success[3: 3, 2018" classname="edu.harvard.h2ms.web.init.H2msRestUtilsTest" time="0"/>
  <testcase name="test_format_quarter_success[4: 4, 2018" classname="edu.harvard.h2ms.web.init.H2msRestUtilsTest" time="0"/>
  <testcase name="test_format_quarter_success[5: 5, 2018" classname="edu.harvard.h2ms.web.init.H2msRestUtilsTest" time="0"/>
  <testcase name="test_format_quarter_success[6: 6, 2018" classname="edu.harvard.h2ms.web.init.H2msRestUtilsTest" time="0"/>
  <testcase name="test_format_quarter_success[7: 7, 2020" classname="edu.harvard.h2ms.web.init.H2msRestUtilsTest" time="0"/>
  <testcase name="test_format_quarter_success[8: 8, 2018" classname="edu.harvard.h2ms.web.init.H2msRestUtilsTest" time="0"/>
  <testcase name="test_format_quarter_success[9: 9, 2018" classname="edu.harvard.h2ms.web.init.H2msRestUtilsTest" time="0"/>
  <testcase name="test_format_quarter_success[10: 10, 2018" classname="edu.harvard.h2ms.web.init.H2msRestUtilsTest" time="0"/>
  <testcase name="test_format_quarter_success[11: 11, 2018" classname="edu.harvard.h2ms.web.init.H2msRestUtilsTest" time="0"/>
  <testcase name="test_frequency_counter" classname="edu.harvard.h2ms.web.init.H2msRestUtilsTest" time="0.005"/>
  <testcase name="test_frequency_counter_when_timestamp_list_is_empty" classname="edu.harvard.h2ms.web.init.H2msRestUtilsTest" time="0"/>
  <testcase name="test_format_week_success[0: 1, 2018" classname="edu.harvard.h2ms.web.init.H2msRestUtilsTest" time="0"/>
  <testcase name="test_format_week_success[1: 2, 2018" classname="edu.harvard.h2ms.web.init.H2msRestUtilsTest" time="0"/>
  <testcase name="test_format_week_success[2: 3, 2018" classname="edu.harvard.h2ms.web.init.H2msRestUtilsTest" time="0"/>
  <testcase name="test_format_week_success[3: 4, 2018" classname="edu.harvard.h2ms.web.init.H2msRestUtilsTest" time="0"/>
  <testcase name="test_format_week_success[4: 5, 2018" classname="edu.harvard.h2ms.web.init.H2msRestUtilsTest" time="0"/>
  <testcase name="test_format_week_success[5: 6, 2018" classname="edu.harvard.h2ms.web.init.H2msRestUtilsTest" time="0"/>
  <testcase name="test_format_week_success[6: 7, 2018" classname="edu.harvard.h2ms.web.init.H2msRestUtilsTest" time="0"/>
  <testcase name="test_format_week_success[7: 8, 2018" classname="edu.harvard.h2ms.web.init.H2msRestUtilsTest" time="0"/>
  <testcase name="test_format_week_success[8: 9, 2018" classname="edu.harvard.h2ms.web.init.H2msRestUtilsTest" time="0"/>
  <testcase name="test_format_week_success[9: 10, 2018" classname="edu.harvard.h2ms.web.init.H2msRestUtilsTest" time="0"/>
  <testcase name="test_format_week_success[10: 11, 2018" classname="edu.harvard.h2ms.web.init.H2msRestUtilsTest" time="0"/>
  <testcase name="test_format_week_success[11: 12, 2018" classname="edu.harvard.h2ms.web.init.H2msRestUtilsTest" time="0.001"/>
  <testcase name="test_format_week_success[12: 13, 2018" classname="edu.harvard.h2ms.web.init.H2msRestUtilsTest" time="0"/>
  <testcase name="test_format_week_success[13: 14, 2018" classname="edu.harvard.h2ms.web.init.H2msRestUtilsTest" time="0"/>
  <testcase name="test_format_week_success[14: 15, 2018" classname="edu.harvard.h2ms.web.init.H2msRestUtilsTest" time="0"/>
  <testcase name="test_format_week_success[15: 16, 2018" classname="edu.harvard.h2ms.web.init.H2msRestUtilsTest" time="0"/>
  <testcase name="test_format_week_success[16: 17, 2018" classname="edu.harvard.h2ms.web.init.H2msRestUtilsTest" time="0"/>
  <testcase name="test_format_week_success[17: 18, 2018" classname="edu.harvard.h2ms.web.init.H2msRestUtilsTest" time="0"/>
  <testcase name="test_format_week_success[18: 19, 2018" classname="edu.harvard.h2ms.web.init.H2msRestUtilsTest" time="0"/>
  <testcase name="test_format_week_success[19: 20, 2018" classname="edu.harvard.h2ms.web.init.H2msRestUtilsTest" time="0"/>
  <testcase name="test_format_week_success[20: 21, 2018" classname="edu.harvard.h2ms.web.init.H2msRestUtilsTest" time="0"/>
  <testcase name="test_format_week_success[21: 22, 2018" classname="edu.harvard.h2ms.web.init.H2msRestUtilsTest" time="0"/>
  <testcase name="test_format_week_success[22: 23, 2018" classname="edu.harvard.h2ms.web.init.H2msRestUtilsTest" time="0"/>
  <testcase name="test_format_week_success[23: 24, 3023" classname="edu.harvard.h2ms.web.init.H2msRestUtilsTest" time="0"/>
  <testcase name="test_format_week_success[24: 25, 1000" classname="edu.harvard.h2ms.web.init.H2msRestUtilsTest" time="0"/>
  <testcase name="test_format_week_success[25: 26, 318" classname="edu.harvard.h2ms.web.init.H2msRestUtilsTest" time="0"/>
  <testcase name="test_format_week_success[26: 27, 2018" classname="edu.harvard.h2ms.web.init.H2msRestUtilsTest" time="0"/>
  <testcase name="test_format_week_success[27: 28, 2018" classname="edu.harvard.h2ms.web.init.H2msRestUtilsTest" time="0"/>
  <testcase name="test_format_week_success[28: 29, 2018" classname="edu.harvard.h2ms.web.init.H2msRestUtilsTest" time="0"/>
  <testcase name="test_format_week_success[29: 30, 2018" classname="edu.harvard.h2ms.web.init.H2msRestUtilsTest" time="0"/>
  <testcase name="test_format_week_success[30: 31, 2018" classname="edu.harvard.h2ms.web.init.H2msRestUtilsTest" time="0"/>
  <testcase name="test_format_week_success[31: 32, 2018" classname="edu.harvard.h2ms.web.init.H2msRestUtilsTest" time="0"/>
  <testcase name="test_format_week_success[32: 33, 2018" classname="edu.harvard.h2ms.web.init.H2msRestUtilsTest" time="0"/>
  <testcase name="test_format_week_success[33: 34, 2018" classname="edu.harvard.h2ms.web.init.H2msRestUtilsTest" time="0"/>
  <testcase name="test_format_week_success[34: 35, 2018" classname="edu.harvard.h2ms.web.init.H2msRestUtilsTest" time="0"/>
  <testcase name="test_format_week_success[35: 36, 3023" classname="edu.harvard.h2ms.web.init.H2msRestUtilsTest" time="0"/>
  <testcase name="test_format_week_success[36: 37, 1000" classname="edu.harvard.h2ms.web.init.H2msRestUtilsTest" time="0"/>
  <testcase name="test_format_week_success[37: 38, 318" classname="edu.harvard.h2ms.web.init.H2msRestUtilsTest" time="0"/>
  <testcase name="test_format_week_success[38: 39, 2018" classname="edu.harvard.h2ms.web.init.H2msRestUtilsTest" time="0"/>
  <testcase name="test_format_week_success[39: 40, 2018" classname="edu.harvard.h2ms.web.init.H2msRestUtilsTest" time="0"/>
  <testcase name="test_format_week_success[40: 41, 2018" classname="edu.harvard.h2ms.web.init.H2msRestUtilsTest" time="0"/>
  <testcase name="test_format_week_success[41: 42, 2018" classname="edu.harvard.h2ms.web.init.H2msRestUtilsTest" time="0"/>
  <testcase name="test_format_week_success[42: 43, 2018" classname="edu.harvard.h2ms.web.init.H2msRestUtilsTest" time="0"/>
  <testcase name="test_format_week_success[43: 44, 2018" classname="edu.harvard.h2ms.web.init.H2msRestUtilsTest" time="0"/>
  <testcase name="test_format_week_success[44: 45, 3023" classname="edu.harvard.h2ms.web.init.H2msRestUtilsTest" time="0"/>
  <testcase name="test_format_week_success[45: 46, 1000" classname="edu.harvard.h2ms.web.init.H2msRestUtilsTest" time="0"/>
  <testcase name="test_format_week_success[46: 47, 318" classname="edu.harvard.h2ms.web.init.H2msRestUtilsTest" time="0"/>
  <testcase name="test_format_week_success[47: 48, 3023" classname="edu.harvard.h2ms.web.init.H2msRestUtilsTest" time="0"/>
  <testcase name="test_format_week_success[48: 49, 1000" classname="edu.harvard.h2ms.web.init.H2msRestUtilsTest" time="0"/>
  <testcase name="test_format_week_success[49: 50, 318" classname="edu.harvard.h2ms.web.init.H2msRestUtilsTest" time="0"/>
  <testcase name="test_format_week_success[50: 51, 1000" classname="edu.harvard.h2ms.web.init.H2msRestUtilsTest" time="0"/>
  <testcase name="test_format_week_success[51: 52, 318" classname="edu.harvard.h2ms.web.init.H2msRestUtilsTest" time="0"/>
</testsuite>