<?xml version="1.0" encoding="UTF-8" ?>
<testsuite tests="1" failures="0" name="hu.oe.nik.szfmv.visualization.DashboardTest" time="0.01" errors="1" skipped="0">
  <properties>
    <property name="java.runtime.name" value="OpenJDK Runtime Environment"/>
    <property name="sun.boot.library.path" value="/usr/lib/jvm/java-8-openjdk-amd64/jre/lib/amd64"/>
    <property name="java.vm.version" value="25.252-b09"/>
    <property name="java.vm.vendor" value="Private Build"/>
    <property name="maven.multiModuleProjectDirectory" value="/media/4tb/npex/npex_data/benchmarks-bears/Bears-188-buggy"/>
    <property name="java.vendor.url" value="http://java.oracle.com/"/>
    <property name="path.separator" value=":"/>
    <property name="guice.disable.misplaced.annotation.check" value="true"/>
    <property name="skip.gulp" value="true"/>
    <property name="java.vm.name" value="OpenJDK 64-Bit Server VM"/>
    <property name="file.encoding.pkg" value="sun.io"/>
    <property name="user.country" value="US"/>
    <property name="sun.java.launcher" value="SUN_STANDARD"/>
    <property name="sun.os.patch.level" value="unknown"/>
    <property name="findbugs.skip" value="true"/>
    <property name="test" value="hu.oe.nik.szfmv.visualization.DashboardTest#allRequiredValuesReceivedOnUpdate"/>
    <property name="java.vm.specification.name" value="Java Virtual Machine Specification"/>
    <property name="user.dir" value="/media/4tb/npex/npex_data/benchmarks-bears/Bears-188-buggy"/>
    <property name="checkstyle.skip" value="true"/>
    <property name="java.runtime.version" value="1.8.0_252-8u252-b09-1~18.04-b09"/>
    <property name="java.awt.graphicsenv" value="sun.awt.X11GraphicsEnvironment"/>
    <property name="skip.npm" value="true"/>
    <property name="java.endorsed.dirs" value="/usr/lib/jvm/java-8-openjdk-amd64/jre/lib/endorsed"/>
    <property name="os.arch" value="amd64"/>
    <property name="java.io.tmpdir" value="/tmp"/>
    <property name="gpg.skip" value="true"/>
    <property name="line.separator" value="
"/>
    <property name="java.vm.specification.vendor" value="Oracle Corporation"/>
    <property name="cobertura.skip" value="true"/>
    <property name="os.name" value="Linux"/>
    <property name="classworlds.conf" value="/usr/share/maven/bin/m2.conf"/>
    <property name="sun.jnu.encoding" value="UTF-8"/>
    <property name="java.library.path" value="/usr/java/packages/lib/amd64:/usr/lib/x86_64-linux-gnu/jni:/lib/x86_64-linux-gnu:/usr/lib/x86_64-linux-gnu:/usr/lib/jni:/lib:/usr/lib"/>
    <property name="license.skip" value="true"/>
    <property name="maven.conf" value="/usr/share/maven/conf"/>
    <property name="java.class.version" value="52.0"/>
    <property name="java.specification.name" value="Java Platform API Specification"/>
    <property name="sun.management.compiler" value="HotSpot 64-Bit Tiered Compilers"/>
    <property name="skip.bower" value="true"/>
    <property name="os.version" value="4.15.0-106-generic"/>
    <property name="library.jansi.path" value="/usr/share/maven/lib/jansi-native"/>
    <property name="user.home" value="/home/junhee"/>
    <property name="user.timezone" value="Asia/Seoul"/>
    <property name="java.awt.printerjob" value="sun.print.PSPrinterJob"/>
    <property name="java.specification.version" value="1.8"/>
    <property name="file.encoding" value="UTF-8"/>
    <property name="user.name" value="junhee"/>
    <property name="java.class.path" value="/usr/share/maven/boot/plexus-classworlds-2.x.jar"/>
    <property name="java.vm.specification.version" value="1.8"/>
    <property name="sun.arch.data.model" value="64"/>
    <property name="java.home" value="/usr/lib/jvm/java-8-openjdk-amd64/jre"/>
    <property name="sun.java.command" value="org.codehaus.plexus.classworlds.launcher.Launcher clean test -V -B -Denforcer.skip=true -Dcheckstyle.skip=true -Dcobertura.skip=true -Drat.skip=true -Dlicense.skip=true -Dfindbugs.skip=true -Dgpg.skip=true -Dskip.npm=true -Dskip.gulp=true -Dskip.bower=true -Dtest=hu.oe.nik.szfmv.visualization.DashboardTest#allRequiredValuesReceivedOnUpdate"/>
    <property name="java.specification.vendor" value="Oracle Corporation"/>
    <property name="user.language" value="en"/>
    <property name="awt.toolkit" value="sun.awt.X11.XToolkit"/>
    <property name="java.vm.info" value="mixed mode"/>
    <property name="java.version" value="1.8.0_252"/>
    <property name="java.ext.dirs" value="/usr/lib/jvm/java-8-openjdk-amd64/jre/lib/ext:/usr/java/packages/lib/ext"/>
    <property name="securerandom.source" value="file:/dev/./urandom"/>
    <property name="sun.boot.class.path" value="/usr/lib/jvm/java-8-openjdk-amd64/jre/lib/resources.jar:/usr/lib/jvm/java-8-openjdk-amd64/jre/lib/rt.jar:/usr/lib/jvm/java-8-openjdk-amd64/jre/lib/sunrsasign.jar:/usr/lib/jvm/java-8-openjdk-amd64/jre/lib/jsse.jar:/usr/lib/jvm/java-8-openjdk-amd64/jre/lib/jce.jar:/usr/lib/jvm/java-8-openjdk-amd64/jre/lib/charsets.jar:/usr/lib/jvm/java-8-openjdk-amd64/jre/lib/jfr.jar:/usr/lib/jvm/java-8-openjdk-amd64/jre/classes"/>
    <property name="java.vendor" value="Private Build"/>
    <property name="enforcer.skip" value="true"/>
    <property name="rat.skip" value="true"/>
    <property name="maven.home" value="/usr/share/maven"/>
    <property name="file.separator" value="/"/>
    <property name="java.vendor.url.bug" value="http://bugreport.sun.com/bugreport/"/>
    <property name="sun.cpu.endian" value="little"/>
    <property name="sun.io.unicode.encoding" value="UnicodeLittle"/>
    <property name="sun.cpu.isalist" value=""/>
  </properties>
  <testcase classname="hu.oe.nik.szfmv.visualization.DashboardTest" name="allRequiredValuesReceivedOnUpdate" time="0.01">
    <error type="java.lang.NullPointerException">java.lang.NullPointerException
	at javax.swing.JComponent.paintComponent(JComponent.java:783)
	at hu.oe.nik.szfmv.visualization.Dashboard.paintComponent(Dashboard.java:139)
	at hu.oe.nik.szfmv.visualization.Dashboard.updateDisplayedValues(Dashboard.java:80)
	at hu.oe.nik.szfmv.visualization.DashboardTest.allRequiredValuesReceivedOnUpdate(DashboardTest.java:28)
	at sun.reflect.NativeMethodAccessorImpl.invoke0(Native Method)
	at sun.reflect.NativeMethodAccessorImpl.invoke(NativeMethodAccessorImpl.java:62)
	at sun.reflect.DelegatingMethodAccessorImpl.invoke(DelegatingMethodAccessorImpl.java:43)
	at java.lang.reflect.Method.invoke(Method.java:498)
	at org.junit.runners.model.FrameworkMethod$1.runReflectiveCall(FrameworkMethod.java:47)
	at org.junit.internal.runners.model.ReflectiveCallable.run(ReflectiveCallable.java:12)
	at org.junit.runners.model.FrameworkMethod.invokeExplosively(FrameworkMethod.java:44)
	at org.junit.internal.runners.statements.InvokeMethod.evaluate(InvokeMethod.java:17)
	at org.junit.internal.runners.statements.RunBefores.evaluate(RunBefores.java:26)
	at org.junit.runners.ParentRunner.runLeaf(ParentRunner.java:271)
	at org.junit.runners.BlockJUnit4ClassRunner.runChild(BlockJUnit4ClassRunner.java:70)
	at org.junit.runners.BlockJUnit4ClassRunner.runChild(BlockJUnit4ClassRunner.java:50)
	at org.junit.runners.ParentRunner$3.run(ParentRunner.java:238)
	at org.junit.runners.ParentRunner$1.schedule(ParentRunner.java:63)
	at org.junit.runners.ParentRunner.runChildren(ParentRunner.java:236)
	at org.junit.runners.ParentRunner.access$000(ParentRunner.java:53)
	at org.junit.runners.ParentRunner$2.evaluate(ParentRunner.java:229)
	at org.junit.runners.ParentRunner.run(ParentRunner.java:309)
	at org.apache.maven.surefire.junit4.JUnit4Provider.execute(JUnit4Provider.java:242)
	at org.apache.maven.surefire.junit4.JUnit4Provider.executeTestSet(JUnit4Provider.java:137)
	at org.apache.maven.surefire.junit4.JUnit4Provider.invoke(JUnit4Provider.java:112)
	at sun.reflect.NativeMethodAccessorImpl.invoke0(Native Method)
	at sun.reflect.NativeMethodAccessorImpl.invoke(NativeMethodAccessorImpl.java:62)
	at sun.reflect.DelegatingMethodAccessorImpl.invoke(DelegatingMethodAccessorImpl.java:43)
	at java.lang.reflect.Method.invoke(Method.java:498)
	at org.apache.maven.surefire.util.ReflectionUtils.invokeMethodWithArray(ReflectionUtils.java:189)
	at org.apache.maven.surefire.booter.ProviderFactory$ProviderProxy.invoke(ProviderFactory.java:165)
	at org.apache.maven.surefire.booter.ProviderFactory.invokeProvider(ProviderFactory.java:85)
	at org.apache.maven.surefire.booter.ForkedBooter.runSuitesInProcess(ForkedBooter.java:115)
	at org.apache.maven.surefire.booter.ForkedBooter.main(ForkedBooter.java:75)
</error>
    <system-out>[CALLSITE] Filepath: src/main/java/hu/oe/nik/szfmv/visualization/Dashboard.java, Line: 47, Element: initializeDashboard
[ENTRY] Filepath: src/main/java/hu/oe/nik/szfmv/visualization/Dashboard.java, Line: 65, Element: initializeDashboard
[CALLSITE] Filepath: src/main/java/hu/oe/nik/szfmv/visualization/Dashboard.java, Line: 67, Element: setLayout
[CALLSITE] Filepath: src/main/java/hu/oe/nik/szfmv/visualization/Dashboard.java, Line: 68, Element: &lt;init&gt;
[CALLSITE] Filepath: src/main/java/hu/oe/nik/szfmv/visualization/Dashboard.java, Line: 68, Element: setBackground
[CALLSITE] Filepath: src/main/java/hu/oe/nik/szfmv/visualization/Dashboard.java, Line: 69, Element: setBounds
[CALLSITE] Filepath: src/main/java/hu/oe/nik/szfmv/visualization/Dashboard.java, Line: 71, Element: initializeProgressBars
[ENTRY] Filepath: src/main/java/hu/oe/nik/szfmv/visualization/Dashboard.java, Line: 77, Element: initializeProgressBars
[CALLSITE] Filepath: src/main/java/hu/oe/nik/szfmv/visualization/Dashboard.java, Line: 78, Element: &lt;init&gt;
[CALLSITE] Filepath: src/main/java/hu/oe/nik/szfmv/visualization/Dashboard.java, Line: 78, Element: setBackground
[CALLSITE] Filepath: src/main/java/hu/oe/nik/szfmv/visualization/Dashboard.java, Line: 79, Element: setBounds
[CALLSITE] Filepath: src/main/java/hu/oe/nik/szfmv/visualization/Dashboard.java, Line: 85, Element: setText
[CALLSITE] Filepath: src/main/java/hu/oe/nik/szfmv/visualization/Dashboard.java, Line: 86, Element: setText
[CALLSITE] Filepath: src/main/java/hu/oe/nik/szfmv/visualization/Dashboard.java, Line: 87, Element: setStringPainted
[CALLSITE] Filepath: src/main/java/hu/oe/nik/szfmv/visualization/Dashboard.java, Line: 88, Element: setStringPainted
[CALLSITE] Filepath: src/main/java/hu/oe/nik/szfmv/visualization/Dashboard.java, Line: 90, Element: add
[CALLSITE] Filepath: src/main/java/hu/oe/nik/szfmv/visualization/Dashboard.java, Line: 91, Element: add
[CALLSITE] Filepath: src/main/java/hu/oe/nik/szfmv/visualization/Dashboard.java, Line: 92, Element: add
[CALLSITE] Filepath: src/main/java/hu/oe/nik/szfmv/visualization/Dashboard.java, Line: 93, Element: add
[CALLSITE] Filepath: src/main/java/hu/oe/nik/szfmv/visualization/Dashboard.java, Line: 94, Element: add
[ENTRY] Filepath: src/test/java/hu/oe/nik/szfmv/visualization/DashboardTest.java, Line: 21, Element: setUp
[ENTRY] Filepath: src/test/java/hu/oe/nik/szfmv/visualization/DashboardTest.java, Line: 30, Element: allRequiredValuesReceivedOnUpdate
[CALLSITE] Filepath: src/test/java/hu/oe/nik/szfmv/visualization/DashboardTest.java, Line: 31, Element: &lt;init&gt;
[CALLSITE] Filepath: src/test/java/hu/oe/nik/szfmv/visualization/DashboardTest.java, Line: 32, Element: updateDisplayedValues
[ENTRY] Filepath: src/main/java/hu/oe/nik/szfmv/visualization/Dashboard.java, Line: 54, Element: updateDisplayedValues
[CALLSITE] Filepath: src/main/java/hu/oe/nik/szfmv/visualization/Dashboard.java, Line: 55, Element: getGasPedalPosition
[CALLSITE] Filepath: src/main/java/hu/oe/nik/szfmv/visualization/Dashboard.java, Line: 55, Element: setValue
[ENTRY] Filepath: src/test/java/hu/oe/nik/szfmv/visualization/DashboardTest.java, Line: 40, Element: getGasPedalPosition
[CALLSITE] Filepath: src/main/java/hu/oe/nik/szfmv/visualization/Dashboard.java, Line: 56, Element: getBreakPedalPosition
[CALLSITE] Filepath: src/main/java/hu/oe/nik/szfmv/visualization/Dashboard.java, Line: 56, Element: setValue
[ENTRY] Filepath: src/test/java/hu/oe/nik/szfmv/visualization/DashboardTest.java, Line: 46, Element: getBreakPedalPosition
[CALLSITE] Filepath: src/main/java/hu/oe/nik/szfmv/visualization/Dashboard.java, Line: 57, Element: calculateSpeedometer
[ENTRY] Filepath: src/main/java/hu/oe/nik/szfmv/visualization/Dashboard.java, Line: 137, Element: calculateSpeedometer
[CALLSITE] Filepath: src/main/java/hu/oe/nik/szfmv/visualization/Dashboard.java, Line: 58, Element: calculateTachometer
[ENTRY] Filepath: src/main/java/hu/oe/nik/szfmv/visualization/Dashboard.java, Line: 120, Element: calculateTachometer
[CALLSITE] Filepath: src/main/java/hu/oe/nik/szfmv/visualization/Dashboard.java, Line: 59, Element: getGraphics
[CALLSITE] Filepath: src/main/java/hu/oe/nik/szfmv/visualization/Dashboard.java, Line: 59, Element: paintComponent
[ENTRY] Filepath: src/main/java/hu/oe/nik/szfmv/visualization/Dashboard.java, Line: 102, Element: paintComponent
[CALLSITE] Filepath: src/main/java/hu/oe/nik/szfmv/visualization/Dashboard.java, Line: 103, Element: paintComponent
</system-out>
  </testcase>
</testsuite>