<?xml version="1.0" encoding="UTF-8"?>
<testsuite xmlns:xsi="http://www.w3.org/2001/XMLSchema-instance" xsi:noNamespaceSchemaLocation="https://maven.apache.org/surefire/maven-surefire-plugin/xsd/surefire-test-report.xsd" name="com.amazonaws.encryptionsdk.AllTestsSuite" time="60.658" tests="5726" errors="57" skipped="0" failures="0">
  <properties>
    <property name="awt.toolkit" value="sun.awt.X11.XToolkit"/>
    <property name="java.specification.version" value="11"/>
    <property name="sun.cpu.isalist" value=""/>
    <property name="sun.jnu.encoding" value="UTF-8"/>
    <property name="java.class.path" value="/usr/share/maven/boot/plexus-classworlds-2.x.jar"/>
    <property name="java.vm.vendor" value="Oracle Corporation"/>
    <property name="skip.bower" value="true"/>
    <property name="sun.arch.data.model" value="64"/>
    <property name="java.vendor.url" value="https://openjdk.java.net/"/>
    <property name="user.timezone" value="Asia/Seoul"/>
    <property name="maven.conf" value="/usr/share/maven/conf"/>
    <property name="os.name" value="Linux"/>
    <property name="java.vm.specification.version" value="11"/>
    <property name="rat.skip" value="true"/>
    <property name="gpg.skip" value="true"/>
    <property name="sun.java.launcher" value="SUN_STANDARD"/>
    <property name="user.country" value="US"/>
    <property name="sun.boot.library.path" value="/usr/lib/jvm/jdk-11.0.8/lib"/>
    <property name="skip.gulp" value="true"/>
    <property name="sun.java.command" value="org.codehaus.plexus.classworlds.launcher.Launcher clean test -Dtest=AllTestsSuite,DecryptionMaterialsRequestTest -DfailIfNoTests=false -V -B -Denforcer.skip=true -Dcheckstyle.skip=true -Dcobertura.skip=true -Drat.skip=true -Dlicense.skip=true -Dfindbugs.skip=true -Dgpg.skip=true -Dskip.npm=true -Dskip.gulp=true -Dskip.bower=true"/>
    <property name="jdk.debug" value="release"/>
    <property name="maven.home" value="/usr/share/maven"/>
    <property name="test" value="AllTestsSuite,DecryptionMaterialsRequestTest"/>
    <property name="sun.cpu.endian" value="little"/>
    <property name="user.home" value="/home/junhee"/>
    <property name="user.language" value="en"/>
    <property name="java.specification.vendor" value="Oracle Corporation"/>
    <property name="java.version.date" value="2020-07-14"/>
    <property name="java.home" value="/usr/lib/jvm/jdk-11.0.8"/>
    <property name="file.separator" value="/"/>
    <property name="java.vm.compressedOopsMode" value="Zero based"/>
    <property name="line.separator" value="&#10;"/>
    <property name="checkstyle.skip" value="true"/>
    <property name="skip.npm" value="true"/>
    <property name="java.specification.name" value="Java Platform API Specification"/>
    <property name="java.vm.specification.vendor" value="Oracle Corporation"/>
    <property name="java.awt.graphicsenv" value="sun.awt.X11GraphicsEnvironment"/>
    <property name="cobertura.skip" value="true"/>
    <property name="sun.management.compiler" value="HotSpot 64-Bit Tiered Compilers"/>
    <property name="java.runtime.version" value="11.0.8+10-LTS"/>
    <property name="user.name" value="junhee"/>
    <property name="findbugs.skip" value="true"/>
    <property name="path.separator" value=":"/>
    <property name="securerandom.source" value="file:/dev/./urandom"/>
    <property name="os.version" value="4.15.0-106-generic"/>
    <property name="java.runtime.name" value="Java(TM) SE Runtime Environment"/>
    <property name="file.encoding" value="UTF-8"/>
    <property name="guice.disable.misplaced.annotation.check" value="true"/>
    <property name="java.vm.name" value="Java HotSpot(TM) 64-Bit Server VM"/>
    <property name="java.vendor.version" value="18.9"/>
    <property name="java.vendor.url.bug" value="https://bugreport.java.com/bugreport/"/>
    <property name="java.io.tmpdir" value="/tmp"/>
    <property name="java.version" value="11.0.8"/>
    <property name="user.dir" value="/media/4tb/npex/npex_data/benchmarks-bears/Bears-198"/>
    <property name="os.arch" value="amd64"/>
    <property name="license.skip" value="true"/>
    <property name="maven.multiModuleProjectDirectory" value="/media/4tb/npex/npex_data/benchmarks-bears/Bears-198"/>
    <property name="java.vm.specification.name" value="Java Virtual Machine Specification"/>
    <property name="java.awt.printerjob" value="sun.print.PSPrinterJob"/>
    <property name="failIfNoTests" value="false"/>
    <property name="sun.os.patch.level" value="unknown"/>
    <property name="java.library.path" value="/usr/java/packages/lib:/usr/lib64:/lib64:/lib:/usr/lib"/>
    <property name="java.vendor" value="Oracle Corporation"/>
    <property name="java.vm.info" value="mixed mode"/>
    <property name="java.vm.version" value="11.0.8+10-LTS"/>
    <property name="classworlds.conf" value="/usr/share/maven/bin/m2.conf"/>
    <property name="sun.io.unicode.encoding" value="UnicodeLittle"/>
    <property name="library.jansi.path" value="/usr/share/maven/lib/jansi-native"/>
    <property name="enforcer.skip" value="true"/>
    <property name="java.class.version" value="55.0"/>
  </properties>
  <testcase name="decryptMaxContentLength" classname="com.amazonaws.encryptionsdk.internal.BlockDecryptionHandlerTest" time="0.022"/>
  <testcase name="decryptWithoutHeaders" classname="com.amazonaws.encryptionsdk.internal.BlockDecryptionHandlerTest" time="0"/>
  <testcase name="estimateOutputSize" classname="com.amazonaws.encryptionsdk.internal.BlockDecryptionHandlerTest" time="0"/>
  <testcase name="emptyOutBytes" classname="com.amazonaws.encryptionsdk.internal.BlockEncryptionHandlerTest" time="0.001"/>
  <testcase name="correctIVGenerated" classname="com.amazonaws.encryptionsdk.internal.BlockEncryptionHandlerTest" time="0.001"/>
  <testcase name="tamperCiphertext" classname="com.amazonaws.encryptionsdk.internal.CipherHandlerTest" time="0.231"/>
  <testcase name="encryptDecryptWithAllAlgos" classname="com.amazonaws.encryptionsdk.internal.CipherHandlerTest" time="0.012"/>
  <testcase name="invalidCMK" classname="com.amazonaws.encryptionsdk.internal.DecryptionHandlerTest" time="0.147"/>
  <testcase name="headerIntegrityFailure" classname="com.amazonaws.encryptionsdk.internal.DecryptionHandlerTest" time="0.007"/>
  <testcase name="maxLenProcessBytes" classname="com.amazonaws.encryptionsdk.internal.DecryptionHandlerTest" time="0"/>
  <testcase name="invalidVersion" classname="com.amazonaws.encryptionsdk.internal.DecryptionHandlerTest" time="0.002"/>
  <testcase name="invalidOffsetProcessBytes" classname="com.amazonaws.encryptionsdk.internal.DecryptionHandlerTest" time="0.001"/>
  <testcase name="invalidLenProcessBytes" classname="com.amazonaws.encryptionsdk.internal.DecryptionHandlerTest" time="0"/>
  <testcase name="nullMasterKey" classname="com.amazonaws.encryptionsdk.internal.DecryptionHandlerTest" time="0"/>
  <testcase name="contextWithLargeValue" classname="com.amazonaws.encryptionsdk.internal.EncContextSerializerTest" time="0"/>
  <testcase name="contextWithZeroCount" classname="com.amazonaws.encryptionsdk.internal.EncContextSerializerTest" time="0"/>
  <testcase name="contextWithShortKey" classname="com.amazonaws.encryptionsdk.internal.EncContextSerializerTest" time="0"/>
  <testcase name="nullContext" classname="com.amazonaws.encryptionsdk.internal.EncContextSerializerTest" time="0"/>
  <testcase name="contextWithNegativeKey" classname="com.amazonaws.encryptionsdk.internal.EncContextSerializerTest" time="0.001"/>
  <testcase name="contextWithBadUnicodeKey" classname="com.amazonaws.encryptionsdk.internal.EncContextSerializerTest" time="0.001"/>
  <testcase name="overlyLargeContextBytes" classname="com.amazonaws.encryptionsdk.internal.EncContextSerializerTest" time="0.018"/>
  <testcase name="largeContext" classname="com.amazonaws.encryptionsdk.internal.EncContextSerializerTest" time="0.006"/>
  <testcase name="contextWithInvalidCharacters" classname="com.amazonaws.encryptionsdk.internal.EncContextSerializerTest" time="0"/>
  <testcase name="contextWithEmptyValue" classname="com.amazonaws.encryptionsdk.internal.EncContextSerializerTest" time="0"/>
  <testcase name="contextWithDuplicateEntries" classname="com.amazonaws.encryptionsdk.internal.EncContextSerializerTest" time="0"/>
  <testcase name="contextWithNullValue" classname="com.amazonaws.encryptionsdk.internal.EncContextSerializerTest" time="0"/>
  <testcase name="contextWithNullKeyAndValue" classname="com.amazonaws.encryptionsdk.internal.EncContextSerializerTest" time="0.001"/>
  <testcase name="contextWithEmptyKey" classname="com.amazonaws.encryptionsdk.internal.EncContextSerializerTest" time="0"/>
  <testcase name="contextWithBadUnicodeValue" classname="com.amazonaws.encryptionsdk.internal.EncContextSerializerTest" time="0"/>
  <testcase name="overlyLargeKey" classname="com.amazonaws.encryptionsdk.internal.EncContextSerializerTest" time="0.002"/>
  <testcase name="overlyLargeValue" classname="com.amazonaws.encryptionsdk.internal.EncContextSerializerTest" time="0.001"/>
  <testcase name="contextWithInvalidCount" classname="com.amazonaws.encryptionsdk.internal.EncContextSerializerTest" time="0.001"/>
  <testcase name="contextWithNullKey" classname="com.amazonaws.encryptionsdk.internal.EncContextSerializerTest" time="0"/>
  <testcase name="overlyLargeContext" classname="com.amazonaws.encryptionsdk.internal.EncContextSerializerTest" time="0.056"/>
  <testcase name="emptyContext" classname="com.amazonaws.encryptionsdk.internal.EncContextSerializerTest" time="0"/>
  <testcase name="contextWithLargeKey" classname="com.amazonaws.encryptionsdk.internal.EncContextSerializerTest" time="0"/>
  <testcase name="contextWithEmptyKeyAndValue" classname="com.amazonaws.encryptionsdk.internal.EncContextSerializerTest" time="0"/>
  <testcase name="contextOrdering" classname="com.amazonaws.encryptionsdk.internal.EncContextSerializerTest" time="0"/>
  <testcase name="smallContext" classname="com.amazonaws.encryptionsdk.internal.EncContextSerializerTest" time="0.001"/>
  <testcase name="contextWithShortValue" classname="com.amazonaws.encryptionsdk.internal.EncContextSerializerTest" time="0"/>
  <testcase name="singletonContext" classname="com.amazonaws.encryptionsdk.internal.EncContextSerializerTest" time="0"/>
  <testcase name="contextWithNegativeCount" classname="com.amazonaws.encryptionsdk.internal.EncContextSerializerTest" time="0"/>
  <testcase name="contextWithNegativeValue" classname="com.amazonaws.encryptionsdk.internal.EncContextSerializerTest" time="0"/>
  <testcase name="badArguments" classname="com.amazonaws.encryptionsdk.internal.EncryptionHandlerTest" time="0.003"/>
  <testcase name="invalidOffsetProcessBytes" classname="com.amazonaws.encryptionsdk.internal.EncryptionHandlerTest" time="0"/>
  <testcase name="whenEncrypting_headerIVIsZero" classname="com.amazonaws.encryptionsdk.internal.EncryptionHandlerTest" time="0"/>
  <testcase name="invalidLenProcessBytes" classname="com.amazonaws.encryptionsdk.internal.EncryptionHandlerTest" time="0.001"/>
  <testcase name="decryptMaxContentLength" classname="com.amazonaws.encryptionsdk.internal.FrameDecryptionHandlerTest" time="0.001"/>
  <testcase name="estimateOutputSize" classname="com.amazonaws.encryptionsdk.internal.FrameDecryptionHandlerTest" time="0"/>
  <testcase name="emptyOutBytes" classname="com.amazonaws.encryptionsdk.internal.FrameEncryptionHandlerTest" time="0"/>
  <testcase name="encryptionHandlerEnforcesFrameLimits" classname="com.amazonaws.encryptionsdk.internal.FrameEncryptionHandlerTest" time="0.004"/>
  <testcase name="correctIVsGenerated" classname="com.amazonaws.encryptionsdk.internal.FrameEncryptionHandlerTest" time="0.056"/>
  <testcase name="testParseUnsignedShort" classname="com.amazonaws.encryptionsdk.internal.PrimitivesParserTest" time="0.019"/>
  <testcase name="testParseShort" classname="com.amazonaws.encryptionsdk.internal.PrimitivesParserTest" time="0.016"/>
  <testcase name="testParseByte" classname="com.amazonaws.encryptionsdk.internal.PrimitivesParserTest" time="0"/>
  <testcase name="testParseLong" classname="com.amazonaws.encryptionsdk.internal.PrimitivesParserTest" time="0"/>
  <testcase name="testParseInt" classname="com.amazonaws.encryptionsdk.internal.PrimitivesParserTest" time="0"/>
  <testcase name="escrowAndSymmetric" classname="com.amazonaws.encryptionsdk.jce.KeyStoreProviderTest" time="0.82"/>
  <testcase name="singleKeyOaepSha1" classname="com.amazonaws.encryptionsdk.jce.KeyStoreProviderTest" time="0.271"/>
  <testcase name="keystoreAndRawProvider" classname="com.amazonaws.encryptionsdk.jce.KeyStoreProviderTest" time="0.303"/>
  <testcase name="singleKeyOaepSha256" classname="com.amazonaws.encryptionsdk.jce.KeyStoreProviderTest" time="0.252"/>
  <testcase name="multipleKeys" classname="com.amazonaws.encryptionsdk.jce.KeyStoreProviderTest" time="0.544"/>
  <testcase name="encryptOnly" classname="com.amazonaws.encryptionsdk.jce.KeyStoreProviderTest" time="0.148"/>
  <testcase name="escrowAndSymmetricSecondProvider" classname="com.amazonaws.encryptionsdk.jce.KeyStoreProviderTest" time="0.308"/>
  <testcase name="singleKeyPkcs1" classname="com.amazonaws.encryptionsdk.jce.KeyStoreProviderTest" time="0.324"/>
  <testcase name="escrowCase" classname="com.amazonaws.encryptionsdk.jce.KeyStoreProviderTest" time="0.223"/>
  <testcase name="checkNullNonce" classname="com.amazonaws.encryptionsdk.model.CipherBlockHeadersTest" time="0"/>
  <testcase name="checkNonce" classname="com.amazonaws.encryptionsdk.model.CipherBlockHeadersTest" time="0"/>
  <testcase name="byteFormatCheck" classname="com.amazonaws.encryptionsdk.model.CipherBlockHeadersTest" time="0.004"/>
  <testcase name="invalidNonce" classname="com.amazonaws.encryptionsdk.model.CipherBlockHeadersTest" time="0"/>
  <testcase name="nullNonce" classname="com.amazonaws.encryptionsdk.model.CipherBlockHeadersTest" time="0"/>
  <testcase name="serializeDeserializeStreamingFinalFrame" classname="com.amazonaws.encryptionsdk.model.CipherBlockHeadersTest" time="0.001"/>
  <testcase name="serializeDeserialize" classname="com.amazonaws.encryptionsdk.model.CipherBlockHeadersTest" time="0"/>
  <testcase name="checkContentLen" classname="com.amazonaws.encryptionsdk.model.CipherBlockHeadersTest" time="0.001"/>
  <testcase name="deserializeNull" classname="com.amazonaws.encryptionsdk.model.CipherBlockHeadersTest" time="0"/>
  <testcase name="invalidContentLen" classname="com.amazonaws.encryptionsdk.model.CipherBlockHeadersTest" time="0"/>
  <testcase name="byteFormatCheckforFinalFrame" classname="com.amazonaws.encryptionsdk.model.CipherFrameHeadersTest" time="0"/>
  <testcase name="checkNullNonce" classname="com.amazonaws.encryptionsdk.model.CipherFrameHeadersTest" time="0"/>
  <testcase name="checkNonce" classname="com.amazonaws.encryptionsdk.model.CipherFrameHeadersTest" time="0"/>
  <testcase name="byteFormatCheck" classname="com.amazonaws.encryptionsdk.model.CipherFrameHeadersTest" time="0"/>
  <testcase name="serializeDeserializeStreamingTest" classname="com.amazonaws.encryptionsdk.model.CipherFrameHeadersTest" time="0.002"/>
  <testcase name="invalidNonce" classname="com.amazonaws.encryptionsdk.model.CipherFrameHeadersTest" time="0"/>
  <testcase name="checkSeqNum" classname="com.amazonaws.encryptionsdk.model.CipherFrameHeadersTest" time="0"/>
  <testcase name="checkFrameLen" classname="com.amazonaws.encryptionsdk.model.CipherFrameHeadersTest" time="0"/>
  <testcase name="nullNonce" classname="com.amazonaws.encryptionsdk.model.CipherFrameHeadersTest" time="0"/>
  <testcase name="invalidFrameLen" classname="com.amazonaws.encryptionsdk.model.CipherFrameHeadersTest" time="0.001"/>
  <testcase name="serializeDeserializeTest" classname="com.amazonaws.encryptionsdk.model.CipherFrameHeadersTest" time="0"/>
  <testcase name="deserializeNull" classname="com.amazonaws.encryptionsdk.model.CipherFrameHeadersTest" time="0"/>
  <testcase name="checkKeyProviderInfoLen" classname="com.amazonaws.encryptionsdk.model.KeyBlobTest" time="0"/>
  <testcase name="checkKeyProviderInfoLenUnsigned" classname="com.amazonaws.encryptionsdk.model.KeyBlobTest" time="0.008"/>
  <testcase name="checkKeyProviderId" classname="com.amazonaws.encryptionsdk.model.KeyBlobTest" time="0.001"/>
  <testcase name="overlyLargeKeyProviderInfoLen" classname="com.amazonaws.encryptionsdk.model.KeyBlobTest" time="0.004"/>
  <testcase name="overlyLargeKey" classname="com.amazonaws.encryptionsdk.model.KeyBlobTest" time="0.003"/>
  <testcase name="checkKeyLen" classname="com.amazonaws.encryptionsdk.model.KeyBlobTest" time="0.001"/>
  <testcase name="checkKeyLenUnsigned" classname="com.amazonaws.encryptionsdk.model.KeyBlobTest" time="0.005"/>
  <testcase name="checkKeyProviderInfo" classname="com.amazonaws.encryptionsdk.model.KeyBlobTest" time="0"/>
  <testcase name="checkKeyProviderIdLen" classname="com.amazonaws.encryptionsdk.model.KeyBlobTest" time="0"/>
  <testcase name="serializeDeserialize" classname="com.amazonaws.encryptionsdk.model.KeyBlobTest" time="0"/>
  <testcase name="overlyLargeKeyProviderIdLen" classname="com.amazonaws.encryptionsdk.model.KeyBlobTest" time="0.012"/>
  <testcase name="deserializeNull" classname="com.amazonaws.encryptionsdk.model.KeyBlobTest" time="0.001"/>
  <testcase name="checkKeyProviderIdLenUnsigned" classname="com.amazonaws.encryptionsdk.model.KeyBlobTest" time="0.002"/>
  <testcase name="build" classname="com.amazonaws.encryptionsdk.model.DecryptionMaterialsRequestTest" time="0"/>
  <testcase name="testMixedKeysSingleDecrypt" classname="com.amazonaws.encryptionsdk.multi.MultipleMasterKeyTest" time="0.008"/>
  <testcase name="testMixedKeysSingleDecrypt" classname="com.amazonaws.encryptionsdk.multi.MultipleMasterKeyTest" time="0.004"/>
  <testcase name="testMultipleJceKeys" classname="com.amazonaws.encryptionsdk.multi.MultipleMasterKeyTest" time="0.006"/>
  <testcase name="testMultipleJceKeys" classname="com.amazonaws.encryptionsdk.multi.MultipleMasterKeyTest" time="0.003"/>
  <testcase name="testMixedKeys" classname="com.amazonaws.encryptionsdk.multi.MultipleMasterKeyTest" time="0.005"/>
  <testcase name="testMixedKeys" classname="com.amazonaws.encryptionsdk.multi.MultipleMasterKeyTest" time="0.003"/>
  <testcase name="testMultipleJceKeysSingleDecrypt" classname="com.amazonaws.encryptionsdk.multi.MultipleMasterKeyTest" time="0.008"/>
  <testcase name="testMultipleJceKeysSingleDecrypt" classname="com.amazonaws.encryptionsdk.multi.MultipleMasterKeyTest" time="0.004"/>
  <testcase name="setValidFrameSize" classname="com.amazonaws.encryptionsdk.AwsCryptoTest" time="0.289">
    <error message="&#10;Mockito cannot mock this class: class com.amazonaws.encryptionsdk.internal.StaticMasterKey.&#10;&#10;Mockito can only mock non-private &amp; non-final classes.&#10;If you&apos;re not sure why you&apos;re getting this error, please report to the mailing list.&#10;&#10;&#10;Java               : 11&#10;JVM vendor name    : Oracle Corporation&#10;JVM vendor version : 11.0.8+10-LTS&#10;JVM name           : Java HotSpot(TM) 64-Bit Server VM&#10;JVM version        : 11.0.8+10-LTS&#10;JVM info           : mixed mode&#10;OS name            : Linux&#10;OS version         : 4.15.0-106-generic&#10;&#10;&#10;Underlying exception : java.lang.UnsupportedOperationException: Cannot define class using reflection" type="org.mockito.exceptions.base.MockitoException"><![CDATA[org.mockito.exceptions.base.MockitoException: 

Mockito cannot mock this class: class com.amazonaws.encryptionsdk.internal.StaticMasterKey.

Mockito can only mock non-private & non-final classes.
If you're not sure why you're getting this error, please report to the mailing list.


Java               : 11
JVM vendor name    : Oracle Corporation
JVM vendor version : 11.0.8+10-LTS
JVM name           : Java HotSpot(TM) 64-Bit Server VM
JVM version        : 11.0.8+10-LTS
JVM info           : mixed mode
OS name            : Linux
OS version         : 4.15.0-106-generic


Underlying exception : java.lang.UnsupportedOperationException: Cannot define class using reflection
	at com.amazonaws.encryptionsdk.AwsCryptoTest.init(AwsCryptoTest.java:63)
Caused by: java.lang.UnsupportedOperationException: Cannot define class using reflection
	at com.amazonaws.encryptionsdk.AwsCryptoTest.init(AwsCryptoTest.java:63)
Caused by: java.lang.IllegalArgumentException: Unknown Java version: 11
	at com.amazonaws.encryptionsdk.AwsCryptoTest.init(AwsCryptoTest.java:63)
]]></error>
  </testcase>
  <testcase name="estimateCiphertextSize_usesCachedKeys" classname="com.amazonaws.encryptionsdk.AwsCryptoTest" time="0.037">
    <error message="&#10;Mockito cannot mock this class: class com.amazonaws.encryptionsdk.internal.StaticMasterKey.&#10;&#10;Mockito can only mock non-private &amp; non-final classes.&#10;If you&apos;re not sure why you&apos;re getting this error, please report to the mailing list.&#10;&#10;&#10;Java               : 11&#10;JVM vendor name    : Oracle Corporation&#10;JVM vendor version : 11.0.8+10-LTS&#10;JVM name           : Java HotSpot(TM) 64-Bit Server VM&#10;JVM version        : 11.0.8+10-LTS&#10;JVM info           : mixed mode&#10;OS name            : Linux&#10;OS version         : 4.15.0-106-generic&#10;&#10;&#10;Underlying exception : java.lang.UnsupportedOperationException: Cannot define class using reflection" type="org.mockito.exceptions.base.MockitoException"><![CDATA[org.mockito.exceptions.base.MockitoException: 

Mockito cannot mock this class: class com.amazonaws.encryptionsdk.internal.StaticMasterKey.

Mockito can only mock non-private & non-final classes.
If you're not sure why you're getting this error, please report to the mailing list.


Java               : 11
JVM vendor name    : Oracle Corporation
JVM vendor version : 11.0.8+10-LTS
JVM name           : Java HotSpot(TM) 64-Bit Server VM
JVM version        : 11.0.8+10-LTS
JVM info           : mixed mode
OS name            : Linux
OS version         : 4.15.0-106-generic


Underlying exception : java.lang.UnsupportedOperationException: Cannot define class using reflection
	at com.amazonaws.encryptionsdk.AwsCryptoTest.init(AwsCryptoTest.java:63)
Caused by: java.lang.UnsupportedOperationException: Cannot define class using reflection
	at com.amazonaws.encryptionsdk.AwsCryptoTest.init(AwsCryptoTest.java:63)
Caused by: java.lang.IllegalArgumentException: Unknown Java version: 11
	at com.amazonaws.encryptionsdk.AwsCryptoTest.init(AwsCryptoTest.java:63)
]]></error>
  </testcase>
  <testcase name="encryptDecryptString" classname="com.amazonaws.encryptionsdk.AwsCryptoTest" time="0.031">
    <error message="&#10;Mockito cannot mock this class: class com.amazonaws.encryptionsdk.internal.StaticMasterKey.&#10;&#10;Mockito can only mock non-private &amp; non-final classes.&#10;If you&apos;re not sure why you&apos;re getting this error, please report to the mailing list.&#10;&#10;&#10;Java               : 11&#10;JVM vendor name    : Oracle Corporation&#10;JVM vendor version : 11.0.8+10-LTS&#10;JVM name           : Java HotSpot(TM) 64-Bit Server VM&#10;JVM version        : 11.0.8+10-LTS&#10;JVM info           : mixed mode&#10;OS name            : Linux&#10;OS version         : 4.15.0-106-generic&#10;&#10;&#10;Underlying exception : java.lang.UnsupportedOperationException: Cannot define class using reflection" type="org.mockito.exceptions.base.MockitoException"><![CDATA[org.mockito.exceptions.base.MockitoException: 

Mockito cannot mock this class: class com.amazonaws.encryptionsdk.internal.StaticMasterKey.

Mockito can only mock non-private & non-final classes.
If you're not sure why you're getting this error, please report to the mailing list.


Java               : 11
JVM vendor name    : Oracle Corporation
JVM vendor version : 11.0.8+10-LTS
JVM name           : Java HotSpot(TM) 64-Bit Server VM
JVM version        : 11.0.8+10-LTS
JVM info           : mixed mode
OS name            : Linux
OS version         : 4.15.0-106-generic


Underlying exception : java.lang.UnsupportedOperationException: Cannot define class using reflection
	at com.amazonaws.encryptionsdk.AwsCryptoTest.init(AwsCryptoTest.java:63)
Caused by: java.lang.UnsupportedOperationException: Cannot define class using reflection
	at com.amazonaws.encryptionsdk.AwsCryptoTest.init(AwsCryptoTest.java:63)
Caused by: java.lang.IllegalArgumentException: Unknown Java version: 11
	at com.amazonaws.encryptionsdk.AwsCryptoTest.init(AwsCryptoTest.java:63)
]]></error>
  </testcase>
  <testcase name="estimateCiphertextSize" classname="com.amazonaws.encryptionsdk.AwsCryptoTest" time="0.028">
    <error message="&#10;Mockito cannot mock this class: class com.amazonaws.encryptionsdk.internal.StaticMasterKey.&#10;&#10;Mockito can only mock non-private &amp; non-final classes.&#10;If you&apos;re not sure why you&apos;re getting this error, please report to the mailing list.&#10;&#10;&#10;Java               : 11&#10;JVM vendor name    : Oracle Corporation&#10;JVM vendor version : 11.0.8+10-LTS&#10;JVM name           : Java HotSpot(TM) 64-Bit Server VM&#10;JVM version        : 11.0.8+10-LTS&#10;JVM info           : mixed mode&#10;OS name            : Linux&#10;OS version         : 4.15.0-106-generic&#10;&#10;&#10;Underlying exception : java.lang.UnsupportedOperationException: Cannot define class using reflection" type="org.mockito.exceptions.base.MockitoException"><![CDATA[org.mockito.exceptions.base.MockitoException: 

Mockito cannot mock this class: class com.amazonaws.encryptionsdk.internal.StaticMasterKey.

Mockito can only mock non-private & non-final classes.
If you're not sure why you're getting this error, please report to the mailing list.


Java               : 11
JVM vendor name    : Oracle Corporation
JVM vendor version : 11.0.8+10-LTS
JVM name           : Java HotSpot(TM) 64-Bit Server VM
JVM version        : 11.0.8+10-LTS
JVM info           : mixed mode
OS name            : Linux
OS version         : 4.15.0-106-generic


Underlying exception : java.lang.UnsupportedOperationException: Cannot define class using reflection
	at com.amazonaws.encryptionsdk.AwsCryptoTest.init(AwsCryptoTest.java:63)
Caused by: java.lang.UnsupportedOperationException: Cannot define class using reflection
	at com.amazonaws.encryptionsdk.AwsCryptoTest.init(AwsCryptoTest.java:63)
Caused by: java.lang.IllegalArgumentException: Unknown Java version: 11
	at com.amazonaws.encryptionsdk.AwsCryptoTest.init(AwsCryptoTest.java:63)
]]></error>
  </testcase>
  <testcase name="encryptDecryptWithCustomManager" classname="com.amazonaws.encryptionsdk.AwsCryptoTest" time="0.026">
    <error message="&#10;Mockito cannot mock this class: class com.amazonaws.encryptionsdk.internal.StaticMasterKey.&#10;&#10;Mockito can only mock non-private &amp; non-final classes.&#10;If you&apos;re not sure why you&apos;re getting this error, please report to the mailing list.&#10;&#10;&#10;Java               : 11&#10;JVM vendor name    : Oracle Corporation&#10;JVM vendor version : 11.0.8+10-LTS&#10;JVM name           : Java HotSpot(TM) 64-Bit Server VM&#10;JVM version        : 11.0.8+10-LTS&#10;JVM info           : mixed mode&#10;OS name            : Linux&#10;OS version         : 4.15.0-106-generic&#10;&#10;&#10;Underlying exception : java.lang.UnsupportedOperationException: Cannot define class using reflection" type="org.mockito.exceptions.base.MockitoException"><![CDATA[org.mockito.exceptions.base.MockitoException: 

Mockito cannot mock this class: class com.amazonaws.encryptionsdk.internal.StaticMasterKey.

Mockito can only mock non-private & non-final classes.
If you're not sure why you're getting this error, please report to the mailing list.


Java               : 11
JVM vendor name    : Oracle Corporation
JVM vendor version : 11.0.8+10-LTS
JVM name           : Java HotSpot(TM) 64-Bit Server VM
JVM version        : 11.0.8+10-LTS
JVM info           : mixed mode
OS name            : Linux
OS version         : 4.15.0-106-generic


Underlying exception : java.lang.UnsupportedOperationException: Cannot define class using reflection
	at com.amazonaws.encryptionsdk.AwsCryptoTest.init(AwsCryptoTest.java:63)
Caused by: java.lang.UnsupportedOperationException: Cannot define class using reflection
	at com.amazonaws.encryptionsdk.AwsCryptoTest.init(AwsCryptoTest.java:63)
Caused by: java.lang.IllegalArgumentException: Unknown Java version: 11
	at com.amazonaws.encryptionsdk.AwsCryptoTest.init(AwsCryptoTest.java:63)
]]></error>
  </testcase>
  <testcase name="encryptDecrypt" classname="com.amazonaws.encryptionsdk.AwsCryptoTest" time="0.026">
    <error message="&#10;Mockito cannot mock this class: class com.amazonaws.encryptionsdk.internal.StaticMasterKey.&#10;&#10;Mockito can only mock non-private &amp; non-final classes.&#10;If you&apos;re not sure why you&apos;re getting this error, please report to the mailing list.&#10;&#10;&#10;Java               : 11&#10;JVM vendor name    : Oracle Corporation&#10;JVM vendor version : 11.0.8+10-LTS&#10;JVM name           : Java HotSpot(TM) 64-Bit Server VM&#10;JVM version        : 11.0.8+10-LTS&#10;JVM info           : mixed mode&#10;OS name            : Linux&#10;OS version         : 4.15.0-106-generic&#10;&#10;&#10;Underlying exception : java.lang.UnsupportedOperationException: Cannot define class using reflection" type="org.mockito.exceptions.base.MockitoException"><![CDATA[org.mockito.exceptions.base.MockitoException: 

Mockito cannot mock this class: class com.amazonaws.encryptionsdk.internal.StaticMasterKey.

Mockito can only mock non-private & non-final classes.
If you're not sure why you're getting this error, please report to the mailing list.


Java               : 11
JVM vendor name    : Oracle Corporation
JVM vendor version : 11.0.8+10-LTS
JVM name           : Java HotSpot(TM) 64-Bit Server VM
JVM version        : 11.0.8+10-LTS
JVM info           : mixed mode
OS name            : Linux
OS version         : 4.15.0-106-generic


Underlying exception : java.lang.UnsupportedOperationException: Cannot define class using reflection
	at com.amazonaws.encryptionsdk.AwsCryptoTest.init(AwsCryptoTest.java:63)
Caused by: java.lang.UnsupportedOperationException: Cannot define class using reflection
	at com.amazonaws.encryptionsdk.AwsCryptoTest.init(AwsCryptoTest.java:63)
Caused by: java.lang.IllegalArgumentException: Unknown Java version: 11
	at com.amazonaws.encryptionsdk.AwsCryptoTest.init(AwsCryptoTest.java:63)
]]></error>
  </testcase>
  <testcase name="encryptDecryptWithoutEncContext" classname="com.amazonaws.encryptionsdk.AwsCryptoTest" time="0.024">
    <error message="&#10;Mockito cannot mock this class: class com.amazonaws.encryptionsdk.internal.StaticMasterKey.&#10;&#10;Mockito can only mock non-private &amp; non-final classes.&#10;If you&apos;re not sure why you&apos;re getting this error, please report to the mailing list.&#10;&#10;&#10;Java               : 11&#10;JVM vendor name    : Oracle Corporation&#10;JVM vendor version : 11.0.8+10-LTS&#10;JVM name           : Java HotSpot(TM) 64-Bit Server VM&#10;JVM version        : 11.0.8+10-LTS&#10;JVM info           : mixed mode&#10;OS name            : Linux&#10;OS version         : 4.15.0-106-generic&#10;&#10;&#10;Underlying exception : java.lang.UnsupportedOperationException: Cannot define class using reflection" type="org.mockito.exceptions.base.MockitoException"><![CDATA[org.mockito.exceptions.base.MockitoException: 

Mockito cannot mock this class: class com.amazonaws.encryptionsdk.internal.StaticMasterKey.

Mockito can only mock non-private & non-final classes.
If you're not sure why you're getting this error, please report to the mailing list.


Java               : 11
JVM vendor name    : Oracle Corporation
JVM vendor version : 11.0.8+10-LTS
JVM name           : Java HotSpot(TM) 64-Bit Server VM
JVM version        : 11.0.8+10-LTS
JVM info           : mixed mode
OS name            : Linux
OS version         : 4.15.0-106-generic


Underlying exception : java.lang.UnsupportedOperationException: Cannot define class using reflection
	at com.amazonaws.encryptionsdk.AwsCryptoTest.init(AwsCryptoTest.java:63)
Caused by: java.lang.UnsupportedOperationException: Cannot define class using reflection
	at com.amazonaws.encryptionsdk.AwsCryptoTest.init(AwsCryptoTest.java:63)
Caused by: java.lang.IllegalArgumentException: Unknown Java version: 11
	at com.amazonaws.encryptionsdk.AwsCryptoTest.init(AwsCryptoTest.java:63)
]]></error>
  </testcase>
  <testcase name="assertNullChecks" classname="com.amazonaws.encryptionsdk.AwsCryptoTest" time="0.025">
    <error message="&#10;Mockito cannot mock this class: class com.amazonaws.encryptionsdk.internal.StaticMasterKey.&#10;&#10;Mockito can only mock non-private &amp; non-final classes.&#10;If you&apos;re not sure why you&apos;re getting this error, please report to the mailing list.&#10;&#10;&#10;Java               : 11&#10;JVM vendor name    : Oracle Corporation&#10;JVM vendor version : 11.0.8+10-LTS&#10;JVM name           : Java HotSpot(TM) 64-Bit Server VM&#10;JVM version        : 11.0.8+10-LTS&#10;JVM info           : mixed mode&#10;OS name            : Linux&#10;OS version         : 4.15.0-106-generic&#10;&#10;&#10;Underlying exception : java.lang.UnsupportedOperationException: Cannot define class using reflection" type="org.mockito.exceptions.base.MockitoException"><![CDATA[org.mockito.exceptions.base.MockitoException: 

Mockito cannot mock this class: class com.amazonaws.encryptionsdk.internal.StaticMasterKey.

Mockito can only mock non-private & non-final classes.
If you're not sure why you're getting this error, please report to the mailing list.


Java               : 11
JVM vendor name    : Oracle Corporation
JVM vendor version : 11.0.8+10-LTS
JVM name           : Java HotSpot(TM) 64-Bit Server VM
JVM version        : 11.0.8+10-LTS
JVM info           : mixed mode
OS name            : Linux
OS version         : 4.15.0-106-generic


Underlying exception : java.lang.UnsupportedOperationException: Cannot define class using reflection
	at com.amazonaws.encryptionsdk.AwsCryptoTest.init(AwsCryptoTest.java:63)
Caused by: java.lang.UnsupportedOperationException: Cannot define class using reflection
	at com.amazonaws.encryptionsdk.AwsCryptoTest.init(AwsCryptoTest.java:63)
Caused by: java.lang.IllegalArgumentException: Unknown Java version: 11
	at com.amazonaws.encryptionsdk.AwsCryptoTest.init(AwsCryptoTest.java:63)
]]></error>
  </testcase>
  <testcase name="whenCustomCMMIgnoresAlgorithm_throws" classname="com.amazonaws.encryptionsdk.AwsCryptoTest" time="0.022">
    <error message="&#10;Mockito cannot mock this class: class com.amazonaws.encryptionsdk.internal.StaticMasterKey.&#10;&#10;Mockito can only mock non-private &amp; non-final classes.&#10;If you&apos;re not sure why you&apos;re getting this error, please report to the mailing list.&#10;&#10;&#10;Java               : 11&#10;JVM vendor name    : Oracle Corporation&#10;JVM vendor version : 11.0.8+10-LTS&#10;JVM name           : Java HotSpot(TM) 64-Bit Server VM&#10;JVM version        : 11.0.8+10-LTS&#10;JVM info           : mixed mode&#10;OS name            : Linux&#10;OS version         : 4.15.0-106-generic&#10;&#10;&#10;Underlying exception : java.lang.UnsupportedOperationException: Cannot define class using reflection" type="org.mockito.exceptions.base.MockitoException"><![CDATA[org.mockito.exceptions.base.MockitoException: 

Mockito cannot mock this class: class com.amazonaws.encryptionsdk.internal.StaticMasterKey.

Mockito can only mock non-private & non-final classes.
If you're not sure why you're getting this error, please report to the mailing list.


Java               : 11
JVM vendor name    : Oracle Corporation
JVM vendor version : 11.0.8+10-LTS
JVM name           : Java HotSpot(TM) 64-Bit Server VM
JVM version        : 11.0.8+10-LTS
JVM info           : mixed mode
OS name            : Linux
OS version         : 4.15.0-106-generic


Underlying exception : java.lang.UnsupportedOperationException: Cannot define class using reflection
	at com.amazonaws.encryptionsdk.AwsCryptoTest.init(AwsCryptoTest.java:63)
Caused by: java.lang.UnsupportedOperationException: Cannot define class using reflection
	at com.amazonaws.encryptionsdk.AwsCryptoTest.init(AwsCryptoTest.java:63)
Caused by: java.lang.IllegalArgumentException: Unknown Java version: 11
	at com.amazonaws.encryptionsdk.AwsCryptoTest.init(AwsCryptoTest.java:63)
]]></error>
  </testcase>
  <testcase name="emptyEncryptionContext" classname="com.amazonaws.encryptionsdk.AwsCryptoTest" time="0.021">
    <error message="&#10;Mockito cannot mock this class: class com.amazonaws.encryptionsdk.internal.StaticMasterKey.&#10;&#10;Mockito can only mock non-private &amp; non-final classes.&#10;If you&apos;re not sure why you&apos;re getting this error, please report to the mailing list.&#10;&#10;&#10;Java               : 11&#10;JVM vendor name    : Oracle Corporation&#10;JVM vendor version : 11.0.8+10-LTS&#10;JVM name           : Java HotSpot(TM) 64-Bit Server VM&#10;JVM version        : 11.0.8+10-LTS&#10;JVM info           : mixed mode&#10;OS name            : Linux&#10;OS version         : 4.15.0-106-generic&#10;&#10;&#10;Underlying exception : java.lang.UnsupportedOperationException: Cannot define class using reflection" type="org.mockito.exceptions.base.MockitoException"><![CDATA[org.mockito.exceptions.base.MockitoException: 

Mockito cannot mock this class: class com.amazonaws.encryptionsdk.internal.StaticMasterKey.

Mockito can only mock non-private & non-final classes.
If you're not sure why you're getting this error, please report to the mailing list.


Java               : 11
JVM vendor name    : Oracle Corporation
JVM vendor version : 11.0.8+10-LTS
JVM name           : Java HotSpot(TM) 64-Bit Server VM
JVM version        : 11.0.8+10-LTS
JVM info           : mixed mode
OS name            : Linux
OS version         : 4.15.0-106-generic


Underlying exception : java.lang.UnsupportedOperationException: Cannot define class using reflection
	at com.amazonaws.encryptionsdk.AwsCryptoTest.init(AwsCryptoTest.java:63)
Caused by: java.lang.UnsupportedOperationException: Cannot define class using reflection
	at com.amazonaws.encryptionsdk.AwsCryptoTest.init(AwsCryptoTest.java:63)
Caused by: java.lang.IllegalArgumentException: Unknown Java version: 11
	at com.amazonaws.encryptionsdk.AwsCryptoTest.init(AwsCryptoTest.java:63)
]]></error>
  </testcase>
  <testcase name="estimateCiphertextSizeWithoutEncContext" classname="com.amazonaws.encryptionsdk.AwsCryptoTest" time="0.021">
    <error message="&#10;Mockito cannot mock this class: class com.amazonaws.encryptionsdk.internal.StaticMasterKey.&#10;&#10;Mockito can only mock non-private &amp; non-final classes.&#10;If you&apos;re not sure why you&apos;re getting this error, please report to the mailing list.&#10;&#10;&#10;Java               : 11&#10;JVM vendor name    : Oracle Corporation&#10;JVM vendor version : 11.0.8+10-LTS&#10;JVM name           : Java HotSpot(TM) 64-Bit Server VM&#10;JVM version        : 11.0.8+10-LTS&#10;JVM info           : mixed mode&#10;OS name            : Linux&#10;OS version         : 4.15.0-106-generic&#10;&#10;&#10;Underlying exception : java.lang.UnsupportedOperationException: Cannot define class using reflection" type="org.mockito.exceptions.base.MockitoException"><![CDATA[org.mockito.exceptions.base.MockitoException: 

Mockito cannot mock this class: class com.amazonaws.encryptionsdk.internal.StaticMasterKey.

Mockito can only mock non-private & non-final classes.
If you're not sure why you're getting this error, please report to the mailing list.


Java               : 11
JVM vendor name    : Oracle Corporation
JVM vendor version : 11.0.8+10-LTS
JVM name           : Java HotSpot(TM) 64-Bit Server VM
JVM version        : 11.0.8+10-LTS
JVM info           : mixed mode
OS name            : Linux
OS version         : 4.15.0-106-generic


Underlying exception : java.lang.UnsupportedOperationException: Cannot define class using reflection
	at com.amazonaws.encryptionsdk.AwsCryptoTest.init(AwsCryptoTest.java:63)
Caused by: java.lang.UnsupportedOperationException: Cannot define class using reflection
	at com.amazonaws.encryptionsdk.AwsCryptoTest.init(AwsCryptoTest.java:63)
Caused by: java.lang.IllegalArgumentException: Unknown Java version: 11
	at com.amazonaws.encryptionsdk.AwsCryptoTest.init(AwsCryptoTest.java:63)
]]></error>
  </testcase>
  <testcase name="encryptBytesDecryptString" classname="com.amazonaws.encryptionsdk.AwsCryptoTest" time="0.023">
    <error message="&#10;Mockito cannot mock this class: class com.amazonaws.encryptionsdk.internal.StaticMasterKey.&#10;&#10;Mockito can only mock non-private &amp; non-final classes.&#10;If you&apos;re not sure why you&apos;re getting this error, please report to the mailing list.&#10;&#10;&#10;Java               : 11&#10;JVM vendor name    : Oracle Corporation&#10;JVM vendor version : 11.0.8+10-LTS&#10;JVM name           : Java HotSpot(TM) 64-Bit Server VM&#10;JVM version        : 11.0.8+10-LTS&#10;JVM info           : mixed mode&#10;OS name            : Linux&#10;OS version         : 4.15.0-106-generic&#10;&#10;&#10;Underlying exception : java.lang.UnsupportedOperationException: Cannot define class using reflection" type="org.mockito.exceptions.base.MockitoException"><![CDATA[org.mockito.exceptions.base.MockitoException: 

Mockito cannot mock this class: class com.amazonaws.encryptionsdk.internal.StaticMasterKey.

Mockito can only mock non-private & non-final classes.
If you're not sure why you're getting this error, please report to the mailing list.


Java               : 11
JVM vendor name    : Oracle Corporation
JVM vendor version : 11.0.8+10-LTS
JVM name           : Java HotSpot(TM) 64-Bit Server VM
JVM version        : 11.0.8+10-LTS
JVM info           : mixed mode
OS name            : Linux
OS version         : 4.15.0-106-generic


Underlying exception : java.lang.UnsupportedOperationException: Cannot define class using reflection
	at com.amazonaws.encryptionsdk.AwsCryptoTest.init(AwsCryptoTest.java:63)
Caused by: java.lang.UnsupportedOperationException: Cannot define class using reflection
	at com.amazonaws.encryptionsdk.AwsCryptoTest.init(AwsCryptoTest.java:63)
Caused by: java.lang.IllegalArgumentException: Unknown Java version: 11
	at com.amazonaws.encryptionsdk.AwsCryptoTest.init(AwsCryptoTest.java:63)
]]></error>
  </testcase>
  <testcase name="encryptDecryptWithParsedCiphertext" classname="com.amazonaws.encryptionsdk.AwsCryptoTest" time="0.019">
    <error message="&#10;Mockito cannot mock this class: class com.amazonaws.encryptionsdk.internal.StaticMasterKey.&#10;&#10;Mockito can only mock non-private &amp; non-final classes.&#10;If you&apos;re not sure why you&apos;re getting this error, please report to the mailing list.&#10;&#10;&#10;Java               : 11&#10;JVM vendor name    : Oracle Corporation&#10;JVM vendor version : 11.0.8+10-LTS&#10;JVM name           : Java HotSpot(TM) 64-Bit Server VM&#10;JVM version        : 11.0.8+10-LTS&#10;JVM info           : mixed mode&#10;OS name            : Linux&#10;OS version         : 4.15.0-106-generic&#10;&#10;&#10;Underlying exception : java.lang.UnsupportedOperationException: Cannot define class using reflection" type="org.mockito.exceptions.base.MockitoException"><![CDATA[org.mockito.exceptions.base.MockitoException: 

Mockito cannot mock this class: class com.amazonaws.encryptionsdk.internal.StaticMasterKey.

Mockito can only mock non-private & non-final classes.
If you're not sure why you're getting this error, please report to the mailing list.


Java               : 11
JVM vendor name    : Oracle Corporation
JVM vendor version : 11.0.8+10-LTS
JVM name           : Java HotSpot(TM) 64-Bit Server VM
JVM version        : 11.0.8+10-LTS
JVM info           : mixed mode
OS name            : Linux
OS version         : 4.15.0-106-generic


Underlying exception : java.lang.UnsupportedOperationException: Cannot define class using reflection
	at com.amazonaws.encryptionsdk.AwsCryptoTest.init(AwsCryptoTest.java:63)
Caused by: java.lang.UnsupportedOperationException: Cannot define class using reflection
	at com.amazonaws.encryptionsdk.AwsCryptoTest.init(AwsCryptoTest.java:63)
Caused by: java.lang.IllegalArgumentException: Unknown Java version: 11
	at com.amazonaws.encryptionsdk.AwsCryptoTest.init(AwsCryptoTest.java:63)
]]></error>
  </testcase>
  <testcase name="whenDecrypting_invokesMKPOnce" classname="com.amazonaws.encryptionsdk.AwsCryptoTest" time="0.019">
    <error message="&#10;Mockito cannot mock this class: class com.amazonaws.encryptionsdk.internal.StaticMasterKey.&#10;&#10;Mockito can only mock non-private &amp; non-final classes.&#10;If you&apos;re not sure why you&apos;re getting this error, please report to the mailing list.&#10;&#10;&#10;Java               : 11&#10;JVM vendor name    : Oracle Corporation&#10;JVM vendor version : 11.0.8+10-LTS&#10;JVM name           : Java HotSpot(TM) 64-Bit Server VM&#10;JVM version        : 11.0.8+10-LTS&#10;JVM info           : mixed mode&#10;OS name            : Linux&#10;OS version         : 4.15.0-106-generic&#10;&#10;&#10;Underlying exception : java.lang.UnsupportedOperationException: Cannot define class using reflection" type="org.mockito.exceptions.base.MockitoException"><![CDATA[org.mockito.exceptions.base.MockitoException: 

Mockito cannot mock this class: class com.amazonaws.encryptionsdk.internal.StaticMasterKey.

Mockito can only mock non-private & non-final classes.
If you're not sure why you're getting this error, please report to the mailing list.


Java               : 11
JVM vendor name    : Oracle Corporation
JVM vendor version : 11.0.8+10-LTS
JVM name           : Java HotSpot(TM) 64-Bit Server VM
JVM version        : 11.0.8+10-LTS
JVM info           : mixed mode
OS name            : Linux
OS version         : 4.15.0-106-generic


Underlying exception : java.lang.UnsupportedOperationException: Cannot define class using reflection
	at com.amazonaws.encryptionsdk.AwsCryptoTest.init(AwsCryptoTest.java:63)
Caused by: java.lang.UnsupportedOperationException: Cannot define class using reflection
	at com.amazonaws.encryptionsdk.AwsCryptoTest.init(AwsCryptoTest.java:63)
Caused by: java.lang.IllegalArgumentException: Unknown Java version: 11
	at com.amazonaws.encryptionsdk.AwsCryptoTest.init(AwsCryptoTest.java:63)
]]></error>
  </testcase>
  <testcase name="setNegativeFrameSize" classname="com.amazonaws.encryptionsdk.AwsCryptoTest" time="0.02">
    <error message="&#10;Mockito cannot mock this class: class com.amazonaws.encryptionsdk.internal.StaticMasterKey.&#10;&#10;Mockito can only mock non-private &amp; non-final classes.&#10;If you&apos;re not sure why you&apos;re getting this error, please report to the mailing list.&#10;&#10;&#10;Java               : 11&#10;JVM vendor name    : Oracle Corporation&#10;JVM vendor version : 11.0.8+10-LTS&#10;JVM name           : Java HotSpot(TM) 64-Bit Server VM&#10;JVM version        : 11.0.8+10-LTS&#10;JVM info           : mixed mode&#10;OS name            : Linux&#10;OS version         : 4.15.0-106-generic&#10;&#10;&#10;Underlying exception : java.lang.UnsupportedOperationException: Cannot define class using reflection" type="org.mockito.exceptions.base.MockitoException"><![CDATA[org.mockito.exceptions.base.MockitoException: 

Mockito cannot mock this class: class com.amazonaws.encryptionsdk.internal.StaticMasterKey.

Mockito can only mock non-private & non-final classes.
If you're not sure why you're getting this error, please report to the mailing list.


Java               : 11
JVM vendor name    : Oracle Corporation
JVM vendor version : 11.0.8+10-LTS
JVM name           : Java HotSpot(TM) 64-Bit Server VM
JVM version        : 11.0.8+10-LTS
JVM info           : mixed mode
OS name            : Linux
OS version         : 4.15.0-106-generic


Underlying exception : java.lang.UnsupportedOperationException: Cannot define class using reflection
	at com.amazonaws.encryptionsdk.AwsCryptoTest.init(AwsCryptoTest.java:63)
Caused by: java.lang.UnsupportedOperationException: Cannot define class using reflection
	at com.amazonaws.encryptionsdk.AwsCryptoTest.init(AwsCryptoTest.java:63)
Caused by: java.lang.IllegalArgumentException: Unknown Java version: 11
	at com.amazonaws.encryptionsdk.AwsCryptoTest.init(AwsCryptoTest.java:63)
]]></error>
  </testcase>
  <testcase name="encryptDecryptWithBadSignature" classname="com.amazonaws.encryptionsdk.AwsCryptoTest" time="0.02">
    <error message="&#10;Mockito cannot mock this class: class com.amazonaws.encryptionsdk.internal.StaticMasterKey.&#10;&#10;Mockito can only mock non-private &amp; non-final classes.&#10;If you&apos;re not sure why you&apos;re getting this error, please report to the mailing list.&#10;&#10;&#10;Java               : 11&#10;JVM vendor name    : Oracle Corporation&#10;JVM vendor version : 11.0.8+10-LTS&#10;JVM name           : Java HotSpot(TM) 64-Bit Server VM&#10;JVM version        : 11.0.8+10-LTS&#10;JVM info           : mixed mode&#10;OS name            : Linux&#10;OS version         : 4.15.0-106-generic&#10;&#10;&#10;Underlying exception : java.lang.UnsupportedOperationException: Cannot define class using reflection" type="org.mockito.exceptions.base.MockitoException"><![CDATA[org.mockito.exceptions.base.MockitoException: 

Mockito cannot mock this class: class com.amazonaws.encryptionsdk.internal.StaticMasterKey.

Mockito can only mock non-private & non-final classes.
If you're not sure why you're getting this error, please report to the mailing list.


Java               : 11
JVM vendor name    : Oracle Corporation
JVM vendor version : 11.0.8+10-LTS
JVM name           : Java HotSpot(TM) 64-Bit Server VM
JVM version        : 11.0.8+10-LTS
JVM info           : mixed mode
OS name            : Linux
OS version         : 4.15.0-106-generic


Underlying exception : java.lang.UnsupportedOperationException: Cannot define class using reflection
	at com.amazonaws.encryptionsdk.AwsCryptoTest.init(AwsCryptoTest.java:63)
Caused by: java.lang.UnsupportedOperationException: Cannot define class using reflection
	at com.amazonaws.encryptionsdk.AwsCryptoTest.init(AwsCryptoTest.java:63)
Caused by: java.lang.IllegalArgumentException: Unknown Java version: 11
	at com.amazonaws.encryptionsdk.AwsCryptoTest.init(AwsCryptoTest.java:63)
]]></error>
  </testcase>
  <testcase name="encryptStringDecryptBytes" classname="com.amazonaws.encryptionsdk.AwsCryptoTest" time="0.019">
    <error message="&#10;Mockito cannot mock this class: class com.amazonaws.encryptionsdk.internal.StaticMasterKey.&#10;&#10;Mockito can only mock non-private &amp; non-final classes.&#10;If you&apos;re not sure why you&apos;re getting this error, please report to the mailing list.&#10;&#10;&#10;Java               : 11&#10;JVM vendor name    : Oracle Corporation&#10;JVM vendor version : 11.0.8+10-LTS&#10;JVM name           : Java HotSpot(TM) 64-Bit Server VM&#10;JVM version        : 11.0.8+10-LTS&#10;JVM info           : mixed mode&#10;OS name            : Linux&#10;OS version         : 4.15.0-106-generic&#10;&#10;&#10;Underlying exception : java.lang.UnsupportedOperationException: Cannot define class using reflection" type="org.mockito.exceptions.base.MockitoException"><![CDATA[org.mockito.exceptions.base.MockitoException: 

Mockito cannot mock this class: class com.amazonaws.encryptionsdk.internal.StaticMasterKey.

Mockito can only mock non-private & non-final classes.
If you're not sure why you're getting this error, please report to the mailing list.


Java               : 11
JVM vendor name    : Oracle Corporation
JVM vendor version : 11.0.8+10-LTS
JVM name           : Java HotSpot(TM) 64-Bit Server VM
JVM version        : 11.0.8+10-LTS
JVM info           : mixed mode
OS name            : Linux
OS version         : 4.15.0-106-generic


Underlying exception : java.lang.UnsupportedOperationException: Cannot define class using reflection
	at com.amazonaws.encryptionsdk.AwsCryptoTest.init(AwsCryptoTest.java:63)
Caused by: java.lang.UnsupportedOperationException: Cannot define class using reflection
	at com.amazonaws.encryptionsdk.AwsCryptoTest.init(AwsCryptoTest.java:63)
Caused by: java.lang.IllegalArgumentException: Unknown Java version: 11
	at com.amazonaws.encryptionsdk.AwsCryptoTest.init(AwsCryptoTest.java:63)
]]></error>
  </testcase>
  <testcase name="setCryptoAlgorithm" classname="com.amazonaws.encryptionsdk.AwsCryptoTest" time="0.016">
    <error message="&#10;Mockito cannot mock this class: class com.amazonaws.encryptionsdk.internal.StaticMasterKey.&#10;&#10;Mockito can only mock non-private &amp; non-final classes.&#10;If you&apos;re not sure why you&apos;re getting this error, please report to the mailing list.&#10;&#10;&#10;Java               : 11&#10;JVM vendor name    : Oracle Corporation&#10;JVM vendor version : 11.0.8+10-LTS&#10;JVM name           : Java HotSpot(TM) 64-Bit Server VM&#10;JVM version        : 11.0.8+10-LTS&#10;JVM info           : mixed mode&#10;OS name            : Linux&#10;OS version         : 4.15.0-106-generic&#10;&#10;&#10;Underlying exception : java.lang.UnsupportedOperationException: Cannot define class using reflection" type="org.mockito.exceptions.base.MockitoException"><![CDATA[org.mockito.exceptions.base.MockitoException: 

Mockito cannot mock this class: class com.amazonaws.encryptionsdk.internal.StaticMasterKey.

Mockito can only mock non-private & non-final classes.
If you're not sure why you're getting this error, please report to the mailing list.


Java               : 11
JVM vendor name    : Oracle Corporation
JVM vendor version : 11.0.8+10-LTS
JVM name           : Java HotSpot(TM) 64-Bit Server VM
JVM version        : 11.0.8+10-LTS
JVM info           : mixed mode
OS name            : Linux
OS version         : 4.15.0-106-generic


Underlying exception : java.lang.UnsupportedOperationException: Cannot define class using reflection
	at com.amazonaws.encryptionsdk.AwsCryptoTest.init(AwsCryptoTest.java:63)
Caused by: java.lang.UnsupportedOperationException: Cannot define class using reflection
	at com.amazonaws.encryptionsdk.AwsCryptoTest.init(AwsCryptoTest.java:63)
Caused by: java.lang.IllegalArgumentException: Unknown Java version: 11
	at com.amazonaws.encryptionsdk.AwsCryptoTest.init(AwsCryptoTest.java:63)
]]></error>
  </testcase>
  <testcase name="encryptDecryptStringWithoutEncContext" classname="com.amazonaws.encryptionsdk.AwsCryptoTest" time="0.018">
    <error message="&#10;Mockito cannot mock this class: class com.amazonaws.encryptionsdk.internal.StaticMasterKey.&#10;&#10;Mockito can only mock non-private &amp; non-final classes.&#10;If you&apos;re not sure why you&apos;re getting this error, please report to the mailing list.&#10;&#10;&#10;Java               : 11&#10;JVM vendor name    : Oracle Corporation&#10;JVM vendor version : 11.0.8+10-LTS&#10;JVM name           : Java HotSpot(TM) 64-Bit Server VM&#10;JVM version        : 11.0.8+10-LTS&#10;JVM info           : mixed mode&#10;OS name            : Linux&#10;OS version         : 4.15.0-106-generic&#10;&#10;&#10;Underlying exception : java.lang.UnsupportedOperationException: Cannot define class using reflection" type="org.mockito.exceptions.base.MockitoException"><![CDATA[org.mockito.exceptions.base.MockitoException: 

Mockito cannot mock this class: class com.amazonaws.encryptionsdk.internal.StaticMasterKey.

Mockito can only mock non-private & non-final classes.
If you're not sure why you're getting this error, please report to the mailing list.


Java               : 11
JVM vendor name    : Oracle Corporation
JVM vendor version : 11.0.8+10-LTS
JVM name           : Java HotSpot(TM) 64-Bit Server VM
JVM version        : 11.0.8+10-LTS
JVM info           : mixed mode
OS name            : Linux
OS version         : 4.15.0-106-generic


Underlying exception : java.lang.UnsupportedOperationException: Cannot define class using reflection
	at com.amazonaws.encryptionsdk.AwsCryptoTest.init(AwsCryptoTest.java:63)
Caused by: java.lang.UnsupportedOperationException: Cannot define class using reflection
	at com.amazonaws.encryptionsdk.AwsCryptoTest.init(AwsCryptoTest.java:63)
Caused by: java.lang.IllegalArgumentException: Unknown Java version: 11
	at com.amazonaws.encryptionsdk.AwsCryptoTest.init(AwsCryptoTest.java:63)
]]></error>
  </testcase>
  <testcase name="whenStreamSizeSet_roundTripSucceeds" classname="com.amazonaws.encryptionsdk.CryptoInputStreamTest$NonParameterized" time="0.011"/>
  <testcase name="whenGetResultInvokedOnEmptyStream_exceptionThrown" classname="com.amazonaws.encryptionsdk.CryptoInputStreamTest$NonParameterized" time="0"/>
  <testcase name="whenStreamSizeSetEarly_streamSizePassedToCMM" classname="com.amazonaws.encryptionsdk.CryptoInputStreamTest$NonParameterized" time="0.009">
    <error message="&#10;Mockito cannot mock this class: class com.amazonaws.encryptionsdk.DefaultCryptoMaterialsManager.&#10;&#10;Mockito can only mock non-private &amp; non-final classes.&#10;If you&apos;re not sure why you&apos;re getting this error, please report to the mailing list.&#10;&#10;&#10;Java               : 11&#10;JVM vendor name    : Oracle Corporation&#10;JVM vendor version : 11.0.8+10-LTS&#10;JVM name           : Java HotSpot(TM) 64-Bit Server VM&#10;JVM version        : 11.0.8+10-LTS&#10;JVM info           : mixed mode&#10;OS name            : Linux&#10;OS version         : 4.15.0-106-generic&#10;&#10;&#10;Underlying exception : java.lang.UnsupportedOperationException: Cannot define class using reflection" type="org.mockito.exceptions.base.MockitoException"><![CDATA[org.mockito.exceptions.base.MockitoException: 

Mockito cannot mock this class: class com.amazonaws.encryptionsdk.DefaultCryptoMaterialsManager.

Mockito can only mock non-private & non-final classes.
If you're not sure why you're getting this error, please report to the mailing list.


Java               : 11
JVM vendor name    : Oracle Corporation
JVM vendor version : 11.0.8+10-LTS
JVM name           : Java HotSpot(TM) 64-Bit Server VM
JVM version        : 11.0.8+10-LTS
JVM info           : mixed mode
OS name            : Linux
OS version         : 4.15.0-106-generic


Underlying exception : java.lang.UnsupportedOperationException: Cannot define class using reflection
	at com.amazonaws.encryptionsdk.CryptoInputStreamTest$NonParameterized.whenStreamSizeSetEarly_streamSizePassedToCMM(CryptoInputStreamTest.java:607)
Caused by: java.lang.UnsupportedOperationException: Cannot define class using reflection
	at com.amazonaws.encryptionsdk.CryptoInputStreamTest$NonParameterized.whenStreamSizeSetEarly_streamSizePassedToCMM(CryptoInputStreamTest.java:607)
Caused by: java.lang.IllegalArgumentException: Unknown Java version: 11
]]></error>
  </testcase>
  <testcase name="singleByteRead" classname="com.amazonaws.encryptionsdk.CryptoInputStreamTest$NonParameterized" time="0.14"/>
  <testcase name="doEncryptDecryptWithoutEncContext" classname="com.amazonaws.encryptionsdk.CryptoInputStreamTest$NonParameterized" time="0.061"/>
  <testcase name="whenNullBufferPassed_andNoOffsetArgs_readThrowsNPE" classname="com.amazonaws.encryptionsdk.CryptoInputStreamTest$NonParameterized" time="0"/>
  <testcase name="decryptEmptyFile" classname="com.amazonaws.encryptionsdk.CryptoInputStreamTest$NonParameterized" time="0"/>
  <testcase name="decryptUsingCryptoMaterialsManager" classname="com.amazonaws.encryptionsdk.CryptoInputStreamTest$NonParameterized" time="0.006"/>
  <testcase name="encryptOSDecryptIS" classname="com.amazonaws.encryptionsdk.CryptoInputStreamTest$NonParameterized" time="0.04"/>
  <testcase name="whenNullBufferPassed_andOffsetArgsPassed_readThrowsNPE" classname="com.amazonaws.encryptionsdk.CryptoInputStreamTest$NonParameterized" time="0"/>
  <testcase name="negativeReadOffset" classname="com.amazonaws.encryptionsdk.CryptoInputStreamTest$NonParameterized" time="0"/>
  <testcase name="checkKeyId" classname="com.amazonaws.encryptionsdk.CryptoInputStreamTest$NonParameterized" time="0.006"/>
  <testcase name="noOpStream" classname="com.amazonaws.encryptionsdk.CryptoInputStreamTest$NonParameterized" time="0"/>
  <testcase name="zeroReadLen" classname="com.amazonaws.encryptionsdk.CryptoInputStreamTest$NonParameterized" time="0"/>
  <testcase name="checkEncContext" classname="com.amazonaws.encryptionsdk.CryptoInputStreamTest$NonParameterized" time="0.006"/>
  <testcase name="encryptStreamDecryptBytes" classname="com.amazonaws.encryptionsdk.CryptoInputStreamTest$NonParameterized" time="0.036"/>
  <testcase name="whenStreamSizeNegative_setSizeThrows" classname="com.amazonaws.encryptionsdk.CryptoInputStreamTest$NonParameterized" time="0"/>
  <testcase name="whenStreamSizeSetLate_andExceeded_exceptionThrown" classname="com.amazonaws.encryptionsdk.CryptoInputStreamTest$NonParameterized" time="0.007">
    <error message="&#10;Mockito cannot mock this class: class com.amazonaws.encryptionsdk.DefaultCryptoMaterialsManager.&#10;&#10;Mockito can only mock non-private &amp; non-final classes.&#10;If you&apos;re not sure why you&apos;re getting this error, please report to the mailing list.&#10;&#10;&#10;Java               : 11&#10;JVM vendor name    : Oracle Corporation&#10;JVM vendor version : 11.0.8+10-LTS&#10;JVM name           : Java HotSpot(TM) 64-Bit Server VM&#10;JVM version        : 11.0.8+10-LTS&#10;JVM info           : mixed mode&#10;OS name            : Linux&#10;OS version         : 4.15.0-106-generic&#10;&#10;&#10;Underlying exception : java.lang.UnsupportedOperationException: Cannot define class using reflection" type="org.mockito.exceptions.base.MockitoException"><![CDATA[org.mockito.exceptions.base.MockitoException: 

Mockito cannot mock this class: class com.amazonaws.encryptionsdk.DefaultCryptoMaterialsManager.

Mockito can only mock non-private & non-final classes.
If you're not sure why you're getting this error, please report to the mailing list.


Java               : 11
JVM vendor name    : Oracle Corporation
JVM vendor version : 11.0.8+10-LTS
JVM name           : Java HotSpot(TM) 64-Bit Server VM
JVM version        : 11.0.8+10-LTS
JVM info           : mixed mode
OS name            : Linux
OS version         : 4.15.0-106-generic


Underlying exception : java.lang.UnsupportedOperationException: Cannot define class using reflection
	at com.amazonaws.encryptionsdk.CryptoInputStreamTest$NonParameterized.whenStreamSizeSetLate_andExceeded_exceptionThrown(CryptoInputStreamTest.java:635)
Caused by: java.lang.UnsupportedOperationException: Cannot define class using reflection
	at com.amazonaws.encryptionsdk.CryptoInputStreamTest$NonParameterized.whenStreamSizeSetLate_andExceeded_exceptionThrown(CryptoInputStreamTest.java:635)
Caused by: java.lang.IllegalArgumentException: Unknown Java version: 11
]]></error>
  </testcase>
  <testcase name="negativeReadLen" classname="com.amazonaws.encryptionsdk.CryptoInputStreamTest$NonParameterized" time="0"/>
  <testcase name="checkAvailable" classname="com.amazonaws.encryptionsdk.CryptoInputStreamTest$NonParameterized" time="0"/>
  <testcase name="whenGetResultCalledTooEarly_noExceptionThrown" classname="com.amazonaws.encryptionsdk.CryptoInputStreamTest$NonParameterized" time="0.006"/>
  <testcase name="invalidReadOffset" classname="com.amazonaws.encryptionsdk.CryptoInputStreamTest$NonParameterized" time="0.001"/>
  <testcase name="encryptBytesDecryptStream" classname="com.amazonaws.encryptionsdk.CryptoInputStreamTest$NonParameterized" time="0.037"/>
  <testcase name="whenStreamSizeSetEarly_andExceeded_exceptionThrown" classname="com.amazonaws.encryptionsdk.CryptoInputStreamTest$NonParameterized" time="0.006">
    <error message="&#10;Mockito cannot mock this class: class com.amazonaws.encryptionsdk.DefaultCryptoMaterialsManager.&#10;&#10;Mockito can only mock non-private &amp; non-final classes.&#10;If you&apos;re not sure why you&apos;re getting this error, please report to the mailing list.&#10;&#10;&#10;Java               : 11&#10;JVM vendor name    : Oracle Corporation&#10;JVM vendor version : 11.0.8+10-LTS&#10;JVM name           : Java HotSpot(TM) 64-Bit Server VM&#10;JVM version        : 11.0.8+10-LTS&#10;JVM info           : mixed mode&#10;OS name            : Linux&#10;OS version         : 4.15.0-106-generic&#10;&#10;&#10;Underlying exception : java.lang.UnsupportedOperationException: Cannot define class using reflection" type="org.mockito.exceptions.base.MockitoException"><![CDATA[org.mockito.exceptions.base.MockitoException: 

Mockito cannot mock this class: class com.amazonaws.encryptionsdk.DefaultCryptoMaterialsManager.

Mockito can only mock non-private & non-final classes.
If you're not sure why you're getting this error, please report to the mailing list.


Java               : 11
JVM vendor name    : Oracle Corporation
JVM vendor version : 11.0.8+10-LTS
JVM name           : Java HotSpot(TM) 64-Bit Server VM
JVM version        : 11.0.8+10-LTS
JVM info           : mixed mode
OS name            : Linux
OS version         : 4.15.0-106-generic


Underlying exception : java.lang.UnsupportedOperationException: Cannot define class using reflection
	at com.amazonaws.encryptionsdk.CryptoInputStreamTest$NonParameterized.whenStreamSizeSetEarly_andExceeded_exceptionThrown(CryptoInputStreamTest.java:624)
Caused by: java.lang.UnsupportedOperationException: Cannot define class using reflection
	at com.amazonaws.encryptionsdk.CryptoInputStreamTest$NonParameterized.whenStreamSizeSetEarly_andExceeded_exceptionThrown(CryptoInputStreamTest.java:624)
Caused by: java.lang.IllegalArgumentException: Unknown Java version: 11
]]></error>
  </testcase>
  <testcase name="encryptUsingCryptoMaterialsManager" classname="com.amazonaws.encryptionsdk.CryptoInputStreamTest$NonParameterized" time="0.006"/>
  <testcase name="whenStreamSizeSet_afterBeingExceeded_exceptionThrown" classname="com.amazonaws.encryptionsdk.CryptoInputStreamTest$NonParameterized" time="0.006">
    <error message="&#10;Mockito cannot mock this class: class com.amazonaws.encryptionsdk.DefaultCryptoMaterialsManager.&#10;&#10;Mockito can only mock non-private &amp; non-final classes.&#10;If you&apos;re not sure why you&apos;re getting this error, please report to the mailing list.&#10;&#10;&#10;Java               : 11&#10;JVM vendor name    : Oracle Corporation&#10;JVM vendor version : 11.0.8+10-LTS&#10;JVM name           : Java HotSpot(TM) 64-Bit Server VM&#10;JVM version        : 11.0.8+10-LTS&#10;JVM info           : mixed mode&#10;OS name            : Linux&#10;OS version         : 4.15.0-106-generic&#10;&#10;&#10;Underlying exception : java.lang.UnsupportedOperationException: Cannot define class using reflection" type="org.mockito.exceptions.base.MockitoException"><![CDATA[org.mockito.exceptions.base.MockitoException: 

Mockito cannot mock this class: class com.amazonaws.encryptionsdk.DefaultCryptoMaterialsManager.

Mockito can only mock non-private & non-final classes.
If you're not sure why you're getting this error, please report to the mailing list.


Java               : 11
JVM vendor name    : Oracle Corporation
JVM vendor version : 11.0.8+10-LTS
JVM name           : Java HotSpot(TM) 64-Bit Server VM
JVM version        : 11.0.8+10-LTS
JVM info           : mixed mode
OS name            : Linux
OS version         : 4.15.0-106-generic


Underlying exception : java.lang.UnsupportedOperationException: Cannot define class using reflection
	at com.amazonaws.encryptionsdk.CryptoInputStreamTest$NonParameterized.whenStreamSizeSet_afterBeingExceeded_exceptionThrown(CryptoInputStreamTest.java:649)
Caused by: java.lang.UnsupportedOperationException: Cannot define class using reflection
	at com.amazonaws.encryptionsdk.CryptoInputStreamTest$NonParameterized.whenStreamSizeSet_afterBeingExceeded_exceptionThrown(CryptoInputStreamTest.java:649)
Caused by: java.lang.IllegalArgumentException: Unknown Java version: 11
]]></error>
  </testcase>
  <testcase name="encryptDecrypt[0: encryptDecrypt(algorithm=ALG_AES_128_GCM_IV12_TAG16_NO_KDF, byteSize=0, frameSize=0, readLen=1)]" classname="com.amazonaws.encryptionsdk.CryptoInputStreamTest$ParameterizedEncryptDecryptTest" time="0.002"/>
  <testcase name="encryptDecrypt[1: encryptDecrypt(algorithm=ALG_AES_128_GCM_IV12_TAG16_NO_KDF, byteSize=0, frameSize=0, readLen=1)]" classname="com.amazonaws.encryptionsdk.CryptoInputStreamTest$ParameterizedEncryptDecryptTest" time="0"/>
  <testcase name="encryptDecrypt[2: encryptDecrypt(algorithm=ALG_AES_128_GCM_IV12_TAG16_NO_KDF, byteSize=0, frameSize=0, readLen=1,000,000)]" classname="com.amazonaws.encryptionsdk.CryptoInputStreamTest$ParameterizedEncryptDecryptTest" time="0.001"/>
  <testcase name="encryptDecrypt[3: encryptDecrypt(algorithm=ALG_AES_128_GCM_IV12_TAG16_NO_KDF, byteSize=1, frameSize=0, readLen=1)]" classname="com.amazonaws.encryptionsdk.CryptoInputStreamTest$ParameterizedEncryptDecryptTest" time="0"/>
  <testcase name="encryptDecrypt[4: encryptDecrypt(algorithm=ALG_AES_128_GCM_IV12_TAG16_NO_KDF, byteSize=1, frameSize=0, readLen=1)]" classname="com.amazonaws.encryptionsdk.CryptoInputStreamTest$ParameterizedEncryptDecryptTest" time="0.001"/>
  <testcase name="encryptDecrypt[5: encryptDecrypt(algorithm=ALG_AES_128_GCM_IV12_TAG16_NO_KDF, byteSize=1, frameSize=0, readLen=2)]" classname="com.amazonaws.encryptionsdk.CryptoInputStreamTest$ParameterizedEncryptDecryptTest" time="0"/>
  <testcase name="encryptDecrypt[6: encryptDecrypt(algorithm=ALG_AES_128_GCM_IV12_TAG16_NO_KDF, byteSize=1, frameSize=0, readLen=2)]" classname="com.amazonaws.encryptionsdk.CryptoInputStreamTest$ParameterizedEncryptDecryptTest" time="0"/>
  <testcase name="encryptDecrypt[7: encryptDecrypt(algorithm=ALG_AES_128_GCM_IV12_TAG16_NO_KDF, byteSize=1, frameSize=0, readLen=1,000,000)]" classname="com.amazonaws.encryptionsdk.CryptoInputStreamTest$ParameterizedEncryptDecryptTest" time="0.001"/>
  <testcase name="encryptDecrypt[8: encryptDecrypt(algorithm=ALG_AES_128_GCM_IV12_TAG16_NO_KDF, byteSize=0, frameSize=0, readLen=1)]" classname="com.amazonaws.encryptionsdk.CryptoInputStreamTest$ParameterizedEncryptDecryptTest" time="0"/>
  <testcase name="encryptDecrypt[9: encryptDecrypt(algorithm=ALG_AES_128_GCM_IV12_TAG16_NO_KDF, byteSize=0, frameSize=0, readLen=1)]" classname="com.amazonaws.encryptionsdk.CryptoInputStreamTest$ParameterizedEncryptDecryptTest" time="0.001"/>
  <testcase name="encryptDecrypt[10: encryptDecrypt(algorithm=ALG_AES_128_GCM_IV12_TAG16_NO_KDF, byteSize=0, frameSize=0, readLen=1,000,000)]" classname="com.amazonaws.encryptionsdk.CryptoInputStreamTest$ParameterizedEncryptDecryptTest" time="0.001"/>
  <testcase name="encryptDecrypt[11: encryptDecrypt(algorithm=ALG_AES_128_GCM_IV12_TAG16_NO_KDF, byteSize=1, frameSize=0, readLen=1)]" classname="com.amazonaws.encryptionsdk.CryptoInputStreamTest$ParameterizedEncryptDecryptTest" time="0"/>
  <testcase name="encryptDecrypt[12: encryptDecrypt(algorithm=ALG_AES_128_GCM_IV12_TAG16_NO_KDF, byteSize=1, frameSize=0, readLen=1)]" classname="com.amazonaws.encryptionsdk.CryptoInputStreamTest$ParameterizedEncryptDecryptTest" time="0.001"/>
  <testcase name="encryptDecrypt[13: encryptDecrypt(algorithm=ALG_AES_128_GCM_IV12_TAG16_NO_KDF, byteSize=1, frameSize=0, readLen=2)]" classname="com.amazonaws.encryptionsdk.CryptoInputStreamTest$ParameterizedEncryptDecryptTest" time="0"/>
  <testcase name="encryptDecrypt[14: encryptDecrypt(algorithm=ALG_AES_128_GCM_IV12_TAG16_NO_KDF, byteSize=1, frameSize=0, readLen=2)]" classname="com.amazonaws.encryptionsdk.CryptoInputStreamTest$ParameterizedEncryptDecryptTest" time="0.001"/>
  <testcase name="encryptDecrypt[15: encryptDecrypt(algorithm=ALG_AES_128_GCM_IV12_TAG16_NO_KDF, byteSize=1, frameSize=0, readLen=1,000,000)]" classname="com.amazonaws.encryptionsdk.CryptoInputStreamTest$ParameterizedEncryptDecryptTest" time="0.001"/>
  <testcase name="encryptDecrypt[16: encryptDecrypt(algorithm=ALG_AES_128_GCM_IV12_TAG16_NO_KDF, byteSize=0, frameSize=0, readLen=1)]" classname="com.amazonaws.encryptionsdk.CryptoInputStreamTest$ParameterizedEncryptDecryptTest" time="0.001"/>
  <testcase name="encryptDecrypt[17: encryptDecrypt(algorithm=ALG_AES_128_GCM_IV12_TAG16_NO_KDF, byteSize=0, frameSize=0, readLen=1)]" classname="com.amazonaws.encryptionsdk.CryptoInputStreamTest$ParameterizedEncryptDecryptTest" time="0"/>
  <testcase name="encryptDecrypt[18: encryptDecrypt(algorithm=ALG_AES_128_GCM_IV12_TAG16_NO_KDF, byteSize=0, frameSize=0, readLen=1,000,000)]" classname="com.amazonaws.encryptionsdk.CryptoInputStreamTest$ParameterizedEncryptDecryptTest" time="0.001"/>
  <testcase name="encryptDecrypt[19: encryptDecrypt(algorithm=ALG_AES_128_GCM_IV12_TAG16_NO_KDF, byteSize=0, frameSize=0, readLen=1)]" classname="com.amazonaws.encryptionsdk.CryptoInputStreamTest$ParameterizedEncryptDecryptTest" time="0.001"/>
  <testcase name="encryptDecrypt[20: encryptDecrypt(algorithm=ALG_AES_128_GCM_IV12_TAG16_NO_KDF, byteSize=0, frameSize=0, readLen=1)]" classname="com.amazonaws.encryptionsdk.CryptoInputStreamTest$ParameterizedEncryptDecryptTest" time="0"/>
  <testcase name="encryptDecrypt[21: encryptDecrypt(algorithm=ALG_AES_128_GCM_IV12_TAG16_NO_KDF, byteSize=0, frameSize=0, readLen=1,000,000)]" classname="com.amazonaws.encryptionsdk.CryptoInputStreamTest$ParameterizedEncryptDecryptTest" time="0.001"/>
  <testcase name="encryptDecrypt[22: encryptDecrypt(algorithm=ALG_AES_128_GCM_IV12_TAG16_NO_KDF, byteSize=1,000,000, frameSize=0, readLen=1)]" classname="com.amazonaws.encryptionsdk.CryptoInputStreamTest$ParameterizedEncryptDecryptTest" time="0.166"/>
  <testcase name="encryptDecrypt[23: encryptDecrypt(algorithm=ALG_AES_128_GCM_IV12_TAG16_NO_KDF, byteSize=1,000,000, frameSize=0, readLen=999,999)]" classname="com.amazonaws.encryptionsdk.CryptoInputStreamTest$ParameterizedEncryptDecryptTest" time="0.075"/>
  <testcase name="encryptDecrypt[24: encryptDecrypt(algorithm=ALG_AES_128_GCM_IV12_TAG16_NO_KDF, byteSize=1,000,000, frameSize=0, readLen=1,000,000)]" classname="com.amazonaws.encryptionsdk.CryptoInputStreamTest$ParameterizedEncryptDecryptTest" time="0.084"/>
  <testcase name="encryptDecrypt[25: encryptDecrypt(algorithm=ALG_AES_128_GCM_IV12_TAG16_NO_KDF, byteSize=1,000,000, frameSize=0, readLen=1,000,001)]" classname="com.amazonaws.encryptionsdk.CryptoInputStreamTest$ParameterizedEncryptDecryptTest" time="0.045"/>
  <testcase name="encryptDecrypt[26: encryptDecrypt(algorithm=ALG_AES_128_GCM_IV12_TAG16_NO_KDF, byteSize=1,000,000, frameSize=0, readLen=2,000,000)]" classname="com.amazonaws.encryptionsdk.CryptoInputStreamTest$ParameterizedEncryptDecryptTest" time="0.054"/>
  <testcase name="encryptDecrypt[27: encryptDecrypt(algorithm=ALG_AES_128_GCM_IV12_TAG16_NO_KDF, byteSize=1,000,000, frameSize=0, readLen=1,000,000)]" classname="com.amazonaws.encryptionsdk.CryptoInputStreamTest$ParameterizedEncryptDecryptTest" time="0.044"/>
  <testcase name="encryptDecrypt[28: encryptDecrypt(algorithm=ALG_AES_128_GCM_IV12_TAG16_NO_KDF, byteSize=0, frameSize=15, readLen=1)]" classname="com.amazonaws.encryptionsdk.CryptoInputStreamTest$ParameterizedEncryptDecryptTest" time="0.001"/>
  <testcase name="encryptDecrypt[29: encryptDecrypt(algorithm=ALG_AES_128_GCM_IV12_TAG16_NO_KDF, byteSize=0, frameSize=15, readLen=1)]" classname="com.amazonaws.encryptionsdk.CryptoInputStreamTest$ParameterizedEncryptDecryptTest" time="0"/>
  <testcase name="encryptDecrypt[30: encryptDecrypt(algorithm=ALG_AES_128_GCM_IV12_TAG16_NO_KDF, byteSize=0, frameSize=15, readLen=1,000,000)]" classname="com.amazonaws.encryptionsdk.CryptoInputStreamTest$ParameterizedEncryptDecryptTest" time="0"/>
  <testcase name="encryptDecrypt[31: encryptDecrypt(algorithm=ALG_AES_128_GCM_IV12_TAG16_NO_KDF, byteSize=1, frameSize=15, readLen=1)]" classname="com.amazonaws.encryptionsdk.CryptoInputStreamTest$ParameterizedEncryptDecryptTest" time="0.001"/>
  <testcase name="encryptDecrypt[32: encryptDecrypt(algorithm=ALG_AES_128_GCM_IV12_TAG16_NO_KDF, byteSize=1, frameSize=15, readLen=1)]" classname="com.amazonaws.encryptionsdk.CryptoInputStreamTest$ParameterizedEncryptDecryptTest" time="0"/>
  <testcase name="encryptDecrypt[33: encryptDecrypt(algorithm=ALG_AES_128_GCM_IV12_TAG16_NO_KDF, byteSize=1, frameSize=15, readLen=2)]" classname="com.amazonaws.encryptionsdk.CryptoInputStreamTest$ParameterizedEncryptDecryptTest" time="0"/>
  <testcase name="encryptDecrypt[34: encryptDecrypt(algorithm=ALG_AES_128_GCM_IV12_TAG16_NO_KDF, byteSize=1, frameSize=15, readLen=2)]" classname="com.amazonaws.encryptionsdk.CryptoInputStreamTest$ParameterizedEncryptDecryptTest" time="0.001"/>
  <testcase name="encryptDecrypt[35: encryptDecrypt(algorithm=ALG_AES_128_GCM_IV12_TAG16_NO_KDF, byteSize=1, frameSize=15, readLen=1,000,000)]" classname="com.amazonaws.encryptionsdk.CryptoInputStreamTest$ParameterizedEncryptDecryptTest" time="0"/>
  <testcase name="encryptDecrypt[36: encryptDecrypt(algorithm=ALG_AES_128_GCM_IV12_TAG16_NO_KDF, byteSize=14, frameSize=15, readLen=1)]" classname="com.amazonaws.encryptionsdk.CryptoInputStreamTest$ParameterizedEncryptDecryptTest" time="0"/>
  <testcase name="encryptDecrypt[37: encryptDecrypt(algorithm=ALG_AES_128_GCM_IV12_TAG16_NO_KDF, byteSize=14, frameSize=15, readLen=13)]" classname="com.amazonaws.encryptionsdk.CryptoInputStreamTest$ParameterizedEncryptDecryptTest" time="0.001"/>
  <testcase name="encryptDecrypt[38: encryptDecrypt(algorithm=ALG_AES_128_GCM_IV12_TAG16_NO_KDF, byteSize=14, frameSize=15, readLen=14)]" classname="com.amazonaws.encryptionsdk.CryptoInputStreamTest$ParameterizedEncryptDecryptTest" time="0"/>
  <testcase name="encryptDecrypt[39: encryptDecrypt(algorithm=ALG_AES_128_GCM_IV12_TAG16_NO_KDF, byteSize=14, frameSize=15, readLen=15)]" classname="com.amazonaws.encryptionsdk.CryptoInputStreamTest$ParameterizedEncryptDecryptTest" time="0"/>
  <testcase name="encryptDecrypt[40: encryptDecrypt(algorithm=ALG_AES_128_GCM_IV12_TAG16_NO_KDF, byteSize=14, frameSize=15, readLen=28)]" classname="com.amazonaws.encryptionsdk.CryptoInputStreamTest$ParameterizedEncryptDecryptTest" time="0"/>
  <testcase name="encryptDecrypt[41: encryptDecrypt(algorithm=ALG_AES_128_GCM_IV12_TAG16_NO_KDF, byteSize=14, frameSize=15, readLen=1,000,000)]" classname="com.amazonaws.encryptionsdk.CryptoInputStreamTest$ParameterizedEncryptDecryptTest" time="0"/>
  <testcase name="encryptDecrypt[42: encryptDecrypt(algorithm=ALG_AES_128_GCM_IV12_TAG16_NO_KDF, byteSize=15, frameSize=15, readLen=1)]" classname="com.amazonaws.encryptionsdk.CryptoInputStreamTest$ParameterizedEncryptDecryptTest" time="0"/>
  <testcase name="encryptDecrypt[43: encryptDecrypt(algorithm=ALG_AES_128_GCM_IV12_TAG16_NO_KDF, byteSize=15, frameSize=15, readLen=14)]" classname="com.amazonaws.encryptionsdk.CryptoInputStreamTest$ParameterizedEncryptDecryptTest" time="0.001"/>
  <testcase name="encryptDecrypt[44: encryptDecrypt(algorithm=ALG_AES_128_GCM_IV12_TAG16_NO_KDF, byteSize=15, frameSize=15, readLen=15)]" classname="com.amazonaws.encryptionsdk.CryptoInputStreamTest$ParameterizedEncryptDecryptTest" time="0"/>
  <testcase name="encryptDecrypt[45: encryptDecrypt(algorithm=ALG_AES_128_GCM_IV12_TAG16_NO_KDF, byteSize=15, frameSize=15, readLen=16)]" classname="com.amazonaws.encryptionsdk.CryptoInputStreamTest$ParameterizedEncryptDecryptTest" time="0"/>
  <testcase name="encryptDecrypt[46: encryptDecrypt(algorithm=ALG_AES_128_GCM_IV12_TAG16_NO_KDF, byteSize=15, frameSize=15, readLen=30)]" classname="com.amazonaws.encryptionsdk.CryptoInputStreamTest$ParameterizedEncryptDecryptTest" time="0.001"/>
  <testcase name="encryptDecrypt[47: encryptDecrypt(algorithm=ALG_AES_128_GCM_IV12_TAG16_NO_KDF, byteSize=15, frameSize=15, readLen=1,000,000)]" classname="com.amazonaws.encryptionsdk.CryptoInputStreamTest$ParameterizedEncryptDecryptTest" time="0"/>
  <testcase name="encryptDecrypt[48: encryptDecrypt(algorithm=ALG_AES_128_GCM_IV12_TAG16_NO_KDF, byteSize=16, frameSize=15, readLen=1)]" classname="com.amazonaws.encryptionsdk.CryptoInputStreamTest$ParameterizedEncryptDecryptTest" time="0.001"/>
  <testcase name="encryptDecrypt[49: encryptDecrypt(algorithm=ALG_AES_128_GCM_IV12_TAG16_NO_KDF, byteSize=16, frameSize=15, readLen=15)]" classname="com.amazonaws.encryptionsdk.CryptoInputStreamTest$ParameterizedEncryptDecryptTest" time="0"/>
  <testcase name="encryptDecrypt[50: encryptDecrypt(algorithm=ALG_AES_128_GCM_IV12_TAG16_NO_KDF, byteSize=16, frameSize=15, readLen=16)]" classname="com.amazonaws.encryptionsdk.CryptoInputStreamTest$ParameterizedEncryptDecryptTest" time="0"/>
  <testcase name="encryptDecrypt[51: encryptDecrypt(algorithm=ALG_AES_128_GCM_IV12_TAG16_NO_KDF, byteSize=16, frameSize=15, readLen=17)]" classname="com.amazonaws.encryptionsdk.CryptoInputStreamTest$ParameterizedEncryptDecryptTest" time="0.001"/>
  <testcase name="encryptDecrypt[52: encryptDecrypt(algorithm=ALG_AES_128_GCM_IV12_TAG16_NO_KDF, byteSize=16, frameSize=15, readLen=32)]" classname="com.amazonaws.encryptionsdk.CryptoInputStreamTest$ParameterizedEncryptDecryptTest" time="0"/>
  <testcase name="encryptDecrypt[53: encryptDecrypt(algorithm=ALG_AES_128_GCM_IV12_TAG16_NO_KDF, byteSize=16, frameSize=15, readLen=1,000,000)]" classname="com.amazonaws.encryptionsdk.CryptoInputStreamTest$ParameterizedEncryptDecryptTest" time="0.001"/>
  <testcase name="encryptDecrypt[54: encryptDecrypt(algorithm=ALG_AES_128_GCM_IV12_TAG16_NO_KDF, byteSize=22, frameSize=15, readLen=1)]" classname="com.amazonaws.encryptionsdk.CryptoInputStreamTest$ParameterizedEncryptDecryptTest" time="0"/>
  <testcase name="encryptDecrypt[55: encryptDecrypt(algorithm=ALG_AES_128_GCM_IV12_TAG16_NO_KDF, byteSize=22, frameSize=15, readLen=21)]" classname="com.amazonaws.encryptionsdk.CryptoInputStreamTest$ParameterizedEncryptDecryptTest" time="0"/>
  <testcase name="encryptDecrypt[56: encryptDecrypt(algorithm=ALG_AES_128_GCM_IV12_TAG16_NO_KDF, byteSize=22, frameSize=15, readLen=22)]" classname="com.amazonaws.encryptionsdk.CryptoInputStreamTest$ParameterizedEncryptDecryptTest" time="0.001"/>
  <testcase name="encryptDecrypt[57: encryptDecrypt(algorithm=ALG_AES_128_GCM_IV12_TAG16_NO_KDF, byteSize=22, frameSize=15, readLen=23)]" classname="com.amazonaws.encryptionsdk.CryptoInputStreamTest$ParameterizedEncryptDecryptTest" time="0"/>
  <testcase name="encryptDecrypt[58: encryptDecrypt(algorithm=ALG_AES_128_GCM_IV12_TAG16_NO_KDF, byteSize=22, frameSize=15, readLen=44)]" classname="com.amazonaws.encryptionsdk.CryptoInputStreamTest$ParameterizedEncryptDecryptTest" time="0"/>
  <testcase name="encryptDecrypt[59: encryptDecrypt(algorithm=ALG_AES_128_GCM_IV12_TAG16_NO_KDF, byteSize=22, frameSize=15, readLen=1,000,000)]" classname="com.amazonaws.encryptionsdk.CryptoInputStreamTest$ParameterizedEncryptDecryptTest" time="0.001"/>
  <testcase name="encryptDecrypt[60: encryptDecrypt(algorithm=ALG_AES_128_GCM_IV12_TAG16_NO_KDF, byteSize=30, frameSize=15, readLen=1)]" classname="com.amazonaws.encryptionsdk.CryptoInputStreamTest$ParameterizedEncryptDecryptTest" time="0"/>
  <testcase name="encryptDecrypt[61: encryptDecrypt(algorithm=ALG_AES_128_GCM_IV12_TAG16_NO_KDF, byteSize=30, frameSize=15, readLen=29)]" classname="com.amazonaws.encryptionsdk.CryptoInputStreamTest$ParameterizedEncryptDecryptTest" time="0"/>
  <testcase name="encryptDecrypt[62: encryptDecrypt(algorithm=ALG_AES_128_GCM_IV12_TAG16_NO_KDF, byteSize=30, frameSize=15, readLen=30)]" classname="com.amazonaws.encryptionsdk.CryptoInputStreamTest$ParameterizedEncryptDecryptTest" time="0.001"/>
  <testcase name="encryptDecrypt[63: encryptDecrypt(algorithm=ALG_AES_128_GCM_IV12_TAG16_NO_KDF, byteSize=30, frameSize=15, readLen=31)]" classname="com.amazonaws.encryptionsdk.CryptoInputStreamTest$ParameterizedEncryptDecryptTest" time="0"/>
  <testcase name="encryptDecrypt[64: encryptDecrypt(algorithm=ALG_AES_128_GCM_IV12_TAG16_NO_KDF, byteSize=30, frameSize=15, readLen=60)]" classname="com.amazonaws.encryptionsdk.CryptoInputStreamTest$ParameterizedEncryptDecryptTest" time="0"/>
  <testcase name="encryptDecrypt[65: encryptDecrypt(algorithm=ALG_AES_128_GCM_IV12_TAG16_NO_KDF, byteSize=30, frameSize=15, readLen=1,000,000)]" classname="com.amazonaws.encryptionsdk.CryptoInputStreamTest$ParameterizedEncryptDecryptTest" time="0.001"/>
  <testcase name="encryptDecrypt[66: encryptDecrypt(algorithm=ALG_AES_128_GCM_IV12_TAG16_NO_KDF, byteSize=1,000,000, frameSize=15, readLen=1)]" classname="com.amazonaws.encryptionsdk.CryptoInputStreamTest$ParameterizedEncryptDecryptTest" time="0.217"/>
  <testcase name="encryptDecrypt[67: encryptDecrypt(algorithm=ALG_AES_128_GCM_IV12_TAG16_NO_KDF, byteSize=1,000,000, frameSize=15, readLen=999,999)]" classname="com.amazonaws.encryptionsdk.CryptoInputStreamTest$ParameterizedEncryptDecryptTest" time="0.162"/>
  <testcase name="encryptDecrypt[68: encryptDecrypt(algorithm=ALG_AES_128_GCM_IV12_TAG16_NO_KDF, byteSize=1,000,000, frameSize=15, readLen=1,000,000)]" classname="com.amazonaws.encryptionsdk.CryptoInputStreamTest$ParameterizedEncryptDecryptTest" time="0.118"/>
  <testcase name="encryptDecrypt[69: encryptDecrypt(algorithm=ALG_AES_128_GCM_IV12_TAG16_NO_KDF, byteSize=1,000,000, frameSize=15, readLen=1,000,001)]" classname="com.amazonaws.encryptionsdk.CryptoInputStreamTest$ParameterizedEncryptDecryptTest" time="0.085"/>
  <testcase name="encryptDecrypt[70: encryptDecrypt(algorithm=ALG_AES_128_GCM_IV12_TAG16_NO_KDF, byteSize=1,000,000, frameSize=15, readLen=2,000,000)]" classname="com.amazonaws.encryptionsdk.CryptoInputStreamTest$ParameterizedEncryptDecryptTest" time="0.084"/>
  <testcase name="encryptDecrypt[71: encryptDecrypt(algorithm=ALG_AES_128_GCM_IV12_TAG16_NO_KDF, byteSize=1,000,000, frameSize=15, readLen=1,000,000)]" classname="com.amazonaws.encryptionsdk.CryptoInputStreamTest$ParameterizedEncryptDecryptTest" time="0.083"/>
  <testcase name="encryptDecrypt[72: encryptDecrypt(algorithm=ALG_AES_128_GCM_IV12_TAG16_NO_KDF, byteSize=0, frameSize=16, readLen=1)]" classname="com.amazonaws.encryptionsdk.CryptoInputStreamTest$ParameterizedEncryptDecryptTest" time="0.001"/>
  <testcase name="encryptDecrypt[73: encryptDecrypt(algorithm=ALG_AES_128_GCM_IV12_TAG16_NO_KDF, byteSize=0, frameSize=16, readLen=1)]" classname="com.amazonaws.encryptionsdk.CryptoInputStreamTest$ParameterizedEncryptDecryptTest" time="0"/>
  <testcase name="encryptDecrypt[74: encryptDecrypt(algorithm=ALG_AES_128_GCM_IV12_TAG16_NO_KDF, byteSize=0, frameSize=16, readLen=1,000,000)]" classname="com.amazonaws.encryptionsdk.CryptoInputStreamTest$ParameterizedEncryptDecryptTest" time="0"/>
  <testcase name="encryptDecrypt[75: encryptDecrypt(algorithm=ALG_AES_128_GCM_IV12_TAG16_NO_KDF, byteSize=1, frameSize=16, readLen=1)]" classname="com.amazonaws.encryptionsdk.CryptoInputStreamTest$ParameterizedEncryptDecryptTest" time="0"/>
  <testcase name="encryptDecrypt[76: encryptDecrypt(algorithm=ALG_AES_128_GCM_IV12_TAG16_NO_KDF, byteSize=1, frameSize=16, readLen=1)]" classname="com.amazonaws.encryptionsdk.CryptoInputStreamTest$ParameterizedEncryptDecryptTest" time="0.001"/>
  <testcase name="encryptDecrypt[77: encryptDecrypt(algorithm=ALG_AES_128_GCM_IV12_TAG16_NO_KDF, byteSize=1, frameSize=16, readLen=2)]" classname="com.amazonaws.encryptionsdk.CryptoInputStreamTest$ParameterizedEncryptDecryptTest" time="0"/>
  <testcase name="encryptDecrypt[78: encryptDecrypt(algorithm=ALG_AES_128_GCM_IV12_TAG16_NO_KDF, byteSize=1, frameSize=16, readLen=2)]" classname="com.amazonaws.encryptionsdk.CryptoInputStreamTest$ParameterizedEncryptDecryptTest" time="0"/>
  <testcase name="encryptDecrypt[79: encryptDecrypt(algorithm=ALG_AES_128_GCM_IV12_TAG16_NO_KDF, byteSize=1, frameSize=16, readLen=1,000,000)]" classname="com.amazonaws.encryptionsdk.CryptoInputStreamTest$ParameterizedEncryptDecryptTest" time="0"/>
  <testcase name="encryptDecrypt[80: encryptDecrypt(algorithm=ALG_AES_128_GCM_IV12_TAG16_NO_KDF, byteSize=15, frameSize=16, readLen=1)]" classname="com.amazonaws.encryptionsdk.CryptoInputStreamTest$ParameterizedEncryptDecryptTest" time="0"/>
  <testcase name="encryptDecrypt[81: encryptDecrypt(algorithm=ALG_AES_128_GCM_IV12_TAG16_NO_KDF, byteSize=15, frameSize=16, readLen=14)]" classname="com.amazonaws.encryptionsdk.CryptoInputStreamTest$ParameterizedEncryptDecryptTest" time="0"/>
  <testcase name="encryptDecrypt[82: encryptDecrypt(algorithm=ALG_AES_128_GCM_IV12_TAG16_NO_KDF, byteSize=15, frameSize=16, readLen=15)]" classname="com.amazonaws.encryptionsdk.CryptoInputStreamTest$ParameterizedEncryptDecryptTest" time="0"/>
  <testcase name="encryptDecrypt[83: encryptDecrypt(algorithm=ALG_AES_128_GCM_IV12_TAG16_NO_KDF, byteSize=15, frameSize=16, readLen=16)]" classname="com.amazonaws.encryptionsdk.CryptoInputStreamTest$ParameterizedEncryptDecryptTest" time="0"/>
  <testcase name="encryptDecrypt[84: encryptDecrypt(algorithm=ALG_AES_128_GCM_IV12_TAG16_NO_KDF, byteSize=15, frameSize=16, readLen=30)]" classname="com.amazonaws.encryptionsdk.CryptoInputStreamTest$ParameterizedEncryptDecryptTest" time="0"/>
  <testcase name="encryptDecrypt[85: encryptDecrypt(algorithm=ALG_AES_128_GCM_IV12_TAG16_NO_KDF, byteSize=15, frameSize=16, readLen=1,000,000)]" classname="com.amazonaws.encryptionsdk.CryptoInputStreamTest$ParameterizedEncryptDecryptTest" time="0"/>
  <testcase name="encryptDecrypt[86: encryptDecrypt(algorithm=ALG_AES_128_GCM_IV12_TAG16_NO_KDF, byteSize=16, frameSize=16, readLen=1)]" classname="com.amazonaws.encryptionsdk.CryptoInputStreamTest$ParameterizedEncryptDecryptTest" time="0.001"/>
  <testcase name="encryptDecrypt[87: encryptDecrypt(algorithm=ALG_AES_128_GCM_IV12_TAG16_NO_KDF, byteSize=16, frameSize=16, readLen=15)]" classname="com.amazonaws.encryptionsdk.CryptoInputStreamTest$ParameterizedEncryptDecryptTest" time="0"/>
  <testcase name="encryptDecrypt[88: encryptDecrypt(algorithm=ALG_AES_128_GCM_IV12_TAG16_NO_KDF, byteSize=16, frameSize=16, readLen=16)]" classname="com.amazonaws.encryptionsdk.CryptoInputStreamTest$ParameterizedEncryptDecryptTest" time="0"/>
  <testcase name="encryptDecrypt[89: encryptDecrypt(algorithm=ALG_AES_128_GCM_IV12_TAG16_NO_KDF, byteSize=16, frameSize=16, readLen=17)]" classname="com.amazonaws.encryptionsdk.CryptoInputStreamTest$ParameterizedEncryptDecryptTest" time="0"/>
  <testcase name="encryptDecrypt[90: encryptDecrypt(algorithm=ALG_AES_128_GCM_IV12_TAG16_NO_KDF, byteSize=16, frameSize=16, readLen=32)]" classname="com.amazonaws.encryptionsdk.CryptoInputStreamTest$ParameterizedEncryptDecryptTest" time="0.001"/>
  <testcase name="encryptDecrypt[91: encryptDecrypt(algorithm=ALG_AES_128_GCM_IV12_TAG16_NO_KDF, byteSize=16, frameSize=16, readLen=1,000,000)]" classname="com.amazonaws.encryptionsdk.CryptoInputStreamTest$ParameterizedEncryptDecryptTest" time="0"/>
  <testcase name="encryptDecrypt[92: encryptDecrypt(algorithm=ALG_AES_128_GCM_IV12_TAG16_NO_KDF, byteSize=17, frameSize=16, readLen=1)]" classname="com.amazonaws.encryptionsdk.CryptoInputStreamTest$ParameterizedEncryptDecryptTest" time="0"/>
  <testcase name="encryptDecrypt[93: encryptDecrypt(algorithm=ALG_AES_128_GCM_IV12_TAG16_NO_KDF, byteSize=17, frameSize=16, readLen=16)]" classname="com.amazonaws.encryptionsdk.CryptoInputStreamTest$ParameterizedEncryptDecryptTest" time="0"/>
  <testcase name="encryptDecrypt[94: encryptDecrypt(algorithm=ALG_AES_128_GCM_IV12_TAG16_NO_KDF, byteSize=17, frameSize=16, readLen=17)]" classname="com.amazonaws.encryptionsdk.CryptoInputStreamTest$ParameterizedEncryptDecryptTest" time="0"/>
  <testcase name="encryptDecrypt[95: encryptDecrypt(algorithm=ALG_AES_128_GCM_IV12_TAG16_NO_KDF, byteSize=17, frameSize=16, readLen=18)]" classname="com.amazonaws.encryptionsdk.CryptoInputStreamTest$ParameterizedEncryptDecryptTest" time="0"/>
  <testcase name="encryptDecrypt[96: encryptDecrypt(algorithm=ALG_AES_128_GCM_IV12_TAG16_NO_KDF, byteSize=17, frameSize=16, readLen=34)]" classname="com.amazonaws.encryptionsdk.CryptoInputStreamTest$ParameterizedEncryptDecryptTest" time="0.001"/>
  <testcase name="encryptDecrypt[97: encryptDecrypt(algorithm=ALG_AES_128_GCM_IV12_TAG16_NO_KDF, byteSize=17, frameSize=16, readLen=1,000,000)]" classname="com.amazonaws.encryptionsdk.CryptoInputStreamTest$ParameterizedEncryptDecryptTest" time="0"/>
  <testcase name="encryptDecrypt[98: encryptDecrypt(algorithm=ALG_AES_128_GCM_IV12_TAG16_NO_KDF, byteSize=24, frameSize=16, readLen=1)]" classname="com.amazonaws.encryptionsdk.CryptoInputStreamTest$ParameterizedEncryptDecryptTest" time="0"/>
  <testcase name="encryptDecrypt[99: encryptDecrypt(algorithm=ALG_AES_128_GCM_IV12_TAG16_NO_KDF, byteSize=24, frameSize=16, readLen=23)]" classname="com.amazonaws.encryptionsdk.CryptoInputStreamTest$ParameterizedEncryptDecryptTest" time="0.001"/>
  <testcase name="encryptDecrypt[100: encryptDecrypt(algorithm=ALG_AES_128_GCM_IV12_TAG16_NO_KDF, byteSize=24, frameSize=16, readLen=24)]" classname="com.amazonaws.encryptionsdk.CryptoInputStreamTest$ParameterizedEncryptDecryptTest" time="0"/>
  <testcase name="encryptDecrypt[101: encryptDecrypt(algorithm=ALG_AES_128_GCM_IV12_TAG16_NO_KDF, byteSize=24, frameSize=16, readLen=25)]" classname="com.amazonaws.encryptionsdk.CryptoInputStreamTest$ParameterizedEncryptDecryptTest" time="0"/>
  <testcase name="encryptDecrypt[102: encryptDecrypt(algorithm=ALG_AES_128_GCM_IV12_TAG16_NO_KDF, byteSize=24, frameSize=16, readLen=48)]" classname="com.amazonaws.encryptionsdk.CryptoInputStreamTest$ParameterizedEncryptDecryptTest" time="0.001"/>
  <testcase name="encryptDecrypt[103: encryptDecrypt(algorithm=ALG_AES_128_GCM_IV12_TAG16_NO_KDF, byteSize=24, frameSize=16, readLen=1,000,000)]" classname="com.amazonaws.encryptionsdk.CryptoInputStreamTest$ParameterizedEncryptDecryptTest" time="0"/>
  <testcase name="encryptDecrypt[104: encryptDecrypt(algorithm=ALG_AES_128_GCM_IV12_TAG16_NO_KDF, byteSize=32, frameSize=16, readLen=1)]" classname="com.amazonaws.encryptionsdk.CryptoInputStreamTest$ParameterizedEncryptDecryptTest" time="0"/>
  <testcase name="encryptDecrypt[105: encryptDecrypt(algorithm=ALG_AES_128_GCM_IV12_TAG16_NO_KDF, byteSize=32, frameSize=16, readLen=31)]" classname="com.amazonaws.encryptionsdk.CryptoInputStreamTest$ParameterizedEncryptDecryptTest" time="0.001"/>
  <testcase name="encryptDecrypt[106: encryptDecrypt(algorithm=ALG_AES_128_GCM_IV12_TAG16_NO_KDF, byteSize=32, frameSize=16, readLen=32)]" classname="com.amazonaws.encryptionsdk.CryptoInputStreamTest$ParameterizedEncryptDecryptTest" time="0"/>
  <testcase name="encryptDecrypt[107: encryptDecrypt(algorithm=ALG_AES_128_GCM_IV12_TAG16_NO_KDF, byteSize=32, frameSize=16, readLen=33)]" classname="com.amazonaws.encryptionsdk.CryptoInputStreamTest$ParameterizedEncryptDecryptTest" time="0"/>
  <testcase name="encryptDecrypt[108: encryptDecrypt(algorithm=ALG_AES_128_GCM_IV12_TAG16_NO_KDF, byteSize=32, frameSize=16, readLen=64)]" classname="com.amazonaws.encryptionsdk.CryptoInputStreamTest$ParameterizedEncryptDecryptTest" time="0"/>
  <testcase name="encryptDecrypt[109: encryptDecrypt(algorithm=ALG_AES_128_GCM_IV12_TAG16_NO_KDF, byteSize=32, frameSize=16, readLen=1,000,000)]" classname="com.amazonaws.encryptionsdk.CryptoInputStreamTest$ParameterizedEncryptDecryptTest" time="0.001"/>
  <testcase name="encryptDecrypt[110: encryptDecrypt(algorithm=ALG_AES_128_GCM_IV12_TAG16_NO_KDF, byteSize=1,000,000, frameSize=16, readLen=1)]" classname="com.amazonaws.encryptionsdk.CryptoInputStreamTest$ParameterizedEncryptDecryptTest" time="0.101"/>
  <testcase name="encryptDecrypt[111: encryptDecrypt(algorithm=ALG_AES_128_GCM_IV12_TAG16_NO_KDF, byteSize=1,000,000, frameSize=16, readLen=999,999)]" classname="com.amazonaws.encryptionsdk.CryptoInputStreamTest$ParameterizedEncryptDecryptTest" time="0.079"/>
  <testcase name="encryptDecrypt[112: encryptDecrypt(algorithm=ALG_AES_128_GCM_IV12_TAG16_NO_KDF, byteSize=1,000,000, frameSize=16, readLen=1,000,000)]" classname="com.amazonaws.encryptionsdk.CryptoInputStreamTest$ParameterizedEncryptDecryptTest" time="0.132"/>
  <testcase name="encryptDecrypt[113: encryptDecrypt(algorithm=ALG_AES_128_GCM_IV12_TAG16_NO_KDF, byteSize=1,000,000, frameSize=16, readLen=1,000,001)]" classname="com.amazonaws.encryptionsdk.CryptoInputStreamTest$ParameterizedEncryptDecryptTest" time="0.1"/>
  <testcase name="encryptDecrypt[114: encryptDecrypt(algorithm=ALG_AES_128_GCM_IV12_TAG16_NO_KDF, byteSize=1,000,000, frameSize=16, readLen=2,000,000)]" classname="com.amazonaws.encryptionsdk.CryptoInputStreamTest$ParameterizedEncryptDecryptTest" time="0.073"/>
  <testcase name="encryptDecrypt[115: encryptDecrypt(algorithm=ALG_AES_128_GCM_IV12_TAG16_NO_KDF, byteSize=1,000,000, frameSize=16, readLen=1,000,000)]" classname="com.amazonaws.encryptionsdk.CryptoInputStreamTest$ParameterizedEncryptDecryptTest" time="0.074"/>
  <testcase name="encryptDecrypt[116: encryptDecrypt(algorithm=ALG_AES_128_GCM_IV12_TAG16_NO_KDF, byteSize=0, frameSize=17, readLen=1)]" classname="com.amazonaws.encryptionsdk.CryptoInputStreamTest$ParameterizedEncryptDecryptTest" time="0"/>
  <testcase name="encryptDecrypt[117: encryptDecrypt(algorithm=ALG_AES_128_GCM_IV12_TAG16_NO_KDF, byteSize=0, frameSize=17, readLen=1)]" classname="com.amazonaws.encryptionsdk.CryptoInputStreamTest$ParameterizedEncryptDecryptTest" time="0"/>
  <testcase name="encryptDecrypt[118: encryptDecrypt(algorithm=ALG_AES_128_GCM_IV12_TAG16_NO_KDF, byteSize=0, frameSize=17, readLen=1,000,000)]" classname="com.amazonaws.encryptionsdk.CryptoInputStreamTest$ParameterizedEncryptDecryptTest" time="0"/>
  <testcase name="encryptDecrypt[119: encryptDecrypt(algorithm=ALG_AES_128_GCM_IV12_TAG16_NO_KDF, byteSize=1, frameSize=17, readLen=1)]" classname="com.amazonaws.encryptionsdk.CryptoInputStreamTest$ParameterizedEncryptDecryptTest" time="0"/>
  <testcase name="encryptDecrypt[120: encryptDecrypt(algorithm=ALG_AES_128_GCM_IV12_TAG16_NO_KDF, byteSize=1, frameSize=17, readLen=1)]" classname="com.amazonaws.encryptionsdk.CryptoInputStreamTest$ParameterizedEncryptDecryptTest" time="0"/>
  <testcase name="encryptDecrypt[121: encryptDecrypt(algorithm=ALG_AES_128_GCM_IV12_TAG16_NO_KDF, byteSize=1, frameSize=17, readLen=2)]" classname="com.amazonaws.encryptionsdk.CryptoInputStreamTest$ParameterizedEncryptDecryptTest" time="0"/>
  <testcase name="encryptDecrypt[122: encryptDecrypt(algorithm=ALG_AES_128_GCM_IV12_TAG16_NO_KDF, byteSize=1, frameSize=17, readLen=2)]" classname="com.amazonaws.encryptionsdk.CryptoInputStreamTest$ParameterizedEncryptDecryptTest" time="0"/>
  <testcase name="encryptDecrypt[123: encryptDecrypt(algorithm=ALG_AES_128_GCM_IV12_TAG16_NO_KDF, byteSize=1, frameSize=17, readLen=1,000,000)]" classname="com.amazonaws.encryptionsdk.CryptoInputStreamTest$ParameterizedEncryptDecryptTest" time="0"/>
  <testcase name="encryptDecrypt[124: encryptDecrypt(algorithm=ALG_AES_128_GCM_IV12_TAG16_NO_KDF, byteSize=16, frameSize=17, readLen=1)]" classname="com.amazonaws.encryptionsdk.CryptoInputStreamTest$ParameterizedEncryptDecryptTest" time="0"/>
  <testcase name="encryptDecrypt[125: encryptDecrypt(algorithm=ALG_AES_128_GCM_IV12_TAG16_NO_KDF, byteSize=16, frameSize=17, readLen=15)]" classname="com.amazonaws.encryptionsdk.CryptoInputStreamTest$ParameterizedEncryptDecryptTest" time="0"/>
  <testcase name="encryptDecrypt[126: encryptDecrypt(algorithm=ALG_AES_128_GCM_IV12_TAG16_NO_KDF, byteSize=16, frameSize=17, readLen=16)]" classname="com.amazonaws.encryptionsdk.CryptoInputStreamTest$ParameterizedEncryptDecryptTest" time="0"/>
  <testcase name="encryptDecrypt[127: encryptDecrypt(algorithm=ALG_AES_128_GCM_IV12_TAG16_NO_KDF, byteSize=16, frameSize=17, readLen=17)]" classname="com.amazonaws.encryptionsdk.CryptoInputStreamTest$ParameterizedEncryptDecryptTest" time="0"/>
  <testcase name="encryptDecrypt[128: encryptDecrypt(algorithm=ALG_AES_128_GCM_IV12_TAG16_NO_KDF, byteSize=16, frameSize=17, readLen=32)]" classname="com.amazonaws.encryptionsdk.CryptoInputStreamTest$ParameterizedEncryptDecryptTest" time="0.001"/>
  <testcase name="encryptDecrypt[129: encryptDecrypt(algorithm=ALG_AES_128_GCM_IV12_TAG16_NO_KDF, byteSize=16, frameSize=17, readLen=1,000,000)]" classname="com.amazonaws.encryptionsdk.CryptoInputStreamTest$ParameterizedEncryptDecryptTest" time="0"/>
  <testcase name="encryptDecrypt[130: encryptDecrypt(algorithm=ALG_AES_128_GCM_IV12_TAG16_NO_KDF, byteSize=17, frameSize=17, readLen=1)]" classname="com.amazonaws.encryptionsdk.CryptoInputStreamTest$ParameterizedEncryptDecryptTest" time="0"/>
  <testcase name="encryptDecrypt[131: encryptDecrypt(algorithm=ALG_AES_128_GCM_IV12_TAG16_NO_KDF, byteSize=17, frameSize=17, readLen=16)]" classname="com.amazonaws.encryptionsdk.CryptoInputStreamTest$ParameterizedEncryptDecryptTest" time="0"/>
  <testcase name="encryptDecrypt[132: encryptDecrypt(algorithm=ALG_AES_128_GCM_IV12_TAG16_NO_KDF, byteSize=17, frameSize=17, readLen=17)]" classname="com.amazonaws.encryptionsdk.CryptoInputStreamTest$ParameterizedEncryptDecryptTest" time="0"/>
  <testcase name="encryptDecrypt[133: encryptDecrypt(algorithm=ALG_AES_128_GCM_IV12_TAG16_NO_KDF, byteSize=17, frameSize=17, readLen=18)]" classname="com.amazonaws.encryptionsdk.CryptoInputStreamTest$ParameterizedEncryptDecryptTest" time="0"/>
  <testcase name="encryptDecrypt[134: encryptDecrypt(algorithm=ALG_AES_128_GCM_IV12_TAG16_NO_KDF, byteSize=17, frameSize=17, readLen=34)]" classname="com.amazonaws.encryptionsdk.CryptoInputStreamTest$ParameterizedEncryptDecryptTest" time="0"/>
  <testcase name="encryptDecrypt[135: encryptDecrypt(algorithm=ALG_AES_128_GCM_IV12_TAG16_NO_KDF, byteSize=17, frameSize=17, readLen=1,000,000)]" classname="com.amazonaws.encryptionsdk.CryptoInputStreamTest$ParameterizedEncryptDecryptTest" time="0"/>
  <testcase name="encryptDecrypt[136: encryptDecrypt(algorithm=ALG_AES_128_GCM_IV12_TAG16_NO_KDF, byteSize=18, frameSize=17, readLen=1)]" classname="com.amazonaws.encryptionsdk.CryptoInputStreamTest$ParameterizedEncryptDecryptTest" time="0"/>
  <testcase name="encryptDecrypt[137: encryptDecrypt(algorithm=ALG_AES_128_GCM_IV12_TAG16_NO_KDF, byteSize=18, frameSize=17, readLen=17)]" classname="com.amazonaws.encryptionsdk.CryptoInputStreamTest$ParameterizedEncryptDecryptTest" time="0"/>
  <testcase name="encryptDecrypt[138: encryptDecrypt(algorithm=ALG_AES_128_GCM_IV12_TAG16_NO_KDF, byteSize=18, frameSize=17, readLen=18)]" classname="com.amazonaws.encryptionsdk.CryptoInputStreamTest$ParameterizedEncryptDecryptTest" time="0"/>
  <testcase name="encryptDecrypt[139: encryptDecrypt(algorithm=ALG_AES_128_GCM_IV12_TAG16_NO_KDF, byteSize=18, frameSize=17, readLen=19)]" classname="com.amazonaws.encryptionsdk.CryptoInputStreamTest$ParameterizedEncryptDecryptTest" time="0.001"/>
  <testcase name="encryptDecrypt[140: encryptDecrypt(algorithm=ALG_AES_128_GCM_IV12_TAG16_NO_KDF, byteSize=18, frameSize=17, readLen=36)]" classname="com.amazonaws.encryptionsdk.CryptoInputStreamTest$ParameterizedEncryptDecryptTest" time="0"/>
  <testcase name="encryptDecrypt[141: encryptDecrypt(algorithm=ALG_AES_128_GCM_IV12_TAG16_NO_KDF, byteSize=18, frameSize=17, readLen=1,000,000)]" classname="com.amazonaws.encryptionsdk.CryptoInputStreamTest$ParameterizedEncryptDecryptTest" time="0"/>
  <testcase name="encryptDecrypt[142: encryptDecrypt(algorithm=ALG_AES_128_GCM_IV12_TAG16_NO_KDF, byteSize=25, frameSize=17, readLen=1)]" classname="com.amazonaws.encryptionsdk.CryptoInputStreamTest$ParameterizedEncryptDecryptTest" time="0"/>
  <testcase name="encryptDecrypt[143: encryptDecrypt(algorithm=ALG_AES_128_GCM_IV12_TAG16_NO_KDF, byteSize=25, frameSize=17, readLen=24)]" classname="com.amazonaws.encryptionsdk.CryptoInputStreamTest$ParameterizedEncryptDecryptTest" time="0"/>
  <testcase name="encryptDecrypt[144: encryptDecrypt(algorithm=ALG_AES_128_GCM_IV12_TAG16_NO_KDF, byteSize=25, frameSize=17, readLen=25)]" classname="com.amazonaws.encryptionsdk.CryptoInputStreamTest$ParameterizedEncryptDecryptTest" time="0"/>
  <testcase name="encryptDecrypt[145: encryptDecrypt(algorithm=ALG_AES_128_GCM_IV12_TAG16_NO_KDF, byteSize=25, frameSize=17, readLen=26)]" classname="com.amazonaws.encryptionsdk.CryptoInputStreamTest$ParameterizedEncryptDecryptTest" time="0.001"/>
  <testcase name="encryptDecrypt[146: encryptDecrypt(algorithm=ALG_AES_128_GCM_IV12_TAG16_NO_KDF, byteSize=25, frameSize=17, readLen=50)]" classname="com.amazonaws.encryptionsdk.CryptoInputStreamTest$ParameterizedEncryptDecryptTest" time="0"/>
  <testcase name="encryptDecrypt[147: encryptDecrypt(algorithm=ALG_AES_128_GCM_IV12_TAG16_NO_KDF, byteSize=25, frameSize=17, readLen=1,000,000)]" classname="com.amazonaws.encryptionsdk.CryptoInputStreamTest$ParameterizedEncryptDecryptTest" time="0"/>
  <testcase name="encryptDecrypt[148: encryptDecrypt(algorithm=ALG_AES_128_GCM_IV12_TAG16_NO_KDF, byteSize=34, frameSize=17, readLen=1)]" classname="com.amazonaws.encryptionsdk.CryptoInputStreamTest$ParameterizedEncryptDecryptTest" time="0"/>
  <testcase name="encryptDecrypt[149: encryptDecrypt(algorithm=ALG_AES_128_GCM_IV12_TAG16_NO_KDF, byteSize=34, frameSize=17, readLen=33)]" classname="com.amazonaws.encryptionsdk.CryptoInputStreamTest$ParameterizedEncryptDecryptTest" time="0"/>
  <testcase name="encryptDecrypt[150: encryptDecrypt(algorithm=ALG_AES_128_GCM_IV12_TAG16_NO_KDF, byteSize=34, frameSize=17, readLen=34)]" classname="com.amazonaws.encryptionsdk.CryptoInputStreamTest$ParameterizedEncryptDecryptTest" time="0"/>
  <testcase name="encryptDecrypt[151: encryptDecrypt(algorithm=ALG_AES_128_GCM_IV12_TAG16_NO_KDF, byteSize=34, frameSize=17, readLen=35)]" classname="com.amazonaws.encryptionsdk.CryptoInputStreamTest$ParameterizedEncryptDecryptTest" time="0"/>
  <testcase name="encryptDecrypt[152: encryptDecrypt(algorithm=ALG_AES_128_GCM_IV12_TAG16_NO_KDF, byteSize=34, frameSize=17, readLen=68)]" classname="com.amazonaws.encryptionsdk.CryptoInputStreamTest$ParameterizedEncryptDecryptTest" time="0"/>
  <testcase name="encryptDecrypt[153: encryptDecrypt(algorithm=ALG_AES_128_GCM_IV12_TAG16_NO_KDF, byteSize=34, frameSize=17, readLen=1,000,000)]" classname="com.amazonaws.encryptionsdk.CryptoInputStreamTest$ParameterizedEncryptDecryptTest" time="0"/>
  <testcase name="encryptDecrypt[154: encryptDecrypt(algorithm=ALG_AES_128_GCM_IV12_TAG16_NO_KDF, byteSize=1,000,000, frameSize=17, readLen=1)]" classname="com.amazonaws.encryptionsdk.CryptoInputStreamTest$ParameterizedEncryptDecryptTest" time="0.093"/>
  <testcase name="encryptDecrypt[155: encryptDecrypt(algorithm=ALG_AES_128_GCM_IV12_TAG16_NO_KDF, byteSize=1,000,000, frameSize=17, readLen=999,999)]" classname="com.amazonaws.encryptionsdk.CryptoInputStreamTest$ParameterizedEncryptDecryptTest" time="0.073"/>
  <testcase name="encryptDecrypt[156: encryptDecrypt(algorithm=ALG_AES_128_GCM_IV12_TAG16_NO_KDF, byteSize=1,000,000, frameSize=17, readLen=1,000,000)]" classname="com.amazonaws.encryptionsdk.CryptoInputStreamTest$ParameterizedEncryptDecryptTest" time="0.073"/>
  <testcase name="encryptDecrypt[157: encryptDecrypt(algorithm=ALG_AES_128_GCM_IV12_TAG16_NO_KDF, byteSize=1,000,000, frameSize=17, readLen=1,000,001)]" classname="com.amazonaws.encryptionsdk.CryptoInputStreamTest$ParameterizedEncryptDecryptTest" time="0.074"/>
  <testcase name="encryptDecrypt[158: encryptDecrypt(algorithm=ALG_AES_128_GCM_IV12_TAG16_NO_KDF, byteSize=1,000,000, frameSize=17, readLen=2,000,000)]" classname="com.amazonaws.encryptionsdk.CryptoInputStreamTest$ParameterizedEncryptDecryptTest" time="0.084"/>
  <testcase name="encryptDecrypt[159: encryptDecrypt(algorithm=ALG_AES_128_GCM_IV12_TAG16_NO_KDF, byteSize=1,000,000, frameSize=17, readLen=1,000,000)]" classname="com.amazonaws.encryptionsdk.CryptoInputStreamTest$ParameterizedEncryptDecryptTest" time="0.073"/>
  <testcase name="encryptDecrypt[160: encryptDecrypt(algorithm=ALG_AES_128_GCM_IV12_TAG16_NO_KDF, byteSize=0, frameSize=32, readLen=1)]" classname="com.amazonaws.encryptionsdk.CryptoInputStreamTest$ParameterizedEncryptDecryptTest" time="0"/>
  <testcase name="encryptDecrypt[161: encryptDecrypt(algorithm=ALG_AES_128_GCM_IV12_TAG16_NO_KDF, byteSize=0, frameSize=32, readLen=1)]" classname="com.amazonaws.encryptionsdk.CryptoInputStreamTest$ParameterizedEncryptDecryptTest" time="0"/>
  <testcase name="encryptDecrypt[162: encryptDecrypt(algorithm=ALG_AES_128_GCM_IV12_TAG16_NO_KDF, byteSize=0, frameSize=32, readLen=1,000,000)]" classname="com.amazonaws.encryptionsdk.CryptoInputStreamTest$ParameterizedEncryptDecryptTest" time="0"/>
  <testcase name="encryptDecrypt[163: encryptDecrypt(algorithm=ALG_AES_128_GCM_IV12_TAG16_NO_KDF, byteSize=1, frameSize=32, readLen=1)]" classname="com.amazonaws.encryptionsdk.CryptoInputStreamTest$ParameterizedEncryptDecryptTest" time="0"/>
  <testcase name="encryptDecrypt[164: encryptDecrypt(algorithm=ALG_AES_128_GCM_IV12_TAG16_NO_KDF, byteSize=1, frameSize=32, readLen=1)]" classname="com.amazonaws.encryptionsdk.CryptoInputStreamTest$ParameterizedEncryptDecryptTest" time="0"/>
  <testcase name="encryptDecrypt[165: encryptDecrypt(algorithm=ALG_AES_128_GCM_IV12_TAG16_NO_KDF, byteSize=1, frameSize=32, readLen=2)]" classname="com.amazonaws.encryptionsdk.CryptoInputStreamTest$ParameterizedEncryptDecryptTest" time="0"/>
  <testcase name="encryptDecrypt[166: encryptDecrypt(algorithm=ALG_AES_128_GCM_IV12_TAG16_NO_KDF, byteSize=1, frameSize=32, readLen=2)]" classname="com.amazonaws.encryptionsdk.CryptoInputStreamTest$ParameterizedEncryptDecryptTest" time="0"/>
  <testcase name="encryptDecrypt[167: encryptDecrypt(algorithm=ALG_AES_128_GCM_IV12_TAG16_NO_KDF, byteSize=1, frameSize=32, readLen=1,000,000)]" classname="com.amazonaws.encryptionsdk.CryptoInputStreamTest$ParameterizedEncryptDecryptTest" time="0"/>
  <testcase name="encryptDecrypt[168: encryptDecrypt(algorithm=ALG_AES_128_GCM_IV12_TAG16_NO_KDF, byteSize=31, frameSize=32, readLen=1)]" classname="com.amazonaws.encryptionsdk.CryptoInputStreamTest$ParameterizedEncryptDecryptTest" time="0"/>
  <testcase name="encryptDecrypt[169: encryptDecrypt(algorithm=ALG_AES_128_GCM_IV12_TAG16_NO_KDF, byteSize=31, frameSize=32, readLen=30)]" classname="com.amazonaws.encryptionsdk.CryptoInputStreamTest$ParameterizedEncryptDecryptTest" time="0"/>
  <testcase name="encryptDecrypt[170: encryptDecrypt(algorithm=ALG_AES_128_GCM_IV12_TAG16_NO_KDF, byteSize=31, frameSize=32, readLen=31)]" classname="com.amazonaws.encryptionsdk.CryptoInputStreamTest$ParameterizedEncryptDecryptTest" time="0.001"/>
  <testcase name="encryptDecrypt[171: encryptDecrypt(algorithm=ALG_AES_128_GCM_IV12_TAG16_NO_KDF, byteSize=31, frameSize=32, readLen=32)]" classname="com.amazonaws.encryptionsdk.CryptoInputStreamTest$ParameterizedEncryptDecryptTest" time="0"/>
  <testcase name="encryptDecrypt[172: encryptDecrypt(algorithm=ALG_AES_128_GCM_IV12_TAG16_NO_KDF, byteSize=31, frameSize=32, readLen=62)]" classname="com.amazonaws.encryptionsdk.CryptoInputStreamTest$ParameterizedEncryptDecryptTest" time="0"/>
  <testcase name="encryptDecrypt[173: encryptDecrypt(algorithm=ALG_AES_128_GCM_IV12_TAG16_NO_KDF, byteSize=31, frameSize=32, readLen=1,000,000)]" classname="com.amazonaws.encryptionsdk.CryptoInputStreamTest$ParameterizedEncryptDecryptTest" time="0"/>
  <testcase name="encryptDecrypt[174: encryptDecrypt(algorithm=ALG_AES_128_GCM_IV12_TAG16_NO_KDF, byteSize=32, frameSize=32, readLen=1)]" classname="com.amazonaws.encryptionsdk.CryptoInputStreamTest$ParameterizedEncryptDecryptTest" time="0"/>
  <testcase name="encryptDecrypt[175: encryptDecrypt(algorithm=ALG_AES_128_GCM_IV12_TAG16_NO_KDF, byteSize=32, frameSize=32, readLen=31)]" classname="com.amazonaws.encryptionsdk.CryptoInputStreamTest$ParameterizedEncryptDecryptTest" time="0"/>
  <testcase name="encryptDecrypt[176: encryptDecrypt(algorithm=ALG_AES_128_GCM_IV12_TAG16_NO_KDF, byteSize=32, frameSize=32, readLen=32)]" classname="com.amazonaws.encryptionsdk.CryptoInputStreamTest$ParameterizedEncryptDecryptTest" time="0"/>
  <testcase name="encryptDecrypt[177: encryptDecrypt(algorithm=ALG_AES_128_GCM_IV12_TAG16_NO_KDF, byteSize=32, frameSize=32, readLen=33)]" classname="com.amazonaws.encryptionsdk.CryptoInputStreamTest$ParameterizedEncryptDecryptTest" time="0"/>
  <testcase name="encryptDecrypt[178: encryptDecrypt(algorithm=ALG_AES_128_GCM_IV12_TAG16_NO_KDF, byteSize=32, frameSize=32, readLen=64)]" classname="com.amazonaws.encryptionsdk.CryptoInputStreamTest$ParameterizedEncryptDecryptTest" time="0"/>
  <testcase name="encryptDecrypt[179: encryptDecrypt(algorithm=ALG_AES_128_GCM_IV12_TAG16_NO_KDF, byteSize=32, frameSize=32, readLen=1,000,000)]" classname="com.amazonaws.encryptionsdk.CryptoInputStreamTest$ParameterizedEncryptDecryptTest" time="0"/>
  <testcase name="encryptDecrypt[180: encryptDecrypt(algorithm=ALG_AES_128_GCM_IV12_TAG16_NO_KDF, byteSize=33, frameSize=32, readLen=1)]" classname="com.amazonaws.encryptionsdk.CryptoInputStreamTest$ParameterizedEncryptDecryptTest" time="0"/>
  <testcase name="encryptDecrypt[181: encryptDecrypt(algorithm=ALG_AES_128_GCM_IV12_TAG16_NO_KDF, byteSize=33, frameSize=32, readLen=32)]" classname="com.amazonaws.encryptionsdk.CryptoInputStreamTest$ParameterizedEncryptDecryptTest" time="0"/>
  <testcase name="encryptDecrypt[182: encryptDecrypt(algorithm=ALG_AES_128_GCM_IV12_TAG16_NO_KDF, byteSize=33, frameSize=32, readLen=33)]" classname="com.amazonaws.encryptionsdk.CryptoInputStreamTest$ParameterizedEncryptDecryptTest" time="0.001"/>
  <testcase name="encryptDecrypt[183: encryptDecrypt(algorithm=ALG_AES_128_GCM_IV12_TAG16_NO_KDF, byteSize=33, frameSize=32, readLen=34)]" classname="com.amazonaws.encryptionsdk.CryptoInputStreamTest$ParameterizedEncryptDecryptTest" time="0"/>
  <testcase name="encryptDecrypt[184: encryptDecrypt(algorithm=ALG_AES_128_GCM_IV12_TAG16_NO_KDF, byteSize=33, frameSize=32, readLen=66)]" classname="com.amazonaws.encryptionsdk.CryptoInputStreamTest$ParameterizedEncryptDecryptTest" time="0"/>
  <testcase name="encryptDecrypt[185: encryptDecrypt(algorithm=ALG_AES_128_GCM_IV12_TAG16_NO_KDF, byteSize=33, frameSize=32, readLen=1,000,000)]" classname="com.amazonaws.encryptionsdk.CryptoInputStreamTest$ParameterizedEncryptDecryptTest" time="0"/>
  <testcase name="encryptDecrypt[186: encryptDecrypt(algorithm=ALG_AES_128_GCM_IV12_TAG16_NO_KDF, byteSize=48, frameSize=32, readLen=1)]" classname="com.amazonaws.encryptionsdk.CryptoInputStreamTest$ParameterizedEncryptDecryptTest" time="0"/>
  <testcase name="encryptDecrypt[187: encryptDecrypt(algorithm=ALG_AES_128_GCM_IV12_TAG16_NO_KDF, byteSize=48, frameSize=32, readLen=47)]" classname="com.amazonaws.encryptionsdk.CryptoInputStreamTest$ParameterizedEncryptDecryptTest" time="0"/>
  <testcase name="encryptDecrypt[188: encryptDecrypt(algorithm=ALG_AES_128_GCM_IV12_TAG16_NO_KDF, byteSize=48, frameSize=32, readLen=48)]" classname="com.amazonaws.encryptionsdk.CryptoInputStreamTest$ParameterizedEncryptDecryptTest" time="0"/>
  <testcase name="encryptDecrypt[189: encryptDecrypt(algorithm=ALG_AES_128_GCM_IV12_TAG16_NO_KDF, byteSize=48, frameSize=32, readLen=49)]" classname="com.amazonaws.encryptionsdk.CryptoInputStreamTest$ParameterizedEncryptDecryptTest" time="0"/>
  <testcase name="encryptDecrypt[190: encryptDecrypt(algorithm=ALG_AES_128_GCM_IV12_TAG16_NO_KDF, byteSize=48, frameSize=32, readLen=96)]" classname="com.amazonaws.encryptionsdk.CryptoInputStreamTest$ParameterizedEncryptDecryptTest" time="0"/>
  <testcase name="encryptDecrypt[191: encryptDecrypt(algorithm=ALG_AES_128_GCM_IV12_TAG16_NO_KDF, byteSize=48, frameSize=32, readLen=1,000,000)]" classname="com.amazonaws.encryptionsdk.CryptoInputStreamTest$ParameterizedEncryptDecryptTest" time="0"/>
  <testcase name="encryptDecrypt[192: encryptDecrypt(algorithm=ALG_AES_128_GCM_IV12_TAG16_NO_KDF, byteSize=64, frameSize=32, readLen=1)]" classname="com.amazonaws.encryptionsdk.CryptoInputStreamTest$ParameterizedEncryptDecryptTest" time="0"/>
  <testcase name="encryptDecrypt[193: encryptDecrypt(algorithm=ALG_AES_128_GCM_IV12_TAG16_NO_KDF, byteSize=64, frameSize=32, readLen=63)]" classname="com.amazonaws.encryptionsdk.CryptoInputStreamTest$ParameterizedEncryptDecryptTest" time="0.001"/>
  <testcase name="encryptDecrypt[194: encryptDecrypt(algorithm=ALG_AES_128_GCM_IV12_TAG16_NO_KDF, byteSize=64, frameSize=32, readLen=64)]" classname="com.amazonaws.encryptionsdk.CryptoInputStreamTest$ParameterizedEncryptDecryptTest" time="0"/>
  <testcase name="encryptDecrypt[195: encryptDecrypt(algorithm=ALG_AES_128_GCM_IV12_TAG16_NO_KDF, byteSize=64, frameSize=32, readLen=65)]" classname="com.amazonaws.encryptionsdk.CryptoInputStreamTest$ParameterizedEncryptDecryptTest" time="0"/>
  <testcase name="encryptDecrypt[196: encryptDecrypt(algorithm=ALG_AES_128_GCM_IV12_TAG16_NO_KDF, byteSize=64, frameSize=32, readLen=128)]" classname="com.amazonaws.encryptionsdk.CryptoInputStreamTest$ParameterizedEncryptDecryptTest" time="0"/>
  <testcase name="encryptDecrypt[197: encryptDecrypt(algorithm=ALG_AES_128_GCM_IV12_TAG16_NO_KDF, byteSize=64, frameSize=32, readLen=1,000,000)]" classname="com.amazonaws.encryptionsdk.CryptoInputStreamTest$ParameterizedEncryptDecryptTest" time="0"/>
  <testcase name="encryptDecrypt[198: encryptDecrypt(algorithm=ALG_AES_128_GCM_IV12_TAG16_NO_KDF, byteSize=1,000,000, frameSize=32, readLen=1)]" classname="com.amazonaws.encryptionsdk.CryptoInputStreamTest$ParameterizedEncryptDecryptTest" time="0.06"/>
  <testcase name="encryptDecrypt[199: encryptDecrypt(algorithm=ALG_AES_128_GCM_IV12_TAG16_NO_KDF, byteSize=1,000,000, frameSize=32, readLen=999,999)]" classname="com.amazonaws.encryptionsdk.CryptoInputStreamTest$ParameterizedEncryptDecryptTest" time="0.042"/>
  <testcase name="encryptDecrypt[200: encryptDecrypt(algorithm=ALG_AES_128_GCM_IV12_TAG16_NO_KDF, byteSize=1,000,000, frameSize=32, readLen=1,000,000)]" classname="com.amazonaws.encryptionsdk.CryptoInputStreamTest$ParameterizedEncryptDecryptTest" time="0.039"/>
  <testcase name="encryptDecrypt[201: encryptDecrypt(algorithm=ALG_AES_128_GCM_IV12_TAG16_NO_KDF, byteSize=1,000,000, frameSize=32, readLen=1,000,001)]" classname="com.amazonaws.encryptionsdk.CryptoInputStreamTest$ParameterizedEncryptDecryptTest" time="0.04"/>
  <testcase name="encryptDecrypt[202: encryptDecrypt(algorithm=ALG_AES_128_GCM_IV12_TAG16_NO_KDF, byteSize=1,000,000, frameSize=32, readLen=2,000,000)]" classname="com.amazonaws.encryptionsdk.CryptoInputStreamTest$ParameterizedEncryptDecryptTest" time="0.04"/>
  <testcase name="encryptDecrypt[203: encryptDecrypt(algorithm=ALG_AES_128_GCM_IV12_TAG16_NO_KDF, byteSize=1,000,000, frameSize=32, readLen=1,000,000)]" classname="com.amazonaws.encryptionsdk.CryptoInputStreamTest$ParameterizedEncryptDecryptTest" time="0.042"/>
  <testcase name="encryptDecrypt[204: encryptDecrypt(algorithm=ALG_AES_128_GCM_IV12_TAG16_NO_KDF, byteSize=0, frameSize=160, readLen=1)]" classname="com.amazonaws.encryptionsdk.CryptoInputStreamTest$ParameterizedEncryptDecryptTest" time="0"/>
  <testcase name="encryptDecrypt[205: encryptDecrypt(algorithm=ALG_AES_128_GCM_IV12_TAG16_NO_KDF, byteSize=0, frameSize=160, readLen=1)]" classname="com.amazonaws.encryptionsdk.CryptoInputStreamTest$ParameterizedEncryptDecryptTest" time="0"/>
  <testcase name="encryptDecrypt[206: encryptDecrypt(algorithm=ALG_AES_128_GCM_IV12_TAG16_NO_KDF, byteSize=0, frameSize=160, readLen=1,000,000)]" classname="com.amazonaws.encryptionsdk.CryptoInputStreamTest$ParameterizedEncryptDecryptTest" time="0"/>
  <testcase name="encryptDecrypt[207: encryptDecrypt(algorithm=ALG_AES_128_GCM_IV12_TAG16_NO_KDF, byteSize=1, frameSize=160, readLen=1)]" classname="com.amazonaws.encryptionsdk.CryptoInputStreamTest$ParameterizedEncryptDecryptTest" time="0"/>
  <testcase name="encryptDecrypt[208: encryptDecrypt(algorithm=ALG_AES_128_GCM_IV12_TAG16_NO_KDF, byteSize=1, frameSize=160, readLen=1)]" classname="com.amazonaws.encryptionsdk.CryptoInputStreamTest$ParameterizedEncryptDecryptTest" time="0.001"/>
  <testcase name="encryptDecrypt[209: encryptDecrypt(algorithm=ALG_AES_128_GCM_IV12_TAG16_NO_KDF, byteSize=1, frameSize=160, readLen=2)]" classname="com.amazonaws.encryptionsdk.CryptoInputStreamTest$ParameterizedEncryptDecryptTest" time="0"/>
  <testcase name="encryptDecrypt[210: encryptDecrypt(algorithm=ALG_AES_128_GCM_IV12_TAG16_NO_KDF, byteSize=1, frameSize=160, readLen=2)]" classname="com.amazonaws.encryptionsdk.CryptoInputStreamTest$ParameterizedEncryptDecryptTest" time="0"/>
  <testcase name="encryptDecrypt[211: encryptDecrypt(algorithm=ALG_AES_128_GCM_IV12_TAG16_NO_KDF, byteSize=1, frameSize=160, readLen=1,000,000)]" classname="com.amazonaws.encryptionsdk.CryptoInputStreamTest$ParameterizedEncryptDecryptTest" time="0"/>
  <testcase name="encryptDecrypt[212: encryptDecrypt(algorithm=ALG_AES_128_GCM_IV12_TAG16_NO_KDF, byteSize=159, frameSize=160, readLen=1)]" classname="com.amazonaws.encryptionsdk.CryptoInputStreamTest$ParameterizedEncryptDecryptTest" time="0"/>
  <testcase name="encryptDecrypt[213: encryptDecrypt(algorithm=ALG_AES_128_GCM_IV12_TAG16_NO_KDF, byteSize=159, frameSize=160, readLen=158)]" classname="com.amazonaws.encryptionsdk.CryptoInputStreamTest$ParameterizedEncryptDecryptTest" time="0"/>
  <testcase name="encryptDecrypt[214: encryptDecrypt(algorithm=ALG_AES_128_GCM_IV12_TAG16_NO_KDF, byteSize=159, frameSize=160, readLen=159)]" classname="com.amazonaws.encryptionsdk.CryptoInputStreamTest$ParameterizedEncryptDecryptTest" time="0.001"/>
  <testcase name="encryptDecrypt[215: encryptDecrypt(algorithm=ALG_AES_128_GCM_IV12_TAG16_NO_KDF, byteSize=159, frameSize=160, readLen=160)]" classname="com.amazonaws.encryptionsdk.CryptoInputStreamTest$ParameterizedEncryptDecryptTest" time="0"/>
  <testcase name="encryptDecrypt[216: encryptDecrypt(algorithm=ALG_AES_128_GCM_IV12_TAG16_NO_KDF, byteSize=159, frameSize=160, readLen=318)]" classname="com.amazonaws.encryptionsdk.CryptoInputStreamTest$ParameterizedEncryptDecryptTest" time="0"/>
  <testcase name="encryptDecrypt[217: encryptDecrypt(algorithm=ALG_AES_128_GCM_IV12_TAG16_NO_KDF, byteSize=159, frameSize=160, readLen=1,000,000)]" classname="com.amazonaws.encryptionsdk.CryptoInputStreamTest$ParameterizedEncryptDecryptTest" time="0"/>
  <testcase name="encryptDecrypt[218: encryptDecrypt(algorithm=ALG_AES_128_GCM_IV12_TAG16_NO_KDF, byteSize=160, frameSize=160, readLen=1)]" classname="com.amazonaws.encryptionsdk.CryptoInputStreamTest$ParameterizedEncryptDecryptTest" time="0"/>
  <testcase name="encryptDecrypt[219: encryptDecrypt(algorithm=ALG_AES_128_GCM_IV12_TAG16_NO_KDF, byteSize=160, frameSize=160, readLen=159)]" classname="com.amazonaws.encryptionsdk.CryptoInputStreamTest$ParameterizedEncryptDecryptTest" time="0"/>
  <testcase name="encryptDecrypt[220: encryptDecrypt(algorithm=ALG_AES_128_GCM_IV12_TAG16_NO_KDF, byteSize=160, frameSize=160, readLen=160)]" classname="com.amazonaws.encryptionsdk.CryptoInputStreamTest$ParameterizedEncryptDecryptTest" time="0"/>
  <testcase name="encryptDecrypt[221: encryptDecrypt(algorithm=ALG_AES_128_GCM_IV12_TAG16_NO_KDF, byteSize=160, frameSize=160, readLen=161)]" classname="com.amazonaws.encryptionsdk.CryptoInputStreamTest$ParameterizedEncryptDecryptTest" time="0"/>
  <testcase name="encryptDecrypt[222: encryptDecrypt(algorithm=ALG_AES_128_GCM_IV12_TAG16_NO_KDF, byteSize=160, frameSize=160, readLen=320)]" classname="com.amazonaws.encryptionsdk.CryptoInputStreamTest$ParameterizedEncryptDecryptTest" time="0"/>
  <testcase name="encryptDecrypt[223: encryptDecrypt(algorithm=ALG_AES_128_GCM_IV12_TAG16_NO_KDF, byteSize=160, frameSize=160, readLen=1,000,000)]" classname="com.amazonaws.encryptionsdk.CryptoInputStreamTest$ParameterizedEncryptDecryptTest" time="0.001"/>
  <testcase name="encryptDecrypt[224: encryptDecrypt(algorithm=ALG_AES_128_GCM_IV12_TAG16_NO_KDF, byteSize=161, frameSize=160, readLen=1)]" classname="com.amazonaws.encryptionsdk.CryptoInputStreamTest$ParameterizedEncryptDecryptTest" time="0"/>
  <testcase name="encryptDecrypt[225: encryptDecrypt(algorithm=ALG_AES_128_GCM_IV12_TAG16_NO_KDF, byteSize=161, frameSize=160, readLen=160)]" classname="com.amazonaws.encryptionsdk.CryptoInputStreamTest$ParameterizedEncryptDecryptTest" time="0"/>
  <testcase name="encryptDecrypt[226: encryptDecrypt(algorithm=ALG_AES_128_GCM_IV12_TAG16_NO_KDF, byteSize=161, frameSize=160, readLen=161)]" classname="com.amazonaws.encryptionsdk.CryptoInputStreamTest$ParameterizedEncryptDecryptTest" time="0"/>
  <testcase name="encryptDecrypt[227: encryptDecrypt(algorithm=ALG_AES_128_GCM_IV12_TAG16_NO_KDF, byteSize=161, frameSize=160, readLen=162)]" classname="com.amazonaws.encryptionsdk.CryptoInputStreamTest$ParameterizedEncryptDecryptTest" time="0.001"/>
  <testcase name="encryptDecrypt[228: encryptDecrypt(algorithm=ALG_AES_128_GCM_IV12_TAG16_NO_KDF, byteSize=161, frameSize=160, readLen=322)]" classname="com.amazonaws.encryptionsdk.CryptoInputStreamTest$ParameterizedEncryptDecryptTest" time="0"/>
  <testcase name="encryptDecrypt[229: encryptDecrypt(algorithm=ALG_AES_128_GCM_IV12_TAG16_NO_KDF, byteSize=161, frameSize=160, readLen=1,000,000)]" classname="com.amazonaws.encryptionsdk.CryptoInputStreamTest$ParameterizedEncryptDecryptTest" time="0"/>
  <testcase name="encryptDecrypt[230: encryptDecrypt(algorithm=ALG_AES_128_GCM_IV12_TAG16_NO_KDF, byteSize=240, frameSize=160, readLen=1)]" classname="com.amazonaws.encryptionsdk.CryptoInputStreamTest$ParameterizedEncryptDecryptTest" time="0"/>
  <testcase name="encryptDecrypt[231: encryptDecrypt(algorithm=ALG_AES_128_GCM_IV12_TAG16_NO_KDF, byteSize=240, frameSize=160, readLen=239)]" classname="com.amazonaws.encryptionsdk.CryptoInputStreamTest$ParameterizedEncryptDecryptTest" time="0"/>
  <testcase name="encryptDecrypt[232: encryptDecrypt(algorithm=ALG_AES_128_GCM_IV12_TAG16_NO_KDF, byteSize=240, frameSize=160, readLen=240)]" classname="com.amazonaws.encryptionsdk.CryptoInputStreamTest$ParameterizedEncryptDecryptTest" time="0.001"/>
  <testcase name="encryptDecrypt[233: encryptDecrypt(algorithm=ALG_AES_128_GCM_IV12_TAG16_NO_KDF, byteSize=240, frameSize=160, readLen=241)]" classname="com.amazonaws.encryptionsdk.CryptoInputStreamTest$ParameterizedEncryptDecryptTest" time="0"/>
  <testcase name="encryptDecrypt[234: encryptDecrypt(algorithm=ALG_AES_128_GCM_IV12_TAG16_NO_KDF, byteSize=240, frameSize=160, readLen=480)]" classname="com.amazonaws.encryptionsdk.CryptoInputStreamTest$ParameterizedEncryptDecryptTest" time="0"/>
  <testcase name="encryptDecrypt[235: encryptDecrypt(algorithm=ALG_AES_128_GCM_IV12_TAG16_NO_KDF, byteSize=240, frameSize=160, readLen=1,000,000)]" classname="com.amazonaws.encryptionsdk.CryptoInputStreamTest$ParameterizedEncryptDecryptTest" time="0"/>
  <testcase name="encryptDecrypt[236: encryptDecrypt(algorithm=ALG_AES_128_GCM_IV12_TAG16_NO_KDF, byteSize=320, frameSize=160, readLen=1)]" classname="com.amazonaws.encryptionsdk.CryptoInputStreamTest$ParameterizedEncryptDecryptTest" time="0"/>
  <testcase name="encryptDecrypt[237: encryptDecrypt(algorithm=ALG_AES_128_GCM_IV12_TAG16_NO_KDF, byteSize=320, frameSize=160, readLen=319)]" classname="com.amazonaws.encryptionsdk.CryptoInputStreamTest$ParameterizedEncryptDecryptTest" time="0"/>
  <testcase name="encryptDecrypt[238: encryptDecrypt(algorithm=ALG_AES_128_GCM_IV12_TAG16_NO_KDF, byteSize=320, frameSize=160, readLen=320)]" classname="com.amazonaws.encryptionsdk.CryptoInputStreamTest$ParameterizedEncryptDecryptTest" time="0.001"/>
  <testcase name="encryptDecrypt[239: encryptDecrypt(algorithm=ALG_AES_128_GCM_IV12_TAG16_NO_KDF, byteSize=320, frameSize=160, readLen=321)]" classname="com.amazonaws.encryptionsdk.CryptoInputStreamTest$ParameterizedEncryptDecryptTest" time="0"/>
  <testcase name="encryptDecrypt[240: encryptDecrypt(algorithm=ALG_AES_128_GCM_IV12_TAG16_NO_KDF, byteSize=320, frameSize=160, readLen=640)]" classname="com.amazonaws.encryptionsdk.CryptoInputStreamTest$ParameterizedEncryptDecryptTest" time="0"/>
  <testcase name="encryptDecrypt[241: encryptDecrypt(algorithm=ALG_AES_128_GCM_IV12_TAG16_NO_KDF, byteSize=320, frameSize=160, readLen=1,000,000)]" classname="com.amazonaws.encryptionsdk.CryptoInputStreamTest$ParameterizedEncryptDecryptTest" time="0"/>
  <testcase name="encryptDecrypt[242: encryptDecrypt(algorithm=ALG_AES_128_GCM_IV12_TAG16_NO_KDF, byteSize=1,000,000, frameSize=160, readLen=1)]" classname="com.amazonaws.encryptionsdk.CryptoInputStreamTest$ParameterizedEncryptDecryptTest" time="0.036"/>
  <testcase name="encryptDecrypt[243: encryptDecrypt(algorithm=ALG_AES_128_GCM_IV12_TAG16_NO_KDF, byteSize=1,000,000, frameSize=160, readLen=999,999)]" classname="com.amazonaws.encryptionsdk.CryptoInputStreamTest$ParameterizedEncryptDecryptTest" time="0.016"/>
  <testcase name="encryptDecrypt[244: encryptDecrypt(algorithm=ALG_AES_128_GCM_IV12_TAG16_NO_KDF, byteSize=1,000,000, frameSize=160, readLen=1,000,000)]" classname="com.amazonaws.encryptionsdk.CryptoInputStreamTest$ParameterizedEncryptDecryptTest" time="0.015"/>
  <testcase name="encryptDecrypt[245: encryptDecrypt(algorithm=ALG_AES_128_GCM_IV12_TAG16_NO_KDF, byteSize=1,000,000, frameSize=160, readLen=1,000,001)]" classname="com.amazonaws.encryptionsdk.CryptoInputStreamTest$ParameterizedEncryptDecryptTest" time="0.016"/>
  <testcase name="encryptDecrypt[246: encryptDecrypt(algorithm=ALG_AES_128_GCM_IV12_TAG16_NO_KDF, byteSize=1,000,000, frameSize=160, readLen=2,000,000)]" classname="com.amazonaws.encryptionsdk.CryptoInputStreamTest$ParameterizedEncryptDecryptTest" time="0.016"/>
  <testcase name="encryptDecrypt[247: encryptDecrypt(algorithm=ALG_AES_128_GCM_IV12_TAG16_NO_KDF, byteSize=1,000,000, frameSize=160, readLen=1,000,000)]" classname="com.amazonaws.encryptionsdk.CryptoInputStreamTest$ParameterizedEncryptDecryptTest" time="0.015"/>
  <testcase name="encryptDecrypt[248: encryptDecrypt(algorithm=ALG_AES_128_GCM_IV12_TAG16_NO_KDF, byteSize=0, frameSize=161, readLen=1)]" classname="com.amazonaws.encryptionsdk.CryptoInputStreamTest$ParameterizedEncryptDecryptTest" time="0"/>
  <testcase name="encryptDecrypt[249: encryptDecrypt(algorithm=ALG_AES_128_GCM_IV12_TAG16_NO_KDF, byteSize=0, frameSize=161, readLen=1)]" classname="com.amazonaws.encryptionsdk.CryptoInputStreamTest$ParameterizedEncryptDecryptTest" time="0"/>
  <testcase name="encryptDecrypt[250: encryptDecrypt(algorithm=ALG_AES_128_GCM_IV12_TAG16_NO_KDF, byteSize=0, frameSize=161, readLen=1,000,000)]" classname="com.amazonaws.encryptionsdk.CryptoInputStreamTest$ParameterizedEncryptDecryptTest" time="0"/>
  <testcase name="encryptDecrypt[251: encryptDecrypt(algorithm=ALG_AES_128_GCM_IV12_TAG16_NO_KDF, byteSize=1, frameSize=161, readLen=1)]" classname="com.amazonaws.encryptionsdk.CryptoInputStreamTest$ParameterizedEncryptDecryptTest" time="0.001"/>
  <testcase name="encryptDecrypt[252: encryptDecrypt(algorithm=ALG_AES_128_GCM_IV12_TAG16_NO_KDF, byteSize=1, frameSize=161, readLen=1)]" classname="com.amazonaws.encryptionsdk.CryptoInputStreamTest$ParameterizedEncryptDecryptTest" time="0"/>
  <testcase name="encryptDecrypt[253: encryptDecrypt(algorithm=ALG_AES_128_GCM_IV12_TAG16_NO_KDF, byteSize=1, frameSize=161, readLen=2)]" classname="com.amazonaws.encryptionsdk.CryptoInputStreamTest$ParameterizedEncryptDecryptTest" time="0"/>
  <testcase name="encryptDecrypt[254: encryptDecrypt(algorithm=ALG_AES_128_GCM_IV12_TAG16_NO_KDF, byteSize=1, frameSize=161, readLen=2)]" classname="com.amazonaws.encryptionsdk.CryptoInputStreamTest$ParameterizedEncryptDecryptTest" time="0"/>
  <testcase name="encryptDecrypt[255: encryptDecrypt(algorithm=ALG_AES_128_GCM_IV12_TAG16_NO_KDF, byteSize=1, frameSize=161, readLen=1,000,000)]" classname="com.amazonaws.encryptionsdk.CryptoInputStreamTest$ParameterizedEncryptDecryptTest" time="0"/>
  <testcase name="encryptDecrypt[256: encryptDecrypt(algorithm=ALG_AES_128_GCM_IV12_TAG16_NO_KDF, byteSize=160, frameSize=161, readLen=1)]" classname="com.amazonaws.encryptionsdk.CryptoInputStreamTest$ParameterizedEncryptDecryptTest" time="0"/>
  <testcase name="encryptDecrypt[257: encryptDecrypt(algorithm=ALG_AES_128_GCM_IV12_TAG16_NO_KDF, byteSize=160, frameSize=161, readLen=159)]" classname="com.amazonaws.encryptionsdk.CryptoInputStreamTest$ParameterizedEncryptDecryptTest" time="0"/>
  <testcase name="encryptDecrypt[258: encryptDecrypt(algorithm=ALG_AES_128_GCM_IV12_TAG16_NO_KDF, byteSize=160, frameSize=161, readLen=160)]" classname="com.amazonaws.encryptionsdk.CryptoInputStreamTest$ParameterizedEncryptDecryptTest" time="0.001"/>
  <testcase name="encryptDecrypt[259: encryptDecrypt(algorithm=ALG_AES_128_GCM_IV12_TAG16_NO_KDF, byteSize=160, frameSize=161, readLen=161)]" classname="com.amazonaws.encryptionsdk.CryptoInputStreamTest$ParameterizedEncryptDecryptTest" time="0"/>
  <testcase name="encryptDecrypt[260: encryptDecrypt(algorithm=ALG_AES_128_GCM_IV12_TAG16_NO_KDF, byteSize=160, frameSize=161, readLen=320)]" classname="com.amazonaws.encryptionsdk.CryptoInputStreamTest$ParameterizedEncryptDecryptTest" time="0"/>
  <testcase name="encryptDecrypt[261: encryptDecrypt(algorithm=ALG_AES_128_GCM_IV12_TAG16_NO_KDF, byteSize=160, frameSize=161, readLen=1,000,000)]" classname="com.amazonaws.encryptionsdk.CryptoInputStreamTest$ParameterizedEncryptDecryptTest" time="0"/>
  <testcase name="encryptDecrypt[262: encryptDecrypt(algorithm=ALG_AES_128_GCM_IV12_TAG16_NO_KDF, byteSize=161, frameSize=161, readLen=1)]" classname="com.amazonaws.encryptionsdk.CryptoInputStreamTest$ParameterizedEncryptDecryptTest" time="0"/>
  <testcase name="encryptDecrypt[263: encryptDecrypt(algorithm=ALG_AES_128_GCM_IV12_TAG16_NO_KDF, byteSize=161, frameSize=161, readLen=160)]" classname="com.amazonaws.encryptionsdk.CryptoInputStreamTest$ParameterizedEncryptDecryptTest" time="0"/>
  <testcase name="encryptDecrypt[264: encryptDecrypt(algorithm=ALG_AES_128_GCM_IV12_TAG16_NO_KDF, byteSize=161, frameSize=161, readLen=161)]" classname="com.amazonaws.encryptionsdk.CryptoInputStreamTest$ParameterizedEncryptDecryptTest" time="0.001"/>
  <testcase name="encryptDecrypt[265: encryptDecrypt(algorithm=ALG_AES_128_GCM_IV12_TAG16_NO_KDF, byteSize=161, frameSize=161, readLen=162)]" classname="com.amazonaws.encryptionsdk.CryptoInputStreamTest$ParameterizedEncryptDecryptTest" time="0"/>
  <testcase name="encryptDecrypt[266: encryptDecrypt(algorithm=ALG_AES_128_GCM_IV12_TAG16_NO_KDF, byteSize=161, frameSize=161, readLen=322)]" classname="com.amazonaws.encryptionsdk.CryptoInputStreamTest$ParameterizedEncryptDecryptTest" time="0"/>
  <testcase name="encryptDecrypt[267: encryptDecrypt(algorithm=ALG_AES_128_GCM_IV12_TAG16_NO_KDF, byteSize=161, frameSize=161, readLen=1,000,000)]" classname="com.amazonaws.encryptionsdk.CryptoInputStreamTest$ParameterizedEncryptDecryptTest" time="0"/>
  <testcase name="encryptDecrypt[268: encryptDecrypt(algorithm=ALG_AES_128_GCM_IV12_TAG16_NO_KDF, byteSize=162, frameSize=161, readLen=1)]" classname="com.amazonaws.encryptionsdk.CryptoInputStreamTest$ParameterizedEncryptDecryptTest" time="0"/>
  <testcase name="encryptDecrypt[269: encryptDecrypt(algorithm=ALG_AES_128_GCM_IV12_TAG16_NO_KDF, byteSize=162, frameSize=161, readLen=161)]" classname="com.amazonaws.encryptionsdk.CryptoInputStreamTest$ParameterizedEncryptDecryptTest" time="0"/>
  <testcase name="encryptDecrypt[270: encryptDecrypt(algorithm=ALG_AES_128_GCM_IV12_TAG16_NO_KDF, byteSize=162, frameSize=161, readLen=162)]" classname="com.amazonaws.encryptionsdk.CryptoInputStreamTest$ParameterizedEncryptDecryptTest" time="0.001"/>
  <testcase name="encryptDecrypt[271: encryptDecrypt(algorithm=ALG_AES_128_GCM_IV12_TAG16_NO_KDF, byteSize=162, frameSize=161, readLen=163)]" classname="com.amazonaws.encryptionsdk.CryptoInputStreamTest$ParameterizedEncryptDecryptTest" time="0"/>
  <testcase name="encryptDecrypt[272: encryptDecrypt(algorithm=ALG_AES_128_GCM_IV12_TAG16_NO_KDF, byteSize=162, frameSize=161, readLen=324)]" classname="com.amazonaws.encryptionsdk.CryptoInputStreamTest$ParameterizedEncryptDecryptTest" time="0"/>
  <testcase name="encryptDecrypt[273: encryptDecrypt(algorithm=ALG_AES_128_GCM_IV12_TAG16_NO_KDF, byteSize=162, frameSize=161, readLen=1,000,000)]" classname="com.amazonaws.encryptionsdk.CryptoInputStreamTest$ParameterizedEncryptDecryptTest" time="0"/>
  <testcase name="encryptDecrypt[274: encryptDecrypt(algorithm=ALG_AES_128_GCM_IV12_TAG16_NO_KDF, byteSize=241, frameSize=161, readLen=1)]" classname="com.amazonaws.encryptionsdk.CryptoInputStreamTest$ParameterizedEncryptDecryptTest" time="0"/>
  <testcase name="encryptDecrypt[275: encryptDecrypt(algorithm=ALG_AES_128_GCM_IV12_TAG16_NO_KDF, byteSize=241, frameSize=161, readLen=240)]" classname="com.amazonaws.encryptionsdk.CryptoInputStreamTest$ParameterizedEncryptDecryptTest" time="0"/>
  <testcase name="encryptDecrypt[276: encryptDecrypt(algorithm=ALG_AES_128_GCM_IV12_TAG16_NO_KDF, byteSize=241, frameSize=161, readLen=241)]" classname="com.amazonaws.encryptionsdk.CryptoInputStreamTest$ParameterizedEncryptDecryptTest" time="0.001"/>
  <testcase name="encryptDecrypt[277: encryptDecrypt(algorithm=ALG_AES_128_GCM_IV12_TAG16_NO_KDF, byteSize=241, frameSize=161, readLen=242)]" classname="com.amazonaws.encryptionsdk.CryptoInputStreamTest$ParameterizedEncryptDecryptTest" time="0"/>
  <testcase name="encryptDecrypt[278: encryptDecrypt(algorithm=ALG_AES_128_GCM_IV12_TAG16_NO_KDF, byteSize=241, frameSize=161, readLen=482)]" classname="com.amazonaws.encryptionsdk.CryptoInputStreamTest$ParameterizedEncryptDecryptTest" time="0"/>
  <testcase name="encryptDecrypt[279: encryptDecrypt(algorithm=ALG_AES_128_GCM_IV12_TAG16_NO_KDF, byteSize=241, frameSize=161, readLen=1,000,000)]" classname="com.amazonaws.encryptionsdk.CryptoInputStreamTest$ParameterizedEncryptDecryptTest" time="0"/>
  <testcase name="encryptDecrypt[280: encryptDecrypt(algorithm=ALG_AES_128_GCM_IV12_TAG16_NO_KDF, byteSize=322, frameSize=161, readLen=1)]" classname="com.amazonaws.encryptionsdk.CryptoInputStreamTest$ParameterizedEncryptDecryptTest" time="0"/>
  <testcase name="encryptDecrypt[281: encryptDecrypt(algorithm=ALG_AES_128_GCM_IV12_TAG16_NO_KDF, byteSize=322, frameSize=161, readLen=321)]" classname="com.amazonaws.encryptionsdk.CryptoInputStreamTest$ParameterizedEncryptDecryptTest" time="0"/>
  <testcase name="encryptDecrypt[282: encryptDecrypt(algorithm=ALG_AES_128_GCM_IV12_TAG16_NO_KDF, byteSize=322, frameSize=161, readLen=322)]" classname="com.amazonaws.encryptionsdk.CryptoInputStreamTest$ParameterizedEncryptDecryptTest" time="0.001"/>
  <testcase name="encryptDecrypt[283: encryptDecrypt(algorithm=ALG_AES_128_GCM_IV12_TAG16_NO_KDF, byteSize=322, frameSize=161, readLen=323)]" classname="com.amazonaws.encryptionsdk.CryptoInputStreamTest$ParameterizedEncryptDecryptTest" time="0"/>
  <testcase name="encryptDecrypt[284: encryptDecrypt(algorithm=ALG_AES_128_GCM_IV12_TAG16_NO_KDF, byteSize=322, frameSize=161, readLen=644)]" classname="com.amazonaws.encryptionsdk.CryptoInputStreamTest$ParameterizedEncryptDecryptTest" time="0"/>
  <testcase name="encryptDecrypt[285: encryptDecrypt(algorithm=ALG_AES_128_GCM_IV12_TAG16_NO_KDF, byteSize=322, frameSize=161, readLen=1,000,000)]" classname="com.amazonaws.encryptionsdk.CryptoInputStreamTest$ParameterizedEncryptDecryptTest" time="0"/>
  <testcase name="encryptDecrypt[286: encryptDecrypt(algorithm=ALG_AES_128_GCM_IV12_TAG16_NO_KDF, byteSize=1,000,000, frameSize=161, readLen=1)]" classname="com.amazonaws.encryptionsdk.CryptoInputStreamTest$ParameterizedEncryptDecryptTest" time="0.035"/>
  <testcase name="encryptDecrypt[287: encryptDecrypt(algorithm=ALG_AES_128_GCM_IV12_TAG16_NO_KDF, byteSize=1,000,000, frameSize=161, readLen=999,999)]" classname="com.amazonaws.encryptionsdk.CryptoInputStreamTest$ParameterizedEncryptDecryptTest" time="0.017"/>
  <testcase name="encryptDecrypt[288: encryptDecrypt(algorithm=ALG_AES_128_GCM_IV12_TAG16_NO_KDF, byteSize=1,000,000, frameSize=161, readLen=1,000,000)]" classname="com.amazonaws.encryptionsdk.CryptoInputStreamTest$ParameterizedEncryptDecryptTest" time="0.016"/>
  <testcase name="encryptDecrypt[289: encryptDecrypt(algorithm=ALG_AES_128_GCM_IV12_TAG16_NO_KDF, byteSize=1,000,000, frameSize=161, readLen=1,000,001)]" classname="com.amazonaws.encryptionsdk.CryptoInputStreamTest$ParameterizedEncryptDecryptTest" time="0.016"/>
  <testcase name="encryptDecrypt[290: encryptDecrypt(algorithm=ALG_AES_128_GCM_IV12_TAG16_NO_KDF, byteSize=1,000,000, frameSize=161, readLen=2,000,000)]" classname="com.amazonaws.encryptionsdk.CryptoInputStreamTest$ParameterizedEncryptDecryptTest" time="0.016"/>
  <testcase name="encryptDecrypt[291: encryptDecrypt(algorithm=ALG_AES_128_GCM_IV12_TAG16_NO_KDF, byteSize=1,000,000, frameSize=161, readLen=1,000,000)]" classname="com.amazonaws.encryptionsdk.CryptoInputStreamTest$ParameterizedEncryptDecryptTest" time="0.016"/>
  <testcase name="encryptDecrypt[292: encryptDecrypt(algorithm=ALG_AES_128_GCM_IV12_TAG16_NO_KDF, byteSize=0, frameSize=4,096, readLen=1)]" classname="com.amazonaws.encryptionsdk.CryptoInputStreamTest$ParameterizedEncryptDecryptTest" time="0"/>
  <testcase name="encryptDecrypt[293: encryptDecrypt(algorithm=ALG_AES_128_GCM_IV12_TAG16_NO_KDF, byteSize=0, frameSize=4,096, readLen=1)]" classname="com.amazonaws.encryptionsdk.CryptoInputStreamTest$ParameterizedEncryptDecryptTest" time="0"/>
  <testcase name="encryptDecrypt[294: encryptDecrypt(algorithm=ALG_AES_128_GCM_IV12_TAG16_NO_KDF, byteSize=0, frameSize=4,096, readLen=1,000,000)]" classname="com.amazonaws.encryptionsdk.CryptoInputStreamTest$ParameterizedEncryptDecryptTest" time="0"/>
  <testcase name="encryptDecrypt[295: encryptDecrypt(algorithm=ALG_AES_128_GCM_IV12_TAG16_NO_KDF, byteSize=1, frameSize=4,096, readLen=1)]" classname="com.amazonaws.encryptionsdk.CryptoInputStreamTest$ParameterizedEncryptDecryptTest" time="0"/>
  <testcase name="encryptDecrypt[296: encryptDecrypt(algorithm=ALG_AES_128_GCM_IV12_TAG16_NO_KDF, byteSize=1, frameSize=4,096, readLen=1)]" classname="com.amazonaws.encryptionsdk.CryptoInputStreamTest$ParameterizedEncryptDecryptTest" time="0"/>
  <testcase name="encryptDecrypt[297: encryptDecrypt(algorithm=ALG_AES_128_GCM_IV12_TAG16_NO_KDF, byteSize=1, frameSize=4,096, readLen=2)]" classname="com.amazonaws.encryptionsdk.CryptoInputStreamTest$ParameterizedEncryptDecryptTest" time="0"/>
  <testcase name="encryptDecrypt[298: encryptDecrypt(algorithm=ALG_AES_128_GCM_IV12_TAG16_NO_KDF, byteSize=1, frameSize=4,096, readLen=2)]" classname="com.amazonaws.encryptionsdk.CryptoInputStreamTest$ParameterizedEncryptDecryptTest" time="0"/>
  <testcase name="encryptDecrypt[299: encryptDecrypt(algorithm=ALG_AES_128_GCM_IV12_TAG16_NO_KDF, byteSize=1, frameSize=4,096, readLen=1,000,000)]" classname="com.amazonaws.encryptionsdk.CryptoInputStreamTest$ParameterizedEncryptDecryptTest" time="0"/>
  <testcase name="encryptDecrypt[300: encryptDecrypt(algorithm=ALG_AES_128_GCM_IV12_TAG16_NO_KDF, byteSize=4,095, frameSize=4,096, readLen=1)]" classname="com.amazonaws.encryptionsdk.CryptoInputStreamTest$ParameterizedEncryptDecryptTest" time="0"/>
  <testcase name="encryptDecrypt[301: encryptDecrypt(algorithm=ALG_AES_128_GCM_IV12_TAG16_NO_KDF, byteSize=4,095, frameSize=4,096, readLen=4,094)]" classname="com.amazonaws.encryptionsdk.CryptoInputStreamTest$ParameterizedEncryptDecryptTest" time="0"/>
  <testcase name="encryptDecrypt[302: encryptDecrypt(algorithm=ALG_AES_128_GCM_IV12_TAG16_NO_KDF, byteSize=4,095, frameSize=4,096, readLen=4,095)]" classname="com.amazonaws.encryptionsdk.CryptoInputStreamTest$ParameterizedEncryptDecryptTest" time="0"/>
  <testcase name="encryptDecrypt[303: encryptDecrypt(algorithm=ALG_AES_128_GCM_IV12_TAG16_NO_KDF, byteSize=4,095, frameSize=4,096, readLen=4,096)]" classname="com.amazonaws.encryptionsdk.CryptoInputStreamTest$ParameterizedEncryptDecryptTest" time="0"/>
  <testcase name="encryptDecrypt[304: encryptDecrypt(algorithm=ALG_AES_128_GCM_IV12_TAG16_NO_KDF, byteSize=4,095, frameSize=4,096, readLen=8,190)]" classname="com.amazonaws.encryptionsdk.CryptoInputStreamTest$ParameterizedEncryptDecryptTest" time="0.001"/>
  <testcase name="encryptDecrypt[305: encryptDecrypt(algorithm=ALG_AES_128_GCM_IV12_TAG16_NO_KDF, byteSize=4,095, frameSize=4,096, readLen=1,000,000)]" classname="com.amazonaws.encryptionsdk.CryptoInputStreamTest$ParameterizedEncryptDecryptTest" time="0"/>
  <testcase name="encryptDecrypt[306: encryptDecrypt(algorithm=ALG_AES_128_GCM_IV12_TAG16_NO_KDF, byteSize=4,096, frameSize=4,096, readLen=1)]" classname="com.amazonaws.encryptionsdk.CryptoInputStreamTest$ParameterizedEncryptDecryptTest" time="0"/>
  <testcase name="encryptDecrypt[307: encryptDecrypt(algorithm=ALG_AES_128_GCM_IV12_TAG16_NO_KDF, byteSize=4,096, frameSize=4,096, readLen=4,095)]" classname="com.amazonaws.encryptionsdk.CryptoInputStreamTest$ParameterizedEncryptDecryptTest" time="0"/>
  <testcase name="encryptDecrypt[308: encryptDecrypt(algorithm=ALG_AES_128_GCM_IV12_TAG16_NO_KDF, byteSize=4,096, frameSize=4,096, readLen=4,096)]" classname="com.amazonaws.encryptionsdk.CryptoInputStreamTest$ParameterizedEncryptDecryptTest" time="0"/>
  <testcase name="encryptDecrypt[309: encryptDecrypt(algorithm=ALG_AES_128_GCM_IV12_TAG16_NO_KDF, byteSize=4,096, frameSize=4,096, readLen=4,097)]" classname="com.amazonaws.encryptionsdk.CryptoInputStreamTest$ParameterizedEncryptDecryptTest" time="0"/>
  <testcase name="encryptDecrypt[310: encryptDecrypt(algorithm=ALG_AES_128_GCM_IV12_TAG16_NO_KDF, byteSize=4,096, frameSize=4,096, readLen=8,192)]" classname="com.amazonaws.encryptionsdk.CryptoInputStreamTest$ParameterizedEncryptDecryptTest" time="0"/>
  <testcase name="encryptDecrypt[311: encryptDecrypt(algorithm=ALG_AES_128_GCM_IV12_TAG16_NO_KDF, byteSize=4,096, frameSize=4,096, readLen=1,000,000)]" classname="com.amazonaws.encryptionsdk.CryptoInputStreamTest$ParameterizedEncryptDecryptTest" time="0"/>
  <testcase name="encryptDecrypt[312: encryptDecrypt(algorithm=ALG_AES_128_GCM_IV12_TAG16_NO_KDF, byteSize=4,097, frameSize=4,096, readLen=1)]" classname="com.amazonaws.encryptionsdk.CryptoInputStreamTest$ParameterizedEncryptDecryptTest" time="0"/>
  <testcase name="encryptDecrypt[313: encryptDecrypt(algorithm=ALG_AES_128_GCM_IV12_TAG16_NO_KDF, byteSize=4,097, frameSize=4,096, readLen=4,096)]" classname="com.amazonaws.encryptionsdk.CryptoInputStreamTest$ParameterizedEncryptDecryptTest" time="0"/>
  <testcase name="encryptDecrypt[314: encryptDecrypt(algorithm=ALG_AES_128_GCM_IV12_TAG16_NO_KDF, byteSize=4,097, frameSize=4,096, readLen=4,097)]" classname="com.amazonaws.encryptionsdk.CryptoInputStreamTest$ParameterizedEncryptDecryptTest" time="0.001"/>
  <testcase name="encryptDecrypt[315: encryptDecrypt(algorithm=ALG_AES_128_GCM_IV12_TAG16_NO_KDF, byteSize=4,097, frameSize=4,096, readLen=4,098)]" classname="com.amazonaws.encryptionsdk.CryptoInputStreamTest$ParameterizedEncryptDecryptTest" time="0"/>
  <testcase name="encryptDecrypt[316: encryptDecrypt(algorithm=ALG_AES_128_GCM_IV12_TAG16_NO_KDF, byteSize=4,097, frameSize=4,096, readLen=8,194)]" classname="com.amazonaws.encryptionsdk.CryptoInputStreamTest$ParameterizedEncryptDecryptTest" time="0"/>
  <testcase name="encryptDecrypt[317: encryptDecrypt(algorithm=ALG_AES_128_GCM_IV12_TAG16_NO_KDF, byteSize=4,097, frameSize=4,096, readLen=1,000,000)]" classname="com.amazonaws.encryptionsdk.CryptoInputStreamTest$ParameterizedEncryptDecryptTest" time="0"/>
  <testcase name="encryptDecrypt[318: encryptDecrypt(algorithm=ALG_AES_128_GCM_IV12_TAG16_NO_KDF, byteSize=6,144, frameSize=4,096, readLen=1)]" classname="com.amazonaws.encryptionsdk.CryptoInputStreamTest$ParameterizedEncryptDecryptTest" time="0.002"/>
  <testcase name="encryptDecrypt[319: encryptDecrypt(algorithm=ALG_AES_128_GCM_IV12_TAG16_NO_KDF, byteSize=6,144, frameSize=4,096, readLen=6,143)]" classname="com.amazonaws.encryptionsdk.CryptoInputStreamTest$ParameterizedEncryptDecryptTest" time="0"/>
  <testcase name="encryptDecrypt[320: encryptDecrypt(algorithm=ALG_AES_128_GCM_IV12_TAG16_NO_KDF, byteSize=6,144, frameSize=4,096, readLen=6,144)]" classname="com.amazonaws.encryptionsdk.CryptoInputStreamTest$ParameterizedEncryptDecryptTest" time="0"/>
  <testcase name="encryptDecrypt[321: encryptDecrypt(algorithm=ALG_AES_128_GCM_IV12_TAG16_NO_KDF, byteSize=6,144, frameSize=4,096, readLen=6,145)]" classname="com.amazonaws.encryptionsdk.CryptoInputStreamTest$ParameterizedEncryptDecryptTest" time="0"/>
  <testcase name="encryptDecrypt[322: encryptDecrypt(algorithm=ALG_AES_128_GCM_IV12_TAG16_NO_KDF, byteSize=6,144, frameSize=4,096, readLen=12,288)]" classname="com.amazonaws.encryptionsdk.CryptoInputStreamTest$ParameterizedEncryptDecryptTest" time="0.001"/>
  <testcase name="encryptDecrypt[323: encryptDecrypt(algorithm=ALG_AES_128_GCM_IV12_TAG16_NO_KDF, byteSize=6,144, frameSize=4,096, readLen=1,000,000)]" classname="com.amazonaws.encryptionsdk.CryptoInputStreamTest$ParameterizedEncryptDecryptTest" time="0"/>
  <testcase name="encryptDecrypt[324: encryptDecrypt(algorithm=ALG_AES_128_GCM_IV12_TAG16_NO_KDF, byteSize=8,192, frameSize=4,096, readLen=1)]" classname="com.amazonaws.encryptionsdk.CryptoInputStreamTest$ParameterizedEncryptDecryptTest" time="0.001"/>
  <testcase name="encryptDecrypt[325: encryptDecrypt(algorithm=ALG_AES_128_GCM_IV12_TAG16_NO_KDF, byteSize=8,192, frameSize=4,096, readLen=8,191)]" classname="com.amazonaws.encryptionsdk.CryptoInputStreamTest$ParameterizedEncryptDecryptTest" time="0"/>
  <testcase name="encryptDecrypt[326: encryptDecrypt(algorithm=ALG_AES_128_GCM_IV12_TAG16_NO_KDF, byteSize=8,192, frameSize=4,096, readLen=8,192)]" classname="com.amazonaws.encryptionsdk.CryptoInputStreamTest$ParameterizedEncryptDecryptTest" time="0"/>
  <testcase name="encryptDecrypt[327: encryptDecrypt(algorithm=ALG_AES_128_GCM_IV12_TAG16_NO_KDF, byteSize=8,192, frameSize=4,096, readLen=8,193)]" classname="com.amazonaws.encryptionsdk.CryptoInputStreamTest$ParameterizedEncryptDecryptTest" time="0"/>
  <testcase name="encryptDecrypt[328: encryptDecrypt(algorithm=ALG_AES_128_GCM_IV12_TAG16_NO_KDF, byteSize=8,192, frameSize=4,096, readLen=16,384)]" classname="com.amazonaws.encryptionsdk.CryptoInputStreamTest$ParameterizedEncryptDecryptTest" time="0"/>
  <testcase name="encryptDecrypt[329: encryptDecrypt(algorithm=ALG_AES_128_GCM_IV12_TAG16_NO_KDF, byteSize=8,192, frameSize=4,096, readLen=1,000,000)]" classname="com.amazonaws.encryptionsdk.CryptoInputStreamTest$ParameterizedEncryptDecryptTest" time="0"/>
  <testcase name="encryptDecrypt[330: encryptDecrypt(algorithm=ALG_AES_128_GCM_IV12_TAG16_NO_KDF, byteSize=1,000,000, frameSize=4,096, readLen=1)]" classname="com.amazonaws.encryptionsdk.CryptoInputStreamTest$ParameterizedEncryptDecryptTest" time="0.122"/>
  <testcase name="encryptDecrypt[331: encryptDecrypt(algorithm=ALG_AES_128_GCM_IV12_TAG16_NO_KDF, byteSize=1,000,000, frameSize=4,096, readLen=999,999)]" classname="com.amazonaws.encryptionsdk.CryptoInputStreamTest$ParameterizedEncryptDecryptTest" time="0.009"/>
  <testcase name="encryptDecrypt[332: encryptDecrypt(algorithm=ALG_AES_128_GCM_IV12_TAG16_NO_KDF, byteSize=1,000,000, frameSize=4,096, readLen=1,000,000)]" classname="com.amazonaws.encryptionsdk.CryptoInputStreamTest$ParameterizedEncryptDecryptTest" time="0.009"/>
  <testcase name="encryptDecrypt[333: encryptDecrypt(algorithm=ALG_AES_128_GCM_IV12_TAG16_NO_KDF, byteSize=1,000,000, frameSize=4,096, readLen=1,000,001)]" classname="com.amazonaws.encryptionsdk.CryptoInputStreamTest$ParameterizedEncryptDecryptTest" time="0.018"/>
  <testcase name="encryptDecrypt[334: encryptDecrypt(algorithm=ALG_AES_128_GCM_IV12_TAG16_NO_KDF, byteSize=1,000,000, frameSize=4,096, readLen=2,000,000)]" classname="com.amazonaws.encryptionsdk.CryptoInputStreamTest$ParameterizedEncryptDecryptTest" time="0.009"/>
  <testcase name="encryptDecrypt[335: encryptDecrypt(algorithm=ALG_AES_128_GCM_IV12_TAG16_NO_KDF, byteSize=1,000,000, frameSize=4,096, readLen=1,000,000)]" classname="com.amazonaws.encryptionsdk.CryptoInputStreamTest$ParameterizedEncryptDecryptTest" time="0.009"/>
  <testcase name="encryptDecrypt[336: encryptDecrypt(algorithm=ALG_AES_192_GCM_IV12_TAG16_NO_KDF, byteSize=0, frameSize=0, readLen=1)]" classname="com.amazonaws.encryptionsdk.CryptoInputStreamTest$ParameterizedEncryptDecryptTest" time="0"/>
  <testcase name="encryptDecrypt[337: encryptDecrypt(algorithm=ALG_AES_192_GCM_IV12_TAG16_NO_KDF, byteSize=0, frameSize=0, readLen=1)]" classname="com.amazonaws.encryptionsdk.CryptoInputStreamTest$ParameterizedEncryptDecryptTest" time="0"/>
  <testcase name="encryptDecrypt[338: encryptDecrypt(algorithm=ALG_AES_192_GCM_IV12_TAG16_NO_KDF, byteSize=0, frameSize=0, readLen=1,000,000)]" classname="com.amazonaws.encryptionsdk.CryptoInputStreamTest$ParameterizedEncryptDecryptTest" time="0"/>
  <testcase name="encryptDecrypt[339: encryptDecrypt(algorithm=ALG_AES_192_GCM_IV12_TAG16_NO_KDF, byteSize=1, frameSize=0, readLen=1)]" classname="com.amazonaws.encryptionsdk.CryptoInputStreamTest$ParameterizedEncryptDecryptTest" time="0"/>
  <testcase name="encryptDecrypt[340: encryptDecrypt(algorithm=ALG_AES_192_GCM_IV12_TAG16_NO_KDF, byteSize=1, frameSize=0, readLen=1)]" classname="com.amazonaws.encryptionsdk.CryptoInputStreamTest$ParameterizedEncryptDecryptTest" time="0"/>
  <testcase name="encryptDecrypt[341: encryptDecrypt(algorithm=ALG_AES_192_GCM_IV12_TAG16_NO_KDF, byteSize=1, frameSize=0, readLen=2)]" classname="com.amazonaws.encryptionsdk.CryptoInputStreamTest$ParameterizedEncryptDecryptTest" time="0"/>
  <testcase name="encryptDecrypt[342: encryptDecrypt(algorithm=ALG_AES_192_GCM_IV12_TAG16_NO_KDF, byteSize=1, frameSize=0, readLen=2)]" classname="com.amazonaws.encryptionsdk.CryptoInputStreamTest$ParameterizedEncryptDecryptTest" time="0"/>
  <testcase name="encryptDecrypt[343: encryptDecrypt(algorithm=ALG_AES_192_GCM_IV12_TAG16_NO_KDF, byteSize=1, frameSize=0, readLen=1,000,000)]" classname="com.amazonaws.encryptionsdk.CryptoInputStreamTest$ParameterizedEncryptDecryptTest" time="0"/>
  <testcase name="encryptDecrypt[344: encryptDecrypt(algorithm=ALG_AES_192_GCM_IV12_TAG16_NO_KDF, byteSize=0, frameSize=0, readLen=1)]" classname="com.amazonaws.encryptionsdk.CryptoInputStreamTest$ParameterizedEncryptDecryptTest" time="0"/>
  <testcase name="encryptDecrypt[345: encryptDecrypt(algorithm=ALG_AES_192_GCM_IV12_TAG16_NO_KDF, byteSize=0, frameSize=0, readLen=1)]" classname="com.amazonaws.encryptionsdk.CryptoInputStreamTest$ParameterizedEncryptDecryptTest" time="0"/>
  <testcase name="encryptDecrypt[346: encryptDecrypt(algorithm=ALG_AES_192_GCM_IV12_TAG16_NO_KDF, byteSize=0, frameSize=0, readLen=1,000,000)]" classname="com.amazonaws.encryptionsdk.CryptoInputStreamTest$ParameterizedEncryptDecryptTest" time="0"/>
  <testcase name="encryptDecrypt[347: encryptDecrypt(algorithm=ALG_AES_192_GCM_IV12_TAG16_NO_KDF, byteSize=1, frameSize=0, readLen=1)]" classname="com.amazonaws.encryptionsdk.CryptoInputStreamTest$ParameterizedEncryptDecryptTest" time="0"/>
  <testcase name="encryptDecrypt[348: encryptDecrypt(algorithm=ALG_AES_192_GCM_IV12_TAG16_NO_KDF, byteSize=1, frameSize=0, readLen=1)]" classname="com.amazonaws.encryptionsdk.CryptoInputStreamTest$ParameterizedEncryptDecryptTest" time="0"/>
  <testcase name="encryptDecrypt[349: encryptDecrypt(algorithm=ALG_AES_192_GCM_IV12_TAG16_NO_KDF, byteSize=1, frameSize=0, readLen=2)]" classname="com.amazonaws.encryptionsdk.CryptoInputStreamTest$ParameterizedEncryptDecryptTest" time="0.001"/>
  <testcase name="encryptDecrypt[350: encryptDecrypt(algorithm=ALG_AES_192_GCM_IV12_TAG16_NO_KDF, byteSize=1, frameSize=0, readLen=2)]" classname="com.amazonaws.encryptionsdk.CryptoInputStreamTest$ParameterizedEncryptDecryptTest" time="0"/>
  <testcase name="encryptDecrypt[351: encryptDecrypt(algorithm=ALG_AES_192_GCM_IV12_TAG16_NO_KDF, byteSize=1, frameSize=0, readLen=1,000,000)]" classname="com.amazonaws.encryptionsdk.CryptoInputStreamTest$ParameterizedEncryptDecryptTest" time="0"/>
  <testcase name="encryptDecrypt[352: encryptDecrypt(algorithm=ALG_AES_192_GCM_IV12_TAG16_NO_KDF, byteSize=0, frameSize=0, readLen=1)]" classname="com.amazonaws.encryptionsdk.CryptoInputStreamTest$ParameterizedEncryptDecryptTest" time="0"/>
  <testcase name="encryptDecrypt[353: encryptDecrypt(algorithm=ALG_AES_192_GCM_IV12_TAG16_NO_KDF, byteSize=0, frameSize=0, readLen=1)]" classname="com.amazonaws.encryptionsdk.CryptoInputStreamTest$ParameterizedEncryptDecryptTest" time="0"/>
  <testcase name="encryptDecrypt[354: encryptDecrypt(algorithm=ALG_AES_192_GCM_IV12_TAG16_NO_KDF, byteSize=0, frameSize=0, readLen=1,000,000)]" classname="com.amazonaws.encryptionsdk.CryptoInputStreamTest$ParameterizedEncryptDecryptTest" time="0"/>
  <testcase name="encryptDecrypt[355: encryptDecrypt(algorithm=ALG_AES_192_GCM_IV12_TAG16_NO_KDF, byteSize=0, frameSize=0, readLen=1)]" classname="com.amazonaws.encryptionsdk.CryptoInputStreamTest$ParameterizedEncryptDecryptTest" time="0.001"/>
  <testcase name="encryptDecrypt[356: encryptDecrypt(algorithm=ALG_AES_192_GCM_IV12_TAG16_NO_KDF, byteSize=0, frameSize=0, readLen=1)]" classname="com.amazonaws.encryptionsdk.CryptoInputStreamTest$ParameterizedEncryptDecryptTest" time="0"/>
  <testcase name="encryptDecrypt[357: encryptDecrypt(algorithm=ALG_AES_192_GCM_IV12_TAG16_NO_KDF, byteSize=0, frameSize=0, readLen=1,000,000)]" classname="com.amazonaws.encryptionsdk.CryptoInputStreamTest$ParameterizedEncryptDecryptTest" time="0"/>
  <testcase name="encryptDecrypt[358: encryptDecrypt(algorithm=ALG_AES_192_GCM_IV12_TAG16_NO_KDF, byteSize=1,000,000, frameSize=0, readLen=1)]" classname="com.amazonaws.encryptionsdk.CryptoInputStreamTest$ParameterizedEncryptDecryptTest" time="0.058"/>
  <testcase name="encryptDecrypt[359: encryptDecrypt(algorithm=ALG_AES_192_GCM_IV12_TAG16_NO_KDF, byteSize=1,000,000, frameSize=0, readLen=999,999)]" classname="com.amazonaws.encryptionsdk.CryptoInputStreamTest$ParameterizedEncryptDecryptTest" time="0.042"/>
  <testcase name="encryptDecrypt[360: encryptDecrypt(algorithm=ALG_AES_192_GCM_IV12_TAG16_NO_KDF, byteSize=1,000,000, frameSize=0, readLen=1,000,000)]" classname="com.amazonaws.encryptionsdk.CryptoInputStreamTest$ParameterizedEncryptDecryptTest" time="0.041"/>
  <testcase name="encryptDecrypt[361: encryptDecrypt(algorithm=ALG_AES_192_GCM_IV12_TAG16_NO_KDF, byteSize=1,000,000, frameSize=0, readLen=1,000,001)]" classname="com.amazonaws.encryptionsdk.CryptoInputStreamTest$ParameterizedEncryptDecryptTest" time="0.05"/>
  <testcase name="encryptDecrypt[362: encryptDecrypt(algorithm=ALG_AES_192_GCM_IV12_TAG16_NO_KDF, byteSize=1,000,000, frameSize=0, readLen=2,000,000)]" classname="com.amazonaws.encryptionsdk.CryptoInputStreamTest$ParameterizedEncryptDecryptTest" time="0.04"/>
  <testcase name="encryptDecrypt[363: encryptDecrypt(algorithm=ALG_AES_192_GCM_IV12_TAG16_NO_KDF, byteSize=1,000,000, frameSize=0, readLen=1,000,000)]" classname="com.amazonaws.encryptionsdk.CryptoInputStreamTest$ParameterizedEncryptDecryptTest" time="0.04"/>
  <testcase name="encryptDecrypt[364: encryptDecrypt(algorithm=ALG_AES_192_GCM_IV12_TAG16_NO_KDF, byteSize=0, frameSize=15, readLen=1)]" classname="com.amazonaws.encryptionsdk.CryptoInputStreamTest$ParameterizedEncryptDecryptTest" time="0.001"/>
  <testcase name="encryptDecrypt[365: encryptDecrypt(algorithm=ALG_AES_192_GCM_IV12_TAG16_NO_KDF, byteSize=0, frameSize=15, readLen=1)]" classname="com.amazonaws.encryptionsdk.CryptoInputStreamTest$ParameterizedEncryptDecryptTest" time="0"/>
  <testcase name="encryptDecrypt[366: encryptDecrypt(algorithm=ALG_AES_192_GCM_IV12_TAG16_NO_KDF, byteSize=0, frameSize=15, readLen=1,000,000)]" classname="com.amazonaws.encryptionsdk.CryptoInputStreamTest$ParameterizedEncryptDecryptTest" time="0"/>
  <testcase name="encryptDecrypt[367: encryptDecrypt(algorithm=ALG_AES_192_GCM_IV12_TAG16_NO_KDF, byteSize=1, frameSize=15, readLen=1)]" classname="com.amazonaws.encryptionsdk.CryptoInputStreamTest$ParameterizedEncryptDecryptTest" time="0"/>
  <testcase name="encryptDecrypt[368: encryptDecrypt(algorithm=ALG_AES_192_GCM_IV12_TAG16_NO_KDF, byteSize=1, frameSize=15, readLen=1)]" classname="com.amazonaws.encryptionsdk.CryptoInputStreamTest$ParameterizedEncryptDecryptTest" time="0"/>
  <testcase name="encryptDecrypt[369: encryptDecrypt(algorithm=ALG_AES_192_GCM_IV12_TAG16_NO_KDF, byteSize=1, frameSize=15, readLen=2)]" classname="com.amazonaws.encryptionsdk.CryptoInputStreamTest$ParameterizedEncryptDecryptTest" time="0"/>
  <testcase name="encryptDecrypt[370: encryptDecrypt(algorithm=ALG_AES_192_GCM_IV12_TAG16_NO_KDF, byteSize=1, frameSize=15, readLen=2)]" classname="com.amazonaws.encryptionsdk.CryptoInputStreamTest$ParameterizedEncryptDecryptTest" time="0"/>
  <testcase name="encryptDecrypt[371: encryptDecrypt(algorithm=ALG_AES_192_GCM_IV12_TAG16_NO_KDF, byteSize=1, frameSize=15, readLen=1,000,000)]" classname="com.amazonaws.encryptionsdk.CryptoInputStreamTest$ParameterizedEncryptDecryptTest" time="0"/>
  <testcase name="encryptDecrypt[372: encryptDecrypt(algorithm=ALG_AES_192_GCM_IV12_TAG16_NO_KDF, byteSize=14, frameSize=15, readLen=1)]" classname="com.amazonaws.encryptionsdk.CryptoInputStreamTest$ParameterizedEncryptDecryptTest" time="0"/>
  <testcase name="encryptDecrypt[373: encryptDecrypt(algorithm=ALG_AES_192_GCM_IV12_TAG16_NO_KDF, byteSize=14, frameSize=15, readLen=13)]" classname="com.amazonaws.encryptionsdk.CryptoInputStreamTest$ParameterizedEncryptDecryptTest" time="0"/>
  <testcase name="encryptDecrypt[374: encryptDecrypt(algorithm=ALG_AES_192_GCM_IV12_TAG16_NO_KDF, byteSize=14, frameSize=15, readLen=14)]" classname="com.amazonaws.encryptionsdk.CryptoInputStreamTest$ParameterizedEncryptDecryptTest" time="0"/>
  <testcase name="encryptDecrypt[375: encryptDecrypt(algorithm=ALG_AES_192_GCM_IV12_TAG16_NO_KDF, byteSize=14, frameSize=15, readLen=15)]" classname="com.amazonaws.encryptionsdk.CryptoInputStreamTest$ParameterizedEncryptDecryptTest" time="0"/>
  <testcase name="encryptDecrypt[376: encryptDecrypt(algorithm=ALG_AES_192_GCM_IV12_TAG16_NO_KDF, byteSize=14, frameSize=15, readLen=28)]" classname="com.amazonaws.encryptionsdk.CryptoInputStreamTest$ParameterizedEncryptDecryptTest" time="0"/>
  <testcase name="encryptDecrypt[377: encryptDecrypt(algorithm=ALG_AES_192_GCM_IV12_TAG16_NO_KDF, byteSize=14, frameSize=15, readLen=1,000,000)]" classname="com.amazonaws.encryptionsdk.CryptoInputStreamTest$ParameterizedEncryptDecryptTest" time="0.001"/>
  <testcase name="encryptDecrypt[378: encryptDecrypt(algorithm=ALG_AES_192_GCM_IV12_TAG16_NO_KDF, byteSize=15, frameSize=15, readLen=1)]" classname="com.amazonaws.encryptionsdk.CryptoInputStreamTest$ParameterizedEncryptDecryptTest" time="0"/>
  <testcase name="encryptDecrypt[379: encryptDecrypt(algorithm=ALG_AES_192_GCM_IV12_TAG16_NO_KDF, byteSize=15, frameSize=15, readLen=14)]" classname="com.amazonaws.encryptionsdk.CryptoInputStreamTest$ParameterizedEncryptDecryptTest" time="0"/>
  <testcase name="encryptDecrypt[380: encryptDecrypt(algorithm=ALG_AES_192_GCM_IV12_TAG16_NO_KDF, byteSize=15, frameSize=15, readLen=15)]" classname="com.amazonaws.encryptionsdk.CryptoInputStreamTest$ParameterizedEncryptDecryptTest" time="0"/>
  <testcase name="encryptDecrypt[381: encryptDecrypt(algorithm=ALG_AES_192_GCM_IV12_TAG16_NO_KDF, byteSize=15, frameSize=15, readLen=16)]" classname="com.amazonaws.encryptionsdk.CryptoInputStreamTest$ParameterizedEncryptDecryptTest" time="0"/>
  <testcase name="encryptDecrypt[382: encryptDecrypt(algorithm=ALG_AES_192_GCM_IV12_TAG16_NO_KDF, byteSize=15, frameSize=15, readLen=30)]" classname="com.amazonaws.encryptionsdk.CryptoInputStreamTest$ParameterizedEncryptDecryptTest" time="0"/>
  <testcase name="encryptDecrypt[383: encryptDecrypt(algorithm=ALG_AES_192_GCM_IV12_TAG16_NO_KDF, byteSize=15, frameSize=15, readLen=1,000,000)]" classname="com.amazonaws.encryptionsdk.CryptoInputStreamTest$ParameterizedEncryptDecryptTest" time="0.001"/>
  <testcase name="encryptDecrypt[384: encryptDecrypt(algorithm=ALG_AES_192_GCM_IV12_TAG16_NO_KDF, byteSize=16, frameSize=15, readLen=1)]" classname="com.amazonaws.encryptionsdk.CryptoInputStreamTest$ParameterizedEncryptDecryptTest" time="0"/>
  <testcase name="encryptDecrypt[385: encryptDecrypt(algorithm=ALG_AES_192_GCM_IV12_TAG16_NO_KDF, byteSize=16, frameSize=15, readLen=15)]" classname="com.amazonaws.encryptionsdk.CryptoInputStreamTest$ParameterizedEncryptDecryptTest" time="0"/>
  <testcase name="encryptDecrypt[386: encryptDecrypt(algorithm=ALG_AES_192_GCM_IV12_TAG16_NO_KDF, byteSize=16, frameSize=15, readLen=16)]" classname="com.amazonaws.encryptionsdk.CryptoInputStreamTest$ParameterizedEncryptDecryptTest" time="0"/>
  <testcase name="encryptDecrypt[387: encryptDecrypt(algorithm=ALG_AES_192_GCM_IV12_TAG16_NO_KDF, byteSize=16, frameSize=15, readLen=17)]" classname="com.amazonaws.encryptionsdk.CryptoInputStreamTest$ParameterizedEncryptDecryptTest" time="0"/>
  <testcase name="encryptDecrypt[388: encryptDecrypt(algorithm=ALG_AES_192_GCM_IV12_TAG16_NO_KDF, byteSize=16, frameSize=15, readLen=32)]" classname="com.amazonaws.encryptionsdk.CryptoInputStreamTest$ParameterizedEncryptDecryptTest" time="0"/>
  <testcase name="encryptDecrypt[389: encryptDecrypt(algorithm=ALG_AES_192_GCM_IV12_TAG16_NO_KDF, byteSize=16, frameSize=15, readLen=1,000,000)]" classname="com.amazonaws.encryptionsdk.CryptoInputStreamTest$ParameterizedEncryptDecryptTest" time="0"/>
  <testcase name="encryptDecrypt[390: encryptDecrypt(algorithm=ALG_AES_192_GCM_IV12_TAG16_NO_KDF, byteSize=22, frameSize=15, readLen=1)]" classname="com.amazonaws.encryptionsdk.CryptoInputStreamTest$ParameterizedEncryptDecryptTest" time="0"/>
  <testcase name="encryptDecrypt[391: encryptDecrypt(algorithm=ALG_AES_192_GCM_IV12_TAG16_NO_KDF, byteSize=22, frameSize=15, readLen=21)]" classname="com.amazonaws.encryptionsdk.CryptoInputStreamTest$ParameterizedEncryptDecryptTest" time="0.001"/>
  <testcase name="encryptDecrypt[392: encryptDecrypt(algorithm=ALG_AES_192_GCM_IV12_TAG16_NO_KDF, byteSize=22, frameSize=15, readLen=22)]" classname="com.amazonaws.encryptionsdk.CryptoInputStreamTest$ParameterizedEncryptDecryptTest" time="0"/>
  <testcase name="encryptDecrypt[393: encryptDecrypt(algorithm=ALG_AES_192_GCM_IV12_TAG16_NO_KDF, byteSize=22, frameSize=15, readLen=23)]" classname="com.amazonaws.encryptionsdk.CryptoInputStreamTest$ParameterizedEncryptDecryptTest" time="0"/>
  <testcase name="encryptDecrypt[394: encryptDecrypt(algorithm=ALG_AES_192_GCM_IV12_TAG16_NO_KDF, byteSize=22, frameSize=15, readLen=44)]" classname="com.amazonaws.encryptionsdk.CryptoInputStreamTest$ParameterizedEncryptDecryptTest" time="0"/>
  <testcase name="encryptDecrypt[395: encryptDecrypt(algorithm=ALG_AES_192_GCM_IV12_TAG16_NO_KDF, byteSize=22, frameSize=15, readLen=1,000,000)]" classname="com.amazonaws.encryptionsdk.CryptoInputStreamTest$ParameterizedEncryptDecryptTest" time="0"/>
  <testcase name="encryptDecrypt[396: encryptDecrypt(algorithm=ALG_AES_192_GCM_IV12_TAG16_NO_KDF, byteSize=30, frameSize=15, readLen=1)]" classname="com.amazonaws.encryptionsdk.CryptoInputStreamTest$ParameterizedEncryptDecryptTest" time="0"/>
  <testcase name="encryptDecrypt[397: encryptDecrypt(algorithm=ALG_AES_192_GCM_IV12_TAG16_NO_KDF, byteSize=30, frameSize=15, readLen=29)]" classname="com.amazonaws.encryptionsdk.CryptoInputStreamTest$ParameterizedEncryptDecryptTest" time="0"/>
  <testcase name="encryptDecrypt[398: encryptDecrypt(algorithm=ALG_AES_192_GCM_IV12_TAG16_NO_KDF, byteSize=30, frameSize=15, readLen=30)]" classname="com.amazonaws.encryptionsdk.CryptoInputStreamTest$ParameterizedEncryptDecryptTest" time="0"/>
  <testcase name="encryptDecrypt[399: encryptDecrypt(algorithm=ALG_AES_192_GCM_IV12_TAG16_NO_KDF, byteSize=30, frameSize=15, readLen=31)]" classname="com.amazonaws.encryptionsdk.CryptoInputStreamTest$ParameterizedEncryptDecryptTest" time="0"/>
  <testcase name="encryptDecrypt[400: encryptDecrypt(algorithm=ALG_AES_192_GCM_IV12_TAG16_NO_KDF, byteSize=30, frameSize=15, readLen=60)]" classname="com.amazonaws.encryptionsdk.CryptoInputStreamTest$ParameterizedEncryptDecryptTest" time="0"/>
  <testcase name="encryptDecrypt[401: encryptDecrypt(algorithm=ALG_AES_192_GCM_IV12_TAG16_NO_KDF, byteSize=30, frameSize=15, readLen=1,000,000)]" classname="com.amazonaws.encryptionsdk.CryptoInputStreamTest$ParameterizedEncryptDecryptTest" time="0"/>
  <testcase name="encryptDecrypt[402: encryptDecrypt(algorithm=ALG_AES_192_GCM_IV12_TAG16_NO_KDF, byteSize=1,000,000, frameSize=15, readLen=1)]" classname="com.amazonaws.encryptionsdk.CryptoInputStreamTest$ParameterizedEncryptDecryptTest" time="0.096"/>
  <testcase name="encryptDecrypt[403: encryptDecrypt(algorithm=ALG_AES_192_GCM_IV12_TAG16_NO_KDF, byteSize=1,000,000, frameSize=15, readLen=999,999)]" classname="com.amazonaws.encryptionsdk.CryptoInputStreamTest$ParameterizedEncryptDecryptTest" time="0.088"/>
  <testcase name="encryptDecrypt[404: encryptDecrypt(algorithm=ALG_AES_192_GCM_IV12_TAG16_NO_KDF, byteSize=1,000,000, frameSize=15, readLen=1,000,000)]" classname="com.amazonaws.encryptionsdk.CryptoInputStreamTest$ParameterizedEncryptDecryptTest" time="0.079"/>
  <testcase name="encryptDecrypt[405: encryptDecrypt(algorithm=ALG_AES_192_GCM_IV12_TAG16_NO_KDF, byteSize=1,000,000, frameSize=15, readLen=1,000,001)]" classname="com.amazonaws.encryptionsdk.CryptoInputStreamTest$ParameterizedEncryptDecryptTest" time="0.078"/>
  <testcase name="encryptDecrypt[406: encryptDecrypt(algorithm=ALG_AES_192_GCM_IV12_TAG16_NO_KDF, byteSize=1,000,000, frameSize=15, readLen=2,000,000)]" classname="com.amazonaws.encryptionsdk.CryptoInputStreamTest$ParameterizedEncryptDecryptTest" time="0.084"/>
  <testcase name="encryptDecrypt[407: encryptDecrypt(algorithm=ALG_AES_192_GCM_IV12_TAG16_NO_KDF, byteSize=1,000,000, frameSize=15, readLen=1,000,000)]" classname="com.amazonaws.encryptionsdk.CryptoInputStreamTest$ParameterizedEncryptDecryptTest" time="0.086"/>
  <testcase name="encryptDecrypt[408: encryptDecrypt(algorithm=ALG_AES_192_GCM_IV12_TAG16_NO_KDF, byteSize=0, frameSize=16, readLen=1)]" classname="com.amazonaws.encryptionsdk.CryptoInputStreamTest$ParameterizedEncryptDecryptTest" time="0"/>
  <testcase name="encryptDecrypt[409: encryptDecrypt(algorithm=ALG_AES_192_GCM_IV12_TAG16_NO_KDF, byteSize=0, frameSize=16, readLen=1)]" classname="com.amazonaws.encryptionsdk.CryptoInputStreamTest$ParameterizedEncryptDecryptTest" time="0"/>
  <testcase name="encryptDecrypt[410: encryptDecrypt(algorithm=ALG_AES_192_GCM_IV12_TAG16_NO_KDF, byteSize=0, frameSize=16, readLen=1,000,000)]" classname="com.amazonaws.encryptionsdk.CryptoInputStreamTest$ParameterizedEncryptDecryptTest" time="0"/>
  <testcase name="encryptDecrypt[411: encryptDecrypt(algorithm=ALG_AES_192_GCM_IV12_TAG16_NO_KDF, byteSize=1, frameSize=16, readLen=1)]" classname="com.amazonaws.encryptionsdk.CryptoInputStreamTest$ParameterizedEncryptDecryptTest" time="0"/>
  <testcase name="encryptDecrypt[412: encryptDecrypt(algorithm=ALG_AES_192_GCM_IV12_TAG16_NO_KDF, byteSize=1, frameSize=16, readLen=1)]" classname="com.amazonaws.encryptionsdk.CryptoInputStreamTest$ParameterizedEncryptDecryptTest" time="0"/>
  <testcase name="encryptDecrypt[413: encryptDecrypt(algorithm=ALG_AES_192_GCM_IV12_TAG16_NO_KDF, byteSize=1, frameSize=16, readLen=2)]" classname="com.amazonaws.encryptionsdk.CryptoInputStreamTest$ParameterizedEncryptDecryptTest" time="0"/>
  <testcase name="encryptDecrypt[414: encryptDecrypt(algorithm=ALG_AES_192_GCM_IV12_TAG16_NO_KDF, byteSize=1, frameSize=16, readLen=2)]" classname="com.amazonaws.encryptionsdk.CryptoInputStreamTest$ParameterizedEncryptDecryptTest" time="0"/>
  <testcase name="encryptDecrypt[415: encryptDecrypt(algorithm=ALG_AES_192_GCM_IV12_TAG16_NO_KDF, byteSize=1, frameSize=16, readLen=1,000,000)]" classname="com.amazonaws.encryptionsdk.CryptoInputStreamTest$ParameterizedEncryptDecryptTest" time="0"/>
  <testcase name="encryptDecrypt[416: encryptDecrypt(algorithm=ALG_AES_192_GCM_IV12_TAG16_NO_KDF, byteSize=15, frameSize=16, readLen=1)]" classname="com.amazonaws.encryptionsdk.CryptoInputStreamTest$ParameterizedEncryptDecryptTest" time="0"/>
  <testcase name="encryptDecrypt[417: encryptDecrypt(algorithm=ALG_AES_192_GCM_IV12_TAG16_NO_KDF, byteSize=15, frameSize=16, readLen=14)]" classname="com.amazonaws.encryptionsdk.CryptoInputStreamTest$ParameterizedEncryptDecryptTest" time="0.001"/>
  <testcase name="encryptDecrypt[418: encryptDecrypt(algorithm=ALG_AES_192_GCM_IV12_TAG16_NO_KDF, byteSize=15, frameSize=16, readLen=15)]" classname="com.amazonaws.encryptionsdk.CryptoInputStreamTest$ParameterizedEncryptDecryptTest" time="0"/>
  <testcase name="encryptDecrypt[419: encryptDecrypt(algorithm=ALG_AES_192_GCM_IV12_TAG16_NO_KDF, byteSize=15, frameSize=16, readLen=16)]" classname="com.amazonaws.encryptionsdk.CryptoInputStreamTest$ParameterizedEncryptDecryptTest" time="0"/>
  <testcase name="encryptDecrypt[420: encryptDecrypt(algorithm=ALG_AES_192_GCM_IV12_TAG16_NO_KDF, byteSize=15, frameSize=16, readLen=30)]" classname="com.amazonaws.encryptionsdk.CryptoInputStreamTest$ParameterizedEncryptDecryptTest" time="0"/>
  <testcase name="encryptDecrypt[421: encryptDecrypt(algorithm=ALG_AES_192_GCM_IV12_TAG16_NO_KDF, byteSize=15, frameSize=16, readLen=1,000,000)]" classname="com.amazonaws.encryptionsdk.CryptoInputStreamTest$ParameterizedEncryptDecryptTest" time="0"/>
  <testcase name="encryptDecrypt[422: encryptDecrypt(algorithm=ALG_AES_192_GCM_IV12_TAG16_NO_KDF, byteSize=16, frameSize=16, readLen=1)]" classname="com.amazonaws.encryptionsdk.CryptoInputStreamTest$ParameterizedEncryptDecryptTest" time="0"/>
  <testcase name="encryptDecrypt[423: encryptDecrypt(algorithm=ALG_AES_192_GCM_IV12_TAG16_NO_KDF, byteSize=16, frameSize=16, readLen=15)]" classname="com.amazonaws.encryptionsdk.CryptoInputStreamTest$ParameterizedEncryptDecryptTest" time="0"/>
  <testcase name="encryptDecrypt[424: encryptDecrypt(algorithm=ALG_AES_192_GCM_IV12_TAG16_NO_KDF, byteSize=16, frameSize=16, readLen=16)]" classname="com.amazonaws.encryptionsdk.CryptoInputStreamTest$ParameterizedEncryptDecryptTest" time="0"/>
  <testcase name="encryptDecrypt[425: encryptDecrypt(algorithm=ALG_AES_192_GCM_IV12_TAG16_NO_KDF, byteSize=16, frameSize=16, readLen=17)]" classname="com.amazonaws.encryptionsdk.CryptoInputStreamTest$ParameterizedEncryptDecryptTest" time="0"/>
  <testcase name="encryptDecrypt[426: encryptDecrypt(algorithm=ALG_AES_192_GCM_IV12_TAG16_NO_KDF, byteSize=16, frameSize=16, readLen=32)]" classname="com.amazonaws.encryptionsdk.CryptoInputStreamTest$ParameterizedEncryptDecryptTest" time="0.001"/>
  <testcase name="encryptDecrypt[427: encryptDecrypt(algorithm=ALG_AES_192_GCM_IV12_TAG16_NO_KDF, byteSize=16, frameSize=16, readLen=1,000,000)]" classname="com.amazonaws.encryptionsdk.CryptoInputStreamTest$ParameterizedEncryptDecryptTest" time="0"/>
  <testcase name="encryptDecrypt[428: encryptDecrypt(algorithm=ALG_AES_192_GCM_IV12_TAG16_NO_KDF, byteSize=17, frameSize=16, readLen=1)]" classname="com.amazonaws.encryptionsdk.CryptoInputStreamTest$ParameterizedEncryptDecryptTest" time="0"/>
  <testcase name="encryptDecrypt[429: encryptDecrypt(algorithm=ALG_AES_192_GCM_IV12_TAG16_NO_KDF, byteSize=17, frameSize=16, readLen=16)]" classname="com.amazonaws.encryptionsdk.CryptoInputStreamTest$ParameterizedEncryptDecryptTest" time="0"/>
  <testcase name="encryptDecrypt[430: encryptDecrypt(algorithm=ALG_AES_192_GCM_IV12_TAG16_NO_KDF, byteSize=17, frameSize=16, readLen=17)]" classname="com.amazonaws.encryptionsdk.CryptoInputStreamTest$ParameterizedEncryptDecryptTest" time="0"/>
  <testcase name="encryptDecrypt[431: encryptDecrypt(algorithm=ALG_AES_192_GCM_IV12_TAG16_NO_KDF, byteSize=17, frameSize=16, readLen=18)]" classname="com.amazonaws.encryptionsdk.CryptoInputStreamTest$ParameterizedEncryptDecryptTest" time="0"/>
  <testcase name="encryptDecrypt[432: encryptDecrypt(algorithm=ALG_AES_192_GCM_IV12_TAG16_NO_KDF, byteSize=17, frameSize=16, readLen=34)]" classname="com.amazonaws.encryptionsdk.CryptoInputStreamTest$ParameterizedEncryptDecryptTest" time="0"/>
  <testcase name="encryptDecrypt[433: encryptDecrypt(algorithm=ALG_AES_192_GCM_IV12_TAG16_NO_KDF, byteSize=17, frameSize=16, readLen=1,000,000)]" classname="com.amazonaws.encryptionsdk.CryptoInputStreamTest$ParameterizedEncryptDecryptTest" time="0"/>
  <testcase name="encryptDecrypt[434: encryptDecrypt(algorithm=ALG_AES_192_GCM_IV12_TAG16_NO_KDF, byteSize=24, frameSize=16, readLen=1)]" classname="com.amazonaws.encryptionsdk.CryptoInputStreamTest$ParameterizedEncryptDecryptTest" time="0"/>
  <testcase name="encryptDecrypt[435: encryptDecrypt(algorithm=ALG_AES_192_GCM_IV12_TAG16_NO_KDF, byteSize=24, frameSize=16, readLen=23)]" classname="com.amazonaws.encryptionsdk.CryptoInputStreamTest$ParameterizedEncryptDecryptTest" time="0"/>
  <testcase name="encryptDecrypt[436: encryptDecrypt(algorithm=ALG_AES_192_GCM_IV12_TAG16_NO_KDF, byteSize=24, frameSize=16, readLen=24)]" classname="com.amazonaws.encryptionsdk.CryptoInputStreamTest$ParameterizedEncryptDecryptTest" time="0"/>
  <testcase name="encryptDecrypt[437: encryptDecrypt(algorithm=ALG_AES_192_GCM_IV12_TAG16_NO_KDF, byteSize=24, frameSize=16, readLen=25)]" classname="com.amazonaws.encryptionsdk.CryptoInputStreamTest$ParameterizedEncryptDecryptTest" time="0"/>
  <testcase name="encryptDecrypt[438: encryptDecrypt(algorithm=ALG_AES_192_GCM_IV12_TAG16_NO_KDF, byteSize=24, frameSize=16, readLen=48)]" classname="com.amazonaws.encryptionsdk.CryptoInputStreamTest$ParameterizedEncryptDecryptTest" time="0"/>
  <testcase name="encryptDecrypt[439: encryptDecrypt(algorithm=ALG_AES_192_GCM_IV12_TAG16_NO_KDF, byteSize=24, frameSize=16, readLen=1,000,000)]" classname="com.amazonaws.encryptionsdk.CryptoInputStreamTest$ParameterizedEncryptDecryptTest" time="0"/>
  <testcase name="encryptDecrypt[440: encryptDecrypt(algorithm=ALG_AES_192_GCM_IV12_TAG16_NO_KDF, byteSize=32, frameSize=16, readLen=1)]" classname="com.amazonaws.encryptionsdk.CryptoInputStreamTest$ParameterizedEncryptDecryptTest" time="0"/>
  <testcase name="encryptDecrypt[441: encryptDecrypt(algorithm=ALG_AES_192_GCM_IV12_TAG16_NO_KDF, byteSize=32, frameSize=16, readLen=31)]" classname="com.amazonaws.encryptionsdk.CryptoInputStreamTest$ParameterizedEncryptDecryptTest" time="0"/>
  <testcase name="encryptDecrypt[442: encryptDecrypt(algorithm=ALG_AES_192_GCM_IV12_TAG16_NO_KDF, byteSize=32, frameSize=16, readLen=32)]" classname="com.amazonaws.encryptionsdk.CryptoInputStreamTest$ParameterizedEncryptDecryptTest" time="0"/>
  <testcase name="encryptDecrypt[443: encryptDecrypt(algorithm=ALG_AES_192_GCM_IV12_TAG16_NO_KDF, byteSize=32, frameSize=16, readLen=33)]" classname="com.amazonaws.encryptionsdk.CryptoInputStreamTest$ParameterizedEncryptDecryptTest" time="0"/>
  <testcase name="encryptDecrypt[444: encryptDecrypt(algorithm=ALG_AES_192_GCM_IV12_TAG16_NO_KDF, byteSize=32, frameSize=16, readLen=64)]" classname="com.amazonaws.encryptionsdk.CryptoInputStreamTest$ParameterizedEncryptDecryptTest" time="0"/>
  <testcase name="encryptDecrypt[445: encryptDecrypt(algorithm=ALG_AES_192_GCM_IV12_TAG16_NO_KDF, byteSize=32, frameSize=16, readLen=1,000,000)]" classname="com.amazonaws.encryptionsdk.CryptoInputStreamTest$ParameterizedEncryptDecryptTest" time="0.001"/>
  <testcase name="encryptDecrypt[446: encryptDecrypt(algorithm=ALG_AES_192_GCM_IV12_TAG16_NO_KDF, byteSize=1,000,000, frameSize=16, readLen=1)]" classname="com.amazonaws.encryptionsdk.CryptoInputStreamTest$ParameterizedEncryptDecryptTest" time="0.099"/>
  <testcase name="encryptDecrypt[447: encryptDecrypt(algorithm=ALG_AES_192_GCM_IV12_TAG16_NO_KDF, byteSize=1,000,000, frameSize=16, readLen=999,999)]" classname="com.amazonaws.encryptionsdk.CryptoInputStreamTest$ParameterizedEncryptDecryptTest" time="0.081"/>
  <testcase name="encryptDecrypt[448: encryptDecrypt(algorithm=ALG_AES_192_GCM_IV12_TAG16_NO_KDF, byteSize=1,000,000, frameSize=16, readLen=1,000,000)]" classname="com.amazonaws.encryptionsdk.CryptoInputStreamTest$ParameterizedEncryptDecryptTest" time="0.092"/>
  <testcase name="encryptDecrypt[449: encryptDecrypt(algorithm=ALG_AES_192_GCM_IV12_TAG16_NO_KDF, byteSize=1,000,000, frameSize=16, readLen=1,000,001)]" classname="com.amazonaws.encryptionsdk.CryptoInputStreamTest$ParameterizedEncryptDecryptTest" time="0.133"/>
  <testcase name="encryptDecrypt[450: encryptDecrypt(algorithm=ALG_AES_192_GCM_IV12_TAG16_NO_KDF, byteSize=1,000,000, frameSize=16, readLen=2,000,000)]" classname="com.amazonaws.encryptionsdk.CryptoInputStreamTest$ParameterizedEncryptDecryptTest" time="0.132"/>
  <testcase name="encryptDecrypt[451: encryptDecrypt(algorithm=ALG_AES_192_GCM_IV12_TAG16_NO_KDF, byteSize=1,000,000, frameSize=16, readLen=1,000,000)]" classname="com.amazonaws.encryptionsdk.CryptoInputStreamTest$ParameterizedEncryptDecryptTest" time="0.105"/>
  <testcase name="encryptDecrypt[452: encryptDecrypt(algorithm=ALG_AES_192_GCM_IV12_TAG16_NO_KDF, byteSize=0, frameSize=17, readLen=1)]" classname="com.amazonaws.encryptionsdk.CryptoInputStreamTest$ParameterizedEncryptDecryptTest" time="0"/>
  <testcase name="encryptDecrypt[453: encryptDecrypt(algorithm=ALG_AES_192_GCM_IV12_TAG16_NO_KDF, byteSize=0, frameSize=17, readLen=1)]" classname="com.amazonaws.encryptionsdk.CryptoInputStreamTest$ParameterizedEncryptDecryptTest" time="0"/>
  <testcase name="encryptDecrypt[454: encryptDecrypt(algorithm=ALG_AES_192_GCM_IV12_TAG16_NO_KDF, byteSize=0, frameSize=17, readLen=1,000,000)]" classname="com.amazonaws.encryptionsdk.CryptoInputStreamTest$ParameterizedEncryptDecryptTest" time="0.001"/>
  <testcase name="encryptDecrypt[455: encryptDecrypt(algorithm=ALG_AES_192_GCM_IV12_TAG16_NO_KDF, byteSize=1, frameSize=17, readLen=1)]" classname="com.amazonaws.encryptionsdk.CryptoInputStreamTest$ParameterizedEncryptDecryptTest" time="0"/>
  <testcase name="encryptDecrypt[456: encryptDecrypt(algorithm=ALG_AES_192_GCM_IV12_TAG16_NO_KDF, byteSize=1, frameSize=17, readLen=1)]" classname="com.amazonaws.encryptionsdk.CryptoInputStreamTest$ParameterizedEncryptDecryptTest" time="0"/>
  <testcase name="encryptDecrypt[457: encryptDecrypt(algorithm=ALG_AES_192_GCM_IV12_TAG16_NO_KDF, byteSize=1, frameSize=17, readLen=2)]" classname="com.amazonaws.encryptionsdk.CryptoInputStreamTest$ParameterizedEncryptDecryptTest" time="0"/>
  <testcase name="encryptDecrypt[458: encryptDecrypt(algorithm=ALG_AES_192_GCM_IV12_TAG16_NO_KDF, byteSize=1, frameSize=17, readLen=2)]" classname="com.amazonaws.encryptionsdk.CryptoInputStreamTest$ParameterizedEncryptDecryptTest" time="0"/>
  <testcase name="encryptDecrypt[459: encryptDecrypt(algorithm=ALG_AES_192_GCM_IV12_TAG16_NO_KDF, byteSize=1, frameSize=17, readLen=1,000,000)]" classname="com.amazonaws.encryptionsdk.CryptoInputStreamTest$ParameterizedEncryptDecryptTest" time="0"/>
  <testcase name="encryptDecrypt[460: encryptDecrypt(algorithm=ALG_AES_192_GCM_IV12_TAG16_NO_KDF, byteSize=16, frameSize=17, readLen=1)]" classname="com.amazonaws.encryptionsdk.CryptoInputStreamTest$ParameterizedEncryptDecryptTest" time="0"/>
  <testcase name="encryptDecrypt[461: encryptDecrypt(algorithm=ALG_AES_192_GCM_IV12_TAG16_NO_KDF, byteSize=16, frameSize=17, readLen=15)]" classname="com.amazonaws.encryptionsdk.CryptoInputStreamTest$ParameterizedEncryptDecryptTest" time="0"/>
  <testcase name="encryptDecrypt[462: encryptDecrypt(algorithm=ALG_AES_192_GCM_IV12_TAG16_NO_KDF, byteSize=16, frameSize=17, readLen=16)]" classname="com.amazonaws.encryptionsdk.CryptoInputStreamTest$ParameterizedEncryptDecryptTest" time="0"/>
  <testcase name="encryptDecrypt[463: encryptDecrypt(algorithm=ALG_AES_192_GCM_IV12_TAG16_NO_KDF, byteSize=16, frameSize=17, readLen=17)]" classname="com.amazonaws.encryptionsdk.CryptoInputStreamTest$ParameterizedEncryptDecryptTest" time="0"/>
  <testcase name="encryptDecrypt[464: encryptDecrypt(algorithm=ALG_AES_192_GCM_IV12_TAG16_NO_KDF, byteSize=16, frameSize=17, readLen=32)]" classname="com.amazonaws.encryptionsdk.CryptoInputStreamTest$ParameterizedEncryptDecryptTest" time="0"/>
  <testcase name="encryptDecrypt[465: encryptDecrypt(algorithm=ALG_AES_192_GCM_IV12_TAG16_NO_KDF, byteSize=16, frameSize=17, readLen=1,000,000)]" classname="com.amazonaws.encryptionsdk.CryptoInputStreamTest$ParameterizedEncryptDecryptTest" time="0.001"/>
  <testcase name="encryptDecrypt[466: encryptDecrypt(algorithm=ALG_AES_192_GCM_IV12_TAG16_NO_KDF, byteSize=17, frameSize=17, readLen=1)]" classname="com.amazonaws.encryptionsdk.CryptoInputStreamTest$ParameterizedEncryptDecryptTest" time="0"/>
  <testcase name="encryptDecrypt[467: encryptDecrypt(algorithm=ALG_AES_192_GCM_IV12_TAG16_NO_KDF, byteSize=17, frameSize=17, readLen=16)]" classname="com.amazonaws.encryptionsdk.CryptoInputStreamTest$ParameterizedEncryptDecryptTest" time="0"/>
  <testcase name="encryptDecrypt[468: encryptDecrypt(algorithm=ALG_AES_192_GCM_IV12_TAG16_NO_KDF, byteSize=17, frameSize=17, readLen=17)]" classname="com.amazonaws.encryptionsdk.CryptoInputStreamTest$ParameterizedEncryptDecryptTest" time="0"/>
  <testcase name="encryptDecrypt[469: encryptDecrypt(algorithm=ALG_AES_192_GCM_IV12_TAG16_NO_KDF, byteSize=17, frameSize=17, readLen=18)]" classname="com.amazonaws.encryptionsdk.CryptoInputStreamTest$ParameterizedEncryptDecryptTest" time="0"/>
  <testcase name="encryptDecrypt[470: encryptDecrypt(algorithm=ALG_AES_192_GCM_IV12_TAG16_NO_KDF, byteSize=17, frameSize=17, readLen=34)]" classname="com.amazonaws.encryptionsdk.CryptoInputStreamTest$ParameterizedEncryptDecryptTest" time="0"/>
  <testcase name="encryptDecrypt[471: encryptDecrypt(algorithm=ALG_AES_192_GCM_IV12_TAG16_NO_KDF, byteSize=17, frameSize=17, readLen=1,000,000)]" classname="com.amazonaws.encryptionsdk.CryptoInputStreamTest$ParameterizedEncryptDecryptTest" time="0"/>
  <testcase name="encryptDecrypt[472: encryptDecrypt(algorithm=ALG_AES_192_GCM_IV12_TAG16_NO_KDF, byteSize=18, frameSize=17, readLen=1)]" classname="com.amazonaws.encryptionsdk.CryptoInputStreamTest$ParameterizedEncryptDecryptTest" time="0"/>
  <testcase name="encryptDecrypt[473: encryptDecrypt(algorithm=ALG_AES_192_GCM_IV12_TAG16_NO_KDF, byteSize=18, frameSize=17, readLen=17)]" classname="com.amazonaws.encryptionsdk.CryptoInputStreamTest$ParameterizedEncryptDecryptTest" time="0"/>
  <testcase name="encryptDecrypt[474: encryptDecrypt(algorithm=ALG_AES_192_GCM_IV12_TAG16_NO_KDF, byteSize=18, frameSize=17, readLen=18)]" classname="com.amazonaws.encryptionsdk.CryptoInputStreamTest$ParameterizedEncryptDecryptTest" time="0"/>
  <testcase name="encryptDecrypt[475: encryptDecrypt(algorithm=ALG_AES_192_GCM_IV12_TAG16_NO_KDF, byteSize=18, frameSize=17, readLen=19)]" classname="com.amazonaws.encryptionsdk.CryptoInputStreamTest$ParameterizedEncryptDecryptTest" time="0"/>
  <testcase name="encryptDecrypt[476: encryptDecrypt(algorithm=ALG_AES_192_GCM_IV12_TAG16_NO_KDF, byteSize=18, frameSize=17, readLen=36)]" classname="com.amazonaws.encryptionsdk.CryptoInputStreamTest$ParameterizedEncryptDecryptTest" time="0.001"/>
  <testcase name="encryptDecrypt[477: encryptDecrypt(algorithm=ALG_AES_192_GCM_IV12_TAG16_NO_KDF, byteSize=18, frameSize=17, readLen=1,000,000)]" classname="com.amazonaws.encryptionsdk.CryptoInputStreamTest$ParameterizedEncryptDecryptTest" time="0"/>
  <testcase name="encryptDecrypt[478: encryptDecrypt(algorithm=ALG_AES_192_GCM_IV12_TAG16_NO_KDF, byteSize=25, frameSize=17, readLen=1)]" classname="com.amazonaws.encryptionsdk.CryptoInputStreamTest$ParameterizedEncryptDecryptTest" time="0"/>
  <testcase name="encryptDecrypt[479: encryptDecrypt(algorithm=ALG_AES_192_GCM_IV12_TAG16_NO_KDF, byteSize=25, frameSize=17, readLen=24)]" classname="com.amazonaws.encryptionsdk.CryptoInputStreamTest$ParameterizedEncryptDecryptTest" time="0"/>
  <testcase name="encryptDecrypt[480: encryptDecrypt(algorithm=ALG_AES_192_GCM_IV12_TAG16_NO_KDF, byteSize=25, frameSize=17, readLen=25)]" classname="com.amazonaws.encryptionsdk.CryptoInputStreamTest$ParameterizedEncryptDecryptTest" time="0"/>
  <testcase name="encryptDecrypt[481: encryptDecrypt(algorithm=ALG_AES_192_GCM_IV12_TAG16_NO_KDF, byteSize=25, frameSize=17, readLen=26)]" classname="com.amazonaws.encryptionsdk.CryptoInputStreamTest$ParameterizedEncryptDecryptTest" time="0"/>
  <testcase name="encryptDecrypt[482: encryptDecrypt(algorithm=ALG_AES_192_GCM_IV12_TAG16_NO_KDF, byteSize=25, frameSize=17, readLen=50)]" classname="com.amazonaws.encryptionsdk.CryptoInputStreamTest$ParameterizedEncryptDecryptTest" time="0"/>
  <testcase name="encryptDecrypt[483: encryptDecrypt(algorithm=ALG_AES_192_GCM_IV12_TAG16_NO_KDF, byteSize=25, frameSize=17, readLen=1,000,000)]" classname="com.amazonaws.encryptionsdk.CryptoInputStreamTest$ParameterizedEncryptDecryptTest" time="0"/>
  <testcase name="encryptDecrypt[484: encryptDecrypt(algorithm=ALG_AES_192_GCM_IV12_TAG16_NO_KDF, byteSize=34, frameSize=17, readLen=1)]" classname="com.amazonaws.encryptionsdk.CryptoInputStreamTest$ParameterizedEncryptDecryptTest" time="0"/>
  <testcase name="encryptDecrypt[485: encryptDecrypt(algorithm=ALG_AES_192_GCM_IV12_TAG16_NO_KDF, byteSize=34, frameSize=17, readLen=33)]" classname="com.amazonaws.encryptionsdk.CryptoInputStreamTest$ParameterizedEncryptDecryptTest" time="0.001"/>
  <testcase name="encryptDecrypt[486: encryptDecrypt(algorithm=ALG_AES_192_GCM_IV12_TAG16_NO_KDF, byteSize=34, frameSize=17, readLen=34)]" classname="com.amazonaws.encryptionsdk.CryptoInputStreamTest$ParameterizedEncryptDecryptTest" time="0"/>
  <testcase name="encryptDecrypt[487: encryptDecrypt(algorithm=ALG_AES_192_GCM_IV12_TAG16_NO_KDF, byteSize=34, frameSize=17, readLen=35)]" classname="com.amazonaws.encryptionsdk.CryptoInputStreamTest$ParameterizedEncryptDecryptTest" time="0"/>
  <testcase name="encryptDecrypt[488: encryptDecrypt(algorithm=ALG_AES_192_GCM_IV12_TAG16_NO_KDF, byteSize=34, frameSize=17, readLen=68)]" classname="com.amazonaws.encryptionsdk.CryptoInputStreamTest$ParameterizedEncryptDecryptTest" time="0"/>
  <testcase name="encryptDecrypt[489: encryptDecrypt(algorithm=ALG_AES_192_GCM_IV12_TAG16_NO_KDF, byteSize=34, frameSize=17, readLen=1,000,000)]" classname="com.amazonaws.encryptionsdk.CryptoInputStreamTest$ParameterizedEncryptDecryptTest" time="0"/>
  <testcase name="encryptDecrypt[490: encryptDecrypt(algorithm=ALG_AES_192_GCM_IV12_TAG16_NO_KDF, byteSize=1,000,000, frameSize=17, readLen=1)]" classname="com.amazonaws.encryptionsdk.CryptoInputStreamTest$ParameterizedEncryptDecryptTest" time="0.096"/>
  <testcase name="encryptDecrypt[491: encryptDecrypt(algorithm=ALG_AES_192_GCM_IV12_TAG16_NO_KDF, byteSize=1,000,000, frameSize=17, readLen=999,999)]" classname="com.amazonaws.encryptionsdk.CryptoInputStreamTest$ParameterizedEncryptDecryptTest" time="0.074"/>
  <testcase name="encryptDecrypt[492: encryptDecrypt(algorithm=ALG_AES_192_GCM_IV12_TAG16_NO_KDF, byteSize=1,000,000, frameSize=17, readLen=1,000,000)]" classname="com.amazonaws.encryptionsdk.CryptoInputStreamTest$ParameterizedEncryptDecryptTest" time="0.076"/>
  <testcase name="encryptDecrypt[493: encryptDecrypt(algorithm=ALG_AES_192_GCM_IV12_TAG16_NO_KDF, byteSize=1,000,000, frameSize=17, readLen=1,000,001)]" classname="com.amazonaws.encryptionsdk.CryptoInputStreamTest$ParameterizedEncryptDecryptTest" time="0.073"/>
  <testcase name="encryptDecrypt[494: encryptDecrypt(algorithm=ALG_AES_192_GCM_IV12_TAG16_NO_KDF, byteSize=1,000,000, frameSize=17, readLen=2,000,000)]" classname="com.amazonaws.encryptionsdk.CryptoInputStreamTest$ParameterizedEncryptDecryptTest" time="0.072"/>
  <testcase name="encryptDecrypt[495: encryptDecrypt(algorithm=ALG_AES_192_GCM_IV12_TAG16_NO_KDF, byteSize=1,000,000, frameSize=17, readLen=1,000,000)]" classname="com.amazonaws.encryptionsdk.CryptoInputStreamTest$ParameterizedEncryptDecryptTest" time="0.073"/>
  <testcase name="encryptDecrypt[496: encryptDecrypt(algorithm=ALG_AES_192_GCM_IV12_TAG16_NO_KDF, byteSize=0, frameSize=32, readLen=1)]" classname="com.amazonaws.encryptionsdk.CryptoInputStreamTest$ParameterizedEncryptDecryptTest" time="0"/>
  <testcase name="encryptDecrypt[497: encryptDecrypt(algorithm=ALG_AES_192_GCM_IV12_TAG16_NO_KDF, byteSize=0, frameSize=32, readLen=1)]" classname="com.amazonaws.encryptionsdk.CryptoInputStreamTest$ParameterizedEncryptDecryptTest" time="0"/>
  <testcase name="encryptDecrypt[498: encryptDecrypt(algorithm=ALG_AES_192_GCM_IV12_TAG16_NO_KDF, byteSize=0, frameSize=32, readLen=1,000,000)]" classname="com.amazonaws.encryptionsdk.CryptoInputStreamTest$ParameterizedEncryptDecryptTest" time="0"/>
  <testcase name="encryptDecrypt[499: encryptDecrypt(algorithm=ALG_AES_192_GCM_IV12_TAG16_NO_KDF, byteSize=1, frameSize=32, readLen=1)]" classname="com.amazonaws.encryptionsdk.CryptoInputStreamTest$ParameterizedEncryptDecryptTest" time="0"/>
  <testcase name="encryptDecrypt[500: encryptDecrypt(algorithm=ALG_AES_192_GCM_IV12_TAG16_NO_KDF, byteSize=1, frameSize=32, readLen=1)]" classname="com.amazonaws.encryptionsdk.CryptoInputStreamTest$ParameterizedEncryptDecryptTest" time="0"/>
  <testcase name="encryptDecrypt[501: encryptDecrypt(algorithm=ALG_AES_192_GCM_IV12_TAG16_NO_KDF, byteSize=1, frameSize=32, readLen=2)]" classname="com.amazonaws.encryptionsdk.CryptoInputStreamTest$ParameterizedEncryptDecryptTest" time="0"/>
  <testcase name="encryptDecrypt[502: encryptDecrypt(algorithm=ALG_AES_192_GCM_IV12_TAG16_NO_KDF, byteSize=1, frameSize=32, readLen=2)]" classname="com.amazonaws.encryptionsdk.CryptoInputStreamTest$ParameterizedEncryptDecryptTest" time="0"/>
  <testcase name="encryptDecrypt[503: encryptDecrypt(algorithm=ALG_AES_192_GCM_IV12_TAG16_NO_KDF, byteSize=1, frameSize=32, readLen=1,000,000)]" classname="com.amazonaws.encryptionsdk.CryptoInputStreamTest$ParameterizedEncryptDecryptTest" time="0"/>
  <testcase name="encryptDecrypt[504: encryptDecrypt(algorithm=ALG_AES_192_GCM_IV12_TAG16_NO_KDF, byteSize=31, frameSize=32, readLen=1)]" classname="com.amazonaws.encryptionsdk.CryptoInputStreamTest$ParameterizedEncryptDecryptTest" time="0"/>
  <testcase name="encryptDecrypt[505: encryptDecrypt(algorithm=ALG_AES_192_GCM_IV12_TAG16_NO_KDF, byteSize=31, frameSize=32, readLen=30)]" classname="com.amazonaws.encryptionsdk.CryptoInputStreamTest$ParameterizedEncryptDecryptTest" time="0"/>
  <testcase name="encryptDecrypt[506: encryptDecrypt(algorithm=ALG_AES_192_GCM_IV12_TAG16_NO_KDF, byteSize=31, frameSize=32, readLen=31)]" classname="com.amazonaws.encryptionsdk.CryptoInputStreamTest$ParameterizedEncryptDecryptTest" time="0"/>
  <testcase name="encryptDecrypt[507: encryptDecrypt(algorithm=ALG_AES_192_GCM_IV12_TAG16_NO_KDF, byteSize=31, frameSize=32, readLen=32)]" classname="com.amazonaws.encryptionsdk.CryptoInputStreamTest$ParameterizedEncryptDecryptTest" time="0"/>
  <testcase name="encryptDecrypt[508: encryptDecrypt(algorithm=ALG_AES_192_GCM_IV12_TAG16_NO_KDF, byteSize=31, frameSize=32, readLen=62)]" classname="com.amazonaws.encryptionsdk.CryptoInputStreamTest$ParameterizedEncryptDecryptTest" time="0"/>
  <testcase name="encryptDecrypt[509: encryptDecrypt(algorithm=ALG_AES_192_GCM_IV12_TAG16_NO_KDF, byteSize=31, frameSize=32, readLen=1,000,000)]" classname="com.amazonaws.encryptionsdk.CryptoInputStreamTest$ParameterizedEncryptDecryptTest" time="0"/>
  <testcase name="encryptDecrypt[510: encryptDecrypt(algorithm=ALG_AES_192_GCM_IV12_TAG16_NO_KDF, byteSize=32, frameSize=32, readLen=1)]" classname="com.amazonaws.encryptionsdk.CryptoInputStreamTest$ParameterizedEncryptDecryptTest" time="0"/>
  <testcase name="encryptDecrypt[511: encryptDecrypt(algorithm=ALG_AES_192_GCM_IV12_TAG16_NO_KDF, byteSize=32, frameSize=32, readLen=31)]" classname="com.amazonaws.encryptionsdk.CryptoInputStreamTest$ParameterizedEncryptDecryptTest" time="0"/>
  <testcase name="encryptDecrypt[512: encryptDecrypt(algorithm=ALG_AES_192_GCM_IV12_TAG16_NO_KDF, byteSize=32, frameSize=32, readLen=32)]" classname="com.amazonaws.encryptionsdk.CryptoInputStreamTest$ParameterizedEncryptDecryptTest" time="0"/>
  <testcase name="encryptDecrypt[513: encryptDecrypt(algorithm=ALG_AES_192_GCM_IV12_TAG16_NO_KDF, byteSize=32, frameSize=32, readLen=33)]" classname="com.amazonaws.encryptionsdk.CryptoInputStreamTest$ParameterizedEncryptDecryptTest" time="0"/>
  <testcase name="encryptDecrypt[514: encryptDecrypt(algorithm=ALG_AES_192_GCM_IV12_TAG16_NO_KDF, byteSize=32, frameSize=32, readLen=64)]" classname="com.amazonaws.encryptionsdk.CryptoInputStreamTest$ParameterizedEncryptDecryptTest" time="0"/>
  <testcase name="encryptDecrypt[515: encryptDecrypt(algorithm=ALG_AES_192_GCM_IV12_TAG16_NO_KDF, byteSize=32, frameSize=32, readLen=1,000,000)]" classname="com.amazonaws.encryptionsdk.CryptoInputStreamTest$ParameterizedEncryptDecryptTest" time="0"/>
  <testcase name="encryptDecrypt[516: encryptDecrypt(algorithm=ALG_AES_192_GCM_IV12_TAG16_NO_KDF, byteSize=33, frameSize=32, readLen=1)]" classname="com.amazonaws.encryptionsdk.CryptoInputStreamTest$ParameterizedEncryptDecryptTest" time="0"/>
  <testcase name="encryptDecrypt[517: encryptDecrypt(algorithm=ALG_AES_192_GCM_IV12_TAG16_NO_KDF, byteSize=33, frameSize=32, readLen=32)]" classname="com.amazonaws.encryptionsdk.CryptoInputStreamTest$ParameterizedEncryptDecryptTest" time="0"/>
  <testcase name="encryptDecrypt[518: encryptDecrypt(algorithm=ALG_AES_192_GCM_IV12_TAG16_NO_KDF, byteSize=33, frameSize=32, readLen=33)]" classname="com.amazonaws.encryptionsdk.CryptoInputStreamTest$ParameterizedEncryptDecryptTest" time="0"/>
  <testcase name="encryptDecrypt[519: encryptDecrypt(algorithm=ALG_AES_192_GCM_IV12_TAG16_NO_KDF, byteSize=33, frameSize=32, readLen=34)]" classname="com.amazonaws.encryptionsdk.CryptoInputStreamTest$ParameterizedEncryptDecryptTest" time="0"/>
  <testcase name="encryptDecrypt[520: encryptDecrypt(algorithm=ALG_AES_192_GCM_IV12_TAG16_NO_KDF, byteSize=33, frameSize=32, readLen=66)]" classname="com.amazonaws.encryptionsdk.CryptoInputStreamTest$ParameterizedEncryptDecryptTest" time="0"/>
  <testcase name="encryptDecrypt[521: encryptDecrypt(algorithm=ALG_AES_192_GCM_IV12_TAG16_NO_KDF, byteSize=33, frameSize=32, readLen=1,000,000)]" classname="com.amazonaws.encryptionsdk.CryptoInputStreamTest$ParameterizedEncryptDecryptTest" time="0"/>
  <testcase name="encryptDecrypt[522: encryptDecrypt(algorithm=ALG_AES_192_GCM_IV12_TAG16_NO_KDF, byteSize=48, frameSize=32, readLen=1)]" classname="com.amazonaws.encryptionsdk.CryptoInputStreamTest$ParameterizedEncryptDecryptTest" time="0"/>
  <testcase name="encryptDecrypt[523: encryptDecrypt(algorithm=ALG_AES_192_GCM_IV12_TAG16_NO_KDF, byteSize=48, frameSize=32, readLen=47)]" classname="com.amazonaws.encryptionsdk.CryptoInputStreamTest$ParameterizedEncryptDecryptTest" time="0"/>
  <testcase name="encryptDecrypt[524: encryptDecrypt(algorithm=ALG_AES_192_GCM_IV12_TAG16_NO_KDF, byteSize=48, frameSize=32, readLen=48)]" classname="com.amazonaws.encryptionsdk.CryptoInputStreamTest$ParameterizedEncryptDecryptTest" time="0.001"/>
  <testcase name="encryptDecrypt[525: encryptDecrypt(algorithm=ALG_AES_192_GCM_IV12_TAG16_NO_KDF, byteSize=48, frameSize=32, readLen=49)]" classname="com.amazonaws.encryptionsdk.CryptoInputStreamTest$ParameterizedEncryptDecryptTest" time="0"/>
  <testcase name="encryptDecrypt[526: encryptDecrypt(algorithm=ALG_AES_192_GCM_IV12_TAG16_NO_KDF, byteSize=48, frameSize=32, readLen=96)]" classname="com.amazonaws.encryptionsdk.CryptoInputStreamTest$ParameterizedEncryptDecryptTest" time="0"/>
  <testcase name="encryptDecrypt[527: encryptDecrypt(algorithm=ALG_AES_192_GCM_IV12_TAG16_NO_KDF, byteSize=48, frameSize=32, readLen=1,000,000)]" classname="com.amazonaws.encryptionsdk.CryptoInputStreamTest$ParameterizedEncryptDecryptTest" time="0"/>
  <testcase name="encryptDecrypt[528: encryptDecrypt(algorithm=ALG_AES_192_GCM_IV12_TAG16_NO_KDF, byteSize=64, frameSize=32, readLen=1)]" classname="com.amazonaws.encryptionsdk.CryptoInputStreamTest$ParameterizedEncryptDecryptTest" time="0"/>
  <testcase name="encryptDecrypt[529: encryptDecrypt(algorithm=ALG_AES_192_GCM_IV12_TAG16_NO_KDF, byteSize=64, frameSize=32, readLen=63)]" classname="com.amazonaws.encryptionsdk.CryptoInputStreamTest$ParameterizedEncryptDecryptTest" time="0"/>
  <testcase name="encryptDecrypt[530: encryptDecrypt(algorithm=ALG_AES_192_GCM_IV12_TAG16_NO_KDF, byteSize=64, frameSize=32, readLen=64)]" classname="com.amazonaws.encryptionsdk.CryptoInputStreamTest$ParameterizedEncryptDecryptTest" time="0"/>
  <testcase name="encryptDecrypt[531: encryptDecrypt(algorithm=ALG_AES_192_GCM_IV12_TAG16_NO_KDF, byteSize=64, frameSize=32, readLen=65)]" classname="com.amazonaws.encryptionsdk.CryptoInputStreamTest$ParameterizedEncryptDecryptTest" time="0"/>
  <testcase name="encryptDecrypt[532: encryptDecrypt(algorithm=ALG_AES_192_GCM_IV12_TAG16_NO_KDF, byteSize=64, frameSize=32, readLen=128)]" classname="com.amazonaws.encryptionsdk.CryptoInputStreamTest$ParameterizedEncryptDecryptTest" time="0"/>
  <testcase name="encryptDecrypt[533: encryptDecrypt(algorithm=ALG_AES_192_GCM_IV12_TAG16_NO_KDF, byteSize=64, frameSize=32, readLen=1,000,000)]" classname="com.amazonaws.encryptionsdk.CryptoInputStreamTest$ParameterizedEncryptDecryptTest" time="0.001"/>
  <testcase name="encryptDecrypt[534: encryptDecrypt(algorithm=ALG_AES_192_GCM_IV12_TAG16_NO_KDF, byteSize=1,000,000, frameSize=32, readLen=1)]" classname="com.amazonaws.encryptionsdk.CryptoInputStreamTest$ParameterizedEncryptDecryptTest" time="0.068"/>
  <testcase name="encryptDecrypt[535: encryptDecrypt(algorithm=ALG_AES_192_GCM_IV12_TAG16_NO_KDF, byteSize=1,000,000, frameSize=32, readLen=999,999)]" classname="com.amazonaws.encryptionsdk.CryptoInputStreamTest$ParameterizedEncryptDecryptTest" time="0.041"/>
  <testcase name="encryptDecrypt[536: encryptDecrypt(algorithm=ALG_AES_192_GCM_IV12_TAG16_NO_KDF, byteSize=1,000,000, frameSize=32, readLen=1,000,000)]" classname="com.amazonaws.encryptionsdk.CryptoInputStreamTest$ParameterizedEncryptDecryptTest" time="0.041"/>
  <testcase name="encryptDecrypt[537: encryptDecrypt(algorithm=ALG_AES_192_GCM_IV12_TAG16_NO_KDF, byteSize=1,000,000, frameSize=32, readLen=1,000,001)]" classname="com.amazonaws.encryptionsdk.CryptoInputStreamTest$ParameterizedEncryptDecryptTest" time="0.039"/>
  <testcase name="encryptDecrypt[538: encryptDecrypt(algorithm=ALG_AES_192_GCM_IV12_TAG16_NO_KDF, byteSize=1,000,000, frameSize=32, readLen=2,000,000)]" classname="com.amazonaws.encryptionsdk.CryptoInputStreamTest$ParameterizedEncryptDecryptTest" time="0.041"/>
  <testcase name="encryptDecrypt[539: encryptDecrypt(algorithm=ALG_AES_192_GCM_IV12_TAG16_NO_KDF, byteSize=1,000,000, frameSize=32, readLen=1,000,000)]" classname="com.amazonaws.encryptionsdk.CryptoInputStreamTest$ParameterizedEncryptDecryptTest" time="0.039"/>
  <testcase name="encryptDecrypt[540: encryptDecrypt(algorithm=ALG_AES_192_GCM_IV12_TAG16_NO_KDF, byteSize=0, frameSize=160, readLen=1)]" classname="com.amazonaws.encryptionsdk.CryptoInputStreamTest$ParameterizedEncryptDecryptTest" time="0"/>
  <testcase name="encryptDecrypt[541: encryptDecrypt(algorithm=ALG_AES_192_GCM_IV12_TAG16_NO_KDF, byteSize=0, frameSize=160, readLen=1)]" classname="com.amazonaws.encryptionsdk.CryptoInputStreamTest$ParameterizedEncryptDecryptTest" time="0"/>
  <testcase name="encryptDecrypt[542: encryptDecrypt(algorithm=ALG_AES_192_GCM_IV12_TAG16_NO_KDF, byteSize=0, frameSize=160, readLen=1,000,000)]" classname="com.amazonaws.encryptionsdk.CryptoInputStreamTest$ParameterizedEncryptDecryptTest" time="0"/>
  <testcase name="encryptDecrypt[543: encryptDecrypt(algorithm=ALG_AES_192_GCM_IV12_TAG16_NO_KDF, byteSize=1, frameSize=160, readLen=1)]" classname="com.amazonaws.encryptionsdk.CryptoInputStreamTest$ParameterizedEncryptDecryptTest" time="0"/>
  <testcase name="encryptDecrypt[544: encryptDecrypt(algorithm=ALG_AES_192_GCM_IV12_TAG16_NO_KDF, byteSize=1, frameSize=160, readLen=1)]" classname="com.amazonaws.encryptionsdk.CryptoInputStreamTest$ParameterizedEncryptDecryptTest" time="0"/>
  <testcase name="encryptDecrypt[545: encryptDecrypt(algorithm=ALG_AES_192_GCM_IV12_TAG16_NO_KDF, byteSize=1, frameSize=160, readLen=2)]" classname="com.amazonaws.encryptionsdk.CryptoInputStreamTest$ParameterizedEncryptDecryptTest" time="0"/>
  <testcase name="encryptDecrypt[546: encryptDecrypt(algorithm=ALG_AES_192_GCM_IV12_TAG16_NO_KDF, byteSize=1, frameSize=160, readLen=2)]" classname="com.amazonaws.encryptionsdk.CryptoInputStreamTest$ParameterizedEncryptDecryptTest" time="0"/>
  <testcase name="encryptDecrypt[547: encryptDecrypt(algorithm=ALG_AES_192_GCM_IV12_TAG16_NO_KDF, byteSize=1, frameSize=160, readLen=1,000,000)]" classname="com.amazonaws.encryptionsdk.CryptoInputStreamTest$ParameterizedEncryptDecryptTest" time="0.001"/>
  <testcase name="encryptDecrypt[548: encryptDecrypt(algorithm=ALG_AES_192_GCM_IV12_TAG16_NO_KDF, byteSize=159, frameSize=160, readLen=1)]" classname="com.amazonaws.encryptionsdk.CryptoInputStreamTest$ParameterizedEncryptDecryptTest" time="0"/>
  <testcase name="encryptDecrypt[549: encryptDecrypt(algorithm=ALG_AES_192_GCM_IV12_TAG16_NO_KDF, byteSize=159, frameSize=160, readLen=158)]" classname="com.amazonaws.encryptionsdk.CryptoInputStreamTest$ParameterizedEncryptDecryptTest" time="0"/>
  <testcase name="encryptDecrypt[550: encryptDecrypt(algorithm=ALG_AES_192_GCM_IV12_TAG16_NO_KDF, byteSize=159, frameSize=160, readLen=159)]" classname="com.amazonaws.encryptionsdk.CryptoInputStreamTest$ParameterizedEncryptDecryptTest" time="0"/>
  <testcase name="encryptDecrypt[551: encryptDecrypt(algorithm=ALG_AES_192_GCM_IV12_TAG16_NO_KDF, byteSize=159, frameSize=160, readLen=160)]" classname="com.amazonaws.encryptionsdk.CryptoInputStreamTest$ParameterizedEncryptDecryptTest" time="0"/>
  <testcase name="encryptDecrypt[552: encryptDecrypt(algorithm=ALG_AES_192_GCM_IV12_TAG16_NO_KDF, byteSize=159, frameSize=160, readLen=318)]" classname="com.amazonaws.encryptionsdk.CryptoInputStreamTest$ParameterizedEncryptDecryptTest" time="0"/>
  <testcase name="encryptDecrypt[553: encryptDecrypt(algorithm=ALG_AES_192_GCM_IV12_TAG16_NO_KDF, byteSize=159, frameSize=160, readLen=1,000,000)]" classname="com.amazonaws.encryptionsdk.CryptoInputStreamTest$ParameterizedEncryptDecryptTest" time="0"/>
  <testcase name="encryptDecrypt[554: encryptDecrypt(algorithm=ALG_AES_192_GCM_IV12_TAG16_NO_KDF, byteSize=160, frameSize=160, readLen=1)]" classname="com.amazonaws.encryptionsdk.CryptoInputStreamTest$ParameterizedEncryptDecryptTest" time="0"/>
  <testcase name="encryptDecrypt[555: encryptDecrypt(algorithm=ALG_AES_192_GCM_IV12_TAG16_NO_KDF, byteSize=160, frameSize=160, readLen=159)]" classname="com.amazonaws.encryptionsdk.CryptoInputStreamTest$ParameterizedEncryptDecryptTest" time="0"/>
  <testcase name="encryptDecrypt[556: encryptDecrypt(algorithm=ALG_AES_192_GCM_IV12_TAG16_NO_KDF, byteSize=160, frameSize=160, readLen=160)]" classname="com.amazonaws.encryptionsdk.CryptoInputStreamTest$ParameterizedEncryptDecryptTest" time="0"/>
  <testcase name="encryptDecrypt[557: encryptDecrypt(algorithm=ALG_AES_192_GCM_IV12_TAG16_NO_KDF, byteSize=160, frameSize=160, readLen=161)]" classname="com.amazonaws.encryptionsdk.CryptoInputStreamTest$ParameterizedEncryptDecryptTest" time="0"/>
  <testcase name="encryptDecrypt[558: encryptDecrypt(algorithm=ALG_AES_192_GCM_IV12_TAG16_NO_KDF, byteSize=160, frameSize=160, readLen=320)]" classname="com.amazonaws.encryptionsdk.CryptoInputStreamTest$ParameterizedEncryptDecryptTest" time="0.001"/>
  <testcase name="encryptDecrypt[559: encryptDecrypt(algorithm=ALG_AES_192_GCM_IV12_TAG16_NO_KDF, byteSize=160, frameSize=160, readLen=1,000,000)]" classname="com.amazonaws.encryptionsdk.CryptoInputStreamTest$ParameterizedEncryptDecryptTest" time="0"/>
  <testcase name="encryptDecrypt[560: encryptDecrypt(algorithm=ALG_AES_192_GCM_IV12_TAG16_NO_KDF, byteSize=161, frameSize=160, readLen=1)]" classname="com.amazonaws.encryptionsdk.CryptoInputStreamTest$ParameterizedEncryptDecryptTest" time="0"/>
  <testcase name="encryptDecrypt[561: encryptDecrypt(algorithm=ALG_AES_192_GCM_IV12_TAG16_NO_KDF, byteSize=161, frameSize=160, readLen=160)]" classname="com.amazonaws.encryptionsdk.CryptoInputStreamTest$ParameterizedEncryptDecryptTest" time="0"/>
  <testcase name="encryptDecrypt[562: encryptDecrypt(algorithm=ALG_AES_192_GCM_IV12_TAG16_NO_KDF, byteSize=161, frameSize=160, readLen=161)]" classname="com.amazonaws.encryptionsdk.CryptoInputStreamTest$ParameterizedEncryptDecryptTest" time="0"/>
  <testcase name="encryptDecrypt[563: encryptDecrypt(algorithm=ALG_AES_192_GCM_IV12_TAG16_NO_KDF, byteSize=161, frameSize=160, readLen=162)]" classname="com.amazonaws.encryptionsdk.CryptoInputStreamTest$ParameterizedEncryptDecryptTest" time="0"/>
  <testcase name="encryptDecrypt[564: encryptDecrypt(algorithm=ALG_AES_192_GCM_IV12_TAG16_NO_KDF, byteSize=161, frameSize=160, readLen=322)]" classname="com.amazonaws.encryptionsdk.CryptoInputStreamTest$ParameterizedEncryptDecryptTest" time="0"/>
  <testcase name="encryptDecrypt[565: encryptDecrypt(algorithm=ALG_AES_192_GCM_IV12_TAG16_NO_KDF, byteSize=161, frameSize=160, readLen=1,000,000)]" classname="com.amazonaws.encryptionsdk.CryptoInputStreamTest$ParameterizedEncryptDecryptTest" time="0"/>
  <testcase name="encryptDecrypt[566: encryptDecrypt(algorithm=ALG_AES_192_GCM_IV12_TAG16_NO_KDF, byteSize=240, frameSize=160, readLen=1)]" classname="com.amazonaws.encryptionsdk.CryptoInputStreamTest$ParameterizedEncryptDecryptTest" time="0"/>
  <testcase name="encryptDecrypt[567: encryptDecrypt(algorithm=ALG_AES_192_GCM_IV12_TAG16_NO_KDF, byteSize=240, frameSize=160, readLen=239)]" classname="com.amazonaws.encryptionsdk.CryptoInputStreamTest$ParameterizedEncryptDecryptTest" time="0"/>
  <testcase name="encryptDecrypt[568: encryptDecrypt(algorithm=ALG_AES_192_GCM_IV12_TAG16_NO_KDF, byteSize=240, frameSize=160, readLen=240)]" classname="com.amazonaws.encryptionsdk.CryptoInputStreamTest$ParameterizedEncryptDecryptTest" time="0.001"/>
  <testcase name="encryptDecrypt[569: encryptDecrypt(algorithm=ALG_AES_192_GCM_IV12_TAG16_NO_KDF, byteSize=240, frameSize=160, readLen=241)]" classname="com.amazonaws.encryptionsdk.CryptoInputStreamTest$ParameterizedEncryptDecryptTest" time="0"/>
  <testcase name="encryptDecrypt[570: encryptDecrypt(algorithm=ALG_AES_192_GCM_IV12_TAG16_NO_KDF, byteSize=240, frameSize=160, readLen=480)]" classname="com.amazonaws.encryptionsdk.CryptoInputStreamTest$ParameterizedEncryptDecryptTest" time="0"/>
  <testcase name="encryptDecrypt[571: encryptDecrypt(algorithm=ALG_AES_192_GCM_IV12_TAG16_NO_KDF, byteSize=240, frameSize=160, readLen=1,000,000)]" classname="com.amazonaws.encryptionsdk.CryptoInputStreamTest$ParameterizedEncryptDecryptTest" time="0"/>
  <testcase name="encryptDecrypt[572: encryptDecrypt(algorithm=ALG_AES_192_GCM_IV12_TAG16_NO_KDF, byteSize=320, frameSize=160, readLen=1)]" classname="com.amazonaws.encryptionsdk.CryptoInputStreamTest$ParameterizedEncryptDecryptTest" time="0"/>
  <testcase name="encryptDecrypt[573: encryptDecrypt(algorithm=ALG_AES_192_GCM_IV12_TAG16_NO_KDF, byteSize=320, frameSize=160, readLen=319)]" classname="com.amazonaws.encryptionsdk.CryptoInputStreamTest$ParameterizedEncryptDecryptTest" time="0"/>
  <testcase name="encryptDecrypt[574: encryptDecrypt(algorithm=ALG_AES_192_GCM_IV12_TAG16_NO_KDF, byteSize=320, frameSize=160, readLen=320)]" classname="com.amazonaws.encryptionsdk.CryptoInputStreamTest$ParameterizedEncryptDecryptTest" time="0"/>
  <testcase name="encryptDecrypt[575: encryptDecrypt(algorithm=ALG_AES_192_GCM_IV12_TAG16_NO_KDF, byteSize=320, frameSize=160, readLen=321)]" classname="com.amazonaws.encryptionsdk.CryptoInputStreamTest$ParameterizedEncryptDecryptTest" time="0"/>
  <testcase name="encryptDecrypt[576: encryptDecrypt(algorithm=ALG_AES_192_GCM_IV12_TAG16_NO_KDF, byteSize=320, frameSize=160, readLen=640)]" classname="com.amazonaws.encryptionsdk.CryptoInputStreamTest$ParameterizedEncryptDecryptTest" time="0"/>
  <testcase name="encryptDecrypt[577: encryptDecrypt(algorithm=ALG_AES_192_GCM_IV12_TAG16_NO_KDF, byteSize=320, frameSize=160, readLen=1,000,000)]" classname="com.amazonaws.encryptionsdk.CryptoInputStreamTest$ParameterizedEncryptDecryptTest" time="0"/>
  <testcase name="encryptDecrypt[578: encryptDecrypt(algorithm=ALG_AES_192_GCM_IV12_TAG16_NO_KDF, byteSize=1,000,000, frameSize=160, readLen=1)]" classname="com.amazonaws.encryptionsdk.CryptoInputStreamTest$ParameterizedEncryptDecryptTest" time="0.033"/>
  <testcase name="encryptDecrypt[579: encryptDecrypt(algorithm=ALG_AES_192_GCM_IV12_TAG16_NO_KDF, byteSize=1,000,000, frameSize=160, readLen=999,999)]" classname="com.amazonaws.encryptionsdk.CryptoInputStreamTest$ParameterizedEncryptDecryptTest" time="0.015"/>
  <testcase name="encryptDecrypt[580: encryptDecrypt(algorithm=ALG_AES_192_GCM_IV12_TAG16_NO_KDF, byteSize=1,000,000, frameSize=160, readLen=1,000,000)]" classname="com.amazonaws.encryptionsdk.CryptoInputStreamTest$ParameterizedEncryptDecryptTest" time="0.015"/>
  <testcase name="encryptDecrypt[581: encryptDecrypt(algorithm=ALG_AES_192_GCM_IV12_TAG16_NO_KDF, byteSize=1,000,000, frameSize=160, readLen=1,000,001)]" classname="com.amazonaws.encryptionsdk.CryptoInputStreamTest$ParameterizedEncryptDecryptTest" time="0.015"/>
  <testcase name="encryptDecrypt[582: encryptDecrypt(algorithm=ALG_AES_192_GCM_IV12_TAG16_NO_KDF, byteSize=1,000,000, frameSize=160, readLen=2,000,000)]" classname="com.amazonaws.encryptionsdk.CryptoInputStreamTest$ParameterizedEncryptDecryptTest" time="0.014"/>
  <testcase name="encryptDecrypt[583: encryptDecrypt(algorithm=ALG_AES_192_GCM_IV12_TAG16_NO_KDF, byteSize=1,000,000, frameSize=160, readLen=1,000,000)]" classname="com.amazonaws.encryptionsdk.CryptoInputStreamTest$ParameterizedEncryptDecryptTest" time="0.014"/>
  <testcase name="encryptDecrypt[584: encryptDecrypt(algorithm=ALG_AES_192_GCM_IV12_TAG16_NO_KDF, byteSize=0, frameSize=161, readLen=1)]" classname="com.amazonaws.encryptionsdk.CryptoInputStreamTest$ParameterizedEncryptDecryptTest" time="0"/>
  <testcase name="encryptDecrypt[585: encryptDecrypt(algorithm=ALG_AES_192_GCM_IV12_TAG16_NO_KDF, byteSize=0, frameSize=161, readLen=1)]" classname="com.amazonaws.encryptionsdk.CryptoInputStreamTest$ParameterizedEncryptDecryptTest" time="0"/>
  <testcase name="encryptDecrypt[586: encryptDecrypt(algorithm=ALG_AES_192_GCM_IV12_TAG16_NO_KDF, byteSize=0, frameSize=161, readLen=1,000,000)]" classname="com.amazonaws.encryptionsdk.CryptoInputStreamTest$ParameterizedEncryptDecryptTest" time="0"/>
  <testcase name="encryptDecrypt[587: encryptDecrypt(algorithm=ALG_AES_192_GCM_IV12_TAG16_NO_KDF, byteSize=1, frameSize=161, readLen=1)]" classname="com.amazonaws.encryptionsdk.CryptoInputStreamTest$ParameterizedEncryptDecryptTest" time="0"/>
  <testcase name="encryptDecrypt[588: encryptDecrypt(algorithm=ALG_AES_192_GCM_IV12_TAG16_NO_KDF, byteSize=1, frameSize=161, readLen=1)]" classname="com.amazonaws.encryptionsdk.CryptoInputStreamTest$ParameterizedEncryptDecryptTest" time="0"/>
  <testcase name="encryptDecrypt[589: encryptDecrypt(algorithm=ALG_AES_192_GCM_IV12_TAG16_NO_KDF, byteSize=1, frameSize=161, readLen=2)]" classname="com.amazonaws.encryptionsdk.CryptoInputStreamTest$ParameterizedEncryptDecryptTest" time="0"/>
  <testcase name="encryptDecrypt[590: encryptDecrypt(algorithm=ALG_AES_192_GCM_IV12_TAG16_NO_KDF, byteSize=1, frameSize=161, readLen=2)]" classname="com.amazonaws.encryptionsdk.CryptoInputStreamTest$ParameterizedEncryptDecryptTest" time="0"/>
  <testcase name="encryptDecrypt[591: encryptDecrypt(algorithm=ALG_AES_192_GCM_IV12_TAG16_NO_KDF, byteSize=1, frameSize=161, readLen=1,000,000)]" classname="com.amazonaws.encryptionsdk.CryptoInputStreamTest$ParameterizedEncryptDecryptTest" time="0.001"/>
  <testcase name="encryptDecrypt[592: encryptDecrypt(algorithm=ALG_AES_192_GCM_IV12_TAG16_NO_KDF, byteSize=160, frameSize=161, readLen=1)]" classname="com.amazonaws.encryptionsdk.CryptoInputStreamTest$ParameterizedEncryptDecryptTest" time="0"/>
  <testcase name="encryptDecrypt[593: encryptDecrypt(algorithm=ALG_AES_192_GCM_IV12_TAG16_NO_KDF, byteSize=160, frameSize=161, readLen=159)]" classname="com.amazonaws.encryptionsdk.CryptoInputStreamTest$ParameterizedEncryptDecryptTest" time="0"/>
  <testcase name="encryptDecrypt[594: encryptDecrypt(algorithm=ALG_AES_192_GCM_IV12_TAG16_NO_KDF, byteSize=160, frameSize=161, readLen=160)]" classname="com.amazonaws.encryptionsdk.CryptoInputStreamTest$ParameterizedEncryptDecryptTest" time="0"/>
  <testcase name="encryptDecrypt[595: encryptDecrypt(algorithm=ALG_AES_192_GCM_IV12_TAG16_NO_KDF, byteSize=160, frameSize=161, readLen=161)]" classname="com.amazonaws.encryptionsdk.CryptoInputStreamTest$ParameterizedEncryptDecryptTest" time="0"/>
  <testcase name="encryptDecrypt[596: encryptDecrypt(algorithm=ALG_AES_192_GCM_IV12_TAG16_NO_KDF, byteSize=160, frameSize=161, readLen=320)]" classname="com.amazonaws.encryptionsdk.CryptoInputStreamTest$ParameterizedEncryptDecryptTest" time="0"/>
  <testcase name="encryptDecrypt[597: encryptDecrypt(algorithm=ALG_AES_192_GCM_IV12_TAG16_NO_KDF, byteSize=160, frameSize=161, readLen=1,000,000)]" classname="com.amazonaws.encryptionsdk.CryptoInputStreamTest$ParameterizedEncryptDecryptTest" time="0"/>
  <testcase name="encryptDecrypt[598: encryptDecrypt(algorithm=ALG_AES_192_GCM_IV12_TAG16_NO_KDF, byteSize=161, frameSize=161, readLen=1)]" classname="com.amazonaws.encryptionsdk.CryptoInputStreamTest$ParameterizedEncryptDecryptTest" time="0"/>
  <testcase name="encryptDecrypt[599: encryptDecrypt(algorithm=ALG_AES_192_GCM_IV12_TAG16_NO_KDF, byteSize=161, frameSize=161, readLen=160)]" classname="com.amazonaws.encryptionsdk.CryptoInputStreamTest$ParameterizedEncryptDecryptTest" time="0"/>
  <testcase name="encryptDecrypt[600: encryptDecrypt(algorithm=ALG_AES_192_GCM_IV12_TAG16_NO_KDF, byteSize=161, frameSize=161, readLen=161)]" classname="com.amazonaws.encryptionsdk.CryptoInputStreamTest$ParameterizedEncryptDecryptTest" time="0"/>
  <testcase name="encryptDecrypt[601: encryptDecrypt(algorithm=ALG_AES_192_GCM_IV12_TAG16_NO_KDF, byteSize=161, frameSize=161, readLen=162)]" classname="com.amazonaws.encryptionsdk.CryptoInputStreamTest$ParameterizedEncryptDecryptTest" time="0"/>
  <testcase name="encryptDecrypt[602: encryptDecrypt(algorithm=ALG_AES_192_GCM_IV12_TAG16_NO_KDF, byteSize=161, frameSize=161, readLen=322)]" classname="com.amazonaws.encryptionsdk.CryptoInputStreamTest$ParameterizedEncryptDecryptTest" time="0"/>
  <testcase name="encryptDecrypt[603: encryptDecrypt(algorithm=ALG_AES_192_GCM_IV12_TAG16_NO_KDF, byteSize=161, frameSize=161, readLen=1,000,000)]" classname="com.amazonaws.encryptionsdk.CryptoInputStreamTest$ParameterizedEncryptDecryptTest" time="0.001"/>
  <testcase name="encryptDecrypt[604: encryptDecrypt(algorithm=ALG_AES_192_GCM_IV12_TAG16_NO_KDF, byteSize=162, frameSize=161, readLen=1)]" classname="com.amazonaws.encryptionsdk.CryptoInputStreamTest$ParameterizedEncryptDecryptTest" time="0"/>
  <testcase name="encryptDecrypt[605: encryptDecrypt(algorithm=ALG_AES_192_GCM_IV12_TAG16_NO_KDF, byteSize=162, frameSize=161, readLen=161)]" classname="com.amazonaws.encryptionsdk.CryptoInputStreamTest$ParameterizedEncryptDecryptTest" time="0"/>
  <testcase name="encryptDecrypt[606: encryptDecrypt(algorithm=ALG_AES_192_GCM_IV12_TAG16_NO_KDF, byteSize=162, frameSize=161, readLen=162)]" classname="com.amazonaws.encryptionsdk.CryptoInputStreamTest$ParameterizedEncryptDecryptTest" time="0"/>
  <testcase name="encryptDecrypt[607: encryptDecrypt(algorithm=ALG_AES_192_GCM_IV12_TAG16_NO_KDF, byteSize=162, frameSize=161, readLen=163)]" classname="com.amazonaws.encryptionsdk.CryptoInputStreamTest$ParameterizedEncryptDecryptTest" time="0"/>
  <testcase name="encryptDecrypt[608: encryptDecrypt(algorithm=ALG_AES_192_GCM_IV12_TAG16_NO_KDF, byteSize=162, frameSize=161, readLen=324)]" classname="com.amazonaws.encryptionsdk.CryptoInputStreamTest$ParameterizedEncryptDecryptTest" time="0"/>
  <testcase name="encryptDecrypt[609: encryptDecrypt(algorithm=ALG_AES_192_GCM_IV12_TAG16_NO_KDF, byteSize=162, frameSize=161, readLen=1,000,000)]" classname="com.amazonaws.encryptionsdk.CryptoInputStreamTest$ParameterizedEncryptDecryptTest" time="0"/>
  <testcase name="encryptDecrypt[610: encryptDecrypt(algorithm=ALG_AES_192_GCM_IV12_TAG16_NO_KDF, byteSize=241, frameSize=161, readLen=1)]" classname="com.amazonaws.encryptionsdk.CryptoInputStreamTest$ParameterizedEncryptDecryptTest" time="0"/>
  <testcase name="encryptDecrypt[611: encryptDecrypt(algorithm=ALG_AES_192_GCM_IV12_TAG16_NO_KDF, byteSize=241, frameSize=161, readLen=240)]" classname="com.amazonaws.encryptionsdk.CryptoInputStreamTest$ParameterizedEncryptDecryptTest" time="0"/>
  <testcase name="encryptDecrypt[612: encryptDecrypt(algorithm=ALG_AES_192_GCM_IV12_TAG16_NO_KDF, byteSize=241, frameSize=161, readLen=241)]" classname="com.amazonaws.encryptionsdk.CryptoInputStreamTest$ParameterizedEncryptDecryptTest" time="0"/>
  <testcase name="encryptDecrypt[613: encryptDecrypt(algorithm=ALG_AES_192_GCM_IV12_TAG16_NO_KDF, byteSize=241, frameSize=161, readLen=242)]" classname="com.amazonaws.encryptionsdk.CryptoInputStreamTest$ParameterizedEncryptDecryptTest" time="0"/>
  <testcase name="encryptDecrypt[614: encryptDecrypt(algorithm=ALG_AES_192_GCM_IV12_TAG16_NO_KDF, byteSize=241, frameSize=161, readLen=482)]" classname="com.amazonaws.encryptionsdk.CryptoInputStreamTest$ParameterizedEncryptDecryptTest" time="0"/>
  <testcase name="encryptDecrypt[615: encryptDecrypt(algorithm=ALG_AES_192_GCM_IV12_TAG16_NO_KDF, byteSize=241, frameSize=161, readLen=1,000,000)]" classname="com.amazonaws.encryptionsdk.CryptoInputStreamTest$ParameterizedEncryptDecryptTest" time="0.001"/>
  <testcase name="encryptDecrypt[616: encryptDecrypt(algorithm=ALG_AES_192_GCM_IV12_TAG16_NO_KDF, byteSize=322, frameSize=161, readLen=1)]" classname="com.amazonaws.encryptionsdk.CryptoInputStreamTest$ParameterizedEncryptDecryptTest" time="0"/>
  <testcase name="encryptDecrypt[617: encryptDecrypt(algorithm=ALG_AES_192_GCM_IV12_TAG16_NO_KDF, byteSize=322, frameSize=161, readLen=321)]" classname="com.amazonaws.encryptionsdk.CryptoInputStreamTest$ParameterizedEncryptDecryptTest" time="0"/>
  <testcase name="encryptDecrypt[618: encryptDecrypt(algorithm=ALG_AES_192_GCM_IV12_TAG16_NO_KDF, byteSize=322, frameSize=161, readLen=322)]" classname="com.amazonaws.encryptionsdk.CryptoInputStreamTest$ParameterizedEncryptDecryptTest" time="0"/>
  <testcase name="encryptDecrypt[619: encryptDecrypt(algorithm=ALG_AES_192_GCM_IV12_TAG16_NO_KDF, byteSize=322, frameSize=161, readLen=323)]" classname="com.amazonaws.encryptionsdk.CryptoInputStreamTest$ParameterizedEncryptDecryptTest" time="0"/>
  <testcase name="encryptDecrypt[620: encryptDecrypt(algorithm=ALG_AES_192_GCM_IV12_TAG16_NO_KDF, byteSize=322, frameSize=161, readLen=644)]" classname="com.amazonaws.encryptionsdk.CryptoInputStreamTest$ParameterizedEncryptDecryptTest" time="0"/>
  <testcase name="encryptDecrypt[621: encryptDecrypt(algorithm=ALG_AES_192_GCM_IV12_TAG16_NO_KDF, byteSize=322, frameSize=161, readLen=1,000,000)]" classname="com.amazonaws.encryptionsdk.CryptoInputStreamTest$ParameterizedEncryptDecryptTest" time="0"/>
  <testcase name="encryptDecrypt[622: encryptDecrypt(algorithm=ALG_AES_192_GCM_IV12_TAG16_NO_KDF, byteSize=1,000,000, frameSize=161, readLen=1)]" classname="com.amazonaws.encryptionsdk.CryptoInputStreamTest$ParameterizedEncryptDecryptTest" time="0.033"/>
  <testcase name="encryptDecrypt[623: encryptDecrypt(algorithm=ALG_AES_192_GCM_IV12_TAG16_NO_KDF, byteSize=1,000,000, frameSize=161, readLen=999,999)]" classname="com.amazonaws.encryptionsdk.CryptoInputStreamTest$ParameterizedEncryptDecryptTest" time="0.015"/>
  <testcase name="encryptDecrypt[624: encryptDecrypt(algorithm=ALG_AES_192_GCM_IV12_TAG16_NO_KDF, byteSize=1,000,000, frameSize=161, readLen=1,000,000)]" classname="com.amazonaws.encryptionsdk.CryptoInputStreamTest$ParameterizedEncryptDecryptTest" time="0.016"/>
  <testcase name="encryptDecrypt[625: encryptDecrypt(algorithm=ALG_AES_192_GCM_IV12_TAG16_NO_KDF, byteSize=1,000,000, frameSize=161, readLen=1,000,001)]" classname="com.amazonaws.encryptionsdk.CryptoInputStreamTest$ParameterizedEncryptDecryptTest" time="0.015"/>
  <testcase name="encryptDecrypt[626: encryptDecrypt(algorithm=ALG_AES_192_GCM_IV12_TAG16_NO_KDF, byteSize=1,000,000, frameSize=161, readLen=2,000,000)]" classname="com.amazonaws.encryptionsdk.CryptoInputStreamTest$ParameterizedEncryptDecryptTest" time="0.015"/>
  <testcase name="encryptDecrypt[627: encryptDecrypt(algorithm=ALG_AES_192_GCM_IV12_TAG16_NO_KDF, byteSize=1,000,000, frameSize=161, readLen=1,000,000)]" classname="com.amazonaws.encryptionsdk.CryptoInputStreamTest$ParameterizedEncryptDecryptTest" time="0.015"/>
  <testcase name="encryptDecrypt[628: encryptDecrypt(algorithm=ALG_AES_192_GCM_IV12_TAG16_NO_KDF, byteSize=0, frameSize=4,096, readLen=1)]" classname="com.amazonaws.encryptionsdk.CryptoInputStreamTest$ParameterizedEncryptDecryptTest" time="0"/>
  <testcase name="encryptDecrypt[629: encryptDecrypt(algorithm=ALG_AES_192_GCM_IV12_TAG16_NO_KDF, byteSize=0, frameSize=4,096, readLen=1)]" classname="com.amazonaws.encryptionsdk.CryptoInputStreamTest$ParameterizedEncryptDecryptTest" time="0"/>
  <testcase name="encryptDecrypt[630: encryptDecrypt(algorithm=ALG_AES_192_GCM_IV12_TAG16_NO_KDF, byteSize=0, frameSize=4,096, readLen=1,000,000)]" classname="com.amazonaws.encryptionsdk.CryptoInputStreamTest$ParameterizedEncryptDecryptTest" time="0"/>
  <testcase name="encryptDecrypt[631: encryptDecrypt(algorithm=ALG_AES_192_GCM_IV12_TAG16_NO_KDF, byteSize=1, frameSize=4,096, readLen=1)]" classname="com.amazonaws.encryptionsdk.CryptoInputStreamTest$ParameterizedEncryptDecryptTest" time="0"/>
  <testcase name="encryptDecrypt[632: encryptDecrypt(algorithm=ALG_AES_192_GCM_IV12_TAG16_NO_KDF, byteSize=1, frameSize=4,096, readLen=1)]" classname="com.amazonaws.encryptionsdk.CryptoInputStreamTest$ParameterizedEncryptDecryptTest" time="0"/>
  <testcase name="encryptDecrypt[633: encryptDecrypt(algorithm=ALG_AES_192_GCM_IV12_TAG16_NO_KDF, byteSize=1, frameSize=4,096, readLen=2)]" classname="com.amazonaws.encryptionsdk.CryptoInputStreamTest$ParameterizedEncryptDecryptTest" time="0"/>
  <testcase name="encryptDecrypt[634: encryptDecrypt(algorithm=ALG_AES_192_GCM_IV12_TAG16_NO_KDF, byteSize=1, frameSize=4,096, readLen=2)]" classname="com.amazonaws.encryptionsdk.CryptoInputStreamTest$ParameterizedEncryptDecryptTest" time="0"/>
  <testcase name="encryptDecrypt[635: encryptDecrypt(algorithm=ALG_AES_192_GCM_IV12_TAG16_NO_KDF, byteSize=1, frameSize=4,096, readLen=1,000,000)]" classname="com.amazonaws.encryptionsdk.CryptoInputStreamTest$ParameterizedEncryptDecryptTest" time="0.001"/>
  <testcase name="encryptDecrypt[636: encryptDecrypt(algorithm=ALG_AES_192_GCM_IV12_TAG16_NO_KDF, byteSize=4,095, frameSize=4,096, readLen=1)]" classname="com.amazonaws.encryptionsdk.CryptoInputStreamTest$ParameterizedEncryptDecryptTest" time="0"/>
  <testcase name="encryptDecrypt[637: encryptDecrypt(algorithm=ALG_AES_192_GCM_IV12_TAG16_NO_KDF, byteSize=4,095, frameSize=4,096, readLen=4,094)]" classname="com.amazonaws.encryptionsdk.CryptoInputStreamTest$ParameterizedEncryptDecryptTest" time="0"/>
  <testcase name="encryptDecrypt[638: encryptDecrypt(algorithm=ALG_AES_192_GCM_IV12_TAG16_NO_KDF, byteSize=4,095, frameSize=4,096, readLen=4,095)]" classname="com.amazonaws.encryptionsdk.CryptoInputStreamTest$ParameterizedEncryptDecryptTest" time="0"/>
  <testcase name="encryptDecrypt[639: encryptDecrypt(algorithm=ALG_AES_192_GCM_IV12_TAG16_NO_KDF, byteSize=4,095, frameSize=4,096, readLen=4,096)]" classname="com.amazonaws.encryptionsdk.CryptoInputStreamTest$ParameterizedEncryptDecryptTest" time="0"/>
  <testcase name="encryptDecrypt[640: encryptDecrypt(algorithm=ALG_AES_192_GCM_IV12_TAG16_NO_KDF, byteSize=4,095, frameSize=4,096, readLen=8,190)]" classname="com.amazonaws.encryptionsdk.CryptoInputStreamTest$ParameterizedEncryptDecryptTest" time="0"/>
  <testcase name="encryptDecrypt[641: encryptDecrypt(algorithm=ALG_AES_192_GCM_IV12_TAG16_NO_KDF, byteSize=4,095, frameSize=4,096, readLen=1,000,000)]" classname="com.amazonaws.encryptionsdk.CryptoInputStreamTest$ParameterizedEncryptDecryptTest" time="0"/>
  <testcase name="encryptDecrypt[642: encryptDecrypt(algorithm=ALG_AES_192_GCM_IV12_TAG16_NO_KDF, byteSize=4,096, frameSize=4,096, readLen=1)]" classname="com.amazonaws.encryptionsdk.CryptoInputStreamTest$ParameterizedEncryptDecryptTest" time="0.001"/>
  <testcase name="encryptDecrypt[643: encryptDecrypt(algorithm=ALG_AES_192_GCM_IV12_TAG16_NO_KDF, byteSize=4,096, frameSize=4,096, readLen=4,095)]" classname="com.amazonaws.encryptionsdk.CryptoInputStreamTest$ParameterizedEncryptDecryptTest" time="0"/>
  <testcase name="encryptDecrypt[644: encryptDecrypt(algorithm=ALG_AES_192_GCM_IV12_TAG16_NO_KDF, byteSize=4,096, frameSize=4,096, readLen=4,096)]" classname="com.amazonaws.encryptionsdk.CryptoInputStreamTest$ParameterizedEncryptDecryptTest" time="0"/>
  <testcase name="encryptDecrypt[645: encryptDecrypt(algorithm=ALG_AES_192_GCM_IV12_TAG16_NO_KDF, byteSize=4,096, frameSize=4,096, readLen=4,097)]" classname="com.amazonaws.encryptionsdk.CryptoInputStreamTest$ParameterizedEncryptDecryptTest" time="0"/>
  <testcase name="encryptDecrypt[646: encryptDecrypt(algorithm=ALG_AES_192_GCM_IV12_TAG16_NO_KDF, byteSize=4,096, frameSize=4,096, readLen=8,192)]" classname="com.amazonaws.encryptionsdk.CryptoInputStreamTest$ParameterizedEncryptDecryptTest" time="0"/>
  <testcase name="encryptDecrypt[647: encryptDecrypt(algorithm=ALG_AES_192_GCM_IV12_TAG16_NO_KDF, byteSize=4,096, frameSize=4,096, readLen=1,000,000)]" classname="com.amazonaws.encryptionsdk.CryptoInputStreamTest$ParameterizedEncryptDecryptTest" time="0"/>
  <testcase name="encryptDecrypt[648: encryptDecrypt(algorithm=ALG_AES_192_GCM_IV12_TAG16_NO_KDF, byteSize=4,097, frameSize=4,096, readLen=1)]" classname="com.amazonaws.encryptionsdk.CryptoInputStreamTest$ParameterizedEncryptDecryptTest" time="0"/>
  <testcase name="encryptDecrypt[649: encryptDecrypt(algorithm=ALG_AES_192_GCM_IV12_TAG16_NO_KDF, byteSize=4,097, frameSize=4,096, readLen=4,096)]" classname="com.amazonaws.encryptionsdk.CryptoInputStreamTest$ParameterizedEncryptDecryptTest" time="0"/>
  <testcase name="encryptDecrypt[650: encryptDecrypt(algorithm=ALG_AES_192_GCM_IV12_TAG16_NO_KDF, byteSize=4,097, frameSize=4,096, readLen=4,097)]" classname="com.amazonaws.encryptionsdk.CryptoInputStreamTest$ParameterizedEncryptDecryptTest" time="0.001"/>
  <testcase name="encryptDecrypt[651: encryptDecrypt(algorithm=ALG_AES_192_GCM_IV12_TAG16_NO_KDF, byteSize=4,097, frameSize=4,096, readLen=4,098)]" classname="com.amazonaws.encryptionsdk.CryptoInputStreamTest$ParameterizedEncryptDecryptTest" time="0"/>
  <testcase name="encryptDecrypt[652: encryptDecrypt(algorithm=ALG_AES_192_GCM_IV12_TAG16_NO_KDF, byteSize=4,097, frameSize=4,096, readLen=8,194)]" classname="com.amazonaws.encryptionsdk.CryptoInputStreamTest$ParameterizedEncryptDecryptTest" time="0"/>
  <testcase name="encryptDecrypt[653: encryptDecrypt(algorithm=ALG_AES_192_GCM_IV12_TAG16_NO_KDF, byteSize=4,097, frameSize=4,096, readLen=1,000,000)]" classname="com.amazonaws.encryptionsdk.CryptoInputStreamTest$ParameterizedEncryptDecryptTest" time="0"/>
  <testcase name="encryptDecrypt[654: encryptDecrypt(algorithm=ALG_AES_192_GCM_IV12_TAG16_NO_KDF, byteSize=6,144, frameSize=4,096, readLen=1)]" classname="com.amazonaws.encryptionsdk.CryptoInputStreamTest$ParameterizedEncryptDecryptTest" time="0"/>
  <testcase name="encryptDecrypt[655: encryptDecrypt(algorithm=ALG_AES_192_GCM_IV12_TAG16_NO_KDF, byteSize=6,144, frameSize=4,096, readLen=6,143)]" classname="com.amazonaws.encryptionsdk.CryptoInputStreamTest$ParameterizedEncryptDecryptTest" time="0"/>
  <testcase name="encryptDecrypt[656: encryptDecrypt(algorithm=ALG_AES_192_GCM_IV12_TAG16_NO_KDF, byteSize=6,144, frameSize=4,096, readLen=6,144)]" classname="com.amazonaws.encryptionsdk.CryptoInputStreamTest$ParameterizedEncryptDecryptTest" time="0"/>
  <testcase name="encryptDecrypt[657: encryptDecrypt(algorithm=ALG_AES_192_GCM_IV12_TAG16_NO_KDF, byteSize=6,144, frameSize=4,096, readLen=6,145)]" classname="com.amazonaws.encryptionsdk.CryptoInputStreamTest$ParameterizedEncryptDecryptTest" time="0.001"/>
  <testcase name="encryptDecrypt[658: encryptDecrypt(algorithm=ALG_AES_192_GCM_IV12_TAG16_NO_KDF, byteSize=6,144, frameSize=4,096, readLen=12,288)]" classname="com.amazonaws.encryptionsdk.CryptoInputStreamTest$ParameterizedEncryptDecryptTest" time="0"/>
  <testcase name="encryptDecrypt[659: encryptDecrypt(algorithm=ALG_AES_192_GCM_IV12_TAG16_NO_KDF, byteSize=6,144, frameSize=4,096, readLen=1,000,000)]" classname="com.amazonaws.encryptionsdk.CryptoInputStreamTest$ParameterizedEncryptDecryptTest" time="0"/>
  <testcase name="encryptDecrypt[660: encryptDecrypt(algorithm=ALG_AES_192_GCM_IV12_TAG16_NO_KDF, byteSize=8,192, frameSize=4,096, readLen=1)]" classname="com.amazonaws.encryptionsdk.CryptoInputStreamTest$ParameterizedEncryptDecryptTest" time="0"/>
  <testcase name="encryptDecrypt[661: encryptDecrypt(algorithm=ALG_AES_192_GCM_IV12_TAG16_NO_KDF, byteSize=8,192, frameSize=4,096, readLen=8,191)]" classname="com.amazonaws.encryptionsdk.CryptoInputStreamTest$ParameterizedEncryptDecryptTest" time="0"/>
  <testcase name="encryptDecrypt[662: encryptDecrypt(algorithm=ALG_AES_192_GCM_IV12_TAG16_NO_KDF, byteSize=8,192, frameSize=4,096, readLen=8,192)]" classname="com.amazonaws.encryptionsdk.CryptoInputStreamTest$ParameterizedEncryptDecryptTest" time="0.001"/>
  <testcase name="encryptDecrypt[663: encryptDecrypt(algorithm=ALG_AES_192_GCM_IV12_TAG16_NO_KDF, byteSize=8,192, frameSize=4,096, readLen=8,193)]" classname="com.amazonaws.encryptionsdk.CryptoInputStreamTest$ParameterizedEncryptDecryptTest" time="0"/>
  <testcase name="encryptDecrypt[664: encryptDecrypt(algorithm=ALG_AES_192_GCM_IV12_TAG16_NO_KDF, byteSize=8,192, frameSize=4,096, readLen=16,384)]" classname="com.amazonaws.encryptionsdk.CryptoInputStreamTest$ParameterizedEncryptDecryptTest" time="0"/>
  <testcase name="encryptDecrypt[665: encryptDecrypt(algorithm=ALG_AES_192_GCM_IV12_TAG16_NO_KDF, byteSize=8,192, frameSize=4,096, readLen=1,000,000)]" classname="com.amazonaws.encryptionsdk.CryptoInputStreamTest$ParameterizedEncryptDecryptTest" time="0"/>
  <testcase name="encryptDecrypt[666: encryptDecrypt(algorithm=ALG_AES_192_GCM_IV12_TAG16_NO_KDF, byteSize=1,000,000, frameSize=4,096, readLen=1)]" classname="com.amazonaws.encryptionsdk.CryptoInputStreamTest$ParameterizedEncryptDecryptTest" time="0.026"/>
  <testcase name="encryptDecrypt[667: encryptDecrypt(algorithm=ALG_AES_192_GCM_IV12_TAG16_NO_KDF, byteSize=1,000,000, frameSize=4,096, readLen=999,999)]" classname="com.amazonaws.encryptionsdk.CryptoInputStreamTest$ParameterizedEncryptDecryptTest" time="0.009"/>
  <testcase name="encryptDecrypt[668: encryptDecrypt(algorithm=ALG_AES_192_GCM_IV12_TAG16_NO_KDF, byteSize=1,000,000, frameSize=4,096, readLen=1,000,000)]" classname="com.amazonaws.encryptionsdk.CryptoInputStreamTest$ParameterizedEncryptDecryptTest" time="0.009"/>
  <testcase name="encryptDecrypt[669: encryptDecrypt(algorithm=ALG_AES_192_GCM_IV12_TAG16_NO_KDF, byteSize=1,000,000, frameSize=4,096, readLen=1,000,001)]" classname="com.amazonaws.encryptionsdk.CryptoInputStreamTest$ParameterizedEncryptDecryptTest" time="0.009"/>
  <testcase name="encryptDecrypt[670: encryptDecrypt(algorithm=ALG_AES_192_GCM_IV12_TAG16_NO_KDF, byteSize=1,000,000, frameSize=4,096, readLen=2,000,000)]" classname="com.amazonaws.encryptionsdk.CryptoInputStreamTest$ParameterizedEncryptDecryptTest" time="0.008"/>
  <testcase name="encryptDecrypt[671: encryptDecrypt(algorithm=ALG_AES_192_GCM_IV12_TAG16_NO_KDF, byteSize=1,000,000, frameSize=4,096, readLen=1,000,000)]" classname="com.amazonaws.encryptionsdk.CryptoInputStreamTest$ParameterizedEncryptDecryptTest" time="0.009"/>
  <testcase name="encryptDecrypt[672: encryptDecrypt(algorithm=ALG_AES_256_GCM_IV12_TAG16_NO_KDF, byteSize=0, frameSize=0, readLen=1)]" classname="com.amazonaws.encryptionsdk.CryptoInputStreamTest$ParameterizedEncryptDecryptTest" time="0"/>
  <testcase name="encryptDecrypt[673: encryptDecrypt(algorithm=ALG_AES_256_GCM_IV12_TAG16_NO_KDF, byteSize=0, frameSize=0, readLen=1)]" classname="com.amazonaws.encryptionsdk.CryptoInputStreamTest$ParameterizedEncryptDecryptTest" time="0"/>
  <testcase name="encryptDecrypt[674: encryptDecrypt(algorithm=ALG_AES_256_GCM_IV12_TAG16_NO_KDF, byteSize=0, frameSize=0, readLen=1,000,000)]" classname="com.amazonaws.encryptionsdk.CryptoInputStreamTest$ParameterizedEncryptDecryptTest" time="0"/>
  <testcase name="encryptDecrypt[675: encryptDecrypt(algorithm=ALG_AES_256_GCM_IV12_TAG16_NO_KDF, byteSize=1, frameSize=0, readLen=1)]" classname="com.amazonaws.encryptionsdk.CryptoInputStreamTest$ParameterizedEncryptDecryptTest" time="0"/>
  <testcase name="encryptDecrypt[676: encryptDecrypt(algorithm=ALG_AES_256_GCM_IV12_TAG16_NO_KDF, byteSize=1, frameSize=0, readLen=1)]" classname="com.amazonaws.encryptionsdk.CryptoInputStreamTest$ParameterizedEncryptDecryptTest" time="0"/>
  <testcase name="encryptDecrypt[677: encryptDecrypt(algorithm=ALG_AES_256_GCM_IV12_TAG16_NO_KDF, byteSize=1, frameSize=0, readLen=2)]" classname="com.amazonaws.encryptionsdk.CryptoInputStreamTest$ParameterizedEncryptDecryptTest" time="0"/>
  <testcase name="encryptDecrypt[678: encryptDecrypt(algorithm=ALG_AES_256_GCM_IV12_TAG16_NO_KDF, byteSize=1, frameSize=0, readLen=2)]" classname="com.amazonaws.encryptionsdk.CryptoInputStreamTest$ParameterizedEncryptDecryptTest" time="0"/>
  <testcase name="encryptDecrypt[679: encryptDecrypt(algorithm=ALG_AES_256_GCM_IV12_TAG16_NO_KDF, byteSize=1, frameSize=0, readLen=1,000,000)]" classname="com.amazonaws.encryptionsdk.CryptoInputStreamTest$ParameterizedEncryptDecryptTest" time="0"/>
  <testcase name="encryptDecrypt[680: encryptDecrypt(algorithm=ALG_AES_256_GCM_IV12_TAG16_NO_KDF, byteSize=0, frameSize=0, readLen=1)]" classname="com.amazonaws.encryptionsdk.CryptoInputStreamTest$ParameterizedEncryptDecryptTest" time="0"/>
  <testcase name="encryptDecrypt[681: encryptDecrypt(algorithm=ALG_AES_256_GCM_IV12_TAG16_NO_KDF, byteSize=0, frameSize=0, readLen=1)]" classname="com.amazonaws.encryptionsdk.CryptoInputStreamTest$ParameterizedEncryptDecryptTest" time="0"/>
  <testcase name="encryptDecrypt[682: encryptDecrypt(algorithm=ALG_AES_256_GCM_IV12_TAG16_NO_KDF, byteSize=0, frameSize=0, readLen=1,000,000)]" classname="com.amazonaws.encryptionsdk.CryptoInputStreamTest$ParameterizedEncryptDecryptTest" time="0"/>
  <testcase name="encryptDecrypt[683: encryptDecrypt(algorithm=ALG_AES_256_GCM_IV12_TAG16_NO_KDF, byteSize=1, frameSize=0, readLen=1)]" classname="com.amazonaws.encryptionsdk.CryptoInputStreamTest$ParameterizedEncryptDecryptTest" time="0"/>
  <testcase name="encryptDecrypt[684: encryptDecrypt(algorithm=ALG_AES_256_GCM_IV12_TAG16_NO_KDF, byteSize=1, frameSize=0, readLen=1)]" classname="com.amazonaws.encryptionsdk.CryptoInputStreamTest$ParameterizedEncryptDecryptTest" time="0"/>
  <testcase name="encryptDecrypt[685: encryptDecrypt(algorithm=ALG_AES_256_GCM_IV12_TAG16_NO_KDF, byteSize=1, frameSize=0, readLen=2)]" classname="com.amazonaws.encryptionsdk.CryptoInputStreamTest$ParameterizedEncryptDecryptTest" time="0"/>
  <testcase name="encryptDecrypt[686: encryptDecrypt(algorithm=ALG_AES_256_GCM_IV12_TAG16_NO_KDF, byteSize=1, frameSize=0, readLen=2)]" classname="com.amazonaws.encryptionsdk.CryptoInputStreamTest$ParameterizedEncryptDecryptTest" time="0.001"/>
  <testcase name="encryptDecrypt[687: encryptDecrypt(algorithm=ALG_AES_256_GCM_IV12_TAG16_NO_KDF, byteSize=1, frameSize=0, readLen=1,000,000)]" classname="com.amazonaws.encryptionsdk.CryptoInputStreamTest$ParameterizedEncryptDecryptTest" time="0"/>
  <testcase name="encryptDecrypt[688: encryptDecrypt(algorithm=ALG_AES_256_GCM_IV12_TAG16_NO_KDF, byteSize=0, frameSize=0, readLen=1)]" classname="com.amazonaws.encryptionsdk.CryptoInputStreamTest$ParameterizedEncryptDecryptTest" time="0"/>
  <testcase name="encryptDecrypt[689: encryptDecrypt(algorithm=ALG_AES_256_GCM_IV12_TAG16_NO_KDF, byteSize=0, frameSize=0, readLen=1)]" classname="com.amazonaws.encryptionsdk.CryptoInputStreamTest$ParameterizedEncryptDecryptTest" time="0"/>
  <testcase name="encryptDecrypt[690: encryptDecrypt(algorithm=ALG_AES_256_GCM_IV12_TAG16_NO_KDF, byteSize=0, frameSize=0, readLen=1,000,000)]" classname="com.amazonaws.encryptionsdk.CryptoInputStreamTest$ParameterizedEncryptDecryptTest" time="0"/>
  <testcase name="encryptDecrypt[691: encryptDecrypt(algorithm=ALG_AES_256_GCM_IV12_TAG16_NO_KDF, byteSize=0, frameSize=0, readLen=1)]" classname="com.amazonaws.encryptionsdk.CryptoInputStreamTest$ParameterizedEncryptDecryptTest" time="0"/>
  <testcase name="encryptDecrypt[692: encryptDecrypt(algorithm=ALG_AES_256_GCM_IV12_TAG16_NO_KDF, byteSize=0, frameSize=0, readLen=1)]" classname="com.amazonaws.encryptionsdk.CryptoInputStreamTest$ParameterizedEncryptDecryptTest" time="0"/>
  <testcase name="encryptDecrypt[693: encryptDecrypt(algorithm=ALG_AES_256_GCM_IV12_TAG16_NO_KDF, byteSize=0, frameSize=0, readLen=1,000,000)]" classname="com.amazonaws.encryptionsdk.CryptoInputStreamTest$ParameterizedEncryptDecryptTest" time="0"/>
  <testcase name="encryptDecrypt[694: encryptDecrypt(algorithm=ALG_AES_256_GCM_IV12_TAG16_NO_KDF, byteSize=1,000,000, frameSize=0, readLen=1)]" classname="com.amazonaws.encryptionsdk.CryptoInputStreamTest$ParameterizedEncryptDecryptTest" time="0.058"/>
  <testcase name="encryptDecrypt[695: encryptDecrypt(algorithm=ALG_AES_256_GCM_IV12_TAG16_NO_KDF, byteSize=1,000,000, frameSize=0, readLen=999,999)]" classname="com.amazonaws.encryptionsdk.CryptoInputStreamTest$ParameterizedEncryptDecryptTest" time="0.05"/>
  <testcase name="encryptDecrypt[696: encryptDecrypt(algorithm=ALG_AES_256_GCM_IV12_TAG16_NO_KDF, byteSize=1,000,000, frameSize=0, readLen=1,000,000)]" classname="com.amazonaws.encryptionsdk.CryptoInputStreamTest$ParameterizedEncryptDecryptTest" time="0.041"/>
  <testcase name="encryptDecrypt[697: encryptDecrypt(algorithm=ALG_AES_256_GCM_IV12_TAG16_NO_KDF, byteSize=1,000,000, frameSize=0, readLen=1,000,001)]" classname="com.amazonaws.encryptionsdk.CryptoInputStreamTest$ParameterizedEncryptDecryptTest" time="0.04"/>
  <testcase name="encryptDecrypt[698: encryptDecrypt(algorithm=ALG_AES_256_GCM_IV12_TAG16_NO_KDF, byteSize=1,000,000, frameSize=0, readLen=2,000,000)]" classname="com.amazonaws.encryptionsdk.CryptoInputStreamTest$ParameterizedEncryptDecryptTest" time="0.04"/>
  <testcase name="encryptDecrypt[699: encryptDecrypt(algorithm=ALG_AES_256_GCM_IV12_TAG16_NO_KDF, byteSize=1,000,000, frameSize=0, readLen=1,000,000)]" classname="com.amazonaws.encryptionsdk.CryptoInputStreamTest$ParameterizedEncryptDecryptTest" time="0.051"/>
  <testcase name="encryptDecrypt[700: encryptDecrypt(algorithm=ALG_AES_256_GCM_IV12_TAG16_NO_KDF, byteSize=0, frameSize=15, readLen=1)]" classname="com.amazonaws.encryptionsdk.CryptoInputStreamTest$ParameterizedEncryptDecryptTest" time="0"/>
  <testcase name="encryptDecrypt[701: encryptDecrypt(algorithm=ALG_AES_256_GCM_IV12_TAG16_NO_KDF, byteSize=0, frameSize=15, readLen=1)]" classname="com.amazonaws.encryptionsdk.CryptoInputStreamTest$ParameterizedEncryptDecryptTest" time="0"/>
  <testcase name="encryptDecrypt[702: encryptDecrypt(algorithm=ALG_AES_256_GCM_IV12_TAG16_NO_KDF, byteSize=0, frameSize=15, readLen=1,000,000)]" classname="com.amazonaws.encryptionsdk.CryptoInputStreamTest$ParameterizedEncryptDecryptTest" time="0"/>
  <testcase name="encryptDecrypt[703: encryptDecrypt(algorithm=ALG_AES_256_GCM_IV12_TAG16_NO_KDF, byteSize=1, frameSize=15, readLen=1)]" classname="com.amazonaws.encryptionsdk.CryptoInputStreamTest$ParameterizedEncryptDecryptTest" time="0"/>
  <testcase name="encryptDecrypt[704: encryptDecrypt(algorithm=ALG_AES_256_GCM_IV12_TAG16_NO_KDF, byteSize=1, frameSize=15, readLen=1)]" classname="com.amazonaws.encryptionsdk.CryptoInputStreamTest$ParameterizedEncryptDecryptTest" time="0"/>
  <testcase name="encryptDecrypt[705: encryptDecrypt(algorithm=ALG_AES_256_GCM_IV12_TAG16_NO_KDF, byteSize=1, frameSize=15, readLen=2)]" classname="com.amazonaws.encryptionsdk.CryptoInputStreamTest$ParameterizedEncryptDecryptTest" time="0"/>
  <testcase name="encryptDecrypt[706: encryptDecrypt(algorithm=ALG_AES_256_GCM_IV12_TAG16_NO_KDF, byteSize=1, frameSize=15, readLen=2)]" classname="com.amazonaws.encryptionsdk.CryptoInputStreamTest$ParameterizedEncryptDecryptTest" time="0"/>
  <testcase name="encryptDecrypt[707: encryptDecrypt(algorithm=ALG_AES_256_GCM_IV12_TAG16_NO_KDF, byteSize=1, frameSize=15, readLen=1,000,000)]" classname="com.amazonaws.encryptionsdk.CryptoInputStreamTest$ParameterizedEncryptDecryptTest" time="0"/>
  <testcase name="encryptDecrypt[708: encryptDecrypt(algorithm=ALG_AES_256_GCM_IV12_TAG16_NO_KDF, byteSize=14, frameSize=15, readLen=1)]" classname="com.amazonaws.encryptionsdk.CryptoInputStreamTest$ParameterizedEncryptDecryptTest" time="0"/>
  <testcase name="encryptDecrypt[709: encryptDecrypt(algorithm=ALG_AES_256_GCM_IV12_TAG16_NO_KDF, byteSize=14, frameSize=15, readLen=13)]" classname="com.amazonaws.encryptionsdk.CryptoInputStreamTest$ParameterizedEncryptDecryptTest" time="0"/>
  <testcase name="encryptDecrypt[710: encryptDecrypt(algorithm=ALG_AES_256_GCM_IV12_TAG16_NO_KDF, byteSize=14, frameSize=15, readLen=14)]" classname="com.amazonaws.encryptionsdk.CryptoInputStreamTest$ParameterizedEncryptDecryptTest" time="0"/>
  <testcase name="encryptDecrypt[711: encryptDecrypt(algorithm=ALG_AES_256_GCM_IV12_TAG16_NO_KDF, byteSize=14, frameSize=15, readLen=15)]" classname="com.amazonaws.encryptionsdk.CryptoInputStreamTest$ParameterizedEncryptDecryptTest" time="0"/>
  <testcase name="encryptDecrypt[712: encryptDecrypt(algorithm=ALG_AES_256_GCM_IV12_TAG16_NO_KDF, byteSize=14, frameSize=15, readLen=28)]" classname="com.amazonaws.encryptionsdk.CryptoInputStreamTest$ParameterizedEncryptDecryptTest" time="0"/>
  <testcase name="encryptDecrypt[713: encryptDecrypt(algorithm=ALG_AES_256_GCM_IV12_TAG16_NO_KDF, byteSize=14, frameSize=15, readLen=1,000,000)]" classname="com.amazonaws.encryptionsdk.CryptoInputStreamTest$ParameterizedEncryptDecryptTest" time="0.001"/>
  <testcase name="encryptDecrypt[714: encryptDecrypt(algorithm=ALG_AES_256_GCM_IV12_TAG16_NO_KDF, byteSize=15, frameSize=15, readLen=1)]" classname="com.amazonaws.encryptionsdk.CryptoInputStreamTest$ParameterizedEncryptDecryptTest" time="0"/>
  <testcase name="encryptDecrypt[715: encryptDecrypt(algorithm=ALG_AES_256_GCM_IV12_TAG16_NO_KDF, byteSize=15, frameSize=15, readLen=14)]" classname="com.amazonaws.encryptionsdk.CryptoInputStreamTest$ParameterizedEncryptDecryptTest" time="0"/>
  <testcase name="encryptDecrypt[716: encryptDecrypt(algorithm=ALG_AES_256_GCM_IV12_TAG16_NO_KDF, byteSize=15, frameSize=15, readLen=15)]" classname="com.amazonaws.encryptionsdk.CryptoInputStreamTest$ParameterizedEncryptDecryptTest" time="0"/>
  <testcase name="encryptDecrypt[717: encryptDecrypt(algorithm=ALG_AES_256_GCM_IV12_TAG16_NO_KDF, byteSize=15, frameSize=15, readLen=16)]" classname="com.amazonaws.encryptionsdk.CryptoInputStreamTest$ParameterizedEncryptDecryptTest" time="0"/>
  <testcase name="encryptDecrypt[718: encryptDecrypt(algorithm=ALG_AES_256_GCM_IV12_TAG16_NO_KDF, byteSize=15, frameSize=15, readLen=30)]" classname="com.amazonaws.encryptionsdk.CryptoInputStreamTest$ParameterizedEncryptDecryptTest" time="0"/>
  <testcase name="encryptDecrypt[719: encryptDecrypt(algorithm=ALG_AES_256_GCM_IV12_TAG16_NO_KDF, byteSize=15, frameSize=15, readLen=1,000,000)]" classname="com.amazonaws.encryptionsdk.CryptoInputStreamTest$ParameterizedEncryptDecryptTest" time="0"/>
  <testcase name="encryptDecrypt[720: encryptDecrypt(algorithm=ALG_AES_256_GCM_IV12_TAG16_NO_KDF, byteSize=16, frameSize=15, readLen=1)]" classname="com.amazonaws.encryptionsdk.CryptoInputStreamTest$ParameterizedEncryptDecryptTest" time="0"/>
  <testcase name="encryptDecrypt[721: encryptDecrypt(algorithm=ALG_AES_256_GCM_IV12_TAG16_NO_KDF, byteSize=16, frameSize=15, readLen=15)]" classname="com.amazonaws.encryptionsdk.CryptoInputStreamTest$ParameterizedEncryptDecryptTest" time="0"/>
  <testcase name="encryptDecrypt[722: encryptDecrypt(algorithm=ALG_AES_256_GCM_IV12_TAG16_NO_KDF, byteSize=16, frameSize=15, readLen=16)]" classname="com.amazonaws.encryptionsdk.CryptoInputStreamTest$ParameterizedEncryptDecryptTest" time="0"/>
  <testcase name="encryptDecrypt[723: encryptDecrypt(algorithm=ALG_AES_256_GCM_IV12_TAG16_NO_KDF, byteSize=16, frameSize=15, readLen=17)]" classname="com.amazonaws.encryptionsdk.CryptoInputStreamTest$ParameterizedEncryptDecryptTest" time="0"/>
  <testcase name="encryptDecrypt[724: encryptDecrypt(algorithm=ALG_AES_256_GCM_IV12_TAG16_NO_KDF, byteSize=16, frameSize=15, readLen=32)]" classname="com.amazonaws.encryptionsdk.CryptoInputStreamTest$ParameterizedEncryptDecryptTest" time="0.001"/>
  <testcase name="encryptDecrypt[725: encryptDecrypt(algorithm=ALG_AES_256_GCM_IV12_TAG16_NO_KDF, byteSize=16, frameSize=15, readLen=1,000,000)]" classname="com.amazonaws.encryptionsdk.CryptoInputStreamTest$ParameterizedEncryptDecryptTest" time="0"/>
  <testcase name="encryptDecrypt[726: encryptDecrypt(algorithm=ALG_AES_256_GCM_IV12_TAG16_NO_KDF, byteSize=22, frameSize=15, readLen=1)]" classname="com.amazonaws.encryptionsdk.CryptoInputStreamTest$ParameterizedEncryptDecryptTest" time="0"/>
  <testcase name="encryptDecrypt[727: encryptDecrypt(algorithm=ALG_AES_256_GCM_IV12_TAG16_NO_KDF, byteSize=22, frameSize=15, readLen=21)]" classname="com.amazonaws.encryptionsdk.CryptoInputStreamTest$ParameterizedEncryptDecryptTest" time="0"/>
  <testcase name="encryptDecrypt[728: encryptDecrypt(algorithm=ALG_AES_256_GCM_IV12_TAG16_NO_KDF, byteSize=22, frameSize=15, readLen=22)]" classname="com.amazonaws.encryptionsdk.CryptoInputStreamTest$ParameterizedEncryptDecryptTest" time="0"/>
  <testcase name="encryptDecrypt[729: encryptDecrypt(algorithm=ALG_AES_256_GCM_IV12_TAG16_NO_KDF, byteSize=22, frameSize=15, readLen=23)]" classname="com.amazonaws.encryptionsdk.CryptoInputStreamTest$ParameterizedEncryptDecryptTest" time="0"/>
  <testcase name="encryptDecrypt[730: encryptDecrypt(algorithm=ALG_AES_256_GCM_IV12_TAG16_NO_KDF, byteSize=22, frameSize=15, readLen=44)]" classname="com.amazonaws.encryptionsdk.CryptoInputStreamTest$ParameterizedEncryptDecryptTest" time="0"/>
  <testcase name="encryptDecrypt[731: encryptDecrypt(algorithm=ALG_AES_256_GCM_IV12_TAG16_NO_KDF, byteSize=22, frameSize=15, readLen=1,000,000)]" classname="com.amazonaws.encryptionsdk.CryptoInputStreamTest$ParameterizedEncryptDecryptTest" time="0"/>
  <testcase name="encryptDecrypt[732: encryptDecrypt(algorithm=ALG_AES_256_GCM_IV12_TAG16_NO_KDF, byteSize=30, frameSize=15, readLen=1)]" classname="com.amazonaws.encryptionsdk.CryptoInputStreamTest$ParameterizedEncryptDecryptTest" time="0"/>
  <testcase name="encryptDecrypt[733: encryptDecrypt(algorithm=ALG_AES_256_GCM_IV12_TAG16_NO_KDF, byteSize=30, frameSize=15, readLen=29)]" classname="com.amazonaws.encryptionsdk.CryptoInputStreamTest$ParameterizedEncryptDecryptTest" time="0.001"/>
  <testcase name="encryptDecrypt[734: encryptDecrypt(algorithm=ALG_AES_256_GCM_IV12_TAG16_NO_KDF, byteSize=30, frameSize=15, readLen=30)]" classname="com.amazonaws.encryptionsdk.CryptoInputStreamTest$ParameterizedEncryptDecryptTest" time="0"/>
  <testcase name="encryptDecrypt[735: encryptDecrypt(algorithm=ALG_AES_256_GCM_IV12_TAG16_NO_KDF, byteSize=30, frameSize=15, readLen=31)]" classname="com.amazonaws.encryptionsdk.CryptoInputStreamTest$ParameterizedEncryptDecryptTest" time="0"/>
  <testcase name="encryptDecrypt[736: encryptDecrypt(algorithm=ALG_AES_256_GCM_IV12_TAG16_NO_KDF, byteSize=30, frameSize=15, readLen=60)]" classname="com.amazonaws.encryptionsdk.CryptoInputStreamTest$ParameterizedEncryptDecryptTest" time="0"/>
  <testcase name="encryptDecrypt[737: encryptDecrypt(algorithm=ALG_AES_256_GCM_IV12_TAG16_NO_KDF, byteSize=30, frameSize=15, readLen=1,000,000)]" classname="com.amazonaws.encryptionsdk.CryptoInputStreamTest$ParameterizedEncryptDecryptTest" time="0"/>
  <testcase name="encryptDecrypt[738: encryptDecrypt(algorithm=ALG_AES_256_GCM_IV12_TAG16_NO_KDF, byteSize=1,000,000, frameSize=15, readLen=1)]" classname="com.amazonaws.encryptionsdk.CryptoInputStreamTest$ParameterizedEncryptDecryptTest" time="0.102"/>
  <testcase name="encryptDecrypt[739: encryptDecrypt(algorithm=ALG_AES_256_GCM_IV12_TAG16_NO_KDF, byteSize=1,000,000, frameSize=15, readLen=999,999)]" classname="com.amazonaws.encryptionsdk.CryptoInputStreamTest$ParameterizedEncryptDecryptTest" time="0.081"/>
  <testcase name="encryptDecrypt[740: encryptDecrypt(algorithm=ALG_AES_256_GCM_IV12_TAG16_NO_KDF, byteSize=1,000,000, frameSize=15, readLen=1,000,000)]" classname="com.amazonaws.encryptionsdk.CryptoInputStreamTest$ParameterizedEncryptDecryptTest" time="0.079"/>
  <testcase name="encryptDecrypt[741: encryptDecrypt(algorithm=ALG_AES_256_GCM_IV12_TAG16_NO_KDF, byteSize=1,000,000, frameSize=15, readLen=1,000,001)]" classname="com.amazonaws.encryptionsdk.CryptoInputStreamTest$ParameterizedEncryptDecryptTest" time="0.079"/>
  <testcase name="encryptDecrypt[742: encryptDecrypt(algorithm=ALG_AES_256_GCM_IV12_TAG16_NO_KDF, byteSize=1,000,000, frameSize=15, readLen=2,000,000)]" classname="com.amazonaws.encryptionsdk.CryptoInputStreamTest$ParameterizedEncryptDecryptTest" time="0.08"/>
  <testcase name="encryptDecrypt[743: encryptDecrypt(algorithm=ALG_AES_256_GCM_IV12_TAG16_NO_KDF, byteSize=1,000,000, frameSize=15, readLen=1,000,000)]" classname="com.amazonaws.encryptionsdk.CryptoInputStreamTest$ParameterizedEncryptDecryptTest" time="0.079"/>
  <testcase name="encryptDecrypt[744: encryptDecrypt(algorithm=ALG_AES_256_GCM_IV12_TAG16_NO_KDF, byteSize=0, frameSize=16, readLen=1)]" classname="com.amazonaws.encryptionsdk.CryptoInputStreamTest$ParameterizedEncryptDecryptTest" time="0"/>
  <testcase name="encryptDecrypt[745: encryptDecrypt(algorithm=ALG_AES_256_GCM_IV12_TAG16_NO_KDF, byteSize=0, frameSize=16, readLen=1)]" classname="com.amazonaws.encryptionsdk.CryptoInputStreamTest$ParameterizedEncryptDecryptTest" time="0"/>
  <testcase name="encryptDecrypt[746: encryptDecrypt(algorithm=ALG_AES_256_GCM_IV12_TAG16_NO_KDF, byteSize=0, frameSize=16, readLen=1,000,000)]" classname="com.amazonaws.encryptionsdk.CryptoInputStreamTest$ParameterizedEncryptDecryptTest" time="0"/>
  <testcase name="encryptDecrypt[747: encryptDecrypt(algorithm=ALG_AES_256_GCM_IV12_TAG16_NO_KDF, byteSize=1, frameSize=16, readLen=1)]" classname="com.amazonaws.encryptionsdk.CryptoInputStreamTest$ParameterizedEncryptDecryptTest" time="0"/>
  <testcase name="encryptDecrypt[748: encryptDecrypt(algorithm=ALG_AES_256_GCM_IV12_TAG16_NO_KDF, byteSize=1, frameSize=16, readLen=1)]" classname="com.amazonaws.encryptionsdk.CryptoInputStreamTest$ParameterizedEncryptDecryptTest" time="0"/>
  <testcase name="encryptDecrypt[749: encryptDecrypt(algorithm=ALG_AES_256_GCM_IV12_TAG16_NO_KDF, byteSize=1, frameSize=16, readLen=2)]" classname="com.amazonaws.encryptionsdk.CryptoInputStreamTest$ParameterizedEncryptDecryptTest" time="0"/>
  <testcase name="encryptDecrypt[750: encryptDecrypt(algorithm=ALG_AES_256_GCM_IV12_TAG16_NO_KDF, byteSize=1, frameSize=16, readLen=2)]" classname="com.amazonaws.encryptionsdk.CryptoInputStreamTest$ParameterizedEncryptDecryptTest" time="0"/>
  <testcase name="encryptDecrypt[751: encryptDecrypt(algorithm=ALG_AES_256_GCM_IV12_TAG16_NO_KDF, byteSize=1, frameSize=16, readLen=1,000,000)]" classname="com.amazonaws.encryptionsdk.CryptoInputStreamTest$ParameterizedEncryptDecryptTest" time="0"/>
  <testcase name="encryptDecrypt[752: encryptDecrypt(algorithm=ALG_AES_256_GCM_IV12_TAG16_NO_KDF, byteSize=15, frameSize=16, readLen=1)]" classname="com.amazonaws.encryptionsdk.CryptoInputStreamTest$ParameterizedEncryptDecryptTest" time="0"/>
  <testcase name="encryptDecrypt[753: encryptDecrypt(algorithm=ALG_AES_256_GCM_IV12_TAG16_NO_KDF, byteSize=15, frameSize=16, readLen=14)]" classname="com.amazonaws.encryptionsdk.CryptoInputStreamTest$ParameterizedEncryptDecryptTest" time="0"/>
  <testcase name="encryptDecrypt[754: encryptDecrypt(algorithm=ALG_AES_256_GCM_IV12_TAG16_NO_KDF, byteSize=15, frameSize=16, readLen=15)]" classname="com.amazonaws.encryptionsdk.CryptoInputStreamTest$ParameterizedEncryptDecryptTest" time="0"/>
  <testcase name="encryptDecrypt[755: encryptDecrypt(algorithm=ALG_AES_256_GCM_IV12_TAG16_NO_KDF, byteSize=15, frameSize=16, readLen=16)]" classname="com.amazonaws.encryptionsdk.CryptoInputStreamTest$ParameterizedEncryptDecryptTest" time="0"/>
  <testcase name="encryptDecrypt[756: encryptDecrypt(algorithm=ALG_AES_256_GCM_IV12_TAG16_NO_KDF, byteSize=15, frameSize=16, readLen=30)]" classname="com.amazonaws.encryptionsdk.CryptoInputStreamTest$ParameterizedEncryptDecryptTest" time="0"/>
  <testcase name="encryptDecrypt[757: encryptDecrypt(algorithm=ALG_AES_256_GCM_IV12_TAG16_NO_KDF, byteSize=15, frameSize=16, readLen=1,000,000)]" classname="com.amazonaws.encryptionsdk.CryptoInputStreamTest$ParameterizedEncryptDecryptTest" time="0"/>
  <testcase name="encryptDecrypt[758: encryptDecrypt(algorithm=ALG_AES_256_GCM_IV12_TAG16_NO_KDF, byteSize=16, frameSize=16, readLen=1)]" classname="com.amazonaws.encryptionsdk.CryptoInputStreamTest$ParameterizedEncryptDecryptTest" time="0"/>
  <testcase name="encryptDecrypt[759: encryptDecrypt(algorithm=ALG_AES_256_GCM_IV12_TAG16_NO_KDF, byteSize=16, frameSize=16, readLen=15)]" classname="com.amazonaws.encryptionsdk.CryptoInputStreamTest$ParameterizedEncryptDecryptTest" time="0"/>
  <testcase name="encryptDecrypt[760: encryptDecrypt(algorithm=ALG_AES_256_GCM_IV12_TAG16_NO_KDF, byteSize=16, frameSize=16, readLen=16)]" classname="com.amazonaws.encryptionsdk.CryptoInputStreamTest$ParameterizedEncryptDecryptTest" time="0"/>
  <testcase name="encryptDecrypt[761: encryptDecrypt(algorithm=ALG_AES_256_GCM_IV12_TAG16_NO_KDF, byteSize=16, frameSize=16, readLen=17)]" classname="com.amazonaws.encryptionsdk.CryptoInputStreamTest$ParameterizedEncryptDecryptTest" time="0"/>
  <testcase name="encryptDecrypt[762: encryptDecrypt(algorithm=ALG_AES_256_GCM_IV12_TAG16_NO_KDF, byteSize=16, frameSize=16, readLen=32)]" classname="com.amazonaws.encryptionsdk.CryptoInputStreamTest$ParameterizedEncryptDecryptTest" time="0"/>
  <testcase name="encryptDecrypt[763: encryptDecrypt(algorithm=ALG_AES_256_GCM_IV12_TAG16_NO_KDF, byteSize=16, frameSize=16, readLen=1,000,000)]" classname="com.amazonaws.encryptionsdk.CryptoInputStreamTest$ParameterizedEncryptDecryptTest" time="0"/>
  <testcase name="encryptDecrypt[764: encryptDecrypt(algorithm=ALG_AES_256_GCM_IV12_TAG16_NO_KDF, byteSize=17, frameSize=16, readLen=1)]" classname="com.amazonaws.encryptionsdk.CryptoInputStreamTest$ParameterizedEncryptDecryptTest" time="0"/>
  <testcase name="encryptDecrypt[765: encryptDecrypt(algorithm=ALG_AES_256_GCM_IV12_TAG16_NO_KDF, byteSize=17, frameSize=16, readLen=16)]" classname="com.amazonaws.encryptionsdk.CryptoInputStreamTest$ParameterizedEncryptDecryptTest" time="0"/>
  <testcase name="encryptDecrypt[766: encryptDecrypt(algorithm=ALG_AES_256_GCM_IV12_TAG16_NO_KDF, byteSize=17, frameSize=16, readLen=17)]" classname="com.amazonaws.encryptionsdk.CryptoInputStreamTest$ParameterizedEncryptDecryptTest" time="0"/>
  <testcase name="encryptDecrypt[767: encryptDecrypt(algorithm=ALG_AES_256_GCM_IV12_TAG16_NO_KDF, byteSize=17, frameSize=16, readLen=18)]" classname="com.amazonaws.encryptionsdk.CryptoInputStreamTest$ParameterizedEncryptDecryptTest" time="0.001"/>
  <testcase name="encryptDecrypt[768: encryptDecrypt(algorithm=ALG_AES_256_GCM_IV12_TAG16_NO_KDF, byteSize=17, frameSize=16, readLen=34)]" classname="com.amazonaws.encryptionsdk.CryptoInputStreamTest$ParameterizedEncryptDecryptTest" time="0"/>
  <testcase name="encryptDecrypt[769: encryptDecrypt(algorithm=ALG_AES_256_GCM_IV12_TAG16_NO_KDF, byteSize=17, frameSize=16, readLen=1,000,000)]" classname="com.amazonaws.encryptionsdk.CryptoInputStreamTest$ParameterizedEncryptDecryptTest" time="0"/>
  <testcase name="encryptDecrypt[770: encryptDecrypt(algorithm=ALG_AES_256_GCM_IV12_TAG16_NO_KDF, byteSize=24, frameSize=16, readLen=1)]" classname="com.amazonaws.encryptionsdk.CryptoInputStreamTest$ParameterizedEncryptDecryptTest" time="0"/>
  <testcase name="encryptDecrypt[771: encryptDecrypt(algorithm=ALG_AES_256_GCM_IV12_TAG16_NO_KDF, byteSize=24, frameSize=16, readLen=23)]" classname="com.amazonaws.encryptionsdk.CryptoInputStreamTest$ParameterizedEncryptDecryptTest" time="0"/>
  <testcase name="encryptDecrypt[772: encryptDecrypt(algorithm=ALG_AES_256_GCM_IV12_TAG16_NO_KDF, byteSize=24, frameSize=16, readLen=24)]" classname="com.amazonaws.encryptionsdk.CryptoInputStreamTest$ParameterizedEncryptDecryptTest" time="0"/>
  <testcase name="encryptDecrypt[773: encryptDecrypt(algorithm=ALG_AES_256_GCM_IV12_TAG16_NO_KDF, byteSize=24, frameSize=16, readLen=25)]" classname="com.amazonaws.encryptionsdk.CryptoInputStreamTest$ParameterizedEncryptDecryptTest" time="0"/>
  <testcase name="encryptDecrypt[774: encryptDecrypt(algorithm=ALG_AES_256_GCM_IV12_TAG16_NO_KDF, byteSize=24, frameSize=16, readLen=48)]" classname="com.amazonaws.encryptionsdk.CryptoInputStreamTest$ParameterizedEncryptDecryptTest" time="0"/>
  <testcase name="encryptDecrypt[775: encryptDecrypt(algorithm=ALG_AES_256_GCM_IV12_TAG16_NO_KDF, byteSize=24, frameSize=16, readLen=1,000,000)]" classname="com.amazonaws.encryptionsdk.CryptoInputStreamTest$ParameterizedEncryptDecryptTest" time="0"/>
  <testcase name="encryptDecrypt[776: encryptDecrypt(algorithm=ALG_AES_256_GCM_IV12_TAG16_NO_KDF, byteSize=32, frameSize=16, readLen=1)]" classname="com.amazonaws.encryptionsdk.CryptoInputStreamTest$ParameterizedEncryptDecryptTest" time="0"/>
  <testcase name="encryptDecrypt[777: encryptDecrypt(algorithm=ALG_AES_256_GCM_IV12_TAG16_NO_KDF, byteSize=32, frameSize=16, readLen=31)]" classname="com.amazonaws.encryptionsdk.CryptoInputStreamTest$ParameterizedEncryptDecryptTest" time="0.001"/>
  <testcase name="encryptDecrypt[778: encryptDecrypt(algorithm=ALG_AES_256_GCM_IV12_TAG16_NO_KDF, byteSize=32, frameSize=16, readLen=32)]" classname="com.amazonaws.encryptionsdk.CryptoInputStreamTest$ParameterizedEncryptDecryptTest" time="0"/>
  <testcase name="encryptDecrypt[779: encryptDecrypt(algorithm=ALG_AES_256_GCM_IV12_TAG16_NO_KDF, byteSize=32, frameSize=16, readLen=33)]" classname="com.amazonaws.encryptionsdk.CryptoInputStreamTest$ParameterizedEncryptDecryptTest" time="0"/>
  <testcase name="encryptDecrypt[780: encryptDecrypt(algorithm=ALG_AES_256_GCM_IV12_TAG16_NO_KDF, byteSize=32, frameSize=16, readLen=64)]" classname="com.amazonaws.encryptionsdk.CryptoInputStreamTest$ParameterizedEncryptDecryptTest" time="0"/>
  <testcase name="encryptDecrypt[781: encryptDecrypt(algorithm=ALG_AES_256_GCM_IV12_TAG16_NO_KDF, byteSize=32, frameSize=16, readLen=1,000,000)]" classname="com.amazonaws.encryptionsdk.CryptoInputStreamTest$ParameterizedEncryptDecryptTest" time="0"/>
  <testcase name="encryptDecrypt[782: encryptDecrypt(algorithm=ALG_AES_256_GCM_IV12_TAG16_NO_KDF, byteSize=1,000,000, frameSize=16, readLen=1)]" classname="com.amazonaws.encryptionsdk.CryptoInputStreamTest$ParameterizedEncryptDecryptTest" time="0.093"/>
  <testcase name="encryptDecrypt[783: encryptDecrypt(algorithm=ALG_AES_256_GCM_IV12_TAG16_NO_KDF, byteSize=1,000,000, frameSize=16, readLen=999,999)]" classname="com.amazonaws.encryptionsdk.CryptoInputStreamTest$ParameterizedEncryptDecryptTest" time="0.112"/>
  <testcase name="encryptDecrypt[784: encryptDecrypt(algorithm=ALG_AES_256_GCM_IV12_TAG16_NO_KDF, byteSize=1,000,000, frameSize=16, readLen=1,000,000)]" classname="com.amazonaws.encryptionsdk.CryptoInputStreamTest$ParameterizedEncryptDecryptTest" time="0.124"/>
  <testcase name="encryptDecrypt[785: encryptDecrypt(algorithm=ALG_AES_256_GCM_IV12_TAG16_NO_KDF, byteSize=1,000,000, frameSize=16, readLen=1,000,001)]" classname="com.amazonaws.encryptionsdk.CryptoInputStreamTest$ParameterizedEncryptDecryptTest" time="0.122"/>
  <testcase name="encryptDecrypt[786: encryptDecrypt(algorithm=ALG_AES_256_GCM_IV12_TAG16_NO_KDF, byteSize=1,000,000, frameSize=16, readLen=2,000,000)]" classname="com.amazonaws.encryptionsdk.CryptoInputStreamTest$ParameterizedEncryptDecryptTest" time="0.1"/>
  <testcase name="encryptDecrypt[787: encryptDecrypt(algorithm=ALG_AES_256_GCM_IV12_TAG16_NO_KDF, byteSize=1,000,000, frameSize=16, readLen=1,000,000)]" classname="com.amazonaws.encryptionsdk.CryptoInputStreamTest$ParameterizedEncryptDecryptTest" time="0.075"/>
  <testcase name="encryptDecrypt[788: encryptDecrypt(algorithm=ALG_AES_256_GCM_IV12_TAG16_NO_KDF, byteSize=0, frameSize=17, readLen=1)]" classname="com.amazonaws.encryptionsdk.CryptoInputStreamTest$ParameterizedEncryptDecryptTest" time="0"/>
  <testcase name="encryptDecrypt[789: encryptDecrypt(algorithm=ALG_AES_256_GCM_IV12_TAG16_NO_KDF, byteSize=0, frameSize=17, readLen=1)]" classname="com.amazonaws.encryptionsdk.CryptoInputStreamTest$ParameterizedEncryptDecryptTest" time="0"/>
  <testcase name="encryptDecrypt[790: encryptDecrypt(algorithm=ALG_AES_256_GCM_IV12_TAG16_NO_KDF, byteSize=0, frameSize=17, readLen=1,000,000)]" classname="com.amazonaws.encryptionsdk.CryptoInputStreamTest$ParameterizedEncryptDecryptTest" time="0"/>
  <testcase name="encryptDecrypt[791: encryptDecrypt(algorithm=ALG_AES_256_GCM_IV12_TAG16_NO_KDF, byteSize=1, frameSize=17, readLen=1)]" classname="com.amazonaws.encryptionsdk.CryptoInputStreamTest$ParameterizedEncryptDecryptTest" time="0"/>
  <testcase name="encryptDecrypt[792: encryptDecrypt(algorithm=ALG_AES_256_GCM_IV12_TAG16_NO_KDF, byteSize=1, frameSize=17, readLen=1)]" classname="com.amazonaws.encryptionsdk.CryptoInputStreamTest$ParameterizedEncryptDecryptTest" time="0"/>
  <testcase name="encryptDecrypt[793: encryptDecrypt(algorithm=ALG_AES_256_GCM_IV12_TAG16_NO_KDF, byteSize=1, frameSize=17, readLen=2)]" classname="com.amazonaws.encryptionsdk.CryptoInputStreamTest$ParameterizedEncryptDecryptTest" time="0"/>
  <testcase name="encryptDecrypt[794: encryptDecrypt(algorithm=ALG_AES_256_GCM_IV12_TAG16_NO_KDF, byteSize=1, frameSize=17, readLen=2)]" classname="com.amazonaws.encryptionsdk.CryptoInputStreamTest$ParameterizedEncryptDecryptTest" time="0"/>
  <testcase name="encryptDecrypt[795: encryptDecrypt(algorithm=ALG_AES_256_GCM_IV12_TAG16_NO_KDF, byteSize=1, frameSize=17, readLen=1,000,000)]" classname="com.amazonaws.encryptionsdk.CryptoInputStreamTest$ParameterizedEncryptDecryptTest" time="0"/>
  <testcase name="encryptDecrypt[796: encryptDecrypt(algorithm=ALG_AES_256_GCM_IV12_TAG16_NO_KDF, byteSize=16, frameSize=17, readLen=1)]" classname="com.amazonaws.encryptionsdk.CryptoInputStreamTest$ParameterizedEncryptDecryptTest" time="0"/>
  <testcase name="encryptDecrypt[797: encryptDecrypt(algorithm=ALG_AES_256_GCM_IV12_TAG16_NO_KDF, byteSize=16, frameSize=17, readLen=15)]" classname="com.amazonaws.encryptionsdk.CryptoInputStreamTest$ParameterizedEncryptDecryptTest" time="0"/>
  <testcase name="encryptDecrypt[798: encryptDecrypt(algorithm=ALG_AES_256_GCM_IV12_TAG16_NO_KDF, byteSize=16, frameSize=17, readLen=16)]" classname="com.amazonaws.encryptionsdk.CryptoInputStreamTest$ParameterizedEncryptDecryptTest" time="0"/>
  <testcase name="encryptDecrypt[799: encryptDecrypt(algorithm=ALG_AES_256_GCM_IV12_TAG16_NO_KDF, byteSize=16, frameSize=17, readLen=17)]" classname="com.amazonaws.encryptionsdk.CryptoInputStreamTest$ParameterizedEncryptDecryptTest" time="0"/>
  <testcase name="encryptDecrypt[800: encryptDecrypt(algorithm=ALG_AES_256_GCM_IV12_TAG16_NO_KDF, byteSize=16, frameSize=17, readLen=32)]" classname="com.amazonaws.encryptionsdk.CryptoInputStreamTest$ParameterizedEncryptDecryptTest" time="0"/>
  <testcase name="encryptDecrypt[801: encryptDecrypt(algorithm=ALG_AES_256_GCM_IV12_TAG16_NO_KDF, byteSize=16, frameSize=17, readLen=1,000,000)]" classname="com.amazonaws.encryptionsdk.CryptoInputStreamTest$ParameterizedEncryptDecryptTest" time="0"/>
  <testcase name="encryptDecrypt[802: encryptDecrypt(algorithm=ALG_AES_256_GCM_IV12_TAG16_NO_KDF, byteSize=17, frameSize=17, readLen=1)]" classname="com.amazonaws.encryptionsdk.CryptoInputStreamTest$ParameterizedEncryptDecryptTest" time="0"/>
  <testcase name="encryptDecrypt[803: encryptDecrypt(algorithm=ALG_AES_256_GCM_IV12_TAG16_NO_KDF, byteSize=17, frameSize=17, readLen=16)]" classname="com.amazonaws.encryptionsdk.CryptoInputStreamTest$ParameterizedEncryptDecryptTest" time="0"/>
  <testcase name="encryptDecrypt[804: encryptDecrypt(algorithm=ALG_AES_256_GCM_IV12_TAG16_NO_KDF, byteSize=17, frameSize=17, readLen=17)]" classname="com.amazonaws.encryptionsdk.CryptoInputStreamTest$ParameterizedEncryptDecryptTest" time="0"/>
  <testcase name="encryptDecrypt[805: encryptDecrypt(algorithm=ALG_AES_256_GCM_IV12_TAG16_NO_KDF, byteSize=17, frameSize=17, readLen=18)]" classname="com.amazonaws.encryptionsdk.CryptoInputStreamTest$ParameterizedEncryptDecryptTest" time="0"/>
  <testcase name="encryptDecrypt[806: encryptDecrypt(algorithm=ALG_AES_256_GCM_IV12_TAG16_NO_KDF, byteSize=17, frameSize=17, readLen=34)]" classname="com.amazonaws.encryptionsdk.CryptoInputStreamTest$ParameterizedEncryptDecryptTest" time="0"/>
  <testcase name="encryptDecrypt[807: encryptDecrypt(algorithm=ALG_AES_256_GCM_IV12_TAG16_NO_KDF, byteSize=17, frameSize=17, readLen=1,000,000)]" classname="com.amazonaws.encryptionsdk.CryptoInputStreamTest$ParameterizedEncryptDecryptTest" time="0.001"/>
  <testcase name="encryptDecrypt[808: encryptDecrypt(algorithm=ALG_AES_256_GCM_IV12_TAG16_NO_KDF, byteSize=18, frameSize=17, readLen=1)]" classname="com.amazonaws.encryptionsdk.CryptoInputStreamTest$ParameterizedEncryptDecryptTest" time="0"/>
  <testcase name="encryptDecrypt[809: encryptDecrypt(algorithm=ALG_AES_256_GCM_IV12_TAG16_NO_KDF, byteSize=18, frameSize=17, readLen=17)]" classname="com.amazonaws.encryptionsdk.CryptoInputStreamTest$ParameterizedEncryptDecryptTest" time="0"/>
  <testcase name="encryptDecrypt[810: encryptDecrypt(algorithm=ALG_AES_256_GCM_IV12_TAG16_NO_KDF, byteSize=18, frameSize=17, readLen=18)]" classname="com.amazonaws.encryptionsdk.CryptoInputStreamTest$ParameterizedEncryptDecryptTest" time="0"/>
  <testcase name="encryptDecrypt[811: encryptDecrypt(algorithm=ALG_AES_256_GCM_IV12_TAG16_NO_KDF, byteSize=18, frameSize=17, readLen=19)]" classname="com.amazonaws.encryptionsdk.CryptoInputStreamTest$ParameterizedEncryptDecryptTest" time="0"/>
  <testcase name="encryptDecrypt[812: encryptDecrypt(algorithm=ALG_AES_256_GCM_IV12_TAG16_NO_KDF, byteSize=18, frameSize=17, readLen=36)]" classname="com.amazonaws.encryptionsdk.CryptoInputStreamTest$ParameterizedEncryptDecryptTest" time="0"/>
  <testcase name="encryptDecrypt[813: encryptDecrypt(algorithm=ALG_AES_256_GCM_IV12_TAG16_NO_KDF, byteSize=18, frameSize=17, readLen=1,000,000)]" classname="com.amazonaws.encryptionsdk.CryptoInputStreamTest$ParameterizedEncryptDecryptTest" time="0"/>
  <testcase name="encryptDecrypt[814: encryptDecrypt(algorithm=ALG_AES_256_GCM_IV12_TAG16_NO_KDF, byteSize=25, frameSize=17, readLen=1)]" classname="com.amazonaws.encryptionsdk.CryptoInputStreamTest$ParameterizedEncryptDecryptTest" time="0"/>
  <testcase name="encryptDecrypt[815: encryptDecrypt(algorithm=ALG_AES_256_GCM_IV12_TAG16_NO_KDF, byteSize=25, frameSize=17, readLen=24)]" classname="com.amazonaws.encryptionsdk.CryptoInputStreamTest$ParameterizedEncryptDecryptTest" time="0"/>
  <testcase name="encryptDecrypt[816: encryptDecrypt(algorithm=ALG_AES_256_GCM_IV12_TAG16_NO_KDF, byteSize=25, frameSize=17, readLen=25)]" classname="com.amazonaws.encryptionsdk.CryptoInputStreamTest$ParameterizedEncryptDecryptTest" time="0"/>
  <testcase name="encryptDecrypt[817: encryptDecrypt(algorithm=ALG_AES_256_GCM_IV12_TAG16_NO_KDF, byteSize=25, frameSize=17, readLen=26)]" classname="com.amazonaws.encryptionsdk.CryptoInputStreamTest$ParameterizedEncryptDecryptTest" time="0"/>
  <testcase name="encryptDecrypt[818: encryptDecrypt(algorithm=ALG_AES_256_GCM_IV12_TAG16_NO_KDF, byteSize=25, frameSize=17, readLen=50)]" classname="com.amazonaws.encryptionsdk.CryptoInputStreamTest$ParameterizedEncryptDecryptTest" time="0"/>
  <testcase name="encryptDecrypt[819: encryptDecrypt(algorithm=ALG_AES_256_GCM_IV12_TAG16_NO_KDF, byteSize=25, frameSize=17, readLen=1,000,000)]" classname="com.amazonaws.encryptionsdk.CryptoInputStreamTest$ParameterizedEncryptDecryptTest" time="0"/>
  <testcase name="encryptDecrypt[820: encryptDecrypt(algorithm=ALG_AES_256_GCM_IV12_TAG16_NO_KDF, byteSize=34, frameSize=17, readLen=1)]" classname="com.amazonaws.encryptionsdk.CryptoInputStreamTest$ParameterizedEncryptDecryptTest" time="0"/>
  <testcase name="encryptDecrypt[821: encryptDecrypt(algorithm=ALG_AES_256_GCM_IV12_TAG16_NO_KDF, byteSize=34, frameSize=17, readLen=33)]" classname="com.amazonaws.encryptionsdk.CryptoInputStreamTest$ParameterizedEncryptDecryptTest" time="0"/>
  <testcase name="encryptDecrypt[822: encryptDecrypt(algorithm=ALG_AES_256_GCM_IV12_TAG16_NO_KDF, byteSize=34, frameSize=17, readLen=34)]" classname="com.amazonaws.encryptionsdk.CryptoInputStreamTest$ParameterizedEncryptDecryptTest" time="0"/>
  <testcase name="encryptDecrypt[823: encryptDecrypt(algorithm=ALG_AES_256_GCM_IV12_TAG16_NO_KDF, byteSize=34, frameSize=17, readLen=35)]" classname="com.amazonaws.encryptionsdk.CryptoInputStreamTest$ParameterizedEncryptDecryptTest" time="0"/>
  <testcase name="encryptDecrypt[824: encryptDecrypt(algorithm=ALG_AES_256_GCM_IV12_TAG16_NO_KDF, byteSize=34, frameSize=17, readLen=68)]" classname="com.amazonaws.encryptionsdk.CryptoInputStreamTest$ParameterizedEncryptDecryptTest" time="0"/>
  <testcase name="encryptDecrypt[825: encryptDecrypt(algorithm=ALG_AES_256_GCM_IV12_TAG16_NO_KDF, byteSize=34, frameSize=17, readLen=1,000,000)]" classname="com.amazonaws.encryptionsdk.CryptoInputStreamTest$ParameterizedEncryptDecryptTest" time="0"/>
  <testcase name="encryptDecrypt[826: encryptDecrypt(algorithm=ALG_AES_256_GCM_IV12_TAG16_NO_KDF, byteSize=1,000,000, frameSize=17, readLen=1)]" classname="com.amazonaws.encryptionsdk.CryptoInputStreamTest$ParameterizedEncryptDecryptTest" time="0.096"/>
  <testcase name="encryptDecrypt[827: encryptDecrypt(algorithm=ALG_AES_256_GCM_IV12_TAG16_NO_KDF, byteSize=1,000,000, frameSize=17, readLen=999,999)]" classname="com.amazonaws.encryptionsdk.CryptoInputStreamTest$ParameterizedEncryptDecryptTest" time="0.075"/>
  <testcase name="encryptDecrypt[828: encryptDecrypt(algorithm=ALG_AES_256_GCM_IV12_TAG16_NO_KDF, byteSize=1,000,000, frameSize=17, readLen=1,000,000)]" classname="com.amazonaws.encryptionsdk.CryptoInputStreamTest$ParameterizedEncryptDecryptTest" time="0.072"/>
  <testcase name="encryptDecrypt[829: encryptDecrypt(algorithm=ALG_AES_256_GCM_IV12_TAG16_NO_KDF, byteSize=1,000,000, frameSize=17, readLen=1,000,001)]" classname="com.amazonaws.encryptionsdk.CryptoInputStreamTest$ParameterizedEncryptDecryptTest" time="0.072"/>
  <testcase name="encryptDecrypt[830: encryptDecrypt(algorithm=ALG_AES_256_GCM_IV12_TAG16_NO_KDF, byteSize=1,000,000, frameSize=17, readLen=2,000,000)]" classname="com.amazonaws.encryptionsdk.CryptoInputStreamTest$ParameterizedEncryptDecryptTest" time="0.073"/>
  <testcase name="encryptDecrypt[831: encryptDecrypt(algorithm=ALG_AES_256_GCM_IV12_TAG16_NO_KDF, byteSize=1,000,000, frameSize=17, readLen=1,000,000)]" classname="com.amazonaws.encryptionsdk.CryptoInputStreamTest$ParameterizedEncryptDecryptTest" time="0.073"/>
  <testcase name="encryptDecrypt[832: encryptDecrypt(algorithm=ALG_AES_256_GCM_IV12_TAG16_NO_KDF, byteSize=0, frameSize=32, readLen=1)]" classname="com.amazonaws.encryptionsdk.CryptoInputStreamTest$ParameterizedEncryptDecryptTest" time="0"/>
  <testcase name="encryptDecrypt[833: encryptDecrypt(algorithm=ALG_AES_256_GCM_IV12_TAG16_NO_KDF, byteSize=0, frameSize=32, readLen=1)]" classname="com.amazonaws.encryptionsdk.CryptoInputStreamTest$ParameterizedEncryptDecryptTest" time="0"/>
  <testcase name="encryptDecrypt[834: encryptDecrypt(algorithm=ALG_AES_256_GCM_IV12_TAG16_NO_KDF, byteSize=0, frameSize=32, readLen=1,000,000)]" classname="com.amazonaws.encryptionsdk.CryptoInputStreamTest$ParameterizedEncryptDecryptTest" time="0"/>
  <testcase name="encryptDecrypt[835: encryptDecrypt(algorithm=ALG_AES_256_GCM_IV12_TAG16_NO_KDF, byteSize=1, frameSize=32, readLen=1)]" classname="com.amazonaws.encryptionsdk.CryptoInputStreamTest$ParameterizedEncryptDecryptTest" time="0"/>
  <testcase name="encryptDecrypt[836: encryptDecrypt(algorithm=ALG_AES_256_GCM_IV12_TAG16_NO_KDF, byteSize=1, frameSize=32, readLen=1)]" classname="com.amazonaws.encryptionsdk.CryptoInputStreamTest$ParameterizedEncryptDecryptTest" time="0"/>
  <testcase name="encryptDecrypt[837: encryptDecrypt(algorithm=ALG_AES_256_GCM_IV12_TAG16_NO_KDF, byteSize=1, frameSize=32, readLen=2)]" classname="com.amazonaws.encryptionsdk.CryptoInputStreamTest$ParameterizedEncryptDecryptTest" time="0"/>
  <testcase name="encryptDecrypt[838: encryptDecrypt(algorithm=ALG_AES_256_GCM_IV12_TAG16_NO_KDF, byteSize=1, frameSize=32, readLen=2)]" classname="com.amazonaws.encryptionsdk.CryptoInputStreamTest$ParameterizedEncryptDecryptTest" time="0"/>
  <testcase name="encryptDecrypt[839: encryptDecrypt(algorithm=ALG_AES_256_GCM_IV12_TAG16_NO_KDF, byteSize=1, frameSize=32, readLen=1,000,000)]" classname="com.amazonaws.encryptionsdk.CryptoInputStreamTest$ParameterizedEncryptDecryptTest" time="0"/>
  <testcase name="encryptDecrypt[840: encryptDecrypt(algorithm=ALG_AES_256_GCM_IV12_TAG16_NO_KDF, byteSize=31, frameSize=32, readLen=1)]" classname="com.amazonaws.encryptionsdk.CryptoInputStreamTest$ParameterizedEncryptDecryptTest" time="0"/>
  <testcase name="encryptDecrypt[841: encryptDecrypt(algorithm=ALG_AES_256_GCM_IV12_TAG16_NO_KDF, byteSize=31, frameSize=32, readLen=30)]" classname="com.amazonaws.encryptionsdk.CryptoInputStreamTest$ParameterizedEncryptDecryptTest" time="0"/>
  <testcase name="encryptDecrypt[842: encryptDecrypt(algorithm=ALG_AES_256_GCM_IV12_TAG16_NO_KDF, byteSize=31, frameSize=32, readLen=31)]" classname="com.amazonaws.encryptionsdk.CryptoInputStreamTest$ParameterizedEncryptDecryptTest" time="0"/>
  <testcase name="encryptDecrypt[843: encryptDecrypt(algorithm=ALG_AES_256_GCM_IV12_TAG16_NO_KDF, byteSize=31, frameSize=32, readLen=32)]" classname="com.amazonaws.encryptionsdk.CryptoInputStreamTest$ParameterizedEncryptDecryptTest" time="0"/>
  <testcase name="encryptDecrypt[844: encryptDecrypt(algorithm=ALG_AES_256_GCM_IV12_TAG16_NO_KDF, byteSize=31, frameSize=32, readLen=62)]" classname="com.amazonaws.encryptionsdk.CryptoInputStreamTest$ParameterizedEncryptDecryptTest" time="0"/>
  <testcase name="encryptDecrypt[845: encryptDecrypt(algorithm=ALG_AES_256_GCM_IV12_TAG16_NO_KDF, byteSize=31, frameSize=32, readLen=1,000,000)]" classname="com.amazonaws.encryptionsdk.CryptoInputStreamTest$ParameterizedEncryptDecryptTest" time="0.001"/>
  <testcase name="encryptDecrypt[846: encryptDecrypt(algorithm=ALG_AES_256_GCM_IV12_TAG16_NO_KDF, byteSize=32, frameSize=32, readLen=1)]" classname="com.amazonaws.encryptionsdk.CryptoInputStreamTest$ParameterizedEncryptDecryptTest" time="0"/>
  <testcase name="encryptDecrypt[847: encryptDecrypt(algorithm=ALG_AES_256_GCM_IV12_TAG16_NO_KDF, byteSize=32, frameSize=32, readLen=31)]" classname="com.amazonaws.encryptionsdk.CryptoInputStreamTest$ParameterizedEncryptDecryptTest" time="0"/>
  <testcase name="encryptDecrypt[848: encryptDecrypt(algorithm=ALG_AES_256_GCM_IV12_TAG16_NO_KDF, byteSize=32, frameSize=32, readLen=32)]" classname="com.amazonaws.encryptionsdk.CryptoInputStreamTest$ParameterizedEncryptDecryptTest" time="0"/>
  <testcase name="encryptDecrypt[849: encryptDecrypt(algorithm=ALG_AES_256_GCM_IV12_TAG16_NO_KDF, byteSize=32, frameSize=32, readLen=33)]" classname="com.amazonaws.encryptionsdk.CryptoInputStreamTest$ParameterizedEncryptDecryptTest" time="0"/>
  <testcase name="encryptDecrypt[850: encryptDecrypt(algorithm=ALG_AES_256_GCM_IV12_TAG16_NO_KDF, byteSize=32, frameSize=32, readLen=64)]" classname="com.amazonaws.encryptionsdk.CryptoInputStreamTest$ParameterizedEncryptDecryptTest" time="0"/>
  <testcase name="encryptDecrypt[851: encryptDecrypt(algorithm=ALG_AES_256_GCM_IV12_TAG16_NO_KDF, byteSize=32, frameSize=32, readLen=1,000,000)]" classname="com.amazonaws.encryptionsdk.CryptoInputStreamTest$ParameterizedEncryptDecryptTest" time="0"/>
  <testcase name="encryptDecrypt[852: encryptDecrypt(algorithm=ALG_AES_256_GCM_IV12_TAG16_NO_KDF, byteSize=33, frameSize=32, readLen=1)]" classname="com.amazonaws.encryptionsdk.CryptoInputStreamTest$ParameterizedEncryptDecryptTest" time="0"/>
  <testcase name="encryptDecrypt[853: encryptDecrypt(algorithm=ALG_AES_256_GCM_IV12_TAG16_NO_KDF, byteSize=33, frameSize=32, readLen=32)]" classname="com.amazonaws.encryptionsdk.CryptoInputStreamTest$ParameterizedEncryptDecryptTest" time="0"/>
  <testcase name="encryptDecrypt[854: encryptDecrypt(algorithm=ALG_AES_256_GCM_IV12_TAG16_NO_KDF, byteSize=33, frameSize=32, readLen=33)]" classname="com.amazonaws.encryptionsdk.CryptoInputStreamTest$ParameterizedEncryptDecryptTest" time="0"/>
  <testcase name="encryptDecrypt[855: encryptDecrypt(algorithm=ALG_AES_256_GCM_IV12_TAG16_NO_KDF, byteSize=33, frameSize=32, readLen=34)]" classname="com.amazonaws.encryptionsdk.CryptoInputStreamTest$ParameterizedEncryptDecryptTest" time="0"/>
  <testcase name="encryptDecrypt[856: encryptDecrypt(algorithm=ALG_AES_256_GCM_IV12_TAG16_NO_KDF, byteSize=33, frameSize=32, readLen=66)]" classname="com.amazonaws.encryptionsdk.CryptoInputStreamTest$ParameterizedEncryptDecryptTest" time="0"/>
  <testcase name="encryptDecrypt[857: encryptDecrypt(algorithm=ALG_AES_256_GCM_IV12_TAG16_NO_KDF, byteSize=33, frameSize=32, readLen=1,000,000)]" classname="com.amazonaws.encryptionsdk.CryptoInputStreamTest$ParameterizedEncryptDecryptTest" time="0.001"/>
  <testcase name="encryptDecrypt[858: encryptDecrypt(algorithm=ALG_AES_256_GCM_IV12_TAG16_NO_KDF, byteSize=48, frameSize=32, readLen=1)]" classname="com.amazonaws.encryptionsdk.CryptoInputStreamTest$ParameterizedEncryptDecryptTest" time="0"/>
  <testcase name="encryptDecrypt[859: encryptDecrypt(algorithm=ALG_AES_256_GCM_IV12_TAG16_NO_KDF, byteSize=48, frameSize=32, readLen=47)]" classname="com.amazonaws.encryptionsdk.CryptoInputStreamTest$ParameterizedEncryptDecryptTest" time="0"/>
  <testcase name="encryptDecrypt[860: encryptDecrypt(algorithm=ALG_AES_256_GCM_IV12_TAG16_NO_KDF, byteSize=48, frameSize=32, readLen=48)]" classname="com.amazonaws.encryptionsdk.CryptoInputStreamTest$ParameterizedEncryptDecryptTest" time="0"/>
  <testcase name="encryptDecrypt[861: encryptDecrypt(algorithm=ALG_AES_256_GCM_IV12_TAG16_NO_KDF, byteSize=48, frameSize=32, readLen=49)]" classname="com.amazonaws.encryptionsdk.CryptoInputStreamTest$ParameterizedEncryptDecryptTest" time="0"/>
  <testcase name="encryptDecrypt[862: encryptDecrypt(algorithm=ALG_AES_256_GCM_IV12_TAG16_NO_KDF, byteSize=48, frameSize=32, readLen=96)]" classname="com.amazonaws.encryptionsdk.CryptoInputStreamTest$ParameterizedEncryptDecryptTest" time="0"/>
  <testcase name="encryptDecrypt[863: encryptDecrypt(algorithm=ALG_AES_256_GCM_IV12_TAG16_NO_KDF, byteSize=48, frameSize=32, readLen=1,000,000)]" classname="com.amazonaws.encryptionsdk.CryptoInputStreamTest$ParameterizedEncryptDecryptTest" time="0"/>
  <testcase name="encryptDecrypt[864: encryptDecrypt(algorithm=ALG_AES_256_GCM_IV12_TAG16_NO_KDF, byteSize=64, frameSize=32, readLen=1)]" classname="com.amazonaws.encryptionsdk.CryptoInputStreamTest$ParameterizedEncryptDecryptTest" time="0"/>
  <testcase name="encryptDecrypt[865: encryptDecrypt(algorithm=ALG_AES_256_GCM_IV12_TAG16_NO_KDF, byteSize=64, frameSize=32, readLen=63)]" classname="com.amazonaws.encryptionsdk.CryptoInputStreamTest$ParameterizedEncryptDecryptTest" time="0"/>
  <testcase name="encryptDecrypt[866: encryptDecrypt(algorithm=ALG_AES_256_GCM_IV12_TAG16_NO_KDF, byteSize=64, frameSize=32, readLen=64)]" classname="com.amazonaws.encryptionsdk.CryptoInputStreamTest$ParameterizedEncryptDecryptTest" time="0"/>
  <testcase name="encryptDecrypt[867: encryptDecrypt(algorithm=ALG_AES_256_GCM_IV12_TAG16_NO_KDF, byteSize=64, frameSize=32, readLen=65)]" classname="com.amazonaws.encryptionsdk.CryptoInputStreamTest$ParameterizedEncryptDecryptTest" time="0"/>
  <testcase name="encryptDecrypt[868: encryptDecrypt(algorithm=ALG_AES_256_GCM_IV12_TAG16_NO_KDF, byteSize=64, frameSize=32, readLen=128)]" classname="com.amazonaws.encryptionsdk.CryptoInputStreamTest$ParameterizedEncryptDecryptTest" time="0"/>
  <testcase name="encryptDecrypt[869: encryptDecrypt(algorithm=ALG_AES_256_GCM_IV12_TAG16_NO_KDF, byteSize=64, frameSize=32, readLen=1,000,000)]" classname="com.amazonaws.encryptionsdk.CryptoInputStreamTest$ParameterizedEncryptDecryptTest" time="0"/>
  <testcase name="encryptDecrypt[870: encryptDecrypt(algorithm=ALG_AES_256_GCM_IV12_TAG16_NO_KDF, byteSize=1,000,000, frameSize=32, readLen=1)]" classname="com.amazonaws.encryptionsdk.CryptoInputStreamTest$ParameterizedEncryptDecryptTest" time="0.067"/>
  <testcase name="encryptDecrypt[871: encryptDecrypt(algorithm=ALG_AES_256_GCM_IV12_TAG16_NO_KDF, byteSize=1,000,000, frameSize=32, readLen=999,999)]" classname="com.amazonaws.encryptionsdk.CryptoInputStreamTest$ParameterizedEncryptDecryptTest" time="0.04"/>
  <testcase name="encryptDecrypt[872: encryptDecrypt(algorithm=ALG_AES_256_GCM_IV12_TAG16_NO_KDF, byteSize=1,000,000, frameSize=32, readLen=1,000,000)]" classname="com.amazonaws.encryptionsdk.CryptoInputStreamTest$ParameterizedEncryptDecryptTest" time="0.04"/>
  <testcase name="encryptDecrypt[873: encryptDecrypt(algorithm=ALG_AES_256_GCM_IV12_TAG16_NO_KDF, byteSize=1,000,000, frameSize=32, readLen=1,000,001)]" classname="com.amazonaws.encryptionsdk.CryptoInputStreamTest$ParameterizedEncryptDecryptTest" time="0.041"/>
  <testcase name="encryptDecrypt[874: encryptDecrypt(algorithm=ALG_AES_256_GCM_IV12_TAG16_NO_KDF, byteSize=1,000,000, frameSize=32, readLen=2,000,000)]" classname="com.amazonaws.encryptionsdk.CryptoInputStreamTest$ParameterizedEncryptDecryptTest" time="0.04"/>
  <testcase name="encryptDecrypt[875: encryptDecrypt(algorithm=ALG_AES_256_GCM_IV12_TAG16_NO_KDF, byteSize=1,000,000, frameSize=32, readLen=1,000,000)]" classname="com.amazonaws.encryptionsdk.CryptoInputStreamTest$ParameterizedEncryptDecryptTest" time="0.039"/>
  <testcase name="encryptDecrypt[876: encryptDecrypt(algorithm=ALG_AES_256_GCM_IV12_TAG16_NO_KDF, byteSize=0, frameSize=160, readLen=1)]" classname="com.amazonaws.encryptionsdk.CryptoInputStreamTest$ParameterizedEncryptDecryptTest" time="0"/>
  <testcase name="encryptDecrypt[877: encryptDecrypt(algorithm=ALG_AES_256_GCM_IV12_TAG16_NO_KDF, byteSize=0, frameSize=160, readLen=1)]" classname="com.amazonaws.encryptionsdk.CryptoInputStreamTest$ParameterizedEncryptDecryptTest" time="0"/>
  <testcase name="encryptDecrypt[878: encryptDecrypt(algorithm=ALG_AES_256_GCM_IV12_TAG16_NO_KDF, byteSize=0, frameSize=160, readLen=1,000,000)]" classname="com.amazonaws.encryptionsdk.CryptoInputStreamTest$ParameterizedEncryptDecryptTest" time="0.001"/>
  <testcase name="encryptDecrypt[879: encryptDecrypt(algorithm=ALG_AES_256_GCM_IV12_TAG16_NO_KDF, byteSize=1, frameSize=160, readLen=1)]" classname="com.amazonaws.encryptionsdk.CryptoInputStreamTest$ParameterizedEncryptDecryptTest" time="0"/>
  <testcase name="encryptDecrypt[880: encryptDecrypt(algorithm=ALG_AES_256_GCM_IV12_TAG16_NO_KDF, byteSize=1, frameSize=160, readLen=1)]" classname="com.amazonaws.encryptionsdk.CryptoInputStreamTest$ParameterizedEncryptDecryptTest" time="0"/>
  <testcase name="encryptDecrypt[881: encryptDecrypt(algorithm=ALG_AES_256_GCM_IV12_TAG16_NO_KDF, byteSize=1, frameSize=160, readLen=2)]" classname="com.amazonaws.encryptionsdk.CryptoInputStreamTest$ParameterizedEncryptDecryptTest" time="0"/>
  <testcase name="encryptDecrypt[882: encryptDecrypt(algorithm=ALG_AES_256_GCM_IV12_TAG16_NO_KDF, byteSize=1, frameSize=160, readLen=2)]" classname="com.amazonaws.encryptionsdk.CryptoInputStreamTest$ParameterizedEncryptDecryptTest" time="0"/>
  <testcase name="encryptDecrypt[883: encryptDecrypt(algorithm=ALG_AES_256_GCM_IV12_TAG16_NO_KDF, byteSize=1, frameSize=160, readLen=1,000,000)]" classname="com.amazonaws.encryptionsdk.CryptoInputStreamTest$ParameterizedEncryptDecryptTest" time="0"/>
  <testcase name="encryptDecrypt[884: encryptDecrypt(algorithm=ALG_AES_256_GCM_IV12_TAG16_NO_KDF, byteSize=159, frameSize=160, readLen=1)]" classname="com.amazonaws.encryptionsdk.CryptoInputStreamTest$ParameterizedEncryptDecryptTest" time="0"/>
  <testcase name="encryptDecrypt[885: encryptDecrypt(algorithm=ALG_AES_256_GCM_IV12_TAG16_NO_KDF, byteSize=159, frameSize=160, readLen=158)]" classname="com.amazonaws.encryptionsdk.CryptoInputStreamTest$ParameterizedEncryptDecryptTest" time="0"/>
  <testcase name="encryptDecrypt[886: encryptDecrypt(algorithm=ALG_AES_256_GCM_IV12_TAG16_NO_KDF, byteSize=159, frameSize=160, readLen=159)]" classname="com.amazonaws.encryptionsdk.CryptoInputStreamTest$ParameterizedEncryptDecryptTest" time="0"/>
  <testcase name="encryptDecrypt[887: encryptDecrypt(algorithm=ALG_AES_256_GCM_IV12_TAG16_NO_KDF, byteSize=159, frameSize=160, readLen=160)]" classname="com.amazonaws.encryptionsdk.CryptoInputStreamTest$ParameterizedEncryptDecryptTest" time="0"/>
  <testcase name="encryptDecrypt[888: encryptDecrypt(algorithm=ALG_AES_256_GCM_IV12_TAG16_NO_KDF, byteSize=159, frameSize=160, readLen=318)]" classname="com.amazonaws.encryptionsdk.CryptoInputStreamTest$ParameterizedEncryptDecryptTest" time="0"/>
  <testcase name="encryptDecrypt[889: encryptDecrypt(algorithm=ALG_AES_256_GCM_IV12_TAG16_NO_KDF, byteSize=159, frameSize=160, readLen=1,000,000)]" classname="com.amazonaws.encryptionsdk.CryptoInputStreamTest$ParameterizedEncryptDecryptTest" time="0"/>
  <testcase name="encryptDecrypt[890: encryptDecrypt(algorithm=ALG_AES_256_GCM_IV12_TAG16_NO_KDF, byteSize=160, frameSize=160, readLen=1)]" classname="com.amazonaws.encryptionsdk.CryptoInputStreamTest$ParameterizedEncryptDecryptTest" time="0.001"/>
  <testcase name="encryptDecrypt[891: encryptDecrypt(algorithm=ALG_AES_256_GCM_IV12_TAG16_NO_KDF, byteSize=160, frameSize=160, readLen=159)]" classname="com.amazonaws.encryptionsdk.CryptoInputStreamTest$ParameterizedEncryptDecryptTest" time="0"/>
  <testcase name="encryptDecrypt[892: encryptDecrypt(algorithm=ALG_AES_256_GCM_IV12_TAG16_NO_KDF, byteSize=160, frameSize=160, readLen=160)]" classname="com.amazonaws.encryptionsdk.CryptoInputStreamTest$ParameterizedEncryptDecryptTest" time="0"/>
  <testcase name="encryptDecrypt[893: encryptDecrypt(algorithm=ALG_AES_256_GCM_IV12_TAG16_NO_KDF, byteSize=160, frameSize=160, readLen=161)]" classname="com.amazonaws.encryptionsdk.CryptoInputStreamTest$ParameterizedEncryptDecryptTest" time="0"/>
  <testcase name="encryptDecrypt[894: encryptDecrypt(algorithm=ALG_AES_256_GCM_IV12_TAG16_NO_KDF, byteSize=160, frameSize=160, readLen=320)]" classname="com.amazonaws.encryptionsdk.CryptoInputStreamTest$ParameterizedEncryptDecryptTest" time="0"/>
  <testcase name="encryptDecrypt[895: encryptDecrypt(algorithm=ALG_AES_256_GCM_IV12_TAG16_NO_KDF, byteSize=160, frameSize=160, readLen=1,000,000)]" classname="com.amazonaws.encryptionsdk.CryptoInputStreamTest$ParameterizedEncryptDecryptTest" time="0"/>
  <testcase name="encryptDecrypt[896: encryptDecrypt(algorithm=ALG_AES_256_GCM_IV12_TAG16_NO_KDF, byteSize=161, frameSize=160, readLen=1)]" classname="com.amazonaws.encryptionsdk.CryptoInputStreamTest$ParameterizedEncryptDecryptTest" time="0"/>
  <testcase name="encryptDecrypt[897: encryptDecrypt(algorithm=ALG_AES_256_GCM_IV12_TAG16_NO_KDF, byteSize=161, frameSize=160, readLen=160)]" classname="com.amazonaws.encryptionsdk.CryptoInputStreamTest$ParameterizedEncryptDecryptTest" time="0"/>
  <testcase name="encryptDecrypt[898: encryptDecrypt(algorithm=ALG_AES_256_GCM_IV12_TAG16_NO_KDF, byteSize=161, frameSize=160, readLen=161)]" classname="com.amazonaws.encryptionsdk.CryptoInputStreamTest$ParameterizedEncryptDecryptTest" time="0"/>
  <testcase name="encryptDecrypt[899: encryptDecrypt(algorithm=ALG_AES_256_GCM_IV12_TAG16_NO_KDF, byteSize=161, frameSize=160, readLen=162)]" classname="com.amazonaws.encryptionsdk.CryptoInputStreamTest$ParameterizedEncryptDecryptTest" time="0"/>
  <testcase name="encryptDecrypt[900: encryptDecrypt(algorithm=ALG_AES_256_GCM_IV12_TAG16_NO_KDF, byteSize=161, frameSize=160, readLen=322)]" classname="com.amazonaws.encryptionsdk.CryptoInputStreamTest$ParameterizedEncryptDecryptTest" time="0"/>
  <testcase name="encryptDecrypt[901: encryptDecrypt(algorithm=ALG_AES_256_GCM_IV12_TAG16_NO_KDF, byteSize=161, frameSize=160, readLen=1,000,000)]" classname="com.amazonaws.encryptionsdk.CryptoInputStreamTest$ParameterizedEncryptDecryptTest" time="0.001"/>
  <testcase name="encryptDecrypt[902: encryptDecrypt(algorithm=ALG_AES_256_GCM_IV12_TAG16_NO_KDF, byteSize=240, frameSize=160, readLen=1)]" classname="com.amazonaws.encryptionsdk.CryptoInputStreamTest$ParameterizedEncryptDecryptTest" time="0"/>
  <testcase name="encryptDecrypt[903: encryptDecrypt(algorithm=ALG_AES_256_GCM_IV12_TAG16_NO_KDF, byteSize=240, frameSize=160, readLen=239)]" classname="com.amazonaws.encryptionsdk.CryptoInputStreamTest$ParameterizedEncryptDecryptTest" time="0"/>
  <testcase name="encryptDecrypt[904: encryptDecrypt(algorithm=ALG_AES_256_GCM_IV12_TAG16_NO_KDF, byteSize=240, frameSize=160, readLen=240)]" classname="com.amazonaws.encryptionsdk.CryptoInputStreamTest$ParameterizedEncryptDecryptTest" time="0"/>
  <testcase name="encryptDecrypt[905: encryptDecrypt(algorithm=ALG_AES_256_GCM_IV12_TAG16_NO_KDF, byteSize=240, frameSize=160, readLen=241)]" classname="com.amazonaws.encryptionsdk.CryptoInputStreamTest$ParameterizedEncryptDecryptTest" time="0"/>
  <testcase name="encryptDecrypt[906: encryptDecrypt(algorithm=ALG_AES_256_GCM_IV12_TAG16_NO_KDF, byteSize=240, frameSize=160, readLen=480)]" classname="com.amazonaws.encryptionsdk.CryptoInputStreamTest$ParameterizedEncryptDecryptTest" time="0"/>
  <testcase name="encryptDecrypt[907: encryptDecrypt(algorithm=ALG_AES_256_GCM_IV12_TAG16_NO_KDF, byteSize=240, frameSize=160, readLen=1,000,000)]" classname="com.amazonaws.encryptionsdk.CryptoInputStreamTest$ParameterizedEncryptDecryptTest" time="0"/>
  <testcase name="encryptDecrypt[908: encryptDecrypt(algorithm=ALG_AES_256_GCM_IV12_TAG16_NO_KDF, byteSize=320, frameSize=160, readLen=1)]" classname="com.amazonaws.encryptionsdk.CryptoInputStreamTest$ParameterizedEncryptDecryptTest" time="0"/>
  <testcase name="encryptDecrypt[909: encryptDecrypt(algorithm=ALG_AES_256_GCM_IV12_TAG16_NO_KDF, byteSize=320, frameSize=160, readLen=319)]" classname="com.amazonaws.encryptionsdk.CryptoInputStreamTest$ParameterizedEncryptDecryptTest" time="0"/>
  <testcase name="encryptDecrypt[910: encryptDecrypt(algorithm=ALG_AES_256_GCM_IV12_TAG16_NO_KDF, byteSize=320, frameSize=160, readLen=320)]" classname="com.amazonaws.encryptionsdk.CryptoInputStreamTest$ParameterizedEncryptDecryptTest" time="0"/>
  <testcase name="encryptDecrypt[911: encryptDecrypt(algorithm=ALG_AES_256_GCM_IV12_TAG16_NO_KDF, byteSize=320, frameSize=160, readLen=321)]" classname="com.amazonaws.encryptionsdk.CryptoInputStreamTest$ParameterizedEncryptDecryptTest" time="0"/>
  <testcase name="encryptDecrypt[912: encryptDecrypt(algorithm=ALG_AES_256_GCM_IV12_TAG16_NO_KDF, byteSize=320, frameSize=160, readLen=640)]" classname="com.amazonaws.encryptionsdk.CryptoInputStreamTest$ParameterizedEncryptDecryptTest" time="0.001"/>
  <testcase name="encryptDecrypt[913: encryptDecrypt(algorithm=ALG_AES_256_GCM_IV12_TAG16_NO_KDF, byteSize=320, frameSize=160, readLen=1,000,000)]" classname="com.amazonaws.encryptionsdk.CryptoInputStreamTest$ParameterizedEncryptDecryptTest" time="0"/>
  <testcase name="encryptDecrypt[914: encryptDecrypt(algorithm=ALG_AES_256_GCM_IV12_TAG16_NO_KDF, byteSize=1,000,000, frameSize=160, readLen=1)]" classname="com.amazonaws.encryptionsdk.CryptoInputStreamTest$ParameterizedEncryptDecryptTest" time="0.032"/>
  <testcase name="encryptDecrypt[915: encryptDecrypt(algorithm=ALG_AES_256_GCM_IV12_TAG16_NO_KDF, byteSize=1,000,000, frameSize=160, readLen=999,999)]" classname="com.amazonaws.encryptionsdk.CryptoInputStreamTest$ParameterizedEncryptDecryptTest" time="0.015"/>
  <testcase name="encryptDecrypt[916: encryptDecrypt(algorithm=ALG_AES_256_GCM_IV12_TAG16_NO_KDF, byteSize=1,000,000, frameSize=160, readLen=1,000,000)]" classname="com.amazonaws.encryptionsdk.CryptoInputStreamTest$ParameterizedEncryptDecryptTest" time="0.014"/>
  <testcase name="encryptDecrypt[917: encryptDecrypt(algorithm=ALG_AES_256_GCM_IV12_TAG16_NO_KDF, byteSize=1,000,000, frameSize=160, readLen=1,000,001)]" classname="com.amazonaws.encryptionsdk.CryptoInputStreamTest$ParameterizedEncryptDecryptTest" time="0.014"/>
  <testcase name="encryptDecrypt[918: encryptDecrypt(algorithm=ALG_AES_256_GCM_IV12_TAG16_NO_KDF, byteSize=1,000,000, frameSize=160, readLen=2,000,000)]" classname="com.amazonaws.encryptionsdk.CryptoInputStreamTest$ParameterizedEncryptDecryptTest" time="0.015"/>
  <testcase name="encryptDecrypt[919: encryptDecrypt(algorithm=ALG_AES_256_GCM_IV12_TAG16_NO_KDF, byteSize=1,000,000, frameSize=160, readLen=1,000,000)]" classname="com.amazonaws.encryptionsdk.CryptoInputStreamTest$ParameterizedEncryptDecryptTest" time="0.015"/>
  <testcase name="encryptDecrypt[920: encryptDecrypt(algorithm=ALG_AES_256_GCM_IV12_TAG16_NO_KDF, byteSize=0, frameSize=161, readLen=1)]" classname="com.amazonaws.encryptionsdk.CryptoInputStreamTest$ParameterizedEncryptDecryptTest" time="0"/>
  <testcase name="encryptDecrypt[921: encryptDecrypt(algorithm=ALG_AES_256_GCM_IV12_TAG16_NO_KDF, byteSize=0, frameSize=161, readLen=1)]" classname="com.amazonaws.encryptionsdk.CryptoInputStreamTest$ParameterizedEncryptDecryptTest" time="0"/>
  <testcase name="encryptDecrypt[922: encryptDecrypt(algorithm=ALG_AES_256_GCM_IV12_TAG16_NO_KDF, byteSize=0, frameSize=161, readLen=1,000,000)]" classname="com.amazonaws.encryptionsdk.CryptoInputStreamTest$ParameterizedEncryptDecryptTest" time="0"/>
  <testcase name="encryptDecrypt[923: encryptDecrypt(algorithm=ALG_AES_256_GCM_IV12_TAG16_NO_KDF, byteSize=1, frameSize=161, readLen=1)]" classname="com.amazonaws.encryptionsdk.CryptoInputStreamTest$ParameterizedEncryptDecryptTest" time="0"/>
  <testcase name="encryptDecrypt[924: encryptDecrypt(algorithm=ALG_AES_256_GCM_IV12_TAG16_NO_KDF, byteSize=1, frameSize=161, readLen=1)]" classname="com.amazonaws.encryptionsdk.CryptoInputStreamTest$ParameterizedEncryptDecryptTest" time="0"/>
  <testcase name="encryptDecrypt[925: encryptDecrypt(algorithm=ALG_AES_256_GCM_IV12_TAG16_NO_KDF, byteSize=1, frameSize=161, readLen=2)]" classname="com.amazonaws.encryptionsdk.CryptoInputStreamTest$ParameterizedEncryptDecryptTest" time="0.001"/>
  <testcase name="encryptDecrypt[926: encryptDecrypt(algorithm=ALG_AES_256_GCM_IV12_TAG16_NO_KDF, byteSize=1, frameSize=161, readLen=2)]" classname="com.amazonaws.encryptionsdk.CryptoInputStreamTest$ParameterizedEncryptDecryptTest" time="0"/>
  <testcase name="encryptDecrypt[927: encryptDecrypt(algorithm=ALG_AES_256_GCM_IV12_TAG16_NO_KDF, byteSize=1, frameSize=161, readLen=1,000,000)]" classname="com.amazonaws.encryptionsdk.CryptoInputStreamTest$ParameterizedEncryptDecryptTest" time="0"/>
  <testcase name="encryptDecrypt[928: encryptDecrypt(algorithm=ALG_AES_256_GCM_IV12_TAG16_NO_KDF, byteSize=160, frameSize=161, readLen=1)]" classname="com.amazonaws.encryptionsdk.CryptoInputStreamTest$ParameterizedEncryptDecryptTest" time="0"/>
  <testcase name="encryptDecrypt[929: encryptDecrypt(algorithm=ALG_AES_256_GCM_IV12_TAG16_NO_KDF, byteSize=160, frameSize=161, readLen=159)]" classname="com.amazonaws.encryptionsdk.CryptoInputStreamTest$ParameterizedEncryptDecryptTest" time="0"/>
  <testcase name="encryptDecrypt[930: encryptDecrypt(algorithm=ALG_AES_256_GCM_IV12_TAG16_NO_KDF, byteSize=160, frameSize=161, readLen=160)]" classname="com.amazonaws.encryptionsdk.CryptoInputStreamTest$ParameterizedEncryptDecryptTest" time="0"/>
  <testcase name="encryptDecrypt[931: encryptDecrypt(algorithm=ALG_AES_256_GCM_IV12_TAG16_NO_KDF, byteSize=160, frameSize=161, readLen=161)]" classname="com.amazonaws.encryptionsdk.CryptoInputStreamTest$ParameterizedEncryptDecryptTest" time="0"/>
  <testcase name="encryptDecrypt[932: encryptDecrypt(algorithm=ALG_AES_256_GCM_IV12_TAG16_NO_KDF, byteSize=160, frameSize=161, readLen=320)]" classname="com.amazonaws.encryptionsdk.CryptoInputStreamTest$ParameterizedEncryptDecryptTest" time="0"/>
  <testcase name="encryptDecrypt[933: encryptDecrypt(algorithm=ALG_AES_256_GCM_IV12_TAG16_NO_KDF, byteSize=160, frameSize=161, readLen=1,000,000)]" classname="com.amazonaws.encryptionsdk.CryptoInputStreamTest$ParameterizedEncryptDecryptTest" time="0"/>
  <testcase name="encryptDecrypt[934: encryptDecrypt(algorithm=ALG_AES_256_GCM_IV12_TAG16_NO_KDF, byteSize=161, frameSize=161, readLen=1)]" classname="com.amazonaws.encryptionsdk.CryptoInputStreamTest$ParameterizedEncryptDecryptTest" time="0"/>
  <testcase name="encryptDecrypt[935: encryptDecrypt(algorithm=ALG_AES_256_GCM_IV12_TAG16_NO_KDF, byteSize=161, frameSize=161, readLen=160)]" classname="com.amazonaws.encryptionsdk.CryptoInputStreamTest$ParameterizedEncryptDecryptTest" time="0"/>
  <testcase name="encryptDecrypt[936: encryptDecrypt(algorithm=ALG_AES_256_GCM_IV12_TAG16_NO_KDF, byteSize=161, frameSize=161, readLen=161)]" classname="com.amazonaws.encryptionsdk.CryptoInputStreamTest$ParameterizedEncryptDecryptTest" time="0"/>
  <testcase name="encryptDecrypt[937: encryptDecrypt(algorithm=ALG_AES_256_GCM_IV12_TAG16_NO_KDF, byteSize=161, frameSize=161, readLen=162)]" classname="com.amazonaws.encryptionsdk.CryptoInputStreamTest$ParameterizedEncryptDecryptTest" time="0.001"/>
  <testcase name="encryptDecrypt[938: encryptDecrypt(algorithm=ALG_AES_256_GCM_IV12_TAG16_NO_KDF, byteSize=161, frameSize=161, readLen=322)]" classname="com.amazonaws.encryptionsdk.CryptoInputStreamTest$ParameterizedEncryptDecryptTest" time="0"/>
  <testcase name="encryptDecrypt[939: encryptDecrypt(algorithm=ALG_AES_256_GCM_IV12_TAG16_NO_KDF, byteSize=161, frameSize=161, readLen=1,000,000)]" classname="com.amazonaws.encryptionsdk.CryptoInputStreamTest$ParameterizedEncryptDecryptTest" time="0"/>
  <testcase name="encryptDecrypt[940: encryptDecrypt(algorithm=ALG_AES_256_GCM_IV12_TAG16_NO_KDF, byteSize=162, frameSize=161, readLen=1)]" classname="com.amazonaws.encryptionsdk.CryptoInputStreamTest$ParameterizedEncryptDecryptTest" time="0"/>
  <testcase name="encryptDecrypt[941: encryptDecrypt(algorithm=ALG_AES_256_GCM_IV12_TAG16_NO_KDF, byteSize=162, frameSize=161, readLen=161)]" classname="com.amazonaws.encryptionsdk.CryptoInputStreamTest$ParameterizedEncryptDecryptTest" time="0"/>
  <testcase name="encryptDecrypt[942: encryptDecrypt(algorithm=ALG_AES_256_GCM_IV12_TAG16_NO_KDF, byteSize=162, frameSize=161, readLen=162)]" classname="com.amazonaws.encryptionsdk.CryptoInputStreamTest$ParameterizedEncryptDecryptTest" time="0"/>
  <testcase name="encryptDecrypt[943: encryptDecrypt(algorithm=ALG_AES_256_GCM_IV12_TAG16_NO_KDF, byteSize=162, frameSize=161, readLen=163)]" classname="com.amazonaws.encryptionsdk.CryptoInputStreamTest$ParameterizedEncryptDecryptTest" time="0"/>
  <testcase name="encryptDecrypt[944: encryptDecrypt(algorithm=ALG_AES_256_GCM_IV12_TAG16_NO_KDF, byteSize=162, frameSize=161, readLen=324)]" classname="com.amazonaws.encryptionsdk.CryptoInputStreamTest$ParameterizedEncryptDecryptTest" time="0"/>
  <testcase name="encryptDecrypt[945: encryptDecrypt(algorithm=ALG_AES_256_GCM_IV12_TAG16_NO_KDF, byteSize=162, frameSize=161, readLen=1,000,000)]" classname="com.amazonaws.encryptionsdk.CryptoInputStreamTest$ParameterizedEncryptDecryptTest" time="0"/>
  <testcase name="encryptDecrypt[946: encryptDecrypt(algorithm=ALG_AES_256_GCM_IV12_TAG16_NO_KDF, byteSize=241, frameSize=161, readLen=1)]" classname="com.amazonaws.encryptionsdk.CryptoInputStreamTest$ParameterizedEncryptDecryptTest" time="0"/>
  <testcase name="encryptDecrypt[947: encryptDecrypt(algorithm=ALG_AES_256_GCM_IV12_TAG16_NO_KDF, byteSize=241, frameSize=161, readLen=240)]" classname="com.amazonaws.encryptionsdk.CryptoInputStreamTest$ParameterizedEncryptDecryptTest" time="0"/>
  <testcase name="encryptDecrypt[948: encryptDecrypt(algorithm=ALG_AES_256_GCM_IV12_TAG16_NO_KDF, byteSize=241, frameSize=161, readLen=241)]" classname="com.amazonaws.encryptionsdk.CryptoInputStreamTest$ParameterizedEncryptDecryptTest" time="0"/>
  <testcase name="encryptDecrypt[949: encryptDecrypt(algorithm=ALG_AES_256_GCM_IV12_TAG16_NO_KDF, byteSize=241, frameSize=161, readLen=242)]" classname="com.amazonaws.encryptionsdk.CryptoInputStreamTest$ParameterizedEncryptDecryptTest" time="0.001"/>
  <testcase name="encryptDecrypt[950: encryptDecrypt(algorithm=ALG_AES_256_GCM_IV12_TAG16_NO_KDF, byteSize=241, frameSize=161, readLen=482)]" classname="com.amazonaws.encryptionsdk.CryptoInputStreamTest$ParameterizedEncryptDecryptTest" time="0"/>
  <testcase name="encryptDecrypt[951: encryptDecrypt(algorithm=ALG_AES_256_GCM_IV12_TAG16_NO_KDF, byteSize=241, frameSize=161, readLen=1,000,000)]" classname="com.amazonaws.encryptionsdk.CryptoInputStreamTest$ParameterizedEncryptDecryptTest" time="0"/>
  <testcase name="encryptDecrypt[952: encryptDecrypt(algorithm=ALG_AES_256_GCM_IV12_TAG16_NO_KDF, byteSize=322, frameSize=161, readLen=1)]" classname="com.amazonaws.encryptionsdk.CryptoInputStreamTest$ParameterizedEncryptDecryptTest" time="0"/>
  <testcase name="encryptDecrypt[953: encryptDecrypt(algorithm=ALG_AES_256_GCM_IV12_TAG16_NO_KDF, byteSize=322, frameSize=161, readLen=321)]" classname="com.amazonaws.encryptionsdk.CryptoInputStreamTest$ParameterizedEncryptDecryptTest" time="0"/>
  <testcase name="encryptDecrypt[954: encryptDecrypt(algorithm=ALG_AES_256_GCM_IV12_TAG16_NO_KDF, byteSize=322, frameSize=161, readLen=322)]" classname="com.amazonaws.encryptionsdk.CryptoInputStreamTest$ParameterizedEncryptDecryptTest" time="0"/>
  <testcase name="encryptDecrypt[955: encryptDecrypt(algorithm=ALG_AES_256_GCM_IV12_TAG16_NO_KDF, byteSize=322, frameSize=161, readLen=323)]" classname="com.amazonaws.encryptionsdk.CryptoInputStreamTest$ParameterizedEncryptDecryptTest" time="0"/>
  <testcase name="encryptDecrypt[956: encryptDecrypt(algorithm=ALG_AES_256_GCM_IV12_TAG16_NO_KDF, byteSize=322, frameSize=161, readLen=644)]" classname="com.amazonaws.encryptionsdk.CryptoInputStreamTest$ParameterizedEncryptDecryptTest" time="0"/>
  <testcase name="encryptDecrypt[957: encryptDecrypt(algorithm=ALG_AES_256_GCM_IV12_TAG16_NO_KDF, byteSize=322, frameSize=161, readLen=1,000,000)]" classname="com.amazonaws.encryptionsdk.CryptoInputStreamTest$ParameterizedEncryptDecryptTest" time="0"/>
  <testcase name="encryptDecrypt[958: encryptDecrypt(algorithm=ALG_AES_256_GCM_IV12_TAG16_NO_KDF, byteSize=1,000,000, frameSize=161, readLen=1)]" classname="com.amazonaws.encryptionsdk.CryptoInputStreamTest$ParameterizedEncryptDecryptTest" time="0.033"/>
  <testcase name="encryptDecrypt[959: encryptDecrypt(algorithm=ALG_AES_256_GCM_IV12_TAG16_NO_KDF, byteSize=1,000,000, frameSize=161, readLen=999,999)]" classname="com.amazonaws.encryptionsdk.CryptoInputStreamTest$ParameterizedEncryptDecryptTest" time="0.016"/>
  <testcase name="encryptDecrypt[960: encryptDecrypt(algorithm=ALG_AES_256_GCM_IV12_TAG16_NO_KDF, byteSize=1,000,000, frameSize=161, readLen=1,000,000)]" classname="com.amazonaws.encryptionsdk.CryptoInputStreamTest$ParameterizedEncryptDecryptTest" time="0.016"/>
  <testcase name="encryptDecrypt[961: encryptDecrypt(algorithm=ALG_AES_256_GCM_IV12_TAG16_NO_KDF, byteSize=1,000,000, frameSize=161, readLen=1,000,001)]" classname="com.amazonaws.encryptionsdk.CryptoInputStreamTest$ParameterizedEncryptDecryptTest" time="0.015"/>
  <testcase name="encryptDecrypt[962: encryptDecrypt(algorithm=ALG_AES_256_GCM_IV12_TAG16_NO_KDF, byteSize=1,000,000, frameSize=161, readLen=2,000,000)]" classname="com.amazonaws.encryptionsdk.CryptoInputStreamTest$ParameterizedEncryptDecryptTest" time="0.015"/>
  <testcase name="encryptDecrypt[963: encryptDecrypt(algorithm=ALG_AES_256_GCM_IV12_TAG16_NO_KDF, byteSize=1,000,000, frameSize=161, readLen=1,000,000)]" classname="com.amazonaws.encryptionsdk.CryptoInputStreamTest$ParameterizedEncryptDecryptTest" time="0.016"/>
  <testcase name="encryptDecrypt[964: encryptDecrypt(algorithm=ALG_AES_256_GCM_IV12_TAG16_NO_KDF, byteSize=0, frameSize=4,096, readLen=1)]" classname="com.amazonaws.encryptionsdk.CryptoInputStreamTest$ParameterizedEncryptDecryptTest" time="0"/>
  <testcase name="encryptDecrypt[965: encryptDecrypt(algorithm=ALG_AES_256_GCM_IV12_TAG16_NO_KDF, byteSize=0, frameSize=4,096, readLen=1)]" classname="com.amazonaws.encryptionsdk.CryptoInputStreamTest$ParameterizedEncryptDecryptTest" time="0"/>
  <testcase name="encryptDecrypt[966: encryptDecrypt(algorithm=ALG_AES_256_GCM_IV12_TAG16_NO_KDF, byteSize=0, frameSize=4,096, readLen=1,000,000)]" classname="com.amazonaws.encryptionsdk.CryptoInputStreamTest$ParameterizedEncryptDecryptTest" time="0"/>
  <testcase name="encryptDecrypt[967: encryptDecrypt(algorithm=ALG_AES_256_GCM_IV12_TAG16_NO_KDF, byteSize=1, frameSize=4,096, readLen=1)]" classname="com.amazonaws.encryptionsdk.CryptoInputStreamTest$ParameterizedEncryptDecryptTest" time="0"/>
  <testcase name="encryptDecrypt[968: encryptDecrypt(algorithm=ALG_AES_256_GCM_IV12_TAG16_NO_KDF, byteSize=1, frameSize=4,096, readLen=1)]" classname="com.amazonaws.encryptionsdk.CryptoInputStreamTest$ParameterizedEncryptDecryptTest" time="0"/>
  <testcase name="encryptDecrypt[969: encryptDecrypt(algorithm=ALG_AES_256_GCM_IV12_TAG16_NO_KDF, byteSize=1, frameSize=4,096, readLen=2)]" classname="com.amazonaws.encryptionsdk.CryptoInputStreamTest$ParameterizedEncryptDecryptTest" time="0"/>
  <testcase name="encryptDecrypt[970: encryptDecrypt(algorithm=ALG_AES_256_GCM_IV12_TAG16_NO_KDF, byteSize=1, frameSize=4,096, readLen=2)]" classname="com.amazonaws.encryptionsdk.CryptoInputStreamTest$ParameterizedEncryptDecryptTest" time="0"/>
  <testcase name="encryptDecrypt[971: encryptDecrypt(algorithm=ALG_AES_256_GCM_IV12_TAG16_NO_KDF, byteSize=1, frameSize=4,096, readLen=1,000,000)]" classname="com.amazonaws.encryptionsdk.CryptoInputStreamTest$ParameterizedEncryptDecryptTest" time="0"/>
  <testcase name="encryptDecrypt[972: encryptDecrypt(algorithm=ALG_AES_256_GCM_IV12_TAG16_NO_KDF, byteSize=4,095, frameSize=4,096, readLen=1)]" classname="com.amazonaws.encryptionsdk.CryptoInputStreamTest$ParameterizedEncryptDecryptTest" time="0"/>
  <testcase name="encryptDecrypt[973: encryptDecrypt(algorithm=ALG_AES_256_GCM_IV12_TAG16_NO_KDF, byteSize=4,095, frameSize=4,096, readLen=4,094)]" classname="com.amazonaws.encryptionsdk.CryptoInputStreamTest$ParameterizedEncryptDecryptTest" time="0"/>
  <testcase name="encryptDecrypt[974: encryptDecrypt(algorithm=ALG_AES_256_GCM_IV12_TAG16_NO_KDF, byteSize=4,095, frameSize=4,096, readLen=4,095)]" classname="com.amazonaws.encryptionsdk.CryptoInputStreamTest$ParameterizedEncryptDecryptTest" time="0"/>
  <testcase name="encryptDecrypt[975: encryptDecrypt(algorithm=ALG_AES_256_GCM_IV12_TAG16_NO_KDF, byteSize=4,095, frameSize=4,096, readLen=4,096)]" classname="com.amazonaws.encryptionsdk.CryptoInputStreamTest$ParameterizedEncryptDecryptTest" time="0"/>
  <testcase name="encryptDecrypt[976: encryptDecrypt(algorithm=ALG_AES_256_GCM_IV12_TAG16_NO_KDF, byteSize=4,095, frameSize=4,096, readLen=8,190)]" classname="com.amazonaws.encryptionsdk.CryptoInputStreamTest$ParameterizedEncryptDecryptTest" time="0"/>
  <testcase name="encryptDecrypt[977: encryptDecrypt(algorithm=ALG_AES_256_GCM_IV12_TAG16_NO_KDF, byteSize=4,095, frameSize=4,096, readLen=1,000,000)]" classname="com.amazonaws.encryptionsdk.CryptoInputStreamTest$ParameterizedEncryptDecryptTest" time="0"/>
  <testcase name="encryptDecrypt[978: encryptDecrypt(algorithm=ALG_AES_256_GCM_IV12_TAG16_NO_KDF, byteSize=4,096, frameSize=4,096, readLen=1)]" classname="com.amazonaws.encryptionsdk.CryptoInputStreamTest$ParameterizedEncryptDecryptTest" time="0"/>
  <testcase name="encryptDecrypt[979: encryptDecrypt(algorithm=ALG_AES_256_GCM_IV12_TAG16_NO_KDF, byteSize=4,096, frameSize=4,096, readLen=4,095)]" classname="com.amazonaws.encryptionsdk.CryptoInputStreamTest$ParameterizedEncryptDecryptTest" time="0"/>
  <testcase name="encryptDecrypt[980: encryptDecrypt(algorithm=ALG_AES_256_GCM_IV12_TAG16_NO_KDF, byteSize=4,096, frameSize=4,096, readLen=4,096)]" classname="com.amazonaws.encryptionsdk.CryptoInputStreamTest$ParameterizedEncryptDecryptTest" time="0.001"/>
  <testcase name="encryptDecrypt[981: encryptDecrypt(algorithm=ALG_AES_256_GCM_IV12_TAG16_NO_KDF, byteSize=4,096, frameSize=4,096, readLen=4,097)]" classname="com.amazonaws.encryptionsdk.CryptoInputStreamTest$ParameterizedEncryptDecryptTest" time="0"/>
  <testcase name="encryptDecrypt[982: encryptDecrypt(algorithm=ALG_AES_256_GCM_IV12_TAG16_NO_KDF, byteSize=4,096, frameSize=4,096, readLen=8,192)]" classname="com.amazonaws.encryptionsdk.CryptoInputStreamTest$ParameterizedEncryptDecryptTest" time="0"/>
  <testcase name="encryptDecrypt[983: encryptDecrypt(algorithm=ALG_AES_256_GCM_IV12_TAG16_NO_KDF, byteSize=4,096, frameSize=4,096, readLen=1,000,000)]" classname="com.amazonaws.encryptionsdk.CryptoInputStreamTest$ParameterizedEncryptDecryptTest" time="0"/>
  <testcase name="encryptDecrypt[984: encryptDecrypt(algorithm=ALG_AES_256_GCM_IV12_TAG16_NO_KDF, byteSize=4,097, frameSize=4,096, readLen=1)]" classname="com.amazonaws.encryptionsdk.CryptoInputStreamTest$ParameterizedEncryptDecryptTest" time="0"/>
  <testcase name="encryptDecrypt[985: encryptDecrypt(algorithm=ALG_AES_256_GCM_IV12_TAG16_NO_KDF, byteSize=4,097, frameSize=4,096, readLen=4,096)]" classname="com.amazonaws.encryptionsdk.CryptoInputStreamTest$ParameterizedEncryptDecryptTest" time="0"/>
  <testcase name="encryptDecrypt[986: encryptDecrypt(algorithm=ALG_AES_256_GCM_IV12_TAG16_NO_KDF, byteSize=4,097, frameSize=4,096, readLen=4,097)]" classname="com.amazonaws.encryptionsdk.CryptoInputStreamTest$ParameterizedEncryptDecryptTest" time="0"/>
  <testcase name="encryptDecrypt[987: encryptDecrypt(algorithm=ALG_AES_256_GCM_IV12_TAG16_NO_KDF, byteSize=4,097, frameSize=4,096, readLen=4,098)]" classname="com.amazonaws.encryptionsdk.CryptoInputStreamTest$ParameterizedEncryptDecryptTest" time="0.001"/>
  <testcase name="encryptDecrypt[988: encryptDecrypt(algorithm=ALG_AES_256_GCM_IV12_TAG16_NO_KDF, byteSize=4,097, frameSize=4,096, readLen=8,194)]" classname="com.amazonaws.encryptionsdk.CryptoInputStreamTest$ParameterizedEncryptDecryptTest" time="0"/>
  <testcase name="encryptDecrypt[989: encryptDecrypt(algorithm=ALG_AES_256_GCM_IV12_TAG16_NO_KDF, byteSize=4,097, frameSize=4,096, readLen=1,000,000)]" classname="com.amazonaws.encryptionsdk.CryptoInputStreamTest$ParameterizedEncryptDecryptTest" time="0"/>
  <testcase name="encryptDecrypt[990: encryptDecrypt(algorithm=ALG_AES_256_GCM_IV12_TAG16_NO_KDF, byteSize=6,144, frameSize=4,096, readLen=1)]" classname="com.amazonaws.encryptionsdk.CryptoInputStreamTest$ParameterizedEncryptDecryptTest" time="0"/>
  <testcase name="encryptDecrypt[991: encryptDecrypt(algorithm=ALG_AES_256_GCM_IV12_TAG16_NO_KDF, byteSize=6,144, frameSize=4,096, readLen=6,143)]" classname="com.amazonaws.encryptionsdk.CryptoInputStreamTest$ParameterizedEncryptDecryptTest" time="0"/>
  <testcase name="encryptDecrypt[992: encryptDecrypt(algorithm=ALG_AES_256_GCM_IV12_TAG16_NO_KDF, byteSize=6,144, frameSize=4,096, readLen=6,144)]" classname="com.amazonaws.encryptionsdk.CryptoInputStreamTest$ParameterizedEncryptDecryptTest" time="0"/>
  <testcase name="encryptDecrypt[993: encryptDecrypt(algorithm=ALG_AES_256_GCM_IV12_TAG16_NO_KDF, byteSize=6,144, frameSize=4,096, readLen=6,145)]" classname="com.amazonaws.encryptionsdk.CryptoInputStreamTest$ParameterizedEncryptDecryptTest" time="0"/>
  <testcase name="encryptDecrypt[994: encryptDecrypt(algorithm=ALG_AES_256_GCM_IV12_TAG16_NO_KDF, byteSize=6,144, frameSize=4,096, readLen=12,288)]" classname="com.amazonaws.encryptionsdk.CryptoInputStreamTest$ParameterizedEncryptDecryptTest" time="0"/>
  <testcase name="encryptDecrypt[995: encryptDecrypt(algorithm=ALG_AES_256_GCM_IV12_TAG16_NO_KDF, byteSize=6,144, frameSize=4,096, readLen=1,000,000)]" classname="com.amazonaws.encryptionsdk.CryptoInputStreamTest$ParameterizedEncryptDecryptTest" time="0"/>
  <testcase name="encryptDecrypt[996: encryptDecrypt(algorithm=ALG_AES_256_GCM_IV12_TAG16_NO_KDF, byteSize=8,192, frameSize=4,096, readLen=1)]" classname="com.amazonaws.encryptionsdk.CryptoInputStreamTest$ParameterizedEncryptDecryptTest" time="0"/>
  <testcase name="encryptDecrypt[997: encryptDecrypt(algorithm=ALG_AES_256_GCM_IV12_TAG16_NO_KDF, byteSize=8,192, frameSize=4,096, readLen=8,191)]" classname="com.amazonaws.encryptionsdk.CryptoInputStreamTest$ParameterizedEncryptDecryptTest" time="0"/>
  <testcase name="encryptDecrypt[998: encryptDecrypt(algorithm=ALG_AES_256_GCM_IV12_TAG16_NO_KDF, byteSize=8,192, frameSize=4,096, readLen=8,192)]" classname="com.amazonaws.encryptionsdk.CryptoInputStreamTest$ParameterizedEncryptDecryptTest" time="0"/>
  <testcase name="encryptDecrypt[999: encryptDecrypt(algorithm=ALG_AES_256_GCM_IV12_TAG16_NO_KDF, byteSize=8,192, frameSize=4,096, readLen=8,193)]" classname="com.amazonaws.encryptionsdk.CryptoInputStreamTest$ParameterizedEncryptDecryptTest" time="0.001"/>
  <testcase name="encryptDecrypt[1000: encryptDecrypt(algorithm=ALG_AES_256_GCM_IV12_TAG16_NO_KDF, byteSize=8,192, frameSize=4,096, readLen=16,384)]" classname="com.amazonaws.encryptionsdk.CryptoInputStreamTest$ParameterizedEncryptDecryptTest" time="0"/>
  <testcase name="encryptDecrypt[1001: encryptDecrypt(algorithm=ALG_AES_256_GCM_IV12_TAG16_NO_KDF, byteSize=8,192, frameSize=4,096, readLen=1,000,000)]" classname="com.amazonaws.encryptionsdk.CryptoInputStreamTest$ParameterizedEncryptDecryptTest" time="0"/>
  <testcase name="encryptDecrypt[1002: encryptDecrypt(algorithm=ALG_AES_256_GCM_IV12_TAG16_NO_KDF, byteSize=1,000,000, frameSize=4,096, readLen=1)]" classname="com.amazonaws.encryptionsdk.CryptoInputStreamTest$ParameterizedEncryptDecryptTest" time="0.027"/>
  <testcase name="encryptDecrypt[1003: encryptDecrypt(algorithm=ALG_AES_256_GCM_IV12_TAG16_NO_KDF, byteSize=1,000,000, frameSize=4,096, readLen=999,999)]" classname="com.amazonaws.encryptionsdk.CryptoInputStreamTest$ParameterizedEncryptDecryptTest" time="0.009"/>
  <testcase name="encryptDecrypt[1004: encryptDecrypt(algorithm=ALG_AES_256_GCM_IV12_TAG16_NO_KDF, byteSize=1,000,000, frameSize=4,096, readLen=1,000,000)]" classname="com.amazonaws.encryptionsdk.CryptoInputStreamTest$ParameterizedEncryptDecryptTest" time="0.009"/>
  <testcase name="encryptDecrypt[1005: encryptDecrypt(algorithm=ALG_AES_256_GCM_IV12_TAG16_NO_KDF, byteSize=1,000,000, frameSize=4,096, readLen=1,000,001)]" classname="com.amazonaws.encryptionsdk.CryptoInputStreamTest$ParameterizedEncryptDecryptTest" time="0.009"/>
  <testcase name="encryptDecrypt[1006: encryptDecrypt(algorithm=ALG_AES_256_GCM_IV12_TAG16_NO_KDF, byteSize=1,000,000, frameSize=4,096, readLen=2,000,000)]" classname="com.amazonaws.encryptionsdk.CryptoInputStreamTest$ParameterizedEncryptDecryptTest" time="0.009"/>
  <testcase name="encryptDecrypt[1007: encryptDecrypt(algorithm=ALG_AES_256_GCM_IV12_TAG16_NO_KDF, byteSize=1,000,000, frameSize=4,096, readLen=1,000,000)]" classname="com.amazonaws.encryptionsdk.CryptoInputStreamTest$ParameterizedEncryptDecryptTest" time="0.008"/>
  <testcase name="encryptDecrypt[1008: encryptDecrypt(algorithm=ALG_AES_128_GCM_IV12_TAG16_HKDF_SHA256, byteSize=0, frameSize=0, readLen=1)]" classname="com.amazonaws.encryptionsdk.CryptoInputStreamTest$ParameterizedEncryptDecryptTest" time="0"/>
  <testcase name="encryptDecrypt[1009: encryptDecrypt(algorithm=ALG_AES_128_GCM_IV12_TAG16_HKDF_SHA256, byteSize=0, frameSize=0, readLen=1)]" classname="com.amazonaws.encryptionsdk.CryptoInputStreamTest$ParameterizedEncryptDecryptTest" time="0"/>
  <testcase name="encryptDecrypt[1010: encryptDecrypt(algorithm=ALG_AES_128_GCM_IV12_TAG16_HKDF_SHA256, byteSize=0, frameSize=0, readLen=1,000,000)]" classname="com.amazonaws.encryptionsdk.CryptoInputStreamTest$ParameterizedEncryptDecryptTest" time="0"/>
  <testcase name="encryptDecrypt[1011: encryptDecrypt(algorithm=ALG_AES_128_GCM_IV12_TAG16_HKDF_SHA256, byteSize=1, frameSize=0, readLen=1)]" classname="com.amazonaws.encryptionsdk.CryptoInputStreamTest$ParameterizedEncryptDecryptTest" time="0"/>
  <testcase name="encryptDecrypt[1012: encryptDecrypt(algorithm=ALG_AES_128_GCM_IV12_TAG16_HKDF_SHA256, byteSize=1, frameSize=0, readLen=1)]" classname="com.amazonaws.encryptionsdk.CryptoInputStreamTest$ParameterizedEncryptDecryptTest" time="0"/>
  <testcase name="encryptDecrypt[1013: encryptDecrypt(algorithm=ALG_AES_128_GCM_IV12_TAG16_HKDF_SHA256, byteSize=1, frameSize=0, readLen=2)]" classname="com.amazonaws.encryptionsdk.CryptoInputStreamTest$ParameterizedEncryptDecryptTest" time="0"/>
  <testcase name="encryptDecrypt[1014: encryptDecrypt(algorithm=ALG_AES_128_GCM_IV12_TAG16_HKDF_SHA256, byteSize=1, frameSize=0, readLen=2)]" classname="com.amazonaws.encryptionsdk.CryptoInputStreamTest$ParameterizedEncryptDecryptTest" time="0"/>
  <testcase name="encryptDecrypt[1015: encryptDecrypt(algorithm=ALG_AES_128_GCM_IV12_TAG16_HKDF_SHA256, byteSize=1, frameSize=0, readLen=1,000,000)]" classname="com.amazonaws.encryptionsdk.CryptoInputStreamTest$ParameterizedEncryptDecryptTest" time="0.001"/>
  <testcase name="encryptDecrypt[1016: encryptDecrypt(algorithm=ALG_AES_128_GCM_IV12_TAG16_HKDF_SHA256, byteSize=0, frameSize=0, readLen=1)]" classname="com.amazonaws.encryptionsdk.CryptoInputStreamTest$ParameterizedEncryptDecryptTest" time="0"/>
  <testcase name="encryptDecrypt[1017: encryptDecrypt(algorithm=ALG_AES_128_GCM_IV12_TAG16_HKDF_SHA256, byteSize=0, frameSize=0, readLen=1)]" classname="com.amazonaws.encryptionsdk.CryptoInputStreamTest$ParameterizedEncryptDecryptTest" time="0"/>
  <testcase name="encryptDecrypt[1018: encryptDecrypt(algorithm=ALG_AES_128_GCM_IV12_TAG16_HKDF_SHA256, byteSize=0, frameSize=0, readLen=1,000,000)]" classname="com.amazonaws.encryptionsdk.CryptoInputStreamTest$ParameterizedEncryptDecryptTest" time="0"/>
  <testcase name="encryptDecrypt[1019: encryptDecrypt(algorithm=ALG_AES_128_GCM_IV12_TAG16_HKDF_SHA256, byteSize=1, frameSize=0, readLen=1)]" classname="com.amazonaws.encryptionsdk.CryptoInputStreamTest$ParameterizedEncryptDecryptTest" time="0"/>
  <testcase name="encryptDecrypt[1020: encryptDecrypt(algorithm=ALG_AES_128_GCM_IV12_TAG16_HKDF_SHA256, byteSize=1, frameSize=0, readLen=1)]" classname="com.amazonaws.encryptionsdk.CryptoInputStreamTest$ParameterizedEncryptDecryptTest" time="0.001"/>
  <testcase name="encryptDecrypt[1021: encryptDecrypt(algorithm=ALG_AES_128_GCM_IV12_TAG16_HKDF_SHA256, byteSize=1, frameSize=0, readLen=2)]" classname="com.amazonaws.encryptionsdk.CryptoInputStreamTest$ParameterizedEncryptDecryptTest" time="0"/>
  <testcase name="encryptDecrypt[1022: encryptDecrypt(algorithm=ALG_AES_128_GCM_IV12_TAG16_HKDF_SHA256, byteSize=1, frameSize=0, readLen=2)]" classname="com.amazonaws.encryptionsdk.CryptoInputStreamTest$ParameterizedEncryptDecryptTest" time="0"/>
  <testcase name="encryptDecrypt[1023: encryptDecrypt(algorithm=ALG_AES_128_GCM_IV12_TAG16_HKDF_SHA256, byteSize=1, frameSize=0, readLen=1,000,000)]" classname="com.amazonaws.encryptionsdk.CryptoInputStreamTest$ParameterizedEncryptDecryptTest" time="0"/>
  <testcase name="encryptDecrypt[1024: encryptDecrypt(algorithm=ALG_AES_128_GCM_IV12_TAG16_HKDF_SHA256, byteSize=0, frameSize=0, readLen=1)]" classname="com.amazonaws.encryptionsdk.CryptoInputStreamTest$ParameterizedEncryptDecryptTest" time="0"/>
  <testcase name="encryptDecrypt[1025: encryptDecrypt(algorithm=ALG_AES_128_GCM_IV12_TAG16_HKDF_SHA256, byteSize=0, frameSize=0, readLen=1)]" classname="com.amazonaws.encryptionsdk.CryptoInputStreamTest$ParameterizedEncryptDecryptTest" time="0"/>
  <testcase name="encryptDecrypt[1026: encryptDecrypt(algorithm=ALG_AES_128_GCM_IV12_TAG16_HKDF_SHA256, byteSize=0, frameSize=0, readLen=1,000,000)]" classname="com.amazonaws.encryptionsdk.CryptoInputStreamTest$ParameterizedEncryptDecryptTest" time="0.001"/>
  <testcase name="encryptDecrypt[1027: encryptDecrypt(algorithm=ALG_AES_128_GCM_IV12_TAG16_HKDF_SHA256, byteSize=0, frameSize=0, readLen=1)]" classname="com.amazonaws.encryptionsdk.CryptoInputStreamTest$ParameterizedEncryptDecryptTest" time="0"/>
  <testcase name="encryptDecrypt[1028: encryptDecrypt(algorithm=ALG_AES_128_GCM_IV12_TAG16_HKDF_SHA256, byteSize=0, frameSize=0, readLen=1)]" classname="com.amazonaws.encryptionsdk.CryptoInputStreamTest$ParameterizedEncryptDecryptTest" time="0"/>
  <testcase name="encryptDecrypt[1029: encryptDecrypt(algorithm=ALG_AES_128_GCM_IV12_TAG16_HKDF_SHA256, byteSize=0, frameSize=0, readLen=1,000,000)]" classname="com.amazonaws.encryptionsdk.CryptoInputStreamTest$ParameterizedEncryptDecryptTest" time="0"/>
  <testcase name="encryptDecrypt[1030: encryptDecrypt(algorithm=ALG_AES_128_GCM_IV12_TAG16_HKDF_SHA256, byteSize=1,000,000, frameSize=0, readLen=1)]" classname="com.amazonaws.encryptionsdk.CryptoInputStreamTest$ParameterizedEncryptDecryptTest" time="0.059"/>
  <testcase name="encryptDecrypt[1031: encryptDecrypt(algorithm=ALG_AES_128_GCM_IV12_TAG16_HKDF_SHA256, byteSize=1,000,000, frameSize=0, readLen=999,999)]" classname="com.amazonaws.encryptionsdk.CryptoInputStreamTest$ParameterizedEncryptDecryptTest" time="0.041"/>
  <testcase name="encryptDecrypt[1032: encryptDecrypt(algorithm=ALG_AES_128_GCM_IV12_TAG16_HKDF_SHA256, byteSize=1,000,000, frameSize=0, readLen=1,000,000)]" classname="com.amazonaws.encryptionsdk.CryptoInputStreamTest$ParameterizedEncryptDecryptTest" time="0.049"/>
  <testcase name="encryptDecrypt[1033: encryptDecrypt(algorithm=ALG_AES_128_GCM_IV12_TAG16_HKDF_SHA256, byteSize=1,000,000, frameSize=0, readLen=1,000,001)]" classname="com.amazonaws.encryptionsdk.CryptoInputStreamTest$ParameterizedEncryptDecryptTest" time="0.041"/>
  <testcase name="encryptDecrypt[1034: encryptDecrypt(algorithm=ALG_AES_128_GCM_IV12_TAG16_HKDF_SHA256, byteSize=1,000,000, frameSize=0, readLen=2,000,000)]" classname="com.amazonaws.encryptionsdk.CryptoInputStreamTest$ParameterizedEncryptDecryptTest" time="0.042"/>
  <testcase name="encryptDecrypt[1035: encryptDecrypt(algorithm=ALG_AES_128_GCM_IV12_TAG16_HKDF_SHA256, byteSize=1,000,000, frameSize=0, readLen=1,000,000)]" classname="com.amazonaws.encryptionsdk.CryptoInputStreamTest$ParameterizedEncryptDecryptTest" time="0.041"/>
  <testcase name="encryptDecrypt[1036: encryptDecrypt(algorithm=ALG_AES_128_GCM_IV12_TAG16_HKDF_SHA256, byteSize=0, frameSize=15, readLen=1)]" classname="com.amazonaws.encryptionsdk.CryptoInputStreamTest$ParameterizedEncryptDecryptTest" time="0"/>
  <testcase name="encryptDecrypt[1037: encryptDecrypt(algorithm=ALG_AES_128_GCM_IV12_TAG16_HKDF_SHA256, byteSize=0, frameSize=15, readLen=1)]" classname="com.amazonaws.encryptionsdk.CryptoInputStreamTest$ParameterizedEncryptDecryptTest" time="0"/>
  <testcase name="encryptDecrypt[1038: encryptDecrypt(algorithm=ALG_AES_128_GCM_IV12_TAG16_HKDF_SHA256, byteSize=0, frameSize=15, readLen=1,000,000)]" classname="com.amazonaws.encryptionsdk.CryptoInputStreamTest$ParameterizedEncryptDecryptTest" time="0.001"/>
  <testcase name="encryptDecrypt[1039: encryptDecrypt(algorithm=ALG_AES_128_GCM_IV12_TAG16_HKDF_SHA256, byteSize=1, frameSize=15, readLen=1)]" classname="com.amazonaws.encryptionsdk.CryptoInputStreamTest$ParameterizedEncryptDecryptTest" time="0"/>
  <testcase name="encryptDecrypt[1040: encryptDecrypt(algorithm=ALG_AES_128_GCM_IV12_TAG16_HKDF_SHA256, byteSize=1, frameSize=15, readLen=1)]" classname="com.amazonaws.encryptionsdk.CryptoInputStreamTest$ParameterizedEncryptDecryptTest" time="0"/>
  <testcase name="encryptDecrypt[1041: encryptDecrypt(algorithm=ALG_AES_128_GCM_IV12_TAG16_HKDF_SHA256, byteSize=1, frameSize=15, readLen=2)]" classname="com.amazonaws.encryptionsdk.CryptoInputStreamTest$ParameterizedEncryptDecryptTest" time="0"/>
  <testcase name="encryptDecrypt[1042: encryptDecrypt(algorithm=ALG_AES_128_GCM_IV12_TAG16_HKDF_SHA256, byteSize=1, frameSize=15, readLen=2)]" classname="com.amazonaws.encryptionsdk.CryptoInputStreamTest$ParameterizedEncryptDecryptTest" time="0"/>
  <testcase name="encryptDecrypt[1043: encryptDecrypt(algorithm=ALG_AES_128_GCM_IV12_TAG16_HKDF_SHA256, byteSize=1, frameSize=15, readLen=1,000,000)]" classname="com.amazonaws.encryptionsdk.CryptoInputStreamTest$ParameterizedEncryptDecryptTest" time="0"/>
  <testcase name="encryptDecrypt[1044: encryptDecrypt(algorithm=ALG_AES_128_GCM_IV12_TAG16_HKDF_SHA256, byteSize=14, frameSize=15, readLen=1)]" classname="com.amazonaws.encryptionsdk.CryptoInputStreamTest$ParameterizedEncryptDecryptTest" time="0.001"/>
  <testcase name="encryptDecrypt[1045: encryptDecrypt(algorithm=ALG_AES_128_GCM_IV12_TAG16_HKDF_SHA256, byteSize=14, frameSize=15, readLen=13)]" classname="com.amazonaws.encryptionsdk.CryptoInputStreamTest$ParameterizedEncryptDecryptTest" time="0"/>
  <testcase name="encryptDecrypt[1046: encryptDecrypt(algorithm=ALG_AES_128_GCM_IV12_TAG16_HKDF_SHA256, byteSize=14, frameSize=15, readLen=14)]" classname="com.amazonaws.encryptionsdk.CryptoInputStreamTest$ParameterizedEncryptDecryptTest" time="0"/>
  <testcase name="encryptDecrypt[1047: encryptDecrypt(algorithm=ALG_AES_128_GCM_IV12_TAG16_HKDF_SHA256, byteSize=14, frameSize=15, readLen=15)]" classname="com.amazonaws.encryptionsdk.CryptoInputStreamTest$ParameterizedEncryptDecryptTest" time="0"/>
  <testcase name="encryptDecrypt[1048: encryptDecrypt(algorithm=ALG_AES_128_GCM_IV12_TAG16_HKDF_SHA256, byteSize=14, frameSize=15, readLen=28)]" classname="com.amazonaws.encryptionsdk.CryptoInputStreamTest$ParameterizedEncryptDecryptTest" time="0"/>
  <testcase name="encryptDecrypt[1049: encryptDecrypt(algorithm=ALG_AES_128_GCM_IV12_TAG16_HKDF_SHA256, byteSize=14, frameSize=15, readLen=1,000,000)]" classname="com.amazonaws.encryptionsdk.CryptoInputStreamTest$ParameterizedEncryptDecryptTest" time="0"/>
  <testcase name="encryptDecrypt[1050: encryptDecrypt(algorithm=ALG_AES_128_GCM_IV12_TAG16_HKDF_SHA256, byteSize=15, frameSize=15, readLen=1)]" classname="com.amazonaws.encryptionsdk.CryptoInputStreamTest$ParameterizedEncryptDecryptTest" time="0"/>
  <testcase name="encryptDecrypt[1051: encryptDecrypt(algorithm=ALG_AES_128_GCM_IV12_TAG16_HKDF_SHA256, byteSize=15, frameSize=15, readLen=14)]" classname="com.amazonaws.encryptionsdk.CryptoInputStreamTest$ParameterizedEncryptDecryptTest" time="0"/>
  <testcase name="encryptDecrypt[1052: encryptDecrypt(algorithm=ALG_AES_128_GCM_IV12_TAG16_HKDF_SHA256, byteSize=15, frameSize=15, readLen=15)]" classname="com.amazonaws.encryptionsdk.CryptoInputStreamTest$ParameterizedEncryptDecryptTest" time="0"/>
  <testcase name="encryptDecrypt[1053: encryptDecrypt(algorithm=ALG_AES_128_GCM_IV12_TAG16_HKDF_SHA256, byteSize=15, frameSize=15, readLen=16)]" classname="com.amazonaws.encryptionsdk.CryptoInputStreamTest$ParameterizedEncryptDecryptTest" time="0"/>
  <testcase name="encryptDecrypt[1054: encryptDecrypt(algorithm=ALG_AES_128_GCM_IV12_TAG16_HKDF_SHA256, byteSize=15, frameSize=15, readLen=30)]" classname="com.amazonaws.encryptionsdk.CryptoInputStreamTest$ParameterizedEncryptDecryptTest" time="0"/>
  <testcase name="encryptDecrypt[1055: encryptDecrypt(algorithm=ALG_AES_128_GCM_IV12_TAG16_HKDF_SHA256, byteSize=15, frameSize=15, readLen=1,000,000)]" classname="com.amazonaws.encryptionsdk.CryptoInputStreamTest$ParameterizedEncryptDecryptTest" time="0"/>
  <testcase name="encryptDecrypt[1056: encryptDecrypt(algorithm=ALG_AES_128_GCM_IV12_TAG16_HKDF_SHA256, byteSize=16, frameSize=15, readLen=1)]" classname="com.amazonaws.encryptionsdk.CryptoInputStreamTest$ParameterizedEncryptDecryptTest" time="0"/>
  <testcase name="encryptDecrypt[1057: encryptDecrypt(algorithm=ALG_AES_128_GCM_IV12_TAG16_HKDF_SHA256, byteSize=16, frameSize=15, readLen=15)]" classname="com.amazonaws.encryptionsdk.CryptoInputStreamTest$ParameterizedEncryptDecryptTest" time="0"/>
  <testcase name="encryptDecrypt[1058: encryptDecrypt(algorithm=ALG_AES_128_GCM_IV12_TAG16_HKDF_SHA256, byteSize=16, frameSize=15, readLen=16)]" classname="com.amazonaws.encryptionsdk.CryptoInputStreamTest$ParameterizedEncryptDecryptTest" time="0"/>
  <testcase name="encryptDecrypt[1059: encryptDecrypt(algorithm=ALG_AES_128_GCM_IV12_TAG16_HKDF_SHA256, byteSize=16, frameSize=15, readLen=17)]" classname="com.amazonaws.encryptionsdk.CryptoInputStreamTest$ParameterizedEncryptDecryptTest" time="0"/>
  <testcase name="encryptDecrypt[1060: encryptDecrypt(algorithm=ALG_AES_128_GCM_IV12_TAG16_HKDF_SHA256, byteSize=16, frameSize=15, readLen=32)]" classname="com.amazonaws.encryptionsdk.CryptoInputStreamTest$ParameterizedEncryptDecryptTest" time="0"/>
  <testcase name="encryptDecrypt[1061: encryptDecrypt(algorithm=ALG_AES_128_GCM_IV12_TAG16_HKDF_SHA256, byteSize=16, frameSize=15, readLen=1,000,000)]" classname="com.amazonaws.encryptionsdk.CryptoInputStreamTest$ParameterizedEncryptDecryptTest" time="0.001"/>
  <testcase name="encryptDecrypt[1062: encryptDecrypt(algorithm=ALG_AES_128_GCM_IV12_TAG16_HKDF_SHA256, byteSize=22, frameSize=15, readLen=1)]" classname="com.amazonaws.encryptionsdk.CryptoInputStreamTest$ParameterizedEncryptDecryptTest" time="0"/>
  <testcase name="encryptDecrypt[1063: encryptDecrypt(algorithm=ALG_AES_128_GCM_IV12_TAG16_HKDF_SHA256, byteSize=22, frameSize=15, readLen=21)]" classname="com.amazonaws.encryptionsdk.CryptoInputStreamTest$ParameterizedEncryptDecryptTest" time="0"/>
  <testcase name="encryptDecrypt[1064: encryptDecrypt(algorithm=ALG_AES_128_GCM_IV12_TAG16_HKDF_SHA256, byteSize=22, frameSize=15, readLen=22)]" classname="com.amazonaws.encryptionsdk.CryptoInputStreamTest$ParameterizedEncryptDecryptTest" time="0"/>
  <testcase name="encryptDecrypt[1065: encryptDecrypt(algorithm=ALG_AES_128_GCM_IV12_TAG16_HKDF_SHA256, byteSize=22, frameSize=15, readLen=23)]" classname="com.amazonaws.encryptionsdk.CryptoInputStreamTest$ParameterizedEncryptDecryptTest" time="0"/>
  <testcase name="encryptDecrypt[1066: encryptDecrypt(algorithm=ALG_AES_128_GCM_IV12_TAG16_HKDF_SHA256, byteSize=22, frameSize=15, readLen=44)]" classname="com.amazonaws.encryptionsdk.CryptoInputStreamTest$ParameterizedEncryptDecryptTest" time="0"/>
  <testcase name="encryptDecrypt[1067: encryptDecrypt(algorithm=ALG_AES_128_GCM_IV12_TAG16_HKDF_SHA256, byteSize=22, frameSize=15, readLen=1,000,000)]" classname="com.amazonaws.encryptionsdk.CryptoInputStreamTest$ParameterizedEncryptDecryptTest" time="0"/>
  <testcase name="encryptDecrypt[1068: encryptDecrypt(algorithm=ALG_AES_128_GCM_IV12_TAG16_HKDF_SHA256, byteSize=30, frameSize=15, readLen=1)]" classname="com.amazonaws.encryptionsdk.CryptoInputStreamTest$ParameterizedEncryptDecryptTest" time="0"/>
  <testcase name="encryptDecrypt[1069: encryptDecrypt(algorithm=ALG_AES_128_GCM_IV12_TAG16_HKDF_SHA256, byteSize=30, frameSize=15, readLen=29)]" classname="com.amazonaws.encryptionsdk.CryptoInputStreamTest$ParameterizedEncryptDecryptTest" time="0.001"/>
  <testcase name="encryptDecrypt[1070: encryptDecrypt(algorithm=ALG_AES_128_GCM_IV12_TAG16_HKDF_SHA256, byteSize=30, frameSize=15, readLen=30)]" classname="com.amazonaws.encryptionsdk.CryptoInputStreamTest$ParameterizedEncryptDecryptTest" time="0"/>
  <testcase name="encryptDecrypt[1071: encryptDecrypt(algorithm=ALG_AES_128_GCM_IV12_TAG16_HKDF_SHA256, byteSize=30, frameSize=15, readLen=31)]" classname="com.amazonaws.encryptionsdk.CryptoInputStreamTest$ParameterizedEncryptDecryptTest" time="0"/>
  <testcase name="encryptDecrypt[1072: encryptDecrypt(algorithm=ALG_AES_128_GCM_IV12_TAG16_HKDF_SHA256, byteSize=30, frameSize=15, readLen=60)]" classname="com.amazonaws.encryptionsdk.CryptoInputStreamTest$ParameterizedEncryptDecryptTest" time="0"/>
  <testcase name="encryptDecrypt[1073: encryptDecrypt(algorithm=ALG_AES_128_GCM_IV12_TAG16_HKDF_SHA256, byteSize=30, frameSize=15, readLen=1,000,000)]" classname="com.amazonaws.encryptionsdk.CryptoInputStreamTest$ParameterizedEncryptDecryptTest" time="0"/>
  <testcase name="encryptDecrypt[1074: encryptDecrypt(algorithm=ALG_AES_128_GCM_IV12_TAG16_HKDF_SHA256, byteSize=1,000,000, frameSize=15, readLen=1)]" classname="com.amazonaws.encryptionsdk.CryptoInputStreamTest$ParameterizedEncryptDecryptTest" time="0.099"/>
  <testcase name="encryptDecrypt[1075: encryptDecrypt(algorithm=ALG_AES_128_GCM_IV12_TAG16_HKDF_SHA256, byteSize=1,000,000, frameSize=15, readLen=999,999)]" classname="com.amazonaws.encryptionsdk.CryptoInputStreamTest$ParameterizedEncryptDecryptTest" time="0.079"/>
  <testcase name="encryptDecrypt[1076: encryptDecrypt(algorithm=ALG_AES_128_GCM_IV12_TAG16_HKDF_SHA256, byteSize=1,000,000, frameSize=15, readLen=1,000,000)]" classname="com.amazonaws.encryptionsdk.CryptoInputStreamTest$ParameterizedEncryptDecryptTest" time="0.082"/>
  <testcase name="encryptDecrypt[1077: encryptDecrypt(algorithm=ALG_AES_128_GCM_IV12_TAG16_HKDF_SHA256, byteSize=1,000,000, frameSize=15, readLen=1,000,001)]" classname="com.amazonaws.encryptionsdk.CryptoInputStreamTest$ParameterizedEncryptDecryptTest" time="0.077"/>
  <testcase name="encryptDecrypt[1078: encryptDecrypt(algorithm=ALG_AES_128_GCM_IV12_TAG16_HKDF_SHA256, byteSize=1,000,000, frameSize=15, readLen=2,000,000)]" classname="com.amazonaws.encryptionsdk.CryptoInputStreamTest$ParameterizedEncryptDecryptTest" time="0.076"/>
  <testcase name="encryptDecrypt[1079: encryptDecrypt(algorithm=ALG_AES_128_GCM_IV12_TAG16_HKDF_SHA256, byteSize=1,000,000, frameSize=15, readLen=1,000,000)]" classname="com.amazonaws.encryptionsdk.CryptoInputStreamTest$ParameterizedEncryptDecryptTest" time="0.076"/>
  <testcase name="encryptDecrypt[1080: encryptDecrypt(algorithm=ALG_AES_128_GCM_IV12_TAG16_HKDF_SHA256, byteSize=0, frameSize=16, readLen=1)]" classname="com.amazonaws.encryptionsdk.CryptoInputStreamTest$ParameterizedEncryptDecryptTest" time="0"/>
  <testcase name="encryptDecrypt[1081: encryptDecrypt(algorithm=ALG_AES_128_GCM_IV12_TAG16_HKDF_SHA256, byteSize=0, frameSize=16, readLen=1)]" classname="com.amazonaws.encryptionsdk.CryptoInputStreamTest$ParameterizedEncryptDecryptTest" time="0"/>
  <testcase name="encryptDecrypt[1082: encryptDecrypt(algorithm=ALG_AES_128_GCM_IV12_TAG16_HKDF_SHA256, byteSize=0, frameSize=16, readLen=1,000,000)]" classname="com.amazonaws.encryptionsdk.CryptoInputStreamTest$ParameterizedEncryptDecryptTest" time="0"/>
  <testcase name="encryptDecrypt[1083: encryptDecrypt(algorithm=ALG_AES_128_GCM_IV12_TAG16_HKDF_SHA256, byteSize=1, frameSize=16, readLen=1)]" classname="com.amazonaws.encryptionsdk.CryptoInputStreamTest$ParameterizedEncryptDecryptTest" time="0"/>
  <testcase name="encryptDecrypt[1084: encryptDecrypt(algorithm=ALG_AES_128_GCM_IV12_TAG16_HKDF_SHA256, byteSize=1, frameSize=16, readLen=1)]" classname="com.amazonaws.encryptionsdk.CryptoInputStreamTest$ParameterizedEncryptDecryptTest" time="0"/>
  <testcase name="encryptDecrypt[1085: encryptDecrypt(algorithm=ALG_AES_128_GCM_IV12_TAG16_HKDF_SHA256, byteSize=1, frameSize=16, readLen=2)]" classname="com.amazonaws.encryptionsdk.CryptoInputStreamTest$ParameterizedEncryptDecryptTest" time="0"/>
  <testcase name="encryptDecrypt[1086: encryptDecrypt(algorithm=ALG_AES_128_GCM_IV12_TAG16_HKDF_SHA256, byteSize=1, frameSize=16, readLen=2)]" classname="com.amazonaws.encryptionsdk.CryptoInputStreamTest$ParameterizedEncryptDecryptTest" time="0"/>
  <testcase name="encryptDecrypt[1087: encryptDecrypt(algorithm=ALG_AES_128_GCM_IV12_TAG16_HKDF_SHA256, byteSize=1, frameSize=16, readLen=1,000,000)]" classname="com.amazonaws.encryptionsdk.CryptoInputStreamTest$ParameterizedEncryptDecryptTest" time="0"/>
  <testcase name="encryptDecrypt[1088: encryptDecrypt(algorithm=ALG_AES_128_GCM_IV12_TAG16_HKDF_SHA256, byteSize=15, frameSize=16, readLen=1)]" classname="com.amazonaws.encryptionsdk.CryptoInputStreamTest$ParameterizedEncryptDecryptTest" time="0"/>
  <testcase name="encryptDecrypt[1089: encryptDecrypt(algorithm=ALG_AES_128_GCM_IV12_TAG16_HKDF_SHA256, byteSize=15, frameSize=16, readLen=14)]" classname="com.amazonaws.encryptionsdk.CryptoInputStreamTest$ParameterizedEncryptDecryptTest" time="0"/>
  <testcase name="encryptDecrypt[1090: encryptDecrypt(algorithm=ALG_AES_128_GCM_IV12_TAG16_HKDF_SHA256, byteSize=15, frameSize=16, readLen=15)]" classname="com.amazonaws.encryptionsdk.CryptoInputStreamTest$ParameterizedEncryptDecryptTest" time="0"/>
  <testcase name="encryptDecrypt[1091: encryptDecrypt(algorithm=ALG_AES_128_GCM_IV12_TAG16_HKDF_SHA256, byteSize=15, frameSize=16, readLen=16)]" classname="com.amazonaws.encryptionsdk.CryptoInputStreamTest$ParameterizedEncryptDecryptTest" time="0"/>
  <testcase name="encryptDecrypt[1092: encryptDecrypt(algorithm=ALG_AES_128_GCM_IV12_TAG16_HKDF_SHA256, byteSize=15, frameSize=16, readLen=30)]" classname="com.amazonaws.encryptionsdk.CryptoInputStreamTest$ParameterizedEncryptDecryptTest" time="0"/>
  <testcase name="encryptDecrypt[1093: encryptDecrypt(algorithm=ALG_AES_128_GCM_IV12_TAG16_HKDF_SHA256, byteSize=15, frameSize=16, readLen=1,000,000)]" classname="com.amazonaws.encryptionsdk.CryptoInputStreamTest$ParameterizedEncryptDecryptTest" time="0.001"/>
  <testcase name="encryptDecrypt[1094: encryptDecrypt(algorithm=ALG_AES_128_GCM_IV12_TAG16_HKDF_SHA256, byteSize=16, frameSize=16, readLen=1)]" classname="com.amazonaws.encryptionsdk.CryptoInputStreamTest$ParameterizedEncryptDecryptTest" time="0"/>
  <testcase name="encryptDecrypt[1095: encryptDecrypt(algorithm=ALG_AES_128_GCM_IV12_TAG16_HKDF_SHA256, byteSize=16, frameSize=16, readLen=15)]" classname="com.amazonaws.encryptionsdk.CryptoInputStreamTest$ParameterizedEncryptDecryptTest" time="0"/>
  <testcase name="encryptDecrypt[1096: encryptDecrypt(algorithm=ALG_AES_128_GCM_IV12_TAG16_HKDF_SHA256, byteSize=16, frameSize=16, readLen=16)]" classname="com.amazonaws.encryptionsdk.CryptoInputStreamTest$ParameterizedEncryptDecryptTest" time="0"/>
  <testcase name="encryptDecrypt[1097: encryptDecrypt(algorithm=ALG_AES_128_GCM_IV12_TAG16_HKDF_SHA256, byteSize=16, frameSize=16, readLen=17)]" classname="com.amazonaws.encryptionsdk.CryptoInputStreamTest$ParameterizedEncryptDecryptTest" time="0"/>
  <testcase name="encryptDecrypt[1098: encryptDecrypt(algorithm=ALG_AES_128_GCM_IV12_TAG16_HKDF_SHA256, byteSize=16, frameSize=16, readLen=32)]" classname="com.amazonaws.encryptionsdk.CryptoInputStreamTest$ParameterizedEncryptDecryptTest" time="0"/>
  <testcase name="encryptDecrypt[1099: encryptDecrypt(algorithm=ALG_AES_128_GCM_IV12_TAG16_HKDF_SHA256, byteSize=16, frameSize=16, readLen=1,000,000)]" classname="com.amazonaws.encryptionsdk.CryptoInputStreamTest$ParameterizedEncryptDecryptTest" time="0"/>
  <testcase name="encryptDecrypt[1100: encryptDecrypt(algorithm=ALG_AES_128_GCM_IV12_TAG16_HKDF_SHA256, byteSize=17, frameSize=16, readLen=1)]" classname="com.amazonaws.encryptionsdk.CryptoInputStreamTest$ParameterizedEncryptDecryptTest" time="0"/>
  <testcase name="encryptDecrypt[1101: encryptDecrypt(algorithm=ALG_AES_128_GCM_IV12_TAG16_HKDF_SHA256, byteSize=17, frameSize=16, readLen=16)]" classname="com.amazonaws.encryptionsdk.CryptoInputStreamTest$ParameterizedEncryptDecryptTest" time="0"/>
  <testcase name="encryptDecrypt[1102: encryptDecrypt(algorithm=ALG_AES_128_GCM_IV12_TAG16_HKDF_SHA256, byteSize=17, frameSize=16, readLen=17)]" classname="com.amazonaws.encryptionsdk.CryptoInputStreamTest$ParameterizedEncryptDecryptTest" time="0.001"/>
  <testcase name="encryptDecrypt[1103: encryptDecrypt(algorithm=ALG_AES_128_GCM_IV12_TAG16_HKDF_SHA256, byteSize=17, frameSize=16, readLen=18)]" classname="com.amazonaws.encryptionsdk.CryptoInputStreamTest$ParameterizedEncryptDecryptTest" time="0"/>
  <testcase name="encryptDecrypt[1104: encryptDecrypt(algorithm=ALG_AES_128_GCM_IV12_TAG16_HKDF_SHA256, byteSize=17, frameSize=16, readLen=34)]" classname="com.amazonaws.encryptionsdk.CryptoInputStreamTest$ParameterizedEncryptDecryptTest" time="0"/>
  <testcase name="encryptDecrypt[1105: encryptDecrypt(algorithm=ALG_AES_128_GCM_IV12_TAG16_HKDF_SHA256, byteSize=17, frameSize=16, readLen=1,000,000)]" classname="com.amazonaws.encryptionsdk.CryptoInputStreamTest$ParameterizedEncryptDecryptTest" time="0"/>
  <testcase name="encryptDecrypt[1106: encryptDecrypt(algorithm=ALG_AES_128_GCM_IV12_TAG16_HKDF_SHA256, byteSize=24, frameSize=16, readLen=1)]" classname="com.amazonaws.encryptionsdk.CryptoInputStreamTest$ParameterizedEncryptDecryptTest" time="0"/>
  <testcase name="encryptDecrypt[1107: encryptDecrypt(algorithm=ALG_AES_128_GCM_IV12_TAG16_HKDF_SHA256, byteSize=24, frameSize=16, readLen=23)]" classname="com.amazonaws.encryptionsdk.CryptoInputStreamTest$ParameterizedEncryptDecryptTest" time="0"/>
  <testcase name="encryptDecrypt[1108: encryptDecrypt(algorithm=ALG_AES_128_GCM_IV12_TAG16_HKDF_SHA256, byteSize=24, frameSize=16, readLen=24)]" classname="com.amazonaws.encryptionsdk.CryptoInputStreamTest$ParameterizedEncryptDecryptTest" time="0"/>
  <testcase name="encryptDecrypt[1109: encryptDecrypt(algorithm=ALG_AES_128_GCM_IV12_TAG16_HKDF_SHA256, byteSize=24, frameSize=16, readLen=25)]" classname="com.amazonaws.encryptionsdk.CryptoInputStreamTest$ParameterizedEncryptDecryptTest" time="0"/>
  <testcase name="encryptDecrypt[1110: encryptDecrypt(algorithm=ALG_AES_128_GCM_IV12_TAG16_HKDF_SHA256, byteSize=24, frameSize=16, readLen=48)]" classname="com.amazonaws.encryptionsdk.CryptoInputStreamTest$ParameterizedEncryptDecryptTest" time="0"/>
  <testcase name="encryptDecrypt[1111: encryptDecrypt(algorithm=ALG_AES_128_GCM_IV12_TAG16_HKDF_SHA256, byteSize=24, frameSize=16, readLen=1,000,000)]" classname="com.amazonaws.encryptionsdk.CryptoInputStreamTest$ParameterizedEncryptDecryptTest" time="0.001"/>
  <testcase name="encryptDecrypt[1112: encryptDecrypt(algorithm=ALG_AES_128_GCM_IV12_TAG16_HKDF_SHA256, byteSize=32, frameSize=16, readLen=1)]" classname="com.amazonaws.encryptionsdk.CryptoInputStreamTest$ParameterizedEncryptDecryptTest" time="0"/>
  <testcase name="encryptDecrypt[1113: encryptDecrypt(algorithm=ALG_AES_128_GCM_IV12_TAG16_HKDF_SHA256, byteSize=32, frameSize=16, readLen=31)]" classname="com.amazonaws.encryptionsdk.CryptoInputStreamTest$ParameterizedEncryptDecryptTest" time="0"/>
  <testcase name="encryptDecrypt[1114: encryptDecrypt(algorithm=ALG_AES_128_GCM_IV12_TAG16_HKDF_SHA256, byteSize=32, frameSize=16, readLen=32)]" classname="com.amazonaws.encryptionsdk.CryptoInputStreamTest$ParameterizedEncryptDecryptTest" time="0"/>
  <testcase name="encryptDecrypt[1115: encryptDecrypt(algorithm=ALG_AES_128_GCM_IV12_TAG16_HKDF_SHA256, byteSize=32, frameSize=16, readLen=33)]" classname="com.amazonaws.encryptionsdk.CryptoInputStreamTest$ParameterizedEncryptDecryptTest" time="0"/>
  <testcase name="encryptDecrypt[1116: encryptDecrypt(algorithm=ALG_AES_128_GCM_IV12_TAG16_HKDF_SHA256, byteSize=32, frameSize=16, readLen=64)]" classname="com.amazonaws.encryptionsdk.CryptoInputStreamTest$ParameterizedEncryptDecryptTest" time="0"/>
  <testcase name="encryptDecrypt[1117: encryptDecrypt(algorithm=ALG_AES_128_GCM_IV12_TAG16_HKDF_SHA256, byteSize=32, frameSize=16, readLen=1,000,000)]" classname="com.amazonaws.encryptionsdk.CryptoInputStreamTest$ParameterizedEncryptDecryptTest" time="0"/>
  <testcase name="encryptDecrypt[1118: encryptDecrypt(algorithm=ALG_AES_128_GCM_IV12_TAG16_HKDF_SHA256, byteSize=1,000,000, frameSize=16, readLen=1)]" classname="com.amazonaws.encryptionsdk.CryptoInputStreamTest$ParameterizedEncryptDecryptTest" time="0.091"/>
  <testcase name="encryptDecrypt[1119: encryptDecrypt(algorithm=ALG_AES_128_GCM_IV12_TAG16_HKDF_SHA256, byteSize=1,000,000, frameSize=16, readLen=999,999)]" classname="com.amazonaws.encryptionsdk.CryptoInputStreamTest$ParameterizedEncryptDecryptTest" time="0.07"/>
  <testcase name="encryptDecrypt[1120: encryptDecrypt(algorithm=ALG_AES_128_GCM_IV12_TAG16_HKDF_SHA256, byteSize=1,000,000, frameSize=16, readLen=1,000,000)]" classname="com.amazonaws.encryptionsdk.CryptoInputStreamTest$ParameterizedEncryptDecryptTest" time="0.069"/>
  <testcase name="encryptDecrypt[1121: encryptDecrypt(algorithm=ALG_AES_128_GCM_IV12_TAG16_HKDF_SHA256, byteSize=1,000,000, frameSize=16, readLen=1,000,001)]" classname="com.amazonaws.encryptionsdk.CryptoInputStreamTest$ParameterizedEncryptDecryptTest" time="0.07"/>
  <testcase name="encryptDecrypt[1122: encryptDecrypt(algorithm=ALG_AES_128_GCM_IV12_TAG16_HKDF_SHA256, byteSize=1,000,000, frameSize=16, readLen=2,000,000)]" classname="com.amazonaws.encryptionsdk.CryptoInputStreamTest$ParameterizedEncryptDecryptTest" time="0.07"/>
  <testcase name="encryptDecrypt[1123: encryptDecrypt(algorithm=ALG_AES_128_GCM_IV12_TAG16_HKDF_SHA256, byteSize=1,000,000, frameSize=16, readLen=1,000,000)]" classname="com.amazonaws.encryptionsdk.CryptoInputStreamTest$ParameterizedEncryptDecryptTest" time="0.07"/>
  <testcase name="encryptDecrypt[1124: encryptDecrypt(algorithm=ALG_AES_128_GCM_IV12_TAG16_HKDF_SHA256, byteSize=0, frameSize=17, readLen=1)]" classname="com.amazonaws.encryptionsdk.CryptoInputStreamTest$ParameterizedEncryptDecryptTest" time="0"/>
  <testcase name="encryptDecrypt[1125: encryptDecrypt(algorithm=ALG_AES_128_GCM_IV12_TAG16_HKDF_SHA256, byteSize=0, frameSize=17, readLen=1)]" classname="com.amazonaws.encryptionsdk.CryptoInputStreamTest$ParameterizedEncryptDecryptTest" time="0"/>
  <testcase name="encryptDecrypt[1126: encryptDecrypt(algorithm=ALG_AES_128_GCM_IV12_TAG16_HKDF_SHA256, byteSize=0, frameSize=17, readLen=1,000,000)]" classname="com.amazonaws.encryptionsdk.CryptoInputStreamTest$ParameterizedEncryptDecryptTest" time="0"/>
  <testcase name="encryptDecrypt[1127: encryptDecrypt(algorithm=ALG_AES_128_GCM_IV12_TAG16_HKDF_SHA256, byteSize=1, frameSize=17, readLen=1)]" classname="com.amazonaws.encryptionsdk.CryptoInputStreamTest$ParameterizedEncryptDecryptTest" time="0"/>
  <testcase name="encryptDecrypt[1128: encryptDecrypt(algorithm=ALG_AES_128_GCM_IV12_TAG16_HKDF_SHA256, byteSize=1, frameSize=17, readLen=1)]" classname="com.amazonaws.encryptionsdk.CryptoInputStreamTest$ParameterizedEncryptDecryptTest" time="0"/>
  <testcase name="encryptDecrypt[1129: encryptDecrypt(algorithm=ALG_AES_128_GCM_IV12_TAG16_HKDF_SHA256, byteSize=1, frameSize=17, readLen=2)]" classname="com.amazonaws.encryptionsdk.CryptoInputStreamTest$ParameterizedEncryptDecryptTest" time="0"/>
  <testcase name="encryptDecrypt[1130: encryptDecrypt(algorithm=ALG_AES_128_GCM_IV12_TAG16_HKDF_SHA256, byteSize=1, frameSize=17, readLen=2)]" classname="com.amazonaws.encryptionsdk.CryptoInputStreamTest$ParameterizedEncryptDecryptTest" time="0"/>
  <testcase name="encryptDecrypt[1131: encryptDecrypt(algorithm=ALG_AES_128_GCM_IV12_TAG16_HKDF_SHA256, byteSize=1, frameSize=17, readLen=1,000,000)]" classname="com.amazonaws.encryptionsdk.CryptoInputStreamTest$ParameterizedEncryptDecryptTest" time="0"/>
  <testcase name="encryptDecrypt[1132: encryptDecrypt(algorithm=ALG_AES_128_GCM_IV12_TAG16_HKDF_SHA256, byteSize=16, frameSize=17, readLen=1)]" classname="com.amazonaws.encryptionsdk.CryptoInputStreamTest$ParameterizedEncryptDecryptTest" time="0"/>
  <testcase name="encryptDecrypt[1133: encryptDecrypt(algorithm=ALG_AES_128_GCM_IV12_TAG16_HKDF_SHA256, byteSize=16, frameSize=17, readLen=15)]" classname="com.amazonaws.encryptionsdk.CryptoInputStreamTest$ParameterizedEncryptDecryptTest" time="0"/>
  <testcase name="encryptDecrypt[1134: encryptDecrypt(algorithm=ALG_AES_128_GCM_IV12_TAG16_HKDF_SHA256, byteSize=16, frameSize=17, readLen=16)]" classname="com.amazonaws.encryptionsdk.CryptoInputStreamTest$ParameterizedEncryptDecryptTest" time="0"/>
  <testcase name="encryptDecrypt[1135: encryptDecrypt(algorithm=ALG_AES_128_GCM_IV12_TAG16_HKDF_SHA256, byteSize=16, frameSize=17, readLen=17)]" classname="com.amazonaws.encryptionsdk.CryptoInputStreamTest$ParameterizedEncryptDecryptTest" time="0"/>
  <testcase name="encryptDecrypt[1136: encryptDecrypt(algorithm=ALG_AES_128_GCM_IV12_TAG16_HKDF_SHA256, byteSize=16, frameSize=17, readLen=32)]" classname="com.amazonaws.encryptionsdk.CryptoInputStreamTest$ParameterizedEncryptDecryptTest" time="0"/>
  <testcase name="encryptDecrypt[1137: encryptDecrypt(algorithm=ALG_AES_128_GCM_IV12_TAG16_HKDF_SHA256, byteSize=16, frameSize=17, readLen=1,000,000)]" classname="com.amazonaws.encryptionsdk.CryptoInputStreamTest$ParameterizedEncryptDecryptTest" time="0"/>
  <testcase name="encryptDecrypt[1138: encryptDecrypt(algorithm=ALG_AES_128_GCM_IV12_TAG16_HKDF_SHA256, byteSize=17, frameSize=17, readLen=1)]" classname="com.amazonaws.encryptionsdk.CryptoInputStreamTest$ParameterizedEncryptDecryptTest" time="0.001"/>
  <testcase name="encryptDecrypt[1139: encryptDecrypt(algorithm=ALG_AES_128_GCM_IV12_TAG16_HKDF_SHA256, byteSize=17, frameSize=17, readLen=16)]" classname="com.amazonaws.encryptionsdk.CryptoInputStreamTest$ParameterizedEncryptDecryptTest" time="0"/>
  <testcase name="encryptDecrypt[1140: encryptDecrypt(algorithm=ALG_AES_128_GCM_IV12_TAG16_HKDF_SHA256, byteSize=17, frameSize=17, readLen=17)]" classname="com.amazonaws.encryptionsdk.CryptoInputStreamTest$ParameterizedEncryptDecryptTest" time="0"/>
  <testcase name="encryptDecrypt[1141: encryptDecrypt(algorithm=ALG_AES_128_GCM_IV12_TAG16_HKDF_SHA256, byteSize=17, frameSize=17, readLen=18)]" classname="com.amazonaws.encryptionsdk.CryptoInputStreamTest$ParameterizedEncryptDecryptTest" time="0"/>
  <testcase name="encryptDecrypt[1142: encryptDecrypt(algorithm=ALG_AES_128_GCM_IV12_TAG16_HKDF_SHA256, byteSize=17, frameSize=17, readLen=34)]" classname="com.amazonaws.encryptionsdk.CryptoInputStreamTest$ParameterizedEncryptDecryptTest" time="0"/>
  <testcase name="encryptDecrypt[1143: encryptDecrypt(algorithm=ALG_AES_128_GCM_IV12_TAG16_HKDF_SHA256, byteSize=17, frameSize=17, readLen=1,000,000)]" classname="com.amazonaws.encryptionsdk.CryptoInputStreamTest$ParameterizedEncryptDecryptTest" time="0"/>
  <testcase name="encryptDecrypt[1144: encryptDecrypt(algorithm=ALG_AES_128_GCM_IV12_TAG16_HKDF_SHA256, byteSize=18, frameSize=17, readLen=1)]" classname="com.amazonaws.encryptionsdk.CryptoInputStreamTest$ParameterizedEncryptDecryptTest" time="0"/>
  <testcase name="encryptDecrypt[1145: encryptDecrypt(algorithm=ALG_AES_128_GCM_IV12_TAG16_HKDF_SHA256, byteSize=18, frameSize=17, readLen=17)]" classname="com.amazonaws.encryptionsdk.CryptoInputStreamTest$ParameterizedEncryptDecryptTest" time="0"/>
  <testcase name="encryptDecrypt[1146: encryptDecrypt(algorithm=ALG_AES_128_GCM_IV12_TAG16_HKDF_SHA256, byteSize=18, frameSize=17, readLen=18)]" classname="com.amazonaws.encryptionsdk.CryptoInputStreamTest$ParameterizedEncryptDecryptTest" time="0"/>
  <testcase name="encryptDecrypt[1147: encryptDecrypt(algorithm=ALG_AES_128_GCM_IV12_TAG16_HKDF_SHA256, byteSize=18, frameSize=17, readLen=19)]" classname="com.amazonaws.encryptionsdk.CryptoInputStreamTest$ParameterizedEncryptDecryptTest" time="0"/>
  <testcase name="encryptDecrypt[1148: encryptDecrypt(algorithm=ALG_AES_128_GCM_IV12_TAG16_HKDF_SHA256, byteSize=18, frameSize=17, readLen=36)]" classname="com.amazonaws.encryptionsdk.CryptoInputStreamTest$ParameterizedEncryptDecryptTest" time="0.001"/>
  <testcase name="encryptDecrypt[1149: encryptDecrypt(algorithm=ALG_AES_128_GCM_IV12_TAG16_HKDF_SHA256, byteSize=18, frameSize=17, readLen=1,000,000)]" classname="com.amazonaws.encryptionsdk.CryptoInputStreamTest$ParameterizedEncryptDecryptTest" time="0"/>
  <testcase name="encryptDecrypt[1150: encryptDecrypt(algorithm=ALG_AES_128_GCM_IV12_TAG16_HKDF_SHA256, byteSize=25, frameSize=17, readLen=1)]" classname="com.amazonaws.encryptionsdk.CryptoInputStreamTest$ParameterizedEncryptDecryptTest" time="0"/>
  <testcase name="encryptDecrypt[1151: encryptDecrypt(algorithm=ALG_AES_128_GCM_IV12_TAG16_HKDF_SHA256, byteSize=25, frameSize=17, readLen=24)]" classname="com.amazonaws.encryptionsdk.CryptoInputStreamTest$ParameterizedEncryptDecryptTest" time="0"/>
  <testcase name="encryptDecrypt[1152: encryptDecrypt(algorithm=ALG_AES_128_GCM_IV12_TAG16_HKDF_SHA256, byteSize=25, frameSize=17, readLen=25)]" classname="com.amazonaws.encryptionsdk.CryptoInputStreamTest$ParameterizedEncryptDecryptTest" time="0"/>
  <testcase name="encryptDecrypt[1153: encryptDecrypt(algorithm=ALG_AES_128_GCM_IV12_TAG16_HKDF_SHA256, byteSize=25, frameSize=17, readLen=26)]" classname="com.amazonaws.encryptionsdk.CryptoInputStreamTest$ParameterizedEncryptDecryptTest" time="0"/>
  <testcase name="encryptDecrypt[1154: encryptDecrypt(algorithm=ALG_AES_128_GCM_IV12_TAG16_HKDF_SHA256, byteSize=25, frameSize=17, readLen=50)]" classname="com.amazonaws.encryptionsdk.CryptoInputStreamTest$ParameterizedEncryptDecryptTest" time="0"/>
  <testcase name="encryptDecrypt[1155: encryptDecrypt(algorithm=ALG_AES_128_GCM_IV12_TAG16_HKDF_SHA256, byteSize=25, frameSize=17, readLen=1,000,000)]" classname="com.amazonaws.encryptionsdk.CryptoInputStreamTest$ParameterizedEncryptDecryptTest" time="0"/>
  <testcase name="encryptDecrypt[1156: encryptDecrypt(algorithm=ALG_AES_128_GCM_IV12_TAG16_HKDF_SHA256, byteSize=34, frameSize=17, readLen=1)]" classname="com.amazonaws.encryptionsdk.CryptoInputStreamTest$ParameterizedEncryptDecryptTest" time="0"/>
  <testcase name="encryptDecrypt[1157: encryptDecrypt(algorithm=ALG_AES_128_GCM_IV12_TAG16_HKDF_SHA256, byteSize=34, frameSize=17, readLen=33)]" classname="com.amazonaws.encryptionsdk.CryptoInputStreamTest$ParameterizedEncryptDecryptTest" time="0.001"/>
  <testcase name="encryptDecrypt[1158: encryptDecrypt(algorithm=ALG_AES_128_GCM_IV12_TAG16_HKDF_SHA256, byteSize=34, frameSize=17, readLen=34)]" classname="com.amazonaws.encryptionsdk.CryptoInputStreamTest$ParameterizedEncryptDecryptTest" time="0"/>
  <testcase name="encryptDecrypt[1159: encryptDecrypt(algorithm=ALG_AES_128_GCM_IV12_TAG16_HKDF_SHA256, byteSize=34, frameSize=17, readLen=35)]" classname="com.amazonaws.encryptionsdk.CryptoInputStreamTest$ParameterizedEncryptDecryptTest" time="0"/>
  <testcase name="encryptDecrypt[1160: encryptDecrypt(algorithm=ALG_AES_128_GCM_IV12_TAG16_HKDF_SHA256, byteSize=34, frameSize=17, readLen=68)]" classname="com.amazonaws.encryptionsdk.CryptoInputStreamTest$ParameterizedEncryptDecryptTest" time="0"/>
  <testcase name="encryptDecrypt[1161: encryptDecrypt(algorithm=ALG_AES_128_GCM_IV12_TAG16_HKDF_SHA256, byteSize=34, frameSize=17, readLen=1,000,000)]" classname="com.amazonaws.encryptionsdk.CryptoInputStreamTest$ParameterizedEncryptDecryptTest" time="0"/>
  <testcase name="encryptDecrypt[1162: encryptDecrypt(algorithm=ALG_AES_128_GCM_IV12_TAG16_HKDF_SHA256, byteSize=1,000,000, frameSize=17, readLen=1)]" classname="com.amazonaws.encryptionsdk.CryptoInputStreamTest$ParameterizedEncryptDecryptTest" time="0.091"/>
  <testcase name="encryptDecrypt[1163: encryptDecrypt(algorithm=ALG_AES_128_GCM_IV12_TAG16_HKDF_SHA256, byteSize=1,000,000, frameSize=17, readLen=999,999)]" classname="com.amazonaws.encryptionsdk.CryptoInputStreamTest$ParameterizedEncryptDecryptTest" time="0.074"/>
  <testcase name="encryptDecrypt[1164: encryptDecrypt(algorithm=ALG_AES_128_GCM_IV12_TAG16_HKDF_SHA256, byteSize=1,000,000, frameSize=17, readLen=1,000,000)]" classname="com.amazonaws.encryptionsdk.CryptoInputStreamTest$ParameterizedEncryptDecryptTest" time="0.07"/>
  <testcase name="encryptDecrypt[1165: encryptDecrypt(algorithm=ALG_AES_128_GCM_IV12_TAG16_HKDF_SHA256, byteSize=1,000,000, frameSize=17, readLen=1,000,001)]" classname="com.amazonaws.encryptionsdk.CryptoInputStreamTest$ParameterizedEncryptDecryptTest" time="0.069"/>
  <testcase name="encryptDecrypt[1166: encryptDecrypt(algorithm=ALG_AES_128_GCM_IV12_TAG16_HKDF_SHA256, byteSize=1,000,000, frameSize=17, readLen=2,000,000)]" classname="com.amazonaws.encryptionsdk.CryptoInputStreamTest$ParameterizedEncryptDecryptTest" time="0.069"/>
  <testcase name="encryptDecrypt[1167: encryptDecrypt(algorithm=ALG_AES_128_GCM_IV12_TAG16_HKDF_SHA256, byteSize=1,000,000, frameSize=17, readLen=1,000,000)]" classname="com.amazonaws.encryptionsdk.CryptoInputStreamTest$ParameterizedEncryptDecryptTest" time="0.07"/>
  <testcase name="encryptDecrypt[1168: encryptDecrypt(algorithm=ALG_AES_128_GCM_IV12_TAG16_HKDF_SHA256, byteSize=0, frameSize=32, readLen=1)]" classname="com.amazonaws.encryptionsdk.CryptoInputStreamTest$ParameterizedEncryptDecryptTest" time="0.001"/>
  <testcase name="encryptDecrypt[1169: encryptDecrypt(algorithm=ALG_AES_128_GCM_IV12_TAG16_HKDF_SHA256, byteSize=0, frameSize=32, readLen=1)]" classname="com.amazonaws.encryptionsdk.CryptoInputStreamTest$ParameterizedEncryptDecryptTest" time="0"/>
  <testcase name="encryptDecrypt[1170: encryptDecrypt(algorithm=ALG_AES_128_GCM_IV12_TAG16_HKDF_SHA256, byteSize=0, frameSize=32, readLen=1,000,000)]" classname="com.amazonaws.encryptionsdk.CryptoInputStreamTest$ParameterizedEncryptDecryptTest" time="0"/>
  <testcase name="encryptDecrypt[1171: encryptDecrypt(algorithm=ALG_AES_128_GCM_IV12_TAG16_HKDF_SHA256, byteSize=1, frameSize=32, readLen=1)]" classname="com.amazonaws.encryptionsdk.CryptoInputStreamTest$ParameterizedEncryptDecryptTest" time="0"/>
  <testcase name="encryptDecrypt[1172: encryptDecrypt(algorithm=ALG_AES_128_GCM_IV12_TAG16_HKDF_SHA256, byteSize=1, frameSize=32, readLen=1)]" classname="com.amazonaws.encryptionsdk.CryptoInputStreamTest$ParameterizedEncryptDecryptTest" time="0"/>
  <testcase name="encryptDecrypt[1173: encryptDecrypt(algorithm=ALG_AES_128_GCM_IV12_TAG16_HKDF_SHA256, byteSize=1, frameSize=32, readLen=2)]" classname="com.amazonaws.encryptionsdk.CryptoInputStreamTest$ParameterizedEncryptDecryptTest" time="0"/>
  <testcase name="encryptDecrypt[1174: encryptDecrypt(algorithm=ALG_AES_128_GCM_IV12_TAG16_HKDF_SHA256, byteSize=1, frameSize=32, readLen=2)]" classname="com.amazonaws.encryptionsdk.CryptoInputStreamTest$ParameterizedEncryptDecryptTest" time="0"/>
  <testcase name="encryptDecrypt[1175: encryptDecrypt(algorithm=ALG_AES_128_GCM_IV12_TAG16_HKDF_SHA256, byteSize=1, frameSize=32, readLen=1,000,000)]" classname="com.amazonaws.encryptionsdk.CryptoInputStreamTest$ParameterizedEncryptDecryptTest" time="0"/>
  <testcase name="encryptDecrypt[1176: encryptDecrypt(algorithm=ALG_AES_128_GCM_IV12_TAG16_HKDF_SHA256, byteSize=31, frameSize=32, readLen=1)]" classname="com.amazonaws.encryptionsdk.CryptoInputStreamTest$ParameterizedEncryptDecryptTest" time="0"/>
  <testcase name="encryptDecrypt[1177: encryptDecrypt(algorithm=ALG_AES_128_GCM_IV12_TAG16_HKDF_SHA256, byteSize=31, frameSize=32, readLen=30)]" classname="com.amazonaws.encryptionsdk.CryptoInputStreamTest$ParameterizedEncryptDecryptTest" time="0"/>
  <testcase name="encryptDecrypt[1178: encryptDecrypt(algorithm=ALG_AES_128_GCM_IV12_TAG16_HKDF_SHA256, byteSize=31, frameSize=32, readLen=31)]" classname="com.amazonaws.encryptionsdk.CryptoInputStreamTest$ParameterizedEncryptDecryptTest" time="0"/>
  <testcase name="encryptDecrypt[1179: encryptDecrypt(algorithm=ALG_AES_128_GCM_IV12_TAG16_HKDF_SHA256, byteSize=31, frameSize=32, readLen=32)]" classname="com.amazonaws.encryptionsdk.CryptoInputStreamTest$ParameterizedEncryptDecryptTest" time="0"/>
  <testcase name="encryptDecrypt[1180: encryptDecrypt(algorithm=ALG_AES_128_GCM_IV12_TAG16_HKDF_SHA256, byteSize=31, frameSize=32, readLen=62)]" classname="com.amazonaws.encryptionsdk.CryptoInputStreamTest$ParameterizedEncryptDecryptTest" time="0"/>
  <testcase name="encryptDecrypt[1181: encryptDecrypt(algorithm=ALG_AES_128_GCM_IV12_TAG16_HKDF_SHA256, byteSize=31, frameSize=32, readLen=1,000,000)]" classname="com.amazonaws.encryptionsdk.CryptoInputStreamTest$ParameterizedEncryptDecryptTest" time="0"/>
  <testcase name="encryptDecrypt[1182: encryptDecrypt(algorithm=ALG_AES_128_GCM_IV12_TAG16_HKDF_SHA256, byteSize=32, frameSize=32, readLen=1)]" classname="com.amazonaws.encryptionsdk.CryptoInputStreamTest$ParameterizedEncryptDecryptTest" time="0"/>
  <testcase name="encryptDecrypt[1183: encryptDecrypt(algorithm=ALG_AES_128_GCM_IV12_TAG16_HKDF_SHA256, byteSize=32, frameSize=32, readLen=31)]" classname="com.amazonaws.encryptionsdk.CryptoInputStreamTest$ParameterizedEncryptDecryptTest" time="0"/>
  <testcase name="encryptDecrypt[1184: encryptDecrypt(algorithm=ALG_AES_128_GCM_IV12_TAG16_HKDF_SHA256, byteSize=32, frameSize=32, readLen=32)]" classname="com.amazonaws.encryptionsdk.CryptoInputStreamTest$ParameterizedEncryptDecryptTest" time="0"/>
  <testcase name="encryptDecrypt[1185: encryptDecrypt(algorithm=ALG_AES_128_GCM_IV12_TAG16_HKDF_SHA256, byteSize=32, frameSize=32, readLen=33)]" classname="com.amazonaws.encryptionsdk.CryptoInputStreamTest$ParameterizedEncryptDecryptTest" time="0"/>
  <testcase name="encryptDecrypt[1186: encryptDecrypt(algorithm=ALG_AES_128_GCM_IV12_TAG16_HKDF_SHA256, byteSize=32, frameSize=32, readLen=64)]" classname="com.amazonaws.encryptionsdk.CryptoInputStreamTest$ParameterizedEncryptDecryptTest" time="0"/>
  <testcase name="encryptDecrypt[1187: encryptDecrypt(algorithm=ALG_AES_128_GCM_IV12_TAG16_HKDF_SHA256, byteSize=32, frameSize=32, readLen=1,000,000)]" classname="com.amazonaws.encryptionsdk.CryptoInputStreamTest$ParameterizedEncryptDecryptTest" time="0"/>
  <testcase name="encryptDecrypt[1188: encryptDecrypt(algorithm=ALG_AES_128_GCM_IV12_TAG16_HKDF_SHA256, byteSize=33, frameSize=32, readLen=1)]" classname="com.amazonaws.encryptionsdk.CryptoInputStreamTest$ParameterizedEncryptDecryptTest" time="0.001"/>
  <testcase name="encryptDecrypt[1189: encryptDecrypt(algorithm=ALG_AES_128_GCM_IV12_TAG16_HKDF_SHA256, byteSize=33, frameSize=32, readLen=32)]" classname="com.amazonaws.encryptionsdk.CryptoInputStreamTest$ParameterizedEncryptDecryptTest" time="0"/>
  <testcase name="encryptDecrypt[1190: encryptDecrypt(algorithm=ALG_AES_128_GCM_IV12_TAG16_HKDF_SHA256, byteSize=33, frameSize=32, readLen=33)]" classname="com.amazonaws.encryptionsdk.CryptoInputStreamTest$ParameterizedEncryptDecryptTest" time="0"/>
  <testcase name="encryptDecrypt[1191: encryptDecrypt(algorithm=ALG_AES_128_GCM_IV12_TAG16_HKDF_SHA256, byteSize=33, frameSize=32, readLen=34)]" classname="com.amazonaws.encryptionsdk.CryptoInputStreamTest$ParameterizedEncryptDecryptTest" time="0"/>
  <testcase name="encryptDecrypt[1192: encryptDecrypt(algorithm=ALG_AES_128_GCM_IV12_TAG16_HKDF_SHA256, byteSize=33, frameSize=32, readLen=66)]" classname="com.amazonaws.encryptionsdk.CryptoInputStreamTest$ParameterizedEncryptDecryptTest" time="0"/>
  <testcase name="encryptDecrypt[1193: encryptDecrypt(algorithm=ALG_AES_128_GCM_IV12_TAG16_HKDF_SHA256, byteSize=33, frameSize=32, readLen=1,000,000)]" classname="com.amazonaws.encryptionsdk.CryptoInputStreamTest$ParameterizedEncryptDecryptTest" time="0"/>
  <testcase name="encryptDecrypt[1194: encryptDecrypt(algorithm=ALG_AES_128_GCM_IV12_TAG16_HKDF_SHA256, byteSize=48, frameSize=32, readLen=1)]" classname="com.amazonaws.encryptionsdk.CryptoInputStreamTest$ParameterizedEncryptDecryptTest" time="0"/>
  <testcase name="encryptDecrypt[1195: encryptDecrypt(algorithm=ALG_AES_128_GCM_IV12_TAG16_HKDF_SHA256, byteSize=48, frameSize=32, readLen=47)]" classname="com.amazonaws.encryptionsdk.CryptoInputStreamTest$ParameterizedEncryptDecryptTest" time="0"/>
  <testcase name="encryptDecrypt[1196: encryptDecrypt(algorithm=ALG_AES_128_GCM_IV12_TAG16_HKDF_SHA256, byteSize=48, frameSize=32, readLen=48)]" classname="com.amazonaws.encryptionsdk.CryptoInputStreamTest$ParameterizedEncryptDecryptTest" time="0"/>
  <testcase name="encryptDecrypt[1197: encryptDecrypt(algorithm=ALG_AES_128_GCM_IV12_TAG16_HKDF_SHA256, byteSize=48, frameSize=32, readLen=49)]" classname="com.amazonaws.encryptionsdk.CryptoInputStreamTest$ParameterizedEncryptDecryptTest" time="0"/>
  <testcase name="encryptDecrypt[1198: encryptDecrypt(algorithm=ALG_AES_128_GCM_IV12_TAG16_HKDF_SHA256, byteSize=48, frameSize=32, readLen=96)]" classname="com.amazonaws.encryptionsdk.CryptoInputStreamTest$ParameterizedEncryptDecryptTest" time="0"/>
  <testcase name="encryptDecrypt[1199: encryptDecrypt(algorithm=ALG_AES_128_GCM_IV12_TAG16_HKDF_SHA256, byteSize=48, frameSize=32, readLen=1,000,000)]" classname="com.amazonaws.encryptionsdk.CryptoInputStreamTest$ParameterizedEncryptDecryptTest" time="0.001"/>
  <testcase name="encryptDecrypt[1200: encryptDecrypt(algorithm=ALG_AES_128_GCM_IV12_TAG16_HKDF_SHA256, byteSize=64, frameSize=32, readLen=1)]" classname="com.amazonaws.encryptionsdk.CryptoInputStreamTest$ParameterizedEncryptDecryptTest" time="0"/>
  <testcase name="encryptDecrypt[1201: encryptDecrypt(algorithm=ALG_AES_128_GCM_IV12_TAG16_HKDF_SHA256, byteSize=64, frameSize=32, readLen=63)]" classname="com.amazonaws.encryptionsdk.CryptoInputStreamTest$ParameterizedEncryptDecryptTest" time="0"/>
  <testcase name="encryptDecrypt[1202: encryptDecrypt(algorithm=ALG_AES_128_GCM_IV12_TAG16_HKDF_SHA256, byteSize=64, frameSize=32, readLen=64)]" classname="com.amazonaws.encryptionsdk.CryptoInputStreamTest$ParameterizedEncryptDecryptTest" time="0"/>
  <testcase name="encryptDecrypt[1203: encryptDecrypt(algorithm=ALG_AES_128_GCM_IV12_TAG16_HKDF_SHA256, byteSize=64, frameSize=32, readLen=65)]" classname="com.amazonaws.encryptionsdk.CryptoInputStreamTest$ParameterizedEncryptDecryptTest" time="0"/>
  <testcase name="encryptDecrypt[1204: encryptDecrypt(algorithm=ALG_AES_128_GCM_IV12_TAG16_HKDF_SHA256, byteSize=64, frameSize=32, readLen=128)]" classname="com.amazonaws.encryptionsdk.CryptoInputStreamTest$ParameterizedEncryptDecryptTest" time="0"/>
  <testcase name="encryptDecrypt[1205: encryptDecrypt(algorithm=ALG_AES_128_GCM_IV12_TAG16_HKDF_SHA256, byteSize=64, frameSize=32, readLen=1,000,000)]" classname="com.amazonaws.encryptionsdk.CryptoInputStreamTest$ParameterizedEncryptDecryptTest" time="0"/>
  <testcase name="encryptDecrypt[1206: encryptDecrypt(algorithm=ALG_AES_128_GCM_IV12_TAG16_HKDF_SHA256, byteSize=1,000,000, frameSize=32, readLen=1)]" classname="com.amazonaws.encryptionsdk.CryptoInputStreamTest$ParameterizedEncryptDecryptTest" time="0.06"/>
  <testcase name="encryptDecrypt[1207: encryptDecrypt(algorithm=ALG_AES_128_GCM_IV12_TAG16_HKDF_SHA256, byteSize=1,000,000, frameSize=32, readLen=999,999)]" classname="com.amazonaws.encryptionsdk.CryptoInputStreamTest$ParameterizedEncryptDecryptTest" time="0.041"/>
  <testcase name="encryptDecrypt[1208: encryptDecrypt(algorithm=ALG_AES_128_GCM_IV12_TAG16_HKDF_SHA256, byteSize=1,000,000, frameSize=32, readLen=1,000,000)]" classname="com.amazonaws.encryptionsdk.CryptoInputStreamTest$ParameterizedEncryptDecryptTest" time="0.038"/>
  <testcase name="encryptDecrypt[1209: encryptDecrypt(algorithm=ALG_AES_128_GCM_IV12_TAG16_HKDF_SHA256, byteSize=1,000,000, frameSize=32, readLen=1,000,001)]" classname="com.amazonaws.encryptionsdk.CryptoInputStreamTest$ParameterizedEncryptDecryptTest" time="0.038"/>
  <testcase name="encryptDecrypt[1210: encryptDecrypt(algorithm=ALG_AES_128_GCM_IV12_TAG16_HKDF_SHA256, byteSize=1,000,000, frameSize=32, readLen=2,000,000)]" classname="com.amazonaws.encryptionsdk.CryptoInputStreamTest$ParameterizedEncryptDecryptTest" time="0.038"/>
  <testcase name="encryptDecrypt[1211: encryptDecrypt(algorithm=ALG_AES_128_GCM_IV12_TAG16_HKDF_SHA256, byteSize=1,000,000, frameSize=32, readLen=1,000,000)]" classname="com.amazonaws.encryptionsdk.CryptoInputStreamTest$ParameterizedEncryptDecryptTest" time="0.037"/>
  <testcase name="encryptDecrypt[1212: encryptDecrypt(algorithm=ALG_AES_128_GCM_IV12_TAG16_HKDF_SHA256, byteSize=0, frameSize=160, readLen=1)]" classname="com.amazonaws.encryptionsdk.CryptoInputStreamTest$ParameterizedEncryptDecryptTest" time="0.001"/>
  <testcase name="encryptDecrypt[1213: encryptDecrypt(algorithm=ALG_AES_128_GCM_IV12_TAG16_HKDF_SHA256, byteSize=0, frameSize=160, readLen=1)]" classname="com.amazonaws.encryptionsdk.CryptoInputStreamTest$ParameterizedEncryptDecryptTest" time="0"/>
  <testcase name="encryptDecrypt[1214: encryptDecrypt(algorithm=ALG_AES_128_GCM_IV12_TAG16_HKDF_SHA256, byteSize=0, frameSize=160, readLen=1,000,000)]" classname="com.amazonaws.encryptionsdk.CryptoInputStreamTest$ParameterizedEncryptDecryptTest" time="0"/>
  <testcase name="encryptDecrypt[1215: encryptDecrypt(algorithm=ALG_AES_128_GCM_IV12_TAG16_HKDF_SHA256, byteSize=1, frameSize=160, readLen=1)]" classname="com.amazonaws.encryptionsdk.CryptoInputStreamTest$ParameterizedEncryptDecryptTest" time="0"/>
  <testcase name="encryptDecrypt[1216: encryptDecrypt(algorithm=ALG_AES_128_GCM_IV12_TAG16_HKDF_SHA256, byteSize=1, frameSize=160, readLen=1)]" classname="com.amazonaws.encryptionsdk.CryptoInputStreamTest$ParameterizedEncryptDecryptTest" time="0"/>
  <testcase name="encryptDecrypt[1217: encryptDecrypt(algorithm=ALG_AES_128_GCM_IV12_TAG16_HKDF_SHA256, byteSize=1, frameSize=160, readLen=2)]" classname="com.amazonaws.encryptionsdk.CryptoInputStreamTest$ParameterizedEncryptDecryptTest" time="0"/>
  <testcase name="encryptDecrypt[1218: encryptDecrypt(algorithm=ALG_AES_128_GCM_IV12_TAG16_HKDF_SHA256, byteSize=1, frameSize=160, readLen=2)]" classname="com.amazonaws.encryptionsdk.CryptoInputStreamTest$ParameterizedEncryptDecryptTest" time="0"/>
  <testcase name="encryptDecrypt[1219: encryptDecrypt(algorithm=ALG_AES_128_GCM_IV12_TAG16_HKDF_SHA256, byteSize=1, frameSize=160, readLen=1,000,000)]" classname="com.amazonaws.encryptionsdk.CryptoInputStreamTest$ParameterizedEncryptDecryptTest" time="0"/>
  <testcase name="encryptDecrypt[1220: encryptDecrypt(algorithm=ALG_AES_128_GCM_IV12_TAG16_HKDF_SHA256, byteSize=159, frameSize=160, readLen=1)]" classname="com.amazonaws.encryptionsdk.CryptoInputStreamTest$ParameterizedEncryptDecryptTest" time="0"/>
  <testcase name="encryptDecrypt[1221: encryptDecrypt(algorithm=ALG_AES_128_GCM_IV12_TAG16_HKDF_SHA256, byteSize=159, frameSize=160, readLen=158)]" classname="com.amazonaws.encryptionsdk.CryptoInputStreamTest$ParameterizedEncryptDecryptTest" time="0"/>
  <testcase name="encryptDecrypt[1222: encryptDecrypt(algorithm=ALG_AES_128_GCM_IV12_TAG16_HKDF_SHA256, byteSize=159, frameSize=160, readLen=159)]" classname="com.amazonaws.encryptionsdk.CryptoInputStreamTest$ParameterizedEncryptDecryptTest" time="0"/>
  <testcase name="encryptDecrypt[1223: encryptDecrypt(algorithm=ALG_AES_128_GCM_IV12_TAG16_HKDF_SHA256, byteSize=159, frameSize=160, readLen=160)]" classname="com.amazonaws.encryptionsdk.CryptoInputStreamTest$ParameterizedEncryptDecryptTest" time="0"/>
  <testcase name="encryptDecrypt[1224: encryptDecrypt(algorithm=ALG_AES_128_GCM_IV12_TAG16_HKDF_SHA256, byteSize=159, frameSize=160, readLen=318)]" classname="com.amazonaws.encryptionsdk.CryptoInputStreamTest$ParameterizedEncryptDecryptTest" time="0.001"/>
  <testcase name="encryptDecrypt[1225: encryptDecrypt(algorithm=ALG_AES_128_GCM_IV12_TAG16_HKDF_SHA256, byteSize=159, frameSize=160, readLen=1,000,000)]" classname="com.amazonaws.encryptionsdk.CryptoInputStreamTest$ParameterizedEncryptDecryptTest" time="0"/>
  <testcase name="encryptDecrypt[1226: encryptDecrypt(algorithm=ALG_AES_128_GCM_IV12_TAG16_HKDF_SHA256, byteSize=160, frameSize=160, readLen=1)]" classname="com.amazonaws.encryptionsdk.CryptoInputStreamTest$ParameterizedEncryptDecryptTest" time="0"/>
  <testcase name="encryptDecrypt[1227: encryptDecrypt(algorithm=ALG_AES_128_GCM_IV12_TAG16_HKDF_SHA256, byteSize=160, frameSize=160, readLen=159)]" classname="com.amazonaws.encryptionsdk.CryptoInputStreamTest$ParameterizedEncryptDecryptTest" time="0"/>
  <testcase name="encryptDecrypt[1228: encryptDecrypt(algorithm=ALG_AES_128_GCM_IV12_TAG16_HKDF_SHA256, byteSize=160, frameSize=160, readLen=160)]" classname="com.amazonaws.encryptionsdk.CryptoInputStreamTest$ParameterizedEncryptDecryptTest" time="0"/>
  <testcase name="encryptDecrypt[1229: encryptDecrypt(algorithm=ALG_AES_128_GCM_IV12_TAG16_HKDF_SHA256, byteSize=160, frameSize=160, readLen=161)]" classname="com.amazonaws.encryptionsdk.CryptoInputStreamTest$ParameterizedEncryptDecryptTest" time="0"/>
  <testcase name="encryptDecrypt[1230: encryptDecrypt(algorithm=ALG_AES_128_GCM_IV12_TAG16_HKDF_SHA256, byteSize=160, frameSize=160, readLen=320)]" classname="com.amazonaws.encryptionsdk.CryptoInputStreamTest$ParameterizedEncryptDecryptTest" time="0"/>
  <testcase name="encryptDecrypt[1231: encryptDecrypt(algorithm=ALG_AES_128_GCM_IV12_TAG16_HKDF_SHA256, byteSize=160, frameSize=160, readLen=1,000,000)]" classname="com.amazonaws.encryptionsdk.CryptoInputStreamTest$ParameterizedEncryptDecryptTest" time="0"/>
  <testcase name="encryptDecrypt[1232: encryptDecrypt(algorithm=ALG_AES_128_GCM_IV12_TAG16_HKDF_SHA256, byteSize=161, frameSize=160, readLen=1)]" classname="com.amazonaws.encryptionsdk.CryptoInputStreamTest$ParameterizedEncryptDecryptTest" time="0"/>
  <testcase name="encryptDecrypt[1233: encryptDecrypt(algorithm=ALG_AES_128_GCM_IV12_TAG16_HKDF_SHA256, byteSize=161, frameSize=160, readLen=160)]" classname="com.amazonaws.encryptionsdk.CryptoInputStreamTest$ParameterizedEncryptDecryptTest" time="0"/>
  <testcase name="encryptDecrypt[1234: encryptDecrypt(algorithm=ALG_AES_128_GCM_IV12_TAG16_HKDF_SHA256, byteSize=161, frameSize=160, readLen=161)]" classname="com.amazonaws.encryptionsdk.CryptoInputStreamTest$ParameterizedEncryptDecryptTest" time="0"/>
  <testcase name="encryptDecrypt[1235: encryptDecrypt(algorithm=ALG_AES_128_GCM_IV12_TAG16_HKDF_SHA256, byteSize=161, frameSize=160, readLen=162)]" classname="com.amazonaws.encryptionsdk.CryptoInputStreamTest$ParameterizedEncryptDecryptTest" time="0"/>
  <testcase name="encryptDecrypt[1236: encryptDecrypt(algorithm=ALG_AES_128_GCM_IV12_TAG16_HKDF_SHA256, byteSize=161, frameSize=160, readLen=322)]" classname="com.amazonaws.encryptionsdk.CryptoInputStreamTest$ParameterizedEncryptDecryptTest" time="0"/>
  <testcase name="encryptDecrypt[1237: encryptDecrypt(algorithm=ALG_AES_128_GCM_IV12_TAG16_HKDF_SHA256, byteSize=161, frameSize=160, readLen=1,000,000)]" classname="com.amazonaws.encryptionsdk.CryptoInputStreamTest$ParameterizedEncryptDecryptTest" time="0"/>
  <testcase name="encryptDecrypt[1238: encryptDecrypt(algorithm=ALG_AES_128_GCM_IV12_TAG16_HKDF_SHA256, byteSize=240, frameSize=160, readLen=1)]" classname="com.amazonaws.encryptionsdk.CryptoInputStreamTest$ParameterizedEncryptDecryptTest" time="0"/>
  <testcase name="encryptDecrypt[1239: encryptDecrypt(algorithm=ALG_AES_128_GCM_IV12_TAG16_HKDF_SHA256, byteSize=240, frameSize=160, readLen=239)]" classname="com.amazonaws.encryptionsdk.CryptoInputStreamTest$ParameterizedEncryptDecryptTest" time="0"/>
  <testcase name="encryptDecrypt[1240: encryptDecrypt(algorithm=ALG_AES_128_GCM_IV12_TAG16_HKDF_SHA256, byteSize=240, frameSize=160, readLen=240)]" classname="com.amazonaws.encryptionsdk.CryptoInputStreamTest$ParameterizedEncryptDecryptTest" time="0"/>
  <testcase name="encryptDecrypt[1241: encryptDecrypt(algorithm=ALG_AES_128_GCM_IV12_TAG16_HKDF_SHA256, byteSize=240, frameSize=160, readLen=241)]" classname="com.amazonaws.encryptionsdk.CryptoInputStreamTest$ParameterizedEncryptDecryptTest" time="0"/>
  <testcase name="encryptDecrypt[1242: encryptDecrypt(algorithm=ALG_AES_128_GCM_IV12_TAG16_HKDF_SHA256, byteSize=240, frameSize=160, readLen=480)]" classname="com.amazonaws.encryptionsdk.CryptoInputStreamTest$ParameterizedEncryptDecryptTest" time="0"/>
  <testcase name="encryptDecrypt[1243: encryptDecrypt(algorithm=ALG_AES_128_GCM_IV12_TAG16_HKDF_SHA256, byteSize=240, frameSize=160, readLen=1,000,000)]" classname="com.amazonaws.encryptionsdk.CryptoInputStreamTest$ParameterizedEncryptDecryptTest" time="0"/>
  <testcase name="encryptDecrypt[1244: encryptDecrypt(algorithm=ALG_AES_128_GCM_IV12_TAG16_HKDF_SHA256, byteSize=320, frameSize=160, readLen=1)]" classname="com.amazonaws.encryptionsdk.CryptoInputStreamTest$ParameterizedEncryptDecryptTest" time="0"/>
  <testcase name="encryptDecrypt[1245: encryptDecrypt(algorithm=ALG_AES_128_GCM_IV12_TAG16_HKDF_SHA256, byteSize=320, frameSize=160, readLen=319)]" classname="com.amazonaws.encryptionsdk.CryptoInputStreamTest$ParameterizedEncryptDecryptTest" time="0.001"/>
  <testcase name="encryptDecrypt[1246: encryptDecrypt(algorithm=ALG_AES_128_GCM_IV12_TAG16_HKDF_SHA256, byteSize=320, frameSize=160, readLen=320)]" classname="com.amazonaws.encryptionsdk.CryptoInputStreamTest$ParameterizedEncryptDecryptTest" time="0"/>
  <testcase name="encryptDecrypt[1247: encryptDecrypt(algorithm=ALG_AES_128_GCM_IV12_TAG16_HKDF_SHA256, byteSize=320, frameSize=160, readLen=321)]" classname="com.amazonaws.encryptionsdk.CryptoInputStreamTest$ParameterizedEncryptDecryptTest" time="0"/>
  <testcase name="encryptDecrypt[1248: encryptDecrypt(algorithm=ALG_AES_128_GCM_IV12_TAG16_HKDF_SHA256, byteSize=320, frameSize=160, readLen=640)]" classname="com.amazonaws.encryptionsdk.CryptoInputStreamTest$ParameterizedEncryptDecryptTest" time="0"/>
  <testcase name="encryptDecrypt[1249: encryptDecrypt(algorithm=ALG_AES_128_GCM_IV12_TAG16_HKDF_SHA256, byteSize=320, frameSize=160, readLen=1,000,000)]" classname="com.amazonaws.encryptionsdk.CryptoInputStreamTest$ParameterizedEncryptDecryptTest" time="0"/>
  <testcase name="encryptDecrypt[1250: encryptDecrypt(algorithm=ALG_AES_128_GCM_IV12_TAG16_HKDF_SHA256, byteSize=1,000,000, frameSize=160, readLen=1)]" classname="com.amazonaws.encryptionsdk.CryptoInputStreamTest$ParameterizedEncryptDecryptTest" time="0.032"/>
  <testcase name="encryptDecrypt[1251: encryptDecrypt(algorithm=ALG_AES_128_GCM_IV12_TAG16_HKDF_SHA256, byteSize=1,000,000, frameSize=160, readLen=999,999)]" classname="com.amazonaws.encryptionsdk.CryptoInputStreamTest$ParameterizedEncryptDecryptTest" time="0.015"/>
  <testcase name="encryptDecrypt[1252: encryptDecrypt(algorithm=ALG_AES_128_GCM_IV12_TAG16_HKDF_SHA256, byteSize=1,000,000, frameSize=160, readLen=1,000,000)]" classname="com.amazonaws.encryptionsdk.CryptoInputStreamTest$ParameterizedEncryptDecryptTest" time="0.015"/>
  <testcase name="encryptDecrypt[1253: encryptDecrypt(algorithm=ALG_AES_128_GCM_IV12_TAG16_HKDF_SHA256, byteSize=1,000,000, frameSize=160, readLen=1,000,001)]" classname="com.amazonaws.encryptionsdk.CryptoInputStreamTest$ParameterizedEncryptDecryptTest" time="0.014"/>
  <testcase name="encryptDecrypt[1254: encryptDecrypt(algorithm=ALG_AES_128_GCM_IV12_TAG16_HKDF_SHA256, byteSize=1,000,000, frameSize=160, readLen=2,000,000)]" classname="com.amazonaws.encryptionsdk.CryptoInputStreamTest$ParameterizedEncryptDecryptTest" time="0.015"/>
  <testcase name="encryptDecrypt[1255: encryptDecrypt(algorithm=ALG_AES_128_GCM_IV12_TAG16_HKDF_SHA256, byteSize=1,000,000, frameSize=160, readLen=1,000,000)]" classname="com.amazonaws.encryptionsdk.CryptoInputStreamTest$ParameterizedEncryptDecryptTest" time="0.014"/>
  <testcase name="encryptDecrypt[1256: encryptDecrypt(algorithm=ALG_AES_128_GCM_IV12_TAG16_HKDF_SHA256, byteSize=0, frameSize=161, readLen=1)]" classname="com.amazonaws.encryptionsdk.CryptoInputStreamTest$ParameterizedEncryptDecryptTest" time="0"/>
  <testcase name="encryptDecrypt[1257: encryptDecrypt(algorithm=ALG_AES_128_GCM_IV12_TAG16_HKDF_SHA256, byteSize=0, frameSize=161, readLen=1)]" classname="com.amazonaws.encryptionsdk.CryptoInputStreamTest$ParameterizedEncryptDecryptTest" time="0"/>
  <testcase name="encryptDecrypt[1258: encryptDecrypt(algorithm=ALG_AES_128_GCM_IV12_TAG16_HKDF_SHA256, byteSize=0, frameSize=161, readLen=1,000,000)]" classname="com.amazonaws.encryptionsdk.CryptoInputStreamTest$ParameterizedEncryptDecryptTest" time="0"/>
  <testcase name="encryptDecrypt[1259: encryptDecrypt(algorithm=ALG_AES_128_GCM_IV12_TAG16_HKDF_SHA256, byteSize=1, frameSize=161, readLen=1)]" classname="com.amazonaws.encryptionsdk.CryptoInputStreamTest$ParameterizedEncryptDecryptTest" time="0"/>
  <testcase name="encryptDecrypt[1260: encryptDecrypt(algorithm=ALG_AES_128_GCM_IV12_TAG16_HKDF_SHA256, byteSize=1, frameSize=161, readLen=1)]" classname="com.amazonaws.encryptionsdk.CryptoInputStreamTest$ParameterizedEncryptDecryptTest" time="0"/>
  <testcase name="encryptDecrypt[1261: encryptDecrypt(algorithm=ALG_AES_128_GCM_IV12_TAG16_HKDF_SHA256, byteSize=1, frameSize=161, readLen=2)]" classname="com.amazonaws.encryptionsdk.CryptoInputStreamTest$ParameterizedEncryptDecryptTest" time="0"/>
  <testcase name="encryptDecrypt[1262: encryptDecrypt(algorithm=ALG_AES_128_GCM_IV12_TAG16_HKDF_SHA256, byteSize=1, frameSize=161, readLen=2)]" classname="com.amazonaws.encryptionsdk.CryptoInputStreamTest$ParameterizedEncryptDecryptTest" time="0"/>
  <testcase name="encryptDecrypt[1263: encryptDecrypt(algorithm=ALG_AES_128_GCM_IV12_TAG16_HKDF_SHA256, byteSize=1, frameSize=161, readLen=1,000,000)]" classname="com.amazonaws.encryptionsdk.CryptoInputStreamTest$ParameterizedEncryptDecryptTest" time="0.001"/>
  <testcase name="encryptDecrypt[1264: encryptDecrypt(algorithm=ALG_AES_128_GCM_IV12_TAG16_HKDF_SHA256, byteSize=160, frameSize=161, readLen=1)]" classname="com.amazonaws.encryptionsdk.CryptoInputStreamTest$ParameterizedEncryptDecryptTest" time="0"/>
  <testcase name="encryptDecrypt[1265: encryptDecrypt(algorithm=ALG_AES_128_GCM_IV12_TAG16_HKDF_SHA256, byteSize=160, frameSize=161, readLen=159)]" classname="com.amazonaws.encryptionsdk.CryptoInputStreamTest$ParameterizedEncryptDecryptTest" time="0"/>
  <testcase name="encryptDecrypt[1266: encryptDecrypt(algorithm=ALG_AES_128_GCM_IV12_TAG16_HKDF_SHA256, byteSize=160, frameSize=161, readLen=160)]" classname="com.amazonaws.encryptionsdk.CryptoInputStreamTest$ParameterizedEncryptDecryptTest" time="0"/>
  <testcase name="encryptDecrypt[1267: encryptDecrypt(algorithm=ALG_AES_128_GCM_IV12_TAG16_HKDF_SHA256, byteSize=160, frameSize=161, readLen=161)]" classname="com.amazonaws.encryptionsdk.CryptoInputStreamTest$ParameterizedEncryptDecryptTest" time="0"/>
  <testcase name="encryptDecrypt[1268: encryptDecrypt(algorithm=ALG_AES_128_GCM_IV12_TAG16_HKDF_SHA256, byteSize=160, frameSize=161, readLen=320)]" classname="com.amazonaws.encryptionsdk.CryptoInputStreamTest$ParameterizedEncryptDecryptTest" time="0"/>
  <testcase name="encryptDecrypt[1269: encryptDecrypt(algorithm=ALG_AES_128_GCM_IV12_TAG16_HKDF_SHA256, byteSize=160, frameSize=161, readLen=1,000,000)]" classname="com.amazonaws.encryptionsdk.CryptoInputStreamTest$ParameterizedEncryptDecryptTest" time="0"/>
  <testcase name="encryptDecrypt[1270: encryptDecrypt(algorithm=ALG_AES_128_GCM_IV12_TAG16_HKDF_SHA256, byteSize=161, frameSize=161, readLen=1)]" classname="com.amazonaws.encryptionsdk.CryptoInputStreamTest$ParameterizedEncryptDecryptTest" time="0"/>
  <testcase name="encryptDecrypt[1271: encryptDecrypt(algorithm=ALG_AES_128_GCM_IV12_TAG16_HKDF_SHA256, byteSize=161, frameSize=161, readLen=160)]" classname="com.amazonaws.encryptionsdk.CryptoInputStreamTest$ParameterizedEncryptDecryptTest" time="0"/>
  <testcase name="encryptDecrypt[1272: encryptDecrypt(algorithm=ALG_AES_128_GCM_IV12_TAG16_HKDF_SHA256, byteSize=161, frameSize=161, readLen=161)]" classname="com.amazonaws.encryptionsdk.CryptoInputStreamTest$ParameterizedEncryptDecryptTest" time="0"/>
  <testcase name="encryptDecrypt[1273: encryptDecrypt(algorithm=ALG_AES_128_GCM_IV12_TAG16_HKDF_SHA256, byteSize=161, frameSize=161, readLen=162)]" classname="com.amazonaws.encryptionsdk.CryptoInputStreamTest$ParameterizedEncryptDecryptTest" time="0"/>
  <testcase name="encryptDecrypt[1274: encryptDecrypt(algorithm=ALG_AES_128_GCM_IV12_TAG16_HKDF_SHA256, byteSize=161, frameSize=161, readLen=322)]" classname="com.amazonaws.encryptionsdk.CryptoInputStreamTest$ParameterizedEncryptDecryptTest" time="0"/>
  <testcase name="encryptDecrypt[1275: encryptDecrypt(algorithm=ALG_AES_128_GCM_IV12_TAG16_HKDF_SHA256, byteSize=161, frameSize=161, readLen=1,000,000)]" classname="com.amazonaws.encryptionsdk.CryptoInputStreamTest$ParameterizedEncryptDecryptTest" time="0"/>
  <testcase name="encryptDecrypt[1276: encryptDecrypt(algorithm=ALG_AES_128_GCM_IV12_TAG16_HKDF_SHA256, byteSize=162, frameSize=161, readLen=1)]" classname="com.amazonaws.encryptionsdk.CryptoInputStreamTest$ParameterizedEncryptDecryptTest" time="0"/>
  <testcase name="encryptDecrypt[1277: encryptDecrypt(algorithm=ALG_AES_128_GCM_IV12_TAG16_HKDF_SHA256, byteSize=162, frameSize=161, readLen=161)]" classname="com.amazonaws.encryptionsdk.CryptoInputStreamTest$ParameterizedEncryptDecryptTest" time="0"/>
  <testcase name="encryptDecrypt[1278: encryptDecrypt(algorithm=ALG_AES_128_GCM_IV12_TAG16_HKDF_SHA256, byteSize=162, frameSize=161, readLen=162)]" classname="com.amazonaws.encryptionsdk.CryptoInputStreamTest$ParameterizedEncryptDecryptTest" time="0"/>
  <testcase name="encryptDecrypt[1279: encryptDecrypt(algorithm=ALG_AES_128_GCM_IV12_TAG16_HKDF_SHA256, byteSize=162, frameSize=161, readLen=163)]" classname="com.amazonaws.encryptionsdk.CryptoInputStreamTest$ParameterizedEncryptDecryptTest" time="0"/>
  <testcase name="encryptDecrypt[1280: encryptDecrypt(algorithm=ALG_AES_128_GCM_IV12_TAG16_HKDF_SHA256, byteSize=162, frameSize=161, readLen=324)]" classname="com.amazonaws.encryptionsdk.CryptoInputStreamTest$ParameterizedEncryptDecryptTest" time="0"/>
  <testcase name="encryptDecrypt[1281: encryptDecrypt(algorithm=ALG_AES_128_GCM_IV12_TAG16_HKDF_SHA256, byteSize=162, frameSize=161, readLen=1,000,000)]" classname="com.amazonaws.encryptionsdk.CryptoInputStreamTest$ParameterizedEncryptDecryptTest" time="0"/>
  <testcase name="encryptDecrypt[1282: encryptDecrypt(algorithm=ALG_AES_128_GCM_IV12_TAG16_HKDF_SHA256, byteSize=241, frameSize=161, readLen=1)]" classname="com.amazonaws.encryptionsdk.CryptoInputStreamTest$ParameterizedEncryptDecryptTest" time="0"/>
  <testcase name="encryptDecrypt[1283: encryptDecrypt(algorithm=ALG_AES_128_GCM_IV12_TAG16_HKDF_SHA256, byteSize=241, frameSize=161, readLen=240)]" classname="com.amazonaws.encryptionsdk.CryptoInputStreamTest$ParameterizedEncryptDecryptTest" time="0"/>
  <testcase name="encryptDecrypt[1284: encryptDecrypt(algorithm=ALG_AES_128_GCM_IV12_TAG16_HKDF_SHA256, byteSize=241, frameSize=161, readLen=241)]" classname="com.amazonaws.encryptionsdk.CryptoInputStreamTest$ParameterizedEncryptDecryptTest" time="0"/>
  <testcase name="encryptDecrypt[1285: encryptDecrypt(algorithm=ALG_AES_128_GCM_IV12_TAG16_HKDF_SHA256, byteSize=241, frameSize=161, readLen=242)]" classname="com.amazonaws.encryptionsdk.CryptoInputStreamTest$ParameterizedEncryptDecryptTest" time="0"/>
  <testcase name="encryptDecrypt[1286: encryptDecrypt(algorithm=ALG_AES_128_GCM_IV12_TAG16_HKDF_SHA256, byteSize=241, frameSize=161, readLen=482)]" classname="com.amazonaws.encryptionsdk.CryptoInputStreamTest$ParameterizedEncryptDecryptTest" time="0"/>
  <testcase name="encryptDecrypt[1287: encryptDecrypt(algorithm=ALG_AES_128_GCM_IV12_TAG16_HKDF_SHA256, byteSize=241, frameSize=161, readLen=1,000,000)]" classname="com.amazonaws.encryptionsdk.CryptoInputStreamTest$ParameterizedEncryptDecryptTest" time="0"/>
  <testcase name="encryptDecrypt[1288: encryptDecrypt(algorithm=ALG_AES_128_GCM_IV12_TAG16_HKDF_SHA256, byteSize=322, frameSize=161, readLen=1)]" classname="com.amazonaws.encryptionsdk.CryptoInputStreamTest$ParameterizedEncryptDecryptTest" time="0"/>
  <testcase name="encryptDecrypt[1289: encryptDecrypt(algorithm=ALG_AES_128_GCM_IV12_TAG16_HKDF_SHA256, byteSize=322, frameSize=161, readLen=321)]" classname="com.amazonaws.encryptionsdk.CryptoInputStreamTest$ParameterizedEncryptDecryptTest" time="0"/>
  <testcase name="encryptDecrypt[1290: encryptDecrypt(algorithm=ALG_AES_128_GCM_IV12_TAG16_HKDF_SHA256, byteSize=322, frameSize=161, readLen=322)]" classname="com.amazonaws.encryptionsdk.CryptoInputStreamTest$ParameterizedEncryptDecryptTest" time="0"/>
  <testcase name="encryptDecrypt[1291: encryptDecrypt(algorithm=ALG_AES_128_GCM_IV12_TAG16_HKDF_SHA256, byteSize=322, frameSize=161, readLen=323)]" classname="com.amazonaws.encryptionsdk.CryptoInputStreamTest$ParameterizedEncryptDecryptTest" time="0"/>
  <testcase name="encryptDecrypt[1292: encryptDecrypt(algorithm=ALG_AES_128_GCM_IV12_TAG16_HKDF_SHA256, byteSize=322, frameSize=161, readLen=644)]" classname="com.amazonaws.encryptionsdk.CryptoInputStreamTest$ParameterizedEncryptDecryptTest" time="0"/>
  <testcase name="encryptDecrypt[1293: encryptDecrypt(algorithm=ALG_AES_128_GCM_IV12_TAG16_HKDF_SHA256, byteSize=322, frameSize=161, readLen=1,000,000)]" classname="com.amazonaws.encryptionsdk.CryptoInputStreamTest$ParameterizedEncryptDecryptTest" time="0"/>
  <testcase name="encryptDecrypt[1294: encryptDecrypt(algorithm=ALG_AES_128_GCM_IV12_TAG16_HKDF_SHA256, byteSize=1,000,000, frameSize=161, readLen=1)]" classname="com.amazonaws.encryptionsdk.CryptoInputStreamTest$ParameterizedEncryptDecryptTest" time="0.032"/>
  <testcase name="encryptDecrypt[1295: encryptDecrypt(algorithm=ALG_AES_128_GCM_IV12_TAG16_HKDF_SHA256, byteSize=1,000,000, frameSize=161, readLen=999,999)]" classname="com.amazonaws.encryptionsdk.CryptoInputStreamTest$ParameterizedEncryptDecryptTest" time="0.015"/>
  <testcase name="encryptDecrypt[1296: encryptDecrypt(algorithm=ALG_AES_128_GCM_IV12_TAG16_HKDF_SHA256, byteSize=1,000,000, frameSize=161, readLen=1,000,000)]" classname="com.amazonaws.encryptionsdk.CryptoInputStreamTest$ParameterizedEncryptDecryptTest" time="0.015"/>
  <testcase name="encryptDecrypt[1297: encryptDecrypt(algorithm=ALG_AES_128_GCM_IV12_TAG16_HKDF_SHA256, byteSize=1,000,000, frameSize=161, readLen=1,000,001)]" classname="com.amazonaws.encryptionsdk.CryptoInputStreamTest$ParameterizedEncryptDecryptTest" time="0.015"/>
  <testcase name="encryptDecrypt[1298: encryptDecrypt(algorithm=ALG_AES_128_GCM_IV12_TAG16_HKDF_SHA256, byteSize=1,000,000, frameSize=161, readLen=2,000,000)]" classname="com.amazonaws.encryptionsdk.CryptoInputStreamTest$ParameterizedEncryptDecryptTest" time="0.015"/>
  <testcase name="encryptDecrypt[1299: encryptDecrypt(algorithm=ALG_AES_128_GCM_IV12_TAG16_HKDF_SHA256, byteSize=1,000,000, frameSize=161, readLen=1,000,000)]" classname="com.amazonaws.encryptionsdk.CryptoInputStreamTest$ParameterizedEncryptDecryptTest" time="0.015"/>
  <testcase name="encryptDecrypt[1300: encryptDecrypt(algorithm=ALG_AES_128_GCM_IV12_TAG16_HKDF_SHA256, byteSize=0, frameSize=4,096, readLen=1)]" classname="com.amazonaws.encryptionsdk.CryptoInputStreamTest$ParameterizedEncryptDecryptTest" time="0"/>
  <testcase name="encryptDecrypt[1301: encryptDecrypt(algorithm=ALG_AES_128_GCM_IV12_TAG16_HKDF_SHA256, byteSize=0, frameSize=4,096, readLen=1)]" classname="com.amazonaws.encryptionsdk.CryptoInputStreamTest$ParameterizedEncryptDecryptTest" time="0"/>
  <testcase name="encryptDecrypt[1302: encryptDecrypt(algorithm=ALG_AES_128_GCM_IV12_TAG16_HKDF_SHA256, byteSize=0, frameSize=4,096, readLen=1,000,000)]" classname="com.amazonaws.encryptionsdk.CryptoInputStreamTest$ParameterizedEncryptDecryptTest" time="0"/>
  <testcase name="encryptDecrypt[1303: encryptDecrypt(algorithm=ALG_AES_128_GCM_IV12_TAG16_HKDF_SHA256, byteSize=1, frameSize=4,096, readLen=1)]" classname="com.amazonaws.encryptionsdk.CryptoInputStreamTest$ParameterizedEncryptDecryptTest" time="0"/>
  <testcase name="encryptDecrypt[1304: encryptDecrypt(algorithm=ALG_AES_128_GCM_IV12_TAG16_HKDF_SHA256, byteSize=1, frameSize=4,096, readLen=1)]" classname="com.amazonaws.encryptionsdk.CryptoInputStreamTest$ParameterizedEncryptDecryptTest" time="0"/>
  <testcase name="encryptDecrypt[1305: encryptDecrypt(algorithm=ALG_AES_128_GCM_IV12_TAG16_HKDF_SHA256, byteSize=1, frameSize=4,096, readLen=2)]" classname="com.amazonaws.encryptionsdk.CryptoInputStreamTest$ParameterizedEncryptDecryptTest" time="0"/>
  <testcase name="encryptDecrypt[1306: encryptDecrypt(algorithm=ALG_AES_128_GCM_IV12_TAG16_HKDF_SHA256, byteSize=1, frameSize=4,096, readLen=2)]" classname="com.amazonaws.encryptionsdk.CryptoInputStreamTest$ParameterizedEncryptDecryptTest" time="0"/>
  <testcase name="encryptDecrypt[1307: encryptDecrypt(algorithm=ALG_AES_128_GCM_IV12_TAG16_HKDF_SHA256, byteSize=1, frameSize=4,096, readLen=1,000,000)]" classname="com.amazonaws.encryptionsdk.CryptoInputStreamTest$ParameterizedEncryptDecryptTest" time="0.001"/>
  <testcase name="encryptDecrypt[1308: encryptDecrypt(algorithm=ALG_AES_128_GCM_IV12_TAG16_HKDF_SHA256, byteSize=4,095, frameSize=4,096, readLen=1)]" classname="com.amazonaws.encryptionsdk.CryptoInputStreamTest$ParameterizedEncryptDecryptTest" time="0"/>
  <testcase name="encryptDecrypt[1309: encryptDecrypt(algorithm=ALG_AES_128_GCM_IV12_TAG16_HKDF_SHA256, byteSize=4,095, frameSize=4,096, readLen=4,094)]" classname="com.amazonaws.encryptionsdk.CryptoInputStreamTest$ParameterizedEncryptDecryptTest" time="0"/>
  <testcase name="encryptDecrypt[1310: encryptDecrypt(algorithm=ALG_AES_128_GCM_IV12_TAG16_HKDF_SHA256, byteSize=4,095, frameSize=4,096, readLen=4,095)]" classname="com.amazonaws.encryptionsdk.CryptoInputStreamTest$ParameterizedEncryptDecryptTest" time="0"/>
  <testcase name="encryptDecrypt[1311: encryptDecrypt(algorithm=ALG_AES_128_GCM_IV12_TAG16_HKDF_SHA256, byteSize=4,095, frameSize=4,096, readLen=4,096)]" classname="com.amazonaws.encryptionsdk.CryptoInputStreamTest$ParameterizedEncryptDecryptTest" time="0"/>
  <testcase name="encryptDecrypt[1312: encryptDecrypt(algorithm=ALG_AES_128_GCM_IV12_TAG16_HKDF_SHA256, byteSize=4,095, frameSize=4,096, readLen=8,190)]" classname="com.amazonaws.encryptionsdk.CryptoInputStreamTest$ParameterizedEncryptDecryptTest" time="0"/>
  <testcase name="encryptDecrypt[1313: encryptDecrypt(algorithm=ALG_AES_128_GCM_IV12_TAG16_HKDF_SHA256, byteSize=4,095, frameSize=4,096, readLen=1,000,000)]" classname="com.amazonaws.encryptionsdk.CryptoInputStreamTest$ParameterizedEncryptDecryptTest" time="0"/>
  <testcase name="encryptDecrypt[1314: encryptDecrypt(algorithm=ALG_AES_128_GCM_IV12_TAG16_HKDF_SHA256, byteSize=4,096, frameSize=4,096, readLen=1)]" classname="com.amazonaws.encryptionsdk.CryptoInputStreamTest$ParameterizedEncryptDecryptTest" time="0.001"/>
  <testcase name="encryptDecrypt[1315: encryptDecrypt(algorithm=ALG_AES_128_GCM_IV12_TAG16_HKDF_SHA256, byteSize=4,096, frameSize=4,096, readLen=4,095)]" classname="com.amazonaws.encryptionsdk.CryptoInputStreamTest$ParameterizedEncryptDecryptTest" time="0"/>
  <testcase name="encryptDecrypt[1316: encryptDecrypt(algorithm=ALG_AES_128_GCM_IV12_TAG16_HKDF_SHA256, byteSize=4,096, frameSize=4,096, readLen=4,096)]" classname="com.amazonaws.encryptionsdk.CryptoInputStreamTest$ParameterizedEncryptDecryptTest" time="0"/>
  <testcase name="encryptDecrypt[1317: encryptDecrypt(algorithm=ALG_AES_128_GCM_IV12_TAG16_HKDF_SHA256, byteSize=4,096, frameSize=4,096, readLen=4,097)]" classname="com.amazonaws.encryptionsdk.CryptoInputStreamTest$ParameterizedEncryptDecryptTest" time="0"/>
  <testcase name="encryptDecrypt[1318: encryptDecrypt(algorithm=ALG_AES_128_GCM_IV12_TAG16_HKDF_SHA256, byteSize=4,096, frameSize=4,096, readLen=8,192)]" classname="com.amazonaws.encryptionsdk.CryptoInputStreamTest$ParameterizedEncryptDecryptTest" time="0"/>
  <testcase name="encryptDecrypt[1319: encryptDecrypt(algorithm=ALG_AES_128_GCM_IV12_TAG16_HKDF_SHA256, byteSize=4,096, frameSize=4,096, readLen=1,000,000)]" classname="com.amazonaws.encryptionsdk.CryptoInputStreamTest$ParameterizedEncryptDecryptTest" time="0"/>
  <testcase name="encryptDecrypt[1320: encryptDecrypt(algorithm=ALG_AES_128_GCM_IV12_TAG16_HKDF_SHA256, byteSize=4,097, frameSize=4,096, readLen=1)]" classname="com.amazonaws.encryptionsdk.CryptoInputStreamTest$ParameterizedEncryptDecryptTest" time="0"/>
  <testcase name="encryptDecrypt[1321: encryptDecrypt(algorithm=ALG_AES_128_GCM_IV12_TAG16_HKDF_SHA256, byteSize=4,097, frameSize=4,096, readLen=4,096)]" classname="com.amazonaws.encryptionsdk.CryptoInputStreamTest$ParameterizedEncryptDecryptTest" time="0.001"/>
  <testcase name="encryptDecrypt[1322: encryptDecrypt(algorithm=ALG_AES_128_GCM_IV12_TAG16_HKDF_SHA256, byteSize=4,097, frameSize=4,096, readLen=4,097)]" classname="com.amazonaws.encryptionsdk.CryptoInputStreamTest$ParameterizedEncryptDecryptTest" time="0"/>
  <testcase name="encryptDecrypt[1323: encryptDecrypt(algorithm=ALG_AES_128_GCM_IV12_TAG16_HKDF_SHA256, byteSize=4,097, frameSize=4,096, readLen=4,098)]" classname="com.amazonaws.encryptionsdk.CryptoInputStreamTest$ParameterizedEncryptDecryptTest" time="0"/>
  <testcase name="encryptDecrypt[1324: encryptDecrypt(algorithm=ALG_AES_128_GCM_IV12_TAG16_HKDF_SHA256, byteSize=4,097, frameSize=4,096, readLen=8,194)]" classname="com.amazonaws.encryptionsdk.CryptoInputStreamTest$ParameterizedEncryptDecryptTest" time="0"/>
  <testcase name="encryptDecrypt[1325: encryptDecrypt(algorithm=ALG_AES_128_GCM_IV12_TAG16_HKDF_SHA256, byteSize=4,097, frameSize=4,096, readLen=1,000,000)]" classname="com.amazonaws.encryptionsdk.CryptoInputStreamTest$ParameterizedEncryptDecryptTest" time="0"/>
  <testcase name="encryptDecrypt[1326: encryptDecrypt(algorithm=ALG_AES_128_GCM_IV12_TAG16_HKDF_SHA256, byteSize=6,144, frameSize=4,096, readLen=1)]" classname="com.amazonaws.encryptionsdk.CryptoInputStreamTest$ParameterizedEncryptDecryptTest" time="0"/>
  <testcase name="encryptDecrypt[1327: encryptDecrypt(algorithm=ALG_AES_128_GCM_IV12_TAG16_HKDF_SHA256, byteSize=6,144, frameSize=4,096, readLen=6,143)]" classname="com.amazonaws.encryptionsdk.CryptoInputStreamTest$ParameterizedEncryptDecryptTest" time="0"/>
  <testcase name="encryptDecrypt[1328: encryptDecrypt(algorithm=ALG_AES_128_GCM_IV12_TAG16_HKDF_SHA256, byteSize=6,144, frameSize=4,096, readLen=6,144)]" classname="com.amazonaws.encryptionsdk.CryptoInputStreamTest$ParameterizedEncryptDecryptTest" time="0.001"/>
  <testcase name="encryptDecrypt[1329: encryptDecrypt(algorithm=ALG_AES_128_GCM_IV12_TAG16_HKDF_SHA256, byteSize=6,144, frameSize=4,096, readLen=6,145)]" classname="com.amazonaws.encryptionsdk.CryptoInputStreamTest$ParameterizedEncryptDecryptTest" time="0"/>
  <testcase name="encryptDecrypt[1330: encryptDecrypt(algorithm=ALG_AES_128_GCM_IV12_TAG16_HKDF_SHA256, byteSize=6,144, frameSize=4,096, readLen=12,288)]" classname="com.amazonaws.encryptionsdk.CryptoInputStreamTest$ParameterizedEncryptDecryptTest" time="0"/>
  <testcase name="encryptDecrypt[1331: encryptDecrypt(algorithm=ALG_AES_128_GCM_IV12_TAG16_HKDF_SHA256, byteSize=6,144, frameSize=4,096, readLen=1,000,000)]" classname="com.amazonaws.encryptionsdk.CryptoInputStreamTest$ParameterizedEncryptDecryptTest" time="0"/>
  <testcase name="encryptDecrypt[1332: encryptDecrypt(algorithm=ALG_AES_128_GCM_IV12_TAG16_HKDF_SHA256, byteSize=8,192, frameSize=4,096, readLen=1)]" classname="com.amazonaws.encryptionsdk.CryptoInputStreamTest$ParameterizedEncryptDecryptTest" time="0"/>
  <testcase name="encryptDecrypt[1333: encryptDecrypt(algorithm=ALG_AES_128_GCM_IV12_TAG16_HKDF_SHA256, byteSize=8,192, frameSize=4,096, readLen=8,191)]" classname="com.amazonaws.encryptionsdk.CryptoInputStreamTest$ParameterizedEncryptDecryptTest" time="0.001"/>
  <testcase name="encryptDecrypt[1334: encryptDecrypt(algorithm=ALG_AES_128_GCM_IV12_TAG16_HKDF_SHA256, byteSize=8,192, frameSize=4,096, readLen=8,192)]" classname="com.amazonaws.encryptionsdk.CryptoInputStreamTest$ParameterizedEncryptDecryptTest" time="0"/>
  <testcase name="encryptDecrypt[1335: encryptDecrypt(algorithm=ALG_AES_128_GCM_IV12_TAG16_HKDF_SHA256, byteSize=8,192, frameSize=4,096, readLen=8,193)]" classname="com.amazonaws.encryptionsdk.CryptoInputStreamTest$ParameterizedEncryptDecryptTest" time="0"/>
  <testcase name="encryptDecrypt[1336: encryptDecrypt(algorithm=ALG_AES_128_GCM_IV12_TAG16_HKDF_SHA256, byteSize=8,192, frameSize=4,096, readLen=16,384)]" classname="com.amazonaws.encryptionsdk.CryptoInputStreamTest$ParameterizedEncryptDecryptTest" time="0"/>
  <testcase name="encryptDecrypt[1337: encryptDecrypt(algorithm=ALG_AES_128_GCM_IV12_TAG16_HKDF_SHA256, byteSize=8,192, frameSize=4,096, readLen=1,000,000)]" classname="com.amazonaws.encryptionsdk.CryptoInputStreamTest$ParameterizedEncryptDecryptTest" time="0"/>
  <testcase name="encryptDecrypt[1338: encryptDecrypt(algorithm=ALG_AES_128_GCM_IV12_TAG16_HKDF_SHA256, byteSize=1,000,000, frameSize=4,096, readLen=1)]" classname="com.amazonaws.encryptionsdk.CryptoInputStreamTest$ParameterizedEncryptDecryptTest" time="0.026"/>
  <testcase name="encryptDecrypt[1339: encryptDecrypt(algorithm=ALG_AES_128_GCM_IV12_TAG16_HKDF_SHA256, byteSize=1,000,000, frameSize=4,096, readLen=999,999)]" classname="com.amazonaws.encryptionsdk.CryptoInputStreamTest$ParameterizedEncryptDecryptTest" time="0.009"/>
  <testcase name="encryptDecrypt[1340: encryptDecrypt(algorithm=ALG_AES_128_GCM_IV12_TAG16_HKDF_SHA256, byteSize=1,000,000, frameSize=4,096, readLen=1,000,000)]" classname="com.amazonaws.encryptionsdk.CryptoInputStreamTest$ParameterizedEncryptDecryptTest" time="0.009"/>
  <testcase name="encryptDecrypt[1341: encryptDecrypt(algorithm=ALG_AES_128_GCM_IV12_TAG16_HKDF_SHA256, byteSize=1,000,000, frameSize=4,096, readLen=1,000,001)]" classname="com.amazonaws.encryptionsdk.CryptoInputStreamTest$ParameterizedEncryptDecryptTest" time="0.008"/>
  <testcase name="encryptDecrypt[1342: encryptDecrypt(algorithm=ALG_AES_128_GCM_IV12_TAG16_HKDF_SHA256, byteSize=1,000,000, frameSize=4,096, readLen=2,000,000)]" classname="com.amazonaws.encryptionsdk.CryptoInputStreamTest$ParameterizedEncryptDecryptTest" time="0.009"/>
  <testcase name="encryptDecrypt[1343: encryptDecrypt(algorithm=ALG_AES_128_GCM_IV12_TAG16_HKDF_SHA256, byteSize=1,000,000, frameSize=4,096, readLen=1,000,000)]" classname="com.amazonaws.encryptionsdk.CryptoInputStreamTest$ParameterizedEncryptDecryptTest" time="0.009"/>
  <testcase name="encryptDecrypt[1344: encryptDecrypt(algorithm=ALG_AES_192_GCM_IV12_TAG16_HKDF_SHA256, byteSize=0, frameSize=0, readLen=1)]" classname="com.amazonaws.encryptionsdk.CryptoInputStreamTest$ParameterizedEncryptDecryptTest" time="0"/>
  <testcase name="encryptDecrypt[1345: encryptDecrypt(algorithm=ALG_AES_192_GCM_IV12_TAG16_HKDF_SHA256, byteSize=0, frameSize=0, readLen=1)]" classname="com.amazonaws.encryptionsdk.CryptoInputStreamTest$ParameterizedEncryptDecryptTest" time="0"/>
  <testcase name="encryptDecrypt[1346: encryptDecrypt(algorithm=ALG_AES_192_GCM_IV12_TAG16_HKDF_SHA256, byteSize=0, frameSize=0, readLen=1,000,000)]" classname="com.amazonaws.encryptionsdk.CryptoInputStreamTest$ParameterizedEncryptDecryptTest" time="0"/>
  <testcase name="encryptDecrypt[1347: encryptDecrypt(algorithm=ALG_AES_192_GCM_IV12_TAG16_HKDF_SHA256, byteSize=1, frameSize=0, readLen=1)]" classname="com.amazonaws.encryptionsdk.CryptoInputStreamTest$ParameterizedEncryptDecryptTest" time="0"/>
  <testcase name="encryptDecrypt[1348: encryptDecrypt(algorithm=ALG_AES_192_GCM_IV12_TAG16_HKDF_SHA256, byteSize=1, frameSize=0, readLen=1)]" classname="com.amazonaws.encryptionsdk.CryptoInputStreamTest$ParameterizedEncryptDecryptTest" time="0"/>
  <testcase name="encryptDecrypt[1349: encryptDecrypt(algorithm=ALG_AES_192_GCM_IV12_TAG16_HKDF_SHA256, byteSize=1, frameSize=0, readLen=2)]" classname="com.amazonaws.encryptionsdk.CryptoInputStreamTest$ParameterizedEncryptDecryptTest" time="0"/>
  <testcase name="encryptDecrypt[1350: encryptDecrypt(algorithm=ALG_AES_192_GCM_IV12_TAG16_HKDF_SHA256, byteSize=1, frameSize=0, readLen=2)]" classname="com.amazonaws.encryptionsdk.CryptoInputStreamTest$ParameterizedEncryptDecryptTest" time="0"/>
  <testcase name="encryptDecrypt[1351: encryptDecrypt(algorithm=ALG_AES_192_GCM_IV12_TAG16_HKDF_SHA256, byteSize=1, frameSize=0, readLen=1,000,000)]" classname="com.amazonaws.encryptionsdk.CryptoInputStreamTest$ParameterizedEncryptDecryptTest" time="0"/>
  <testcase name="encryptDecrypt[1352: encryptDecrypt(algorithm=ALG_AES_192_GCM_IV12_TAG16_HKDF_SHA256, byteSize=0, frameSize=0, readLen=1)]" classname="com.amazonaws.encryptionsdk.CryptoInputStreamTest$ParameterizedEncryptDecryptTest" time="0"/>
  <testcase name="encryptDecrypt[1353: encryptDecrypt(algorithm=ALG_AES_192_GCM_IV12_TAG16_HKDF_SHA256, byteSize=0, frameSize=0, readLen=1)]" classname="com.amazonaws.encryptionsdk.CryptoInputStreamTest$ParameterizedEncryptDecryptTest" time="0"/>
  <testcase name="encryptDecrypt[1354: encryptDecrypt(algorithm=ALG_AES_192_GCM_IV12_TAG16_HKDF_SHA256, byteSize=0, frameSize=0, readLen=1,000,000)]" classname="com.amazonaws.encryptionsdk.CryptoInputStreamTest$ParameterizedEncryptDecryptTest" time="0"/>
  <testcase name="encryptDecrypt[1355: encryptDecrypt(algorithm=ALG_AES_192_GCM_IV12_TAG16_HKDF_SHA256, byteSize=1, frameSize=0, readLen=1)]" classname="com.amazonaws.encryptionsdk.CryptoInputStreamTest$ParameterizedEncryptDecryptTest" time="0"/>
  <testcase name="encryptDecrypt[1356: encryptDecrypt(algorithm=ALG_AES_192_GCM_IV12_TAG16_HKDF_SHA256, byteSize=1, frameSize=0, readLen=1)]" classname="com.amazonaws.encryptionsdk.CryptoInputStreamTest$ParameterizedEncryptDecryptTest" time="0"/>
  <testcase name="encryptDecrypt[1357: encryptDecrypt(algorithm=ALG_AES_192_GCM_IV12_TAG16_HKDF_SHA256, byteSize=1, frameSize=0, readLen=2)]" classname="com.amazonaws.encryptionsdk.CryptoInputStreamTest$ParameterizedEncryptDecryptTest" time="0"/>
  <testcase name="encryptDecrypt[1358: encryptDecrypt(algorithm=ALG_AES_192_GCM_IV12_TAG16_HKDF_SHA256, byteSize=1, frameSize=0, readLen=2)]" classname="com.amazonaws.encryptionsdk.CryptoInputStreamTest$ParameterizedEncryptDecryptTest" time="0"/>
  <testcase name="encryptDecrypt[1359: encryptDecrypt(algorithm=ALG_AES_192_GCM_IV12_TAG16_HKDF_SHA256, byteSize=1, frameSize=0, readLen=1,000,000)]" classname="com.amazonaws.encryptionsdk.CryptoInputStreamTest$ParameterizedEncryptDecryptTest" time="0"/>
  <testcase name="encryptDecrypt[1360: encryptDecrypt(algorithm=ALG_AES_192_GCM_IV12_TAG16_HKDF_SHA256, byteSize=0, frameSize=0, readLen=1)]" classname="com.amazonaws.encryptionsdk.CryptoInputStreamTest$ParameterizedEncryptDecryptTest" time="0"/>
  <testcase name="encryptDecrypt[1361: encryptDecrypt(algorithm=ALG_AES_192_GCM_IV12_TAG16_HKDF_SHA256, byteSize=0, frameSize=0, readLen=1)]" classname="com.amazonaws.encryptionsdk.CryptoInputStreamTest$ParameterizedEncryptDecryptTest" time="0.001"/>
  <testcase name="encryptDecrypt[1362: encryptDecrypt(algorithm=ALG_AES_192_GCM_IV12_TAG16_HKDF_SHA256, byteSize=0, frameSize=0, readLen=1,000,000)]" classname="com.amazonaws.encryptionsdk.CryptoInputStreamTest$ParameterizedEncryptDecryptTest" time="0"/>
  <testcase name="encryptDecrypt[1363: encryptDecrypt(algorithm=ALG_AES_192_GCM_IV12_TAG16_HKDF_SHA256, byteSize=0, frameSize=0, readLen=1)]" classname="com.amazonaws.encryptionsdk.CryptoInputStreamTest$ParameterizedEncryptDecryptTest" time="0"/>
  <testcase name="encryptDecrypt[1364: encryptDecrypt(algorithm=ALG_AES_192_GCM_IV12_TAG16_HKDF_SHA256, byteSize=0, frameSize=0, readLen=1)]" classname="com.amazonaws.encryptionsdk.CryptoInputStreamTest$ParameterizedEncryptDecryptTest" time="0"/>
  <testcase name="encryptDecrypt[1365: encryptDecrypt(algorithm=ALG_AES_192_GCM_IV12_TAG16_HKDF_SHA256, byteSize=0, frameSize=0, readLen=1,000,000)]" classname="com.amazonaws.encryptionsdk.CryptoInputStreamTest$ParameterizedEncryptDecryptTest" time="0"/>
  <testcase name="encryptDecrypt[1366: encryptDecrypt(algorithm=ALG_AES_192_GCM_IV12_TAG16_HKDF_SHA256, byteSize=1,000,000, frameSize=0, readLen=1)]" classname="com.amazonaws.encryptionsdk.CryptoInputStreamTest$ParameterizedEncryptDecryptTest" time="0.06"/>
  <testcase name="encryptDecrypt[1367: encryptDecrypt(algorithm=ALG_AES_192_GCM_IV12_TAG16_HKDF_SHA256, byteSize=1,000,000, frameSize=0, readLen=999,999)]" classname="com.amazonaws.encryptionsdk.CryptoInputStreamTest$ParameterizedEncryptDecryptTest" time="0.041"/>
  <testcase name="encryptDecrypt[1368: encryptDecrypt(algorithm=ALG_AES_192_GCM_IV12_TAG16_HKDF_SHA256, byteSize=1,000,000, frameSize=0, readLen=1,000,000)]" classname="com.amazonaws.encryptionsdk.CryptoInputStreamTest$ParameterizedEncryptDecryptTest" time="0.041"/>
  <testcase name="encryptDecrypt[1369: encryptDecrypt(algorithm=ALG_AES_192_GCM_IV12_TAG16_HKDF_SHA256, byteSize=1,000,000, frameSize=0, readLen=1,000,001)]" classname="com.amazonaws.encryptionsdk.CryptoInputStreamTest$ParameterizedEncryptDecryptTest" time="0.041"/>
  <testcase name="encryptDecrypt[1370: encryptDecrypt(algorithm=ALG_AES_192_GCM_IV12_TAG16_HKDF_SHA256, byteSize=1,000,000, frameSize=0, readLen=2,000,000)]" classname="com.amazonaws.encryptionsdk.CryptoInputStreamTest$ParameterizedEncryptDecryptTest" time="0.041"/>
  <testcase name="encryptDecrypt[1371: encryptDecrypt(algorithm=ALG_AES_192_GCM_IV12_TAG16_HKDF_SHA256, byteSize=1,000,000, frameSize=0, readLen=1,000,000)]" classname="com.amazonaws.encryptionsdk.CryptoInputStreamTest$ParameterizedEncryptDecryptTest" time="0.043"/>
  <testcase name="encryptDecrypt[1372: encryptDecrypt(algorithm=ALG_AES_192_GCM_IV12_TAG16_HKDF_SHA256, byteSize=0, frameSize=15, readLen=1)]" classname="com.amazonaws.encryptionsdk.CryptoInputStreamTest$ParameterizedEncryptDecryptTest" time="0"/>
  <testcase name="encryptDecrypt[1373: encryptDecrypt(algorithm=ALG_AES_192_GCM_IV12_TAG16_HKDF_SHA256, byteSize=0, frameSize=15, readLen=1)]" classname="com.amazonaws.encryptionsdk.CryptoInputStreamTest$ParameterizedEncryptDecryptTest" time="0"/>
  <testcase name="encryptDecrypt[1374: encryptDecrypt(algorithm=ALG_AES_192_GCM_IV12_TAG16_HKDF_SHA256, byteSize=0, frameSize=15, readLen=1,000,000)]" classname="com.amazonaws.encryptionsdk.CryptoInputStreamTest$ParameterizedEncryptDecryptTest" time="0"/>
  <testcase name="encryptDecrypt[1375: encryptDecrypt(algorithm=ALG_AES_192_GCM_IV12_TAG16_HKDF_SHA256, byteSize=1, frameSize=15, readLen=1)]" classname="com.amazonaws.encryptionsdk.CryptoInputStreamTest$ParameterizedEncryptDecryptTest" time="0"/>
  <testcase name="encryptDecrypt[1376: encryptDecrypt(algorithm=ALG_AES_192_GCM_IV12_TAG16_HKDF_SHA256, byteSize=1, frameSize=15, readLen=1)]" classname="com.amazonaws.encryptionsdk.CryptoInputStreamTest$ParameterizedEncryptDecryptTest" time="0"/>
  <testcase name="encryptDecrypt[1377: encryptDecrypt(algorithm=ALG_AES_192_GCM_IV12_TAG16_HKDF_SHA256, byteSize=1, frameSize=15, readLen=2)]" classname="com.amazonaws.encryptionsdk.CryptoInputStreamTest$ParameterizedEncryptDecryptTest" time="0"/>
  <testcase name="encryptDecrypt[1378: encryptDecrypt(algorithm=ALG_AES_192_GCM_IV12_TAG16_HKDF_SHA256, byteSize=1, frameSize=15, readLen=2)]" classname="com.amazonaws.encryptionsdk.CryptoInputStreamTest$ParameterizedEncryptDecryptTest" time="0"/>
  <testcase name="encryptDecrypt[1379: encryptDecrypt(algorithm=ALG_AES_192_GCM_IV12_TAG16_HKDF_SHA256, byteSize=1, frameSize=15, readLen=1,000,000)]" classname="com.amazonaws.encryptionsdk.CryptoInputStreamTest$ParameterizedEncryptDecryptTest" time="0"/>
  <testcase name="encryptDecrypt[1380: encryptDecrypt(algorithm=ALG_AES_192_GCM_IV12_TAG16_HKDF_SHA256, byteSize=14, frameSize=15, readLen=1)]" classname="com.amazonaws.encryptionsdk.CryptoInputStreamTest$ParameterizedEncryptDecryptTest" time="0"/>
  <testcase name="encryptDecrypt[1381: encryptDecrypt(algorithm=ALG_AES_192_GCM_IV12_TAG16_HKDF_SHA256, byteSize=14, frameSize=15, readLen=13)]" classname="com.amazonaws.encryptionsdk.CryptoInputStreamTest$ParameterizedEncryptDecryptTest" time="0"/>
  <testcase name="encryptDecrypt[1382: encryptDecrypt(algorithm=ALG_AES_192_GCM_IV12_TAG16_HKDF_SHA256, byteSize=14, frameSize=15, readLen=14)]" classname="com.amazonaws.encryptionsdk.CryptoInputStreamTest$ParameterizedEncryptDecryptTest" time="0"/>
  <testcase name="encryptDecrypt[1383: encryptDecrypt(algorithm=ALG_AES_192_GCM_IV12_TAG16_HKDF_SHA256, byteSize=14, frameSize=15, readLen=15)]" classname="com.amazonaws.encryptionsdk.CryptoInputStreamTest$ParameterizedEncryptDecryptTest" time="0.001"/>
  <testcase name="encryptDecrypt[1384: encryptDecrypt(algorithm=ALG_AES_192_GCM_IV12_TAG16_HKDF_SHA256, byteSize=14, frameSize=15, readLen=28)]" classname="com.amazonaws.encryptionsdk.CryptoInputStreamTest$ParameterizedEncryptDecryptTest" time="0"/>
  <testcase name="encryptDecrypt[1385: encryptDecrypt(algorithm=ALG_AES_192_GCM_IV12_TAG16_HKDF_SHA256, byteSize=14, frameSize=15, readLen=1,000,000)]" classname="com.amazonaws.encryptionsdk.CryptoInputStreamTest$ParameterizedEncryptDecryptTest" time="0"/>
  <testcase name="encryptDecrypt[1386: encryptDecrypt(algorithm=ALG_AES_192_GCM_IV12_TAG16_HKDF_SHA256, byteSize=15, frameSize=15, readLen=1)]" classname="com.amazonaws.encryptionsdk.CryptoInputStreamTest$ParameterizedEncryptDecryptTest" time="0"/>
  <testcase name="encryptDecrypt[1387: encryptDecrypt(algorithm=ALG_AES_192_GCM_IV12_TAG16_HKDF_SHA256, byteSize=15, frameSize=15, readLen=14)]" classname="com.amazonaws.encryptionsdk.CryptoInputStreamTest$ParameterizedEncryptDecryptTest" time="0"/>
  <testcase name="encryptDecrypt[1388: encryptDecrypt(algorithm=ALG_AES_192_GCM_IV12_TAG16_HKDF_SHA256, byteSize=15, frameSize=15, readLen=15)]" classname="com.amazonaws.encryptionsdk.CryptoInputStreamTest$ParameterizedEncryptDecryptTest" time="0"/>
  <testcase name="encryptDecrypt[1389: encryptDecrypt(algorithm=ALG_AES_192_GCM_IV12_TAG16_HKDF_SHA256, byteSize=15, frameSize=15, readLen=16)]" classname="com.amazonaws.encryptionsdk.CryptoInputStreamTest$ParameterizedEncryptDecryptTest" time="0"/>
  <testcase name="encryptDecrypt[1390: encryptDecrypt(algorithm=ALG_AES_192_GCM_IV12_TAG16_HKDF_SHA256, byteSize=15, frameSize=15, readLen=30)]" classname="com.amazonaws.encryptionsdk.CryptoInputStreamTest$ParameterizedEncryptDecryptTest" time="0"/>
  <testcase name="encryptDecrypt[1391: encryptDecrypt(algorithm=ALG_AES_192_GCM_IV12_TAG16_HKDF_SHA256, byteSize=15, frameSize=15, readLen=1,000,000)]" classname="com.amazonaws.encryptionsdk.CryptoInputStreamTest$ParameterizedEncryptDecryptTest" time="0"/>
  <testcase name="encryptDecrypt[1392: encryptDecrypt(algorithm=ALG_AES_192_GCM_IV12_TAG16_HKDF_SHA256, byteSize=16, frameSize=15, readLen=1)]" classname="com.amazonaws.encryptionsdk.CryptoInputStreamTest$ParameterizedEncryptDecryptTest" time="0"/>
  <testcase name="encryptDecrypt[1393: encryptDecrypt(algorithm=ALG_AES_192_GCM_IV12_TAG16_HKDF_SHA256, byteSize=16, frameSize=15, readLen=15)]" classname="com.amazonaws.encryptionsdk.CryptoInputStreamTest$ParameterizedEncryptDecryptTest" time="0"/>
  <testcase name="encryptDecrypt[1394: encryptDecrypt(algorithm=ALG_AES_192_GCM_IV12_TAG16_HKDF_SHA256, byteSize=16, frameSize=15, readLen=16)]" classname="com.amazonaws.encryptionsdk.CryptoInputStreamTest$ParameterizedEncryptDecryptTest" time="0"/>
  <testcase name="encryptDecrypt[1395: encryptDecrypt(algorithm=ALG_AES_192_GCM_IV12_TAG16_HKDF_SHA256, byteSize=16, frameSize=15, readLen=17)]" classname="com.amazonaws.encryptionsdk.CryptoInputStreamTest$ParameterizedEncryptDecryptTest" time="0"/>
  <testcase name="encryptDecrypt[1396: encryptDecrypt(algorithm=ALG_AES_192_GCM_IV12_TAG16_HKDF_SHA256, byteSize=16, frameSize=15, readLen=32)]" classname="com.amazonaws.encryptionsdk.CryptoInputStreamTest$ParameterizedEncryptDecryptTest" time="0"/>
  <testcase name="encryptDecrypt[1397: encryptDecrypt(algorithm=ALG_AES_192_GCM_IV12_TAG16_HKDF_SHA256, byteSize=16, frameSize=15, readLen=1,000,000)]" classname="com.amazonaws.encryptionsdk.CryptoInputStreamTest$ParameterizedEncryptDecryptTest" time="0"/>
  <testcase name="encryptDecrypt[1398: encryptDecrypt(algorithm=ALG_AES_192_GCM_IV12_TAG16_HKDF_SHA256, byteSize=22, frameSize=15, readLen=1)]" classname="com.amazonaws.encryptionsdk.CryptoInputStreamTest$ParameterizedEncryptDecryptTest" time="0"/>
  <testcase name="encryptDecrypt[1399: encryptDecrypt(algorithm=ALG_AES_192_GCM_IV12_TAG16_HKDF_SHA256, byteSize=22, frameSize=15, readLen=21)]" classname="com.amazonaws.encryptionsdk.CryptoInputStreamTest$ParameterizedEncryptDecryptTest" time="0"/>
  <testcase name="encryptDecrypt[1400: encryptDecrypt(algorithm=ALG_AES_192_GCM_IV12_TAG16_HKDF_SHA256, byteSize=22, frameSize=15, readLen=22)]" classname="com.amazonaws.encryptionsdk.CryptoInputStreamTest$ParameterizedEncryptDecryptTest" time="0"/>
  <testcase name="encryptDecrypt[1401: encryptDecrypt(algorithm=ALG_AES_192_GCM_IV12_TAG16_HKDF_SHA256, byteSize=22, frameSize=15, readLen=23)]" classname="com.amazonaws.encryptionsdk.CryptoInputStreamTest$ParameterizedEncryptDecryptTest" time="0"/>
  <testcase name="encryptDecrypt[1402: encryptDecrypt(algorithm=ALG_AES_192_GCM_IV12_TAG16_HKDF_SHA256, byteSize=22, frameSize=15, readLen=44)]" classname="com.amazonaws.encryptionsdk.CryptoInputStreamTest$ParameterizedEncryptDecryptTest" time="0.001"/>
  <testcase name="encryptDecrypt[1403: encryptDecrypt(algorithm=ALG_AES_192_GCM_IV12_TAG16_HKDF_SHA256, byteSize=22, frameSize=15, readLen=1,000,000)]" classname="com.amazonaws.encryptionsdk.CryptoInputStreamTest$ParameterizedEncryptDecryptTest" time="0"/>
  <testcase name="encryptDecrypt[1404: encryptDecrypt(algorithm=ALG_AES_192_GCM_IV12_TAG16_HKDF_SHA256, byteSize=30, frameSize=15, readLen=1)]" classname="com.amazonaws.encryptionsdk.CryptoInputStreamTest$ParameterizedEncryptDecryptTest" time="0"/>
  <testcase name="encryptDecrypt[1405: encryptDecrypt(algorithm=ALG_AES_192_GCM_IV12_TAG16_HKDF_SHA256, byteSize=30, frameSize=15, readLen=29)]" classname="com.amazonaws.encryptionsdk.CryptoInputStreamTest$ParameterizedEncryptDecryptTest" time="0"/>
  <testcase name="encryptDecrypt[1406: encryptDecrypt(algorithm=ALG_AES_192_GCM_IV12_TAG16_HKDF_SHA256, byteSize=30, frameSize=15, readLen=30)]" classname="com.amazonaws.encryptionsdk.CryptoInputStreamTest$ParameterizedEncryptDecryptTest" time="0"/>
  <testcase name="encryptDecrypt[1407: encryptDecrypt(algorithm=ALG_AES_192_GCM_IV12_TAG16_HKDF_SHA256, byteSize=30, frameSize=15, readLen=31)]" classname="com.amazonaws.encryptionsdk.CryptoInputStreamTest$ParameterizedEncryptDecryptTest" time="0"/>
  <testcase name="encryptDecrypt[1408: encryptDecrypt(algorithm=ALG_AES_192_GCM_IV12_TAG16_HKDF_SHA256, byteSize=30, frameSize=15, readLen=60)]" classname="com.amazonaws.encryptionsdk.CryptoInputStreamTest$ParameterizedEncryptDecryptTest" time="0"/>
  <testcase name="encryptDecrypt[1409: encryptDecrypt(algorithm=ALG_AES_192_GCM_IV12_TAG16_HKDF_SHA256, byteSize=30, frameSize=15, readLen=1,000,000)]" classname="com.amazonaws.encryptionsdk.CryptoInputStreamTest$ParameterizedEncryptDecryptTest" time="0"/>
  <testcase name="encryptDecrypt[1410: encryptDecrypt(algorithm=ALG_AES_192_GCM_IV12_TAG16_HKDF_SHA256, byteSize=1,000,000, frameSize=15, readLen=1)]" classname="com.amazonaws.encryptionsdk.CryptoInputStreamTest$ParameterizedEncryptDecryptTest" time="0.099"/>
  <testcase name="encryptDecrypt[1411: encryptDecrypt(algorithm=ALG_AES_192_GCM_IV12_TAG16_HKDF_SHA256, byteSize=1,000,000, frameSize=15, readLen=999,999)]" classname="com.amazonaws.encryptionsdk.CryptoInputStreamTest$ParameterizedEncryptDecryptTest" time="0.08"/>
  <testcase name="encryptDecrypt[1412: encryptDecrypt(algorithm=ALG_AES_192_GCM_IV12_TAG16_HKDF_SHA256, byteSize=1,000,000, frameSize=15, readLen=1,000,000)]" classname="com.amazonaws.encryptionsdk.CryptoInputStreamTest$ParameterizedEncryptDecryptTest" time="0.081"/>
  <testcase name="encryptDecrypt[1413: encryptDecrypt(algorithm=ALG_AES_192_GCM_IV12_TAG16_HKDF_SHA256, byteSize=1,000,000, frameSize=15, readLen=1,000,001)]" classname="com.amazonaws.encryptionsdk.CryptoInputStreamTest$ParameterizedEncryptDecryptTest" time="0.082"/>
  <testcase name="encryptDecrypt[1414: encryptDecrypt(algorithm=ALG_AES_192_GCM_IV12_TAG16_HKDF_SHA256, byteSize=1,000,000, frameSize=15, readLen=2,000,000)]" classname="com.amazonaws.encryptionsdk.CryptoInputStreamTest$ParameterizedEncryptDecryptTest" time="0.078"/>
  <testcase name="encryptDecrypt[1415: encryptDecrypt(algorithm=ALG_AES_192_GCM_IV12_TAG16_HKDF_SHA256, byteSize=1,000,000, frameSize=15, readLen=1,000,000)]" classname="com.amazonaws.encryptionsdk.CryptoInputStreamTest$ParameterizedEncryptDecryptTest" time="0.079"/>
  <testcase name="encryptDecrypt[1416: encryptDecrypt(algorithm=ALG_AES_192_GCM_IV12_TAG16_HKDF_SHA256, byteSize=0, frameSize=16, readLen=1)]" classname="com.amazonaws.encryptionsdk.CryptoInputStreamTest$ParameterizedEncryptDecryptTest" time="0"/>
  <testcase name="encryptDecrypt[1417: encryptDecrypt(algorithm=ALG_AES_192_GCM_IV12_TAG16_HKDF_SHA256, byteSize=0, frameSize=16, readLen=1)]" classname="com.amazonaws.encryptionsdk.CryptoInputStreamTest$ParameterizedEncryptDecryptTest" time="0"/>
  <testcase name="encryptDecrypt[1418: encryptDecrypt(algorithm=ALG_AES_192_GCM_IV12_TAG16_HKDF_SHA256, byteSize=0, frameSize=16, readLen=1,000,000)]" classname="com.amazonaws.encryptionsdk.CryptoInputStreamTest$ParameterizedEncryptDecryptTest" time="0"/>
  <testcase name="encryptDecrypt[1419: encryptDecrypt(algorithm=ALG_AES_192_GCM_IV12_TAG16_HKDF_SHA256, byteSize=1, frameSize=16, readLen=1)]" classname="com.amazonaws.encryptionsdk.CryptoInputStreamTest$ParameterizedEncryptDecryptTest" time="0"/>
  <testcase name="encryptDecrypt[1420: encryptDecrypt(algorithm=ALG_AES_192_GCM_IV12_TAG16_HKDF_SHA256, byteSize=1, frameSize=16, readLen=1)]" classname="com.amazonaws.encryptionsdk.CryptoInputStreamTest$ParameterizedEncryptDecryptTest" time="0"/>
  <testcase name="encryptDecrypt[1421: encryptDecrypt(algorithm=ALG_AES_192_GCM_IV12_TAG16_HKDF_SHA256, byteSize=1, frameSize=16, readLen=2)]" classname="com.amazonaws.encryptionsdk.CryptoInputStreamTest$ParameterizedEncryptDecryptTest" time="0"/>
  <testcase name="encryptDecrypt[1422: encryptDecrypt(algorithm=ALG_AES_192_GCM_IV12_TAG16_HKDF_SHA256, byteSize=1, frameSize=16, readLen=2)]" classname="com.amazonaws.encryptionsdk.CryptoInputStreamTest$ParameterizedEncryptDecryptTest" time="0"/>
  <testcase name="encryptDecrypt[1423: encryptDecrypt(algorithm=ALG_AES_192_GCM_IV12_TAG16_HKDF_SHA256, byteSize=1, frameSize=16, readLen=1,000,000)]" classname="com.amazonaws.encryptionsdk.CryptoInputStreamTest$ParameterizedEncryptDecryptTest" time="0.001"/>
  <testcase name="encryptDecrypt[1424: encryptDecrypt(algorithm=ALG_AES_192_GCM_IV12_TAG16_HKDF_SHA256, byteSize=15, frameSize=16, readLen=1)]" classname="com.amazonaws.encryptionsdk.CryptoInputStreamTest$ParameterizedEncryptDecryptTest" time="0"/>
  <testcase name="encryptDecrypt[1425: encryptDecrypt(algorithm=ALG_AES_192_GCM_IV12_TAG16_HKDF_SHA256, byteSize=15, frameSize=16, readLen=14)]" classname="com.amazonaws.encryptionsdk.CryptoInputStreamTest$ParameterizedEncryptDecryptTest" time="0"/>
  <testcase name="encryptDecrypt[1426: encryptDecrypt(algorithm=ALG_AES_192_GCM_IV12_TAG16_HKDF_SHA256, byteSize=15, frameSize=16, readLen=15)]" classname="com.amazonaws.encryptionsdk.CryptoInputStreamTest$ParameterizedEncryptDecryptTest" time="0"/>
  <testcase name="encryptDecrypt[1427: encryptDecrypt(algorithm=ALG_AES_192_GCM_IV12_TAG16_HKDF_SHA256, byteSize=15, frameSize=16, readLen=16)]" classname="com.amazonaws.encryptionsdk.CryptoInputStreamTest$ParameterizedEncryptDecryptTest" time="0"/>
  <testcase name="encryptDecrypt[1428: encryptDecrypt(algorithm=ALG_AES_192_GCM_IV12_TAG16_HKDF_SHA256, byteSize=15, frameSize=16, readLen=30)]" classname="com.amazonaws.encryptionsdk.CryptoInputStreamTest$ParameterizedEncryptDecryptTest" time="0"/>
  <testcase name="encryptDecrypt[1429: encryptDecrypt(algorithm=ALG_AES_192_GCM_IV12_TAG16_HKDF_SHA256, byteSize=15, frameSize=16, readLen=1,000,000)]" classname="com.amazonaws.encryptionsdk.CryptoInputStreamTest$ParameterizedEncryptDecryptTest" time="0"/>
  <testcase name="encryptDecrypt[1430: encryptDecrypt(algorithm=ALG_AES_192_GCM_IV12_TAG16_HKDF_SHA256, byteSize=16, frameSize=16, readLen=1)]" classname="com.amazonaws.encryptionsdk.CryptoInputStreamTest$ParameterizedEncryptDecryptTest" time="0"/>
  <testcase name="encryptDecrypt[1431: encryptDecrypt(algorithm=ALG_AES_192_GCM_IV12_TAG16_HKDF_SHA256, byteSize=16, frameSize=16, readLen=15)]" classname="com.amazonaws.encryptionsdk.CryptoInputStreamTest$ParameterizedEncryptDecryptTest" time="0"/>
  <testcase name="encryptDecrypt[1432: encryptDecrypt(algorithm=ALG_AES_192_GCM_IV12_TAG16_HKDF_SHA256, byteSize=16, frameSize=16, readLen=16)]" classname="com.amazonaws.encryptionsdk.CryptoInputStreamTest$ParameterizedEncryptDecryptTest" time="0"/>
  <testcase name="encryptDecrypt[1433: encryptDecrypt(algorithm=ALG_AES_192_GCM_IV12_TAG16_HKDF_SHA256, byteSize=16, frameSize=16, readLen=17)]" classname="com.amazonaws.encryptionsdk.CryptoInputStreamTest$ParameterizedEncryptDecryptTest" time="0"/>
  <testcase name="encryptDecrypt[1434: encryptDecrypt(algorithm=ALG_AES_192_GCM_IV12_TAG16_HKDF_SHA256, byteSize=16, frameSize=16, readLen=32)]" classname="com.amazonaws.encryptionsdk.CryptoInputStreamTest$ParameterizedEncryptDecryptTest" time="0.001"/>
  <testcase name="encryptDecrypt[1435: encryptDecrypt(algorithm=ALG_AES_192_GCM_IV12_TAG16_HKDF_SHA256, byteSize=16, frameSize=16, readLen=1,000,000)]" classname="com.amazonaws.encryptionsdk.CryptoInputStreamTest$ParameterizedEncryptDecryptTest" time="0"/>
  <testcase name="encryptDecrypt[1436: encryptDecrypt(algorithm=ALG_AES_192_GCM_IV12_TAG16_HKDF_SHA256, byteSize=17, frameSize=16, readLen=1)]" classname="com.amazonaws.encryptionsdk.CryptoInputStreamTest$ParameterizedEncryptDecryptTest" time="0"/>
  <testcase name="encryptDecrypt[1437: encryptDecrypt(algorithm=ALG_AES_192_GCM_IV12_TAG16_HKDF_SHA256, byteSize=17, frameSize=16, readLen=16)]" classname="com.amazonaws.encryptionsdk.CryptoInputStreamTest$ParameterizedEncryptDecryptTest" time="0"/>
  <testcase name="encryptDecrypt[1438: encryptDecrypt(algorithm=ALG_AES_192_GCM_IV12_TAG16_HKDF_SHA256, byteSize=17, frameSize=16, readLen=17)]" classname="com.amazonaws.encryptionsdk.CryptoInputStreamTest$ParameterizedEncryptDecryptTest" time="0"/>
  <testcase name="encryptDecrypt[1439: encryptDecrypt(algorithm=ALG_AES_192_GCM_IV12_TAG16_HKDF_SHA256, byteSize=17, frameSize=16, readLen=18)]" classname="com.amazonaws.encryptionsdk.CryptoInputStreamTest$ParameterizedEncryptDecryptTest" time="0"/>
  <testcase name="encryptDecrypt[1440: encryptDecrypt(algorithm=ALG_AES_192_GCM_IV12_TAG16_HKDF_SHA256, byteSize=17, frameSize=16, readLen=34)]" classname="com.amazonaws.encryptionsdk.CryptoInputStreamTest$ParameterizedEncryptDecryptTest" time="0"/>
  <testcase name="encryptDecrypt[1441: encryptDecrypt(algorithm=ALG_AES_192_GCM_IV12_TAG16_HKDF_SHA256, byteSize=17, frameSize=16, readLen=1,000,000)]" classname="com.amazonaws.encryptionsdk.CryptoInputStreamTest$ParameterizedEncryptDecryptTest" time="0"/>
  <testcase name="encryptDecrypt[1442: encryptDecrypt(algorithm=ALG_AES_192_GCM_IV12_TAG16_HKDF_SHA256, byteSize=24, frameSize=16, readLen=1)]" classname="com.amazonaws.encryptionsdk.CryptoInputStreamTest$ParameterizedEncryptDecryptTest" time="0"/>
  <testcase name="encryptDecrypt[1443: encryptDecrypt(algorithm=ALG_AES_192_GCM_IV12_TAG16_HKDF_SHA256, byteSize=24, frameSize=16, readLen=23)]" classname="com.amazonaws.encryptionsdk.CryptoInputStreamTest$ParameterizedEncryptDecryptTest" time="0"/>
  <testcase name="encryptDecrypt[1444: encryptDecrypt(algorithm=ALG_AES_192_GCM_IV12_TAG16_HKDF_SHA256, byteSize=24, frameSize=16, readLen=24)]" classname="com.amazonaws.encryptionsdk.CryptoInputStreamTest$ParameterizedEncryptDecryptTest" time="0"/>
  <testcase name="encryptDecrypt[1445: encryptDecrypt(algorithm=ALG_AES_192_GCM_IV12_TAG16_HKDF_SHA256, byteSize=24, frameSize=16, readLen=25)]" classname="com.amazonaws.encryptionsdk.CryptoInputStreamTest$ParameterizedEncryptDecryptTest" time="0.001"/>
  <testcase name="encryptDecrypt[1446: encryptDecrypt(algorithm=ALG_AES_192_GCM_IV12_TAG16_HKDF_SHA256, byteSize=24, frameSize=16, readLen=48)]" classname="com.amazonaws.encryptionsdk.CryptoInputStreamTest$ParameterizedEncryptDecryptTest" time="0"/>
  <testcase name="encryptDecrypt[1447: encryptDecrypt(algorithm=ALG_AES_192_GCM_IV12_TAG16_HKDF_SHA256, byteSize=24, frameSize=16, readLen=1,000,000)]" classname="com.amazonaws.encryptionsdk.CryptoInputStreamTest$ParameterizedEncryptDecryptTest" time="0"/>
  <testcase name="encryptDecrypt[1448: encryptDecrypt(algorithm=ALG_AES_192_GCM_IV12_TAG16_HKDF_SHA256, byteSize=32, frameSize=16, readLen=1)]" classname="com.amazonaws.encryptionsdk.CryptoInputStreamTest$ParameterizedEncryptDecryptTest" time="0"/>
  <testcase name="encryptDecrypt[1449: encryptDecrypt(algorithm=ALG_AES_192_GCM_IV12_TAG16_HKDF_SHA256, byteSize=32, frameSize=16, readLen=31)]" classname="com.amazonaws.encryptionsdk.CryptoInputStreamTest$ParameterizedEncryptDecryptTest" time="0"/>
  <testcase name="encryptDecrypt[1450: encryptDecrypt(algorithm=ALG_AES_192_GCM_IV12_TAG16_HKDF_SHA256, byteSize=32, frameSize=16, readLen=32)]" classname="com.amazonaws.encryptionsdk.CryptoInputStreamTest$ParameterizedEncryptDecryptTest" time="0"/>
  <testcase name="encryptDecrypt[1451: encryptDecrypt(algorithm=ALG_AES_192_GCM_IV12_TAG16_HKDF_SHA256, byteSize=32, frameSize=16, readLen=33)]" classname="com.amazonaws.encryptionsdk.CryptoInputStreamTest$ParameterizedEncryptDecryptTest" time="0"/>
  <testcase name="encryptDecrypt[1452: encryptDecrypt(algorithm=ALG_AES_192_GCM_IV12_TAG16_HKDF_SHA256, byteSize=32, frameSize=16, readLen=64)]" classname="com.amazonaws.encryptionsdk.CryptoInputStreamTest$ParameterizedEncryptDecryptTest" time="0"/>
  <testcase name="encryptDecrypt[1453: encryptDecrypt(algorithm=ALG_AES_192_GCM_IV12_TAG16_HKDF_SHA256, byteSize=32, frameSize=16, readLen=1,000,000)]" classname="com.amazonaws.encryptionsdk.CryptoInputStreamTest$ParameterizedEncryptDecryptTest" time="0"/>
  <testcase name="encryptDecrypt[1454: encryptDecrypt(algorithm=ALG_AES_192_GCM_IV12_TAG16_HKDF_SHA256, byteSize=1,000,000, frameSize=16, readLen=1)]" classname="com.amazonaws.encryptionsdk.CryptoInputStreamTest$ParameterizedEncryptDecryptTest" time="0.092"/>
  <testcase name="encryptDecrypt[1455: encryptDecrypt(algorithm=ALG_AES_192_GCM_IV12_TAG16_HKDF_SHA256, byteSize=1,000,000, frameSize=16, readLen=999,999)]" classname="com.amazonaws.encryptionsdk.CryptoInputStreamTest$ParameterizedEncryptDecryptTest" time="0.07"/>
  <testcase name="encryptDecrypt[1456: encryptDecrypt(algorithm=ALG_AES_192_GCM_IV12_TAG16_HKDF_SHA256, byteSize=1,000,000, frameSize=16, readLen=1,000,000)]" classname="com.amazonaws.encryptionsdk.CryptoInputStreamTest$ParameterizedEncryptDecryptTest" time="0.074"/>
  <testcase name="encryptDecrypt[1457: encryptDecrypt(algorithm=ALG_AES_192_GCM_IV12_TAG16_HKDF_SHA256, byteSize=1,000,000, frameSize=16, readLen=1,000,001)]" classname="com.amazonaws.encryptionsdk.CryptoInputStreamTest$ParameterizedEncryptDecryptTest" time="0.07"/>
  <testcase name="encryptDecrypt[1458: encryptDecrypt(algorithm=ALG_AES_192_GCM_IV12_TAG16_HKDF_SHA256, byteSize=1,000,000, frameSize=16, readLen=2,000,000)]" classname="com.amazonaws.encryptionsdk.CryptoInputStreamTest$ParameterizedEncryptDecryptTest" time="0.069"/>
  <testcase name="encryptDecrypt[1459: encryptDecrypt(algorithm=ALG_AES_192_GCM_IV12_TAG16_HKDF_SHA256, byteSize=1,000,000, frameSize=16, readLen=1,000,000)]" classname="com.amazonaws.encryptionsdk.CryptoInputStreamTest$ParameterizedEncryptDecryptTest" time="0.071"/>
  <testcase name="encryptDecrypt[1460: encryptDecrypt(algorithm=ALG_AES_192_GCM_IV12_TAG16_HKDF_SHA256, byteSize=0, frameSize=17, readLen=1)]" classname="com.amazonaws.encryptionsdk.CryptoInputStreamTest$ParameterizedEncryptDecryptTest" time="0"/>
  <testcase name="encryptDecrypt[1461: encryptDecrypt(algorithm=ALG_AES_192_GCM_IV12_TAG16_HKDF_SHA256, byteSize=0, frameSize=17, readLen=1)]" classname="com.amazonaws.encryptionsdk.CryptoInputStreamTest$ParameterizedEncryptDecryptTest" time="0"/>
  <testcase name="encryptDecrypt[1462: encryptDecrypt(algorithm=ALG_AES_192_GCM_IV12_TAG16_HKDF_SHA256, byteSize=0, frameSize=17, readLen=1,000,000)]" classname="com.amazonaws.encryptionsdk.CryptoInputStreamTest$ParameterizedEncryptDecryptTest" time="0"/>
  <testcase name="encryptDecrypt[1463: encryptDecrypt(algorithm=ALG_AES_192_GCM_IV12_TAG16_HKDF_SHA256, byteSize=1, frameSize=17, readLen=1)]" classname="com.amazonaws.encryptionsdk.CryptoInputStreamTest$ParameterizedEncryptDecryptTest" time="0"/>
  <testcase name="encryptDecrypt[1464: encryptDecrypt(algorithm=ALG_AES_192_GCM_IV12_TAG16_HKDF_SHA256, byteSize=1, frameSize=17, readLen=1)]" classname="com.amazonaws.encryptionsdk.CryptoInputStreamTest$ParameterizedEncryptDecryptTest" time="0"/>
  <testcase name="encryptDecrypt[1465: encryptDecrypt(algorithm=ALG_AES_192_GCM_IV12_TAG16_HKDF_SHA256, byteSize=1, frameSize=17, readLen=2)]" classname="com.amazonaws.encryptionsdk.CryptoInputStreamTest$ParameterizedEncryptDecryptTest" time="0"/>
  <testcase name="encryptDecrypt[1466: encryptDecrypt(algorithm=ALG_AES_192_GCM_IV12_TAG16_HKDF_SHA256, byteSize=1, frameSize=17, readLen=2)]" classname="com.amazonaws.encryptionsdk.CryptoInputStreamTest$ParameterizedEncryptDecryptTest" time="0"/>
  <testcase name="encryptDecrypt[1467: encryptDecrypt(algorithm=ALG_AES_192_GCM_IV12_TAG16_HKDF_SHA256, byteSize=1, frameSize=17, readLen=1,000,000)]" classname="com.amazonaws.encryptionsdk.CryptoInputStreamTest$ParameterizedEncryptDecryptTest" time="0.001"/>
  <testcase name="encryptDecrypt[1468: encryptDecrypt(algorithm=ALG_AES_192_GCM_IV12_TAG16_HKDF_SHA256, byteSize=16, frameSize=17, readLen=1)]" classname="com.amazonaws.encryptionsdk.CryptoInputStreamTest$ParameterizedEncryptDecryptTest" time="0"/>
  <testcase name="encryptDecrypt[1469: encryptDecrypt(algorithm=ALG_AES_192_GCM_IV12_TAG16_HKDF_SHA256, byteSize=16, frameSize=17, readLen=15)]" classname="com.amazonaws.encryptionsdk.CryptoInputStreamTest$ParameterizedEncryptDecryptTest" time="0"/>
  <testcase name="encryptDecrypt[1470: encryptDecrypt(algorithm=ALG_AES_192_GCM_IV12_TAG16_HKDF_SHA256, byteSize=16, frameSize=17, readLen=16)]" classname="com.amazonaws.encryptionsdk.CryptoInputStreamTest$ParameterizedEncryptDecryptTest" time="0"/>
  <testcase name="encryptDecrypt[1471: encryptDecrypt(algorithm=ALG_AES_192_GCM_IV12_TAG16_HKDF_SHA256, byteSize=16, frameSize=17, readLen=17)]" classname="com.amazonaws.encryptionsdk.CryptoInputStreamTest$ParameterizedEncryptDecryptTest" time="0"/>
  <testcase name="encryptDecrypt[1472: encryptDecrypt(algorithm=ALG_AES_192_GCM_IV12_TAG16_HKDF_SHA256, byteSize=16, frameSize=17, readLen=32)]" classname="com.amazonaws.encryptionsdk.CryptoInputStreamTest$ParameterizedEncryptDecryptTest" time="0"/>
  <testcase name="encryptDecrypt[1473: encryptDecrypt(algorithm=ALG_AES_192_GCM_IV12_TAG16_HKDF_SHA256, byteSize=16, frameSize=17, readLen=1,000,000)]" classname="com.amazonaws.encryptionsdk.CryptoInputStreamTest$ParameterizedEncryptDecryptTest" time="0"/>
  <testcase name="encryptDecrypt[1474: encryptDecrypt(algorithm=ALG_AES_192_GCM_IV12_TAG16_HKDF_SHA256, byteSize=17, frameSize=17, readLen=1)]" classname="com.amazonaws.encryptionsdk.CryptoInputStreamTest$ParameterizedEncryptDecryptTest" time="0"/>
  <testcase name="encryptDecrypt[1475: encryptDecrypt(algorithm=ALG_AES_192_GCM_IV12_TAG16_HKDF_SHA256, byteSize=17, frameSize=17, readLen=16)]" classname="com.amazonaws.encryptionsdk.CryptoInputStreamTest$ParameterizedEncryptDecryptTest" time="0"/>
  <testcase name="encryptDecrypt[1476: encryptDecrypt(algorithm=ALG_AES_192_GCM_IV12_TAG16_HKDF_SHA256, byteSize=17, frameSize=17, readLen=17)]" classname="com.amazonaws.encryptionsdk.CryptoInputStreamTest$ParameterizedEncryptDecryptTest" time="0"/>
  <testcase name="encryptDecrypt[1477: encryptDecrypt(algorithm=ALG_AES_192_GCM_IV12_TAG16_HKDF_SHA256, byteSize=17, frameSize=17, readLen=18)]" classname="com.amazonaws.encryptionsdk.CryptoInputStreamTest$ParameterizedEncryptDecryptTest" time="0"/>
  <testcase name="encryptDecrypt[1478: encryptDecrypt(algorithm=ALG_AES_192_GCM_IV12_TAG16_HKDF_SHA256, byteSize=17, frameSize=17, readLen=34)]" classname="com.amazonaws.encryptionsdk.CryptoInputStreamTest$ParameterizedEncryptDecryptTest" time="0.001"/>
  <testcase name="encryptDecrypt[1479: encryptDecrypt(algorithm=ALG_AES_192_GCM_IV12_TAG16_HKDF_SHA256, byteSize=17, frameSize=17, readLen=1,000,000)]" classname="com.amazonaws.encryptionsdk.CryptoInputStreamTest$ParameterizedEncryptDecryptTest" time="0"/>
  <testcase name="encryptDecrypt[1480: encryptDecrypt(algorithm=ALG_AES_192_GCM_IV12_TAG16_HKDF_SHA256, byteSize=18, frameSize=17, readLen=1)]" classname="com.amazonaws.encryptionsdk.CryptoInputStreamTest$ParameterizedEncryptDecryptTest" time="0"/>
  <testcase name="encryptDecrypt[1481: encryptDecrypt(algorithm=ALG_AES_192_GCM_IV12_TAG16_HKDF_SHA256, byteSize=18, frameSize=17, readLen=17)]" classname="com.amazonaws.encryptionsdk.CryptoInputStreamTest$ParameterizedEncryptDecryptTest" time="0"/>
  <testcase name="encryptDecrypt[1482: encryptDecrypt(algorithm=ALG_AES_192_GCM_IV12_TAG16_HKDF_SHA256, byteSize=18, frameSize=17, readLen=18)]" classname="com.amazonaws.encryptionsdk.CryptoInputStreamTest$ParameterizedEncryptDecryptTest" time="0"/>
  <testcase name="encryptDecrypt[1483: encryptDecrypt(algorithm=ALG_AES_192_GCM_IV12_TAG16_HKDF_SHA256, byteSize=18, frameSize=17, readLen=19)]" classname="com.amazonaws.encryptionsdk.CryptoInputStreamTest$ParameterizedEncryptDecryptTest" time="0"/>
  <testcase name="encryptDecrypt[1484: encryptDecrypt(algorithm=ALG_AES_192_GCM_IV12_TAG16_HKDF_SHA256, byteSize=18, frameSize=17, readLen=36)]" classname="com.amazonaws.encryptionsdk.CryptoInputStreamTest$ParameterizedEncryptDecryptTest" time="0"/>
  <testcase name="encryptDecrypt[1485: encryptDecrypt(algorithm=ALG_AES_192_GCM_IV12_TAG16_HKDF_SHA256, byteSize=18, frameSize=17, readLen=1,000,000)]" classname="com.amazonaws.encryptionsdk.CryptoInputStreamTest$ParameterizedEncryptDecryptTest" time="0"/>
  <testcase name="encryptDecrypt[1486: encryptDecrypt(algorithm=ALG_AES_192_GCM_IV12_TAG16_HKDF_SHA256, byteSize=25, frameSize=17, readLen=1)]" classname="com.amazonaws.encryptionsdk.CryptoInputStreamTest$ParameterizedEncryptDecryptTest" time="0"/>
  <testcase name="encryptDecrypt[1487: encryptDecrypt(algorithm=ALG_AES_192_GCM_IV12_TAG16_HKDF_SHA256, byteSize=25, frameSize=17, readLen=24)]" classname="com.amazonaws.encryptionsdk.CryptoInputStreamTest$ParameterizedEncryptDecryptTest" time="0"/>
  <testcase name="encryptDecrypt[1488: encryptDecrypt(algorithm=ALG_AES_192_GCM_IV12_TAG16_HKDF_SHA256, byteSize=25, frameSize=17, readLen=25)]" classname="com.amazonaws.encryptionsdk.CryptoInputStreamTest$ParameterizedEncryptDecryptTest" time="0"/>
  <testcase name="encryptDecrypt[1489: encryptDecrypt(algorithm=ALG_AES_192_GCM_IV12_TAG16_HKDF_SHA256, byteSize=25, frameSize=17, readLen=26)]" classname="com.amazonaws.encryptionsdk.CryptoInputStreamTest$ParameterizedEncryptDecryptTest" time="0"/>
  <testcase name="encryptDecrypt[1490: encryptDecrypt(algorithm=ALG_AES_192_GCM_IV12_TAG16_HKDF_SHA256, byteSize=25, frameSize=17, readLen=50)]" classname="com.amazonaws.encryptionsdk.CryptoInputStreamTest$ParameterizedEncryptDecryptTest" time="0"/>
  <testcase name="encryptDecrypt[1491: encryptDecrypt(algorithm=ALG_AES_192_GCM_IV12_TAG16_HKDF_SHA256, byteSize=25, frameSize=17, readLen=1,000,000)]" classname="com.amazonaws.encryptionsdk.CryptoInputStreamTest$ParameterizedEncryptDecryptTest" time="0"/>
  <testcase name="encryptDecrypt[1492: encryptDecrypt(algorithm=ALG_AES_192_GCM_IV12_TAG16_HKDF_SHA256, byteSize=34, frameSize=17, readLen=1)]" classname="com.amazonaws.encryptionsdk.CryptoInputStreamTest$ParameterizedEncryptDecryptTest" time="0"/>
  <testcase name="encryptDecrypt[1493: encryptDecrypt(algorithm=ALG_AES_192_GCM_IV12_TAG16_HKDF_SHA256, byteSize=34, frameSize=17, readLen=33)]" classname="com.amazonaws.encryptionsdk.CryptoInputStreamTest$ParameterizedEncryptDecryptTest" time="0"/>
  <testcase name="encryptDecrypt[1494: encryptDecrypt(algorithm=ALG_AES_192_GCM_IV12_TAG16_HKDF_SHA256, byteSize=34, frameSize=17, readLen=34)]" classname="com.amazonaws.encryptionsdk.CryptoInputStreamTest$ParameterizedEncryptDecryptTest" time="0"/>
  <testcase name="encryptDecrypt[1495: encryptDecrypt(algorithm=ALG_AES_192_GCM_IV12_TAG16_HKDF_SHA256, byteSize=34, frameSize=17, readLen=35)]" classname="com.amazonaws.encryptionsdk.CryptoInputStreamTest$ParameterizedEncryptDecryptTest" time="0"/>
  <testcase name="encryptDecrypt[1496: encryptDecrypt(algorithm=ALG_AES_192_GCM_IV12_TAG16_HKDF_SHA256, byteSize=34, frameSize=17, readLen=68)]" classname="com.amazonaws.encryptionsdk.CryptoInputStreamTest$ParameterizedEncryptDecryptTest" time="0"/>
  <testcase name="encryptDecrypt[1497: encryptDecrypt(algorithm=ALG_AES_192_GCM_IV12_TAG16_HKDF_SHA256, byteSize=34, frameSize=17, readLen=1,000,000)]" classname="com.amazonaws.encryptionsdk.CryptoInputStreamTest$ParameterizedEncryptDecryptTest" time="0"/>
  <testcase name="encryptDecrypt[1498: encryptDecrypt(algorithm=ALG_AES_192_GCM_IV12_TAG16_HKDF_SHA256, byteSize=1,000,000, frameSize=17, readLen=1)]" classname="com.amazonaws.encryptionsdk.CryptoInputStreamTest$ParameterizedEncryptDecryptTest" time="0.092"/>
  <testcase name="encryptDecrypt[1499: encryptDecrypt(algorithm=ALG_AES_192_GCM_IV12_TAG16_HKDF_SHA256, byteSize=1,000,000, frameSize=17, readLen=999,999)]" classname="com.amazonaws.encryptionsdk.CryptoInputStreamTest$ParameterizedEncryptDecryptTest" time="0.074"/>
  <testcase name="encryptDecrypt[1500: encryptDecrypt(algorithm=ALG_AES_192_GCM_IV12_TAG16_HKDF_SHA256, byteSize=1,000,000, frameSize=17, readLen=1,000,000)]" classname="com.amazonaws.encryptionsdk.CryptoInputStreamTest$ParameterizedEncryptDecryptTest" time="0.072"/>
  <testcase name="encryptDecrypt[1501: encryptDecrypt(algorithm=ALG_AES_192_GCM_IV12_TAG16_HKDF_SHA256, byteSize=1,000,000, frameSize=17, readLen=1,000,001)]" classname="com.amazonaws.encryptionsdk.CryptoInputStreamTest$ParameterizedEncryptDecryptTest" time="0.071"/>
  <testcase name="encryptDecrypt[1502: encryptDecrypt(algorithm=ALG_AES_192_GCM_IV12_TAG16_HKDF_SHA256, byteSize=1,000,000, frameSize=17, readLen=2,000,000)]" classname="com.amazonaws.encryptionsdk.CryptoInputStreamTest$ParameterizedEncryptDecryptTest" time="0.07"/>
  <testcase name="encryptDecrypt[1503: encryptDecrypt(algorithm=ALG_AES_192_GCM_IV12_TAG16_HKDF_SHA256, byteSize=1,000,000, frameSize=17, readLen=1,000,000)]" classname="com.amazonaws.encryptionsdk.CryptoInputStreamTest$ParameterizedEncryptDecryptTest" time="0.072"/>
  <testcase name="encryptDecrypt[1504: encryptDecrypt(algorithm=ALG_AES_192_GCM_IV12_TAG16_HKDF_SHA256, byteSize=0, frameSize=32, readLen=1)]" classname="com.amazonaws.encryptionsdk.CryptoInputStreamTest$ParameterizedEncryptDecryptTest" time="0"/>
  <testcase name="encryptDecrypt[1505: encryptDecrypt(algorithm=ALG_AES_192_GCM_IV12_TAG16_HKDF_SHA256, byteSize=0, frameSize=32, readLen=1)]" classname="com.amazonaws.encryptionsdk.CryptoInputStreamTest$ParameterizedEncryptDecryptTest" time="0"/>
  <testcase name="encryptDecrypt[1506: encryptDecrypt(algorithm=ALG_AES_192_GCM_IV12_TAG16_HKDF_SHA256, byteSize=0, frameSize=32, readLen=1,000,000)]" classname="com.amazonaws.encryptionsdk.CryptoInputStreamTest$ParameterizedEncryptDecryptTest" time="0"/>
  <testcase name="encryptDecrypt[1507: encryptDecrypt(algorithm=ALG_AES_192_GCM_IV12_TAG16_HKDF_SHA256, byteSize=1, frameSize=32, readLen=1)]" classname="com.amazonaws.encryptionsdk.CryptoInputStreamTest$ParameterizedEncryptDecryptTest" time="0"/>
  <testcase name="encryptDecrypt[1508: encryptDecrypt(algorithm=ALG_AES_192_GCM_IV12_TAG16_HKDF_SHA256, byteSize=1, frameSize=32, readLen=1)]" classname="com.amazonaws.encryptionsdk.CryptoInputStreamTest$ParameterizedEncryptDecryptTest" time="0"/>
  <testcase name="encryptDecrypt[1509: encryptDecrypt(algorithm=ALG_AES_192_GCM_IV12_TAG16_HKDF_SHA256, byteSize=1, frameSize=32, readLen=2)]" classname="com.amazonaws.encryptionsdk.CryptoInputStreamTest$ParameterizedEncryptDecryptTest" time="0"/>
  <testcase name="encryptDecrypt[1510: encryptDecrypt(algorithm=ALG_AES_192_GCM_IV12_TAG16_HKDF_SHA256, byteSize=1, frameSize=32, readLen=2)]" classname="com.amazonaws.encryptionsdk.CryptoInputStreamTest$ParameterizedEncryptDecryptTest" time="0"/>
  <testcase name="encryptDecrypt[1511: encryptDecrypt(algorithm=ALG_AES_192_GCM_IV12_TAG16_HKDF_SHA256, byteSize=1, frameSize=32, readLen=1,000,000)]" classname="com.amazonaws.encryptionsdk.CryptoInputStreamTest$ParameterizedEncryptDecryptTest" time="0"/>
  <testcase name="encryptDecrypt[1512: encryptDecrypt(algorithm=ALG_AES_192_GCM_IV12_TAG16_HKDF_SHA256, byteSize=31, frameSize=32, readLen=1)]" classname="com.amazonaws.encryptionsdk.CryptoInputStreamTest$ParameterizedEncryptDecryptTest" time="0"/>
  <testcase name="encryptDecrypt[1513: encryptDecrypt(algorithm=ALG_AES_192_GCM_IV12_TAG16_HKDF_SHA256, byteSize=31, frameSize=32, readLen=30)]" classname="com.amazonaws.encryptionsdk.CryptoInputStreamTest$ParameterizedEncryptDecryptTest" time="0.001"/>
  <testcase name="encryptDecrypt[1514: encryptDecrypt(algorithm=ALG_AES_192_GCM_IV12_TAG16_HKDF_SHA256, byteSize=31, frameSize=32, readLen=31)]" classname="com.amazonaws.encryptionsdk.CryptoInputStreamTest$ParameterizedEncryptDecryptTest" time="0"/>
  <testcase name="encryptDecrypt[1515: encryptDecrypt(algorithm=ALG_AES_192_GCM_IV12_TAG16_HKDF_SHA256, byteSize=31, frameSize=32, readLen=32)]" classname="com.amazonaws.encryptionsdk.CryptoInputStreamTest$ParameterizedEncryptDecryptTest" time="0"/>
  <testcase name="encryptDecrypt[1516: encryptDecrypt(algorithm=ALG_AES_192_GCM_IV12_TAG16_HKDF_SHA256, byteSize=31, frameSize=32, readLen=62)]" classname="com.amazonaws.encryptionsdk.CryptoInputStreamTest$ParameterizedEncryptDecryptTest" time="0"/>
  <testcase name="encryptDecrypt[1517: encryptDecrypt(algorithm=ALG_AES_192_GCM_IV12_TAG16_HKDF_SHA256, byteSize=31, frameSize=32, readLen=1,000,000)]" classname="com.amazonaws.encryptionsdk.CryptoInputStreamTest$ParameterizedEncryptDecryptTest" time="0"/>
  <testcase name="encryptDecrypt[1518: encryptDecrypt(algorithm=ALG_AES_192_GCM_IV12_TAG16_HKDF_SHA256, byteSize=32, frameSize=32, readLen=1)]" classname="com.amazonaws.encryptionsdk.CryptoInputStreamTest$ParameterizedEncryptDecryptTest" time="0"/>
  <testcase name="encryptDecrypt[1519: encryptDecrypt(algorithm=ALG_AES_192_GCM_IV12_TAG16_HKDF_SHA256, byteSize=32, frameSize=32, readLen=31)]" classname="com.amazonaws.encryptionsdk.CryptoInputStreamTest$ParameterizedEncryptDecryptTest" time="0"/>
  <testcase name="encryptDecrypt[1520: encryptDecrypt(algorithm=ALG_AES_192_GCM_IV12_TAG16_HKDF_SHA256, byteSize=32, frameSize=32, readLen=32)]" classname="com.amazonaws.encryptionsdk.CryptoInputStreamTest$ParameterizedEncryptDecryptTest" time="0"/>
  <testcase name="encryptDecrypt[1521: encryptDecrypt(algorithm=ALG_AES_192_GCM_IV12_TAG16_HKDF_SHA256, byteSize=32, frameSize=32, readLen=33)]" classname="com.amazonaws.encryptionsdk.CryptoInputStreamTest$ParameterizedEncryptDecryptTest" time="0"/>
  <testcase name="encryptDecrypt[1522: encryptDecrypt(algorithm=ALG_AES_192_GCM_IV12_TAG16_HKDF_SHA256, byteSize=32, frameSize=32, readLen=64)]" classname="com.amazonaws.encryptionsdk.CryptoInputStreamTest$ParameterizedEncryptDecryptTest" time="0"/>
  <testcase name="encryptDecrypt[1523: encryptDecrypt(algorithm=ALG_AES_192_GCM_IV12_TAG16_HKDF_SHA256, byteSize=32, frameSize=32, readLen=1,000,000)]" classname="com.amazonaws.encryptionsdk.CryptoInputStreamTest$ParameterizedEncryptDecryptTest" time="0.001"/>
  <testcase name="encryptDecrypt[1524: encryptDecrypt(algorithm=ALG_AES_192_GCM_IV12_TAG16_HKDF_SHA256, byteSize=33, frameSize=32, readLen=1)]" classname="com.amazonaws.encryptionsdk.CryptoInputStreamTest$ParameterizedEncryptDecryptTest" time="0"/>
  <testcase name="encryptDecrypt[1525: encryptDecrypt(algorithm=ALG_AES_192_GCM_IV12_TAG16_HKDF_SHA256, byteSize=33, frameSize=32, readLen=32)]" classname="com.amazonaws.encryptionsdk.CryptoInputStreamTest$ParameterizedEncryptDecryptTest" time="0"/>
  <testcase name="encryptDecrypt[1526: encryptDecrypt(algorithm=ALG_AES_192_GCM_IV12_TAG16_HKDF_SHA256, byteSize=33, frameSize=32, readLen=33)]" classname="com.amazonaws.encryptionsdk.CryptoInputStreamTest$ParameterizedEncryptDecryptTest" time="0"/>
  <testcase name="encryptDecrypt[1527: encryptDecrypt(algorithm=ALG_AES_192_GCM_IV12_TAG16_HKDF_SHA256, byteSize=33, frameSize=32, readLen=34)]" classname="com.amazonaws.encryptionsdk.CryptoInputStreamTest$ParameterizedEncryptDecryptTest" time="0"/>
  <testcase name="encryptDecrypt[1528: encryptDecrypt(algorithm=ALG_AES_192_GCM_IV12_TAG16_HKDF_SHA256, byteSize=33, frameSize=32, readLen=66)]" classname="com.amazonaws.encryptionsdk.CryptoInputStreamTest$ParameterizedEncryptDecryptTest" time="0"/>
  <testcase name="encryptDecrypt[1529: encryptDecrypt(algorithm=ALG_AES_192_GCM_IV12_TAG16_HKDF_SHA256, byteSize=33, frameSize=32, readLen=1,000,000)]" classname="com.amazonaws.encryptionsdk.CryptoInputStreamTest$ParameterizedEncryptDecryptTest" time="0"/>
  <testcase name="encryptDecrypt[1530: encryptDecrypt(algorithm=ALG_AES_192_GCM_IV12_TAG16_HKDF_SHA256, byteSize=48, frameSize=32, readLen=1)]" classname="com.amazonaws.encryptionsdk.CryptoInputStreamTest$ParameterizedEncryptDecryptTest" time="0"/>
  <testcase name="encryptDecrypt[1531: encryptDecrypt(algorithm=ALG_AES_192_GCM_IV12_TAG16_HKDF_SHA256, byteSize=48, frameSize=32, readLen=47)]" classname="com.amazonaws.encryptionsdk.CryptoInputStreamTest$ParameterizedEncryptDecryptTest" time="0"/>
  <testcase name="encryptDecrypt[1532: encryptDecrypt(algorithm=ALG_AES_192_GCM_IV12_TAG16_HKDF_SHA256, byteSize=48, frameSize=32, readLen=48)]" classname="com.amazonaws.encryptionsdk.CryptoInputStreamTest$ParameterizedEncryptDecryptTest" time="0"/>
  <testcase name="encryptDecrypt[1533: encryptDecrypt(algorithm=ALG_AES_192_GCM_IV12_TAG16_HKDF_SHA256, byteSize=48, frameSize=32, readLen=49)]" classname="com.amazonaws.encryptionsdk.CryptoInputStreamTest$ParameterizedEncryptDecryptTest" time="0"/>
  <testcase name="encryptDecrypt[1534: encryptDecrypt(algorithm=ALG_AES_192_GCM_IV12_TAG16_HKDF_SHA256, byteSize=48, frameSize=32, readLen=96)]" classname="com.amazonaws.encryptionsdk.CryptoInputStreamTest$ParameterizedEncryptDecryptTest" time="0.001"/>
  <testcase name="encryptDecrypt[1535: encryptDecrypt(algorithm=ALG_AES_192_GCM_IV12_TAG16_HKDF_SHA256, byteSize=48, frameSize=32, readLen=1,000,000)]" classname="com.amazonaws.encryptionsdk.CryptoInputStreamTest$ParameterizedEncryptDecryptTest" time="0"/>
  <testcase name="encryptDecrypt[1536: encryptDecrypt(algorithm=ALG_AES_192_GCM_IV12_TAG16_HKDF_SHA256, byteSize=64, frameSize=32, readLen=1)]" classname="com.amazonaws.encryptionsdk.CryptoInputStreamTest$ParameterizedEncryptDecryptTest" time="0"/>
  <testcase name="encryptDecrypt[1537: encryptDecrypt(algorithm=ALG_AES_192_GCM_IV12_TAG16_HKDF_SHA256, byteSize=64, frameSize=32, readLen=63)]" classname="com.amazonaws.encryptionsdk.CryptoInputStreamTest$ParameterizedEncryptDecryptTest" time="0"/>
  <testcase name="encryptDecrypt[1538: encryptDecrypt(algorithm=ALG_AES_192_GCM_IV12_TAG16_HKDF_SHA256, byteSize=64, frameSize=32, readLen=64)]" classname="com.amazonaws.encryptionsdk.CryptoInputStreamTest$ParameterizedEncryptDecryptTest" time="0"/>
  <testcase name="encryptDecrypt[1539: encryptDecrypt(algorithm=ALG_AES_192_GCM_IV12_TAG16_HKDF_SHA256, byteSize=64, frameSize=32, readLen=65)]" classname="com.amazonaws.encryptionsdk.CryptoInputStreamTest$ParameterizedEncryptDecryptTest" time="0"/>
  <testcase name="encryptDecrypt[1540: encryptDecrypt(algorithm=ALG_AES_192_GCM_IV12_TAG16_HKDF_SHA256, byteSize=64, frameSize=32, readLen=128)]" classname="com.amazonaws.encryptionsdk.CryptoInputStreamTest$ParameterizedEncryptDecryptTest" time="0"/>
  <testcase name="encryptDecrypt[1541: encryptDecrypt(algorithm=ALG_AES_192_GCM_IV12_TAG16_HKDF_SHA256, byteSize=64, frameSize=32, readLen=1,000,000)]" classname="com.amazonaws.encryptionsdk.CryptoInputStreamTest$ParameterizedEncryptDecryptTest" time="0"/>
  <testcase name="encryptDecrypt[1542: encryptDecrypt(algorithm=ALG_AES_192_GCM_IV12_TAG16_HKDF_SHA256, byteSize=1,000,000, frameSize=32, readLen=1)]" classname="com.amazonaws.encryptionsdk.CryptoInputStreamTest$ParameterizedEncryptDecryptTest" time="0.059"/>
  <testcase name="encryptDecrypt[1543: encryptDecrypt(algorithm=ALG_AES_192_GCM_IV12_TAG16_HKDF_SHA256, byteSize=1,000,000, frameSize=32, readLen=999,999)]" classname="com.amazonaws.encryptionsdk.CryptoInputStreamTest$ParameterizedEncryptDecryptTest" time="0.041"/>
  <testcase name="encryptDecrypt[1544: encryptDecrypt(algorithm=ALG_AES_192_GCM_IV12_TAG16_HKDF_SHA256, byteSize=1,000,000, frameSize=32, readLen=1,000,000)]" classname="com.amazonaws.encryptionsdk.CryptoInputStreamTest$ParameterizedEncryptDecryptTest" time="0.042"/>
  <testcase name="encryptDecrypt[1545: encryptDecrypt(algorithm=ALG_AES_192_GCM_IV12_TAG16_HKDF_SHA256, byteSize=1,000,000, frameSize=32, readLen=1,000,001)]" classname="com.amazonaws.encryptionsdk.CryptoInputStreamTest$ParameterizedEncryptDecryptTest" time="0.038"/>
  <testcase name="encryptDecrypt[1546: encryptDecrypt(algorithm=ALG_AES_192_GCM_IV12_TAG16_HKDF_SHA256, byteSize=1,000,000, frameSize=32, readLen=2,000,000)]" classname="com.amazonaws.encryptionsdk.CryptoInputStreamTest$ParameterizedEncryptDecryptTest" time="0.039"/>
  <testcase name="encryptDecrypt[1547: encryptDecrypt(algorithm=ALG_AES_192_GCM_IV12_TAG16_HKDF_SHA256, byteSize=1,000,000, frameSize=32, readLen=1,000,000)]" classname="com.amazonaws.encryptionsdk.CryptoInputStreamTest$ParameterizedEncryptDecryptTest" time="0.038"/>
  <testcase name="encryptDecrypt[1548: encryptDecrypt(algorithm=ALG_AES_192_GCM_IV12_TAG16_HKDF_SHA256, byteSize=0, frameSize=160, readLen=1)]" classname="com.amazonaws.encryptionsdk.CryptoInputStreamTest$ParameterizedEncryptDecryptTest" time="0"/>
  <testcase name="encryptDecrypt[1549: encryptDecrypt(algorithm=ALG_AES_192_GCM_IV12_TAG16_HKDF_SHA256, byteSize=0, frameSize=160, readLen=1)]" classname="com.amazonaws.encryptionsdk.CryptoInputStreamTest$ParameterizedEncryptDecryptTest" time="0"/>
  <testcase name="encryptDecrypt[1550: encryptDecrypt(algorithm=ALG_AES_192_GCM_IV12_TAG16_HKDF_SHA256, byteSize=0, frameSize=160, readLen=1,000,000)]" classname="com.amazonaws.encryptionsdk.CryptoInputStreamTest$ParameterizedEncryptDecryptTest" time="0"/>
  <testcase name="encryptDecrypt[1551: encryptDecrypt(algorithm=ALG_AES_192_GCM_IV12_TAG16_HKDF_SHA256, byteSize=1, frameSize=160, readLen=1)]" classname="com.amazonaws.encryptionsdk.CryptoInputStreamTest$ParameterizedEncryptDecryptTest" time="0"/>
  <testcase name="encryptDecrypt[1552: encryptDecrypt(algorithm=ALG_AES_192_GCM_IV12_TAG16_HKDF_SHA256, byteSize=1, frameSize=160, readLen=1)]" classname="com.amazonaws.encryptionsdk.CryptoInputStreamTest$ParameterizedEncryptDecryptTest" time="0.001"/>
  <testcase name="encryptDecrypt[1553: encryptDecrypt(algorithm=ALG_AES_192_GCM_IV12_TAG16_HKDF_SHA256, byteSize=1, frameSize=160, readLen=2)]" classname="com.amazonaws.encryptionsdk.CryptoInputStreamTest$ParameterizedEncryptDecryptTest" time="0"/>
  <testcase name="encryptDecrypt[1554: encryptDecrypt(algorithm=ALG_AES_192_GCM_IV12_TAG16_HKDF_SHA256, byteSize=1, frameSize=160, readLen=2)]" classname="com.amazonaws.encryptionsdk.CryptoInputStreamTest$ParameterizedEncryptDecryptTest" time="0"/>
  <testcase name="encryptDecrypt[1555: encryptDecrypt(algorithm=ALG_AES_192_GCM_IV12_TAG16_HKDF_SHA256, byteSize=1, frameSize=160, readLen=1,000,000)]" classname="com.amazonaws.encryptionsdk.CryptoInputStreamTest$ParameterizedEncryptDecryptTest" time="0"/>
  <testcase name="encryptDecrypt[1556: encryptDecrypt(algorithm=ALG_AES_192_GCM_IV12_TAG16_HKDF_SHA256, byteSize=159, frameSize=160, readLen=1)]" classname="com.amazonaws.encryptionsdk.CryptoInputStreamTest$ParameterizedEncryptDecryptTest" time="0"/>
  <testcase name="encryptDecrypt[1557: encryptDecrypt(algorithm=ALG_AES_192_GCM_IV12_TAG16_HKDF_SHA256, byteSize=159, frameSize=160, readLen=158)]" classname="com.amazonaws.encryptionsdk.CryptoInputStreamTest$ParameterizedEncryptDecryptTest" time="0"/>
  <testcase name="encryptDecrypt[1558: encryptDecrypt(algorithm=ALG_AES_192_GCM_IV12_TAG16_HKDF_SHA256, byteSize=159, frameSize=160, readLen=159)]" classname="com.amazonaws.encryptionsdk.CryptoInputStreamTest$ParameterizedEncryptDecryptTest" time="0"/>
  <testcase name="encryptDecrypt[1559: encryptDecrypt(algorithm=ALG_AES_192_GCM_IV12_TAG16_HKDF_SHA256, byteSize=159, frameSize=160, readLen=160)]" classname="com.amazonaws.encryptionsdk.CryptoInputStreamTest$ParameterizedEncryptDecryptTest" time="0"/>
  <testcase name="encryptDecrypt[1560: encryptDecrypt(algorithm=ALG_AES_192_GCM_IV12_TAG16_HKDF_SHA256, byteSize=159, frameSize=160, readLen=318)]" classname="com.amazonaws.encryptionsdk.CryptoInputStreamTest$ParameterizedEncryptDecryptTest" time="0"/>
  <testcase name="encryptDecrypt[1561: encryptDecrypt(algorithm=ALG_AES_192_GCM_IV12_TAG16_HKDF_SHA256, byteSize=159, frameSize=160, readLen=1,000,000)]" classname="com.amazonaws.encryptionsdk.CryptoInputStreamTest$ParameterizedEncryptDecryptTest" time="0"/>
  <testcase name="encryptDecrypt[1562: encryptDecrypt(algorithm=ALG_AES_192_GCM_IV12_TAG16_HKDF_SHA256, byteSize=160, frameSize=160, readLen=1)]" classname="com.amazonaws.encryptionsdk.CryptoInputStreamTest$ParameterizedEncryptDecryptTest" time="0.001"/>
  <testcase name="encryptDecrypt[1563: encryptDecrypt(algorithm=ALG_AES_192_GCM_IV12_TAG16_HKDF_SHA256, byteSize=160, frameSize=160, readLen=159)]" classname="com.amazonaws.encryptionsdk.CryptoInputStreamTest$ParameterizedEncryptDecryptTest" time="0"/>
  <testcase name="encryptDecrypt[1564: encryptDecrypt(algorithm=ALG_AES_192_GCM_IV12_TAG16_HKDF_SHA256, byteSize=160, frameSize=160, readLen=160)]" classname="com.amazonaws.encryptionsdk.CryptoInputStreamTest$ParameterizedEncryptDecryptTest" time="0"/>
  <testcase name="encryptDecrypt[1565: encryptDecrypt(algorithm=ALG_AES_192_GCM_IV12_TAG16_HKDF_SHA256, byteSize=160, frameSize=160, readLen=161)]" classname="com.amazonaws.encryptionsdk.CryptoInputStreamTest$ParameterizedEncryptDecryptTest" time="0"/>
  <testcase name="encryptDecrypt[1566: encryptDecrypt(algorithm=ALG_AES_192_GCM_IV12_TAG16_HKDF_SHA256, byteSize=160, frameSize=160, readLen=320)]" classname="com.amazonaws.encryptionsdk.CryptoInputStreamTest$ParameterizedEncryptDecryptTest" time="0"/>
  <testcase name="encryptDecrypt[1567: encryptDecrypt(algorithm=ALG_AES_192_GCM_IV12_TAG16_HKDF_SHA256, byteSize=160, frameSize=160, readLen=1,000,000)]" classname="com.amazonaws.encryptionsdk.CryptoInputStreamTest$ParameterizedEncryptDecryptTest" time="0"/>
  <testcase name="encryptDecrypt[1568: encryptDecrypt(algorithm=ALG_AES_192_GCM_IV12_TAG16_HKDF_SHA256, byteSize=161, frameSize=160, readLen=1)]" classname="com.amazonaws.encryptionsdk.CryptoInputStreamTest$ParameterizedEncryptDecryptTest" time="0"/>
  <testcase name="encryptDecrypt[1569: encryptDecrypt(algorithm=ALG_AES_192_GCM_IV12_TAG16_HKDF_SHA256, byteSize=161, frameSize=160, readLen=160)]" classname="com.amazonaws.encryptionsdk.CryptoInputStreamTest$ParameterizedEncryptDecryptTest" time="0"/>
  <testcase name="encryptDecrypt[1570: encryptDecrypt(algorithm=ALG_AES_192_GCM_IV12_TAG16_HKDF_SHA256, byteSize=161, frameSize=160, readLen=161)]" classname="com.amazonaws.encryptionsdk.CryptoInputStreamTest$ParameterizedEncryptDecryptTest" time="0"/>
  <testcase name="encryptDecrypt[1571: encryptDecrypt(algorithm=ALG_AES_192_GCM_IV12_TAG16_HKDF_SHA256, byteSize=161, frameSize=160, readLen=162)]" classname="com.amazonaws.encryptionsdk.CryptoInputStreamTest$ParameterizedEncryptDecryptTest" time="0"/>
  <testcase name="encryptDecrypt[1572: encryptDecrypt(algorithm=ALG_AES_192_GCM_IV12_TAG16_HKDF_SHA256, byteSize=161, frameSize=160, readLen=322)]" classname="com.amazonaws.encryptionsdk.CryptoInputStreamTest$ParameterizedEncryptDecryptTest" time="0.001"/>
  <testcase name="encryptDecrypt[1573: encryptDecrypt(algorithm=ALG_AES_192_GCM_IV12_TAG16_HKDF_SHA256, byteSize=161, frameSize=160, readLen=1,000,000)]" classname="com.amazonaws.encryptionsdk.CryptoInputStreamTest$ParameterizedEncryptDecryptTest" time="0"/>
  <testcase name="encryptDecrypt[1574: encryptDecrypt(algorithm=ALG_AES_192_GCM_IV12_TAG16_HKDF_SHA256, byteSize=240, frameSize=160, readLen=1)]" classname="com.amazonaws.encryptionsdk.CryptoInputStreamTest$ParameterizedEncryptDecryptTest" time="0"/>
  <testcase name="encryptDecrypt[1575: encryptDecrypt(algorithm=ALG_AES_192_GCM_IV12_TAG16_HKDF_SHA256, byteSize=240, frameSize=160, readLen=239)]" classname="com.amazonaws.encryptionsdk.CryptoInputStreamTest$ParameterizedEncryptDecryptTest" time="0"/>
  <testcase name="encryptDecrypt[1576: encryptDecrypt(algorithm=ALG_AES_192_GCM_IV12_TAG16_HKDF_SHA256, byteSize=240, frameSize=160, readLen=240)]" classname="com.amazonaws.encryptionsdk.CryptoInputStreamTest$ParameterizedEncryptDecryptTest" time="0"/>
  <testcase name="encryptDecrypt[1577: encryptDecrypt(algorithm=ALG_AES_192_GCM_IV12_TAG16_HKDF_SHA256, byteSize=240, frameSize=160, readLen=241)]" classname="com.amazonaws.encryptionsdk.CryptoInputStreamTest$ParameterizedEncryptDecryptTest" time="0"/>
  <testcase name="encryptDecrypt[1578: encryptDecrypt(algorithm=ALG_AES_192_GCM_IV12_TAG16_HKDF_SHA256, byteSize=240, frameSize=160, readLen=480)]" classname="com.amazonaws.encryptionsdk.CryptoInputStreamTest$ParameterizedEncryptDecryptTest" time="0"/>
  <testcase name="encryptDecrypt[1579: encryptDecrypt(algorithm=ALG_AES_192_GCM_IV12_TAG16_HKDF_SHA256, byteSize=240, frameSize=160, readLen=1,000,000)]" classname="com.amazonaws.encryptionsdk.CryptoInputStreamTest$ParameterizedEncryptDecryptTest" time="0"/>
  <testcase name="encryptDecrypt[1580: encryptDecrypt(algorithm=ALG_AES_192_GCM_IV12_TAG16_HKDF_SHA256, byteSize=320, frameSize=160, readLen=1)]" classname="com.amazonaws.encryptionsdk.CryptoInputStreamTest$ParameterizedEncryptDecryptTest" time="0"/>
  <testcase name="encryptDecrypt[1581: encryptDecrypt(algorithm=ALG_AES_192_GCM_IV12_TAG16_HKDF_SHA256, byteSize=320, frameSize=160, readLen=319)]" classname="com.amazonaws.encryptionsdk.CryptoInputStreamTest$ParameterizedEncryptDecryptTest" time="0"/>
  <testcase name="encryptDecrypt[1582: encryptDecrypt(algorithm=ALG_AES_192_GCM_IV12_TAG16_HKDF_SHA256, byteSize=320, frameSize=160, readLen=320)]" classname="com.amazonaws.encryptionsdk.CryptoInputStreamTest$ParameterizedEncryptDecryptTest" time="0.001"/>
  <testcase name="encryptDecrypt[1583: encryptDecrypt(algorithm=ALG_AES_192_GCM_IV12_TAG16_HKDF_SHA256, byteSize=320, frameSize=160, readLen=321)]" classname="com.amazonaws.encryptionsdk.CryptoInputStreamTest$ParameterizedEncryptDecryptTest" time="0"/>
  <testcase name="encryptDecrypt[1584: encryptDecrypt(algorithm=ALG_AES_192_GCM_IV12_TAG16_HKDF_SHA256, byteSize=320, frameSize=160, readLen=640)]" classname="com.amazonaws.encryptionsdk.CryptoInputStreamTest$ParameterizedEncryptDecryptTest" time="0"/>
  <testcase name="encryptDecrypt[1585: encryptDecrypt(algorithm=ALG_AES_192_GCM_IV12_TAG16_HKDF_SHA256, byteSize=320, frameSize=160, readLen=1,000,000)]" classname="com.amazonaws.encryptionsdk.CryptoInputStreamTest$ParameterizedEncryptDecryptTest" time="0"/>
  <testcase name="encryptDecrypt[1586: encryptDecrypt(algorithm=ALG_AES_192_GCM_IV12_TAG16_HKDF_SHA256, byteSize=1,000,000, frameSize=160, readLen=1)]" classname="com.amazonaws.encryptionsdk.CryptoInputStreamTest$ParameterizedEncryptDecryptTest" time="0.033"/>
  <testcase name="encryptDecrypt[1587: encryptDecrypt(algorithm=ALG_AES_192_GCM_IV12_TAG16_HKDF_SHA256, byteSize=1,000,000, frameSize=160, readLen=999,999)]" classname="com.amazonaws.encryptionsdk.CryptoInputStreamTest$ParameterizedEncryptDecryptTest" time="0.016"/>
  <testcase name="encryptDecrypt[1588: encryptDecrypt(algorithm=ALG_AES_192_GCM_IV12_TAG16_HKDF_SHA256, byteSize=1,000,000, frameSize=160, readLen=1,000,000)]" classname="com.amazonaws.encryptionsdk.CryptoInputStreamTest$ParameterizedEncryptDecryptTest" time="0.015"/>
  <testcase name="encryptDecrypt[1589: encryptDecrypt(algorithm=ALG_AES_192_GCM_IV12_TAG16_HKDF_SHA256, byteSize=1,000,000, frameSize=160, readLen=1,000,001)]" classname="com.amazonaws.encryptionsdk.CryptoInputStreamTest$ParameterizedEncryptDecryptTest" time="0.014"/>
  <testcase name="encryptDecrypt[1590: encryptDecrypt(algorithm=ALG_AES_192_GCM_IV12_TAG16_HKDF_SHA256, byteSize=1,000,000, frameSize=160, readLen=2,000,000)]" classname="com.amazonaws.encryptionsdk.CryptoInputStreamTest$ParameterizedEncryptDecryptTest" time="0.015"/>
  <testcase name="encryptDecrypt[1591: encryptDecrypt(algorithm=ALG_AES_192_GCM_IV12_TAG16_HKDF_SHA256, byteSize=1,000,000, frameSize=160, readLen=1,000,000)]" classname="com.amazonaws.encryptionsdk.CryptoInputStreamTest$ParameterizedEncryptDecryptTest" time="0.014"/>
  <testcase name="encryptDecrypt[1592: encryptDecrypt(algorithm=ALG_AES_192_GCM_IV12_TAG16_HKDF_SHA256, byteSize=0, frameSize=161, readLen=1)]" classname="com.amazonaws.encryptionsdk.CryptoInputStreamTest$ParameterizedEncryptDecryptTest" time="0"/>
  <testcase name="encryptDecrypt[1593: encryptDecrypt(algorithm=ALG_AES_192_GCM_IV12_TAG16_HKDF_SHA256, byteSize=0, frameSize=161, readLen=1)]" classname="com.amazonaws.encryptionsdk.CryptoInputStreamTest$ParameterizedEncryptDecryptTest" time="0"/>
  <testcase name="encryptDecrypt[1594: encryptDecrypt(algorithm=ALG_AES_192_GCM_IV12_TAG16_HKDF_SHA256, byteSize=0, frameSize=161, readLen=1,000,000)]" classname="com.amazonaws.encryptionsdk.CryptoInputStreamTest$ParameterizedEncryptDecryptTest" time="0.001"/>
  <testcase name="encryptDecrypt[1595: encryptDecrypt(algorithm=ALG_AES_192_GCM_IV12_TAG16_HKDF_SHA256, byteSize=1, frameSize=161, readLen=1)]" classname="com.amazonaws.encryptionsdk.CryptoInputStreamTest$ParameterizedEncryptDecryptTest" time="0"/>
  <testcase name="encryptDecrypt[1596: encryptDecrypt(algorithm=ALG_AES_192_GCM_IV12_TAG16_HKDF_SHA256, byteSize=1, frameSize=161, readLen=1)]" classname="com.amazonaws.encryptionsdk.CryptoInputStreamTest$ParameterizedEncryptDecryptTest" time="0"/>
  <testcase name="encryptDecrypt[1597: encryptDecrypt(algorithm=ALG_AES_192_GCM_IV12_TAG16_HKDF_SHA256, byteSize=1, frameSize=161, readLen=2)]" classname="com.amazonaws.encryptionsdk.CryptoInputStreamTest$ParameterizedEncryptDecryptTest" time="0"/>
  <testcase name="encryptDecrypt[1598: encryptDecrypt(algorithm=ALG_AES_192_GCM_IV12_TAG16_HKDF_SHA256, byteSize=1, frameSize=161, readLen=2)]" classname="com.amazonaws.encryptionsdk.CryptoInputStreamTest$ParameterizedEncryptDecryptTest" time="0"/>
  <testcase name="encryptDecrypt[1599: encryptDecrypt(algorithm=ALG_AES_192_GCM_IV12_TAG16_HKDF_SHA256, byteSize=1, frameSize=161, readLen=1,000,000)]" classname="com.amazonaws.encryptionsdk.CryptoInputStreamTest$ParameterizedEncryptDecryptTest" time="0"/>
  <testcase name="encryptDecrypt[1600: encryptDecrypt(algorithm=ALG_AES_192_GCM_IV12_TAG16_HKDF_SHA256, byteSize=160, frameSize=161, readLen=1)]" classname="com.amazonaws.encryptionsdk.CryptoInputStreamTest$ParameterizedEncryptDecryptTest" time="0"/>
  <testcase name="encryptDecrypt[1601: encryptDecrypt(algorithm=ALG_AES_192_GCM_IV12_TAG16_HKDF_SHA256, byteSize=160, frameSize=161, readLen=159)]" classname="com.amazonaws.encryptionsdk.CryptoInputStreamTest$ParameterizedEncryptDecryptTest" time="0"/>
  <testcase name="encryptDecrypt[1602: encryptDecrypt(algorithm=ALG_AES_192_GCM_IV12_TAG16_HKDF_SHA256, byteSize=160, frameSize=161, readLen=160)]" classname="com.amazonaws.encryptionsdk.CryptoInputStreamTest$ParameterizedEncryptDecryptTest" time="0"/>
  <testcase name="encryptDecrypt[1603: encryptDecrypt(algorithm=ALG_AES_192_GCM_IV12_TAG16_HKDF_SHA256, byteSize=160, frameSize=161, readLen=161)]" classname="com.amazonaws.encryptionsdk.CryptoInputStreamTest$ParameterizedEncryptDecryptTest" time="0"/>
  <testcase name="encryptDecrypt[1604: encryptDecrypt(algorithm=ALG_AES_192_GCM_IV12_TAG16_HKDF_SHA256, byteSize=160, frameSize=161, readLen=320)]" classname="com.amazonaws.encryptionsdk.CryptoInputStreamTest$ParameterizedEncryptDecryptTest" time="0"/>
  <testcase name="encryptDecrypt[1605: encryptDecrypt(algorithm=ALG_AES_192_GCM_IV12_TAG16_HKDF_SHA256, byteSize=160, frameSize=161, readLen=1,000,000)]" classname="com.amazonaws.encryptionsdk.CryptoInputStreamTest$ParameterizedEncryptDecryptTest" time="0"/>
  <testcase name="encryptDecrypt[1606: encryptDecrypt(algorithm=ALG_AES_192_GCM_IV12_TAG16_HKDF_SHA256, byteSize=161, frameSize=161, readLen=1)]" classname="com.amazonaws.encryptionsdk.CryptoInputStreamTest$ParameterizedEncryptDecryptTest" time="0"/>
  <testcase name="encryptDecrypt[1607: encryptDecrypt(algorithm=ALG_AES_192_GCM_IV12_TAG16_HKDF_SHA256, byteSize=161, frameSize=161, readLen=160)]" classname="com.amazonaws.encryptionsdk.CryptoInputStreamTest$ParameterizedEncryptDecryptTest" time="0"/>
  <testcase name="encryptDecrypt[1608: encryptDecrypt(algorithm=ALG_AES_192_GCM_IV12_TAG16_HKDF_SHA256, byteSize=161, frameSize=161, readLen=161)]" classname="com.amazonaws.encryptionsdk.CryptoInputStreamTest$ParameterizedEncryptDecryptTest" time="0"/>
  <testcase name="encryptDecrypt[1609: encryptDecrypt(algorithm=ALG_AES_192_GCM_IV12_TAG16_HKDF_SHA256, byteSize=161, frameSize=161, readLen=162)]" classname="com.amazonaws.encryptionsdk.CryptoInputStreamTest$ParameterizedEncryptDecryptTest" time="0"/>
  <testcase name="encryptDecrypt[1610: encryptDecrypt(algorithm=ALG_AES_192_GCM_IV12_TAG16_HKDF_SHA256, byteSize=161, frameSize=161, readLen=322)]" classname="com.amazonaws.encryptionsdk.CryptoInputStreamTest$ParameterizedEncryptDecryptTest" time="0"/>
  <testcase name="encryptDecrypt[1611: encryptDecrypt(algorithm=ALG_AES_192_GCM_IV12_TAG16_HKDF_SHA256, byteSize=161, frameSize=161, readLen=1,000,000)]" classname="com.amazonaws.encryptionsdk.CryptoInputStreamTest$ParameterizedEncryptDecryptTest" time="0"/>
  <testcase name="encryptDecrypt[1612: encryptDecrypt(algorithm=ALG_AES_192_GCM_IV12_TAG16_HKDF_SHA256, byteSize=162, frameSize=161, readLen=1)]" classname="com.amazonaws.encryptionsdk.CryptoInputStreamTest$ParameterizedEncryptDecryptTest" time="0"/>
  <testcase name="encryptDecrypt[1613: encryptDecrypt(algorithm=ALG_AES_192_GCM_IV12_TAG16_HKDF_SHA256, byteSize=162, frameSize=161, readLen=161)]" classname="com.amazonaws.encryptionsdk.CryptoInputStreamTest$ParameterizedEncryptDecryptTest" time="0"/>
  <testcase name="encryptDecrypt[1614: encryptDecrypt(algorithm=ALG_AES_192_GCM_IV12_TAG16_HKDF_SHA256, byteSize=162, frameSize=161, readLen=162)]" classname="com.amazonaws.encryptionsdk.CryptoInputStreamTest$ParameterizedEncryptDecryptTest" time="0"/>
  <testcase name="encryptDecrypt[1615: encryptDecrypt(algorithm=ALG_AES_192_GCM_IV12_TAG16_HKDF_SHA256, byteSize=162, frameSize=161, readLen=163)]" classname="com.amazonaws.encryptionsdk.CryptoInputStreamTest$ParameterizedEncryptDecryptTest" time="0.001"/>
  <testcase name="encryptDecrypt[1616: encryptDecrypt(algorithm=ALG_AES_192_GCM_IV12_TAG16_HKDF_SHA256, byteSize=162, frameSize=161, readLen=324)]" classname="com.amazonaws.encryptionsdk.CryptoInputStreamTest$ParameterizedEncryptDecryptTest" time="0"/>
  <testcase name="encryptDecrypt[1617: encryptDecrypt(algorithm=ALG_AES_192_GCM_IV12_TAG16_HKDF_SHA256, byteSize=162, frameSize=161, readLen=1,000,000)]" classname="com.amazonaws.encryptionsdk.CryptoInputStreamTest$ParameterizedEncryptDecryptTest" time="0"/>
  <testcase name="encryptDecrypt[1618: encryptDecrypt(algorithm=ALG_AES_192_GCM_IV12_TAG16_HKDF_SHA256, byteSize=241, frameSize=161, readLen=1)]" classname="com.amazonaws.encryptionsdk.CryptoInputStreamTest$ParameterizedEncryptDecryptTest" time="0"/>
  <testcase name="encryptDecrypt[1619: encryptDecrypt(algorithm=ALG_AES_192_GCM_IV12_TAG16_HKDF_SHA256, byteSize=241, frameSize=161, readLen=240)]" classname="com.amazonaws.encryptionsdk.CryptoInputStreamTest$ParameterizedEncryptDecryptTest" time="0"/>
  <testcase name="encryptDecrypt[1620: encryptDecrypt(algorithm=ALG_AES_192_GCM_IV12_TAG16_HKDF_SHA256, byteSize=241, frameSize=161, readLen=241)]" classname="com.amazonaws.encryptionsdk.CryptoInputStreamTest$ParameterizedEncryptDecryptTest" time="0"/>
  <testcase name="encryptDecrypt[1621: encryptDecrypt(algorithm=ALG_AES_192_GCM_IV12_TAG16_HKDF_SHA256, byteSize=241, frameSize=161, readLen=242)]" classname="com.amazonaws.encryptionsdk.CryptoInputStreamTest$ParameterizedEncryptDecryptTest" time="0"/>
  <testcase name="encryptDecrypt[1622: encryptDecrypt(algorithm=ALG_AES_192_GCM_IV12_TAG16_HKDF_SHA256, byteSize=241, frameSize=161, readLen=482)]" classname="com.amazonaws.encryptionsdk.CryptoInputStreamTest$ParameterizedEncryptDecryptTest" time="0"/>
  <testcase name="encryptDecrypt[1623: encryptDecrypt(algorithm=ALG_AES_192_GCM_IV12_TAG16_HKDF_SHA256, byteSize=241, frameSize=161, readLen=1,000,000)]" classname="com.amazonaws.encryptionsdk.CryptoInputStreamTest$ParameterizedEncryptDecryptTest" time="0"/>
  <testcase name="encryptDecrypt[1624: encryptDecrypt(algorithm=ALG_AES_192_GCM_IV12_TAG16_HKDF_SHA256, byteSize=322, frameSize=161, readLen=1)]" classname="com.amazonaws.encryptionsdk.CryptoInputStreamTest$ParameterizedEncryptDecryptTest" time="0"/>
  <testcase name="encryptDecrypt[1625: encryptDecrypt(algorithm=ALG_AES_192_GCM_IV12_TAG16_HKDF_SHA256, byteSize=322, frameSize=161, readLen=321)]" classname="com.amazonaws.encryptionsdk.CryptoInputStreamTest$ParameterizedEncryptDecryptTest" time="0.001"/>
  <testcase name="encryptDecrypt[1626: encryptDecrypt(algorithm=ALG_AES_192_GCM_IV12_TAG16_HKDF_SHA256, byteSize=322, frameSize=161, readLen=322)]" classname="com.amazonaws.encryptionsdk.CryptoInputStreamTest$ParameterizedEncryptDecryptTest" time="0"/>
  <testcase name="encryptDecrypt[1627: encryptDecrypt(algorithm=ALG_AES_192_GCM_IV12_TAG16_HKDF_SHA256, byteSize=322, frameSize=161, readLen=323)]" classname="com.amazonaws.encryptionsdk.CryptoInputStreamTest$ParameterizedEncryptDecryptTest" time="0"/>
  <testcase name="encryptDecrypt[1628: encryptDecrypt(algorithm=ALG_AES_192_GCM_IV12_TAG16_HKDF_SHA256, byteSize=322, frameSize=161, readLen=644)]" classname="com.amazonaws.encryptionsdk.CryptoInputStreamTest$ParameterizedEncryptDecryptTest" time="0"/>
  <testcase name="encryptDecrypt[1629: encryptDecrypt(algorithm=ALG_AES_192_GCM_IV12_TAG16_HKDF_SHA256, byteSize=322, frameSize=161, readLen=1,000,000)]" classname="com.amazonaws.encryptionsdk.CryptoInputStreamTest$ParameterizedEncryptDecryptTest" time="0"/>
  <testcase name="encryptDecrypt[1630: encryptDecrypt(algorithm=ALG_AES_192_GCM_IV12_TAG16_HKDF_SHA256, byteSize=1,000,000, frameSize=161, readLen=1)]" classname="com.amazonaws.encryptionsdk.CryptoInputStreamTest$ParameterizedEncryptDecryptTest" time="0.034"/>
  <testcase name="encryptDecrypt[1631: encryptDecrypt(algorithm=ALG_AES_192_GCM_IV12_TAG16_HKDF_SHA256, byteSize=1,000,000, frameSize=161, readLen=999,999)]" classname="com.amazonaws.encryptionsdk.CryptoInputStreamTest$ParameterizedEncryptDecryptTest" time="0.016"/>
  <testcase name="encryptDecrypt[1632: encryptDecrypt(algorithm=ALG_AES_192_GCM_IV12_TAG16_HKDF_SHA256, byteSize=1,000,000, frameSize=161, readLen=1,000,000)]" classname="com.amazonaws.encryptionsdk.CryptoInputStreamTest$ParameterizedEncryptDecryptTest" time="0.016"/>
  <testcase name="encryptDecrypt[1633: encryptDecrypt(algorithm=ALG_AES_192_GCM_IV12_TAG16_HKDF_SHA256, byteSize=1,000,000, frameSize=161, readLen=1,000,001)]" classname="com.amazonaws.encryptionsdk.CryptoInputStreamTest$ParameterizedEncryptDecryptTest" time="0.015"/>
  <testcase name="encryptDecrypt[1634: encryptDecrypt(algorithm=ALG_AES_192_GCM_IV12_TAG16_HKDF_SHA256, byteSize=1,000,000, frameSize=161, readLen=2,000,000)]" classname="com.amazonaws.encryptionsdk.CryptoInputStreamTest$ParameterizedEncryptDecryptTest" time="0.015"/>
  <testcase name="encryptDecrypt[1635: encryptDecrypt(algorithm=ALG_AES_192_GCM_IV12_TAG16_HKDF_SHA256, byteSize=1,000,000, frameSize=161, readLen=1,000,000)]" classname="com.amazonaws.encryptionsdk.CryptoInputStreamTest$ParameterizedEncryptDecryptTest" time="0.015"/>
  <testcase name="encryptDecrypt[1636: encryptDecrypt(algorithm=ALG_AES_192_GCM_IV12_TAG16_HKDF_SHA256, byteSize=0, frameSize=4,096, readLen=1)]" classname="com.amazonaws.encryptionsdk.CryptoInputStreamTest$ParameterizedEncryptDecryptTest" time="0"/>
  <testcase name="encryptDecrypt[1637: encryptDecrypt(algorithm=ALG_AES_192_GCM_IV12_TAG16_HKDF_SHA256, byteSize=0, frameSize=4,096, readLen=1)]" classname="com.amazonaws.encryptionsdk.CryptoInputStreamTest$ParameterizedEncryptDecryptTest" time="0"/>
  <testcase name="encryptDecrypt[1638: encryptDecrypt(algorithm=ALG_AES_192_GCM_IV12_TAG16_HKDF_SHA256, byteSize=0, frameSize=4,096, readLen=1,000,000)]" classname="com.amazonaws.encryptionsdk.CryptoInputStreamTest$ParameterizedEncryptDecryptTest" time="0"/>
  <testcase name="encryptDecrypt[1639: encryptDecrypt(algorithm=ALG_AES_192_GCM_IV12_TAG16_HKDF_SHA256, byteSize=1, frameSize=4,096, readLen=1)]" classname="com.amazonaws.encryptionsdk.CryptoInputStreamTest$ParameterizedEncryptDecryptTest" time="0.001"/>
  <testcase name="encryptDecrypt[1640: encryptDecrypt(algorithm=ALG_AES_192_GCM_IV12_TAG16_HKDF_SHA256, byteSize=1, frameSize=4,096, readLen=1)]" classname="com.amazonaws.encryptionsdk.CryptoInputStreamTest$ParameterizedEncryptDecryptTest" time="0"/>
  <testcase name="encryptDecrypt[1641: encryptDecrypt(algorithm=ALG_AES_192_GCM_IV12_TAG16_HKDF_SHA256, byteSize=1, frameSize=4,096, readLen=2)]" classname="com.amazonaws.encryptionsdk.CryptoInputStreamTest$ParameterizedEncryptDecryptTest" time="0"/>
  <testcase name="encryptDecrypt[1642: encryptDecrypt(algorithm=ALG_AES_192_GCM_IV12_TAG16_HKDF_SHA256, byteSize=1, frameSize=4,096, readLen=2)]" classname="com.amazonaws.encryptionsdk.CryptoInputStreamTest$ParameterizedEncryptDecryptTest" time="0"/>
  <testcase name="encryptDecrypt[1643: encryptDecrypt(algorithm=ALG_AES_192_GCM_IV12_TAG16_HKDF_SHA256, byteSize=1, frameSize=4,096, readLen=1,000,000)]" classname="com.amazonaws.encryptionsdk.CryptoInputStreamTest$ParameterizedEncryptDecryptTest" time="0"/>
  <testcase name="encryptDecrypt[1644: encryptDecrypt(algorithm=ALG_AES_192_GCM_IV12_TAG16_HKDF_SHA256, byteSize=4,095, frameSize=4,096, readLen=1)]" classname="com.amazonaws.encryptionsdk.CryptoInputStreamTest$ParameterizedEncryptDecryptTest" time="0"/>
  <testcase name="encryptDecrypt[1645: encryptDecrypt(algorithm=ALG_AES_192_GCM_IV12_TAG16_HKDF_SHA256, byteSize=4,095, frameSize=4,096, readLen=4,094)]" classname="com.amazonaws.encryptionsdk.CryptoInputStreamTest$ParameterizedEncryptDecryptTest" time="0"/>
  <testcase name="encryptDecrypt[1646: encryptDecrypt(algorithm=ALG_AES_192_GCM_IV12_TAG16_HKDF_SHA256, byteSize=4,095, frameSize=4,096, readLen=4,095)]" classname="com.amazonaws.encryptionsdk.CryptoInputStreamTest$ParameterizedEncryptDecryptTest" time="0"/>
  <testcase name="encryptDecrypt[1647: encryptDecrypt(algorithm=ALG_AES_192_GCM_IV12_TAG16_HKDF_SHA256, byteSize=4,095, frameSize=4,096, readLen=4,096)]" classname="com.amazonaws.encryptionsdk.CryptoInputStreamTest$ParameterizedEncryptDecryptTest" time="0.001"/>
  <testcase name="encryptDecrypt[1648: encryptDecrypt(algorithm=ALG_AES_192_GCM_IV12_TAG16_HKDF_SHA256, byteSize=4,095, frameSize=4,096, readLen=8,190)]" classname="com.amazonaws.encryptionsdk.CryptoInputStreamTest$ParameterizedEncryptDecryptTest" time="0"/>
  <testcase name="encryptDecrypt[1649: encryptDecrypt(algorithm=ALG_AES_192_GCM_IV12_TAG16_HKDF_SHA256, byteSize=4,095, frameSize=4,096, readLen=1,000,000)]" classname="com.amazonaws.encryptionsdk.CryptoInputStreamTest$ParameterizedEncryptDecryptTest" time="0"/>
  <testcase name="encryptDecrypt[1650: encryptDecrypt(algorithm=ALG_AES_192_GCM_IV12_TAG16_HKDF_SHA256, byteSize=4,096, frameSize=4,096, readLen=1)]" classname="com.amazonaws.encryptionsdk.CryptoInputStreamTest$ParameterizedEncryptDecryptTest" time="0"/>
  <testcase name="encryptDecrypt[1651: encryptDecrypt(algorithm=ALG_AES_192_GCM_IV12_TAG16_HKDF_SHA256, byteSize=4,096, frameSize=4,096, readLen=4,095)]" classname="com.amazonaws.encryptionsdk.CryptoInputStreamTest$ParameterizedEncryptDecryptTest" time="0"/>
  <testcase name="encryptDecrypt[1652: encryptDecrypt(algorithm=ALG_AES_192_GCM_IV12_TAG16_HKDF_SHA256, byteSize=4,096, frameSize=4,096, readLen=4,096)]" classname="com.amazonaws.encryptionsdk.CryptoInputStreamTest$ParameterizedEncryptDecryptTest" time="0"/>
  <testcase name="encryptDecrypt[1653: encryptDecrypt(algorithm=ALG_AES_192_GCM_IV12_TAG16_HKDF_SHA256, byteSize=4,096, frameSize=4,096, readLen=4,097)]" classname="com.amazonaws.encryptionsdk.CryptoInputStreamTest$ParameterizedEncryptDecryptTest" time="0"/>
  <testcase name="encryptDecrypt[1654: encryptDecrypt(algorithm=ALG_AES_192_GCM_IV12_TAG16_HKDF_SHA256, byteSize=4,096, frameSize=4,096, readLen=8,192)]" classname="com.amazonaws.encryptionsdk.CryptoInputStreamTest$ParameterizedEncryptDecryptTest" time="0.001"/>
  <testcase name="encryptDecrypt[1655: encryptDecrypt(algorithm=ALG_AES_192_GCM_IV12_TAG16_HKDF_SHA256, byteSize=4,096, frameSize=4,096, readLen=1,000,000)]" classname="com.amazonaws.encryptionsdk.CryptoInputStreamTest$ParameterizedEncryptDecryptTest" time="0"/>
  <testcase name="encryptDecrypt[1656: encryptDecrypt(algorithm=ALG_AES_192_GCM_IV12_TAG16_HKDF_SHA256, byteSize=4,097, frameSize=4,096, readLen=1)]" classname="com.amazonaws.encryptionsdk.CryptoInputStreamTest$ParameterizedEncryptDecryptTest" time="0"/>
  <testcase name="encryptDecrypt[1657: encryptDecrypt(algorithm=ALG_AES_192_GCM_IV12_TAG16_HKDF_SHA256, byteSize=4,097, frameSize=4,096, readLen=4,096)]" classname="com.amazonaws.encryptionsdk.CryptoInputStreamTest$ParameterizedEncryptDecryptTest" time="0"/>
  <testcase name="encryptDecrypt[1658: encryptDecrypt(algorithm=ALG_AES_192_GCM_IV12_TAG16_HKDF_SHA256, byteSize=4,097, frameSize=4,096, readLen=4,097)]" classname="com.amazonaws.encryptionsdk.CryptoInputStreamTest$ParameterizedEncryptDecryptTest" time="0"/>
  <testcase name="encryptDecrypt[1659: encryptDecrypt(algorithm=ALG_AES_192_GCM_IV12_TAG16_HKDF_SHA256, byteSize=4,097, frameSize=4,096, readLen=4,098)]" classname="com.amazonaws.encryptionsdk.CryptoInputStreamTest$ParameterizedEncryptDecryptTest" time="0"/>
  <testcase name="encryptDecrypt[1660: encryptDecrypt(algorithm=ALG_AES_192_GCM_IV12_TAG16_HKDF_SHA256, byteSize=4,097, frameSize=4,096, readLen=8,194)]" classname="com.amazonaws.encryptionsdk.CryptoInputStreamTest$ParameterizedEncryptDecryptTest" time="0.001"/>
  <testcase name="encryptDecrypt[1661: encryptDecrypt(algorithm=ALG_AES_192_GCM_IV12_TAG16_HKDF_SHA256, byteSize=4,097, frameSize=4,096, readLen=1,000,000)]" classname="com.amazonaws.encryptionsdk.CryptoInputStreamTest$ParameterizedEncryptDecryptTest" time="0"/>
  <testcase name="encryptDecrypt[1662: encryptDecrypt(algorithm=ALG_AES_192_GCM_IV12_TAG16_HKDF_SHA256, byteSize=6,144, frameSize=4,096, readLen=1)]" classname="com.amazonaws.encryptionsdk.CryptoInputStreamTest$ParameterizedEncryptDecryptTest" time="0"/>
  <testcase name="encryptDecrypt[1663: encryptDecrypt(algorithm=ALG_AES_192_GCM_IV12_TAG16_HKDF_SHA256, byteSize=6,144, frameSize=4,096, readLen=6,143)]" classname="com.amazonaws.encryptionsdk.CryptoInputStreamTest$ParameterizedEncryptDecryptTest" time="0"/>
  <testcase name="encryptDecrypt[1664: encryptDecrypt(algorithm=ALG_AES_192_GCM_IV12_TAG16_HKDF_SHA256, byteSize=6,144, frameSize=4,096, readLen=6,144)]" classname="com.amazonaws.encryptionsdk.CryptoInputStreamTest$ParameterizedEncryptDecryptTest" time="0"/>
  <testcase name="encryptDecrypt[1665: encryptDecrypt(algorithm=ALG_AES_192_GCM_IV12_TAG16_HKDF_SHA256, byteSize=6,144, frameSize=4,096, readLen=6,145)]" classname="com.amazonaws.encryptionsdk.CryptoInputStreamTest$ParameterizedEncryptDecryptTest" time="0"/>
  <testcase name="encryptDecrypt[1666: encryptDecrypt(algorithm=ALG_AES_192_GCM_IV12_TAG16_HKDF_SHA256, byteSize=6,144, frameSize=4,096, readLen=12,288)]" classname="com.amazonaws.encryptionsdk.CryptoInputStreamTest$ParameterizedEncryptDecryptTest" time="0.001"/>
  <testcase name="encryptDecrypt[1667: encryptDecrypt(algorithm=ALG_AES_192_GCM_IV12_TAG16_HKDF_SHA256, byteSize=6,144, frameSize=4,096, readLen=1,000,000)]" classname="com.amazonaws.encryptionsdk.CryptoInputStreamTest$ParameterizedEncryptDecryptTest" time="0"/>
  <testcase name="encryptDecrypt[1668: encryptDecrypt(algorithm=ALG_AES_192_GCM_IV12_TAG16_HKDF_SHA256, byteSize=8,192, frameSize=4,096, readLen=1)]" classname="com.amazonaws.encryptionsdk.CryptoInputStreamTest$ParameterizedEncryptDecryptTest" time="0"/>
  <testcase name="encryptDecrypt[1669: encryptDecrypt(algorithm=ALG_AES_192_GCM_IV12_TAG16_HKDF_SHA256, byteSize=8,192, frameSize=4,096, readLen=8,191)]" classname="com.amazonaws.encryptionsdk.CryptoInputStreamTest$ParameterizedEncryptDecryptTest" time="0"/>
  <testcase name="encryptDecrypt[1670: encryptDecrypt(algorithm=ALG_AES_192_GCM_IV12_TAG16_HKDF_SHA256, byteSize=8,192, frameSize=4,096, readLen=8,192)]" classname="com.amazonaws.encryptionsdk.CryptoInputStreamTest$ParameterizedEncryptDecryptTest" time="0"/>
  <testcase name="encryptDecrypt[1671: encryptDecrypt(algorithm=ALG_AES_192_GCM_IV12_TAG16_HKDF_SHA256, byteSize=8,192, frameSize=4,096, readLen=8,193)]" classname="com.amazonaws.encryptionsdk.CryptoInputStreamTest$ParameterizedEncryptDecryptTest" time="0.001"/>
  <testcase name="encryptDecrypt[1672: encryptDecrypt(algorithm=ALG_AES_192_GCM_IV12_TAG16_HKDF_SHA256, byteSize=8,192, frameSize=4,096, readLen=16,384)]" classname="com.amazonaws.encryptionsdk.CryptoInputStreamTest$ParameterizedEncryptDecryptTest" time="0"/>
  <testcase name="encryptDecrypt[1673: encryptDecrypt(algorithm=ALG_AES_192_GCM_IV12_TAG16_HKDF_SHA256, byteSize=8,192, frameSize=4,096, readLen=1,000,000)]" classname="com.amazonaws.encryptionsdk.CryptoInputStreamTest$ParameterizedEncryptDecryptTest" time="0"/>
  <testcase name="encryptDecrypt[1674: encryptDecrypt(algorithm=ALG_AES_192_GCM_IV12_TAG16_HKDF_SHA256, byteSize=1,000,000, frameSize=4,096, readLen=1)]" classname="com.amazonaws.encryptionsdk.CryptoInputStreamTest$ParameterizedEncryptDecryptTest" time="0.027"/>
  <testcase name="encryptDecrypt[1675: encryptDecrypt(algorithm=ALG_AES_192_GCM_IV12_TAG16_HKDF_SHA256, byteSize=1,000,000, frameSize=4,096, readLen=999,999)]" classname="com.amazonaws.encryptionsdk.CryptoInputStreamTest$ParameterizedEncryptDecryptTest" time="0.009"/>
  <testcase name="encryptDecrypt[1676: encryptDecrypt(algorithm=ALG_AES_192_GCM_IV12_TAG16_HKDF_SHA256, byteSize=1,000,000, frameSize=4,096, readLen=1,000,000)]" classname="com.amazonaws.encryptionsdk.CryptoInputStreamTest$ParameterizedEncryptDecryptTest" time="0.009"/>
  <testcase name="encryptDecrypt[1677: encryptDecrypt(algorithm=ALG_AES_192_GCM_IV12_TAG16_HKDF_SHA256, byteSize=1,000,000, frameSize=4,096, readLen=1,000,001)]" classname="com.amazonaws.encryptionsdk.CryptoInputStreamTest$ParameterizedEncryptDecryptTest" time="0.009"/>
  <testcase name="encryptDecrypt[1678: encryptDecrypt(algorithm=ALG_AES_192_GCM_IV12_TAG16_HKDF_SHA256, byteSize=1,000,000, frameSize=4,096, readLen=2,000,000)]" classname="com.amazonaws.encryptionsdk.CryptoInputStreamTest$ParameterizedEncryptDecryptTest" time="0.009"/>
  <testcase name="encryptDecrypt[1679: encryptDecrypt(algorithm=ALG_AES_192_GCM_IV12_TAG16_HKDF_SHA256, byteSize=1,000,000, frameSize=4,096, readLen=1,000,000)]" classname="com.amazonaws.encryptionsdk.CryptoInputStreamTest$ParameterizedEncryptDecryptTest" time="0.009"/>
  <testcase name="encryptDecrypt[1680: encryptDecrypt(algorithm=ALG_AES_256_GCM_IV12_TAG16_HKDF_SHA256, byteSize=0, frameSize=0, readLen=1)]" classname="com.amazonaws.encryptionsdk.CryptoInputStreamTest$ParameterizedEncryptDecryptTest" time="0"/>
  <testcase name="encryptDecrypt[1681: encryptDecrypt(algorithm=ALG_AES_256_GCM_IV12_TAG16_HKDF_SHA256, byteSize=0, frameSize=0, readLen=1)]" classname="com.amazonaws.encryptionsdk.CryptoInputStreamTest$ParameterizedEncryptDecryptTest" time="0"/>
  <testcase name="encryptDecrypt[1682: encryptDecrypt(algorithm=ALG_AES_256_GCM_IV12_TAG16_HKDF_SHA256, byteSize=0, frameSize=0, readLen=1,000,000)]" classname="com.amazonaws.encryptionsdk.CryptoInputStreamTest$ParameterizedEncryptDecryptTest" time="0"/>
  <testcase name="encryptDecrypt[1683: encryptDecrypt(algorithm=ALG_AES_256_GCM_IV12_TAG16_HKDF_SHA256, byteSize=1, frameSize=0, readLen=1)]" classname="com.amazonaws.encryptionsdk.CryptoInputStreamTest$ParameterizedEncryptDecryptTest" time="0"/>
  <testcase name="encryptDecrypt[1684: encryptDecrypt(algorithm=ALG_AES_256_GCM_IV12_TAG16_HKDF_SHA256, byteSize=1, frameSize=0, readLen=1)]" classname="com.amazonaws.encryptionsdk.CryptoInputStreamTest$ParameterizedEncryptDecryptTest" time="0"/>
  <testcase name="encryptDecrypt[1685: encryptDecrypt(algorithm=ALG_AES_256_GCM_IV12_TAG16_HKDF_SHA256, byteSize=1, frameSize=0, readLen=2)]" classname="com.amazonaws.encryptionsdk.CryptoInputStreamTest$ParameterizedEncryptDecryptTest" time="0.001"/>
  <testcase name="encryptDecrypt[1686: encryptDecrypt(algorithm=ALG_AES_256_GCM_IV12_TAG16_HKDF_SHA256, byteSize=1, frameSize=0, readLen=2)]" classname="com.amazonaws.encryptionsdk.CryptoInputStreamTest$ParameterizedEncryptDecryptTest" time="0"/>
  <testcase name="encryptDecrypt[1687: encryptDecrypt(algorithm=ALG_AES_256_GCM_IV12_TAG16_HKDF_SHA256, byteSize=1, frameSize=0, readLen=1,000,000)]" classname="com.amazonaws.encryptionsdk.CryptoInputStreamTest$ParameterizedEncryptDecryptTest" time="0"/>
  <testcase name="encryptDecrypt[1688: encryptDecrypt(algorithm=ALG_AES_256_GCM_IV12_TAG16_HKDF_SHA256, byteSize=0, frameSize=0, readLen=1)]" classname="com.amazonaws.encryptionsdk.CryptoInputStreamTest$ParameterizedEncryptDecryptTest" time="0"/>
  <testcase name="encryptDecrypt[1689: encryptDecrypt(algorithm=ALG_AES_256_GCM_IV12_TAG16_HKDF_SHA256, byteSize=0, frameSize=0, readLen=1)]" classname="com.amazonaws.encryptionsdk.CryptoInputStreamTest$ParameterizedEncryptDecryptTest" time="0"/>
  <testcase name="encryptDecrypt[1690: encryptDecrypt(algorithm=ALG_AES_256_GCM_IV12_TAG16_HKDF_SHA256, byteSize=0, frameSize=0, readLen=1,000,000)]" classname="com.amazonaws.encryptionsdk.CryptoInputStreamTest$ParameterizedEncryptDecryptTest" time="0"/>
  <testcase name="encryptDecrypt[1691: encryptDecrypt(algorithm=ALG_AES_256_GCM_IV12_TAG16_HKDF_SHA256, byteSize=1, frameSize=0, readLen=1)]" classname="com.amazonaws.encryptionsdk.CryptoInputStreamTest$ParameterizedEncryptDecryptTest" time="0"/>
  <testcase name="encryptDecrypt[1692: encryptDecrypt(algorithm=ALG_AES_256_GCM_IV12_TAG16_HKDF_SHA256, byteSize=1, frameSize=0, readLen=1)]" classname="com.amazonaws.encryptionsdk.CryptoInputStreamTest$ParameterizedEncryptDecryptTest" time="0"/>
  <testcase name="encryptDecrypt[1693: encryptDecrypt(algorithm=ALG_AES_256_GCM_IV12_TAG16_HKDF_SHA256, byteSize=1, frameSize=0, readLen=2)]" classname="com.amazonaws.encryptionsdk.CryptoInputStreamTest$ParameterizedEncryptDecryptTest" time="0"/>
  <testcase name="encryptDecrypt[1694: encryptDecrypt(algorithm=ALG_AES_256_GCM_IV12_TAG16_HKDF_SHA256, byteSize=1, frameSize=0, readLen=2)]" classname="com.amazonaws.encryptionsdk.CryptoInputStreamTest$ParameterizedEncryptDecryptTest" time="0"/>
  <testcase name="encryptDecrypt[1695: encryptDecrypt(algorithm=ALG_AES_256_GCM_IV12_TAG16_HKDF_SHA256, byteSize=1, frameSize=0, readLen=1,000,000)]" classname="com.amazonaws.encryptionsdk.CryptoInputStreamTest$ParameterizedEncryptDecryptTest" time="0.001"/>
  <testcase name="encryptDecrypt[1696: encryptDecrypt(algorithm=ALG_AES_256_GCM_IV12_TAG16_HKDF_SHA256, byteSize=0, frameSize=0, readLen=1)]" classname="com.amazonaws.encryptionsdk.CryptoInputStreamTest$ParameterizedEncryptDecryptTest" time="0"/>
  <testcase name="encryptDecrypt[1697: encryptDecrypt(algorithm=ALG_AES_256_GCM_IV12_TAG16_HKDF_SHA256, byteSize=0, frameSize=0, readLen=1)]" classname="com.amazonaws.encryptionsdk.CryptoInputStreamTest$ParameterizedEncryptDecryptTest" time="0"/>
  <testcase name="encryptDecrypt[1698: encryptDecrypt(algorithm=ALG_AES_256_GCM_IV12_TAG16_HKDF_SHA256, byteSize=0, frameSize=0, readLen=1,000,000)]" classname="com.amazonaws.encryptionsdk.CryptoInputStreamTest$ParameterizedEncryptDecryptTest" time="0"/>
  <testcase name="encryptDecrypt[1699: encryptDecrypt(algorithm=ALG_AES_256_GCM_IV12_TAG16_HKDF_SHA256, byteSize=0, frameSize=0, readLen=1)]" classname="com.amazonaws.encryptionsdk.CryptoInputStreamTest$ParameterizedEncryptDecryptTest" time="0"/>
  <testcase name="encryptDecrypt[1700: encryptDecrypt(algorithm=ALG_AES_256_GCM_IV12_TAG16_HKDF_SHA256, byteSize=0, frameSize=0, readLen=1)]" classname="com.amazonaws.encryptionsdk.CryptoInputStreamTest$ParameterizedEncryptDecryptTest" time="0"/>
  <testcase name="encryptDecrypt[1701: encryptDecrypt(algorithm=ALG_AES_256_GCM_IV12_TAG16_HKDF_SHA256, byteSize=0, frameSize=0, readLen=1,000,000)]" classname="com.amazonaws.encryptionsdk.CryptoInputStreamTest$ParameterizedEncryptDecryptTest" time="0"/>
  <testcase name="encryptDecrypt[1702: encryptDecrypt(algorithm=ALG_AES_256_GCM_IV12_TAG16_HKDF_SHA256, byteSize=1,000,000, frameSize=0, readLen=1)]" classname="com.amazonaws.encryptionsdk.CryptoInputStreamTest$ParameterizedEncryptDecryptTest" time="0.059"/>
  <testcase name="encryptDecrypt[1703: encryptDecrypt(algorithm=ALG_AES_256_GCM_IV12_TAG16_HKDF_SHA256, byteSize=1,000,000, frameSize=0, readLen=999,999)]" classname="com.amazonaws.encryptionsdk.CryptoInputStreamTest$ParameterizedEncryptDecryptTest" time="0.041"/>
  <testcase name="encryptDecrypt[1704: encryptDecrypt(algorithm=ALG_AES_256_GCM_IV12_TAG16_HKDF_SHA256, byteSize=1,000,000, frameSize=0, readLen=1,000,000)]" classname="com.amazonaws.encryptionsdk.CryptoInputStreamTest$ParameterizedEncryptDecryptTest" time="0.044"/>
  <testcase name="encryptDecrypt[1705: encryptDecrypt(algorithm=ALG_AES_256_GCM_IV12_TAG16_HKDF_SHA256, byteSize=1,000,000, frameSize=0, readLen=1,000,001)]" classname="com.amazonaws.encryptionsdk.CryptoInputStreamTest$ParameterizedEncryptDecryptTest" time="0.042"/>
  <testcase name="encryptDecrypt[1706: encryptDecrypt(algorithm=ALG_AES_256_GCM_IV12_TAG16_HKDF_SHA256, byteSize=1,000,000, frameSize=0, readLen=2,000,000)]" classname="com.amazonaws.encryptionsdk.CryptoInputStreamTest$ParameterizedEncryptDecryptTest" time="0.041"/>
  <testcase name="encryptDecrypt[1707: encryptDecrypt(algorithm=ALG_AES_256_GCM_IV12_TAG16_HKDF_SHA256, byteSize=1,000,000, frameSize=0, readLen=1,000,000)]" classname="com.amazonaws.encryptionsdk.CryptoInputStreamTest$ParameterizedEncryptDecryptTest" time="0.04"/>
  <testcase name="encryptDecrypt[1708: encryptDecrypt(algorithm=ALG_AES_256_GCM_IV12_TAG16_HKDF_SHA256, byteSize=0, frameSize=15, readLen=1)]" classname="com.amazonaws.encryptionsdk.CryptoInputStreamTest$ParameterizedEncryptDecryptTest" time="0"/>
  <testcase name="encryptDecrypt[1709: encryptDecrypt(algorithm=ALG_AES_256_GCM_IV12_TAG16_HKDF_SHA256, byteSize=0, frameSize=15, readLen=1)]" classname="com.amazonaws.encryptionsdk.CryptoInputStreamTest$ParameterizedEncryptDecryptTest" time="0"/>
  <testcase name="encryptDecrypt[1710: encryptDecrypt(algorithm=ALG_AES_256_GCM_IV12_TAG16_HKDF_SHA256, byteSize=0, frameSize=15, readLen=1,000,000)]" classname="com.amazonaws.encryptionsdk.CryptoInputStreamTest$ParameterizedEncryptDecryptTest" time="0"/>
  <testcase name="encryptDecrypt[1711: encryptDecrypt(algorithm=ALG_AES_256_GCM_IV12_TAG16_HKDF_SHA256, byteSize=1, frameSize=15, readLen=1)]" classname="com.amazonaws.encryptionsdk.CryptoInputStreamTest$ParameterizedEncryptDecryptTest" time="0"/>
  <testcase name="encryptDecrypt[1712: encryptDecrypt(algorithm=ALG_AES_256_GCM_IV12_TAG16_HKDF_SHA256, byteSize=1, frameSize=15, readLen=1)]" classname="com.amazonaws.encryptionsdk.CryptoInputStreamTest$ParameterizedEncryptDecryptTest" time="0"/>
  <testcase name="encryptDecrypt[1713: encryptDecrypt(algorithm=ALG_AES_256_GCM_IV12_TAG16_HKDF_SHA256, byteSize=1, frameSize=15, readLen=2)]" classname="com.amazonaws.encryptionsdk.CryptoInputStreamTest$ParameterizedEncryptDecryptTest" time="0"/>
  <testcase name="encryptDecrypt[1714: encryptDecrypt(algorithm=ALG_AES_256_GCM_IV12_TAG16_HKDF_SHA256, byteSize=1, frameSize=15, readLen=2)]" classname="com.amazonaws.encryptionsdk.CryptoInputStreamTest$ParameterizedEncryptDecryptTest" time="0"/>
  <testcase name="encryptDecrypt[1715: encryptDecrypt(algorithm=ALG_AES_256_GCM_IV12_TAG16_HKDF_SHA256, byteSize=1, frameSize=15, readLen=1,000,000)]" classname="com.amazonaws.encryptionsdk.CryptoInputStreamTest$ParameterizedEncryptDecryptTest" time="0.001"/>
  <testcase name="encryptDecrypt[1716: encryptDecrypt(algorithm=ALG_AES_256_GCM_IV12_TAG16_HKDF_SHA256, byteSize=14, frameSize=15, readLen=1)]" classname="com.amazonaws.encryptionsdk.CryptoInputStreamTest$ParameterizedEncryptDecryptTest" time="0"/>
  <testcase name="encryptDecrypt[1717: encryptDecrypt(algorithm=ALG_AES_256_GCM_IV12_TAG16_HKDF_SHA256, byteSize=14, frameSize=15, readLen=13)]" classname="com.amazonaws.encryptionsdk.CryptoInputStreamTest$ParameterizedEncryptDecryptTest" time="0"/>
  <testcase name="encryptDecrypt[1718: encryptDecrypt(algorithm=ALG_AES_256_GCM_IV12_TAG16_HKDF_SHA256, byteSize=14, frameSize=15, readLen=14)]" classname="com.amazonaws.encryptionsdk.CryptoInputStreamTest$ParameterizedEncryptDecryptTest" time="0"/>
  <testcase name="encryptDecrypt[1719: encryptDecrypt(algorithm=ALG_AES_256_GCM_IV12_TAG16_HKDF_SHA256, byteSize=14, frameSize=15, readLen=15)]" classname="com.amazonaws.encryptionsdk.CryptoInputStreamTest$ParameterizedEncryptDecryptTest" time="0"/>
  <testcase name="encryptDecrypt[1720: encryptDecrypt(algorithm=ALG_AES_256_GCM_IV12_TAG16_HKDF_SHA256, byteSize=14, frameSize=15, readLen=28)]" classname="com.amazonaws.encryptionsdk.CryptoInputStreamTest$ParameterizedEncryptDecryptTest" time="0"/>
  <testcase name="encryptDecrypt[1721: encryptDecrypt(algorithm=ALG_AES_256_GCM_IV12_TAG16_HKDF_SHA256, byteSize=14, frameSize=15, readLen=1,000,000)]" classname="com.amazonaws.encryptionsdk.CryptoInputStreamTest$ParameterizedEncryptDecryptTest" time="0"/>
  <testcase name="encryptDecrypt[1722: encryptDecrypt(algorithm=ALG_AES_256_GCM_IV12_TAG16_HKDF_SHA256, byteSize=15, frameSize=15, readLen=1)]" classname="com.amazonaws.encryptionsdk.CryptoInputStreamTest$ParameterizedEncryptDecryptTest" time="0"/>
  <testcase name="encryptDecrypt[1723: encryptDecrypt(algorithm=ALG_AES_256_GCM_IV12_TAG16_HKDF_SHA256, byteSize=15, frameSize=15, readLen=14)]" classname="com.amazonaws.encryptionsdk.CryptoInputStreamTest$ParameterizedEncryptDecryptTest" time="0"/>
  <testcase name="encryptDecrypt[1724: encryptDecrypt(algorithm=ALG_AES_256_GCM_IV12_TAG16_HKDF_SHA256, byteSize=15, frameSize=15, readLen=15)]" classname="com.amazonaws.encryptionsdk.CryptoInputStreamTest$ParameterizedEncryptDecryptTest" time="0"/>
  <testcase name="encryptDecrypt[1725: encryptDecrypt(algorithm=ALG_AES_256_GCM_IV12_TAG16_HKDF_SHA256, byteSize=15, frameSize=15, readLen=16)]" classname="com.amazonaws.encryptionsdk.CryptoInputStreamTest$ParameterizedEncryptDecryptTest" time="0"/>
  <testcase name="encryptDecrypt[1726: encryptDecrypt(algorithm=ALG_AES_256_GCM_IV12_TAG16_HKDF_SHA256, byteSize=15, frameSize=15, readLen=30)]" classname="com.amazonaws.encryptionsdk.CryptoInputStreamTest$ParameterizedEncryptDecryptTest" time="0"/>
  <testcase name="encryptDecrypt[1727: encryptDecrypt(algorithm=ALG_AES_256_GCM_IV12_TAG16_HKDF_SHA256, byteSize=15, frameSize=15, readLen=1,000,000)]" classname="com.amazonaws.encryptionsdk.CryptoInputStreamTest$ParameterizedEncryptDecryptTest" time="0"/>
  <testcase name="encryptDecrypt[1728: encryptDecrypt(algorithm=ALG_AES_256_GCM_IV12_TAG16_HKDF_SHA256, byteSize=16, frameSize=15, readLen=1)]" classname="com.amazonaws.encryptionsdk.CryptoInputStreamTest$ParameterizedEncryptDecryptTest" time="0"/>
  <testcase name="encryptDecrypt[1729: encryptDecrypt(algorithm=ALG_AES_256_GCM_IV12_TAG16_HKDF_SHA256, byteSize=16, frameSize=15, readLen=15)]" classname="com.amazonaws.encryptionsdk.CryptoInputStreamTest$ParameterizedEncryptDecryptTest" time="0"/>
  <testcase name="encryptDecrypt[1730: encryptDecrypt(algorithm=ALG_AES_256_GCM_IV12_TAG16_HKDF_SHA256, byteSize=16, frameSize=15, readLen=16)]" classname="com.amazonaws.encryptionsdk.CryptoInputStreamTest$ParameterizedEncryptDecryptTest" time="0"/>
  <testcase name="encryptDecrypt[1731: encryptDecrypt(algorithm=ALG_AES_256_GCM_IV12_TAG16_HKDF_SHA256, byteSize=16, frameSize=15, readLen=17)]" classname="com.amazonaws.encryptionsdk.CryptoInputStreamTest$ParameterizedEncryptDecryptTest" time="0"/>
  <testcase name="encryptDecrypt[1732: encryptDecrypt(algorithm=ALG_AES_256_GCM_IV12_TAG16_HKDF_SHA256, byteSize=16, frameSize=15, readLen=32)]" classname="com.amazonaws.encryptionsdk.CryptoInputStreamTest$ParameterizedEncryptDecryptTest" time="0"/>
  <testcase name="encryptDecrypt[1733: encryptDecrypt(algorithm=ALG_AES_256_GCM_IV12_TAG16_HKDF_SHA256, byteSize=16, frameSize=15, readLen=1,000,000)]" classname="com.amazonaws.encryptionsdk.CryptoInputStreamTest$ParameterizedEncryptDecryptTest" time="0"/>
  <testcase name="encryptDecrypt[1734: encryptDecrypt(algorithm=ALG_AES_256_GCM_IV12_TAG16_HKDF_SHA256, byteSize=22, frameSize=15, readLen=1)]" classname="com.amazonaws.encryptionsdk.CryptoInputStreamTest$ParameterizedEncryptDecryptTest" time="0"/>
  <testcase name="encryptDecrypt[1735: encryptDecrypt(algorithm=ALG_AES_256_GCM_IV12_TAG16_HKDF_SHA256, byteSize=22, frameSize=15, readLen=21)]" classname="com.amazonaws.encryptionsdk.CryptoInputStreamTest$ParameterizedEncryptDecryptTest" time="0.001"/>
  <testcase name="encryptDecrypt[1736: encryptDecrypt(algorithm=ALG_AES_256_GCM_IV12_TAG16_HKDF_SHA256, byteSize=22, frameSize=15, readLen=22)]" classname="com.amazonaws.encryptionsdk.CryptoInputStreamTest$ParameterizedEncryptDecryptTest" time="0"/>
  <testcase name="encryptDecrypt[1737: encryptDecrypt(algorithm=ALG_AES_256_GCM_IV12_TAG16_HKDF_SHA256, byteSize=22, frameSize=15, readLen=23)]" classname="com.amazonaws.encryptionsdk.CryptoInputStreamTest$ParameterizedEncryptDecryptTest" time="0"/>
  <testcase name="encryptDecrypt[1738: encryptDecrypt(algorithm=ALG_AES_256_GCM_IV12_TAG16_HKDF_SHA256, byteSize=22, frameSize=15, readLen=44)]" classname="com.amazonaws.encryptionsdk.CryptoInputStreamTest$ParameterizedEncryptDecryptTest" time="0"/>
  <testcase name="encryptDecrypt[1739: encryptDecrypt(algorithm=ALG_AES_256_GCM_IV12_TAG16_HKDF_SHA256, byteSize=22, frameSize=15, readLen=1,000,000)]" classname="com.amazonaws.encryptionsdk.CryptoInputStreamTest$ParameterizedEncryptDecryptTest" time="0"/>
  <testcase name="encryptDecrypt[1740: encryptDecrypt(algorithm=ALG_AES_256_GCM_IV12_TAG16_HKDF_SHA256, byteSize=30, frameSize=15, readLen=1)]" classname="com.amazonaws.encryptionsdk.CryptoInputStreamTest$ParameterizedEncryptDecryptTest" time="0"/>
  <testcase name="encryptDecrypt[1741: encryptDecrypt(algorithm=ALG_AES_256_GCM_IV12_TAG16_HKDF_SHA256, byteSize=30, frameSize=15, readLen=29)]" classname="com.amazonaws.encryptionsdk.CryptoInputStreamTest$ParameterizedEncryptDecryptTest" time="0"/>
  <testcase name="encryptDecrypt[1742: encryptDecrypt(algorithm=ALG_AES_256_GCM_IV12_TAG16_HKDF_SHA256, byteSize=30, frameSize=15, readLen=30)]" classname="com.amazonaws.encryptionsdk.CryptoInputStreamTest$ParameterizedEncryptDecryptTest" time="0"/>
  <testcase name="encryptDecrypt[1743: encryptDecrypt(algorithm=ALG_AES_256_GCM_IV12_TAG16_HKDF_SHA256, byteSize=30, frameSize=15, readLen=31)]" classname="com.amazonaws.encryptionsdk.CryptoInputStreamTest$ParameterizedEncryptDecryptTest" time="0"/>
  <testcase name="encryptDecrypt[1744: encryptDecrypt(algorithm=ALG_AES_256_GCM_IV12_TAG16_HKDF_SHA256, byteSize=30, frameSize=15, readLen=60)]" classname="com.amazonaws.encryptionsdk.CryptoInputStreamTest$ParameterizedEncryptDecryptTest" time="0"/>
  <testcase name="encryptDecrypt[1745: encryptDecrypt(algorithm=ALG_AES_256_GCM_IV12_TAG16_HKDF_SHA256, byteSize=30, frameSize=15, readLen=1,000,000)]" classname="com.amazonaws.encryptionsdk.CryptoInputStreamTest$ParameterizedEncryptDecryptTest" time="0.001"/>
  <testcase name="encryptDecrypt[1746: encryptDecrypt(algorithm=ALG_AES_256_GCM_IV12_TAG16_HKDF_SHA256, byteSize=1,000,000, frameSize=15, readLen=1)]" classname="com.amazonaws.encryptionsdk.CryptoInputStreamTest$ParameterizedEncryptDecryptTest" time="0.102"/>
  <testcase name="encryptDecrypt[1747: encryptDecrypt(algorithm=ALG_AES_256_GCM_IV12_TAG16_HKDF_SHA256, byteSize=1,000,000, frameSize=15, readLen=999,999)]" classname="com.amazonaws.encryptionsdk.CryptoInputStreamTest$ParameterizedEncryptDecryptTest" time="0.083"/>
  <testcase name="encryptDecrypt[1748: encryptDecrypt(algorithm=ALG_AES_256_GCM_IV12_TAG16_HKDF_SHA256, byteSize=1,000,000, frameSize=15, readLen=1,000,000)]" classname="com.amazonaws.encryptionsdk.CryptoInputStreamTest$ParameterizedEncryptDecryptTest" time="0.081"/>
  <testcase name="encryptDecrypt[1749: encryptDecrypt(algorithm=ALG_AES_256_GCM_IV12_TAG16_HKDF_SHA256, byteSize=1,000,000, frameSize=15, readLen=1,000,001)]" classname="com.amazonaws.encryptionsdk.CryptoInputStreamTest$ParameterizedEncryptDecryptTest" time="0.082"/>
  <testcase name="encryptDecrypt[1750: encryptDecrypt(algorithm=ALG_AES_256_GCM_IV12_TAG16_HKDF_SHA256, byteSize=1,000,000, frameSize=15, readLen=2,000,000)]" classname="com.amazonaws.encryptionsdk.CryptoInputStreamTest$ParameterizedEncryptDecryptTest" time="0.079"/>
  <testcase name="encryptDecrypt[1751: encryptDecrypt(algorithm=ALG_AES_256_GCM_IV12_TAG16_HKDF_SHA256, byteSize=1,000,000, frameSize=15, readLen=1,000,000)]" classname="com.amazonaws.encryptionsdk.CryptoInputStreamTest$ParameterizedEncryptDecryptTest" time="0.081"/>
  <testcase name="encryptDecrypt[1752: encryptDecrypt(algorithm=ALG_AES_256_GCM_IV12_TAG16_HKDF_SHA256, byteSize=0, frameSize=16, readLen=1)]" classname="com.amazonaws.encryptionsdk.CryptoInputStreamTest$ParameterizedEncryptDecryptTest" time="0"/>
  <testcase name="encryptDecrypt[1753: encryptDecrypt(algorithm=ALG_AES_256_GCM_IV12_TAG16_HKDF_SHA256, byteSize=0, frameSize=16, readLen=1)]" classname="com.amazonaws.encryptionsdk.CryptoInputStreamTest$ParameterizedEncryptDecryptTest" time="0"/>
  <testcase name="encryptDecrypt[1754: encryptDecrypt(algorithm=ALG_AES_256_GCM_IV12_TAG16_HKDF_SHA256, byteSize=0, frameSize=16, readLen=1,000,000)]" classname="com.amazonaws.encryptionsdk.CryptoInputStreamTest$ParameterizedEncryptDecryptTest" time="0"/>
  <testcase name="encryptDecrypt[1755: encryptDecrypt(algorithm=ALG_AES_256_GCM_IV12_TAG16_HKDF_SHA256, byteSize=1, frameSize=16, readLen=1)]" classname="com.amazonaws.encryptionsdk.CryptoInputStreamTest$ParameterizedEncryptDecryptTest" time="0.001"/>
  <testcase name="encryptDecrypt[1756: encryptDecrypt(algorithm=ALG_AES_256_GCM_IV12_TAG16_HKDF_SHA256, byteSize=1, frameSize=16, readLen=1)]" classname="com.amazonaws.encryptionsdk.CryptoInputStreamTest$ParameterizedEncryptDecryptTest" time="0"/>
  <testcase name="encryptDecrypt[1757: encryptDecrypt(algorithm=ALG_AES_256_GCM_IV12_TAG16_HKDF_SHA256, byteSize=1, frameSize=16, readLen=2)]" classname="com.amazonaws.encryptionsdk.CryptoInputStreamTest$ParameterizedEncryptDecryptTest" time="0"/>
  <testcase name="encryptDecrypt[1758: encryptDecrypt(algorithm=ALG_AES_256_GCM_IV12_TAG16_HKDF_SHA256, byteSize=1, frameSize=16, readLen=2)]" classname="com.amazonaws.encryptionsdk.CryptoInputStreamTest$ParameterizedEncryptDecryptTest" time="0"/>
  <testcase name="encryptDecrypt[1759: encryptDecrypt(algorithm=ALG_AES_256_GCM_IV12_TAG16_HKDF_SHA256, byteSize=1, frameSize=16, readLen=1,000,000)]" classname="com.amazonaws.encryptionsdk.CryptoInputStreamTest$ParameterizedEncryptDecryptTest" time="0"/>
  <testcase name="encryptDecrypt[1760: encryptDecrypt(algorithm=ALG_AES_256_GCM_IV12_TAG16_HKDF_SHA256, byteSize=15, frameSize=16, readLen=1)]" classname="com.amazonaws.encryptionsdk.CryptoInputStreamTest$ParameterizedEncryptDecryptTest" time="0"/>
  <testcase name="encryptDecrypt[1761: encryptDecrypt(algorithm=ALG_AES_256_GCM_IV12_TAG16_HKDF_SHA256, byteSize=15, frameSize=16, readLen=14)]" classname="com.amazonaws.encryptionsdk.CryptoInputStreamTest$ParameterizedEncryptDecryptTest" time="0"/>
  <testcase name="encryptDecrypt[1762: encryptDecrypt(algorithm=ALG_AES_256_GCM_IV12_TAG16_HKDF_SHA256, byteSize=15, frameSize=16, readLen=15)]" classname="com.amazonaws.encryptionsdk.CryptoInputStreamTest$ParameterizedEncryptDecryptTest" time="0"/>
  <testcase name="encryptDecrypt[1763: encryptDecrypt(algorithm=ALG_AES_256_GCM_IV12_TAG16_HKDF_SHA256, byteSize=15, frameSize=16, readLen=16)]" classname="com.amazonaws.encryptionsdk.CryptoInputStreamTest$ParameterizedEncryptDecryptTest" time="0"/>
  <testcase name="encryptDecrypt[1764: encryptDecrypt(algorithm=ALG_AES_256_GCM_IV12_TAG16_HKDF_SHA256, byteSize=15, frameSize=16, readLen=30)]" classname="com.amazonaws.encryptionsdk.CryptoInputStreamTest$ParameterizedEncryptDecryptTest" time="0"/>
  <testcase name="encryptDecrypt[1765: encryptDecrypt(algorithm=ALG_AES_256_GCM_IV12_TAG16_HKDF_SHA256, byteSize=15, frameSize=16, readLen=1,000,000)]" classname="com.amazonaws.encryptionsdk.CryptoInputStreamTest$ParameterizedEncryptDecryptTest" time="0.001"/>
  <testcase name="encryptDecrypt[1766: encryptDecrypt(algorithm=ALG_AES_256_GCM_IV12_TAG16_HKDF_SHA256, byteSize=16, frameSize=16, readLen=1)]" classname="com.amazonaws.encryptionsdk.CryptoInputStreamTest$ParameterizedEncryptDecryptTest" time="0"/>
  <testcase name="encryptDecrypt[1767: encryptDecrypt(algorithm=ALG_AES_256_GCM_IV12_TAG16_HKDF_SHA256, byteSize=16, frameSize=16, readLen=15)]" classname="com.amazonaws.encryptionsdk.CryptoInputStreamTest$ParameterizedEncryptDecryptTest" time="0"/>
  <testcase name="encryptDecrypt[1768: encryptDecrypt(algorithm=ALG_AES_256_GCM_IV12_TAG16_HKDF_SHA256, byteSize=16, frameSize=16, readLen=16)]" classname="com.amazonaws.encryptionsdk.CryptoInputStreamTest$ParameterizedEncryptDecryptTest" time="0"/>
  <testcase name="encryptDecrypt[1769: encryptDecrypt(algorithm=ALG_AES_256_GCM_IV12_TAG16_HKDF_SHA256, byteSize=16, frameSize=16, readLen=17)]" classname="com.amazonaws.encryptionsdk.CryptoInputStreamTest$ParameterizedEncryptDecryptTest" time="0"/>
  <testcase name="encryptDecrypt[1770: encryptDecrypt(algorithm=ALG_AES_256_GCM_IV12_TAG16_HKDF_SHA256, byteSize=16, frameSize=16, readLen=32)]" classname="com.amazonaws.encryptionsdk.CryptoInputStreamTest$ParameterizedEncryptDecryptTest" time="0"/>
  <testcase name="encryptDecrypt[1771: encryptDecrypt(algorithm=ALG_AES_256_GCM_IV12_TAG16_HKDF_SHA256, byteSize=16, frameSize=16, readLen=1,000,000)]" classname="com.amazonaws.encryptionsdk.CryptoInputStreamTest$ParameterizedEncryptDecryptTest" time="0"/>
  <testcase name="encryptDecrypt[1772: encryptDecrypt(algorithm=ALG_AES_256_GCM_IV12_TAG16_HKDF_SHA256, byteSize=17, frameSize=16, readLen=1)]" classname="com.amazonaws.encryptionsdk.CryptoInputStreamTest$ParameterizedEncryptDecryptTest" time="0"/>
  <testcase name="encryptDecrypt[1773: encryptDecrypt(algorithm=ALG_AES_256_GCM_IV12_TAG16_HKDF_SHA256, byteSize=17, frameSize=16, readLen=16)]" classname="com.amazonaws.encryptionsdk.CryptoInputStreamTest$ParameterizedEncryptDecryptTest" time="0"/>
  <testcase name="encryptDecrypt[1774: encryptDecrypt(algorithm=ALG_AES_256_GCM_IV12_TAG16_HKDF_SHA256, byteSize=17, frameSize=16, readLen=17)]" classname="com.amazonaws.encryptionsdk.CryptoInputStreamTest$ParameterizedEncryptDecryptTest" time="0"/>
  <testcase name="encryptDecrypt[1775: encryptDecrypt(algorithm=ALG_AES_256_GCM_IV12_TAG16_HKDF_SHA256, byteSize=17, frameSize=16, readLen=18)]" classname="com.amazonaws.encryptionsdk.CryptoInputStreamTest$ParameterizedEncryptDecryptTest" time="0"/>
  <testcase name="encryptDecrypt[1776: encryptDecrypt(algorithm=ALG_AES_256_GCM_IV12_TAG16_HKDF_SHA256, byteSize=17, frameSize=16, readLen=34)]" classname="com.amazonaws.encryptionsdk.CryptoInputStreamTest$ParameterizedEncryptDecryptTest" time="0.001"/>
  <testcase name="encryptDecrypt[1777: encryptDecrypt(algorithm=ALG_AES_256_GCM_IV12_TAG16_HKDF_SHA256, byteSize=17, frameSize=16, readLen=1,000,000)]" classname="com.amazonaws.encryptionsdk.CryptoInputStreamTest$ParameterizedEncryptDecryptTest" time="0"/>
  <testcase name="encryptDecrypt[1778: encryptDecrypt(algorithm=ALG_AES_256_GCM_IV12_TAG16_HKDF_SHA256, byteSize=24, frameSize=16, readLen=1)]" classname="com.amazonaws.encryptionsdk.CryptoInputStreamTest$ParameterizedEncryptDecryptTest" time="0"/>
  <testcase name="encryptDecrypt[1779: encryptDecrypt(algorithm=ALG_AES_256_GCM_IV12_TAG16_HKDF_SHA256, byteSize=24, frameSize=16, readLen=23)]" classname="com.amazonaws.encryptionsdk.CryptoInputStreamTest$ParameterizedEncryptDecryptTest" time="0"/>
  <testcase name="encryptDecrypt[1780: encryptDecrypt(algorithm=ALG_AES_256_GCM_IV12_TAG16_HKDF_SHA256, byteSize=24, frameSize=16, readLen=24)]" classname="com.amazonaws.encryptionsdk.CryptoInputStreamTest$ParameterizedEncryptDecryptTest" time="0"/>
  <testcase name="encryptDecrypt[1781: encryptDecrypt(algorithm=ALG_AES_256_GCM_IV12_TAG16_HKDF_SHA256, byteSize=24, frameSize=16, readLen=25)]" classname="com.amazonaws.encryptionsdk.CryptoInputStreamTest$ParameterizedEncryptDecryptTest" time="0"/>
  <testcase name="encryptDecrypt[1782: encryptDecrypt(algorithm=ALG_AES_256_GCM_IV12_TAG16_HKDF_SHA256, byteSize=24, frameSize=16, readLen=48)]" classname="com.amazonaws.encryptionsdk.CryptoInputStreamTest$ParameterizedEncryptDecryptTest" time="0"/>
  <testcase name="encryptDecrypt[1783: encryptDecrypt(algorithm=ALG_AES_256_GCM_IV12_TAG16_HKDF_SHA256, byteSize=24, frameSize=16, readLen=1,000,000)]" classname="com.amazonaws.encryptionsdk.CryptoInputStreamTest$ParameterizedEncryptDecryptTest" time="0"/>
  <testcase name="encryptDecrypt[1784: encryptDecrypt(algorithm=ALG_AES_256_GCM_IV12_TAG16_HKDF_SHA256, byteSize=32, frameSize=16, readLen=1)]" classname="com.amazonaws.encryptionsdk.CryptoInputStreamTest$ParameterizedEncryptDecryptTest" time="0"/>
  <testcase name="encryptDecrypt[1785: encryptDecrypt(algorithm=ALG_AES_256_GCM_IV12_TAG16_HKDF_SHA256, byteSize=32, frameSize=16, readLen=31)]" classname="com.amazonaws.encryptionsdk.CryptoInputStreamTest$ParameterizedEncryptDecryptTest" time="0.001"/>
  <testcase name="encryptDecrypt[1786: encryptDecrypt(algorithm=ALG_AES_256_GCM_IV12_TAG16_HKDF_SHA256, byteSize=32, frameSize=16, readLen=32)]" classname="com.amazonaws.encryptionsdk.CryptoInputStreamTest$ParameterizedEncryptDecryptTest" time="0"/>
  <testcase name="encryptDecrypt[1787: encryptDecrypt(algorithm=ALG_AES_256_GCM_IV12_TAG16_HKDF_SHA256, byteSize=32, frameSize=16, readLen=33)]" classname="com.amazonaws.encryptionsdk.CryptoInputStreamTest$ParameterizedEncryptDecryptTest" time="0"/>
  <testcase name="encryptDecrypt[1788: encryptDecrypt(algorithm=ALG_AES_256_GCM_IV12_TAG16_HKDF_SHA256, byteSize=32, frameSize=16, readLen=64)]" classname="com.amazonaws.encryptionsdk.CryptoInputStreamTest$ParameterizedEncryptDecryptTest" time="0"/>
  <testcase name="encryptDecrypt[1789: encryptDecrypt(algorithm=ALG_AES_256_GCM_IV12_TAG16_HKDF_SHA256, byteSize=32, frameSize=16, readLen=1,000,000)]" classname="com.amazonaws.encryptionsdk.CryptoInputStreamTest$ParameterizedEncryptDecryptTest" time="0"/>
  <testcase name="encryptDecrypt[1790: encryptDecrypt(algorithm=ALG_AES_256_GCM_IV12_TAG16_HKDF_SHA256, byteSize=1,000,000, frameSize=16, readLen=1)]" classname="com.amazonaws.encryptionsdk.CryptoInputStreamTest$ParameterizedEncryptDecryptTest" time="0.092"/>
  <testcase name="encryptDecrypt[1791: encryptDecrypt(algorithm=ALG_AES_256_GCM_IV12_TAG16_HKDF_SHA256, byteSize=1,000,000, frameSize=16, readLen=999,999)]" classname="com.amazonaws.encryptionsdk.CryptoInputStreamTest$ParameterizedEncryptDecryptTest" time="0.075"/>
  <testcase name="encryptDecrypt[1792: encryptDecrypt(algorithm=ALG_AES_256_GCM_IV12_TAG16_HKDF_SHA256, byteSize=1,000,000, frameSize=16, readLen=1,000,000)]" classname="com.amazonaws.encryptionsdk.CryptoInputStreamTest$ParameterizedEncryptDecryptTest" time="0.071"/>
  <testcase name="encryptDecrypt[1793: encryptDecrypt(algorithm=ALG_AES_256_GCM_IV12_TAG16_HKDF_SHA256, byteSize=1,000,000, frameSize=16, readLen=1,000,001)]" classname="com.amazonaws.encryptionsdk.CryptoInputStreamTest$ParameterizedEncryptDecryptTest" time="0.071"/>
  <testcase name="encryptDecrypt[1794: encryptDecrypt(algorithm=ALG_AES_256_GCM_IV12_TAG16_HKDF_SHA256, byteSize=1,000,000, frameSize=16, readLen=2,000,000)]" classname="com.amazonaws.encryptionsdk.CryptoInputStreamTest$ParameterizedEncryptDecryptTest" time="0.072"/>
  <testcase name="encryptDecrypt[1795: encryptDecrypt(algorithm=ALG_AES_256_GCM_IV12_TAG16_HKDF_SHA256, byteSize=1,000,000, frameSize=16, readLen=1,000,000)]" classname="com.amazonaws.encryptionsdk.CryptoInputStreamTest$ParameterizedEncryptDecryptTest" time="0.072"/>
  <testcase name="encryptDecrypt[1796: encryptDecrypt(algorithm=ALG_AES_256_GCM_IV12_TAG16_HKDF_SHA256, byteSize=0, frameSize=17, readLen=1)]" classname="com.amazonaws.encryptionsdk.CryptoInputStreamTest$ParameterizedEncryptDecryptTest" time="0"/>
  <testcase name="encryptDecrypt[1797: encryptDecrypt(algorithm=ALG_AES_256_GCM_IV12_TAG16_HKDF_SHA256, byteSize=0, frameSize=17, readLen=1)]" classname="com.amazonaws.encryptionsdk.CryptoInputStreamTest$ParameterizedEncryptDecryptTest" time="0"/>
  <testcase name="encryptDecrypt[1798: encryptDecrypt(algorithm=ALG_AES_256_GCM_IV12_TAG16_HKDF_SHA256, byteSize=0, frameSize=17, readLen=1,000,000)]" classname="com.amazonaws.encryptionsdk.CryptoInputStreamTest$ParameterizedEncryptDecryptTest" time="0"/>
  <testcase name="encryptDecrypt[1799: encryptDecrypt(algorithm=ALG_AES_256_GCM_IV12_TAG16_HKDF_SHA256, byteSize=1, frameSize=17, readLen=1)]" classname="com.amazonaws.encryptionsdk.CryptoInputStreamTest$ParameterizedEncryptDecryptTest" time="0"/>
  <testcase name="encryptDecrypt[1800: encryptDecrypt(algorithm=ALG_AES_256_GCM_IV12_TAG16_HKDF_SHA256, byteSize=1, frameSize=17, readLen=1)]" classname="com.amazonaws.encryptionsdk.CryptoInputStreamTest$ParameterizedEncryptDecryptTest" time="0"/>
  <testcase name="encryptDecrypt[1801: encryptDecrypt(algorithm=ALG_AES_256_GCM_IV12_TAG16_HKDF_SHA256, byteSize=1, frameSize=17, readLen=2)]" classname="com.amazonaws.encryptionsdk.CryptoInputStreamTest$ParameterizedEncryptDecryptTest" time="0"/>
  <testcase name="encryptDecrypt[1802: encryptDecrypt(algorithm=ALG_AES_256_GCM_IV12_TAG16_HKDF_SHA256, byteSize=1, frameSize=17, readLen=2)]" classname="com.amazonaws.encryptionsdk.CryptoInputStreamTest$ParameterizedEncryptDecryptTest" time="0"/>
  <testcase name="encryptDecrypt[1803: encryptDecrypt(algorithm=ALG_AES_256_GCM_IV12_TAG16_HKDF_SHA256, byteSize=1, frameSize=17, readLen=1,000,000)]" classname="com.amazonaws.encryptionsdk.CryptoInputStreamTest$ParameterizedEncryptDecryptTest" time="0"/>
  <testcase name="encryptDecrypt[1804: encryptDecrypt(algorithm=ALG_AES_256_GCM_IV12_TAG16_HKDF_SHA256, byteSize=16, frameSize=17, readLen=1)]" classname="com.amazonaws.encryptionsdk.CryptoInputStreamTest$ParameterizedEncryptDecryptTest" time="0"/>
  <testcase name="encryptDecrypt[1805: encryptDecrypt(algorithm=ALG_AES_256_GCM_IV12_TAG16_HKDF_SHA256, byteSize=16, frameSize=17, readLen=15)]" classname="com.amazonaws.encryptionsdk.CryptoInputStreamTest$ParameterizedEncryptDecryptTest" time="0"/>
  <testcase name="encryptDecrypt[1806: encryptDecrypt(algorithm=ALG_AES_256_GCM_IV12_TAG16_HKDF_SHA256, byteSize=16, frameSize=17, readLen=16)]" classname="com.amazonaws.encryptionsdk.CryptoInputStreamTest$ParameterizedEncryptDecryptTest" time="0"/>
  <testcase name="encryptDecrypt[1807: encryptDecrypt(algorithm=ALG_AES_256_GCM_IV12_TAG16_HKDF_SHA256, byteSize=16, frameSize=17, readLen=17)]" classname="com.amazonaws.encryptionsdk.CryptoInputStreamTest$ParameterizedEncryptDecryptTest" time="0"/>
  <testcase name="encryptDecrypt[1808: encryptDecrypt(algorithm=ALG_AES_256_GCM_IV12_TAG16_HKDF_SHA256, byteSize=16, frameSize=17, readLen=32)]" classname="com.amazonaws.encryptionsdk.CryptoInputStreamTest$ParameterizedEncryptDecryptTest" time="0"/>
  <testcase name="encryptDecrypt[1809: encryptDecrypt(algorithm=ALG_AES_256_GCM_IV12_TAG16_HKDF_SHA256, byteSize=16, frameSize=17, readLen=1,000,000)]" classname="com.amazonaws.encryptionsdk.CryptoInputStreamTest$ParameterizedEncryptDecryptTest" time="0"/>
  <testcase name="encryptDecrypt[1810: encryptDecrypt(algorithm=ALG_AES_256_GCM_IV12_TAG16_HKDF_SHA256, byteSize=17, frameSize=17, readLen=1)]" classname="com.amazonaws.encryptionsdk.CryptoInputStreamTest$ParameterizedEncryptDecryptTest" time="0"/>
  <testcase name="encryptDecrypt[1811: encryptDecrypt(algorithm=ALG_AES_256_GCM_IV12_TAG16_HKDF_SHA256, byteSize=17, frameSize=17, readLen=16)]" classname="com.amazonaws.encryptionsdk.CryptoInputStreamTest$ParameterizedEncryptDecryptTest" time="0"/>
  <testcase name="encryptDecrypt[1812: encryptDecrypt(algorithm=ALG_AES_256_GCM_IV12_TAG16_HKDF_SHA256, byteSize=17, frameSize=17, readLen=17)]" classname="com.amazonaws.encryptionsdk.CryptoInputStreamTest$ParameterizedEncryptDecryptTest" time="0"/>
  <testcase name="encryptDecrypt[1813: encryptDecrypt(algorithm=ALG_AES_256_GCM_IV12_TAG16_HKDF_SHA256, byteSize=17, frameSize=17, readLen=18)]" classname="com.amazonaws.encryptionsdk.CryptoInputStreamTest$ParameterizedEncryptDecryptTest" time="0"/>
  <testcase name="encryptDecrypt[1814: encryptDecrypt(algorithm=ALG_AES_256_GCM_IV12_TAG16_HKDF_SHA256, byteSize=17, frameSize=17, readLen=34)]" classname="com.amazonaws.encryptionsdk.CryptoInputStreamTest$ParameterizedEncryptDecryptTest" time="0"/>
  <testcase name="encryptDecrypt[1815: encryptDecrypt(algorithm=ALG_AES_256_GCM_IV12_TAG16_HKDF_SHA256, byteSize=17, frameSize=17, readLen=1,000,000)]" classname="com.amazonaws.encryptionsdk.CryptoInputStreamTest$ParameterizedEncryptDecryptTest" time="0"/>
  <testcase name="encryptDecrypt[1816: encryptDecrypt(algorithm=ALG_AES_256_GCM_IV12_TAG16_HKDF_SHA256, byteSize=18, frameSize=17, readLen=1)]" classname="com.amazonaws.encryptionsdk.CryptoInputStreamTest$ParameterizedEncryptDecryptTest" time="0"/>
  <testcase name="encryptDecrypt[1817: encryptDecrypt(algorithm=ALG_AES_256_GCM_IV12_TAG16_HKDF_SHA256, byteSize=18, frameSize=17, readLen=17)]" classname="com.amazonaws.encryptionsdk.CryptoInputStreamTest$ParameterizedEncryptDecryptTest" time="0"/>
  <testcase name="encryptDecrypt[1818: encryptDecrypt(algorithm=ALG_AES_256_GCM_IV12_TAG16_HKDF_SHA256, byteSize=18, frameSize=17, readLen=18)]" classname="com.amazonaws.encryptionsdk.CryptoInputStreamTest$ParameterizedEncryptDecryptTest" time="0"/>
  <testcase name="encryptDecrypt[1819: encryptDecrypt(algorithm=ALG_AES_256_GCM_IV12_TAG16_HKDF_SHA256, byteSize=18, frameSize=17, readLen=19)]" classname="com.amazonaws.encryptionsdk.CryptoInputStreamTest$ParameterizedEncryptDecryptTest" time="0"/>
  <testcase name="encryptDecrypt[1820: encryptDecrypt(algorithm=ALG_AES_256_GCM_IV12_TAG16_HKDF_SHA256, byteSize=18, frameSize=17, readLen=36)]" classname="com.amazonaws.encryptionsdk.CryptoInputStreamTest$ParameterizedEncryptDecryptTest" time="0"/>
  <testcase name="encryptDecrypt[1821: encryptDecrypt(algorithm=ALG_AES_256_GCM_IV12_TAG16_HKDF_SHA256, byteSize=18, frameSize=17, readLen=1,000,000)]" classname="com.amazonaws.encryptionsdk.CryptoInputStreamTest$ParameterizedEncryptDecryptTest" time="0"/>
  <testcase name="encryptDecrypt[1822: encryptDecrypt(algorithm=ALG_AES_256_GCM_IV12_TAG16_HKDF_SHA256, byteSize=25, frameSize=17, readLen=1)]" classname="com.amazonaws.encryptionsdk.CryptoInputStreamTest$ParameterizedEncryptDecryptTest" time="0"/>
  <testcase name="encryptDecrypt[1823: encryptDecrypt(algorithm=ALG_AES_256_GCM_IV12_TAG16_HKDF_SHA256, byteSize=25, frameSize=17, readLen=24)]" classname="com.amazonaws.encryptionsdk.CryptoInputStreamTest$ParameterizedEncryptDecryptTest" time="0"/>
  <testcase name="encryptDecrypt[1824: encryptDecrypt(algorithm=ALG_AES_256_GCM_IV12_TAG16_HKDF_SHA256, byteSize=25, frameSize=17, readLen=25)]" classname="com.amazonaws.encryptionsdk.CryptoInputStreamTest$ParameterizedEncryptDecryptTest" time="0"/>
  <testcase name="encryptDecrypt[1825: encryptDecrypt(algorithm=ALG_AES_256_GCM_IV12_TAG16_HKDF_SHA256, byteSize=25, frameSize=17, readLen=26)]" classname="com.amazonaws.encryptionsdk.CryptoInputStreamTest$ParameterizedEncryptDecryptTest" time="0"/>
  <testcase name="encryptDecrypt[1826: encryptDecrypt(algorithm=ALG_AES_256_GCM_IV12_TAG16_HKDF_SHA256, byteSize=25, frameSize=17, readLen=50)]" classname="com.amazonaws.encryptionsdk.CryptoInputStreamTest$ParameterizedEncryptDecryptTest" time="0"/>
  <testcase name="encryptDecrypt[1827: encryptDecrypt(algorithm=ALG_AES_256_GCM_IV12_TAG16_HKDF_SHA256, byteSize=25, frameSize=17, readLen=1,000,000)]" classname="com.amazonaws.encryptionsdk.CryptoInputStreamTest$ParameterizedEncryptDecryptTest" time="0"/>
  <testcase name="encryptDecrypt[1828: encryptDecrypt(algorithm=ALG_AES_256_GCM_IV12_TAG16_HKDF_SHA256, byteSize=34, frameSize=17, readLen=1)]" classname="com.amazonaws.encryptionsdk.CryptoInputStreamTest$ParameterizedEncryptDecryptTest" time="0"/>
  <testcase name="encryptDecrypt[1829: encryptDecrypt(algorithm=ALG_AES_256_GCM_IV12_TAG16_HKDF_SHA256, byteSize=34, frameSize=17, readLen=33)]" classname="com.amazonaws.encryptionsdk.CryptoInputStreamTest$ParameterizedEncryptDecryptTest" time="0"/>
  <testcase name="encryptDecrypt[1830: encryptDecrypt(algorithm=ALG_AES_256_GCM_IV12_TAG16_HKDF_SHA256, byteSize=34, frameSize=17, readLen=34)]" classname="com.amazonaws.encryptionsdk.CryptoInputStreamTest$ParameterizedEncryptDecryptTest" time="0"/>
  <testcase name="encryptDecrypt[1831: encryptDecrypt(algorithm=ALG_AES_256_GCM_IV12_TAG16_HKDF_SHA256, byteSize=34, frameSize=17, readLen=35)]" classname="com.amazonaws.encryptionsdk.CryptoInputStreamTest$ParameterizedEncryptDecryptTest" time="0"/>
  <testcase name="encryptDecrypt[1832: encryptDecrypt(algorithm=ALG_AES_256_GCM_IV12_TAG16_HKDF_SHA256, byteSize=34, frameSize=17, readLen=68)]" classname="com.amazonaws.encryptionsdk.CryptoInputStreamTest$ParameterizedEncryptDecryptTest" time="0"/>
  <testcase name="encryptDecrypt[1833: encryptDecrypt(algorithm=ALG_AES_256_GCM_IV12_TAG16_HKDF_SHA256, byteSize=34, frameSize=17, readLen=1,000,000)]" classname="com.amazonaws.encryptionsdk.CryptoInputStreamTest$ParameterizedEncryptDecryptTest" time="0"/>
  <testcase name="encryptDecrypt[1834: encryptDecrypt(algorithm=ALG_AES_256_GCM_IV12_TAG16_HKDF_SHA256, byteSize=1,000,000, frameSize=17, readLen=1)]" classname="com.amazonaws.encryptionsdk.CryptoInputStreamTest$ParameterizedEncryptDecryptTest" time="0.1"/>
  <testcase name="encryptDecrypt[1835: encryptDecrypt(algorithm=ALG_AES_256_GCM_IV12_TAG16_HKDF_SHA256, byteSize=1,000,000, frameSize=17, readLen=999,999)]" classname="com.amazonaws.encryptionsdk.CryptoInputStreamTest$ParameterizedEncryptDecryptTest" time="0.081"/>
  <testcase name="encryptDecrypt[1836: encryptDecrypt(algorithm=ALG_AES_256_GCM_IV12_TAG16_HKDF_SHA256, byteSize=1,000,000, frameSize=17, readLen=1,000,000)]" classname="com.amazonaws.encryptionsdk.CryptoInputStreamTest$ParameterizedEncryptDecryptTest" time="0.087"/>
  <testcase name="encryptDecrypt[1837: encryptDecrypt(algorithm=ALG_AES_256_GCM_IV12_TAG16_HKDF_SHA256, byteSize=1,000,000, frameSize=17, readLen=1,000,001)]" classname="com.amazonaws.encryptionsdk.CryptoInputStreamTest$ParameterizedEncryptDecryptTest" time="0.078"/>
  <testcase name="encryptDecrypt[1838: encryptDecrypt(algorithm=ALG_AES_256_GCM_IV12_TAG16_HKDF_SHA256, byteSize=1,000,000, frameSize=17, readLen=2,000,000)]" classname="com.amazonaws.encryptionsdk.CryptoInputStreamTest$ParameterizedEncryptDecryptTest" time="0.078"/>
  <testcase name="encryptDecrypt[1839: encryptDecrypt(algorithm=ALG_AES_256_GCM_IV12_TAG16_HKDF_SHA256, byteSize=1,000,000, frameSize=17, readLen=1,000,000)]" classname="com.amazonaws.encryptionsdk.CryptoInputStreamTest$ParameterizedEncryptDecryptTest" time="0.078"/>
  <testcase name="encryptDecrypt[1840: encryptDecrypt(algorithm=ALG_AES_256_GCM_IV12_TAG16_HKDF_SHA256, byteSize=0, frameSize=32, readLen=1)]" classname="com.amazonaws.encryptionsdk.CryptoInputStreamTest$ParameterizedEncryptDecryptTest" time="0"/>
  <testcase name="encryptDecrypt[1841: encryptDecrypt(algorithm=ALG_AES_256_GCM_IV12_TAG16_HKDF_SHA256, byteSize=0, frameSize=32, readLen=1)]" classname="com.amazonaws.encryptionsdk.CryptoInputStreamTest$ParameterizedEncryptDecryptTest" time="0"/>
  <testcase name="encryptDecrypt[1842: encryptDecrypt(algorithm=ALG_AES_256_GCM_IV12_TAG16_HKDF_SHA256, byteSize=0, frameSize=32, readLen=1,000,000)]" classname="com.amazonaws.encryptionsdk.CryptoInputStreamTest$ParameterizedEncryptDecryptTest" time="0"/>
  <testcase name="encryptDecrypt[1843: encryptDecrypt(algorithm=ALG_AES_256_GCM_IV12_TAG16_HKDF_SHA256, byteSize=1, frameSize=32, readLen=1)]" classname="com.amazonaws.encryptionsdk.CryptoInputStreamTest$ParameterizedEncryptDecryptTest" time="0"/>
  <testcase name="encryptDecrypt[1844: encryptDecrypt(algorithm=ALG_AES_256_GCM_IV12_TAG16_HKDF_SHA256, byteSize=1, frameSize=32, readLen=1)]" classname="com.amazonaws.encryptionsdk.CryptoInputStreamTest$ParameterizedEncryptDecryptTest" time="0"/>
  <testcase name="encryptDecrypt[1845: encryptDecrypt(algorithm=ALG_AES_256_GCM_IV12_TAG16_HKDF_SHA256, byteSize=1, frameSize=32, readLen=2)]" classname="com.amazonaws.encryptionsdk.CryptoInputStreamTest$ParameterizedEncryptDecryptTest" time="0"/>
  <testcase name="encryptDecrypt[1846: encryptDecrypt(algorithm=ALG_AES_256_GCM_IV12_TAG16_HKDF_SHA256, byteSize=1, frameSize=32, readLen=2)]" classname="com.amazonaws.encryptionsdk.CryptoInputStreamTest$ParameterizedEncryptDecryptTest" time="0"/>
  <testcase name="encryptDecrypt[1847: encryptDecrypt(algorithm=ALG_AES_256_GCM_IV12_TAG16_HKDF_SHA256, byteSize=1, frameSize=32, readLen=1,000,000)]" classname="com.amazonaws.encryptionsdk.CryptoInputStreamTest$ParameterizedEncryptDecryptTest" time="0"/>
  <testcase name="encryptDecrypt[1848: encryptDecrypt(algorithm=ALG_AES_256_GCM_IV12_TAG16_HKDF_SHA256, byteSize=31, frameSize=32, readLen=1)]" classname="com.amazonaws.encryptionsdk.CryptoInputStreamTest$ParameterizedEncryptDecryptTest" time="0"/>
  <testcase name="encryptDecrypt[1849: encryptDecrypt(algorithm=ALG_AES_256_GCM_IV12_TAG16_HKDF_SHA256, byteSize=31, frameSize=32, readLen=30)]" classname="com.amazonaws.encryptionsdk.CryptoInputStreamTest$ParameterizedEncryptDecryptTest" time="0"/>
  <testcase name="encryptDecrypt[1850: encryptDecrypt(algorithm=ALG_AES_256_GCM_IV12_TAG16_HKDF_SHA256, byteSize=31, frameSize=32, readLen=31)]" classname="com.amazonaws.encryptionsdk.CryptoInputStreamTest$ParameterizedEncryptDecryptTest" time="0"/>
  <testcase name="encryptDecrypt[1851: encryptDecrypt(algorithm=ALG_AES_256_GCM_IV12_TAG16_HKDF_SHA256, byteSize=31, frameSize=32, readLen=32)]" classname="com.amazonaws.encryptionsdk.CryptoInputStreamTest$ParameterizedEncryptDecryptTest" time="0.001"/>
  <testcase name="encryptDecrypt[1852: encryptDecrypt(algorithm=ALG_AES_256_GCM_IV12_TAG16_HKDF_SHA256, byteSize=31, frameSize=32, readLen=62)]" classname="com.amazonaws.encryptionsdk.CryptoInputStreamTest$ParameterizedEncryptDecryptTest" time="0"/>
  <testcase name="encryptDecrypt[1853: encryptDecrypt(algorithm=ALG_AES_256_GCM_IV12_TAG16_HKDF_SHA256, byteSize=31, frameSize=32, readLen=1,000,000)]" classname="com.amazonaws.encryptionsdk.CryptoInputStreamTest$ParameterizedEncryptDecryptTest" time="0"/>
  <testcase name="encryptDecrypt[1854: encryptDecrypt(algorithm=ALG_AES_256_GCM_IV12_TAG16_HKDF_SHA256, byteSize=32, frameSize=32, readLen=1)]" classname="com.amazonaws.encryptionsdk.CryptoInputStreamTest$ParameterizedEncryptDecryptTest" time="0"/>
  <testcase name="encryptDecrypt[1855: encryptDecrypt(algorithm=ALG_AES_256_GCM_IV12_TAG16_HKDF_SHA256, byteSize=32, frameSize=32, readLen=31)]" classname="com.amazonaws.encryptionsdk.CryptoInputStreamTest$ParameterizedEncryptDecryptTest" time="0"/>
  <testcase name="encryptDecrypt[1856: encryptDecrypt(algorithm=ALG_AES_256_GCM_IV12_TAG16_HKDF_SHA256, byteSize=32, frameSize=32, readLen=32)]" classname="com.amazonaws.encryptionsdk.CryptoInputStreamTest$ParameterizedEncryptDecryptTest" time="0"/>
  <testcase name="encryptDecrypt[1857: encryptDecrypt(algorithm=ALG_AES_256_GCM_IV12_TAG16_HKDF_SHA256, byteSize=32, frameSize=32, readLen=33)]" classname="com.amazonaws.encryptionsdk.CryptoInputStreamTest$ParameterizedEncryptDecryptTest" time="0"/>
  <testcase name="encryptDecrypt[1858: encryptDecrypt(algorithm=ALG_AES_256_GCM_IV12_TAG16_HKDF_SHA256, byteSize=32, frameSize=32, readLen=64)]" classname="com.amazonaws.encryptionsdk.CryptoInputStreamTest$ParameterizedEncryptDecryptTest" time="0"/>
  <testcase name="encryptDecrypt[1859: encryptDecrypt(algorithm=ALG_AES_256_GCM_IV12_TAG16_HKDF_SHA256, byteSize=32, frameSize=32, readLen=1,000,000)]" classname="com.amazonaws.encryptionsdk.CryptoInputStreamTest$ParameterizedEncryptDecryptTest" time="0"/>
  <testcase name="encryptDecrypt[1860: encryptDecrypt(algorithm=ALG_AES_256_GCM_IV12_TAG16_HKDF_SHA256, byteSize=33, frameSize=32, readLen=1)]" classname="com.amazonaws.encryptionsdk.CryptoInputStreamTest$ParameterizedEncryptDecryptTest" time="0"/>
  <testcase name="encryptDecrypt[1861: encryptDecrypt(algorithm=ALG_AES_256_GCM_IV12_TAG16_HKDF_SHA256, byteSize=33, frameSize=32, readLen=32)]" classname="com.amazonaws.encryptionsdk.CryptoInputStreamTest$ParameterizedEncryptDecryptTest" time="0.001"/>
  <testcase name="encryptDecrypt[1862: encryptDecrypt(algorithm=ALG_AES_256_GCM_IV12_TAG16_HKDF_SHA256, byteSize=33, frameSize=32, readLen=33)]" classname="com.amazonaws.encryptionsdk.CryptoInputStreamTest$ParameterizedEncryptDecryptTest" time="0"/>
  <testcase name="encryptDecrypt[1863: encryptDecrypt(algorithm=ALG_AES_256_GCM_IV12_TAG16_HKDF_SHA256, byteSize=33, frameSize=32, readLen=34)]" classname="com.amazonaws.encryptionsdk.CryptoInputStreamTest$ParameterizedEncryptDecryptTest" time="0"/>
  <testcase name="encryptDecrypt[1864: encryptDecrypt(algorithm=ALG_AES_256_GCM_IV12_TAG16_HKDF_SHA256, byteSize=33, frameSize=32, readLen=66)]" classname="com.amazonaws.encryptionsdk.CryptoInputStreamTest$ParameterizedEncryptDecryptTest" time="0"/>
  <testcase name="encryptDecrypt[1865: encryptDecrypt(algorithm=ALG_AES_256_GCM_IV12_TAG16_HKDF_SHA256, byteSize=33, frameSize=32, readLen=1,000,000)]" classname="com.amazonaws.encryptionsdk.CryptoInputStreamTest$ParameterizedEncryptDecryptTest" time="0"/>
  <testcase name="encryptDecrypt[1866: encryptDecrypt(algorithm=ALG_AES_256_GCM_IV12_TAG16_HKDF_SHA256, byteSize=48, frameSize=32, readLen=1)]" classname="com.amazonaws.encryptionsdk.CryptoInputStreamTest$ParameterizedEncryptDecryptTest" time="0"/>
  <testcase name="encryptDecrypt[1867: encryptDecrypt(algorithm=ALG_AES_256_GCM_IV12_TAG16_HKDF_SHA256, byteSize=48, frameSize=32, readLen=47)]" classname="com.amazonaws.encryptionsdk.CryptoInputStreamTest$ParameterizedEncryptDecryptTest" time="0"/>
  <testcase name="encryptDecrypt[1868: encryptDecrypt(algorithm=ALG_AES_256_GCM_IV12_TAG16_HKDF_SHA256, byteSize=48, frameSize=32, readLen=48)]" classname="com.amazonaws.encryptionsdk.CryptoInputStreamTest$ParameterizedEncryptDecryptTest" time="0"/>
  <testcase name="encryptDecrypt[1869: encryptDecrypt(algorithm=ALG_AES_256_GCM_IV12_TAG16_HKDF_SHA256, byteSize=48, frameSize=32, readLen=49)]" classname="com.amazonaws.encryptionsdk.CryptoInputStreamTest$ParameterizedEncryptDecryptTest" time="0"/>
  <testcase name="encryptDecrypt[1870: encryptDecrypt(algorithm=ALG_AES_256_GCM_IV12_TAG16_HKDF_SHA256, byteSize=48, frameSize=32, readLen=96)]" classname="com.amazonaws.encryptionsdk.CryptoInputStreamTest$ParameterizedEncryptDecryptTest" time="0"/>
  <testcase name="encryptDecrypt[1871: encryptDecrypt(algorithm=ALG_AES_256_GCM_IV12_TAG16_HKDF_SHA256, byteSize=48, frameSize=32, readLen=1,000,000)]" classname="com.amazonaws.encryptionsdk.CryptoInputStreamTest$ParameterizedEncryptDecryptTest" time="0"/>
  <testcase name="encryptDecrypt[1872: encryptDecrypt(algorithm=ALG_AES_256_GCM_IV12_TAG16_HKDF_SHA256, byteSize=64, frameSize=32, readLen=1)]" classname="com.amazonaws.encryptionsdk.CryptoInputStreamTest$ParameterizedEncryptDecryptTest" time="0"/>
  <testcase name="encryptDecrypt[1873: encryptDecrypt(algorithm=ALG_AES_256_GCM_IV12_TAG16_HKDF_SHA256, byteSize=64, frameSize=32, readLen=63)]" classname="com.amazonaws.encryptionsdk.CryptoInputStreamTest$ParameterizedEncryptDecryptTest" time="0"/>
  <testcase name="encryptDecrypt[1874: encryptDecrypt(algorithm=ALG_AES_256_GCM_IV12_TAG16_HKDF_SHA256, byteSize=64, frameSize=32, readLen=64)]" classname="com.amazonaws.encryptionsdk.CryptoInputStreamTest$ParameterizedEncryptDecryptTest" time="0"/>
  <testcase name="encryptDecrypt[1875: encryptDecrypt(algorithm=ALG_AES_256_GCM_IV12_TAG16_HKDF_SHA256, byteSize=64, frameSize=32, readLen=65)]" classname="com.amazonaws.encryptionsdk.CryptoInputStreamTest$ParameterizedEncryptDecryptTest" time="0"/>
  <testcase name="encryptDecrypt[1876: encryptDecrypt(algorithm=ALG_AES_256_GCM_IV12_TAG16_HKDF_SHA256, byteSize=64, frameSize=32, readLen=128)]" classname="com.amazonaws.encryptionsdk.CryptoInputStreamTest$ParameterizedEncryptDecryptTest" time="0"/>
  <testcase name="encryptDecrypt[1877: encryptDecrypt(algorithm=ALG_AES_256_GCM_IV12_TAG16_HKDF_SHA256, byteSize=64, frameSize=32, readLen=1,000,000)]" classname="com.amazonaws.encryptionsdk.CryptoInputStreamTest$ParameterizedEncryptDecryptTest" time="0"/>
  <testcase name="encryptDecrypt[1878: encryptDecrypt(algorithm=ALG_AES_256_GCM_IV12_TAG16_HKDF_SHA256, byteSize=1,000,000, frameSize=32, readLen=1)]" classname="com.amazonaws.encryptionsdk.CryptoInputStreamTest$ParameterizedEncryptDecryptTest" time="0.064"/>
  <testcase name="encryptDecrypt[1879: encryptDecrypt(algorithm=ALG_AES_256_GCM_IV12_TAG16_HKDF_SHA256, byteSize=1,000,000, frameSize=32, readLen=999,999)]" classname="com.amazonaws.encryptionsdk.CryptoInputStreamTest$ParameterizedEncryptDecryptTest" time="0.044"/>
  <testcase name="encryptDecrypt[1880: encryptDecrypt(algorithm=ALG_AES_256_GCM_IV12_TAG16_HKDF_SHA256, byteSize=1,000,000, frameSize=32, readLen=1,000,000)]" classname="com.amazonaws.encryptionsdk.CryptoInputStreamTest$ParameterizedEncryptDecryptTest" time="0.044"/>
  <testcase name="encryptDecrypt[1881: encryptDecrypt(algorithm=ALG_AES_256_GCM_IV12_TAG16_HKDF_SHA256, byteSize=1,000,000, frameSize=32, readLen=1,000,001)]" classname="com.amazonaws.encryptionsdk.CryptoInputStreamTest$ParameterizedEncryptDecryptTest" time="0.043"/>
  <testcase name="encryptDecrypt[1882: encryptDecrypt(algorithm=ALG_AES_256_GCM_IV12_TAG16_HKDF_SHA256, byteSize=1,000,000, frameSize=32, readLen=2,000,000)]" classname="com.amazonaws.encryptionsdk.CryptoInputStreamTest$ParameterizedEncryptDecryptTest" time="0.043"/>
  <testcase name="encryptDecrypt[1883: encryptDecrypt(algorithm=ALG_AES_256_GCM_IV12_TAG16_HKDF_SHA256, byteSize=1,000,000, frameSize=32, readLen=1,000,000)]" classname="com.amazonaws.encryptionsdk.CryptoInputStreamTest$ParameterizedEncryptDecryptTest" time="0.043"/>
  <testcase name="encryptDecrypt[1884: encryptDecrypt(algorithm=ALG_AES_256_GCM_IV12_TAG16_HKDF_SHA256, byteSize=0, frameSize=160, readLen=1)]" classname="com.amazonaws.encryptionsdk.CryptoInputStreamTest$ParameterizedEncryptDecryptTest" time="0"/>
  <testcase name="encryptDecrypt[1885: encryptDecrypt(algorithm=ALG_AES_256_GCM_IV12_TAG16_HKDF_SHA256, byteSize=0, frameSize=160, readLen=1)]" classname="com.amazonaws.encryptionsdk.CryptoInputStreamTest$ParameterizedEncryptDecryptTest" time="0"/>
  <testcase name="encryptDecrypt[1886: encryptDecrypt(algorithm=ALG_AES_256_GCM_IV12_TAG16_HKDF_SHA256, byteSize=0, frameSize=160, readLen=1,000,000)]" classname="com.amazonaws.encryptionsdk.CryptoInputStreamTest$ParameterizedEncryptDecryptTest" time="0"/>
  <testcase name="encryptDecrypt[1887: encryptDecrypt(algorithm=ALG_AES_256_GCM_IV12_TAG16_HKDF_SHA256, byteSize=1, frameSize=160, readLen=1)]" classname="com.amazonaws.encryptionsdk.CryptoInputStreamTest$ParameterizedEncryptDecryptTest" time="0"/>
  <testcase name="encryptDecrypt[1888: encryptDecrypt(algorithm=ALG_AES_256_GCM_IV12_TAG16_HKDF_SHA256, byteSize=1, frameSize=160, readLen=1)]" classname="com.amazonaws.encryptionsdk.CryptoInputStreamTest$ParameterizedEncryptDecryptTest" time="0"/>
  <testcase name="encryptDecrypt[1889: encryptDecrypt(algorithm=ALG_AES_256_GCM_IV12_TAG16_HKDF_SHA256, byteSize=1, frameSize=160, readLen=2)]" classname="com.amazonaws.encryptionsdk.CryptoInputStreamTest$ParameterizedEncryptDecryptTest" time="0"/>
  <testcase name="encryptDecrypt[1890: encryptDecrypt(algorithm=ALG_AES_256_GCM_IV12_TAG16_HKDF_SHA256, byteSize=1, frameSize=160, readLen=2)]" classname="com.amazonaws.encryptionsdk.CryptoInputStreamTest$ParameterizedEncryptDecryptTest" time="0"/>
  <testcase name="encryptDecrypt[1891: encryptDecrypt(algorithm=ALG_AES_256_GCM_IV12_TAG16_HKDF_SHA256, byteSize=1, frameSize=160, readLen=1,000,000)]" classname="com.amazonaws.encryptionsdk.CryptoInputStreamTest$ParameterizedEncryptDecryptTest" time="0"/>
  <testcase name="encryptDecrypt[1892: encryptDecrypt(algorithm=ALG_AES_256_GCM_IV12_TAG16_HKDF_SHA256, byteSize=159, frameSize=160, readLen=1)]" classname="com.amazonaws.encryptionsdk.CryptoInputStreamTest$ParameterizedEncryptDecryptTest" time="0"/>
  <testcase name="encryptDecrypt[1893: encryptDecrypt(algorithm=ALG_AES_256_GCM_IV12_TAG16_HKDF_SHA256, byteSize=159, frameSize=160, readLen=158)]" classname="com.amazonaws.encryptionsdk.CryptoInputStreamTest$ParameterizedEncryptDecryptTest" time="0.001"/>
  <testcase name="encryptDecrypt[1894: encryptDecrypt(algorithm=ALG_AES_256_GCM_IV12_TAG16_HKDF_SHA256, byteSize=159, frameSize=160, readLen=159)]" classname="com.amazonaws.encryptionsdk.CryptoInputStreamTest$ParameterizedEncryptDecryptTest" time="0"/>
  <testcase name="encryptDecrypt[1895: encryptDecrypt(algorithm=ALG_AES_256_GCM_IV12_TAG16_HKDF_SHA256, byteSize=159, frameSize=160, readLen=160)]" classname="com.amazonaws.encryptionsdk.CryptoInputStreamTest$ParameterizedEncryptDecryptTest" time="0"/>
  <testcase name="encryptDecrypt[1896: encryptDecrypt(algorithm=ALG_AES_256_GCM_IV12_TAG16_HKDF_SHA256, byteSize=159, frameSize=160, readLen=318)]" classname="com.amazonaws.encryptionsdk.CryptoInputStreamTest$ParameterizedEncryptDecryptTest" time="0"/>
  <testcase name="encryptDecrypt[1897: encryptDecrypt(algorithm=ALG_AES_256_GCM_IV12_TAG16_HKDF_SHA256, byteSize=159, frameSize=160, readLen=1,000,000)]" classname="com.amazonaws.encryptionsdk.CryptoInputStreamTest$ParameterizedEncryptDecryptTest" time="0"/>
  <testcase name="encryptDecrypt[1898: encryptDecrypt(algorithm=ALG_AES_256_GCM_IV12_TAG16_HKDF_SHA256, byteSize=160, frameSize=160, readLen=1)]" classname="com.amazonaws.encryptionsdk.CryptoInputStreamTest$ParameterizedEncryptDecryptTest" time="0"/>
  <testcase name="encryptDecrypt[1899: encryptDecrypt(algorithm=ALG_AES_256_GCM_IV12_TAG16_HKDF_SHA256, byteSize=160, frameSize=160, readLen=159)]" classname="com.amazonaws.encryptionsdk.CryptoInputStreamTest$ParameterizedEncryptDecryptTest" time="0"/>
  <testcase name="encryptDecrypt[1900: encryptDecrypt(algorithm=ALG_AES_256_GCM_IV12_TAG16_HKDF_SHA256, byteSize=160, frameSize=160, readLen=160)]" classname="com.amazonaws.encryptionsdk.CryptoInputStreamTest$ParameterizedEncryptDecryptTest" time="0"/>
  <testcase name="encryptDecrypt[1901: encryptDecrypt(algorithm=ALG_AES_256_GCM_IV12_TAG16_HKDF_SHA256, byteSize=160, frameSize=160, readLen=161)]" classname="com.amazonaws.encryptionsdk.CryptoInputStreamTest$ParameterizedEncryptDecryptTest" time="0"/>
  <testcase name="encryptDecrypt[1902: encryptDecrypt(algorithm=ALG_AES_256_GCM_IV12_TAG16_HKDF_SHA256, byteSize=160, frameSize=160, readLen=320)]" classname="com.amazonaws.encryptionsdk.CryptoInputStreamTest$ParameterizedEncryptDecryptTest" time="0"/>
  <testcase name="encryptDecrypt[1903: encryptDecrypt(algorithm=ALG_AES_256_GCM_IV12_TAG16_HKDF_SHA256, byteSize=160, frameSize=160, readLen=1,000,000)]" classname="com.amazonaws.encryptionsdk.CryptoInputStreamTest$ParameterizedEncryptDecryptTest" time="0.001"/>
  <testcase name="encryptDecrypt[1904: encryptDecrypt(algorithm=ALG_AES_256_GCM_IV12_TAG16_HKDF_SHA256, byteSize=161, frameSize=160, readLen=1)]" classname="com.amazonaws.encryptionsdk.CryptoInputStreamTest$ParameterizedEncryptDecryptTest" time="0"/>
  <testcase name="encryptDecrypt[1905: encryptDecrypt(algorithm=ALG_AES_256_GCM_IV12_TAG16_HKDF_SHA256, byteSize=161, frameSize=160, readLen=160)]" classname="com.amazonaws.encryptionsdk.CryptoInputStreamTest$ParameterizedEncryptDecryptTest" time="0"/>
  <testcase name="encryptDecrypt[1906: encryptDecrypt(algorithm=ALG_AES_256_GCM_IV12_TAG16_HKDF_SHA256, byteSize=161, frameSize=160, readLen=161)]" classname="com.amazonaws.encryptionsdk.CryptoInputStreamTest$ParameterizedEncryptDecryptTest" time="0"/>
  <testcase name="encryptDecrypt[1907: encryptDecrypt(algorithm=ALG_AES_256_GCM_IV12_TAG16_HKDF_SHA256, byteSize=161, frameSize=160, readLen=162)]" classname="com.amazonaws.encryptionsdk.CryptoInputStreamTest$ParameterizedEncryptDecryptTest" time="0"/>
  <testcase name="encryptDecrypt[1908: encryptDecrypt(algorithm=ALG_AES_256_GCM_IV12_TAG16_HKDF_SHA256, byteSize=161, frameSize=160, readLen=322)]" classname="com.amazonaws.encryptionsdk.CryptoInputStreamTest$ParameterizedEncryptDecryptTest" time="0"/>
  <testcase name="encryptDecrypt[1909: encryptDecrypt(algorithm=ALG_AES_256_GCM_IV12_TAG16_HKDF_SHA256, byteSize=161, frameSize=160, readLen=1,000,000)]" classname="com.amazonaws.encryptionsdk.CryptoInputStreamTest$ParameterizedEncryptDecryptTest" time="0"/>
  <testcase name="encryptDecrypt[1910: encryptDecrypt(algorithm=ALG_AES_256_GCM_IV12_TAG16_HKDF_SHA256, byteSize=240, frameSize=160, readLen=1)]" classname="com.amazonaws.encryptionsdk.CryptoInputStreamTest$ParameterizedEncryptDecryptTest" time="0"/>
  <testcase name="encryptDecrypt[1911: encryptDecrypt(algorithm=ALG_AES_256_GCM_IV12_TAG16_HKDF_SHA256, byteSize=240, frameSize=160, readLen=239)]" classname="com.amazonaws.encryptionsdk.CryptoInputStreamTest$ParameterizedEncryptDecryptTest" time="0"/>
  <testcase name="encryptDecrypt[1912: encryptDecrypt(algorithm=ALG_AES_256_GCM_IV12_TAG16_HKDF_SHA256, byteSize=240, frameSize=160, readLen=240)]" classname="com.amazonaws.encryptionsdk.CryptoInputStreamTest$ParameterizedEncryptDecryptTest" time="0"/>
  <testcase name="encryptDecrypt[1913: encryptDecrypt(algorithm=ALG_AES_256_GCM_IV12_TAG16_HKDF_SHA256, byteSize=240, frameSize=160, readLen=241)]" classname="com.amazonaws.encryptionsdk.CryptoInputStreamTest$ParameterizedEncryptDecryptTest" time="0"/>
  <testcase name="encryptDecrypt[1914: encryptDecrypt(algorithm=ALG_AES_256_GCM_IV12_TAG16_HKDF_SHA256, byteSize=240, frameSize=160, readLen=480)]" classname="com.amazonaws.encryptionsdk.CryptoInputStreamTest$ParameterizedEncryptDecryptTest" time="0"/>
  <testcase name="encryptDecrypt[1915: encryptDecrypt(algorithm=ALG_AES_256_GCM_IV12_TAG16_HKDF_SHA256, byteSize=240, frameSize=160, readLen=1,000,000)]" classname="com.amazonaws.encryptionsdk.CryptoInputStreamTest$ParameterizedEncryptDecryptTest" time="0"/>
  <testcase name="encryptDecrypt[1916: encryptDecrypt(algorithm=ALG_AES_256_GCM_IV12_TAG16_HKDF_SHA256, byteSize=320, frameSize=160, readLen=1)]" classname="com.amazonaws.encryptionsdk.CryptoInputStreamTest$ParameterizedEncryptDecryptTest" time="0"/>
  <testcase name="encryptDecrypt[1917: encryptDecrypt(algorithm=ALG_AES_256_GCM_IV12_TAG16_HKDF_SHA256, byteSize=320, frameSize=160, readLen=319)]" classname="com.amazonaws.encryptionsdk.CryptoInputStreamTest$ParameterizedEncryptDecryptTest" time="0"/>
  <testcase name="encryptDecrypt[1918: encryptDecrypt(algorithm=ALG_AES_256_GCM_IV12_TAG16_HKDF_SHA256, byteSize=320, frameSize=160, readLen=320)]" classname="com.amazonaws.encryptionsdk.CryptoInputStreamTest$ParameterizedEncryptDecryptTest" time="0"/>
  <testcase name="encryptDecrypt[1919: encryptDecrypt(algorithm=ALG_AES_256_GCM_IV12_TAG16_HKDF_SHA256, byteSize=320, frameSize=160, readLen=321)]" classname="com.amazonaws.encryptionsdk.CryptoInputStreamTest$ParameterizedEncryptDecryptTest" time="0"/>
  <testcase name="encryptDecrypt[1920: encryptDecrypt(algorithm=ALG_AES_256_GCM_IV12_TAG16_HKDF_SHA256, byteSize=320, frameSize=160, readLen=640)]" classname="com.amazonaws.encryptionsdk.CryptoInputStreamTest$ParameterizedEncryptDecryptTest" time="0"/>
  <testcase name="encryptDecrypt[1921: encryptDecrypt(algorithm=ALG_AES_256_GCM_IV12_TAG16_HKDF_SHA256, byteSize=320, frameSize=160, readLen=1,000,000)]" classname="com.amazonaws.encryptionsdk.CryptoInputStreamTest$ParameterizedEncryptDecryptTest" time="0"/>
  <testcase name="encryptDecrypt[1922: encryptDecrypt(algorithm=ALG_AES_256_GCM_IV12_TAG16_HKDF_SHA256, byteSize=1,000,000, frameSize=160, readLen=1)]" classname="com.amazonaws.encryptionsdk.CryptoInputStreamTest$ParameterizedEncryptDecryptTest" time="0.035"/>
  <testcase name="encryptDecrypt[1923: encryptDecrypt(algorithm=ALG_AES_256_GCM_IV12_TAG16_HKDF_SHA256, byteSize=1,000,000, frameSize=160, readLen=999,999)]" classname="com.amazonaws.encryptionsdk.CryptoInputStreamTest$ParameterizedEncryptDecryptTest" time="0.015"/>
  <testcase name="encryptDecrypt[1924: encryptDecrypt(algorithm=ALG_AES_256_GCM_IV12_TAG16_HKDF_SHA256, byteSize=1,000,000, frameSize=160, readLen=1,000,000)]" classname="com.amazonaws.encryptionsdk.CryptoInputStreamTest$ParameterizedEncryptDecryptTest" time="0.015"/>
  <testcase name="encryptDecrypt[1925: encryptDecrypt(algorithm=ALG_AES_256_GCM_IV12_TAG16_HKDF_SHA256, byteSize=1,000,000, frameSize=160, readLen=1,000,001)]" classname="com.amazonaws.encryptionsdk.CryptoInputStreamTest$ParameterizedEncryptDecryptTest" time="0.015"/>
  <testcase name="encryptDecrypt[1926: encryptDecrypt(algorithm=ALG_AES_256_GCM_IV12_TAG16_HKDF_SHA256, byteSize=1,000,000, frameSize=160, readLen=2,000,000)]" classname="com.amazonaws.encryptionsdk.CryptoInputStreamTest$ParameterizedEncryptDecryptTest" time="0.015"/>
  <testcase name="encryptDecrypt[1927: encryptDecrypt(algorithm=ALG_AES_256_GCM_IV12_TAG16_HKDF_SHA256, byteSize=1,000,000, frameSize=160, readLen=1,000,000)]" classname="com.amazonaws.encryptionsdk.CryptoInputStreamTest$ParameterizedEncryptDecryptTest" time="0.015"/>
  <testcase name="encryptDecrypt[1928: encryptDecrypt(algorithm=ALG_AES_256_GCM_IV12_TAG16_HKDF_SHA256, byteSize=0, frameSize=161, readLen=1)]" classname="com.amazonaws.encryptionsdk.CryptoInputStreamTest$ParameterizedEncryptDecryptTest" time="0"/>
  <testcase name="encryptDecrypt[1929: encryptDecrypt(algorithm=ALG_AES_256_GCM_IV12_TAG16_HKDF_SHA256, byteSize=0, frameSize=161, readLen=1)]" classname="com.amazonaws.encryptionsdk.CryptoInputStreamTest$ParameterizedEncryptDecryptTest" time="0"/>
  <testcase name="encryptDecrypt[1930: encryptDecrypt(algorithm=ALG_AES_256_GCM_IV12_TAG16_HKDF_SHA256, byteSize=0, frameSize=161, readLen=1,000,000)]" classname="com.amazonaws.encryptionsdk.CryptoInputStreamTest$ParameterizedEncryptDecryptTest" time="0"/>
  <testcase name="encryptDecrypt[1931: encryptDecrypt(algorithm=ALG_AES_256_GCM_IV12_TAG16_HKDF_SHA256, byteSize=1, frameSize=161, readLen=1)]" classname="com.amazonaws.encryptionsdk.CryptoInputStreamTest$ParameterizedEncryptDecryptTest" time="0"/>
  <testcase name="encryptDecrypt[1932: encryptDecrypt(algorithm=ALG_AES_256_GCM_IV12_TAG16_HKDF_SHA256, byteSize=1, frameSize=161, readLen=1)]" classname="com.amazonaws.encryptionsdk.CryptoInputStreamTest$ParameterizedEncryptDecryptTest" time="0"/>
  <testcase name="encryptDecrypt[1933: encryptDecrypt(algorithm=ALG_AES_256_GCM_IV12_TAG16_HKDF_SHA256, byteSize=1, frameSize=161, readLen=2)]" classname="com.amazonaws.encryptionsdk.CryptoInputStreamTest$ParameterizedEncryptDecryptTest" time="0"/>
  <testcase name="encryptDecrypt[1934: encryptDecrypt(algorithm=ALG_AES_256_GCM_IV12_TAG16_HKDF_SHA256, byteSize=1, frameSize=161, readLen=2)]" classname="com.amazonaws.encryptionsdk.CryptoInputStreamTest$ParameterizedEncryptDecryptTest" time="0"/>
  <testcase name="encryptDecrypt[1935: encryptDecrypt(algorithm=ALG_AES_256_GCM_IV12_TAG16_HKDF_SHA256, byteSize=1, frameSize=161, readLen=1,000,000)]" classname="com.amazonaws.encryptionsdk.CryptoInputStreamTest$ParameterizedEncryptDecryptTest" time="0"/>
  <testcase name="encryptDecrypt[1936: encryptDecrypt(algorithm=ALG_AES_256_GCM_IV12_TAG16_HKDF_SHA256, byteSize=160, frameSize=161, readLen=1)]" classname="com.amazonaws.encryptionsdk.CryptoInputStreamTest$ParameterizedEncryptDecryptTest" time="0.001"/>
  <testcase name="encryptDecrypt[1937: encryptDecrypt(algorithm=ALG_AES_256_GCM_IV12_TAG16_HKDF_SHA256, byteSize=160, frameSize=161, readLen=159)]" classname="com.amazonaws.encryptionsdk.CryptoInputStreamTest$ParameterizedEncryptDecryptTest" time="0"/>
  <testcase name="encryptDecrypt[1938: encryptDecrypt(algorithm=ALG_AES_256_GCM_IV12_TAG16_HKDF_SHA256, byteSize=160, frameSize=161, readLen=160)]" classname="com.amazonaws.encryptionsdk.CryptoInputStreamTest$ParameterizedEncryptDecryptTest" time="0"/>
  <testcase name="encryptDecrypt[1939: encryptDecrypt(algorithm=ALG_AES_256_GCM_IV12_TAG16_HKDF_SHA256, byteSize=160, frameSize=161, readLen=161)]" classname="com.amazonaws.encryptionsdk.CryptoInputStreamTest$ParameterizedEncryptDecryptTest" time="0"/>
  <testcase name="encryptDecrypt[1940: encryptDecrypt(algorithm=ALG_AES_256_GCM_IV12_TAG16_HKDF_SHA256, byteSize=160, frameSize=161, readLen=320)]" classname="com.amazonaws.encryptionsdk.CryptoInputStreamTest$ParameterizedEncryptDecryptTest" time="0"/>
  <testcase name="encryptDecrypt[1941: encryptDecrypt(algorithm=ALG_AES_256_GCM_IV12_TAG16_HKDF_SHA256, byteSize=160, frameSize=161, readLen=1,000,000)]" classname="com.amazonaws.encryptionsdk.CryptoInputStreamTest$ParameterizedEncryptDecryptTest" time="0"/>
  <testcase name="encryptDecrypt[1942: encryptDecrypt(algorithm=ALG_AES_256_GCM_IV12_TAG16_HKDF_SHA256, byteSize=161, frameSize=161, readLen=1)]" classname="com.amazonaws.encryptionsdk.CryptoInputStreamTest$ParameterizedEncryptDecryptTest" time="0"/>
  <testcase name="encryptDecrypt[1943: encryptDecrypt(algorithm=ALG_AES_256_GCM_IV12_TAG16_HKDF_SHA256, byteSize=161, frameSize=161, readLen=160)]" classname="com.amazonaws.encryptionsdk.CryptoInputStreamTest$ParameterizedEncryptDecryptTest" time="0"/>
  <testcase name="encryptDecrypt[1944: encryptDecrypt(algorithm=ALG_AES_256_GCM_IV12_TAG16_HKDF_SHA256, byteSize=161, frameSize=161, readLen=161)]" classname="com.amazonaws.encryptionsdk.CryptoInputStreamTest$ParameterizedEncryptDecryptTest" time="0"/>
  <testcase name="encryptDecrypt[1945: encryptDecrypt(algorithm=ALG_AES_256_GCM_IV12_TAG16_HKDF_SHA256, byteSize=161, frameSize=161, readLen=162)]" classname="com.amazonaws.encryptionsdk.CryptoInputStreamTest$ParameterizedEncryptDecryptTest" time="0"/>
  <testcase name="encryptDecrypt[1946: encryptDecrypt(algorithm=ALG_AES_256_GCM_IV12_TAG16_HKDF_SHA256, byteSize=161, frameSize=161, readLen=322)]" classname="com.amazonaws.encryptionsdk.CryptoInputStreamTest$ParameterizedEncryptDecryptTest" time="0"/>
  <testcase name="encryptDecrypt[1947: encryptDecrypt(algorithm=ALG_AES_256_GCM_IV12_TAG16_HKDF_SHA256, byteSize=161, frameSize=161, readLen=1,000,000)]" classname="com.amazonaws.encryptionsdk.CryptoInputStreamTest$ParameterizedEncryptDecryptTest" time="0.001"/>
  <testcase name="encryptDecrypt[1948: encryptDecrypt(algorithm=ALG_AES_256_GCM_IV12_TAG16_HKDF_SHA256, byteSize=162, frameSize=161, readLen=1)]" classname="com.amazonaws.encryptionsdk.CryptoInputStreamTest$ParameterizedEncryptDecryptTest" time="0"/>
  <testcase name="encryptDecrypt[1949: encryptDecrypt(algorithm=ALG_AES_256_GCM_IV12_TAG16_HKDF_SHA256, byteSize=162, frameSize=161, readLen=161)]" classname="com.amazonaws.encryptionsdk.CryptoInputStreamTest$ParameterizedEncryptDecryptTest" time="0"/>
  <testcase name="encryptDecrypt[1950: encryptDecrypt(algorithm=ALG_AES_256_GCM_IV12_TAG16_HKDF_SHA256, byteSize=162, frameSize=161, readLen=162)]" classname="com.amazonaws.encryptionsdk.CryptoInputStreamTest$ParameterizedEncryptDecryptTest" time="0"/>
  <testcase name="encryptDecrypt[1951: encryptDecrypt(algorithm=ALG_AES_256_GCM_IV12_TAG16_HKDF_SHA256, byteSize=162, frameSize=161, readLen=163)]" classname="com.amazonaws.encryptionsdk.CryptoInputStreamTest$ParameterizedEncryptDecryptTest" time="0"/>
  <testcase name="encryptDecrypt[1952: encryptDecrypt(algorithm=ALG_AES_256_GCM_IV12_TAG16_HKDF_SHA256, byteSize=162, frameSize=161, readLen=324)]" classname="com.amazonaws.encryptionsdk.CryptoInputStreamTest$ParameterizedEncryptDecryptTest" time="0"/>
  <testcase name="encryptDecrypt[1953: encryptDecrypt(algorithm=ALG_AES_256_GCM_IV12_TAG16_HKDF_SHA256, byteSize=162, frameSize=161, readLen=1,000,000)]" classname="com.amazonaws.encryptionsdk.CryptoInputStreamTest$ParameterizedEncryptDecryptTest" time="0"/>
  <testcase name="encryptDecrypt[1954: encryptDecrypt(algorithm=ALG_AES_256_GCM_IV12_TAG16_HKDF_SHA256, byteSize=241, frameSize=161, readLen=1)]" classname="com.amazonaws.encryptionsdk.CryptoInputStreamTest$ParameterizedEncryptDecryptTest" time="0"/>
  <testcase name="encryptDecrypt[1955: encryptDecrypt(algorithm=ALG_AES_256_GCM_IV12_TAG16_HKDF_SHA256, byteSize=241, frameSize=161, readLen=240)]" classname="com.amazonaws.encryptionsdk.CryptoInputStreamTest$ParameterizedEncryptDecryptTest" time="0"/>
  <testcase name="encryptDecrypt[1956: encryptDecrypt(algorithm=ALG_AES_256_GCM_IV12_TAG16_HKDF_SHA256, byteSize=241, frameSize=161, readLen=241)]" classname="com.amazonaws.encryptionsdk.CryptoInputStreamTest$ParameterizedEncryptDecryptTest" time="0"/>
  <testcase name="encryptDecrypt[1957: encryptDecrypt(algorithm=ALG_AES_256_GCM_IV12_TAG16_HKDF_SHA256, byteSize=241, frameSize=161, readLen=242)]" classname="com.amazonaws.encryptionsdk.CryptoInputStreamTest$ParameterizedEncryptDecryptTest" time="0"/>
  <testcase name="encryptDecrypt[1958: encryptDecrypt(algorithm=ALG_AES_256_GCM_IV12_TAG16_HKDF_SHA256, byteSize=241, frameSize=161, readLen=482)]" classname="com.amazonaws.encryptionsdk.CryptoInputStreamTest$ParameterizedEncryptDecryptTest" time="0"/>
  <testcase name="encryptDecrypt[1959: encryptDecrypt(algorithm=ALG_AES_256_GCM_IV12_TAG16_HKDF_SHA256, byteSize=241, frameSize=161, readLen=1,000,000)]" classname="com.amazonaws.encryptionsdk.CryptoInputStreamTest$ParameterizedEncryptDecryptTest" time="0"/>
  <testcase name="encryptDecrypt[1960: encryptDecrypt(algorithm=ALG_AES_256_GCM_IV12_TAG16_HKDF_SHA256, byteSize=322, frameSize=161, readLen=1)]" classname="com.amazonaws.encryptionsdk.CryptoInputStreamTest$ParameterizedEncryptDecryptTest" time="0"/>
  <testcase name="encryptDecrypt[1961: encryptDecrypt(algorithm=ALG_AES_256_GCM_IV12_TAG16_HKDF_SHA256, byteSize=322, frameSize=161, readLen=321)]" classname="com.amazonaws.encryptionsdk.CryptoInputStreamTest$ParameterizedEncryptDecryptTest" time="0"/>
  <testcase name="encryptDecrypt[1962: encryptDecrypt(algorithm=ALG_AES_256_GCM_IV12_TAG16_HKDF_SHA256, byteSize=322, frameSize=161, readLen=322)]" classname="com.amazonaws.encryptionsdk.CryptoInputStreamTest$ParameterizedEncryptDecryptTest" time="0"/>
  <testcase name="encryptDecrypt[1963: encryptDecrypt(algorithm=ALG_AES_256_GCM_IV12_TAG16_HKDF_SHA256, byteSize=322, frameSize=161, readLen=323)]" classname="com.amazonaws.encryptionsdk.CryptoInputStreamTest$ParameterizedEncryptDecryptTest" time="0"/>
  <testcase name="encryptDecrypt[1964: encryptDecrypt(algorithm=ALG_AES_256_GCM_IV12_TAG16_HKDF_SHA256, byteSize=322, frameSize=161, readLen=644)]" classname="com.amazonaws.encryptionsdk.CryptoInputStreamTest$ParameterizedEncryptDecryptTest" time="0"/>
  <testcase name="encryptDecrypt[1965: encryptDecrypt(algorithm=ALG_AES_256_GCM_IV12_TAG16_HKDF_SHA256, byteSize=322, frameSize=161, readLen=1,000,000)]" classname="com.amazonaws.encryptionsdk.CryptoInputStreamTest$ParameterizedEncryptDecryptTest" time="0"/>
  <testcase name="encryptDecrypt[1966: encryptDecrypt(algorithm=ALG_AES_256_GCM_IV12_TAG16_HKDF_SHA256, byteSize=1,000,000, frameSize=161, readLen=1)]" classname="com.amazonaws.encryptionsdk.CryptoInputStreamTest$ParameterizedEncryptDecryptTest" time="0.034"/>
  <testcase name="encryptDecrypt[1967: encryptDecrypt(algorithm=ALG_AES_256_GCM_IV12_TAG16_HKDF_SHA256, byteSize=1,000,000, frameSize=161, readLen=999,999)]" classname="com.amazonaws.encryptionsdk.CryptoInputStreamTest$ParameterizedEncryptDecryptTest" time="0.016"/>
  <testcase name="encryptDecrypt[1968: encryptDecrypt(algorithm=ALG_AES_256_GCM_IV12_TAG16_HKDF_SHA256, byteSize=1,000,000, frameSize=161, readLen=1,000,000)]" classname="com.amazonaws.encryptionsdk.CryptoInputStreamTest$ParameterizedEncryptDecryptTest" time="0.016"/>
  <testcase name="encryptDecrypt[1969: encryptDecrypt(algorithm=ALG_AES_256_GCM_IV12_TAG16_HKDF_SHA256, byteSize=1,000,000, frameSize=161, readLen=1,000,001)]" classname="com.amazonaws.encryptionsdk.CryptoInputStreamTest$ParameterizedEncryptDecryptTest" time="0.015"/>
  <testcase name="encryptDecrypt[1970: encryptDecrypt(algorithm=ALG_AES_256_GCM_IV12_TAG16_HKDF_SHA256, byteSize=1,000,000, frameSize=161, readLen=2,000,000)]" classname="com.amazonaws.encryptionsdk.CryptoInputStreamTest$ParameterizedEncryptDecryptTest" time="0.016"/>
  <testcase name="encryptDecrypt[1971: encryptDecrypt(algorithm=ALG_AES_256_GCM_IV12_TAG16_HKDF_SHA256, byteSize=1,000,000, frameSize=161, readLen=1,000,000)]" classname="com.amazonaws.encryptionsdk.CryptoInputStreamTest$ParameterizedEncryptDecryptTest" time="0.015"/>
  <testcase name="encryptDecrypt[1972: encryptDecrypt(algorithm=ALG_AES_256_GCM_IV12_TAG16_HKDF_SHA256, byteSize=0, frameSize=4,096, readLen=1)]" classname="com.amazonaws.encryptionsdk.CryptoInputStreamTest$ParameterizedEncryptDecryptTest" time="0"/>
  <testcase name="encryptDecrypt[1973: encryptDecrypt(algorithm=ALG_AES_256_GCM_IV12_TAG16_HKDF_SHA256, byteSize=0, frameSize=4,096, readLen=1)]" classname="com.amazonaws.encryptionsdk.CryptoInputStreamTest$ParameterizedEncryptDecryptTest" time="0"/>
  <testcase name="encryptDecrypt[1974: encryptDecrypt(algorithm=ALG_AES_256_GCM_IV12_TAG16_HKDF_SHA256, byteSize=0, frameSize=4,096, readLen=1,000,000)]" classname="com.amazonaws.encryptionsdk.CryptoInputStreamTest$ParameterizedEncryptDecryptTest" time="0"/>
  <testcase name="encryptDecrypt[1975: encryptDecrypt(algorithm=ALG_AES_256_GCM_IV12_TAG16_HKDF_SHA256, byteSize=1, frameSize=4,096, readLen=1)]" classname="com.amazonaws.encryptionsdk.CryptoInputStreamTest$ParameterizedEncryptDecryptTest" time="0.001"/>
  <testcase name="encryptDecrypt[1976: encryptDecrypt(algorithm=ALG_AES_256_GCM_IV12_TAG16_HKDF_SHA256, byteSize=1, frameSize=4,096, readLen=1)]" classname="com.amazonaws.encryptionsdk.CryptoInputStreamTest$ParameterizedEncryptDecryptTest" time="0"/>
  <testcase name="encryptDecrypt[1977: encryptDecrypt(algorithm=ALG_AES_256_GCM_IV12_TAG16_HKDF_SHA256, byteSize=1, frameSize=4,096, readLen=2)]" classname="com.amazonaws.encryptionsdk.CryptoInputStreamTest$ParameterizedEncryptDecryptTest" time="0"/>
  <testcase name="encryptDecrypt[1978: encryptDecrypt(algorithm=ALG_AES_256_GCM_IV12_TAG16_HKDF_SHA256, byteSize=1, frameSize=4,096, readLen=2)]" classname="com.amazonaws.encryptionsdk.CryptoInputStreamTest$ParameterizedEncryptDecryptTest" time="0"/>
  <testcase name="encryptDecrypt[1979: encryptDecrypt(algorithm=ALG_AES_256_GCM_IV12_TAG16_HKDF_SHA256, byteSize=1, frameSize=4,096, readLen=1,000,000)]" classname="com.amazonaws.encryptionsdk.CryptoInputStreamTest$ParameterizedEncryptDecryptTest" time="0"/>
  <testcase name="encryptDecrypt[1980: encryptDecrypt(algorithm=ALG_AES_256_GCM_IV12_TAG16_HKDF_SHA256, byteSize=4,095, frameSize=4,096, readLen=1)]" classname="com.amazonaws.encryptionsdk.CryptoInputStreamTest$ParameterizedEncryptDecryptTest" time="0"/>
  <testcase name="encryptDecrypt[1981: encryptDecrypt(algorithm=ALG_AES_256_GCM_IV12_TAG16_HKDF_SHA256, byteSize=4,095, frameSize=4,096, readLen=4,094)]" classname="com.amazonaws.encryptionsdk.CryptoInputStreamTest$ParameterizedEncryptDecryptTest" time="0"/>
  <testcase name="encryptDecrypt[1982: encryptDecrypt(algorithm=ALG_AES_256_GCM_IV12_TAG16_HKDF_SHA256, byteSize=4,095, frameSize=4,096, readLen=4,095)]" classname="com.amazonaws.encryptionsdk.CryptoInputStreamTest$ParameterizedEncryptDecryptTest" time="0"/>
  <testcase name="encryptDecrypt[1983: encryptDecrypt(algorithm=ALG_AES_256_GCM_IV12_TAG16_HKDF_SHA256, byteSize=4,095, frameSize=4,096, readLen=4,096)]" classname="com.amazonaws.encryptionsdk.CryptoInputStreamTest$ParameterizedEncryptDecryptTest" time="0.001"/>
  <testcase name="encryptDecrypt[1984: encryptDecrypt(algorithm=ALG_AES_256_GCM_IV12_TAG16_HKDF_SHA256, byteSize=4,095, frameSize=4,096, readLen=8,190)]" classname="com.amazonaws.encryptionsdk.CryptoInputStreamTest$ParameterizedEncryptDecryptTest" time="0"/>
  <testcase name="encryptDecrypt[1985: encryptDecrypt(algorithm=ALG_AES_256_GCM_IV12_TAG16_HKDF_SHA256, byteSize=4,095, frameSize=4,096, readLen=1,000,000)]" classname="com.amazonaws.encryptionsdk.CryptoInputStreamTest$ParameterizedEncryptDecryptTest" time="0"/>
  <testcase name="encryptDecrypt[1986: encryptDecrypt(algorithm=ALG_AES_256_GCM_IV12_TAG16_HKDF_SHA256, byteSize=4,096, frameSize=4,096, readLen=1)]" classname="com.amazonaws.encryptionsdk.CryptoInputStreamTest$ParameterizedEncryptDecryptTest" time="0"/>
  <testcase name="encryptDecrypt[1987: encryptDecrypt(algorithm=ALG_AES_256_GCM_IV12_TAG16_HKDF_SHA256, byteSize=4,096, frameSize=4,096, readLen=4,095)]" classname="com.amazonaws.encryptionsdk.CryptoInputStreamTest$ParameterizedEncryptDecryptTest" time="0"/>
  <testcase name="encryptDecrypt[1988: encryptDecrypt(algorithm=ALG_AES_256_GCM_IV12_TAG16_HKDF_SHA256, byteSize=4,096, frameSize=4,096, readLen=4,096)]" classname="com.amazonaws.encryptionsdk.CryptoInputStreamTest$ParameterizedEncryptDecryptTest" time="0"/>
  <testcase name="encryptDecrypt[1989: encryptDecrypt(algorithm=ALG_AES_256_GCM_IV12_TAG16_HKDF_SHA256, byteSize=4,096, frameSize=4,096, readLen=4,097)]" classname="com.amazonaws.encryptionsdk.CryptoInputStreamTest$ParameterizedEncryptDecryptTest" time="0"/>
  <testcase name="encryptDecrypt[1990: encryptDecrypt(algorithm=ALG_AES_256_GCM_IV12_TAG16_HKDF_SHA256, byteSize=4,096, frameSize=4,096, readLen=8,192)]" classname="com.amazonaws.encryptionsdk.CryptoInputStreamTest$ParameterizedEncryptDecryptTest" time="0.001"/>
  <testcase name="encryptDecrypt[1991: encryptDecrypt(algorithm=ALG_AES_256_GCM_IV12_TAG16_HKDF_SHA256, byteSize=4,096, frameSize=4,096, readLen=1,000,000)]" classname="com.amazonaws.encryptionsdk.CryptoInputStreamTest$ParameterizedEncryptDecryptTest" time="0"/>
  <testcase name="encryptDecrypt[1992: encryptDecrypt(algorithm=ALG_AES_256_GCM_IV12_TAG16_HKDF_SHA256, byteSize=4,097, frameSize=4,096, readLen=1)]" classname="com.amazonaws.encryptionsdk.CryptoInputStreamTest$ParameterizedEncryptDecryptTest" time="0"/>
  <testcase name="encryptDecrypt[1993: encryptDecrypt(algorithm=ALG_AES_256_GCM_IV12_TAG16_HKDF_SHA256, byteSize=4,097, frameSize=4,096, readLen=4,096)]" classname="com.amazonaws.encryptionsdk.CryptoInputStreamTest$ParameterizedEncryptDecryptTest" time="0"/>
  <testcase name="encryptDecrypt[1994: encryptDecrypt(algorithm=ALG_AES_256_GCM_IV12_TAG16_HKDF_SHA256, byteSize=4,097, frameSize=4,096, readLen=4,097)]" classname="com.amazonaws.encryptionsdk.CryptoInputStreamTest$ParameterizedEncryptDecryptTest" time="0"/>
  <testcase name="encryptDecrypt[1995: encryptDecrypt(algorithm=ALG_AES_256_GCM_IV12_TAG16_HKDF_SHA256, byteSize=4,097, frameSize=4,096, readLen=4,098)]" classname="com.amazonaws.encryptionsdk.CryptoInputStreamTest$ParameterizedEncryptDecryptTest" time="0"/>
  <testcase name="encryptDecrypt[1996: encryptDecrypt(algorithm=ALG_AES_256_GCM_IV12_TAG16_HKDF_SHA256, byteSize=4,097, frameSize=4,096, readLen=8,194)]" classname="com.amazonaws.encryptionsdk.CryptoInputStreamTest$ParameterizedEncryptDecryptTest" time="0"/>
  <testcase name="encryptDecrypt[1997: encryptDecrypt(algorithm=ALG_AES_256_GCM_IV12_TAG16_HKDF_SHA256, byteSize=4,097, frameSize=4,096, readLen=1,000,000)]" classname="com.amazonaws.encryptionsdk.CryptoInputStreamTest$ParameterizedEncryptDecryptTest" time="0.001"/>
  <testcase name="encryptDecrypt[1998: encryptDecrypt(algorithm=ALG_AES_256_GCM_IV12_TAG16_HKDF_SHA256, byteSize=6,144, frameSize=4,096, readLen=1)]" classname="com.amazonaws.encryptionsdk.CryptoInputStreamTest$ParameterizedEncryptDecryptTest" time="0"/>
  <testcase name="encryptDecrypt[1999: encryptDecrypt(algorithm=ALG_AES_256_GCM_IV12_TAG16_HKDF_SHA256, byteSize=6,144, frameSize=4,096, readLen=6,143)]" classname="com.amazonaws.encryptionsdk.CryptoInputStreamTest$ParameterizedEncryptDecryptTest" time="0"/>
  <testcase name="encryptDecrypt[2000: encryptDecrypt(algorithm=ALG_AES_256_GCM_IV12_TAG16_HKDF_SHA256, byteSize=6,144, frameSize=4,096, readLen=6,144)]" classname="com.amazonaws.encryptionsdk.CryptoInputStreamTest$ParameterizedEncryptDecryptTest" time="0"/>
  <testcase name="encryptDecrypt[2001: encryptDecrypt(algorithm=ALG_AES_256_GCM_IV12_TAG16_HKDF_SHA256, byteSize=6,144, frameSize=4,096, readLen=6,145)]" classname="com.amazonaws.encryptionsdk.CryptoInputStreamTest$ParameterizedEncryptDecryptTest" time="0"/>
  <testcase name="encryptDecrypt[2002: encryptDecrypt(algorithm=ALG_AES_256_GCM_IV12_TAG16_HKDF_SHA256, byteSize=6,144, frameSize=4,096, readLen=12,288)]" classname="com.amazonaws.encryptionsdk.CryptoInputStreamTest$ParameterizedEncryptDecryptTest" time="0"/>
  <testcase name="encryptDecrypt[2003: encryptDecrypt(algorithm=ALG_AES_256_GCM_IV12_TAG16_HKDF_SHA256, byteSize=6,144, frameSize=4,096, readLen=1,000,000)]" classname="com.amazonaws.encryptionsdk.CryptoInputStreamTest$ParameterizedEncryptDecryptTest" time="0.001"/>
  <testcase name="encryptDecrypt[2004: encryptDecrypt(algorithm=ALG_AES_256_GCM_IV12_TAG16_HKDF_SHA256, byteSize=8,192, frameSize=4,096, readLen=1)]" classname="com.amazonaws.encryptionsdk.CryptoInputStreamTest$ParameterizedEncryptDecryptTest" time="0"/>
  <testcase name="encryptDecrypt[2005: encryptDecrypt(algorithm=ALG_AES_256_GCM_IV12_TAG16_HKDF_SHA256, byteSize=8,192, frameSize=4,096, readLen=8,191)]" classname="com.amazonaws.encryptionsdk.CryptoInputStreamTest$ParameterizedEncryptDecryptTest" time="0"/>
  <testcase name="encryptDecrypt[2006: encryptDecrypt(algorithm=ALG_AES_256_GCM_IV12_TAG16_HKDF_SHA256, byteSize=8,192, frameSize=4,096, readLen=8,192)]" classname="com.amazonaws.encryptionsdk.CryptoInputStreamTest$ParameterizedEncryptDecryptTest" time="0"/>
  <testcase name="encryptDecrypt[2007: encryptDecrypt(algorithm=ALG_AES_256_GCM_IV12_TAG16_HKDF_SHA256, byteSize=8,192, frameSize=4,096, readLen=8,193)]" classname="com.amazonaws.encryptionsdk.CryptoInputStreamTest$ParameterizedEncryptDecryptTest" time="0"/>
  <testcase name="encryptDecrypt[2008: encryptDecrypt(algorithm=ALG_AES_256_GCM_IV12_TAG16_HKDF_SHA256, byteSize=8,192, frameSize=4,096, readLen=16,384)]" classname="com.amazonaws.encryptionsdk.CryptoInputStreamTest$ParameterizedEncryptDecryptTest" time="0"/>
  <testcase name="encryptDecrypt[2009: encryptDecrypt(algorithm=ALG_AES_256_GCM_IV12_TAG16_HKDF_SHA256, byteSize=8,192, frameSize=4,096, readLen=1,000,000)]" classname="com.amazonaws.encryptionsdk.CryptoInputStreamTest$ParameterizedEncryptDecryptTest" time="0"/>
  <testcase name="encryptDecrypt[2010: encryptDecrypt(algorithm=ALG_AES_256_GCM_IV12_TAG16_HKDF_SHA256, byteSize=1,000,000, frameSize=4,096, readLen=1)]" classname="com.amazonaws.encryptionsdk.CryptoInputStreamTest$ParameterizedEncryptDecryptTest" time="0.029"/>
  <testcase name="encryptDecrypt[2011: encryptDecrypt(algorithm=ALG_AES_256_GCM_IV12_TAG16_HKDF_SHA256, byteSize=1,000,000, frameSize=4,096, readLen=999,999)]" classname="com.amazonaws.encryptionsdk.CryptoInputStreamTest$ParameterizedEncryptDecryptTest" time="0.009"/>
  <testcase name="encryptDecrypt[2012: encryptDecrypt(algorithm=ALG_AES_256_GCM_IV12_TAG16_HKDF_SHA256, byteSize=1,000,000, frameSize=4,096, readLen=1,000,000)]" classname="com.amazonaws.encryptionsdk.CryptoInputStreamTest$ParameterizedEncryptDecryptTest" time="0.01"/>
  <testcase name="encryptDecrypt[2013: encryptDecrypt(algorithm=ALG_AES_256_GCM_IV12_TAG16_HKDF_SHA256, byteSize=1,000,000, frameSize=4,096, readLen=1,000,001)]" classname="com.amazonaws.encryptionsdk.CryptoInputStreamTest$ParameterizedEncryptDecryptTest" time="0.009"/>
  <testcase name="encryptDecrypt[2014: encryptDecrypt(algorithm=ALG_AES_256_GCM_IV12_TAG16_HKDF_SHA256, byteSize=1,000,000, frameSize=4,096, readLen=2,000,000)]" classname="com.amazonaws.encryptionsdk.CryptoInputStreamTest$ParameterizedEncryptDecryptTest" time="0.01"/>
  <testcase name="encryptDecrypt[2015: encryptDecrypt(algorithm=ALG_AES_256_GCM_IV12_TAG16_HKDF_SHA256, byteSize=1,000,000, frameSize=4,096, readLen=1,000,000)]" classname="com.amazonaws.encryptionsdk.CryptoInputStreamTest$ParameterizedEncryptDecryptTest" time="0.009"/>
  <testcase name="encryptDecrypt[2016: encryptDecrypt(algorithm=ALG_AES_128_GCM_IV12_TAG16_HKDF_SHA256_ECDSA_P256, byteSize=0, frameSize=0, readLen=1)]" classname="com.amazonaws.encryptionsdk.CryptoInputStreamTest$ParameterizedEncryptDecryptTest" time="0.013"/>
  <testcase name="encryptDecrypt[2017: encryptDecrypt(algorithm=ALG_AES_128_GCM_IV12_TAG16_HKDF_SHA256_ECDSA_P256, byteSize=0, frameSize=0, readLen=1)]" classname="com.amazonaws.encryptionsdk.CryptoInputStreamTest$ParameterizedEncryptDecryptTest" time="0.004"/>
  <testcase name="encryptDecrypt[2018: encryptDecrypt(algorithm=ALG_AES_128_GCM_IV12_TAG16_HKDF_SHA256_ECDSA_P256, byteSize=0, frameSize=0, readLen=1,000,000)]" classname="com.amazonaws.encryptionsdk.CryptoInputStreamTest$ParameterizedEncryptDecryptTest" time="0.003"/>
  <testcase name="encryptDecrypt[2019: encryptDecrypt(algorithm=ALG_AES_128_GCM_IV12_TAG16_HKDF_SHA256_ECDSA_P256, byteSize=1, frameSize=0, readLen=1)]" classname="com.amazonaws.encryptionsdk.CryptoInputStreamTest$ParameterizedEncryptDecryptTest" time="0.003"/>
  <testcase name="encryptDecrypt[2020: encryptDecrypt(algorithm=ALG_AES_128_GCM_IV12_TAG16_HKDF_SHA256_ECDSA_P256, byteSize=1, frameSize=0, readLen=1)]" classname="com.amazonaws.encryptionsdk.CryptoInputStreamTest$ParameterizedEncryptDecryptTest" time="0.003"/>
  <testcase name="encryptDecrypt[2021: encryptDecrypt(algorithm=ALG_AES_128_GCM_IV12_TAG16_HKDF_SHA256_ECDSA_P256, byteSize=1, frameSize=0, readLen=2)]" classname="com.amazonaws.encryptionsdk.CryptoInputStreamTest$ParameterizedEncryptDecryptTest" time="0.002"/>
  <testcase name="encryptDecrypt[2022: encryptDecrypt(algorithm=ALG_AES_128_GCM_IV12_TAG16_HKDF_SHA256_ECDSA_P256, byteSize=1, frameSize=0, readLen=2)]" classname="com.amazonaws.encryptionsdk.CryptoInputStreamTest$ParameterizedEncryptDecryptTest" time="0.002"/>
  <testcase name="encryptDecrypt[2023: encryptDecrypt(algorithm=ALG_AES_128_GCM_IV12_TAG16_HKDF_SHA256_ECDSA_P256, byteSize=1, frameSize=0, readLen=1,000,000)]" classname="com.amazonaws.encryptionsdk.CryptoInputStreamTest$ParameterizedEncryptDecryptTest" time="0.003"/>
  <testcase name="encryptDecrypt[2024: encryptDecrypt(algorithm=ALG_AES_128_GCM_IV12_TAG16_HKDF_SHA256_ECDSA_P256, byteSize=0, frameSize=0, readLen=1)]" classname="com.amazonaws.encryptionsdk.CryptoInputStreamTest$ParameterizedEncryptDecryptTest" time="0.002"/>
  <testcase name="encryptDecrypt[2025: encryptDecrypt(algorithm=ALG_AES_128_GCM_IV12_TAG16_HKDF_SHA256_ECDSA_P256, byteSize=0, frameSize=0, readLen=1)]" classname="com.amazonaws.encryptionsdk.CryptoInputStreamTest$ParameterizedEncryptDecryptTest" time="0.002"/>
  <testcase name="encryptDecrypt[2026: encryptDecrypt(algorithm=ALG_AES_128_GCM_IV12_TAG16_HKDF_SHA256_ECDSA_P256, byteSize=0, frameSize=0, readLen=1,000,000)]" classname="com.amazonaws.encryptionsdk.CryptoInputStreamTest$ParameterizedEncryptDecryptTest" time="0.003"/>
  <testcase name="encryptDecrypt[2027: encryptDecrypt(algorithm=ALG_AES_128_GCM_IV12_TAG16_HKDF_SHA256_ECDSA_P256, byteSize=1, frameSize=0, readLen=1)]" classname="com.amazonaws.encryptionsdk.CryptoInputStreamTest$ParameterizedEncryptDecryptTest" time="0.002"/>
  <testcase name="encryptDecrypt[2028: encryptDecrypt(algorithm=ALG_AES_128_GCM_IV12_TAG16_HKDF_SHA256_ECDSA_P256, byteSize=1, frameSize=0, readLen=1)]" classname="com.amazonaws.encryptionsdk.CryptoInputStreamTest$ParameterizedEncryptDecryptTest" time="0.002"/>
  <testcase name="encryptDecrypt[2029: encryptDecrypt(algorithm=ALG_AES_128_GCM_IV12_TAG16_HKDF_SHA256_ECDSA_P256, byteSize=1, frameSize=0, readLen=2)]" classname="com.amazonaws.encryptionsdk.CryptoInputStreamTest$ParameterizedEncryptDecryptTest" time="0.002"/>
  <testcase name="encryptDecrypt[2030: encryptDecrypt(algorithm=ALG_AES_128_GCM_IV12_TAG16_HKDF_SHA256_ECDSA_P256, byteSize=1, frameSize=0, readLen=2)]" classname="com.amazonaws.encryptionsdk.CryptoInputStreamTest$ParameterizedEncryptDecryptTest" time="0.001"/>
  <testcase name="encryptDecrypt[2031: encryptDecrypt(algorithm=ALG_AES_128_GCM_IV12_TAG16_HKDF_SHA256_ECDSA_P256, byteSize=1, frameSize=0, readLen=1,000,000)]" classname="com.amazonaws.encryptionsdk.CryptoInputStreamTest$ParameterizedEncryptDecryptTest" time="0.002"/>
  <testcase name="encryptDecrypt[2032: encryptDecrypt(algorithm=ALG_AES_128_GCM_IV12_TAG16_HKDF_SHA256_ECDSA_P256, byteSize=0, frameSize=0, readLen=1)]" classname="com.amazonaws.encryptionsdk.CryptoInputStreamTest$ParameterizedEncryptDecryptTest" time="0.002"/>
  <testcase name="encryptDecrypt[2033: encryptDecrypt(algorithm=ALG_AES_128_GCM_IV12_TAG16_HKDF_SHA256_ECDSA_P256, byteSize=0, frameSize=0, readLen=1)]" classname="com.amazonaws.encryptionsdk.CryptoInputStreamTest$ParameterizedEncryptDecryptTest" time="0.002"/>
  <testcase name="encryptDecrypt[2034: encryptDecrypt(algorithm=ALG_AES_128_GCM_IV12_TAG16_HKDF_SHA256_ECDSA_P256, byteSize=0, frameSize=0, readLen=1,000,000)]" classname="com.amazonaws.encryptionsdk.CryptoInputStreamTest$ParameterizedEncryptDecryptTest" time="0.002"/>
  <testcase name="encryptDecrypt[2035: encryptDecrypt(algorithm=ALG_AES_128_GCM_IV12_TAG16_HKDF_SHA256_ECDSA_P256, byteSize=0, frameSize=0, readLen=1)]" classname="com.amazonaws.encryptionsdk.CryptoInputStreamTest$ParameterizedEncryptDecryptTest" time="0.002"/>
  <testcase name="encryptDecrypt[2036: encryptDecrypt(algorithm=ALG_AES_128_GCM_IV12_TAG16_HKDF_SHA256_ECDSA_P256, byteSize=0, frameSize=0, readLen=1)]" classname="com.amazonaws.encryptionsdk.CryptoInputStreamTest$ParameterizedEncryptDecryptTest" time="0.002"/>
  <testcase name="encryptDecrypt[2037: encryptDecrypt(algorithm=ALG_AES_128_GCM_IV12_TAG16_HKDF_SHA256_ECDSA_P256, byteSize=0, frameSize=0, readLen=1,000,000)]" classname="com.amazonaws.encryptionsdk.CryptoInputStreamTest$ParameterizedEncryptDecryptTest" time="0.001"/>
  <testcase name="encryptDecrypt[2038: encryptDecrypt(algorithm=ALG_AES_128_GCM_IV12_TAG16_HKDF_SHA256_ECDSA_P256, byteSize=1,000,000, frameSize=0, readLen=1)]" classname="com.amazonaws.encryptionsdk.CryptoInputStreamTest$ParameterizedEncryptDecryptTest" time="0.078"/>
  <testcase name="encryptDecrypt[2039: encryptDecrypt(algorithm=ALG_AES_128_GCM_IV12_TAG16_HKDF_SHA256_ECDSA_P256, byteSize=1,000,000, frameSize=0, readLen=999,999)]" classname="com.amazonaws.encryptionsdk.CryptoInputStreamTest$ParameterizedEncryptDecryptTest" time="0.054"/>
  <testcase name="encryptDecrypt[2040: encryptDecrypt(algorithm=ALG_AES_128_GCM_IV12_TAG16_HKDF_SHA256_ECDSA_P256, byteSize=1,000,000, frameSize=0, readLen=1,000,000)]" classname="com.amazonaws.encryptionsdk.CryptoInputStreamTest$ParameterizedEncryptDecryptTest" time="0.054"/>
  <testcase name="encryptDecrypt[2041: encryptDecrypt(algorithm=ALG_AES_128_GCM_IV12_TAG16_HKDF_SHA256_ECDSA_P256, byteSize=1,000,000, frameSize=0, readLen=1,000,001)]" classname="com.amazonaws.encryptionsdk.CryptoInputStreamTest$ParameterizedEncryptDecryptTest" time="0.053"/>
  <testcase name="encryptDecrypt[2042: encryptDecrypt(algorithm=ALG_AES_128_GCM_IV12_TAG16_HKDF_SHA256_ECDSA_P256, byteSize=1,000,000, frameSize=0, readLen=2,000,000)]" classname="com.amazonaws.encryptionsdk.CryptoInputStreamTest$ParameterizedEncryptDecryptTest" time="0.054"/>
  <testcase name="encryptDecrypt[2043: encryptDecrypt(algorithm=ALG_AES_128_GCM_IV12_TAG16_HKDF_SHA256_ECDSA_P256, byteSize=1,000,000, frameSize=0, readLen=1,000,000)]" classname="com.amazonaws.encryptionsdk.CryptoInputStreamTest$ParameterizedEncryptDecryptTest" time="0.056"/>
  <testcase name="encryptDecrypt[2044: encryptDecrypt(algorithm=ALG_AES_128_GCM_IV12_TAG16_HKDF_SHA256_ECDSA_P256, byteSize=0, frameSize=15, readLen=1)]" classname="com.amazonaws.encryptionsdk.CryptoInputStreamTest$ParameterizedEncryptDecryptTest" time="0.001"/>
  <testcase name="encryptDecrypt[2045: encryptDecrypt(algorithm=ALG_AES_128_GCM_IV12_TAG16_HKDF_SHA256_ECDSA_P256, byteSize=0, frameSize=15, readLen=1)]" classname="com.amazonaws.encryptionsdk.CryptoInputStreamTest$ParameterizedEncryptDecryptTest" time="0.002"/>
  <testcase name="encryptDecrypt[2046: encryptDecrypt(algorithm=ALG_AES_128_GCM_IV12_TAG16_HKDF_SHA256_ECDSA_P256, byteSize=0, frameSize=15, readLen=1,000,000)]" classname="com.amazonaws.encryptionsdk.CryptoInputStreamTest$ParameterizedEncryptDecryptTest" time="0.002"/>
  <testcase name="encryptDecrypt[2047: encryptDecrypt(algorithm=ALG_AES_128_GCM_IV12_TAG16_HKDF_SHA256_ECDSA_P256, byteSize=1, frameSize=15, readLen=1)]" classname="com.amazonaws.encryptionsdk.CryptoInputStreamTest$ParameterizedEncryptDecryptTest" time="0.001"/>
  <testcase name="encryptDecrypt[2048: encryptDecrypt(algorithm=ALG_AES_128_GCM_IV12_TAG16_HKDF_SHA256_ECDSA_P256, byteSize=1, frameSize=15, readLen=1)]" classname="com.amazonaws.encryptionsdk.CryptoInputStreamTest$ParameterizedEncryptDecryptTest" time="0.002"/>
  <testcase name="encryptDecrypt[2049: encryptDecrypt(algorithm=ALG_AES_128_GCM_IV12_TAG16_HKDF_SHA256_ECDSA_P256, byteSize=1, frameSize=15, readLen=2)]" classname="com.amazonaws.encryptionsdk.CryptoInputStreamTest$ParameterizedEncryptDecryptTest" time="0.001"/>
  <testcase name="encryptDecrypt[2050: encryptDecrypt(algorithm=ALG_AES_128_GCM_IV12_TAG16_HKDF_SHA256_ECDSA_P256, byteSize=1, frameSize=15, readLen=2)]" classname="com.amazonaws.encryptionsdk.CryptoInputStreamTest$ParameterizedEncryptDecryptTest" time="0.002"/>
  <testcase name="encryptDecrypt[2051: encryptDecrypt(algorithm=ALG_AES_128_GCM_IV12_TAG16_HKDF_SHA256_ECDSA_P256, byteSize=1, frameSize=15, readLen=1,000,000)]" classname="com.amazonaws.encryptionsdk.CryptoInputStreamTest$ParameterizedEncryptDecryptTest" time="0.001"/>
  <testcase name="encryptDecrypt[2052: encryptDecrypt(algorithm=ALG_AES_128_GCM_IV12_TAG16_HKDF_SHA256_ECDSA_P256, byteSize=14, frameSize=15, readLen=1)]" classname="com.amazonaws.encryptionsdk.CryptoInputStreamTest$ParameterizedEncryptDecryptTest" time="0.002"/>
  <testcase name="encryptDecrypt[2053: encryptDecrypt(algorithm=ALG_AES_128_GCM_IV12_TAG16_HKDF_SHA256_ECDSA_P256, byteSize=14, frameSize=15, readLen=13)]" classname="com.amazonaws.encryptionsdk.CryptoInputStreamTest$ParameterizedEncryptDecryptTest" time="0.001"/>
  <testcase name="encryptDecrypt[2054: encryptDecrypt(algorithm=ALG_AES_128_GCM_IV12_TAG16_HKDF_SHA256_ECDSA_P256, byteSize=14, frameSize=15, readLen=14)]" classname="com.amazonaws.encryptionsdk.CryptoInputStreamTest$ParameterizedEncryptDecryptTest" time="0.002"/>
  <testcase name="encryptDecrypt[2055: encryptDecrypt(algorithm=ALG_AES_128_GCM_IV12_TAG16_HKDF_SHA256_ECDSA_P256, byteSize=14, frameSize=15, readLen=15)]" classname="com.amazonaws.encryptionsdk.CryptoInputStreamTest$ParameterizedEncryptDecryptTest" time="0.001"/>
  <testcase name="encryptDecrypt[2056: encryptDecrypt(algorithm=ALG_AES_128_GCM_IV12_TAG16_HKDF_SHA256_ECDSA_P256, byteSize=14, frameSize=15, readLen=28)]" classname="com.amazonaws.encryptionsdk.CryptoInputStreamTest$ParameterizedEncryptDecryptTest" time="0.002"/>
  <testcase name="encryptDecrypt[2057: encryptDecrypt(algorithm=ALG_AES_128_GCM_IV12_TAG16_HKDF_SHA256_ECDSA_P256, byteSize=14, frameSize=15, readLen=1,000,000)]" classname="com.amazonaws.encryptionsdk.CryptoInputStreamTest$ParameterizedEncryptDecryptTest" time="0.001"/>
  <testcase name="encryptDecrypt[2058: encryptDecrypt(algorithm=ALG_AES_128_GCM_IV12_TAG16_HKDF_SHA256_ECDSA_P256, byteSize=15, frameSize=15, readLen=1)]" classname="com.amazonaws.encryptionsdk.CryptoInputStreamTest$ParameterizedEncryptDecryptTest" time="0.002"/>
  <testcase name="encryptDecrypt[2059: encryptDecrypt(algorithm=ALG_AES_128_GCM_IV12_TAG16_HKDF_SHA256_ECDSA_P256, byteSize=15, frameSize=15, readLen=14)]" classname="com.amazonaws.encryptionsdk.CryptoInputStreamTest$ParameterizedEncryptDecryptTest" time="0.001"/>
  <testcase name="encryptDecrypt[2060: encryptDecrypt(algorithm=ALG_AES_128_GCM_IV12_TAG16_HKDF_SHA256_ECDSA_P256, byteSize=15, frameSize=15, readLen=15)]" classname="com.amazonaws.encryptionsdk.CryptoInputStreamTest$ParameterizedEncryptDecryptTest" time="0.002"/>
  <testcase name="encryptDecrypt[2061: encryptDecrypt(algorithm=ALG_AES_128_GCM_IV12_TAG16_HKDF_SHA256_ECDSA_P256, byteSize=15, frameSize=15, readLen=16)]" classname="com.amazonaws.encryptionsdk.CryptoInputStreamTest$ParameterizedEncryptDecryptTest" time="0.001"/>
  <testcase name="encryptDecrypt[2062: encryptDecrypt(algorithm=ALG_AES_128_GCM_IV12_TAG16_HKDF_SHA256_ECDSA_P256, byteSize=15, frameSize=15, readLen=30)]" classname="com.amazonaws.encryptionsdk.CryptoInputStreamTest$ParameterizedEncryptDecryptTest" time="0.002"/>
  <testcase name="encryptDecrypt[2063: encryptDecrypt(algorithm=ALG_AES_128_GCM_IV12_TAG16_HKDF_SHA256_ECDSA_P256, byteSize=15, frameSize=15, readLen=1,000,000)]" classname="com.amazonaws.encryptionsdk.CryptoInputStreamTest$ParameterizedEncryptDecryptTest" time="0.001"/>
  <testcase name="encryptDecrypt[2064: encryptDecrypt(algorithm=ALG_AES_128_GCM_IV12_TAG16_HKDF_SHA256_ECDSA_P256, byteSize=16, frameSize=15, readLen=1)]" classname="com.amazonaws.encryptionsdk.CryptoInputStreamTest$ParameterizedEncryptDecryptTest" time="0.001"/>
  <testcase name="encryptDecrypt[2065: encryptDecrypt(algorithm=ALG_AES_128_GCM_IV12_TAG16_HKDF_SHA256_ECDSA_P256, byteSize=16, frameSize=15, readLen=15)]" classname="com.amazonaws.encryptionsdk.CryptoInputStreamTest$ParameterizedEncryptDecryptTest" time="0.001"/>
  <testcase name="encryptDecrypt[2066: encryptDecrypt(algorithm=ALG_AES_128_GCM_IV12_TAG16_HKDF_SHA256_ECDSA_P256, byteSize=16, frameSize=15, readLen=16)]" classname="com.amazonaws.encryptionsdk.CryptoInputStreamTest$ParameterizedEncryptDecryptTest" time="0.001"/>
  <testcase name="encryptDecrypt[2067: encryptDecrypt(algorithm=ALG_AES_128_GCM_IV12_TAG16_HKDF_SHA256_ECDSA_P256, byteSize=16, frameSize=15, readLen=17)]" classname="com.amazonaws.encryptionsdk.CryptoInputStreamTest$ParameterizedEncryptDecryptTest" time="0.002"/>
  <testcase name="encryptDecrypt[2068: encryptDecrypt(algorithm=ALG_AES_128_GCM_IV12_TAG16_HKDF_SHA256_ECDSA_P256, byteSize=16, frameSize=15, readLen=32)]" classname="com.amazonaws.encryptionsdk.CryptoInputStreamTest$ParameterizedEncryptDecryptTest" time="0.001"/>
  <testcase name="encryptDecrypt[2069: encryptDecrypt(algorithm=ALG_AES_128_GCM_IV12_TAG16_HKDF_SHA256_ECDSA_P256, byteSize=16, frameSize=15, readLen=1,000,000)]" classname="com.amazonaws.encryptionsdk.CryptoInputStreamTest$ParameterizedEncryptDecryptTest" time="0.002"/>
  <testcase name="encryptDecrypt[2070: encryptDecrypt(algorithm=ALG_AES_128_GCM_IV12_TAG16_HKDF_SHA256_ECDSA_P256, byteSize=22, frameSize=15, readLen=1)]" classname="com.amazonaws.encryptionsdk.CryptoInputStreamTest$ParameterizedEncryptDecryptTest" time="0.001"/>
  <testcase name="encryptDecrypt[2071: encryptDecrypt(algorithm=ALG_AES_128_GCM_IV12_TAG16_HKDF_SHA256_ECDSA_P256, byteSize=22, frameSize=15, readLen=21)]" classname="com.amazonaws.encryptionsdk.CryptoInputStreamTest$ParameterizedEncryptDecryptTest" time="0.002"/>
  <testcase name="encryptDecrypt[2072: encryptDecrypt(algorithm=ALG_AES_128_GCM_IV12_TAG16_HKDF_SHA256_ECDSA_P256, byteSize=22, frameSize=15, readLen=22)]" classname="com.amazonaws.encryptionsdk.CryptoInputStreamTest$ParameterizedEncryptDecryptTest" time="0.001"/>
  <testcase name="encryptDecrypt[2073: encryptDecrypt(algorithm=ALG_AES_128_GCM_IV12_TAG16_HKDF_SHA256_ECDSA_P256, byteSize=22, frameSize=15, readLen=23)]" classname="com.amazonaws.encryptionsdk.CryptoInputStreamTest$ParameterizedEncryptDecryptTest" time="0.002"/>
  <testcase name="encryptDecrypt[2074: encryptDecrypt(algorithm=ALG_AES_128_GCM_IV12_TAG16_HKDF_SHA256_ECDSA_P256, byteSize=22, frameSize=15, readLen=44)]" classname="com.amazonaws.encryptionsdk.CryptoInputStreamTest$ParameterizedEncryptDecryptTest" time="0.001"/>
  <testcase name="encryptDecrypt[2075: encryptDecrypt(algorithm=ALG_AES_128_GCM_IV12_TAG16_HKDF_SHA256_ECDSA_P256, byteSize=22, frameSize=15, readLen=1,000,000)]" classname="com.amazonaws.encryptionsdk.CryptoInputStreamTest$ParameterizedEncryptDecryptTest" time="0.002"/>
  <testcase name="encryptDecrypt[2076: encryptDecrypt(algorithm=ALG_AES_128_GCM_IV12_TAG16_HKDF_SHA256_ECDSA_P256, byteSize=30, frameSize=15, readLen=1)]" classname="com.amazonaws.encryptionsdk.CryptoInputStreamTest$ParameterizedEncryptDecryptTest" time="0.001"/>
  <testcase name="encryptDecrypt[2077: encryptDecrypt(algorithm=ALG_AES_128_GCM_IV12_TAG16_HKDF_SHA256_ECDSA_P256, byteSize=30, frameSize=15, readLen=29)]" classname="com.amazonaws.encryptionsdk.CryptoInputStreamTest$ParameterizedEncryptDecryptTest" time="0.002"/>
  <testcase name="encryptDecrypt[2078: encryptDecrypt(algorithm=ALG_AES_128_GCM_IV12_TAG16_HKDF_SHA256_ECDSA_P256, byteSize=30, frameSize=15, readLen=30)]" classname="com.amazonaws.encryptionsdk.CryptoInputStreamTest$ParameterizedEncryptDecryptTest" time="0.001"/>
  <testcase name="encryptDecrypt[2079: encryptDecrypt(algorithm=ALG_AES_128_GCM_IV12_TAG16_HKDF_SHA256_ECDSA_P256, byteSize=30, frameSize=15, readLen=31)]" classname="com.amazonaws.encryptionsdk.CryptoInputStreamTest$ParameterizedEncryptDecryptTest" time="0.002"/>
  <testcase name="encryptDecrypt[2080: encryptDecrypt(algorithm=ALG_AES_128_GCM_IV12_TAG16_HKDF_SHA256_ECDSA_P256, byteSize=30, frameSize=15, readLen=60)]" classname="com.amazonaws.encryptionsdk.CryptoInputStreamTest$ParameterizedEncryptDecryptTest" time="0.001"/>
  <testcase name="encryptDecrypt[2081: encryptDecrypt(algorithm=ALG_AES_128_GCM_IV12_TAG16_HKDF_SHA256_ECDSA_P256, byteSize=30, frameSize=15, readLen=1,000,000)]" classname="com.amazonaws.encryptionsdk.CryptoInputStreamTest$ParameterizedEncryptDecryptTest" time="0.002"/>
  <testcase name="encryptDecrypt[2082: encryptDecrypt(algorithm=ALG_AES_128_GCM_IV12_TAG16_HKDF_SHA256_ECDSA_P256, byteSize=1,000,000, frameSize=15, readLen=1)]" classname="com.amazonaws.encryptionsdk.CryptoInputStreamTest$ParameterizedEncryptDecryptTest" time="0.134"/>
  <testcase name="encryptDecrypt[2083: encryptDecrypt(algorithm=ALG_AES_128_GCM_IV12_TAG16_HKDF_SHA256_ECDSA_P256, byteSize=1,000,000, frameSize=15, readLen=999,999)]" classname="com.amazonaws.encryptionsdk.CryptoInputStreamTest$ParameterizedEncryptDecryptTest" time="0.112"/>
  <testcase name="encryptDecrypt[2084: encryptDecrypt(algorithm=ALG_AES_128_GCM_IV12_TAG16_HKDF_SHA256_ECDSA_P256, byteSize=1,000,000, frameSize=15, readLen=1,000,000)]" classname="com.amazonaws.encryptionsdk.CryptoInputStreamTest$ParameterizedEncryptDecryptTest" time="0.114"/>
  <testcase name="encryptDecrypt[2085: encryptDecrypt(algorithm=ALG_AES_128_GCM_IV12_TAG16_HKDF_SHA256_ECDSA_P256, byteSize=1,000,000, frameSize=15, readLen=1,000,001)]" classname="com.amazonaws.encryptionsdk.CryptoInputStreamTest$ParameterizedEncryptDecryptTest" time="0.113"/>
  <testcase name="encryptDecrypt[2086: encryptDecrypt(algorithm=ALG_AES_128_GCM_IV12_TAG16_HKDF_SHA256_ECDSA_P256, byteSize=1,000,000, frameSize=15, readLen=2,000,000)]" classname="com.amazonaws.encryptionsdk.CryptoInputStreamTest$ParameterizedEncryptDecryptTest" time="0.114"/>
  <testcase name="encryptDecrypt[2087: encryptDecrypt(algorithm=ALG_AES_128_GCM_IV12_TAG16_HKDF_SHA256_ECDSA_P256, byteSize=1,000,000, frameSize=15, readLen=1,000,000)]" classname="com.amazonaws.encryptionsdk.CryptoInputStreamTest$ParameterizedEncryptDecryptTest" time="0.112"/>
  <testcase name="encryptDecrypt[2088: encryptDecrypt(algorithm=ALG_AES_128_GCM_IV12_TAG16_HKDF_SHA256_ECDSA_P256, byteSize=0, frameSize=16, readLen=1)]" classname="com.amazonaws.encryptionsdk.CryptoInputStreamTest$ParameterizedEncryptDecryptTest" time="0.001"/>
  <testcase name="encryptDecrypt[2089: encryptDecrypt(algorithm=ALG_AES_128_GCM_IV12_TAG16_HKDF_SHA256_ECDSA_P256, byteSize=0, frameSize=16, readLen=1)]" classname="com.amazonaws.encryptionsdk.CryptoInputStreamTest$ParameterizedEncryptDecryptTest" time="0.001"/>
  <testcase name="encryptDecrypt[2090: encryptDecrypt(algorithm=ALG_AES_128_GCM_IV12_TAG16_HKDF_SHA256_ECDSA_P256, byteSize=0, frameSize=16, readLen=1,000,000)]" classname="com.amazonaws.encryptionsdk.CryptoInputStreamTest$ParameterizedEncryptDecryptTest" time="0.001"/>
  <testcase name="encryptDecrypt[2091: encryptDecrypt(algorithm=ALG_AES_128_GCM_IV12_TAG16_HKDF_SHA256_ECDSA_P256, byteSize=1, frameSize=16, readLen=1)]" classname="com.amazonaws.encryptionsdk.CryptoInputStreamTest$ParameterizedEncryptDecryptTest" time="0.002"/>
  <testcase name="encryptDecrypt[2092: encryptDecrypt(algorithm=ALG_AES_128_GCM_IV12_TAG16_HKDF_SHA256_ECDSA_P256, byteSize=1, frameSize=16, readLen=1)]" classname="com.amazonaws.encryptionsdk.CryptoInputStreamTest$ParameterizedEncryptDecryptTest" time="0.001"/>
  <testcase name="encryptDecrypt[2093: encryptDecrypt(algorithm=ALG_AES_128_GCM_IV12_TAG16_HKDF_SHA256_ECDSA_P256, byteSize=1, frameSize=16, readLen=2)]" classname="com.amazonaws.encryptionsdk.CryptoInputStreamTest$ParameterizedEncryptDecryptTest" time="0.001"/>
  <testcase name="encryptDecrypt[2094: encryptDecrypt(algorithm=ALG_AES_128_GCM_IV12_TAG16_HKDF_SHA256_ECDSA_P256, byteSize=1, frameSize=16, readLen=2)]" classname="com.amazonaws.encryptionsdk.CryptoInputStreamTest$ParameterizedEncryptDecryptTest" time="0.001"/>
  <testcase name="encryptDecrypt[2095: encryptDecrypt(algorithm=ALG_AES_128_GCM_IV12_TAG16_HKDF_SHA256_ECDSA_P256, byteSize=1, frameSize=16, readLen=1,000,000)]" classname="com.amazonaws.encryptionsdk.CryptoInputStreamTest$ParameterizedEncryptDecryptTest" time="0.002"/>
  <testcase name="encryptDecrypt[2096: encryptDecrypt(algorithm=ALG_AES_128_GCM_IV12_TAG16_HKDF_SHA256_ECDSA_P256, byteSize=15, frameSize=16, readLen=1)]" classname="com.amazonaws.encryptionsdk.CryptoInputStreamTest$ParameterizedEncryptDecryptTest" time="0.001"/>
  <testcase name="encryptDecrypt[2097: encryptDecrypt(algorithm=ALG_AES_128_GCM_IV12_TAG16_HKDF_SHA256_ECDSA_P256, byteSize=15, frameSize=16, readLen=14)]" classname="com.amazonaws.encryptionsdk.CryptoInputStreamTest$ParameterizedEncryptDecryptTest" time="0.001"/>
  <testcase name="encryptDecrypt[2098: encryptDecrypt(algorithm=ALG_AES_128_GCM_IV12_TAG16_HKDF_SHA256_ECDSA_P256, byteSize=15, frameSize=16, readLen=15)]" classname="com.amazonaws.encryptionsdk.CryptoInputStreamTest$ParameterizedEncryptDecryptTest" time="0.001"/>
  <testcase name="encryptDecrypt[2099: encryptDecrypt(algorithm=ALG_AES_128_GCM_IV12_TAG16_HKDF_SHA256_ECDSA_P256, byteSize=15, frameSize=16, readLen=16)]" classname="com.amazonaws.encryptionsdk.CryptoInputStreamTest$ParameterizedEncryptDecryptTest" time="0.002"/>
  <testcase name="encryptDecrypt[2100: encryptDecrypt(algorithm=ALG_AES_128_GCM_IV12_TAG16_HKDF_SHA256_ECDSA_P256, byteSize=15, frameSize=16, readLen=30)]" classname="com.amazonaws.encryptionsdk.CryptoInputStreamTest$ParameterizedEncryptDecryptTest" time="0.001"/>
  <testcase name="encryptDecrypt[2101: encryptDecrypt(algorithm=ALG_AES_128_GCM_IV12_TAG16_HKDF_SHA256_ECDSA_P256, byteSize=15, frameSize=16, readLen=1,000,000)]" classname="com.amazonaws.encryptionsdk.CryptoInputStreamTest$ParameterizedEncryptDecryptTest" time="0.001"/>
  <testcase name="encryptDecrypt[2102: encryptDecrypt(algorithm=ALG_AES_128_GCM_IV12_TAG16_HKDF_SHA256_ECDSA_P256, byteSize=16, frameSize=16, readLen=1)]" classname="com.amazonaws.encryptionsdk.CryptoInputStreamTest$ParameterizedEncryptDecryptTest" time="0.001"/>
  <testcase name="encryptDecrypt[2103: encryptDecrypt(algorithm=ALG_AES_128_GCM_IV12_TAG16_HKDF_SHA256_ECDSA_P256, byteSize=16, frameSize=16, readLen=15)]" classname="com.amazonaws.encryptionsdk.CryptoInputStreamTest$ParameterizedEncryptDecryptTest" time="0.002"/>
  <testcase name="encryptDecrypt[2104: encryptDecrypt(algorithm=ALG_AES_128_GCM_IV12_TAG16_HKDF_SHA256_ECDSA_P256, byteSize=16, frameSize=16, readLen=16)]" classname="com.amazonaws.encryptionsdk.CryptoInputStreamTest$ParameterizedEncryptDecryptTest" time="0.001"/>
  <testcase name="encryptDecrypt[2105: encryptDecrypt(algorithm=ALG_AES_128_GCM_IV12_TAG16_HKDF_SHA256_ECDSA_P256, byteSize=16, frameSize=16, readLen=17)]" classname="com.amazonaws.encryptionsdk.CryptoInputStreamTest$ParameterizedEncryptDecryptTest" time="0.002"/>
  <testcase name="encryptDecrypt[2106: encryptDecrypt(algorithm=ALG_AES_128_GCM_IV12_TAG16_HKDF_SHA256_ECDSA_P256, byteSize=16, frameSize=16, readLen=32)]" classname="com.amazonaws.encryptionsdk.CryptoInputStreamTest$ParameterizedEncryptDecryptTest" time="0.001"/>
  <testcase name="encryptDecrypt[2107: encryptDecrypt(algorithm=ALG_AES_128_GCM_IV12_TAG16_HKDF_SHA256_ECDSA_P256, byteSize=16, frameSize=16, readLen=1,000,000)]" classname="com.amazonaws.encryptionsdk.CryptoInputStreamTest$ParameterizedEncryptDecryptTest" time="0.001"/>
  <testcase name="encryptDecrypt[2108: encryptDecrypt(algorithm=ALG_AES_128_GCM_IV12_TAG16_HKDF_SHA256_ECDSA_P256, byteSize=17, frameSize=16, readLen=1)]" classname="com.amazonaws.encryptionsdk.CryptoInputStreamTest$ParameterizedEncryptDecryptTest" time="0.001"/>
  <testcase name="encryptDecrypt[2109: encryptDecrypt(algorithm=ALG_AES_128_GCM_IV12_TAG16_HKDF_SHA256_ECDSA_P256, byteSize=17, frameSize=16, readLen=16)]" classname="com.amazonaws.encryptionsdk.CryptoInputStreamTest$ParameterizedEncryptDecryptTest" time="0.002"/>
  <testcase name="encryptDecrypt[2110: encryptDecrypt(algorithm=ALG_AES_128_GCM_IV12_TAG16_HKDF_SHA256_ECDSA_P256, byteSize=17, frameSize=16, readLen=17)]" classname="com.amazonaws.encryptionsdk.CryptoInputStreamTest$ParameterizedEncryptDecryptTest" time="0.001"/>
  <testcase name="encryptDecrypt[2111: encryptDecrypt(algorithm=ALG_AES_128_GCM_IV12_TAG16_HKDF_SHA256_ECDSA_P256, byteSize=17, frameSize=16, readLen=18)]" classname="com.amazonaws.encryptionsdk.CryptoInputStreamTest$ParameterizedEncryptDecryptTest" time="0.001"/>
  <testcase name="encryptDecrypt[2112: encryptDecrypt(algorithm=ALG_AES_128_GCM_IV12_TAG16_HKDF_SHA256_ECDSA_P256, byteSize=17, frameSize=16, readLen=34)]" classname="com.amazonaws.encryptionsdk.CryptoInputStreamTest$ParameterizedEncryptDecryptTest" time="0.001"/>
  <testcase name="encryptDecrypt[2113: encryptDecrypt(algorithm=ALG_AES_128_GCM_IV12_TAG16_HKDF_SHA256_ECDSA_P256, byteSize=17, frameSize=16, readLen=1,000,000)]" classname="com.amazonaws.encryptionsdk.CryptoInputStreamTest$ParameterizedEncryptDecryptTest" time="0.002"/>
  <testcase name="encryptDecrypt[2114: encryptDecrypt(algorithm=ALG_AES_128_GCM_IV12_TAG16_HKDF_SHA256_ECDSA_P256, byteSize=24, frameSize=16, readLen=1)]" classname="com.amazonaws.encryptionsdk.CryptoInputStreamTest$ParameterizedEncryptDecryptTest" time="0.001"/>
  <testcase name="encryptDecrypt[2115: encryptDecrypt(algorithm=ALG_AES_128_GCM_IV12_TAG16_HKDF_SHA256_ECDSA_P256, byteSize=24, frameSize=16, readLen=23)]" classname="com.amazonaws.encryptionsdk.CryptoInputStreamTest$ParameterizedEncryptDecryptTest" time="0.001"/>
  <testcase name="encryptDecrypt[2116: encryptDecrypt(algorithm=ALG_AES_128_GCM_IV12_TAG16_HKDF_SHA256_ECDSA_P256, byteSize=24, frameSize=16, readLen=24)]" classname="com.amazonaws.encryptionsdk.CryptoInputStreamTest$ParameterizedEncryptDecryptTest" time="0.001"/>
  <testcase name="encryptDecrypt[2117: encryptDecrypt(algorithm=ALG_AES_128_GCM_IV12_TAG16_HKDF_SHA256_ECDSA_P256, byteSize=24, frameSize=16, readLen=25)]" classname="com.amazonaws.encryptionsdk.CryptoInputStreamTest$ParameterizedEncryptDecryptTest" time="0.001"/>
  <testcase name="encryptDecrypt[2118: encryptDecrypt(algorithm=ALG_AES_128_GCM_IV12_TAG16_HKDF_SHA256_ECDSA_P256, byteSize=24, frameSize=16, readLen=48)]" classname="com.amazonaws.encryptionsdk.CryptoInputStreamTest$ParameterizedEncryptDecryptTest" time="0.001"/>
  <testcase name="encryptDecrypt[2119: encryptDecrypt(algorithm=ALG_AES_128_GCM_IV12_TAG16_HKDF_SHA256_ECDSA_P256, byteSize=24, frameSize=16, readLen=1,000,000)]" classname="com.amazonaws.encryptionsdk.CryptoInputStreamTest$ParameterizedEncryptDecryptTest" time="0.001"/>
  <testcase name="encryptDecrypt[2120: encryptDecrypt(algorithm=ALG_AES_128_GCM_IV12_TAG16_HKDF_SHA256_ECDSA_P256, byteSize=32, frameSize=16, readLen=1)]" classname="com.amazonaws.encryptionsdk.CryptoInputStreamTest$ParameterizedEncryptDecryptTest" time="0.002"/>
  <testcase name="encryptDecrypt[2121: encryptDecrypt(algorithm=ALG_AES_128_GCM_IV12_TAG16_HKDF_SHA256_ECDSA_P256, byteSize=32, frameSize=16, readLen=31)]" classname="com.amazonaws.encryptionsdk.CryptoInputStreamTest$ParameterizedEncryptDecryptTest" time="0.001"/>
  <testcase name="encryptDecrypt[2122: encryptDecrypt(algorithm=ALG_AES_128_GCM_IV12_TAG16_HKDF_SHA256_ECDSA_P256, byteSize=32, frameSize=16, readLen=32)]" classname="com.amazonaws.encryptionsdk.CryptoInputStreamTest$ParameterizedEncryptDecryptTest" time="0.001"/>
  <testcase name="encryptDecrypt[2123: encryptDecrypt(algorithm=ALG_AES_128_GCM_IV12_TAG16_HKDF_SHA256_ECDSA_P256, byteSize=32, frameSize=16, readLen=33)]" classname="com.amazonaws.encryptionsdk.CryptoInputStreamTest$ParameterizedEncryptDecryptTest" time="0.001"/>
  <testcase name="encryptDecrypt[2124: encryptDecrypt(algorithm=ALG_AES_128_GCM_IV12_TAG16_HKDF_SHA256_ECDSA_P256, byteSize=32, frameSize=16, readLen=64)]" classname="com.amazonaws.encryptionsdk.CryptoInputStreamTest$ParameterizedEncryptDecryptTest" time="0.001"/>
  <testcase name="encryptDecrypt[2125: encryptDecrypt(algorithm=ALG_AES_128_GCM_IV12_TAG16_HKDF_SHA256_ECDSA_P256, byteSize=32, frameSize=16, readLen=1,000,000)]" classname="com.amazonaws.encryptionsdk.CryptoInputStreamTest$ParameterizedEncryptDecryptTest" time="0.002"/>
  <testcase name="encryptDecrypt[2126: encryptDecrypt(algorithm=ALG_AES_128_GCM_IV12_TAG16_HKDF_SHA256_ECDSA_P256, byteSize=1,000,000, frameSize=16, readLen=1)]" classname="com.amazonaws.encryptionsdk.CryptoInputStreamTest$ParameterizedEncryptDecryptTest" time="0.122"/>
  <testcase name="encryptDecrypt[2127: encryptDecrypt(algorithm=ALG_AES_128_GCM_IV12_TAG16_HKDF_SHA256_ECDSA_P256, byteSize=1,000,000, frameSize=16, readLen=999,999)]" classname="com.amazonaws.encryptionsdk.CryptoInputStreamTest$ParameterizedEncryptDecryptTest" time="0.105"/>
  <testcase name="encryptDecrypt[2128: encryptDecrypt(algorithm=ALG_AES_128_GCM_IV12_TAG16_HKDF_SHA256_ECDSA_P256, byteSize=1,000,000, frameSize=16, readLen=1,000,000)]" classname="com.amazonaws.encryptionsdk.CryptoInputStreamTest$ParameterizedEncryptDecryptTest" time="0.102"/>
  <testcase name="encryptDecrypt[2129: encryptDecrypt(algorithm=ALG_AES_128_GCM_IV12_TAG16_HKDF_SHA256_ECDSA_P256, byteSize=1,000,000, frameSize=16, readLen=1,000,001)]" classname="com.amazonaws.encryptionsdk.CryptoInputStreamTest$ParameterizedEncryptDecryptTest" time="0.107"/>
  <testcase name="encryptDecrypt[2130: encryptDecrypt(algorithm=ALG_AES_128_GCM_IV12_TAG16_HKDF_SHA256_ECDSA_P256, byteSize=1,000,000, frameSize=16, readLen=2,000,000)]" classname="com.amazonaws.encryptionsdk.CryptoInputStreamTest$ParameterizedEncryptDecryptTest" time="0.102"/>
  <testcase name="encryptDecrypt[2131: encryptDecrypt(algorithm=ALG_AES_128_GCM_IV12_TAG16_HKDF_SHA256_ECDSA_P256, byteSize=1,000,000, frameSize=16, readLen=1,000,000)]" classname="com.amazonaws.encryptionsdk.CryptoInputStreamTest$ParameterizedEncryptDecryptTest" time="0.103"/>
  <testcase name="encryptDecrypt[2132: encryptDecrypt(algorithm=ALG_AES_128_GCM_IV12_TAG16_HKDF_SHA256_ECDSA_P256, byteSize=0, frameSize=17, readLen=1)]" classname="com.amazonaws.encryptionsdk.CryptoInputStreamTest$ParameterizedEncryptDecryptTest" time="0.001"/>
  <testcase name="encryptDecrypt[2133: encryptDecrypt(algorithm=ALG_AES_128_GCM_IV12_TAG16_HKDF_SHA256_ECDSA_P256, byteSize=0, frameSize=17, readLen=1)]" classname="com.amazonaws.encryptionsdk.CryptoInputStreamTest$ParameterizedEncryptDecryptTest" time="0.001"/>
  <testcase name="encryptDecrypt[2134: encryptDecrypt(algorithm=ALG_AES_128_GCM_IV12_TAG16_HKDF_SHA256_ECDSA_P256, byteSize=0, frameSize=17, readLen=1,000,000)]" classname="com.amazonaws.encryptionsdk.CryptoInputStreamTest$ParameterizedEncryptDecryptTest" time="0.002"/>
  <testcase name="encryptDecrypt[2135: encryptDecrypt(algorithm=ALG_AES_128_GCM_IV12_TAG16_HKDF_SHA256_ECDSA_P256, byteSize=1, frameSize=17, readLen=1)]" classname="com.amazonaws.encryptionsdk.CryptoInputStreamTest$ParameterizedEncryptDecryptTest" time="0.001"/>
  <testcase name="encryptDecrypt[2136: encryptDecrypt(algorithm=ALG_AES_128_GCM_IV12_TAG16_HKDF_SHA256_ECDSA_P256, byteSize=1, frameSize=17, readLen=1)]" classname="com.amazonaws.encryptionsdk.CryptoInputStreamTest$ParameterizedEncryptDecryptTest" time="0.001"/>
  <testcase name="encryptDecrypt[2137: encryptDecrypt(algorithm=ALG_AES_128_GCM_IV12_TAG16_HKDF_SHA256_ECDSA_P256, byteSize=1, frameSize=17, readLen=2)]" classname="com.amazonaws.encryptionsdk.CryptoInputStreamTest$ParameterizedEncryptDecryptTest" time="0.001"/>
  <testcase name="encryptDecrypt[2138: encryptDecrypt(algorithm=ALG_AES_128_GCM_IV12_TAG16_HKDF_SHA256_ECDSA_P256, byteSize=1, frameSize=17, readLen=2)]" classname="com.amazonaws.encryptionsdk.CryptoInputStreamTest$ParameterizedEncryptDecryptTest" time="0.001"/>
  <testcase name="encryptDecrypt[2139: encryptDecrypt(algorithm=ALG_AES_128_GCM_IV12_TAG16_HKDF_SHA256_ECDSA_P256, byteSize=1, frameSize=17, readLen=1,000,000)]" classname="com.amazonaws.encryptionsdk.CryptoInputStreamTest$ParameterizedEncryptDecryptTest" time="0.002"/>
  <testcase name="encryptDecrypt[2140: encryptDecrypt(algorithm=ALG_AES_128_GCM_IV12_TAG16_HKDF_SHA256_ECDSA_P256, byteSize=16, frameSize=17, readLen=1)]" classname="com.amazonaws.encryptionsdk.CryptoInputStreamTest$ParameterizedEncryptDecryptTest" time="0.001"/>
  <testcase name="encryptDecrypt[2141: encryptDecrypt(algorithm=ALG_AES_128_GCM_IV12_TAG16_HKDF_SHA256_ECDSA_P256, byteSize=16, frameSize=17, readLen=15)]" classname="com.amazonaws.encryptionsdk.CryptoInputStreamTest$ParameterizedEncryptDecryptTest" time="0.001"/>
  <testcase name="encryptDecrypt[2142: encryptDecrypt(algorithm=ALG_AES_128_GCM_IV12_TAG16_HKDF_SHA256_ECDSA_P256, byteSize=16, frameSize=17, readLen=16)]" classname="com.amazonaws.encryptionsdk.CryptoInputStreamTest$ParameterizedEncryptDecryptTest" time="0.001"/>
  <testcase name="encryptDecrypt[2143: encryptDecrypt(algorithm=ALG_AES_128_GCM_IV12_TAG16_HKDF_SHA256_ECDSA_P256, byteSize=16, frameSize=17, readLen=17)]" classname="com.amazonaws.encryptionsdk.CryptoInputStreamTest$ParameterizedEncryptDecryptTest" time="0.001"/>
  <testcase name="encryptDecrypt[2144: encryptDecrypt(algorithm=ALG_AES_128_GCM_IV12_TAG16_HKDF_SHA256_ECDSA_P256, byteSize=16, frameSize=17, readLen=32)]" classname="com.amazonaws.encryptionsdk.CryptoInputStreamTest$ParameterizedEncryptDecryptTest" time="0.001"/>
  <testcase name="encryptDecrypt[2145: encryptDecrypt(algorithm=ALG_AES_128_GCM_IV12_TAG16_HKDF_SHA256_ECDSA_P256, byteSize=16, frameSize=17, readLen=1,000,000)]" classname="com.amazonaws.encryptionsdk.CryptoInputStreamTest$ParameterizedEncryptDecryptTest" time="0.002"/>
  <testcase name="encryptDecrypt[2146: encryptDecrypt(algorithm=ALG_AES_128_GCM_IV12_TAG16_HKDF_SHA256_ECDSA_P256, byteSize=17, frameSize=17, readLen=1)]" classname="com.amazonaws.encryptionsdk.CryptoInputStreamTest$ParameterizedEncryptDecryptTest" time="0.001"/>
  <testcase name="encryptDecrypt[2147: encryptDecrypt(algorithm=ALG_AES_128_GCM_IV12_TAG16_HKDF_SHA256_ECDSA_P256, byteSize=17, frameSize=17, readLen=16)]" classname="com.amazonaws.encryptionsdk.CryptoInputStreamTest$ParameterizedEncryptDecryptTest" time="0.001"/>
  <testcase name="encryptDecrypt[2148: encryptDecrypt(algorithm=ALG_AES_128_GCM_IV12_TAG16_HKDF_SHA256_ECDSA_P256, byteSize=17, frameSize=17, readLen=17)]" classname="com.amazonaws.encryptionsdk.CryptoInputStreamTest$ParameterizedEncryptDecryptTest" time="0.001"/>
  <testcase name="encryptDecrypt[2149: encryptDecrypt(algorithm=ALG_AES_128_GCM_IV12_TAG16_HKDF_SHA256_ECDSA_P256, byteSize=17, frameSize=17, readLen=18)]" classname="com.amazonaws.encryptionsdk.CryptoInputStreamTest$ParameterizedEncryptDecryptTest" time="0.001"/>
  <testcase name="encryptDecrypt[2150: encryptDecrypt(algorithm=ALG_AES_128_GCM_IV12_TAG16_HKDF_SHA256_ECDSA_P256, byteSize=17, frameSize=17, readLen=34)]" classname="com.amazonaws.encryptionsdk.CryptoInputStreamTest$ParameterizedEncryptDecryptTest" time="0.002"/>
  <testcase name="encryptDecrypt[2151: encryptDecrypt(algorithm=ALG_AES_128_GCM_IV12_TAG16_HKDF_SHA256_ECDSA_P256, byteSize=17, frameSize=17, readLen=1,000,000)]" classname="com.amazonaws.encryptionsdk.CryptoInputStreamTest$ParameterizedEncryptDecryptTest" time="0.001"/>
  <testcase name="encryptDecrypt[2152: encryptDecrypt(algorithm=ALG_AES_128_GCM_IV12_TAG16_HKDF_SHA256_ECDSA_P256, byteSize=18, frameSize=17, readLen=1)]" classname="com.amazonaws.encryptionsdk.CryptoInputStreamTest$ParameterizedEncryptDecryptTest" time="0.001"/>
  <testcase name="encryptDecrypt[2153: encryptDecrypt(algorithm=ALG_AES_128_GCM_IV12_TAG16_HKDF_SHA256_ECDSA_P256, byteSize=18, frameSize=17, readLen=17)]" classname="com.amazonaws.encryptionsdk.CryptoInputStreamTest$ParameterizedEncryptDecryptTest" time="0.001"/>
  <testcase name="encryptDecrypt[2154: encryptDecrypt(algorithm=ALG_AES_128_GCM_IV12_TAG16_HKDF_SHA256_ECDSA_P256, byteSize=18, frameSize=17, readLen=18)]" classname="com.amazonaws.encryptionsdk.CryptoInputStreamTest$ParameterizedEncryptDecryptTest" time="0.001"/>
  <testcase name="encryptDecrypt[2155: encryptDecrypt(algorithm=ALG_AES_128_GCM_IV12_TAG16_HKDF_SHA256_ECDSA_P256, byteSize=18, frameSize=17, readLen=19)]" classname="com.amazonaws.encryptionsdk.CryptoInputStreamTest$ParameterizedEncryptDecryptTest" time="0.002"/>
  <testcase name="encryptDecrypt[2156: encryptDecrypt(algorithm=ALG_AES_128_GCM_IV12_TAG16_HKDF_SHA256_ECDSA_P256, byteSize=18, frameSize=17, readLen=36)]" classname="com.amazonaws.encryptionsdk.CryptoInputStreamTest$ParameterizedEncryptDecryptTest" time="0.001"/>
  <testcase name="encryptDecrypt[2157: encryptDecrypt(algorithm=ALG_AES_128_GCM_IV12_TAG16_HKDF_SHA256_ECDSA_P256, byteSize=18, frameSize=17, readLen=1,000,000)]" classname="com.amazonaws.encryptionsdk.CryptoInputStreamTest$ParameterizedEncryptDecryptTest" time="0.001"/>
  <testcase name="encryptDecrypt[2158: encryptDecrypt(algorithm=ALG_AES_128_GCM_IV12_TAG16_HKDF_SHA256_ECDSA_P256, byteSize=25, frameSize=17, readLen=1)]" classname="com.amazonaws.encryptionsdk.CryptoInputStreamTest$ParameterizedEncryptDecryptTest" time="0.001"/>
  <testcase name="encryptDecrypt[2159: encryptDecrypt(algorithm=ALG_AES_128_GCM_IV12_TAG16_HKDF_SHA256_ECDSA_P256, byteSize=25, frameSize=17, readLen=24)]" classname="com.amazonaws.encryptionsdk.CryptoInputStreamTest$ParameterizedEncryptDecryptTest" time="0.002"/>
  <testcase name="encryptDecrypt[2160: encryptDecrypt(algorithm=ALG_AES_128_GCM_IV12_TAG16_HKDF_SHA256_ECDSA_P256, byteSize=25, frameSize=17, readLen=25)]" classname="com.amazonaws.encryptionsdk.CryptoInputStreamTest$ParameterizedEncryptDecryptTest" time="0.001"/>
  <testcase name="encryptDecrypt[2161: encryptDecrypt(algorithm=ALG_AES_128_GCM_IV12_TAG16_HKDF_SHA256_ECDSA_P256, byteSize=25, frameSize=17, readLen=26)]" classname="com.amazonaws.encryptionsdk.CryptoInputStreamTest$ParameterizedEncryptDecryptTest" time="0.001"/>
  <testcase name="encryptDecrypt[2162: encryptDecrypt(algorithm=ALG_AES_128_GCM_IV12_TAG16_HKDF_SHA256_ECDSA_P256, byteSize=25, frameSize=17, readLen=50)]" classname="com.amazonaws.encryptionsdk.CryptoInputStreamTest$ParameterizedEncryptDecryptTest" time="0.001"/>
  <testcase name="encryptDecrypt[2163: encryptDecrypt(algorithm=ALG_AES_128_GCM_IV12_TAG16_HKDF_SHA256_ECDSA_P256, byteSize=25, frameSize=17, readLen=1,000,000)]" classname="com.amazonaws.encryptionsdk.CryptoInputStreamTest$ParameterizedEncryptDecryptTest" time="0.002"/>
  <testcase name="encryptDecrypt[2164: encryptDecrypt(algorithm=ALG_AES_128_GCM_IV12_TAG16_HKDF_SHA256_ECDSA_P256, byteSize=34, frameSize=17, readLen=1)]" classname="com.amazonaws.encryptionsdk.CryptoInputStreamTest$ParameterizedEncryptDecryptTest" time="0.001"/>
  <testcase name="encryptDecrypt[2165: encryptDecrypt(algorithm=ALG_AES_128_GCM_IV12_TAG16_HKDF_SHA256_ECDSA_P256, byteSize=34, frameSize=17, readLen=33)]" classname="com.amazonaws.encryptionsdk.CryptoInputStreamTest$ParameterizedEncryptDecryptTest" time="0.001"/>
  <testcase name="encryptDecrypt[2166: encryptDecrypt(algorithm=ALG_AES_128_GCM_IV12_TAG16_HKDF_SHA256_ECDSA_P256, byteSize=34, frameSize=17, readLen=34)]" classname="com.amazonaws.encryptionsdk.CryptoInputStreamTest$ParameterizedEncryptDecryptTest" time="0.002"/>
  <testcase name="encryptDecrypt[2167: encryptDecrypt(algorithm=ALG_AES_128_GCM_IV12_TAG16_HKDF_SHA256_ECDSA_P256, byteSize=34, frameSize=17, readLen=35)]" classname="com.amazonaws.encryptionsdk.CryptoInputStreamTest$ParameterizedEncryptDecryptTest" time="0.001"/>
  <testcase name="encryptDecrypt[2168: encryptDecrypt(algorithm=ALG_AES_128_GCM_IV12_TAG16_HKDF_SHA256_ECDSA_P256, byteSize=34, frameSize=17, readLen=68)]" classname="com.amazonaws.encryptionsdk.CryptoInputStreamTest$ParameterizedEncryptDecryptTest" time="0.001"/>
  <testcase name="encryptDecrypt[2169: encryptDecrypt(algorithm=ALG_AES_128_GCM_IV12_TAG16_HKDF_SHA256_ECDSA_P256, byteSize=34, frameSize=17, readLen=1,000,000)]" classname="com.amazonaws.encryptionsdk.CryptoInputStreamTest$ParameterizedEncryptDecryptTest" time="0.001"/>
  <testcase name="encryptDecrypt[2170: encryptDecrypt(algorithm=ALG_AES_128_GCM_IV12_TAG16_HKDF_SHA256_ECDSA_P256, byteSize=1,000,000, frameSize=17, readLen=1)]" classname="com.amazonaws.encryptionsdk.CryptoInputStreamTest$ParameterizedEncryptDecryptTest" time="0.123"/>
  <testcase name="encryptDecrypt[2171: encryptDecrypt(algorithm=ALG_AES_128_GCM_IV12_TAG16_HKDF_SHA256_ECDSA_P256, byteSize=1,000,000, frameSize=17, readLen=999,999)]" classname="com.amazonaws.encryptionsdk.CryptoInputStreamTest$ParameterizedEncryptDecryptTest" time="0.103"/>
  <testcase name="encryptDecrypt[2172: encryptDecrypt(algorithm=ALG_AES_128_GCM_IV12_TAG16_HKDF_SHA256_ECDSA_P256, byteSize=1,000,000, frameSize=17, readLen=1,000,000)]" classname="com.amazonaws.encryptionsdk.CryptoInputStreamTest$ParameterizedEncryptDecryptTest" time="0.109"/>
  <testcase name="encryptDecrypt[2173: encryptDecrypt(algorithm=ALG_AES_128_GCM_IV12_TAG16_HKDF_SHA256_ECDSA_P256, byteSize=1,000,000, frameSize=17, readLen=1,000,001)]" classname="com.amazonaws.encryptionsdk.CryptoInputStreamTest$ParameterizedEncryptDecryptTest" time="0.102"/>
  <testcase name="encryptDecrypt[2174: encryptDecrypt(algorithm=ALG_AES_128_GCM_IV12_TAG16_HKDF_SHA256_ECDSA_P256, byteSize=1,000,000, frameSize=17, readLen=2,000,000)]" classname="com.amazonaws.encryptionsdk.CryptoInputStreamTest$ParameterizedEncryptDecryptTest" time="0.102"/>
  <testcase name="encryptDecrypt[2175: encryptDecrypt(algorithm=ALG_AES_128_GCM_IV12_TAG16_HKDF_SHA256_ECDSA_P256, byteSize=1,000,000, frameSize=17, readLen=1,000,000)]" classname="com.amazonaws.encryptionsdk.CryptoInputStreamTest$ParameterizedEncryptDecryptTest" time="0.102"/>
  <testcase name="encryptDecrypt[2176: encryptDecrypt(algorithm=ALG_AES_128_GCM_IV12_TAG16_HKDF_SHA256_ECDSA_P256, byteSize=0, frameSize=32, readLen=1)]" classname="com.amazonaws.encryptionsdk.CryptoInputStreamTest$ParameterizedEncryptDecryptTest" time="0.001"/>
  <testcase name="encryptDecrypt[2177: encryptDecrypt(algorithm=ALG_AES_128_GCM_IV12_TAG16_HKDF_SHA256_ECDSA_P256, byteSize=0, frameSize=32, readLen=1)]" classname="com.amazonaws.encryptionsdk.CryptoInputStreamTest$ParameterizedEncryptDecryptTest" time="0.002"/>
  <testcase name="encryptDecrypt[2178: encryptDecrypt(algorithm=ALG_AES_128_GCM_IV12_TAG16_HKDF_SHA256_ECDSA_P256, byteSize=0, frameSize=32, readLen=1,000,000)]" classname="com.amazonaws.encryptionsdk.CryptoInputStreamTest$ParameterizedEncryptDecryptTest" time="0.001"/>
  <testcase name="encryptDecrypt[2179: encryptDecrypt(algorithm=ALG_AES_128_GCM_IV12_TAG16_HKDF_SHA256_ECDSA_P256, byteSize=1, frameSize=32, readLen=1)]" classname="com.amazonaws.encryptionsdk.CryptoInputStreamTest$ParameterizedEncryptDecryptTest" time="0.001"/>
  <testcase name="encryptDecrypt[2180: encryptDecrypt(algorithm=ALG_AES_128_GCM_IV12_TAG16_HKDF_SHA256_ECDSA_P256, byteSize=1, frameSize=32, readLen=1)]" classname="com.amazonaws.encryptionsdk.CryptoInputStreamTest$ParameterizedEncryptDecryptTest" time="0.001"/>
  <testcase name="encryptDecrypt[2181: encryptDecrypt(algorithm=ALG_AES_128_GCM_IV12_TAG16_HKDF_SHA256_ECDSA_P256, byteSize=1, frameSize=32, readLen=2)]" classname="com.amazonaws.encryptionsdk.CryptoInputStreamTest$ParameterizedEncryptDecryptTest" time="0.002"/>
  <testcase name="encryptDecrypt[2182: encryptDecrypt(algorithm=ALG_AES_128_GCM_IV12_TAG16_HKDF_SHA256_ECDSA_P256, byteSize=1, frameSize=32, readLen=2)]" classname="com.amazonaws.encryptionsdk.CryptoInputStreamTest$ParameterizedEncryptDecryptTest" time="0.001"/>
  <testcase name="encryptDecrypt[2183: encryptDecrypt(algorithm=ALG_AES_128_GCM_IV12_TAG16_HKDF_SHA256_ECDSA_P256, byteSize=1, frameSize=32, readLen=1,000,000)]" classname="com.amazonaws.encryptionsdk.CryptoInputStreamTest$ParameterizedEncryptDecryptTest" time="0.001"/>
  <testcase name="encryptDecrypt[2184: encryptDecrypt(algorithm=ALG_AES_128_GCM_IV12_TAG16_HKDF_SHA256_ECDSA_P256, byteSize=31, frameSize=32, readLen=1)]" classname="com.amazonaws.encryptionsdk.CryptoInputStreamTest$ParameterizedEncryptDecryptTest" time="0.001"/>
  <testcase name="encryptDecrypt[2185: encryptDecrypt(algorithm=ALG_AES_128_GCM_IV12_TAG16_HKDF_SHA256_ECDSA_P256, byteSize=31, frameSize=32, readLen=30)]" classname="com.amazonaws.encryptionsdk.CryptoInputStreamTest$ParameterizedEncryptDecryptTest" time="0"/>
  <testcase name="encryptDecrypt[2186: encryptDecrypt(algorithm=ALG_AES_128_GCM_IV12_TAG16_HKDF_SHA256_ECDSA_P256, byteSize=31, frameSize=32, readLen=31)]" classname="com.amazonaws.encryptionsdk.CryptoInputStreamTest$ParameterizedEncryptDecryptTest" time="0.002"/>
  <testcase name="encryptDecrypt[2187: encryptDecrypt(algorithm=ALG_AES_128_GCM_IV12_TAG16_HKDF_SHA256_ECDSA_P256, byteSize=31, frameSize=32, readLen=32)]" classname="com.amazonaws.encryptionsdk.CryptoInputStreamTest$ParameterizedEncryptDecryptTest" time="0.001"/>
  <testcase name="encryptDecrypt[2188: encryptDecrypt(algorithm=ALG_AES_128_GCM_IV12_TAG16_HKDF_SHA256_ECDSA_P256, byteSize=31, frameSize=32, readLen=62)]" classname="com.amazonaws.encryptionsdk.CryptoInputStreamTest$ParameterizedEncryptDecryptTest" time="0.001"/>
  <testcase name="encryptDecrypt[2189: encryptDecrypt(algorithm=ALG_AES_128_GCM_IV12_TAG16_HKDF_SHA256_ECDSA_P256, byteSize=31, frameSize=32, readLen=1,000,000)]" classname="com.amazonaws.encryptionsdk.CryptoInputStreamTest$ParameterizedEncryptDecryptTest" time="0.002"/>
  <testcase name="encryptDecrypt[2190: encryptDecrypt(algorithm=ALG_AES_128_GCM_IV12_TAG16_HKDF_SHA256_ECDSA_P256, byteSize=32, frameSize=32, readLen=1)]" classname="com.amazonaws.encryptionsdk.CryptoInputStreamTest$ParameterizedEncryptDecryptTest" time="0.001"/>
  <testcase name="encryptDecrypt[2191: encryptDecrypt(algorithm=ALG_AES_128_GCM_IV12_TAG16_HKDF_SHA256_ECDSA_P256, byteSize=32, frameSize=32, readLen=31)]" classname="com.amazonaws.encryptionsdk.CryptoInputStreamTest$ParameterizedEncryptDecryptTest" time="0.001"/>
  <testcase name="encryptDecrypt[2192: encryptDecrypt(algorithm=ALG_AES_128_GCM_IV12_TAG16_HKDF_SHA256_ECDSA_P256, byteSize=32, frameSize=32, readLen=32)]" classname="com.amazonaws.encryptionsdk.CryptoInputStreamTest$ParameterizedEncryptDecryptTest" time="0.001"/>
  <testcase name="encryptDecrypt[2193: encryptDecrypt(algorithm=ALG_AES_128_GCM_IV12_TAG16_HKDF_SHA256_ECDSA_P256, byteSize=32, frameSize=32, readLen=33)]" classname="com.amazonaws.encryptionsdk.CryptoInputStreamTest$ParameterizedEncryptDecryptTest" time="0.001"/>
  <testcase name="encryptDecrypt[2194: encryptDecrypt(algorithm=ALG_AES_128_GCM_IV12_TAG16_HKDF_SHA256_ECDSA_P256, byteSize=32, frameSize=32, readLen=64)]" classname="com.amazonaws.encryptionsdk.CryptoInputStreamTest$ParameterizedEncryptDecryptTest" time="0.001"/>
  <testcase name="encryptDecrypt[2195: encryptDecrypt(algorithm=ALG_AES_128_GCM_IV12_TAG16_HKDF_SHA256_ECDSA_P256, byteSize=32, frameSize=32, readLen=1,000,000)]" classname="com.amazonaws.encryptionsdk.CryptoInputStreamTest$ParameterizedEncryptDecryptTest" time="0.001"/>
  <testcase name="encryptDecrypt[2196: encryptDecrypt(algorithm=ALG_AES_128_GCM_IV12_TAG16_HKDF_SHA256_ECDSA_P256, byteSize=33, frameSize=32, readLen=1)]" classname="com.amazonaws.encryptionsdk.CryptoInputStreamTest$ParameterizedEncryptDecryptTest" time="0.001"/>
  <testcase name="encryptDecrypt[2197: encryptDecrypt(algorithm=ALG_AES_128_GCM_IV12_TAG16_HKDF_SHA256_ECDSA_P256, byteSize=33, frameSize=32, readLen=32)]" classname="com.amazonaws.encryptionsdk.CryptoInputStreamTest$ParameterizedEncryptDecryptTest" time="0.001"/>
  <testcase name="encryptDecrypt[2198: encryptDecrypt(algorithm=ALG_AES_128_GCM_IV12_TAG16_HKDF_SHA256_ECDSA_P256, byteSize=33, frameSize=32, readLen=33)]" classname="com.amazonaws.encryptionsdk.CryptoInputStreamTest$ParameterizedEncryptDecryptTest" time="0.002"/>
  <testcase name="encryptDecrypt[2199: encryptDecrypt(algorithm=ALG_AES_128_GCM_IV12_TAG16_HKDF_SHA256_ECDSA_P256, byteSize=33, frameSize=32, readLen=34)]" classname="com.amazonaws.encryptionsdk.CryptoInputStreamTest$ParameterizedEncryptDecryptTest" time="0.001"/>
  <testcase name="encryptDecrypt[2200: encryptDecrypt(algorithm=ALG_AES_128_GCM_IV12_TAG16_HKDF_SHA256_ECDSA_P256, byteSize=33, frameSize=32, readLen=66)]" classname="com.amazonaws.encryptionsdk.CryptoInputStreamTest$ParameterizedEncryptDecryptTest" time="0.001"/>
  <testcase name="encryptDecrypt[2201: encryptDecrypt(algorithm=ALG_AES_128_GCM_IV12_TAG16_HKDF_SHA256_ECDSA_P256, byteSize=33, frameSize=32, readLen=1,000,000)]" classname="com.amazonaws.encryptionsdk.CryptoInputStreamTest$ParameterizedEncryptDecryptTest" time="0.001"/>
  <testcase name="encryptDecrypt[2202: encryptDecrypt(algorithm=ALG_AES_128_GCM_IV12_TAG16_HKDF_SHA256_ECDSA_P256, byteSize=48, frameSize=32, readLen=1)]" classname="com.amazonaws.encryptionsdk.CryptoInputStreamTest$ParameterizedEncryptDecryptTest" time="0.001"/>
  <testcase name="encryptDecrypt[2203: encryptDecrypt(algorithm=ALG_AES_128_GCM_IV12_TAG16_HKDF_SHA256_ECDSA_P256, byteSize=48, frameSize=32, readLen=47)]" classname="com.amazonaws.encryptionsdk.CryptoInputStreamTest$ParameterizedEncryptDecryptTest" time="0.001"/>
  <testcase name="encryptDecrypt[2204: encryptDecrypt(algorithm=ALG_AES_128_GCM_IV12_TAG16_HKDF_SHA256_ECDSA_P256, byteSize=48, frameSize=32, readLen=48)]" classname="com.amazonaws.encryptionsdk.CryptoInputStreamTest$ParameterizedEncryptDecryptTest" time="0.001"/>
  <testcase name="encryptDecrypt[2205: encryptDecrypt(algorithm=ALG_AES_128_GCM_IV12_TAG16_HKDF_SHA256_ECDSA_P256, byteSize=48, frameSize=32, readLen=49)]" classname="com.amazonaws.encryptionsdk.CryptoInputStreamTest$ParameterizedEncryptDecryptTest" time="0.001"/>
  <testcase name="encryptDecrypt[2206: encryptDecrypt(algorithm=ALG_AES_128_GCM_IV12_TAG16_HKDF_SHA256_ECDSA_P256, byteSize=48, frameSize=32, readLen=96)]" classname="com.amazonaws.encryptionsdk.CryptoInputStreamTest$ParameterizedEncryptDecryptTest" time="0.001"/>
  <testcase name="encryptDecrypt[2207: encryptDecrypt(algorithm=ALG_AES_128_GCM_IV12_TAG16_HKDF_SHA256_ECDSA_P256, byteSize=48, frameSize=32, readLen=1,000,000)]" classname="com.amazonaws.encryptionsdk.CryptoInputStreamTest$ParameterizedEncryptDecryptTest" time="0.002"/>
  <testcase name="encryptDecrypt[2208: encryptDecrypt(algorithm=ALG_AES_128_GCM_IV12_TAG16_HKDF_SHA256_ECDSA_P256, byteSize=64, frameSize=32, readLen=1)]" classname="com.amazonaws.encryptionsdk.CryptoInputStreamTest$ParameterizedEncryptDecryptTest" time="0.001"/>
  <testcase name="encryptDecrypt[2209: encryptDecrypt(algorithm=ALG_AES_128_GCM_IV12_TAG16_HKDF_SHA256_ECDSA_P256, byteSize=64, frameSize=32, readLen=63)]" classname="com.amazonaws.encryptionsdk.CryptoInputStreamTest$ParameterizedEncryptDecryptTest" time="0.001"/>
  <testcase name="encryptDecrypt[2210: encryptDecrypt(algorithm=ALG_AES_128_GCM_IV12_TAG16_HKDF_SHA256_ECDSA_P256, byteSize=64, frameSize=32, readLen=64)]" classname="com.amazonaws.encryptionsdk.CryptoInputStreamTest$ParameterizedEncryptDecryptTest" time="0.001"/>
  <testcase name="encryptDecrypt[2211: encryptDecrypt(algorithm=ALG_AES_128_GCM_IV12_TAG16_HKDF_SHA256_ECDSA_P256, byteSize=64, frameSize=32, readLen=65)]" classname="com.amazonaws.encryptionsdk.CryptoInputStreamTest$ParameterizedEncryptDecryptTest" time="0.002"/>
  <testcase name="encryptDecrypt[2212: encryptDecrypt(algorithm=ALG_AES_128_GCM_IV12_TAG16_HKDF_SHA256_ECDSA_P256, byteSize=64, frameSize=32, readLen=128)]" classname="com.amazonaws.encryptionsdk.CryptoInputStreamTest$ParameterizedEncryptDecryptTest" time="0.001"/>
  <testcase name="encryptDecrypt[2213: encryptDecrypt(algorithm=ALG_AES_128_GCM_IV12_TAG16_HKDF_SHA256_ECDSA_P256, byteSize=64, frameSize=32, readLen=1,000,000)]" classname="com.amazonaws.encryptionsdk.CryptoInputStreamTest$ParameterizedEncryptDecryptTest" time="0.001"/>
  <testcase name="encryptDecrypt[2214: encryptDecrypt(algorithm=ALG_AES_128_GCM_IV12_TAG16_HKDF_SHA256_ECDSA_P256, byteSize=1,000,000, frameSize=32, readLen=1)]" classname="com.amazonaws.encryptionsdk.CryptoInputStreamTest$ParameterizedEncryptDecryptTest" time="0.08"/>
  <testcase name="encryptDecrypt[2215: encryptDecrypt(algorithm=ALG_AES_128_GCM_IV12_TAG16_HKDF_SHA256_ECDSA_P256, byteSize=1,000,000, frameSize=32, readLen=999,999)]" classname="com.amazonaws.encryptionsdk.CryptoInputStreamTest$ParameterizedEncryptDecryptTest" time="0.06"/>
  <testcase name="encryptDecrypt[2216: encryptDecrypt(algorithm=ALG_AES_128_GCM_IV12_TAG16_HKDF_SHA256_ECDSA_P256, byteSize=1,000,000, frameSize=32, readLen=1,000,000)]" classname="com.amazonaws.encryptionsdk.CryptoInputStreamTest$ParameterizedEncryptDecryptTest" time="0.061"/>
  <testcase name="encryptDecrypt[2217: encryptDecrypt(algorithm=ALG_AES_128_GCM_IV12_TAG16_HKDF_SHA256_ECDSA_P256, byteSize=1,000,000, frameSize=32, readLen=1,000,001)]" classname="com.amazonaws.encryptionsdk.CryptoInputStreamTest$ParameterizedEncryptDecryptTest" time="0.066"/>
  <testcase name="encryptDecrypt[2218: encryptDecrypt(algorithm=ALG_AES_128_GCM_IV12_TAG16_HKDF_SHA256_ECDSA_P256, byteSize=1,000,000, frameSize=32, readLen=2,000,000)]" classname="com.amazonaws.encryptionsdk.CryptoInputStreamTest$ParameterizedEncryptDecryptTest" time="0.061"/>
  <testcase name="encryptDecrypt[2219: encryptDecrypt(algorithm=ALG_AES_128_GCM_IV12_TAG16_HKDF_SHA256_ECDSA_P256, byteSize=1,000,000, frameSize=32, readLen=1,000,000)]" classname="com.amazonaws.encryptionsdk.CryptoInputStreamTest$ParameterizedEncryptDecryptTest" time="0.061"/>
  <testcase name="encryptDecrypt[2220: encryptDecrypt(algorithm=ALG_AES_128_GCM_IV12_TAG16_HKDF_SHA256_ECDSA_P256, byteSize=0, frameSize=160, readLen=1)]" classname="com.amazonaws.encryptionsdk.CryptoInputStreamTest$ParameterizedEncryptDecryptTest" time="0.002"/>
  <testcase name="encryptDecrypt[2221: encryptDecrypt(algorithm=ALG_AES_128_GCM_IV12_TAG16_HKDF_SHA256_ECDSA_P256, byteSize=0, frameSize=160, readLen=1)]" classname="com.amazonaws.encryptionsdk.CryptoInputStreamTest$ParameterizedEncryptDecryptTest" time="0.001"/>
  <testcase name="encryptDecrypt[2222: encryptDecrypt(algorithm=ALG_AES_128_GCM_IV12_TAG16_HKDF_SHA256_ECDSA_P256, byteSize=0, frameSize=160, readLen=1,000,000)]" classname="com.amazonaws.encryptionsdk.CryptoInputStreamTest$ParameterizedEncryptDecryptTest" time="0.001"/>
  <testcase name="encryptDecrypt[2223: encryptDecrypt(algorithm=ALG_AES_128_GCM_IV12_TAG16_HKDF_SHA256_ECDSA_P256, byteSize=1, frameSize=160, readLen=1)]" classname="com.amazonaws.encryptionsdk.CryptoInputStreamTest$ParameterizedEncryptDecryptTest" time="0.001"/>
  <testcase name="encryptDecrypt[2224: encryptDecrypt(algorithm=ALG_AES_128_GCM_IV12_TAG16_HKDF_SHA256_ECDSA_P256, byteSize=1, frameSize=160, readLen=1)]" classname="com.amazonaws.encryptionsdk.CryptoInputStreamTest$ParameterizedEncryptDecryptTest" time="0.001"/>
  <testcase name="encryptDecrypt[2225: encryptDecrypt(algorithm=ALG_AES_128_GCM_IV12_TAG16_HKDF_SHA256_ECDSA_P256, byteSize=1, frameSize=160, readLen=2)]" classname="com.amazonaws.encryptionsdk.CryptoInputStreamTest$ParameterizedEncryptDecryptTest" time="0.001"/>
  <testcase name="encryptDecrypt[2226: encryptDecrypt(algorithm=ALG_AES_128_GCM_IV12_TAG16_HKDF_SHA256_ECDSA_P256, byteSize=1, frameSize=160, readLen=2)]" classname="com.amazonaws.encryptionsdk.CryptoInputStreamTest$ParameterizedEncryptDecryptTest" time="0.001"/>
  <testcase name="encryptDecrypt[2227: encryptDecrypt(algorithm=ALG_AES_128_GCM_IV12_TAG16_HKDF_SHA256_ECDSA_P256, byteSize=1, frameSize=160, readLen=1,000,000)]" classname="com.amazonaws.encryptionsdk.CryptoInputStreamTest$ParameterizedEncryptDecryptTest" time="0.002"/>
  <testcase name="encryptDecrypt[2228: encryptDecrypt(algorithm=ALG_AES_128_GCM_IV12_TAG16_HKDF_SHA256_ECDSA_P256, byteSize=159, frameSize=160, readLen=1)]" classname="com.amazonaws.encryptionsdk.CryptoInputStreamTest$ParameterizedEncryptDecryptTest" time="0.001"/>
  <testcase name="encryptDecrypt[2229: encryptDecrypt(algorithm=ALG_AES_128_GCM_IV12_TAG16_HKDF_SHA256_ECDSA_P256, byteSize=159, frameSize=160, readLen=158)]" classname="com.amazonaws.encryptionsdk.CryptoInputStreamTest$ParameterizedEncryptDecryptTest" time="0.001"/>
  <testcase name="encryptDecrypt[2230: encryptDecrypt(algorithm=ALG_AES_128_GCM_IV12_TAG16_HKDF_SHA256_ECDSA_P256, byteSize=159, frameSize=160, readLen=159)]" classname="com.amazonaws.encryptionsdk.CryptoInputStreamTest$ParameterizedEncryptDecryptTest" time="0.001"/>
  <testcase name="encryptDecrypt[2231: encryptDecrypt(algorithm=ALG_AES_128_GCM_IV12_TAG16_HKDF_SHA256_ECDSA_P256, byteSize=159, frameSize=160, readLen=160)]" classname="com.amazonaws.encryptionsdk.CryptoInputStreamTest$ParameterizedEncryptDecryptTest" time="0.001"/>
  <testcase name="encryptDecrypt[2232: encryptDecrypt(algorithm=ALG_AES_128_GCM_IV12_TAG16_HKDF_SHA256_ECDSA_P256, byteSize=159, frameSize=160, readLen=318)]" classname="com.amazonaws.encryptionsdk.CryptoInputStreamTest$ParameterizedEncryptDecryptTest" time="0.002"/>
  <testcase name="encryptDecrypt[2233: encryptDecrypt(algorithm=ALG_AES_128_GCM_IV12_TAG16_HKDF_SHA256_ECDSA_P256, byteSize=159, frameSize=160, readLen=1,000,000)]" classname="com.amazonaws.encryptionsdk.CryptoInputStreamTest$ParameterizedEncryptDecryptTest" time="0.001"/>
  <testcase name="encryptDecrypt[2234: encryptDecrypt(algorithm=ALG_AES_128_GCM_IV12_TAG16_HKDF_SHA256_ECDSA_P256, byteSize=160, frameSize=160, readLen=1)]" classname="com.amazonaws.encryptionsdk.CryptoInputStreamTest$ParameterizedEncryptDecryptTest" time="0.001"/>
  <testcase name="encryptDecrypt[2235: encryptDecrypt(algorithm=ALG_AES_128_GCM_IV12_TAG16_HKDF_SHA256_ECDSA_P256, byteSize=160, frameSize=160, readLen=159)]" classname="com.amazonaws.encryptionsdk.CryptoInputStreamTest$ParameterizedEncryptDecryptTest" time="0.001"/>
  <testcase name="encryptDecrypt[2236: encryptDecrypt(algorithm=ALG_AES_128_GCM_IV12_TAG16_HKDF_SHA256_ECDSA_P256, byteSize=160, frameSize=160, readLen=160)]" classname="com.amazonaws.encryptionsdk.CryptoInputStreamTest$ParameterizedEncryptDecryptTest" time="0.001"/>
  <testcase name="encryptDecrypt[2237: encryptDecrypt(algorithm=ALG_AES_128_GCM_IV12_TAG16_HKDF_SHA256_ECDSA_P256, byteSize=160, frameSize=160, readLen=161)]" classname="com.amazonaws.encryptionsdk.CryptoInputStreamTest$ParameterizedEncryptDecryptTest" time="0.001"/>
  <testcase name="encryptDecrypt[2238: encryptDecrypt(algorithm=ALG_AES_128_GCM_IV12_TAG16_HKDF_SHA256_ECDSA_P256, byteSize=160, frameSize=160, readLen=320)]" classname="com.amazonaws.encryptionsdk.CryptoInputStreamTest$ParameterizedEncryptDecryptTest" time="0.001"/>
  <testcase name="encryptDecrypt[2239: encryptDecrypt(algorithm=ALG_AES_128_GCM_IV12_TAG16_HKDF_SHA256_ECDSA_P256, byteSize=160, frameSize=160, readLen=1,000,000)]" classname="com.amazonaws.encryptionsdk.CryptoInputStreamTest$ParameterizedEncryptDecryptTest" time="0.002"/>
  <testcase name="encryptDecrypt[2240: encryptDecrypt(algorithm=ALG_AES_128_GCM_IV12_TAG16_HKDF_SHA256_ECDSA_P256, byteSize=161, frameSize=160, readLen=1)]" classname="com.amazonaws.encryptionsdk.CryptoInputStreamTest$ParameterizedEncryptDecryptTest" time="0.001"/>
  <testcase name="encryptDecrypt[2241: encryptDecrypt(algorithm=ALG_AES_128_GCM_IV12_TAG16_HKDF_SHA256_ECDSA_P256, byteSize=161, frameSize=160, readLen=160)]" classname="com.amazonaws.encryptionsdk.CryptoInputStreamTest$ParameterizedEncryptDecryptTest" time="0.001"/>
  <testcase name="encryptDecrypt[2242: encryptDecrypt(algorithm=ALG_AES_128_GCM_IV12_TAG16_HKDF_SHA256_ECDSA_P256, byteSize=161, frameSize=160, readLen=161)]" classname="com.amazonaws.encryptionsdk.CryptoInputStreamTest$ParameterizedEncryptDecryptTest" time="0.001"/>
  <testcase name="encryptDecrypt[2243: encryptDecrypt(algorithm=ALG_AES_128_GCM_IV12_TAG16_HKDF_SHA256_ECDSA_P256, byteSize=161, frameSize=160, readLen=162)]" classname="com.amazonaws.encryptionsdk.CryptoInputStreamTest$ParameterizedEncryptDecryptTest" time="0.002"/>
  <testcase name="encryptDecrypt[2244: encryptDecrypt(algorithm=ALG_AES_128_GCM_IV12_TAG16_HKDF_SHA256_ECDSA_P256, byteSize=161, frameSize=160, readLen=322)]" classname="com.amazonaws.encryptionsdk.CryptoInputStreamTest$ParameterizedEncryptDecryptTest" time="0.001"/>
  <testcase name="encryptDecrypt[2245: encryptDecrypt(algorithm=ALG_AES_128_GCM_IV12_TAG16_HKDF_SHA256_ECDSA_P256, byteSize=161, frameSize=160, readLen=1,000,000)]" classname="com.amazonaws.encryptionsdk.CryptoInputStreamTest$ParameterizedEncryptDecryptTest" time="0.001"/>
  <testcase name="encryptDecrypt[2246: encryptDecrypt(algorithm=ALG_AES_128_GCM_IV12_TAG16_HKDF_SHA256_ECDSA_P256, byteSize=240, frameSize=160, readLen=1)]" classname="com.amazonaws.encryptionsdk.CryptoInputStreamTest$ParameterizedEncryptDecryptTest" time="0.001"/>
  <testcase name="encryptDecrypt[2247: encryptDecrypt(algorithm=ALG_AES_128_GCM_IV12_TAG16_HKDF_SHA256_ECDSA_P256, byteSize=240, frameSize=160, readLen=239)]" classname="com.amazonaws.encryptionsdk.CryptoInputStreamTest$ParameterizedEncryptDecryptTest" time="0.001"/>
  <testcase name="encryptDecrypt[2248: encryptDecrypt(algorithm=ALG_AES_128_GCM_IV12_TAG16_HKDF_SHA256_ECDSA_P256, byteSize=240, frameSize=160, readLen=240)]" classname="com.amazonaws.encryptionsdk.CryptoInputStreamTest$ParameterizedEncryptDecryptTest" time="0.001"/>
  <testcase name="encryptDecrypt[2249: encryptDecrypt(algorithm=ALG_AES_128_GCM_IV12_TAG16_HKDF_SHA256_ECDSA_P256, byteSize=240, frameSize=160, readLen=241)]" classname="com.amazonaws.encryptionsdk.CryptoInputStreamTest$ParameterizedEncryptDecryptTest" time="0.002"/>
  <testcase name="encryptDecrypt[2250: encryptDecrypt(algorithm=ALG_AES_128_GCM_IV12_TAG16_HKDF_SHA256_ECDSA_P256, byteSize=240, frameSize=160, readLen=480)]" classname="com.amazonaws.encryptionsdk.CryptoInputStreamTest$ParameterizedEncryptDecryptTest" time="0.001"/>
  <testcase name="encryptDecrypt[2251: encryptDecrypt(algorithm=ALG_AES_128_GCM_IV12_TAG16_HKDF_SHA256_ECDSA_P256, byteSize=240, frameSize=160, readLen=1,000,000)]" classname="com.amazonaws.encryptionsdk.CryptoInputStreamTest$ParameterizedEncryptDecryptTest" time="0.001"/>
  <testcase name="encryptDecrypt[2252: encryptDecrypt(algorithm=ALG_AES_128_GCM_IV12_TAG16_HKDF_SHA256_ECDSA_P256, byteSize=320, frameSize=160, readLen=1)]" classname="com.amazonaws.encryptionsdk.CryptoInputStreamTest$ParameterizedEncryptDecryptTest" time="0.001"/>
  <testcase name="encryptDecrypt[2253: encryptDecrypt(algorithm=ALG_AES_128_GCM_IV12_TAG16_HKDF_SHA256_ECDSA_P256, byteSize=320, frameSize=160, readLen=319)]" classname="com.amazonaws.encryptionsdk.CryptoInputStreamTest$ParameterizedEncryptDecryptTest" time="0.002"/>
  <testcase name="encryptDecrypt[2254: encryptDecrypt(algorithm=ALG_AES_128_GCM_IV12_TAG16_HKDF_SHA256_ECDSA_P256, byteSize=320, frameSize=160, readLen=320)]" classname="com.amazonaws.encryptionsdk.CryptoInputStreamTest$ParameterizedEncryptDecryptTest" time="0.001"/>
  <testcase name="encryptDecrypt[2255: encryptDecrypt(algorithm=ALG_AES_128_GCM_IV12_TAG16_HKDF_SHA256_ECDSA_P256, byteSize=320, frameSize=160, readLen=321)]" classname="com.amazonaws.encryptionsdk.CryptoInputStreamTest$ParameterizedEncryptDecryptTest" time="0.001"/>
  <testcase name="encryptDecrypt[2256: encryptDecrypt(algorithm=ALG_AES_128_GCM_IV12_TAG16_HKDF_SHA256_ECDSA_P256, byteSize=320, frameSize=160, readLen=640)]" classname="com.amazonaws.encryptionsdk.CryptoInputStreamTest$ParameterizedEncryptDecryptTest" time="0.001"/>
  <testcase name="encryptDecrypt[2257: encryptDecrypt(algorithm=ALG_AES_128_GCM_IV12_TAG16_HKDF_SHA256_ECDSA_P256, byteSize=320, frameSize=160, readLen=1,000,000)]" classname="com.amazonaws.encryptionsdk.CryptoInputStreamTest$ParameterizedEncryptDecryptTest" time="0.001"/>
  <testcase name="encryptDecrypt[2258: encryptDecrypt(algorithm=ALG_AES_128_GCM_IV12_TAG16_HKDF_SHA256_ECDSA_P256, byteSize=1,000,000, frameSize=160, readLen=1)]" classname="com.amazonaws.encryptionsdk.CryptoInputStreamTest$ParameterizedEncryptDecryptTest" time="0.047"/>
  <testcase name="encryptDecrypt[2259: encryptDecrypt(algorithm=ALG_AES_128_GCM_IV12_TAG16_HKDF_SHA256_ECDSA_P256, byteSize=1,000,000, frameSize=160, readLen=999,999)]" classname="com.amazonaws.encryptionsdk.CryptoInputStreamTest$ParameterizedEncryptDecryptTest" time="0.029"/>
  <testcase name="encryptDecrypt[2260: encryptDecrypt(algorithm=ALG_AES_128_GCM_IV12_TAG16_HKDF_SHA256_ECDSA_P256, byteSize=1,000,000, frameSize=160, readLen=1,000,000)]" classname="com.amazonaws.encryptionsdk.CryptoInputStreamTest$ParameterizedEncryptDecryptTest" time="0.028"/>
  <testcase name="encryptDecrypt[2261: encryptDecrypt(algorithm=ALG_AES_128_GCM_IV12_TAG16_HKDF_SHA256_ECDSA_P256, byteSize=1,000,000, frameSize=160, readLen=1,000,001)]" classname="com.amazonaws.encryptionsdk.CryptoInputStreamTest$ParameterizedEncryptDecryptTest" time="0.029"/>
  <testcase name="encryptDecrypt[2262: encryptDecrypt(algorithm=ALG_AES_128_GCM_IV12_TAG16_HKDF_SHA256_ECDSA_P256, byteSize=1,000,000, frameSize=160, readLen=2,000,000)]" classname="com.amazonaws.encryptionsdk.CryptoInputStreamTest$ParameterizedEncryptDecryptTest" time="0.029"/>
  <testcase name="encryptDecrypt[2263: encryptDecrypt(algorithm=ALG_AES_128_GCM_IV12_TAG16_HKDF_SHA256_ECDSA_P256, byteSize=1,000,000, frameSize=160, readLen=1,000,000)]" classname="com.amazonaws.encryptionsdk.CryptoInputStreamTest$ParameterizedEncryptDecryptTest" time="0.028"/>
  <testcase name="encryptDecrypt[2264: encryptDecrypt(algorithm=ALG_AES_128_GCM_IV12_TAG16_HKDF_SHA256_ECDSA_P256, byteSize=0, frameSize=161, readLen=1)]" classname="com.amazonaws.encryptionsdk.CryptoInputStreamTest$ParameterizedEncryptDecryptTest" time="0.001"/>
  <testcase name="encryptDecrypt[2265: encryptDecrypt(algorithm=ALG_AES_128_GCM_IV12_TAG16_HKDF_SHA256_ECDSA_P256, byteSize=0, frameSize=161, readLen=1)]" classname="com.amazonaws.encryptionsdk.CryptoInputStreamTest$ParameterizedEncryptDecryptTest" time="0.001"/>
  <testcase name="encryptDecrypt[2266: encryptDecrypt(algorithm=ALG_AES_128_GCM_IV12_TAG16_HKDF_SHA256_ECDSA_P256, byteSize=0, frameSize=161, readLen=1,000,000)]" classname="com.amazonaws.encryptionsdk.CryptoInputStreamTest$ParameterizedEncryptDecryptTest" time="0.002"/>
  <testcase name="encryptDecrypt[2267: encryptDecrypt(algorithm=ALG_AES_128_GCM_IV12_TAG16_HKDF_SHA256_ECDSA_P256, byteSize=1, frameSize=161, readLen=1)]" classname="com.amazonaws.encryptionsdk.CryptoInputStreamTest$ParameterizedEncryptDecryptTest" time="0.001"/>
  <testcase name="encryptDecrypt[2268: encryptDecrypt(algorithm=ALG_AES_128_GCM_IV12_TAG16_HKDF_SHA256_ECDSA_P256, byteSize=1, frameSize=161, readLen=1)]" classname="com.amazonaws.encryptionsdk.CryptoInputStreamTest$ParameterizedEncryptDecryptTest" time="0.001"/>
  <testcase name="encryptDecrypt[2269: encryptDecrypt(algorithm=ALG_AES_128_GCM_IV12_TAG16_HKDF_SHA256_ECDSA_P256, byteSize=1, frameSize=161, readLen=2)]" classname="com.amazonaws.encryptionsdk.CryptoInputStreamTest$ParameterizedEncryptDecryptTest" time="0.001"/>
  <testcase name="encryptDecrypt[2270: encryptDecrypt(algorithm=ALG_AES_128_GCM_IV12_TAG16_HKDF_SHA256_ECDSA_P256, byteSize=1, frameSize=161, readLen=2)]" classname="com.amazonaws.encryptionsdk.CryptoInputStreamTest$ParameterizedEncryptDecryptTest" time="0.001"/>
  <testcase name="encryptDecrypt[2271: encryptDecrypt(algorithm=ALG_AES_128_GCM_IV12_TAG16_HKDF_SHA256_ECDSA_P256, byteSize=1, frameSize=161, readLen=1,000,000)]" classname="com.amazonaws.encryptionsdk.CryptoInputStreamTest$ParameterizedEncryptDecryptTest" time="0.001"/>
  <testcase name="encryptDecrypt[2272: encryptDecrypt(algorithm=ALG_AES_128_GCM_IV12_TAG16_HKDF_SHA256_ECDSA_P256, byteSize=160, frameSize=161, readLen=1)]" classname="com.amazonaws.encryptionsdk.CryptoInputStreamTest$ParameterizedEncryptDecryptTest" time="0.001"/>
  <testcase name="encryptDecrypt[2273: encryptDecrypt(algorithm=ALG_AES_128_GCM_IV12_TAG16_HKDF_SHA256_ECDSA_P256, byteSize=160, frameSize=161, readLen=159)]" classname="com.amazonaws.encryptionsdk.CryptoInputStreamTest$ParameterizedEncryptDecryptTest" time="0.001"/>
  <testcase name="encryptDecrypt[2274: encryptDecrypt(algorithm=ALG_AES_128_GCM_IV12_TAG16_HKDF_SHA256_ECDSA_P256, byteSize=160, frameSize=161, readLen=160)]" classname="com.amazonaws.encryptionsdk.CryptoInputStreamTest$ParameterizedEncryptDecryptTest" time="0.001"/>
  <testcase name="encryptDecrypt[2275: encryptDecrypt(algorithm=ALG_AES_128_GCM_IV12_TAG16_HKDF_SHA256_ECDSA_P256, byteSize=160, frameSize=161, readLen=161)]" classname="com.amazonaws.encryptionsdk.CryptoInputStreamTest$ParameterizedEncryptDecryptTest" time="0.002"/>
  <testcase name="encryptDecrypt[2276: encryptDecrypt(algorithm=ALG_AES_128_GCM_IV12_TAG16_HKDF_SHA256_ECDSA_P256, byteSize=160, frameSize=161, readLen=320)]" classname="com.amazonaws.encryptionsdk.CryptoInputStreamTest$ParameterizedEncryptDecryptTest" time="0.001"/>
  <testcase name="encryptDecrypt[2277: encryptDecrypt(algorithm=ALG_AES_128_GCM_IV12_TAG16_HKDF_SHA256_ECDSA_P256, byteSize=160, frameSize=161, readLen=1,000,000)]" classname="com.amazonaws.encryptionsdk.CryptoInputStreamTest$ParameterizedEncryptDecryptTest" time="0.001"/>
  <testcase name="encryptDecrypt[2278: encryptDecrypt(algorithm=ALG_AES_128_GCM_IV12_TAG16_HKDF_SHA256_ECDSA_P256, byteSize=161, frameSize=161, readLen=1)]" classname="com.amazonaws.encryptionsdk.CryptoInputStreamTest$ParameterizedEncryptDecryptTest" time="0.001"/>
  <testcase name="encryptDecrypt[2279: encryptDecrypt(algorithm=ALG_AES_128_GCM_IV12_TAG16_HKDF_SHA256_ECDSA_P256, byteSize=161, frameSize=161, readLen=160)]" classname="com.amazonaws.encryptionsdk.CryptoInputStreamTest$ParameterizedEncryptDecryptTest" time="0.001"/>
  <testcase name="encryptDecrypt[2280: encryptDecrypt(algorithm=ALG_AES_128_GCM_IV12_TAG16_HKDF_SHA256_ECDSA_P256, byteSize=161, frameSize=161, readLen=161)]" classname="com.amazonaws.encryptionsdk.CryptoInputStreamTest$ParameterizedEncryptDecryptTest" time="0.001"/>
  <testcase name="encryptDecrypt[2281: encryptDecrypt(algorithm=ALG_AES_128_GCM_IV12_TAG16_HKDF_SHA256_ECDSA_P256, byteSize=161, frameSize=161, readLen=162)]" classname="com.amazonaws.encryptionsdk.CryptoInputStreamTest$ParameterizedEncryptDecryptTest" time="0.001"/>
  <testcase name="encryptDecrypt[2282: encryptDecrypt(algorithm=ALG_AES_128_GCM_IV12_TAG16_HKDF_SHA256_ECDSA_P256, byteSize=161, frameSize=161, readLen=322)]" classname="com.amazonaws.encryptionsdk.CryptoInputStreamTest$ParameterizedEncryptDecryptTest" time="0.001"/>
  <testcase name="encryptDecrypt[2283: encryptDecrypt(algorithm=ALG_AES_128_GCM_IV12_TAG16_HKDF_SHA256_ECDSA_P256, byteSize=161, frameSize=161, readLen=1,000,000)]" classname="com.amazonaws.encryptionsdk.CryptoInputStreamTest$ParameterizedEncryptDecryptTest" time="0.002"/>
  <testcase name="encryptDecrypt[2284: encryptDecrypt(algorithm=ALG_AES_128_GCM_IV12_TAG16_HKDF_SHA256_ECDSA_P256, byteSize=162, frameSize=161, readLen=1)]" classname="com.amazonaws.encryptionsdk.CryptoInputStreamTest$ParameterizedEncryptDecryptTest" time="0.001"/>
  <testcase name="encryptDecrypt[2285: encryptDecrypt(algorithm=ALG_AES_128_GCM_IV12_TAG16_HKDF_SHA256_ECDSA_P256, byteSize=162, frameSize=161, readLen=161)]" classname="com.amazonaws.encryptionsdk.CryptoInputStreamTest$ParameterizedEncryptDecryptTest" time="0.001"/>
  <testcase name="encryptDecrypt[2286: encryptDecrypt(algorithm=ALG_AES_128_GCM_IV12_TAG16_HKDF_SHA256_ECDSA_P256, byteSize=162, frameSize=161, readLen=162)]" classname="com.amazonaws.encryptionsdk.CryptoInputStreamTest$ParameterizedEncryptDecryptTest" time="0.001"/>
  <testcase name="encryptDecrypt[2287: encryptDecrypt(algorithm=ALG_AES_128_GCM_IV12_TAG16_HKDF_SHA256_ECDSA_P256, byteSize=162, frameSize=161, readLen=163)]" classname="com.amazonaws.encryptionsdk.CryptoInputStreamTest$ParameterizedEncryptDecryptTest" time="0.001"/>
  <testcase name="encryptDecrypt[2288: encryptDecrypt(algorithm=ALG_AES_128_GCM_IV12_TAG16_HKDF_SHA256_ECDSA_P256, byteSize=162, frameSize=161, readLen=324)]" classname="com.amazonaws.encryptionsdk.CryptoInputStreamTest$ParameterizedEncryptDecryptTest" time="0.001"/>
  <testcase name="encryptDecrypt[2289: encryptDecrypt(algorithm=ALG_AES_128_GCM_IV12_TAG16_HKDF_SHA256_ECDSA_P256, byteSize=162, frameSize=161, readLen=1,000,000)]" classname="com.amazonaws.encryptionsdk.CryptoInputStreamTest$ParameterizedEncryptDecryptTest" time="0.002"/>
  <testcase name="encryptDecrypt[2290: encryptDecrypt(algorithm=ALG_AES_128_GCM_IV12_TAG16_HKDF_SHA256_ECDSA_P256, byteSize=241, frameSize=161, readLen=1)]" classname="com.amazonaws.encryptionsdk.CryptoInputStreamTest$ParameterizedEncryptDecryptTest" time="0"/>
  <testcase name="encryptDecrypt[2291: encryptDecrypt(algorithm=ALG_AES_128_GCM_IV12_TAG16_HKDF_SHA256_ECDSA_P256, byteSize=241, frameSize=161, readLen=240)]" classname="com.amazonaws.encryptionsdk.CryptoInputStreamTest$ParameterizedEncryptDecryptTest" time="0.002"/>
  <testcase name="encryptDecrypt[2292: encryptDecrypt(algorithm=ALG_AES_128_GCM_IV12_TAG16_HKDF_SHA256_ECDSA_P256, byteSize=241, frameSize=161, readLen=241)]" classname="com.amazonaws.encryptionsdk.CryptoInputStreamTest$ParameterizedEncryptDecryptTest" time="0.001"/>
  <testcase name="encryptDecrypt[2293: encryptDecrypt(algorithm=ALG_AES_128_GCM_IV12_TAG16_HKDF_SHA256_ECDSA_P256, byteSize=241, frameSize=161, readLen=242)]" classname="com.amazonaws.encryptionsdk.CryptoInputStreamTest$ParameterizedEncryptDecryptTest" time="0.001"/>
  <testcase name="encryptDecrypt[2294: encryptDecrypt(algorithm=ALG_AES_128_GCM_IV12_TAG16_HKDF_SHA256_ECDSA_P256, byteSize=241, frameSize=161, readLen=482)]" classname="com.amazonaws.encryptionsdk.CryptoInputStreamTest$ParameterizedEncryptDecryptTest" time="0.001"/>
  <testcase name="encryptDecrypt[2295: encryptDecrypt(algorithm=ALG_AES_128_GCM_IV12_TAG16_HKDF_SHA256_ECDSA_P256, byteSize=241, frameSize=161, readLen=1,000,000)]" classname="com.amazonaws.encryptionsdk.CryptoInputStreamTest$ParameterizedEncryptDecryptTest" time="0.001"/>
  <testcase name="encryptDecrypt[2296: encryptDecrypt(algorithm=ALG_AES_128_GCM_IV12_TAG16_HKDF_SHA256_ECDSA_P256, byteSize=322, frameSize=161, readLen=1)]" classname="com.amazonaws.encryptionsdk.CryptoInputStreamTest$ParameterizedEncryptDecryptTest" time="0.001"/>
  <testcase name="encryptDecrypt[2297: encryptDecrypt(algorithm=ALG_AES_128_GCM_IV12_TAG16_HKDF_SHA256_ECDSA_P256, byteSize=322, frameSize=161, readLen=321)]" classname="com.amazonaws.encryptionsdk.CryptoInputStreamTest$ParameterizedEncryptDecryptTest" time="0.001"/>
  <testcase name="encryptDecrypt[2298: encryptDecrypt(algorithm=ALG_AES_128_GCM_IV12_TAG16_HKDF_SHA256_ECDSA_P256, byteSize=322, frameSize=161, readLen=322)]" classname="com.amazonaws.encryptionsdk.CryptoInputStreamTest$ParameterizedEncryptDecryptTest" time="0.001"/>
  <testcase name="encryptDecrypt[2299: encryptDecrypt(algorithm=ALG_AES_128_GCM_IV12_TAG16_HKDF_SHA256_ECDSA_P256, byteSize=322, frameSize=161, readLen=323)]" classname="com.amazonaws.encryptionsdk.CryptoInputStreamTest$ParameterizedEncryptDecryptTest" time="0.001"/>
  <testcase name="encryptDecrypt[2300: encryptDecrypt(algorithm=ALG_AES_128_GCM_IV12_TAG16_HKDF_SHA256_ECDSA_P256, byteSize=322, frameSize=161, readLen=644)]" classname="com.amazonaws.encryptionsdk.CryptoInputStreamTest$ParameterizedEncryptDecryptTest" time="0.002"/>
  <testcase name="encryptDecrypt[2301: encryptDecrypt(algorithm=ALG_AES_128_GCM_IV12_TAG16_HKDF_SHA256_ECDSA_P256, byteSize=322, frameSize=161, readLen=1,000,000)]" classname="com.amazonaws.encryptionsdk.CryptoInputStreamTest$ParameterizedEncryptDecryptTest" time="0.001"/>
  <testcase name="encryptDecrypt[2302: encryptDecrypt(algorithm=ALG_AES_128_GCM_IV12_TAG16_HKDF_SHA256_ECDSA_P256, byteSize=1,000,000, frameSize=161, readLen=1)]" classname="com.amazonaws.encryptionsdk.CryptoInputStreamTest$ParameterizedEncryptDecryptTest" time="0.046"/>
  <testcase name="encryptDecrypt[2303: encryptDecrypt(algorithm=ALG_AES_128_GCM_IV12_TAG16_HKDF_SHA256_ECDSA_P256, byteSize=1,000,000, frameSize=161, readLen=999,999)]" classname="com.amazonaws.encryptionsdk.CryptoInputStreamTest$ParameterizedEncryptDecryptTest" time="0.029"/>
  <testcase name="encryptDecrypt[2304: encryptDecrypt(algorithm=ALG_AES_128_GCM_IV12_TAG16_HKDF_SHA256_ECDSA_P256, byteSize=1,000,000, frameSize=161, readLen=1,000,000)]" classname="com.amazonaws.encryptionsdk.CryptoInputStreamTest$ParameterizedEncryptDecryptTest" time="0.03"/>
  <testcase name="encryptDecrypt[2305: encryptDecrypt(algorithm=ALG_AES_128_GCM_IV12_TAG16_HKDF_SHA256_ECDSA_P256, byteSize=1,000,000, frameSize=161, readLen=1,000,001)]" classname="com.amazonaws.encryptionsdk.CryptoInputStreamTest$ParameterizedEncryptDecryptTest" time="0.029"/>
  <testcase name="encryptDecrypt[2306: encryptDecrypt(algorithm=ALG_AES_128_GCM_IV12_TAG16_HKDF_SHA256_ECDSA_P256, byteSize=1,000,000, frameSize=161, readLen=2,000,000)]" classname="com.amazonaws.encryptionsdk.CryptoInputStreamTest$ParameterizedEncryptDecryptTest" time="0.029"/>
  <testcase name="encryptDecrypt[2307: encryptDecrypt(algorithm=ALG_AES_128_GCM_IV12_TAG16_HKDF_SHA256_ECDSA_P256, byteSize=1,000,000, frameSize=161, readLen=1,000,000)]" classname="com.amazonaws.encryptionsdk.CryptoInputStreamTest$ParameterizedEncryptDecryptTest" time="0.03"/>
  <testcase name="encryptDecrypt[2308: encryptDecrypt(algorithm=ALG_AES_128_GCM_IV12_TAG16_HKDF_SHA256_ECDSA_P256, byteSize=0, frameSize=4,096, readLen=1)]" classname="com.amazonaws.encryptionsdk.CryptoInputStreamTest$ParameterizedEncryptDecryptTest" time="0.001"/>
  <testcase name="encryptDecrypt[2309: encryptDecrypt(algorithm=ALG_AES_128_GCM_IV12_TAG16_HKDF_SHA256_ECDSA_P256, byteSize=0, frameSize=4,096, readLen=1)]" classname="com.amazonaws.encryptionsdk.CryptoInputStreamTest$ParameterizedEncryptDecryptTest" time="0.001"/>
  <testcase name="encryptDecrypt[2310: encryptDecrypt(algorithm=ALG_AES_128_GCM_IV12_TAG16_HKDF_SHA256_ECDSA_P256, byteSize=0, frameSize=4,096, readLen=1,000,000)]" classname="com.amazonaws.encryptionsdk.CryptoInputStreamTest$ParameterizedEncryptDecryptTest" time="0.001"/>
  <testcase name="encryptDecrypt[2311: encryptDecrypt(algorithm=ALG_AES_128_GCM_IV12_TAG16_HKDF_SHA256_ECDSA_P256, byteSize=1, frameSize=4,096, readLen=1)]" classname="com.amazonaws.encryptionsdk.CryptoInputStreamTest$ParameterizedEncryptDecryptTest" time="0.001"/>
  <testcase name="encryptDecrypt[2312: encryptDecrypt(algorithm=ALG_AES_128_GCM_IV12_TAG16_HKDF_SHA256_ECDSA_P256, byteSize=1, frameSize=4,096, readLen=1)]" classname="com.amazonaws.encryptionsdk.CryptoInputStreamTest$ParameterizedEncryptDecryptTest" time="0.001"/>
  <testcase name="encryptDecrypt[2313: encryptDecrypt(algorithm=ALG_AES_128_GCM_IV12_TAG16_HKDF_SHA256_ECDSA_P256, byteSize=1, frameSize=4,096, readLen=2)]" classname="com.amazonaws.encryptionsdk.CryptoInputStreamTest$ParameterizedEncryptDecryptTest" time="0.001"/>
  <testcase name="encryptDecrypt[2314: encryptDecrypt(algorithm=ALG_AES_128_GCM_IV12_TAG16_HKDF_SHA256_ECDSA_P256, byteSize=1, frameSize=4,096, readLen=2)]" classname="com.amazonaws.encryptionsdk.CryptoInputStreamTest$ParameterizedEncryptDecryptTest" time="0.001"/>
  <testcase name="encryptDecrypt[2315: encryptDecrypt(algorithm=ALG_AES_128_GCM_IV12_TAG16_HKDF_SHA256_ECDSA_P256, byteSize=1, frameSize=4,096, readLen=1,000,000)]" classname="com.amazonaws.encryptionsdk.CryptoInputStreamTest$ParameterizedEncryptDecryptTest" time="0.001"/>
  <testcase name="encryptDecrypt[2316: encryptDecrypt(algorithm=ALG_AES_128_GCM_IV12_TAG16_HKDF_SHA256_ECDSA_P256, byteSize=4,095, frameSize=4,096, readLen=1)]" classname="com.amazonaws.encryptionsdk.CryptoInputStreamTest$ParameterizedEncryptDecryptTest" time="0.001"/>
  <testcase name="encryptDecrypt[2317: encryptDecrypt(algorithm=ALG_AES_128_GCM_IV12_TAG16_HKDF_SHA256_ECDSA_P256, byteSize=4,095, frameSize=4,096, readLen=4,094)]" classname="com.amazonaws.encryptionsdk.CryptoInputStreamTest$ParameterizedEncryptDecryptTest" time="0.001"/>
  <testcase name="encryptDecrypt[2318: encryptDecrypt(algorithm=ALG_AES_128_GCM_IV12_TAG16_HKDF_SHA256_ECDSA_P256, byteSize=4,095, frameSize=4,096, readLen=4,095)]" classname="com.amazonaws.encryptionsdk.CryptoInputStreamTest$ParameterizedEncryptDecryptTest" time="0.001"/>
  <testcase name="encryptDecrypt[2319: encryptDecrypt(algorithm=ALG_AES_128_GCM_IV12_TAG16_HKDF_SHA256_ECDSA_P256, byteSize=4,095, frameSize=4,096, readLen=4,096)]" classname="com.amazonaws.encryptionsdk.CryptoInputStreamTest$ParameterizedEncryptDecryptTest" time="0.002"/>
  <testcase name="encryptDecrypt[2320: encryptDecrypt(algorithm=ALG_AES_128_GCM_IV12_TAG16_HKDF_SHA256_ECDSA_P256, byteSize=4,095, frameSize=4,096, readLen=8,190)]" classname="com.amazonaws.encryptionsdk.CryptoInputStreamTest$ParameterizedEncryptDecryptTest" time="0.001"/>
  <testcase name="encryptDecrypt[2321: encryptDecrypt(algorithm=ALG_AES_128_GCM_IV12_TAG16_HKDF_SHA256_ECDSA_P256, byteSize=4,095, frameSize=4,096, readLen=1,000,000)]" classname="com.amazonaws.encryptionsdk.CryptoInputStreamTest$ParameterizedEncryptDecryptTest" time="0.001"/>
  <testcase name="encryptDecrypt[2322: encryptDecrypt(algorithm=ALG_AES_128_GCM_IV12_TAG16_HKDF_SHA256_ECDSA_P256, byteSize=4,096, frameSize=4,096, readLen=1)]" classname="com.amazonaws.encryptionsdk.CryptoInputStreamTest$ParameterizedEncryptDecryptTest" time="0.001"/>
  <testcase name="encryptDecrypt[2323: encryptDecrypt(algorithm=ALG_AES_128_GCM_IV12_TAG16_HKDF_SHA256_ECDSA_P256, byteSize=4,096, frameSize=4,096, readLen=4,095)]" classname="com.amazonaws.encryptionsdk.CryptoInputStreamTest$ParameterizedEncryptDecryptTest" time="0.001"/>
  <testcase name="encryptDecrypt[2324: encryptDecrypt(algorithm=ALG_AES_128_GCM_IV12_TAG16_HKDF_SHA256_ECDSA_P256, byteSize=4,096, frameSize=4,096, readLen=4,096)]" classname="com.amazonaws.encryptionsdk.CryptoInputStreamTest$ParameterizedEncryptDecryptTest" time="0.001"/>
  <testcase name="encryptDecrypt[2325: encryptDecrypt(algorithm=ALG_AES_128_GCM_IV12_TAG16_HKDF_SHA256_ECDSA_P256, byteSize=4,096, frameSize=4,096, readLen=4,097)]" classname="com.amazonaws.encryptionsdk.CryptoInputStreamTest$ParameterizedEncryptDecryptTest" time="0.001"/>
  <testcase name="encryptDecrypt[2326: encryptDecrypt(algorithm=ALG_AES_128_GCM_IV12_TAG16_HKDF_SHA256_ECDSA_P256, byteSize=4,096, frameSize=4,096, readLen=8,192)]" classname="com.amazonaws.encryptionsdk.CryptoInputStreamTest$ParameterizedEncryptDecryptTest" time="0.002"/>
  <testcase name="encryptDecrypt[2327: encryptDecrypt(algorithm=ALG_AES_128_GCM_IV12_TAG16_HKDF_SHA256_ECDSA_P256, byteSize=4,096, frameSize=4,096, readLen=1,000,000)]" classname="com.amazonaws.encryptionsdk.CryptoInputStreamTest$ParameterizedEncryptDecryptTest" time="0.001"/>
  <testcase name="encryptDecrypt[2328: encryptDecrypt(algorithm=ALG_AES_128_GCM_IV12_TAG16_HKDF_SHA256_ECDSA_P256, byteSize=4,097, frameSize=4,096, readLen=1)]" classname="com.amazonaws.encryptionsdk.CryptoInputStreamTest$ParameterizedEncryptDecryptTest" time="0.001"/>
  <testcase name="encryptDecrypt[2329: encryptDecrypt(algorithm=ALG_AES_128_GCM_IV12_TAG16_HKDF_SHA256_ECDSA_P256, byteSize=4,097, frameSize=4,096, readLen=4,096)]" classname="com.amazonaws.encryptionsdk.CryptoInputStreamTest$ParameterizedEncryptDecryptTest" time="0.001"/>
  <testcase name="encryptDecrypt[2330: encryptDecrypt(algorithm=ALG_AES_128_GCM_IV12_TAG16_HKDF_SHA256_ECDSA_P256, byteSize=4,097, frameSize=4,096, readLen=4,097)]" classname="com.amazonaws.encryptionsdk.CryptoInputStreamTest$ParameterizedEncryptDecryptTest" time="0.001"/>
  <testcase name="encryptDecrypt[2331: encryptDecrypt(algorithm=ALG_AES_128_GCM_IV12_TAG16_HKDF_SHA256_ECDSA_P256, byteSize=4,097, frameSize=4,096, readLen=4,098)]" classname="com.amazonaws.encryptionsdk.CryptoInputStreamTest$ParameterizedEncryptDecryptTest" time="0.001"/>
  <testcase name="encryptDecrypt[2332: encryptDecrypt(algorithm=ALG_AES_128_GCM_IV12_TAG16_HKDF_SHA256_ECDSA_P256, byteSize=4,097, frameSize=4,096, readLen=8,194)]" classname="com.amazonaws.encryptionsdk.CryptoInputStreamTest$ParameterizedEncryptDecryptTest" time="0.002"/>
  <testcase name="encryptDecrypt[2333: encryptDecrypt(algorithm=ALG_AES_128_GCM_IV12_TAG16_HKDF_SHA256_ECDSA_P256, byteSize=4,097, frameSize=4,096, readLen=1,000,000)]" classname="com.amazonaws.encryptionsdk.CryptoInputStreamTest$ParameterizedEncryptDecryptTest" time="0.001"/>
  <testcase name="encryptDecrypt[2334: encryptDecrypt(algorithm=ALG_AES_128_GCM_IV12_TAG16_HKDF_SHA256_ECDSA_P256, byteSize=6,144, frameSize=4,096, readLen=1)]" classname="com.amazonaws.encryptionsdk.CryptoInputStreamTest$ParameterizedEncryptDecryptTest" time="0.001"/>
  <testcase name="encryptDecrypt[2335: encryptDecrypt(algorithm=ALG_AES_128_GCM_IV12_TAG16_HKDF_SHA256_ECDSA_P256, byteSize=6,144, frameSize=4,096, readLen=6,143)]" classname="com.amazonaws.encryptionsdk.CryptoInputStreamTest$ParameterizedEncryptDecryptTest" time="0.001"/>
  <testcase name="encryptDecrypt[2336: encryptDecrypt(algorithm=ALG_AES_128_GCM_IV12_TAG16_HKDF_SHA256_ECDSA_P256, byteSize=6,144, frameSize=4,096, readLen=6,144)]" classname="com.amazonaws.encryptionsdk.CryptoInputStreamTest$ParameterizedEncryptDecryptTest" time="0.002"/>
  <testcase name="encryptDecrypt[2337: encryptDecrypt(algorithm=ALG_AES_128_GCM_IV12_TAG16_HKDF_SHA256_ECDSA_P256, byteSize=6,144, frameSize=4,096, readLen=6,145)]" classname="com.amazonaws.encryptionsdk.CryptoInputStreamTest$ParameterizedEncryptDecryptTest" time="0.001"/>
  <testcase name="encryptDecrypt[2338: encryptDecrypt(algorithm=ALG_AES_128_GCM_IV12_TAG16_HKDF_SHA256_ECDSA_P256, byteSize=6,144, frameSize=4,096, readLen=12,288)]" classname="com.amazonaws.encryptionsdk.CryptoInputStreamTest$ParameterizedEncryptDecryptTest" time="0.001"/>
  <testcase name="encryptDecrypt[2339: encryptDecrypt(algorithm=ALG_AES_128_GCM_IV12_TAG16_HKDF_SHA256_ECDSA_P256, byteSize=6,144, frameSize=4,096, readLen=1,000,000)]" classname="com.amazonaws.encryptionsdk.CryptoInputStreamTest$ParameterizedEncryptDecryptTest" time="0.001"/>
  <testcase name="encryptDecrypt[2340: encryptDecrypt(algorithm=ALG_AES_128_GCM_IV12_TAG16_HKDF_SHA256_ECDSA_P256, byteSize=8,192, frameSize=4,096, readLen=1)]" classname="com.amazonaws.encryptionsdk.CryptoInputStreamTest$ParameterizedEncryptDecryptTest" time="0.002"/>
  <testcase name="encryptDecrypt[2341: encryptDecrypt(algorithm=ALG_AES_128_GCM_IV12_TAG16_HKDF_SHA256_ECDSA_P256, byteSize=8,192, frameSize=4,096, readLen=8,191)]" classname="com.amazonaws.encryptionsdk.CryptoInputStreamTest$ParameterizedEncryptDecryptTest" time="0.001"/>
  <testcase name="encryptDecrypt[2342: encryptDecrypt(algorithm=ALG_AES_128_GCM_IV12_TAG16_HKDF_SHA256_ECDSA_P256, byteSize=8,192, frameSize=4,096, readLen=8,192)]" classname="com.amazonaws.encryptionsdk.CryptoInputStreamTest$ParameterizedEncryptDecryptTest" time="0.001"/>
  <testcase name="encryptDecrypt[2343: encryptDecrypt(algorithm=ALG_AES_128_GCM_IV12_TAG16_HKDF_SHA256_ECDSA_P256, byteSize=8,192, frameSize=4,096, readLen=8,193)]" classname="com.amazonaws.encryptionsdk.CryptoInputStreamTest$ParameterizedEncryptDecryptTest" time="0.002"/>
  <testcase name="encryptDecrypt[2344: encryptDecrypt(algorithm=ALG_AES_128_GCM_IV12_TAG16_HKDF_SHA256_ECDSA_P256, byteSize=8,192, frameSize=4,096, readLen=16,384)]" classname="com.amazonaws.encryptionsdk.CryptoInputStreamTest$ParameterizedEncryptDecryptTest" time="0.001"/>
  <testcase name="encryptDecrypt[2345: encryptDecrypt(algorithm=ALG_AES_128_GCM_IV12_TAG16_HKDF_SHA256_ECDSA_P256, byteSize=8,192, frameSize=4,096, readLen=1,000,000)]" classname="com.amazonaws.encryptionsdk.CryptoInputStreamTest$ParameterizedEncryptDecryptTest" time="0.001"/>
  <testcase name="encryptDecrypt[2346: encryptDecrypt(algorithm=ALG_AES_128_GCM_IV12_TAG16_HKDF_SHA256_ECDSA_P256, byteSize=1,000,000, frameSize=4,096, readLen=1)]" classname="com.amazonaws.encryptionsdk.CryptoInputStreamTest$ParameterizedEncryptDecryptTest" time="0.038"/>
  <testcase name="encryptDecrypt[2347: encryptDecrypt(algorithm=ALG_AES_128_GCM_IV12_TAG16_HKDF_SHA256_ECDSA_P256, byteSize=1,000,000, frameSize=4,096, readLen=999,999)]" classname="com.amazonaws.encryptionsdk.CryptoInputStreamTest$ParameterizedEncryptDecryptTest" time="0.021"/>
  <testcase name="encryptDecrypt[2348: encryptDecrypt(algorithm=ALG_AES_128_GCM_IV12_TAG16_HKDF_SHA256_ECDSA_P256, byteSize=1,000,000, frameSize=4,096, readLen=1,000,000)]" classname="com.amazonaws.encryptionsdk.CryptoInputStreamTest$ParameterizedEncryptDecryptTest" time="0.02"/>
  <testcase name="encryptDecrypt[2349: encryptDecrypt(algorithm=ALG_AES_128_GCM_IV12_TAG16_HKDF_SHA256_ECDSA_P256, byteSize=1,000,000, frameSize=4,096, readLen=1,000,001)]" classname="com.amazonaws.encryptionsdk.CryptoInputStreamTest$ParameterizedEncryptDecryptTest" time="0.02"/>
  <testcase name="encryptDecrypt[2350: encryptDecrypt(algorithm=ALG_AES_128_GCM_IV12_TAG16_HKDF_SHA256_ECDSA_P256, byteSize=1,000,000, frameSize=4,096, readLen=2,000,000)]" classname="com.amazonaws.encryptionsdk.CryptoInputStreamTest$ParameterizedEncryptDecryptTest" time="0.021"/>
  <testcase name="encryptDecrypt[2351: encryptDecrypt(algorithm=ALG_AES_128_GCM_IV12_TAG16_HKDF_SHA256_ECDSA_P256, byteSize=1,000,000, frameSize=4,096, readLen=1,000,000)]" classname="com.amazonaws.encryptionsdk.CryptoInputStreamTest$ParameterizedEncryptDecryptTest" time="0.021"/>
  <testcase name="encryptDecrypt[2352: encryptDecrypt(algorithm=ALG_AES_192_GCM_IV12_TAG16_HKDF_SHA384_ECDSA_P384, byteSize=0, frameSize=0, readLen=1)]" classname="com.amazonaws.encryptionsdk.CryptoInputStreamTest$ParameterizedEncryptDecryptTest" time="0.004"/>
  <testcase name="encryptDecrypt[2353: encryptDecrypt(algorithm=ALG_AES_192_GCM_IV12_TAG16_HKDF_SHA384_ECDSA_P384, byteSize=0, frameSize=0, readLen=1)]" classname="com.amazonaws.encryptionsdk.CryptoInputStreamTest$ParameterizedEncryptDecryptTest" time="0.002"/>
  <testcase name="encryptDecrypt[2354: encryptDecrypt(algorithm=ALG_AES_192_GCM_IV12_TAG16_HKDF_SHA384_ECDSA_P384, byteSize=0, frameSize=0, readLen=1,000,000)]" classname="com.amazonaws.encryptionsdk.CryptoInputStreamTest$ParameterizedEncryptDecryptTest" time="0.003"/>
  <testcase name="encryptDecrypt[2355: encryptDecrypt(algorithm=ALG_AES_192_GCM_IV12_TAG16_HKDF_SHA384_ECDSA_P384, byteSize=1, frameSize=0, readLen=1)]" classname="com.amazonaws.encryptionsdk.CryptoInputStreamTest$ParameterizedEncryptDecryptTest" time="0.003"/>
  <testcase name="encryptDecrypt[2356: encryptDecrypt(algorithm=ALG_AES_192_GCM_IV12_TAG16_HKDF_SHA384_ECDSA_P384, byteSize=1, frameSize=0, readLen=1)]" classname="com.amazonaws.encryptionsdk.CryptoInputStreamTest$ParameterizedEncryptDecryptTest" time="0.003"/>
  <testcase name="encryptDecrypt[2357: encryptDecrypt(algorithm=ALG_AES_192_GCM_IV12_TAG16_HKDF_SHA384_ECDSA_P384, byteSize=1, frameSize=0, readLen=2)]" classname="com.amazonaws.encryptionsdk.CryptoInputStreamTest$ParameterizedEncryptDecryptTest" time="0.003"/>
  <testcase name="encryptDecrypt[2358: encryptDecrypt(algorithm=ALG_AES_192_GCM_IV12_TAG16_HKDF_SHA384_ECDSA_P384, byteSize=1, frameSize=0, readLen=2)]" classname="com.amazonaws.encryptionsdk.CryptoInputStreamTest$ParameterizedEncryptDecryptTest" time="0.003"/>
  <testcase name="encryptDecrypt[2359: encryptDecrypt(algorithm=ALG_AES_192_GCM_IV12_TAG16_HKDF_SHA384_ECDSA_P384, byteSize=1, frameSize=0, readLen=1,000,000)]" classname="com.amazonaws.encryptionsdk.CryptoInputStreamTest$ParameterizedEncryptDecryptTest" time="0.003"/>
  <testcase name="encryptDecrypt[2360: encryptDecrypt(algorithm=ALG_AES_192_GCM_IV12_TAG16_HKDF_SHA384_ECDSA_P384, byteSize=0, frameSize=0, readLen=1)]" classname="com.amazonaws.encryptionsdk.CryptoInputStreamTest$ParameterizedEncryptDecryptTest" time="0.002"/>
  <testcase name="encryptDecrypt[2361: encryptDecrypt(algorithm=ALG_AES_192_GCM_IV12_TAG16_HKDF_SHA384_ECDSA_P384, byteSize=0, frameSize=0, readLen=1)]" classname="com.amazonaws.encryptionsdk.CryptoInputStreamTest$ParameterizedEncryptDecryptTest" time="0.003"/>
  <testcase name="encryptDecrypt[2362: encryptDecrypt(algorithm=ALG_AES_192_GCM_IV12_TAG16_HKDF_SHA384_ECDSA_P384, byteSize=0, frameSize=0, readLen=1,000,000)]" classname="com.amazonaws.encryptionsdk.CryptoInputStreamTest$ParameterizedEncryptDecryptTest" time="0.003"/>
  <testcase name="encryptDecrypt[2363: encryptDecrypt(algorithm=ALG_AES_192_GCM_IV12_TAG16_HKDF_SHA384_ECDSA_P384, byteSize=1, frameSize=0, readLen=1)]" classname="com.amazonaws.encryptionsdk.CryptoInputStreamTest$ParameterizedEncryptDecryptTest" time="0.002"/>
  <testcase name="encryptDecrypt[2364: encryptDecrypt(algorithm=ALG_AES_192_GCM_IV12_TAG16_HKDF_SHA384_ECDSA_P384, byteSize=1, frameSize=0, readLen=1)]" classname="com.amazonaws.encryptionsdk.CryptoInputStreamTest$ParameterizedEncryptDecryptTest" time="0.003"/>
  <testcase name="encryptDecrypt[2365: encryptDecrypt(algorithm=ALG_AES_192_GCM_IV12_TAG16_HKDF_SHA384_ECDSA_P384, byteSize=1, frameSize=0, readLen=2)]" classname="com.amazonaws.encryptionsdk.CryptoInputStreamTest$ParameterizedEncryptDecryptTest" time="0.003"/>
  <testcase name="encryptDecrypt[2366: encryptDecrypt(algorithm=ALG_AES_192_GCM_IV12_TAG16_HKDF_SHA384_ECDSA_P384, byteSize=1, frameSize=0, readLen=2)]" classname="com.amazonaws.encryptionsdk.CryptoInputStreamTest$ParameterizedEncryptDecryptTest" time="0.003"/>
  <testcase name="encryptDecrypt[2367: encryptDecrypt(algorithm=ALG_AES_192_GCM_IV12_TAG16_HKDF_SHA384_ECDSA_P384, byteSize=1, frameSize=0, readLen=1,000,000)]" classname="com.amazonaws.encryptionsdk.CryptoInputStreamTest$ParameterizedEncryptDecryptTest" time="0.003"/>
  <testcase name="encryptDecrypt[2368: encryptDecrypt(algorithm=ALG_AES_192_GCM_IV12_TAG16_HKDF_SHA384_ECDSA_P384, byteSize=0, frameSize=0, readLen=1)]" classname="com.amazonaws.encryptionsdk.CryptoInputStreamTest$ParameterizedEncryptDecryptTest" time="0.002"/>
  <testcase name="encryptDecrypt[2369: encryptDecrypt(algorithm=ALG_AES_192_GCM_IV12_TAG16_HKDF_SHA384_ECDSA_P384, byteSize=0, frameSize=0, readLen=1)]" classname="com.amazonaws.encryptionsdk.CryptoInputStreamTest$ParameterizedEncryptDecryptTest" time="0.003"/>
  <testcase name="encryptDecrypt[2370: encryptDecrypt(algorithm=ALG_AES_192_GCM_IV12_TAG16_HKDF_SHA384_ECDSA_P384, byteSize=0, frameSize=0, readLen=1,000,000)]" classname="com.amazonaws.encryptionsdk.CryptoInputStreamTest$ParameterizedEncryptDecryptTest" time="0.003"/>
  <testcase name="encryptDecrypt[2371: encryptDecrypt(algorithm=ALG_AES_192_GCM_IV12_TAG16_HKDF_SHA384_ECDSA_P384, byteSize=0, frameSize=0, readLen=1)]" classname="com.amazonaws.encryptionsdk.CryptoInputStreamTest$ParameterizedEncryptDecryptTest" time="0.003"/>
  <testcase name="encryptDecrypt[2372: encryptDecrypt(algorithm=ALG_AES_192_GCM_IV12_TAG16_HKDF_SHA384_ECDSA_P384, byteSize=0, frameSize=0, readLen=1)]" classname="com.amazonaws.encryptionsdk.CryptoInputStreamTest$ParameterizedEncryptDecryptTest" time="0.003"/>
  <testcase name="encryptDecrypt[2373: encryptDecrypt(algorithm=ALG_AES_192_GCM_IV12_TAG16_HKDF_SHA384_ECDSA_P384, byteSize=0, frameSize=0, readLen=1,000,000)]" classname="com.amazonaws.encryptionsdk.CryptoInputStreamTest$ParameterizedEncryptDecryptTest" time="0.003"/>
  <testcase name="encryptDecrypt[2374: encryptDecrypt(algorithm=ALG_AES_192_GCM_IV12_TAG16_HKDF_SHA384_ECDSA_P384, byteSize=1,000,000, frameSize=0, readLen=1)]" classname="com.amazonaws.encryptionsdk.CryptoInputStreamTest$ParameterizedEncryptDecryptTest" time="0.071"/>
  <testcase name="encryptDecrypt[2375: encryptDecrypt(algorithm=ALG_AES_192_GCM_IV12_TAG16_HKDF_SHA384_ECDSA_P384, byteSize=1,000,000, frameSize=0, readLen=999,999)]" classname="com.amazonaws.encryptionsdk.CryptoInputStreamTest$ParameterizedEncryptDecryptTest" time="0.052"/>
  <testcase name="encryptDecrypt[2376: encryptDecrypt(algorithm=ALG_AES_192_GCM_IV12_TAG16_HKDF_SHA384_ECDSA_P384, byteSize=1,000,000, frameSize=0, readLen=1,000,000)]" classname="com.amazonaws.encryptionsdk.CryptoInputStreamTest$ParameterizedEncryptDecryptTest" time="0.055"/>
  <testcase name="encryptDecrypt[2377: encryptDecrypt(algorithm=ALG_AES_192_GCM_IV12_TAG16_HKDF_SHA384_ECDSA_P384, byteSize=1,000,000, frameSize=0, readLen=1,000,001)]" classname="com.amazonaws.encryptionsdk.CryptoInputStreamTest$ParameterizedEncryptDecryptTest" time="0.051"/>
  <testcase name="encryptDecrypt[2378: encryptDecrypt(algorithm=ALG_AES_192_GCM_IV12_TAG16_HKDF_SHA384_ECDSA_P384, byteSize=1,000,000, frameSize=0, readLen=2,000,000)]" classname="com.amazonaws.encryptionsdk.CryptoInputStreamTest$ParameterizedEncryptDecryptTest" time="0.052"/>
  <testcase name="encryptDecrypt[2379: encryptDecrypt(algorithm=ALG_AES_192_GCM_IV12_TAG16_HKDF_SHA384_ECDSA_P384, byteSize=1,000,000, frameSize=0, readLen=1,000,000)]" classname="com.amazonaws.encryptionsdk.CryptoInputStreamTest$ParameterizedEncryptDecryptTest" time="0.051"/>
  <testcase name="encryptDecrypt[2380: encryptDecrypt(algorithm=ALG_AES_192_GCM_IV12_TAG16_HKDF_SHA384_ECDSA_P384, byteSize=0, frameSize=15, readLen=1)]" classname="com.amazonaws.encryptionsdk.CryptoInputStreamTest$ParameterizedEncryptDecryptTest" time="0.002"/>
  <testcase name="encryptDecrypt[2381: encryptDecrypt(algorithm=ALG_AES_192_GCM_IV12_TAG16_HKDF_SHA384_ECDSA_P384, byteSize=0, frameSize=15, readLen=1)]" classname="com.amazonaws.encryptionsdk.CryptoInputStreamTest$ParameterizedEncryptDecryptTest" time="0.003"/>
  <testcase name="encryptDecrypt[2382: encryptDecrypt(algorithm=ALG_AES_192_GCM_IV12_TAG16_HKDF_SHA384_ECDSA_P384, byteSize=0, frameSize=15, readLen=1,000,000)]" classname="com.amazonaws.encryptionsdk.CryptoInputStreamTest$ParameterizedEncryptDecryptTest" time="0.003"/>
  <testcase name="encryptDecrypt[2383: encryptDecrypt(algorithm=ALG_AES_192_GCM_IV12_TAG16_HKDF_SHA384_ECDSA_P384, byteSize=1, frameSize=15, readLen=1)]" classname="com.amazonaws.encryptionsdk.CryptoInputStreamTest$ParameterizedEncryptDecryptTest" time="0.003"/>
  <testcase name="encryptDecrypt[2384: encryptDecrypt(algorithm=ALG_AES_192_GCM_IV12_TAG16_HKDF_SHA384_ECDSA_P384, byteSize=1, frameSize=15, readLen=1)]" classname="com.amazonaws.encryptionsdk.CryptoInputStreamTest$ParameterizedEncryptDecryptTest" time="0.002"/>
  <testcase name="encryptDecrypt[2385: encryptDecrypt(algorithm=ALG_AES_192_GCM_IV12_TAG16_HKDF_SHA384_ECDSA_P384, byteSize=1, frameSize=15, readLen=2)]" classname="com.amazonaws.encryptionsdk.CryptoInputStreamTest$ParameterizedEncryptDecryptTest" time="0.003"/>
  <testcase name="encryptDecrypt[2386: encryptDecrypt(algorithm=ALG_AES_192_GCM_IV12_TAG16_HKDF_SHA384_ECDSA_P384, byteSize=1, frameSize=15, readLen=2)]" classname="com.amazonaws.encryptionsdk.CryptoInputStreamTest$ParameterizedEncryptDecryptTest" time="0.003"/>
  <testcase name="encryptDecrypt[2387: encryptDecrypt(algorithm=ALG_AES_192_GCM_IV12_TAG16_HKDF_SHA384_ECDSA_P384, byteSize=1, frameSize=15, readLen=1,000,000)]" classname="com.amazonaws.encryptionsdk.CryptoInputStreamTest$ParameterizedEncryptDecryptTest" time="0.002"/>
  <testcase name="encryptDecrypt[2388: encryptDecrypt(algorithm=ALG_AES_192_GCM_IV12_TAG16_HKDF_SHA384_ECDSA_P384, byteSize=14, frameSize=15, readLen=1)]" classname="com.amazonaws.encryptionsdk.CryptoInputStreamTest$ParameterizedEncryptDecryptTest" time="0.002"/>
  <testcase name="encryptDecrypt[2389: encryptDecrypt(algorithm=ALG_AES_192_GCM_IV12_TAG16_HKDF_SHA384_ECDSA_P384, byteSize=14, frameSize=15, readLen=13)]" classname="com.amazonaws.encryptionsdk.CryptoInputStreamTest$ParameterizedEncryptDecryptTest" time="0.003"/>
  <testcase name="encryptDecrypt[2390: encryptDecrypt(algorithm=ALG_AES_192_GCM_IV12_TAG16_HKDF_SHA384_ECDSA_P384, byteSize=14, frameSize=15, readLen=14)]" classname="com.amazonaws.encryptionsdk.CryptoInputStreamTest$ParameterizedEncryptDecryptTest" time="0.003"/>
  <testcase name="encryptDecrypt[2391: encryptDecrypt(algorithm=ALG_AES_192_GCM_IV12_TAG16_HKDF_SHA384_ECDSA_P384, byteSize=14, frameSize=15, readLen=15)]" classname="com.amazonaws.encryptionsdk.CryptoInputStreamTest$ParameterizedEncryptDecryptTest" time="0.002"/>
  <testcase name="encryptDecrypt[2392: encryptDecrypt(algorithm=ALG_AES_192_GCM_IV12_TAG16_HKDF_SHA384_ECDSA_P384, byteSize=14, frameSize=15, readLen=28)]" classname="com.amazonaws.encryptionsdk.CryptoInputStreamTest$ParameterizedEncryptDecryptTest" time="0.003"/>
  <testcase name="encryptDecrypt[2393: encryptDecrypt(algorithm=ALG_AES_192_GCM_IV12_TAG16_HKDF_SHA384_ECDSA_P384, byteSize=14, frameSize=15, readLen=1,000,000)]" classname="com.amazonaws.encryptionsdk.CryptoInputStreamTest$ParameterizedEncryptDecryptTest" time="0.002"/>
  <testcase name="encryptDecrypt[2394: encryptDecrypt(algorithm=ALG_AES_192_GCM_IV12_TAG16_HKDF_SHA384_ECDSA_P384, byteSize=15, frameSize=15, readLen=1)]" classname="com.amazonaws.encryptionsdk.CryptoInputStreamTest$ParameterizedEncryptDecryptTest" time="0.003"/>
  <testcase name="encryptDecrypt[2395: encryptDecrypt(algorithm=ALG_AES_192_GCM_IV12_TAG16_HKDF_SHA384_ECDSA_P384, byteSize=15, frameSize=15, readLen=14)]" classname="com.amazonaws.encryptionsdk.CryptoInputStreamTest$ParameterizedEncryptDecryptTest" time="0.002"/>
  <testcase name="encryptDecrypt[2396: encryptDecrypt(algorithm=ALG_AES_192_GCM_IV12_TAG16_HKDF_SHA384_ECDSA_P384, byteSize=15, frameSize=15, readLen=15)]" classname="com.amazonaws.encryptionsdk.CryptoInputStreamTest$ParameterizedEncryptDecryptTest" time="0.003"/>
  <testcase name="encryptDecrypt[2397: encryptDecrypt(algorithm=ALG_AES_192_GCM_IV12_TAG16_HKDF_SHA384_ECDSA_P384, byteSize=15, frameSize=15, readLen=16)]" classname="com.amazonaws.encryptionsdk.CryptoInputStreamTest$ParameterizedEncryptDecryptTest" time="0.002"/>
  <testcase name="encryptDecrypt[2398: encryptDecrypt(algorithm=ALG_AES_192_GCM_IV12_TAG16_HKDF_SHA384_ECDSA_P384, byteSize=15, frameSize=15, readLen=30)]" classname="com.amazonaws.encryptionsdk.CryptoInputStreamTest$ParameterizedEncryptDecryptTest" time="0.003"/>
  <testcase name="encryptDecrypt[2399: encryptDecrypt(algorithm=ALG_AES_192_GCM_IV12_TAG16_HKDF_SHA384_ECDSA_P384, byteSize=15, frameSize=15, readLen=1,000,000)]" classname="com.amazonaws.encryptionsdk.CryptoInputStreamTest$ParameterizedEncryptDecryptTest" time="0.003"/>
  <testcase name="encryptDecrypt[2400: encryptDecrypt(algorithm=ALG_AES_192_GCM_IV12_TAG16_HKDF_SHA384_ECDSA_P384, byteSize=16, frameSize=15, readLen=1)]" classname="com.amazonaws.encryptionsdk.CryptoInputStreamTest$ParameterizedEncryptDecryptTest" time="0.002"/>
  <testcase name="encryptDecrypt[2401: encryptDecrypt(algorithm=ALG_AES_192_GCM_IV12_TAG16_HKDF_SHA384_ECDSA_P384, byteSize=16, frameSize=15, readLen=15)]" classname="com.amazonaws.encryptionsdk.CryptoInputStreamTest$ParameterizedEncryptDecryptTest" time="0.003"/>
  <testcase name="encryptDecrypt[2402: encryptDecrypt(algorithm=ALG_AES_192_GCM_IV12_TAG16_HKDF_SHA384_ECDSA_P384, byteSize=16, frameSize=15, readLen=16)]" classname="com.amazonaws.encryptionsdk.CryptoInputStreamTest$ParameterizedEncryptDecryptTest" time="0.003"/>
  <testcase name="encryptDecrypt[2403: encryptDecrypt(algorithm=ALG_AES_192_GCM_IV12_TAG16_HKDF_SHA384_ECDSA_P384, byteSize=16, frameSize=15, readLen=17)]" classname="com.amazonaws.encryptionsdk.CryptoInputStreamTest$ParameterizedEncryptDecryptTest" time="0.002"/>
  <testcase name="encryptDecrypt[2404: encryptDecrypt(algorithm=ALG_AES_192_GCM_IV12_TAG16_HKDF_SHA384_ECDSA_P384, byteSize=16, frameSize=15, readLen=32)]" classname="com.amazonaws.encryptionsdk.CryptoInputStreamTest$ParameterizedEncryptDecryptTest" time="0.003"/>
  <testcase name="encryptDecrypt[2405: encryptDecrypt(algorithm=ALG_AES_192_GCM_IV12_TAG16_HKDF_SHA384_ECDSA_P384, byteSize=16, frameSize=15, readLen=1,000,000)]" classname="com.amazonaws.encryptionsdk.CryptoInputStreamTest$ParameterizedEncryptDecryptTest" time="0.002"/>
  <testcase name="encryptDecrypt[2406: encryptDecrypt(algorithm=ALG_AES_192_GCM_IV12_TAG16_HKDF_SHA384_ECDSA_P384, byteSize=22, frameSize=15, readLen=1)]" classname="com.amazonaws.encryptionsdk.CryptoInputStreamTest$ParameterizedEncryptDecryptTest" time="0.003"/>
  <testcase name="encryptDecrypt[2407: encryptDecrypt(algorithm=ALG_AES_192_GCM_IV12_TAG16_HKDF_SHA384_ECDSA_P384, byteSize=22, frameSize=15, readLen=21)]" classname="com.amazonaws.encryptionsdk.CryptoInputStreamTest$ParameterizedEncryptDecryptTest" time="0.002"/>
  <testcase name="encryptDecrypt[2408: encryptDecrypt(algorithm=ALG_AES_192_GCM_IV12_TAG16_HKDF_SHA384_ECDSA_P384, byteSize=22, frameSize=15, readLen=22)]" classname="com.amazonaws.encryptionsdk.CryptoInputStreamTest$ParameterizedEncryptDecryptTest" time="0.003"/>
  <testcase name="encryptDecrypt[2409: encryptDecrypt(algorithm=ALG_AES_192_GCM_IV12_TAG16_HKDF_SHA384_ECDSA_P384, byteSize=22, frameSize=15, readLen=23)]" classname="com.amazonaws.encryptionsdk.CryptoInputStreamTest$ParameterizedEncryptDecryptTest" time="0.003"/>
  <testcase name="encryptDecrypt[2410: encryptDecrypt(algorithm=ALG_AES_192_GCM_IV12_TAG16_HKDF_SHA384_ECDSA_P384, byteSize=22, frameSize=15, readLen=44)]" classname="com.amazonaws.encryptionsdk.CryptoInputStreamTest$ParameterizedEncryptDecryptTest" time="0.003"/>
  <testcase name="encryptDecrypt[2411: encryptDecrypt(algorithm=ALG_AES_192_GCM_IV12_TAG16_HKDF_SHA384_ECDSA_P384, byteSize=22, frameSize=15, readLen=1,000,000)]" classname="com.amazonaws.encryptionsdk.CryptoInputStreamTest$ParameterizedEncryptDecryptTest" time="0.002"/>
  <testcase name="encryptDecrypt[2412: encryptDecrypt(algorithm=ALG_AES_192_GCM_IV12_TAG16_HKDF_SHA384_ECDSA_P384, byteSize=30, frameSize=15, readLen=1)]" classname="com.amazonaws.encryptionsdk.CryptoInputStreamTest$ParameterizedEncryptDecryptTest" time="0.003"/>
  <testcase name="encryptDecrypt[2413: encryptDecrypt(algorithm=ALG_AES_192_GCM_IV12_TAG16_HKDF_SHA384_ECDSA_P384, byteSize=30, frameSize=15, readLen=29)]" classname="com.amazonaws.encryptionsdk.CryptoInputStreamTest$ParameterizedEncryptDecryptTest" time="0.002"/>
  <testcase name="encryptDecrypt[2414: encryptDecrypt(algorithm=ALG_AES_192_GCM_IV12_TAG16_HKDF_SHA384_ECDSA_P384, byteSize=30, frameSize=15, readLen=30)]" classname="com.amazonaws.encryptionsdk.CryptoInputStreamTest$ParameterizedEncryptDecryptTest" time="0.003"/>
  <testcase name="encryptDecrypt[2415: encryptDecrypt(algorithm=ALG_AES_192_GCM_IV12_TAG16_HKDF_SHA384_ECDSA_P384, byteSize=30, frameSize=15, readLen=31)]" classname="com.amazonaws.encryptionsdk.CryptoInputStreamTest$ParameterizedEncryptDecryptTest" time="0.002"/>
  <testcase name="encryptDecrypt[2416: encryptDecrypt(algorithm=ALG_AES_192_GCM_IV12_TAG16_HKDF_SHA384_ECDSA_P384, byteSize=30, frameSize=15, readLen=60)]" classname="com.amazonaws.encryptionsdk.CryptoInputStreamTest$ParameterizedEncryptDecryptTest" time="0.003"/>
  <testcase name="encryptDecrypt[2417: encryptDecrypt(algorithm=ALG_AES_192_GCM_IV12_TAG16_HKDF_SHA384_ECDSA_P384, byteSize=30, frameSize=15, readLen=1,000,000)]" classname="com.amazonaws.encryptionsdk.CryptoInputStreamTest$ParameterizedEncryptDecryptTest" time="0.002"/>
  <testcase name="encryptDecrypt[2418: encryptDecrypt(algorithm=ALG_AES_192_GCM_IV12_TAG16_HKDF_SHA384_ECDSA_P384, byteSize=1,000,000, frameSize=15, readLen=1)]" classname="com.amazonaws.encryptionsdk.CryptoInputStreamTest$ParameterizedEncryptDecryptTest" time="0.122"/>
  <testcase name="encryptDecrypt[2419: encryptDecrypt(algorithm=ALG_AES_192_GCM_IV12_TAG16_HKDF_SHA384_ECDSA_P384, byteSize=1,000,000, frameSize=15, readLen=999,999)]" classname="com.amazonaws.encryptionsdk.CryptoInputStreamTest$ParameterizedEncryptDecryptTest" time="0.105"/>
  <testcase name="encryptDecrypt[2420: encryptDecrypt(algorithm=ALG_AES_192_GCM_IV12_TAG16_HKDF_SHA384_ECDSA_P384, byteSize=1,000,000, frameSize=15, readLen=1,000,000)]" classname="com.amazonaws.encryptionsdk.CryptoInputStreamTest$ParameterizedEncryptDecryptTest" time="0.109"/>
  <testcase name="encryptDecrypt[2421: encryptDecrypt(algorithm=ALG_AES_192_GCM_IV12_TAG16_HKDF_SHA384_ECDSA_P384, byteSize=1,000,000, frameSize=15, readLen=1,000,001)]" classname="com.amazonaws.encryptionsdk.CryptoInputStreamTest$ParameterizedEncryptDecryptTest" time="0.104"/>
  <testcase name="encryptDecrypt[2422: encryptDecrypt(algorithm=ALG_AES_192_GCM_IV12_TAG16_HKDF_SHA384_ECDSA_P384, byteSize=1,000,000, frameSize=15, readLen=2,000,000)]" classname="com.amazonaws.encryptionsdk.CryptoInputStreamTest$ParameterizedEncryptDecryptTest" time="0.104"/>
  <testcase name="encryptDecrypt[2423: encryptDecrypt(algorithm=ALG_AES_192_GCM_IV12_TAG16_HKDF_SHA384_ECDSA_P384, byteSize=1,000,000, frameSize=15, readLen=1,000,000)]" classname="com.amazonaws.encryptionsdk.CryptoInputStreamTest$ParameterizedEncryptDecryptTest" time="0.104"/>
  <testcase name="encryptDecrypt[2424: encryptDecrypt(algorithm=ALG_AES_192_GCM_IV12_TAG16_HKDF_SHA384_ECDSA_P384, byteSize=0, frameSize=16, readLen=1)]" classname="com.amazonaws.encryptionsdk.CryptoInputStreamTest$ParameterizedEncryptDecryptTest" time="0.003"/>
  <testcase name="encryptDecrypt[2425: encryptDecrypt(algorithm=ALG_AES_192_GCM_IV12_TAG16_HKDF_SHA384_ECDSA_P384, byteSize=0, frameSize=16, readLen=1)]" classname="com.amazonaws.encryptionsdk.CryptoInputStreamTest$ParameterizedEncryptDecryptTest" time="0.002"/>
  <testcase name="encryptDecrypt[2426: encryptDecrypt(algorithm=ALG_AES_192_GCM_IV12_TAG16_HKDF_SHA384_ECDSA_P384, byteSize=0, frameSize=16, readLen=1,000,000)]" classname="com.amazonaws.encryptionsdk.CryptoInputStreamTest$ParameterizedEncryptDecryptTest" time="0.003"/>
  <testcase name="encryptDecrypt[2427: encryptDecrypt(algorithm=ALG_AES_192_GCM_IV12_TAG16_HKDF_SHA384_ECDSA_P384, byteSize=1, frameSize=16, readLen=1)]" classname="com.amazonaws.encryptionsdk.CryptoInputStreamTest$ParameterizedEncryptDecryptTest" time="0.003"/>
  <testcase name="encryptDecrypt[2428: encryptDecrypt(algorithm=ALG_AES_192_GCM_IV12_TAG16_HKDF_SHA384_ECDSA_P384, byteSize=1, frameSize=16, readLen=1)]" classname="com.amazonaws.encryptionsdk.CryptoInputStreamTest$ParameterizedEncryptDecryptTest" time="0.002"/>
  <testcase name="encryptDecrypt[2429: encryptDecrypt(algorithm=ALG_AES_192_GCM_IV12_TAG16_HKDF_SHA384_ECDSA_P384, byteSize=1, frameSize=16, readLen=2)]" classname="com.amazonaws.encryptionsdk.CryptoInputStreamTest$ParameterizedEncryptDecryptTest" time="0.003"/>
  <testcase name="encryptDecrypt[2430: encryptDecrypt(algorithm=ALG_AES_192_GCM_IV12_TAG16_HKDF_SHA384_ECDSA_P384, byteSize=1, frameSize=16, readLen=2)]" classname="com.amazonaws.encryptionsdk.CryptoInputStreamTest$ParameterizedEncryptDecryptTest" time="0.002"/>
  <testcase name="encryptDecrypt[2431: encryptDecrypt(algorithm=ALG_AES_192_GCM_IV12_TAG16_HKDF_SHA384_ECDSA_P384, byteSize=1, frameSize=16, readLen=1,000,000)]" classname="com.amazonaws.encryptionsdk.CryptoInputStreamTest$ParameterizedEncryptDecryptTest" time="0.003"/>
  <testcase name="encryptDecrypt[2432: encryptDecrypt(algorithm=ALG_AES_192_GCM_IV12_TAG16_HKDF_SHA384_ECDSA_P384, byteSize=15, frameSize=16, readLen=1)]" classname="com.amazonaws.encryptionsdk.CryptoInputStreamTest$ParameterizedEncryptDecryptTest" time="0.002"/>
  <testcase name="encryptDecrypt[2433: encryptDecrypt(algorithm=ALG_AES_192_GCM_IV12_TAG16_HKDF_SHA384_ECDSA_P384, byteSize=15, frameSize=16, readLen=14)]" classname="com.amazonaws.encryptionsdk.CryptoInputStreamTest$ParameterizedEncryptDecryptTest" time="0.003"/>
  <testcase name="encryptDecrypt[2434: encryptDecrypt(algorithm=ALG_AES_192_GCM_IV12_TAG16_HKDF_SHA384_ECDSA_P384, byteSize=15, frameSize=16, readLen=15)]" classname="com.amazonaws.encryptionsdk.CryptoInputStreamTest$ParameterizedEncryptDecryptTest" time="0.002"/>
  <testcase name="encryptDecrypt[2435: encryptDecrypt(algorithm=ALG_AES_192_GCM_IV12_TAG16_HKDF_SHA384_ECDSA_P384, byteSize=15, frameSize=16, readLen=16)]" classname="com.amazonaws.encryptionsdk.CryptoInputStreamTest$ParameterizedEncryptDecryptTest" time="0.003"/>
  <testcase name="encryptDecrypt[2436: encryptDecrypt(algorithm=ALG_AES_192_GCM_IV12_TAG16_HKDF_SHA384_ECDSA_P384, byteSize=15, frameSize=16, readLen=30)]" classname="com.amazonaws.encryptionsdk.CryptoInputStreamTest$ParameterizedEncryptDecryptTest" time="0.002"/>
  <testcase name="encryptDecrypt[2437: encryptDecrypt(algorithm=ALG_AES_192_GCM_IV12_TAG16_HKDF_SHA384_ECDSA_P384, byteSize=15, frameSize=16, readLen=1,000,000)]" classname="com.amazonaws.encryptionsdk.CryptoInputStreamTest$ParameterizedEncryptDecryptTest" time="0.003"/>
  <testcase name="encryptDecrypt[2438: encryptDecrypt(algorithm=ALG_AES_192_GCM_IV12_TAG16_HKDF_SHA384_ECDSA_P384, byteSize=16, frameSize=16, readLen=1)]" classname="com.amazonaws.encryptionsdk.CryptoInputStreamTest$ParameterizedEncryptDecryptTest" time="0.002"/>
  <testcase name="encryptDecrypt[2439: encryptDecrypt(algorithm=ALG_AES_192_GCM_IV12_TAG16_HKDF_SHA384_ECDSA_P384, byteSize=16, frameSize=16, readLen=15)]" classname="com.amazonaws.encryptionsdk.CryptoInputStreamTest$ParameterizedEncryptDecryptTest" time="0.003"/>
  <testcase name="encryptDecrypt[2440: encryptDecrypt(algorithm=ALG_AES_192_GCM_IV12_TAG16_HKDF_SHA384_ECDSA_P384, byteSize=16, frameSize=16, readLen=16)]" classname="com.amazonaws.encryptionsdk.CryptoInputStreamTest$ParameterizedEncryptDecryptTest" time="0.002"/>
  <testcase name="encryptDecrypt[2441: encryptDecrypt(algorithm=ALG_AES_192_GCM_IV12_TAG16_HKDF_SHA384_ECDSA_P384, byteSize=16, frameSize=16, readLen=17)]" classname="com.amazonaws.encryptionsdk.CryptoInputStreamTest$ParameterizedEncryptDecryptTest" time="0.002"/>
  <testcase name="encryptDecrypt[2442: encryptDecrypt(algorithm=ALG_AES_192_GCM_IV12_TAG16_HKDF_SHA384_ECDSA_P384, byteSize=16, frameSize=16, readLen=32)]" classname="com.amazonaws.encryptionsdk.CryptoInputStreamTest$ParameterizedEncryptDecryptTest" time="0.003"/>
  <testcase name="encryptDecrypt[2443: encryptDecrypt(algorithm=ALG_AES_192_GCM_IV12_TAG16_HKDF_SHA384_ECDSA_P384, byteSize=16, frameSize=16, readLen=1,000,000)]" classname="com.amazonaws.encryptionsdk.CryptoInputStreamTest$ParameterizedEncryptDecryptTest" time="0.002"/>
  <testcase name="encryptDecrypt[2444: encryptDecrypt(algorithm=ALG_AES_192_GCM_IV12_TAG16_HKDF_SHA384_ECDSA_P384, byteSize=17, frameSize=16, readLen=1)]" classname="com.amazonaws.encryptionsdk.CryptoInputStreamTest$ParameterizedEncryptDecryptTest" time="0.003"/>
  <testcase name="encryptDecrypt[2445: encryptDecrypt(algorithm=ALG_AES_192_GCM_IV12_TAG16_HKDF_SHA384_ECDSA_P384, byteSize=17, frameSize=16, readLen=16)]" classname="com.amazonaws.encryptionsdk.CryptoInputStreamTest$ParameterizedEncryptDecryptTest" time="0.002"/>
  <testcase name="encryptDecrypt[2446: encryptDecrypt(algorithm=ALG_AES_192_GCM_IV12_TAG16_HKDF_SHA384_ECDSA_P384, byteSize=17, frameSize=16, readLen=17)]" classname="com.amazonaws.encryptionsdk.CryptoInputStreamTest$ParameterizedEncryptDecryptTest" time="0.003"/>
  <testcase name="encryptDecrypt[2447: encryptDecrypt(algorithm=ALG_AES_192_GCM_IV12_TAG16_HKDF_SHA384_ECDSA_P384, byteSize=17, frameSize=16, readLen=18)]" classname="com.amazonaws.encryptionsdk.CryptoInputStreamTest$ParameterizedEncryptDecryptTest" time="0.002"/>
  <testcase name="encryptDecrypt[2448: encryptDecrypt(algorithm=ALG_AES_192_GCM_IV12_TAG16_HKDF_SHA384_ECDSA_P384, byteSize=17, frameSize=16, readLen=34)]" classname="com.amazonaws.encryptionsdk.CryptoInputStreamTest$ParameterizedEncryptDecryptTest" time="0.003"/>
  <testcase name="encryptDecrypt[2449: encryptDecrypt(algorithm=ALG_AES_192_GCM_IV12_TAG16_HKDF_SHA384_ECDSA_P384, byteSize=17, frameSize=16, readLen=1,000,000)]" classname="com.amazonaws.encryptionsdk.CryptoInputStreamTest$ParameterizedEncryptDecryptTest" time="0.002"/>
  <testcase name="encryptDecrypt[2450: encryptDecrypt(algorithm=ALG_AES_192_GCM_IV12_TAG16_HKDF_SHA384_ECDSA_P384, byteSize=24, frameSize=16, readLen=1)]" classname="com.amazonaws.encryptionsdk.CryptoInputStreamTest$ParameterizedEncryptDecryptTest" time="0.003"/>
  <testcase name="encryptDecrypt[2451: encryptDecrypt(algorithm=ALG_AES_192_GCM_IV12_TAG16_HKDF_SHA384_ECDSA_P384, byteSize=24, frameSize=16, readLen=23)]" classname="com.amazonaws.encryptionsdk.CryptoInputStreamTest$ParameterizedEncryptDecryptTest" time="0.003"/>
  <testcase name="encryptDecrypt[2452: encryptDecrypt(algorithm=ALG_AES_192_GCM_IV12_TAG16_HKDF_SHA384_ECDSA_P384, byteSize=24, frameSize=16, readLen=24)]" classname="com.amazonaws.encryptionsdk.CryptoInputStreamTest$ParameterizedEncryptDecryptTest" time="0.002"/>
  <testcase name="encryptDecrypt[2453: encryptDecrypt(algorithm=ALG_AES_192_GCM_IV12_TAG16_HKDF_SHA384_ECDSA_P384, byteSize=24, frameSize=16, readLen=25)]" classname="com.amazonaws.encryptionsdk.CryptoInputStreamTest$ParameterizedEncryptDecryptTest" time="0.003"/>
  <testcase name="encryptDecrypt[2454: encryptDecrypt(algorithm=ALG_AES_192_GCM_IV12_TAG16_HKDF_SHA384_ECDSA_P384, byteSize=24, frameSize=16, readLen=48)]" classname="com.amazonaws.encryptionsdk.CryptoInputStreamTest$ParameterizedEncryptDecryptTest" time="0.002"/>
  <testcase name="encryptDecrypt[2455: encryptDecrypt(algorithm=ALG_AES_192_GCM_IV12_TAG16_HKDF_SHA384_ECDSA_P384, byteSize=24, frameSize=16, readLen=1,000,000)]" classname="com.amazonaws.encryptionsdk.CryptoInputStreamTest$ParameterizedEncryptDecryptTest" time="0.003"/>
  <testcase name="encryptDecrypt[2456: encryptDecrypt(algorithm=ALG_AES_192_GCM_IV12_TAG16_HKDF_SHA384_ECDSA_P384, byteSize=32, frameSize=16, readLen=1)]" classname="com.amazonaws.encryptionsdk.CryptoInputStreamTest$ParameterizedEncryptDecryptTest" time="0.002"/>
  <testcase name="encryptDecrypt[2457: encryptDecrypt(algorithm=ALG_AES_192_GCM_IV12_TAG16_HKDF_SHA384_ECDSA_P384, byteSize=32, frameSize=16, readLen=31)]" classname="com.amazonaws.encryptionsdk.CryptoInputStreamTest$ParameterizedEncryptDecryptTest" time="0.003"/>
  <testcase name="encryptDecrypt[2458: encryptDecrypt(algorithm=ALG_AES_192_GCM_IV12_TAG16_HKDF_SHA384_ECDSA_P384, byteSize=32, frameSize=16, readLen=32)]" classname="com.amazonaws.encryptionsdk.CryptoInputStreamTest$ParameterizedEncryptDecryptTest" time="0.002"/>
  <testcase name="encryptDecrypt[2459: encryptDecrypt(algorithm=ALG_AES_192_GCM_IV12_TAG16_HKDF_SHA384_ECDSA_P384, byteSize=32, frameSize=16, readLen=33)]" classname="com.amazonaws.encryptionsdk.CryptoInputStreamTest$ParameterizedEncryptDecryptTest" time="0.003"/>
  <testcase name="encryptDecrypt[2460: encryptDecrypt(algorithm=ALG_AES_192_GCM_IV12_TAG16_HKDF_SHA384_ECDSA_P384, byteSize=32, frameSize=16, readLen=64)]" classname="com.amazonaws.encryptionsdk.CryptoInputStreamTest$ParameterizedEncryptDecryptTest" time="0.002"/>
  <testcase name="encryptDecrypt[2461: encryptDecrypt(algorithm=ALG_AES_192_GCM_IV12_TAG16_HKDF_SHA384_ECDSA_P384, byteSize=32, frameSize=16, readLen=1,000,000)]" classname="com.amazonaws.encryptionsdk.CryptoInputStreamTest$ParameterizedEncryptDecryptTest" time="0.003"/>
  <testcase name="encryptDecrypt[2462: encryptDecrypt(algorithm=ALG_AES_192_GCM_IV12_TAG16_HKDF_SHA384_ECDSA_P384, byteSize=1,000,000, frameSize=16, readLen=1)]" classname="com.amazonaws.encryptionsdk.CryptoInputStreamTest$ParameterizedEncryptDecryptTest" time="0.116"/>
  <testcase name="encryptDecrypt[2463: encryptDecrypt(algorithm=ALG_AES_192_GCM_IV12_TAG16_HKDF_SHA384_ECDSA_P384, byteSize=1,000,000, frameSize=16, readLen=999,999)]" classname="com.amazonaws.encryptionsdk.CryptoInputStreamTest$ParameterizedEncryptDecryptTest" time="0.1"/>
  <testcase name="encryptDecrypt[2464: encryptDecrypt(algorithm=ALG_AES_192_GCM_IV12_TAG16_HKDF_SHA384_ECDSA_P384, byteSize=1,000,000, frameSize=16, readLen=1,000,000)]" classname="com.amazonaws.encryptionsdk.CryptoInputStreamTest$ParameterizedEncryptDecryptTest" time="0.097"/>
  <testcase name="encryptDecrypt[2465: encryptDecrypt(algorithm=ALG_AES_192_GCM_IV12_TAG16_HKDF_SHA384_ECDSA_P384, byteSize=1,000,000, frameSize=16, readLen=1,000,001)]" classname="com.amazonaws.encryptionsdk.CryptoInputStreamTest$ParameterizedEncryptDecryptTest" time="0.095"/>
  <testcase name="encryptDecrypt[2466: encryptDecrypt(algorithm=ALG_AES_192_GCM_IV12_TAG16_HKDF_SHA384_ECDSA_P384, byteSize=1,000,000, frameSize=16, readLen=2,000,000)]" classname="com.amazonaws.encryptionsdk.CryptoInputStreamTest$ParameterizedEncryptDecryptTest" time="0.097"/>
  <testcase name="encryptDecrypt[2467: encryptDecrypt(algorithm=ALG_AES_192_GCM_IV12_TAG16_HKDF_SHA384_ECDSA_P384, byteSize=1,000,000, frameSize=16, readLen=1,000,000)]" classname="com.amazonaws.encryptionsdk.CryptoInputStreamTest$ParameterizedEncryptDecryptTest" time="0.097"/>
  <testcase name="encryptDecrypt[2468: encryptDecrypt(algorithm=ALG_AES_192_GCM_IV12_TAG16_HKDF_SHA384_ECDSA_P384, byteSize=0, frameSize=17, readLen=1)]" classname="com.amazonaws.encryptionsdk.CryptoInputStreamTest$ParameterizedEncryptDecryptTest" time="0.002"/>
  <testcase name="encryptDecrypt[2469: encryptDecrypt(algorithm=ALG_AES_192_GCM_IV12_TAG16_HKDF_SHA384_ECDSA_P384, byteSize=0, frameSize=17, readLen=1)]" classname="com.amazonaws.encryptionsdk.CryptoInputStreamTest$ParameterizedEncryptDecryptTest" time="0.003"/>
  <testcase name="encryptDecrypt[2470: encryptDecrypt(algorithm=ALG_AES_192_GCM_IV12_TAG16_HKDF_SHA384_ECDSA_P384, byteSize=0, frameSize=17, readLen=1,000,000)]" classname="com.amazonaws.encryptionsdk.CryptoInputStreamTest$ParameterizedEncryptDecryptTest" time="0.003"/>
  <testcase name="encryptDecrypt[2471: encryptDecrypt(algorithm=ALG_AES_192_GCM_IV12_TAG16_HKDF_SHA384_ECDSA_P384, byteSize=1, frameSize=17, readLen=1)]" classname="com.amazonaws.encryptionsdk.CryptoInputStreamTest$ParameterizedEncryptDecryptTest" time="0.002"/>
  <testcase name="encryptDecrypt[2472: encryptDecrypt(algorithm=ALG_AES_192_GCM_IV12_TAG16_HKDF_SHA384_ECDSA_P384, byteSize=1, frameSize=17, readLen=1)]" classname="com.amazonaws.encryptionsdk.CryptoInputStreamTest$ParameterizedEncryptDecryptTest" time="0.003"/>
  <testcase name="encryptDecrypt[2473: encryptDecrypt(algorithm=ALG_AES_192_GCM_IV12_TAG16_HKDF_SHA384_ECDSA_P384, byteSize=1, frameSize=17, readLen=2)]" classname="com.amazonaws.encryptionsdk.CryptoInputStreamTest$ParameterizedEncryptDecryptTest" time="0.002"/>
  <testcase name="encryptDecrypt[2474: encryptDecrypt(algorithm=ALG_AES_192_GCM_IV12_TAG16_HKDF_SHA384_ECDSA_P384, byteSize=1, frameSize=17, readLen=2)]" classname="com.amazonaws.encryptionsdk.CryptoInputStreamTest$ParameterizedEncryptDecryptTest" time="0.003"/>
  <testcase name="encryptDecrypt[2475: encryptDecrypt(algorithm=ALG_AES_192_GCM_IV12_TAG16_HKDF_SHA384_ECDSA_P384, byteSize=1, frameSize=17, readLen=1,000,000)]" classname="com.amazonaws.encryptionsdk.CryptoInputStreamTest$ParameterizedEncryptDecryptTest" time="0.002"/>
  <testcase name="encryptDecrypt[2476: encryptDecrypt(algorithm=ALG_AES_192_GCM_IV12_TAG16_HKDF_SHA384_ECDSA_P384, byteSize=16, frameSize=17, readLen=1)]" classname="com.amazonaws.encryptionsdk.CryptoInputStreamTest$ParameterizedEncryptDecryptTest" time="0.006"/>
  <testcase name="encryptDecrypt[2477: encryptDecrypt(algorithm=ALG_AES_192_GCM_IV12_TAG16_HKDF_SHA384_ECDSA_P384, byteSize=16, frameSize=17, readLen=15)]" classname="com.amazonaws.encryptionsdk.CryptoInputStreamTest$ParameterizedEncryptDecryptTest" time="0.002"/>
  <testcase name="encryptDecrypt[2478: encryptDecrypt(algorithm=ALG_AES_192_GCM_IV12_TAG16_HKDF_SHA384_ECDSA_P384, byteSize=16, frameSize=17, readLen=16)]" classname="com.amazonaws.encryptionsdk.CryptoInputStreamTest$ParameterizedEncryptDecryptTest" time="0.003"/>
  <testcase name="encryptDecrypt[2479: encryptDecrypt(algorithm=ALG_AES_192_GCM_IV12_TAG16_HKDF_SHA384_ECDSA_P384, byteSize=16, frameSize=17, readLen=17)]" classname="com.amazonaws.encryptionsdk.CryptoInputStreamTest$ParameterizedEncryptDecryptTest" time="0.002"/>
  <testcase name="encryptDecrypt[2480: encryptDecrypt(algorithm=ALG_AES_192_GCM_IV12_TAG16_HKDF_SHA384_ECDSA_P384, byteSize=16, frameSize=17, readLen=32)]" classname="com.amazonaws.encryptionsdk.CryptoInputStreamTest$ParameterizedEncryptDecryptTest" time="0.003"/>
  <testcase name="encryptDecrypt[2481: encryptDecrypt(algorithm=ALG_AES_192_GCM_IV12_TAG16_HKDF_SHA384_ECDSA_P384, byteSize=16, frameSize=17, readLen=1,000,000)]" classname="com.amazonaws.encryptionsdk.CryptoInputStreamTest$ParameterizedEncryptDecryptTest" time="0.002"/>
  <testcase name="encryptDecrypt[2482: encryptDecrypt(algorithm=ALG_AES_192_GCM_IV12_TAG16_HKDF_SHA384_ECDSA_P384, byteSize=17, frameSize=17, readLen=1)]" classname="com.amazonaws.encryptionsdk.CryptoInputStreamTest$ParameterizedEncryptDecryptTest" time="0.003"/>
  <testcase name="encryptDecrypt[2483: encryptDecrypt(algorithm=ALG_AES_192_GCM_IV12_TAG16_HKDF_SHA384_ECDSA_P384, byteSize=17, frameSize=17, readLen=16)]" classname="com.amazonaws.encryptionsdk.CryptoInputStreamTest$ParameterizedEncryptDecryptTest" time="0.002"/>
  <testcase name="encryptDecrypt[2484: encryptDecrypt(algorithm=ALG_AES_192_GCM_IV12_TAG16_HKDF_SHA384_ECDSA_P384, byteSize=17, frameSize=17, readLen=17)]" classname="com.amazonaws.encryptionsdk.CryptoInputStreamTest$ParameterizedEncryptDecryptTest" time="0.003"/>
  <testcase name="encryptDecrypt[2485: encryptDecrypt(algorithm=ALG_AES_192_GCM_IV12_TAG16_HKDF_SHA384_ECDSA_P384, byteSize=17, frameSize=17, readLen=18)]" classname="com.amazonaws.encryptionsdk.CryptoInputStreamTest$ParameterizedEncryptDecryptTest" time="0.002"/>
  <testcase name="encryptDecrypt[2486: encryptDecrypt(algorithm=ALG_AES_192_GCM_IV12_TAG16_HKDF_SHA384_ECDSA_P384, byteSize=17, frameSize=17, readLen=34)]" classname="com.amazonaws.encryptionsdk.CryptoInputStreamTest$ParameterizedEncryptDecryptTest" time="0.002"/>
  <testcase name="encryptDecrypt[2487: encryptDecrypt(algorithm=ALG_AES_192_GCM_IV12_TAG16_HKDF_SHA384_ECDSA_P384, byteSize=17, frameSize=17, readLen=1,000,000)]" classname="com.amazonaws.encryptionsdk.CryptoInputStreamTest$ParameterizedEncryptDecryptTest" time="0.003"/>
  <testcase name="encryptDecrypt[2488: encryptDecrypt(algorithm=ALG_AES_192_GCM_IV12_TAG16_HKDF_SHA384_ECDSA_P384, byteSize=18, frameSize=17, readLen=1)]" classname="com.amazonaws.encryptionsdk.CryptoInputStreamTest$ParameterizedEncryptDecryptTest" time="0.002"/>
  <testcase name="encryptDecrypt[2489: encryptDecrypt(algorithm=ALG_AES_192_GCM_IV12_TAG16_HKDF_SHA384_ECDSA_P384, byteSize=18, frameSize=17, readLen=17)]" classname="com.amazonaws.encryptionsdk.CryptoInputStreamTest$ParameterizedEncryptDecryptTest" time="0.003"/>
  <testcase name="encryptDecrypt[2490: encryptDecrypt(algorithm=ALG_AES_192_GCM_IV12_TAG16_HKDF_SHA384_ECDSA_P384, byteSize=18, frameSize=17, readLen=18)]" classname="com.amazonaws.encryptionsdk.CryptoInputStreamTest$ParameterizedEncryptDecryptTest" time="0.002"/>
  <testcase name="encryptDecrypt[2491: encryptDecrypt(algorithm=ALG_AES_192_GCM_IV12_TAG16_HKDF_SHA384_ECDSA_P384, byteSize=18, frameSize=17, readLen=19)]" classname="com.amazonaws.encryptionsdk.CryptoInputStreamTest$ParameterizedEncryptDecryptTest" time="0.003"/>
  <testcase name="encryptDecrypt[2492: encryptDecrypt(algorithm=ALG_AES_192_GCM_IV12_TAG16_HKDF_SHA384_ECDSA_P384, byteSize=18, frameSize=17, readLen=36)]" classname="com.amazonaws.encryptionsdk.CryptoInputStreamTest$ParameterizedEncryptDecryptTest" time="0.002"/>
  <testcase name="encryptDecrypt[2493: encryptDecrypt(algorithm=ALG_AES_192_GCM_IV12_TAG16_HKDF_SHA384_ECDSA_P384, byteSize=18, frameSize=17, readLen=1,000,000)]" classname="com.amazonaws.encryptionsdk.CryptoInputStreamTest$ParameterizedEncryptDecryptTest" time="0.003"/>
  <testcase name="encryptDecrypt[2494: encryptDecrypt(algorithm=ALG_AES_192_GCM_IV12_TAG16_HKDF_SHA384_ECDSA_P384, byteSize=25, frameSize=17, readLen=1)]" classname="com.amazonaws.encryptionsdk.CryptoInputStreamTest$ParameterizedEncryptDecryptTest" time="0.002"/>
  <testcase name="encryptDecrypt[2495: encryptDecrypt(algorithm=ALG_AES_192_GCM_IV12_TAG16_HKDF_SHA384_ECDSA_P384, byteSize=25, frameSize=17, readLen=24)]" classname="com.amazonaws.encryptionsdk.CryptoInputStreamTest$ParameterizedEncryptDecryptTest" time="0.003"/>
  <testcase name="encryptDecrypt[2496: encryptDecrypt(algorithm=ALG_AES_192_GCM_IV12_TAG16_HKDF_SHA384_ECDSA_P384, byteSize=25, frameSize=17, readLen=25)]" classname="com.amazonaws.encryptionsdk.CryptoInputStreamTest$ParameterizedEncryptDecryptTest" time="0.003"/>
  <testcase name="encryptDecrypt[2497: encryptDecrypt(algorithm=ALG_AES_192_GCM_IV12_TAG16_HKDF_SHA384_ECDSA_P384, byteSize=25, frameSize=17, readLen=26)]" classname="com.amazonaws.encryptionsdk.CryptoInputStreamTest$ParameterizedEncryptDecryptTest" time="0.002"/>
  <testcase name="encryptDecrypt[2498: encryptDecrypt(algorithm=ALG_AES_192_GCM_IV12_TAG16_HKDF_SHA384_ECDSA_P384, byteSize=25, frameSize=17, readLen=50)]" classname="com.amazonaws.encryptionsdk.CryptoInputStreamTest$ParameterizedEncryptDecryptTest" time="0.003"/>
  <testcase name="encryptDecrypt[2499: encryptDecrypt(algorithm=ALG_AES_192_GCM_IV12_TAG16_HKDF_SHA384_ECDSA_P384, byteSize=25, frameSize=17, readLen=1,000,000)]" classname="com.amazonaws.encryptionsdk.CryptoInputStreamTest$ParameterizedEncryptDecryptTest" time="0.002"/>
  <testcase name="encryptDecrypt[2500: encryptDecrypt(algorithm=ALG_AES_192_GCM_IV12_TAG16_HKDF_SHA384_ECDSA_P384, byteSize=34, frameSize=17, readLen=1)]" classname="com.amazonaws.encryptionsdk.CryptoInputStreamTest$ParameterizedEncryptDecryptTest" time="0.003"/>
  <testcase name="encryptDecrypt[2501: encryptDecrypt(algorithm=ALG_AES_192_GCM_IV12_TAG16_HKDF_SHA384_ECDSA_P384, byteSize=34, frameSize=17, readLen=33)]" classname="com.amazonaws.encryptionsdk.CryptoInputStreamTest$ParameterizedEncryptDecryptTest" time="0.003"/>
  <testcase name="encryptDecrypt[2502: encryptDecrypt(algorithm=ALG_AES_192_GCM_IV12_TAG16_HKDF_SHA384_ECDSA_P384, byteSize=34, frameSize=17, readLen=34)]" classname="com.amazonaws.encryptionsdk.CryptoInputStreamTest$ParameterizedEncryptDecryptTest" time="0.002"/>
  <testcase name="encryptDecrypt[2503: encryptDecrypt(algorithm=ALG_AES_192_GCM_IV12_TAG16_HKDF_SHA384_ECDSA_P384, byteSize=34, frameSize=17, readLen=35)]" classname="com.amazonaws.encryptionsdk.CryptoInputStreamTest$ParameterizedEncryptDecryptTest" time="0.003"/>
  <testcase name="encryptDecrypt[2504: encryptDecrypt(algorithm=ALG_AES_192_GCM_IV12_TAG16_HKDF_SHA384_ECDSA_P384, byteSize=34, frameSize=17, readLen=68)]" classname="com.amazonaws.encryptionsdk.CryptoInputStreamTest$ParameterizedEncryptDecryptTest" time="0.003"/>
  <testcase name="encryptDecrypt[2505: encryptDecrypt(algorithm=ALG_AES_192_GCM_IV12_TAG16_HKDF_SHA384_ECDSA_P384, byteSize=34, frameSize=17, readLen=1,000,000)]" classname="com.amazonaws.encryptionsdk.CryptoInputStreamTest$ParameterizedEncryptDecryptTest" time="0.002"/>
  <testcase name="encryptDecrypt[2506: encryptDecrypt(algorithm=ALG_AES_192_GCM_IV12_TAG16_HKDF_SHA384_ECDSA_P384, byteSize=1,000,000, frameSize=17, readLen=1)]" classname="com.amazonaws.encryptionsdk.CryptoInputStreamTest$ParameterizedEncryptDecryptTest" time="0.12"/>
  <testcase name="encryptDecrypt[2507: encryptDecrypt(algorithm=ALG_AES_192_GCM_IV12_TAG16_HKDF_SHA384_ECDSA_P384, byteSize=1,000,000, frameSize=17, readLen=999,999)]" classname="com.amazonaws.encryptionsdk.CryptoInputStreamTest$ParameterizedEncryptDecryptTest" time="0.096"/>
  <testcase name="encryptDecrypt[2508: encryptDecrypt(algorithm=ALG_AES_192_GCM_IV12_TAG16_HKDF_SHA384_ECDSA_P384, byteSize=1,000,000, frameSize=17, readLen=1,000,000)]" classname="com.amazonaws.encryptionsdk.CryptoInputStreamTest$ParameterizedEncryptDecryptTest" time="0.096"/>
  <testcase name="encryptDecrypt[2509: encryptDecrypt(algorithm=ALG_AES_192_GCM_IV12_TAG16_HKDF_SHA384_ECDSA_P384, byteSize=1,000,000, frameSize=17, readLen=1,000,001)]" classname="com.amazonaws.encryptionsdk.CryptoInputStreamTest$ParameterizedEncryptDecryptTest" time="0.1"/>
  <testcase name="encryptDecrypt[2510: encryptDecrypt(algorithm=ALG_AES_192_GCM_IV12_TAG16_HKDF_SHA384_ECDSA_P384, byteSize=1,000,000, frameSize=17, readLen=2,000,000)]" classname="com.amazonaws.encryptionsdk.CryptoInputStreamTest$ParameterizedEncryptDecryptTest" time="0.095"/>
  <testcase name="encryptDecrypt[2511: encryptDecrypt(algorithm=ALG_AES_192_GCM_IV12_TAG16_HKDF_SHA384_ECDSA_P384, byteSize=1,000,000, frameSize=17, readLen=1,000,000)]" classname="com.amazonaws.encryptionsdk.CryptoInputStreamTest$ParameterizedEncryptDecryptTest" time="0.095"/>
  <testcase name="encryptDecrypt[2512: encryptDecrypt(algorithm=ALG_AES_192_GCM_IV12_TAG16_HKDF_SHA384_ECDSA_P384, byteSize=0, frameSize=32, readLen=1)]" classname="com.amazonaws.encryptionsdk.CryptoInputStreamTest$ParameterizedEncryptDecryptTest" time="0.003"/>
  <testcase name="encryptDecrypt[2513: encryptDecrypt(algorithm=ALG_AES_192_GCM_IV12_TAG16_HKDF_SHA384_ECDSA_P384, byteSize=0, frameSize=32, readLen=1)]" classname="com.amazonaws.encryptionsdk.CryptoInputStreamTest$ParameterizedEncryptDecryptTest" time="0.002"/>
  <testcase name="encryptDecrypt[2514: encryptDecrypt(algorithm=ALG_AES_192_GCM_IV12_TAG16_HKDF_SHA384_ECDSA_P384, byteSize=0, frameSize=32, readLen=1,000,000)]" classname="com.amazonaws.encryptionsdk.CryptoInputStreamTest$ParameterizedEncryptDecryptTest" time="0.003"/>
  <testcase name="encryptDecrypt[2515: encryptDecrypt(algorithm=ALG_AES_192_GCM_IV12_TAG16_HKDF_SHA384_ECDSA_P384, byteSize=1, frameSize=32, readLen=1)]" classname="com.amazonaws.encryptionsdk.CryptoInputStreamTest$ParameterizedEncryptDecryptTest" time="0.002"/>
  <testcase name="encryptDecrypt[2516: encryptDecrypt(algorithm=ALG_AES_192_GCM_IV12_TAG16_HKDF_SHA384_ECDSA_P384, byteSize=1, frameSize=32, readLen=1)]" classname="com.amazonaws.encryptionsdk.CryptoInputStreamTest$ParameterizedEncryptDecryptTest" time="0.003"/>
  <testcase name="encryptDecrypt[2517: encryptDecrypt(algorithm=ALG_AES_192_GCM_IV12_TAG16_HKDF_SHA384_ECDSA_P384, byteSize=1, frameSize=32, readLen=2)]" classname="com.amazonaws.encryptionsdk.CryptoInputStreamTest$ParameterizedEncryptDecryptTest" time="0.002"/>
  <testcase name="encryptDecrypt[2518: encryptDecrypt(algorithm=ALG_AES_192_GCM_IV12_TAG16_HKDF_SHA384_ECDSA_P384, byteSize=1, frameSize=32, readLen=2)]" classname="com.amazonaws.encryptionsdk.CryptoInputStreamTest$ParameterizedEncryptDecryptTest" time="0.003"/>
  <testcase name="encryptDecrypt[2519: encryptDecrypt(algorithm=ALG_AES_192_GCM_IV12_TAG16_HKDF_SHA384_ECDSA_P384, byteSize=1, frameSize=32, readLen=1,000,000)]" classname="com.amazonaws.encryptionsdk.CryptoInputStreamTest$ParameterizedEncryptDecryptTest" time="0.002"/>
  <testcase name="encryptDecrypt[2520: encryptDecrypt(algorithm=ALG_AES_192_GCM_IV12_TAG16_HKDF_SHA384_ECDSA_P384, byteSize=31, frameSize=32, readLen=1)]" classname="com.amazonaws.encryptionsdk.CryptoInputStreamTest$ParameterizedEncryptDecryptTest" time="0.003"/>
  <testcase name="encryptDecrypt[2521: encryptDecrypt(algorithm=ALG_AES_192_GCM_IV12_TAG16_HKDF_SHA384_ECDSA_P384, byteSize=31, frameSize=32, readLen=30)]" classname="com.amazonaws.encryptionsdk.CryptoInputStreamTest$ParameterizedEncryptDecryptTest" time="0.002"/>
  <testcase name="encryptDecrypt[2522: encryptDecrypt(algorithm=ALG_AES_192_GCM_IV12_TAG16_HKDF_SHA384_ECDSA_P384, byteSize=31, frameSize=32, readLen=31)]" classname="com.amazonaws.encryptionsdk.CryptoInputStreamTest$ParameterizedEncryptDecryptTest" time="0.003"/>
  <testcase name="encryptDecrypt[2523: encryptDecrypt(algorithm=ALG_AES_192_GCM_IV12_TAG16_HKDF_SHA384_ECDSA_P384, byteSize=31, frameSize=32, readLen=32)]" classname="com.amazonaws.encryptionsdk.CryptoInputStreamTest$ParameterizedEncryptDecryptTest" time="0.002"/>
  <testcase name="encryptDecrypt[2524: encryptDecrypt(algorithm=ALG_AES_192_GCM_IV12_TAG16_HKDF_SHA384_ECDSA_P384, byteSize=31, frameSize=32, readLen=62)]" classname="com.amazonaws.encryptionsdk.CryptoInputStreamTest$ParameterizedEncryptDecryptTest" time="0.003"/>
  <testcase name="encryptDecrypt[2525: encryptDecrypt(algorithm=ALG_AES_192_GCM_IV12_TAG16_HKDF_SHA384_ECDSA_P384, byteSize=31, frameSize=32, readLen=1,000,000)]" classname="com.amazonaws.encryptionsdk.CryptoInputStreamTest$ParameterizedEncryptDecryptTest" time="0.002"/>
  <testcase name="encryptDecrypt[2526: encryptDecrypt(algorithm=ALG_AES_192_GCM_IV12_TAG16_HKDF_SHA384_ECDSA_P384, byteSize=32, frameSize=32, readLen=1)]" classname="com.amazonaws.encryptionsdk.CryptoInputStreamTest$ParameterizedEncryptDecryptTest" time="0.003"/>
  <testcase name="encryptDecrypt[2527: encryptDecrypt(algorithm=ALG_AES_192_GCM_IV12_TAG16_HKDF_SHA384_ECDSA_P384, byteSize=32, frameSize=32, readLen=31)]" classname="com.amazonaws.encryptionsdk.CryptoInputStreamTest$ParameterizedEncryptDecryptTest" time="0.002"/>
  <testcase name="encryptDecrypt[2528: encryptDecrypt(algorithm=ALG_AES_192_GCM_IV12_TAG16_HKDF_SHA384_ECDSA_P384, byteSize=32, frameSize=32, readLen=32)]" classname="com.amazonaws.encryptionsdk.CryptoInputStreamTest$ParameterizedEncryptDecryptTest" time="0.003"/>
  <testcase name="encryptDecrypt[2529: encryptDecrypt(algorithm=ALG_AES_192_GCM_IV12_TAG16_HKDF_SHA384_ECDSA_P384, byteSize=32, frameSize=32, readLen=33)]" classname="com.amazonaws.encryptionsdk.CryptoInputStreamTest$ParameterizedEncryptDecryptTest" time="0.002"/>
  <testcase name="encryptDecrypt[2530: encryptDecrypt(algorithm=ALG_AES_192_GCM_IV12_TAG16_HKDF_SHA384_ECDSA_P384, byteSize=32, frameSize=32, readLen=64)]" classname="com.amazonaws.encryptionsdk.CryptoInputStreamTest$ParameterizedEncryptDecryptTest" time="0.003"/>
  <testcase name="encryptDecrypt[2531: encryptDecrypt(algorithm=ALG_AES_192_GCM_IV12_TAG16_HKDF_SHA384_ECDSA_P384, byteSize=32, frameSize=32, readLen=1,000,000)]" classname="com.amazonaws.encryptionsdk.CryptoInputStreamTest$ParameterizedEncryptDecryptTest" time="0.002"/>
  <testcase name="encryptDecrypt[2532: encryptDecrypt(algorithm=ALG_AES_192_GCM_IV12_TAG16_HKDF_SHA384_ECDSA_P384, byteSize=33, frameSize=32, readLen=1)]" classname="com.amazonaws.encryptionsdk.CryptoInputStreamTest$ParameterizedEncryptDecryptTest" time="0.002"/>
  <testcase name="encryptDecrypt[2533: encryptDecrypt(algorithm=ALG_AES_192_GCM_IV12_TAG16_HKDF_SHA384_ECDSA_P384, byteSize=33, frameSize=32, readLen=32)]" classname="com.amazonaws.encryptionsdk.CryptoInputStreamTest$ParameterizedEncryptDecryptTest" time="0.003"/>
  <testcase name="encryptDecrypt[2534: encryptDecrypt(algorithm=ALG_AES_192_GCM_IV12_TAG16_HKDF_SHA384_ECDSA_P384, byteSize=33, frameSize=32, readLen=33)]" classname="com.amazonaws.encryptionsdk.CryptoInputStreamTest$ParameterizedEncryptDecryptTest" time="0.002"/>
  <testcase name="encryptDecrypt[2535: encryptDecrypt(algorithm=ALG_AES_192_GCM_IV12_TAG16_HKDF_SHA384_ECDSA_P384, byteSize=33, frameSize=32, readLen=34)]" classname="com.amazonaws.encryptionsdk.CryptoInputStreamTest$ParameterizedEncryptDecryptTest" time="0.003"/>
  <testcase name="encryptDecrypt[2536: encryptDecrypt(algorithm=ALG_AES_192_GCM_IV12_TAG16_HKDF_SHA384_ECDSA_P384, byteSize=33, frameSize=32, readLen=66)]" classname="com.amazonaws.encryptionsdk.CryptoInputStreamTest$ParameterizedEncryptDecryptTest" time="0.002"/>
  <testcase name="encryptDecrypt[2537: encryptDecrypt(algorithm=ALG_AES_192_GCM_IV12_TAG16_HKDF_SHA384_ECDSA_P384, byteSize=33, frameSize=32, readLen=1,000,000)]" classname="com.amazonaws.encryptionsdk.CryptoInputStreamTest$ParameterizedEncryptDecryptTest" time="0.003"/>
  <testcase name="encryptDecrypt[2538: encryptDecrypt(algorithm=ALG_AES_192_GCM_IV12_TAG16_HKDF_SHA384_ECDSA_P384, byteSize=48, frameSize=32, readLen=1)]" classname="com.amazonaws.encryptionsdk.CryptoInputStreamTest$ParameterizedEncryptDecryptTest" time="0.002"/>
  <testcase name="encryptDecrypt[2539: encryptDecrypt(algorithm=ALG_AES_192_GCM_IV12_TAG16_HKDF_SHA384_ECDSA_P384, byteSize=48, frameSize=32, readLen=47)]" classname="com.amazonaws.encryptionsdk.CryptoInputStreamTest$ParameterizedEncryptDecryptTest" time="0.002"/>
  <testcase name="encryptDecrypt[2540: encryptDecrypt(algorithm=ALG_AES_192_GCM_IV12_TAG16_HKDF_SHA384_ECDSA_P384, byteSize=48, frameSize=32, readLen=48)]" classname="com.amazonaws.encryptionsdk.CryptoInputStreamTest$ParameterizedEncryptDecryptTest" time="0.003"/>
  <testcase name="encryptDecrypt[2541: encryptDecrypt(algorithm=ALG_AES_192_GCM_IV12_TAG16_HKDF_SHA384_ECDSA_P384, byteSize=48, frameSize=32, readLen=49)]" classname="com.amazonaws.encryptionsdk.CryptoInputStreamTest$ParameterizedEncryptDecryptTest" time="0.002"/>
  <testcase name="encryptDecrypt[2542: encryptDecrypt(algorithm=ALG_AES_192_GCM_IV12_TAG16_HKDF_SHA384_ECDSA_P384, byteSize=48, frameSize=32, readLen=96)]" classname="com.amazonaws.encryptionsdk.CryptoInputStreamTest$ParameterizedEncryptDecryptTest" time="0.003"/>
  <testcase name="encryptDecrypt[2543: encryptDecrypt(algorithm=ALG_AES_192_GCM_IV12_TAG16_HKDF_SHA384_ECDSA_P384, byteSize=48, frameSize=32, readLen=1,000,000)]" classname="com.amazonaws.encryptionsdk.CryptoInputStreamTest$ParameterizedEncryptDecryptTest" time="0.002"/>
  <testcase name="encryptDecrypt[2544: encryptDecrypt(algorithm=ALG_AES_192_GCM_IV12_TAG16_HKDF_SHA384_ECDSA_P384, byteSize=64, frameSize=32, readLen=1)]" classname="com.amazonaws.encryptionsdk.CryptoInputStreamTest$ParameterizedEncryptDecryptTest" time="0.003"/>
  <testcase name="encryptDecrypt[2545: encryptDecrypt(algorithm=ALG_AES_192_GCM_IV12_TAG16_HKDF_SHA384_ECDSA_P384, byteSize=64, frameSize=32, readLen=63)]" classname="com.amazonaws.encryptionsdk.CryptoInputStreamTest$ParameterizedEncryptDecryptTest" time="0.002"/>
  <testcase name="encryptDecrypt[2546: encryptDecrypt(algorithm=ALG_AES_192_GCM_IV12_TAG16_HKDF_SHA384_ECDSA_P384, byteSize=64, frameSize=32, readLen=64)]" classname="com.amazonaws.encryptionsdk.CryptoInputStreamTest$ParameterizedEncryptDecryptTest" time="0.003"/>
  <testcase name="encryptDecrypt[2547: encryptDecrypt(algorithm=ALG_AES_192_GCM_IV12_TAG16_HKDF_SHA384_ECDSA_P384, byteSize=64, frameSize=32, readLen=65)]" classname="com.amazonaws.encryptionsdk.CryptoInputStreamTest$ParameterizedEncryptDecryptTest" time="0.002"/>
  <testcase name="encryptDecrypt[2548: encryptDecrypt(algorithm=ALG_AES_192_GCM_IV12_TAG16_HKDF_SHA384_ECDSA_P384, byteSize=64, frameSize=32, readLen=128)]" classname="com.amazonaws.encryptionsdk.CryptoInputStreamTest$ParameterizedEncryptDecryptTest" time="0.003"/>
  <testcase name="encryptDecrypt[2549: encryptDecrypt(algorithm=ALG_AES_192_GCM_IV12_TAG16_HKDF_SHA384_ECDSA_P384, byteSize=64, frameSize=32, readLen=1,000,000)]" classname="com.amazonaws.encryptionsdk.CryptoInputStreamTest$ParameterizedEncryptDecryptTest" time="0.003"/>
  <testcase name="encryptDecrypt[2550: encryptDecrypt(algorithm=ALG_AES_192_GCM_IV12_TAG16_HKDF_SHA384_ECDSA_P384, byteSize=1,000,000, frameSize=32, readLen=1)]" classname="com.amazonaws.encryptionsdk.CryptoInputStreamTest$ParameterizedEncryptDecryptTest" time="0.075"/>
  <testcase name="encryptDecrypt[2551: encryptDecrypt(algorithm=ALG_AES_192_GCM_IV12_TAG16_HKDF_SHA384_ECDSA_P384, byteSize=1,000,000, frameSize=32, readLen=999,999)]" classname="com.amazonaws.encryptionsdk.CryptoInputStreamTest$ParameterizedEncryptDecryptTest" time="0.058"/>
  <testcase name="encryptDecrypt[2552: encryptDecrypt(algorithm=ALG_AES_192_GCM_IV12_TAG16_HKDF_SHA384_ECDSA_P384, byteSize=1,000,000, frameSize=32, readLen=1,000,000)]" classname="com.amazonaws.encryptionsdk.CryptoInputStreamTest$ParameterizedEncryptDecryptTest" time="0.058"/>
  <testcase name="encryptDecrypt[2553: encryptDecrypt(algorithm=ALG_AES_192_GCM_IV12_TAG16_HKDF_SHA384_ECDSA_P384, byteSize=1,000,000, frameSize=32, readLen=1,000,001)]" classname="com.amazonaws.encryptionsdk.CryptoInputStreamTest$ParameterizedEncryptDecryptTest" time="0.058"/>
  <testcase name="encryptDecrypt[2554: encryptDecrypt(algorithm=ALG_AES_192_GCM_IV12_TAG16_HKDF_SHA384_ECDSA_P384, byteSize=1,000,000, frameSize=32, readLen=2,000,000)]" classname="com.amazonaws.encryptionsdk.CryptoInputStreamTest$ParameterizedEncryptDecryptTest" time="0.058"/>
  <testcase name="encryptDecrypt[2555: encryptDecrypt(algorithm=ALG_AES_192_GCM_IV12_TAG16_HKDF_SHA384_ECDSA_P384, byteSize=1,000,000, frameSize=32, readLen=1,000,000)]" classname="com.amazonaws.encryptionsdk.CryptoInputStreamTest$ParameterizedEncryptDecryptTest" time="0.058"/>
  <testcase name="encryptDecrypt[2556: encryptDecrypt(algorithm=ALG_AES_192_GCM_IV12_TAG16_HKDF_SHA384_ECDSA_P384, byteSize=0, frameSize=160, readLen=1)]" classname="com.amazonaws.encryptionsdk.CryptoInputStreamTest$ParameterizedEncryptDecryptTest" time="0.003"/>
  <testcase name="encryptDecrypt[2557: encryptDecrypt(algorithm=ALG_AES_192_GCM_IV12_TAG16_HKDF_SHA384_ECDSA_P384, byteSize=0, frameSize=160, readLen=1)]" classname="com.amazonaws.encryptionsdk.CryptoInputStreamTest$ParameterizedEncryptDecryptTest" time="0.003"/>
  <testcase name="encryptDecrypt[2558: encryptDecrypt(algorithm=ALG_AES_192_GCM_IV12_TAG16_HKDF_SHA384_ECDSA_P384, byteSize=0, frameSize=160, readLen=1,000,000)]" classname="com.amazonaws.encryptionsdk.CryptoInputStreamTest$ParameterizedEncryptDecryptTest" time="0.002"/>
  <testcase name="encryptDecrypt[2559: encryptDecrypt(algorithm=ALG_AES_192_GCM_IV12_TAG16_HKDF_SHA384_ECDSA_P384, byteSize=1, frameSize=160, readLen=1)]" classname="com.amazonaws.encryptionsdk.CryptoInputStreamTest$ParameterizedEncryptDecryptTest" time="0.003"/>
  <testcase name="encryptDecrypt[2560: encryptDecrypt(algorithm=ALG_AES_192_GCM_IV12_TAG16_HKDF_SHA384_ECDSA_P384, byteSize=1, frameSize=160, readLen=1)]" classname="com.amazonaws.encryptionsdk.CryptoInputStreamTest$ParameterizedEncryptDecryptTest" time="0.002"/>
  <testcase name="encryptDecrypt[2561: encryptDecrypt(algorithm=ALG_AES_192_GCM_IV12_TAG16_HKDF_SHA384_ECDSA_P384, byteSize=1, frameSize=160, readLen=2)]" classname="com.amazonaws.encryptionsdk.CryptoInputStreamTest$ParameterizedEncryptDecryptTest" time="0.003"/>
  <testcase name="encryptDecrypt[2562: encryptDecrypt(algorithm=ALG_AES_192_GCM_IV12_TAG16_HKDF_SHA384_ECDSA_P384, byteSize=1, frameSize=160, readLen=2)]" classname="com.amazonaws.encryptionsdk.CryptoInputStreamTest$ParameterizedEncryptDecryptTest" time="0.002"/>
  <testcase name="encryptDecrypt[2563: encryptDecrypt(algorithm=ALG_AES_192_GCM_IV12_TAG16_HKDF_SHA384_ECDSA_P384, byteSize=1, frameSize=160, readLen=1,000,000)]" classname="com.amazonaws.encryptionsdk.CryptoInputStreamTest$ParameterizedEncryptDecryptTest" time="0.003"/>
  <testcase name="encryptDecrypt[2564: encryptDecrypt(algorithm=ALG_AES_192_GCM_IV12_TAG16_HKDF_SHA384_ECDSA_P384, byteSize=159, frameSize=160, readLen=1)]" classname="com.amazonaws.encryptionsdk.CryptoInputStreamTest$ParameterizedEncryptDecryptTest" time="0.002"/>
  <testcase name="encryptDecrypt[2565: encryptDecrypt(algorithm=ALG_AES_192_GCM_IV12_TAG16_HKDF_SHA384_ECDSA_P384, byteSize=159, frameSize=160, readLen=158)]" classname="com.amazonaws.encryptionsdk.CryptoInputStreamTest$ParameterizedEncryptDecryptTest" time="0.003"/>
  <testcase name="encryptDecrypt[2566: encryptDecrypt(algorithm=ALG_AES_192_GCM_IV12_TAG16_HKDF_SHA384_ECDSA_P384, byteSize=159, frameSize=160, readLen=159)]" classname="com.amazonaws.encryptionsdk.CryptoInputStreamTest$ParameterizedEncryptDecryptTest" time="0.002"/>
  <testcase name="encryptDecrypt[2567: encryptDecrypt(algorithm=ALG_AES_192_GCM_IV12_TAG16_HKDF_SHA384_ECDSA_P384, byteSize=159, frameSize=160, readLen=160)]" classname="com.amazonaws.encryptionsdk.CryptoInputStreamTest$ParameterizedEncryptDecryptTest" time="0.003"/>
  <testcase name="encryptDecrypt[2568: encryptDecrypt(algorithm=ALG_AES_192_GCM_IV12_TAG16_HKDF_SHA384_ECDSA_P384, byteSize=159, frameSize=160, readLen=318)]" classname="com.amazonaws.encryptionsdk.CryptoInputStreamTest$ParameterizedEncryptDecryptTest" time="0.002"/>
  <testcase name="encryptDecrypt[2569: encryptDecrypt(algorithm=ALG_AES_192_GCM_IV12_TAG16_HKDF_SHA384_ECDSA_P384, byteSize=159, frameSize=160, readLen=1,000,000)]" classname="com.amazonaws.encryptionsdk.CryptoInputStreamTest$ParameterizedEncryptDecryptTest" time="0.003"/>
  <testcase name="encryptDecrypt[2570: encryptDecrypt(algorithm=ALG_AES_192_GCM_IV12_TAG16_HKDF_SHA384_ECDSA_P384, byteSize=160, frameSize=160, readLen=1)]" classname="com.amazonaws.encryptionsdk.CryptoInputStreamTest$ParameterizedEncryptDecryptTest" time="0.002"/>
  <testcase name="encryptDecrypt[2571: encryptDecrypt(algorithm=ALG_AES_192_GCM_IV12_TAG16_HKDF_SHA384_ECDSA_P384, byteSize=160, frameSize=160, readLen=159)]" classname="com.amazonaws.encryptionsdk.CryptoInputStreamTest$ParameterizedEncryptDecryptTest" time="0.003"/>
  <testcase name="encryptDecrypt[2572: encryptDecrypt(algorithm=ALG_AES_192_GCM_IV12_TAG16_HKDF_SHA384_ECDSA_P384, byteSize=160, frameSize=160, readLen=160)]" classname="com.amazonaws.encryptionsdk.CryptoInputStreamTest$ParameterizedEncryptDecryptTest" time="0.002"/>
  <testcase name="encryptDecrypt[2573: encryptDecrypt(algorithm=ALG_AES_192_GCM_IV12_TAG16_HKDF_SHA384_ECDSA_P384, byteSize=160, frameSize=160, readLen=161)]" classname="com.amazonaws.encryptionsdk.CryptoInputStreamTest$ParameterizedEncryptDecryptTest" time="0.006"/>
  <testcase name="encryptDecrypt[2574: encryptDecrypt(algorithm=ALG_AES_192_GCM_IV12_TAG16_HKDF_SHA384_ECDSA_P384, byteSize=160, frameSize=160, readLen=320)]" classname="com.amazonaws.encryptionsdk.CryptoInputStreamTest$ParameterizedEncryptDecryptTest" time="0.002"/>
  <testcase name="encryptDecrypt[2575: encryptDecrypt(algorithm=ALG_AES_192_GCM_IV12_TAG16_HKDF_SHA384_ECDSA_P384, byteSize=160, frameSize=160, readLen=1,000,000)]" classname="com.amazonaws.encryptionsdk.CryptoInputStreamTest$ParameterizedEncryptDecryptTest" time="0.002"/>
  <testcase name="encryptDecrypt[2576: encryptDecrypt(algorithm=ALG_AES_192_GCM_IV12_TAG16_HKDF_SHA384_ECDSA_P384, byteSize=161, frameSize=160, readLen=1)]" classname="com.amazonaws.encryptionsdk.CryptoInputStreamTest$ParameterizedEncryptDecryptTest" time="0.003"/>
  <testcase name="encryptDecrypt[2577: encryptDecrypt(algorithm=ALG_AES_192_GCM_IV12_TAG16_HKDF_SHA384_ECDSA_P384, byteSize=161, frameSize=160, readLen=160)]" classname="com.amazonaws.encryptionsdk.CryptoInputStreamTest$ParameterizedEncryptDecryptTest" time="0.002"/>
  <testcase name="encryptDecrypt[2578: encryptDecrypt(algorithm=ALG_AES_192_GCM_IV12_TAG16_HKDF_SHA384_ECDSA_P384, byteSize=161, frameSize=160, readLen=161)]" classname="com.amazonaws.encryptionsdk.CryptoInputStreamTest$ParameterizedEncryptDecryptTest" time="0.003"/>
  <testcase name="encryptDecrypt[2579: encryptDecrypt(algorithm=ALG_AES_192_GCM_IV12_TAG16_HKDF_SHA384_ECDSA_P384, byteSize=161, frameSize=160, readLen=162)]" classname="com.amazonaws.encryptionsdk.CryptoInputStreamTest$ParameterizedEncryptDecryptTest" time="0.002"/>
  <testcase name="encryptDecrypt[2580: encryptDecrypt(algorithm=ALG_AES_192_GCM_IV12_TAG16_HKDF_SHA384_ECDSA_P384, byteSize=161, frameSize=160, readLen=322)]" classname="com.amazonaws.encryptionsdk.CryptoInputStreamTest$ParameterizedEncryptDecryptTest" time="0.002"/>
  <testcase name="encryptDecrypt[2581: encryptDecrypt(algorithm=ALG_AES_192_GCM_IV12_TAG16_HKDF_SHA384_ECDSA_P384, byteSize=161, frameSize=160, readLen=1,000,000)]" classname="com.amazonaws.encryptionsdk.CryptoInputStreamTest$ParameterizedEncryptDecryptTest" time="0.003"/>
  <testcase name="encryptDecrypt[2582: encryptDecrypt(algorithm=ALG_AES_192_GCM_IV12_TAG16_HKDF_SHA384_ECDSA_P384, byteSize=240, frameSize=160, readLen=1)]" classname="com.amazonaws.encryptionsdk.CryptoInputStreamTest$ParameterizedEncryptDecryptTest" time="0.002"/>
  <testcase name="encryptDecrypt[2583: encryptDecrypt(algorithm=ALG_AES_192_GCM_IV12_TAG16_HKDF_SHA384_ECDSA_P384, byteSize=240, frameSize=160, readLen=239)]" classname="com.amazonaws.encryptionsdk.CryptoInputStreamTest$ParameterizedEncryptDecryptTest" time="0.003"/>
  <testcase name="encryptDecrypt[2584: encryptDecrypt(algorithm=ALG_AES_192_GCM_IV12_TAG16_HKDF_SHA384_ECDSA_P384, byteSize=240, frameSize=160, readLen=240)]" classname="com.amazonaws.encryptionsdk.CryptoInputStreamTest$ParameterizedEncryptDecryptTest" time="0.002"/>
  <testcase name="encryptDecrypt[2585: encryptDecrypt(algorithm=ALG_AES_192_GCM_IV12_TAG16_HKDF_SHA384_ECDSA_P384, byteSize=240, frameSize=160, readLen=241)]" classname="com.amazonaws.encryptionsdk.CryptoInputStreamTest$ParameterizedEncryptDecryptTest" time="0.003"/>
  <testcase name="encryptDecrypt[2586: encryptDecrypt(algorithm=ALG_AES_192_GCM_IV12_TAG16_HKDF_SHA384_ECDSA_P384, byteSize=240, frameSize=160, readLen=480)]" classname="com.amazonaws.encryptionsdk.CryptoInputStreamTest$ParameterizedEncryptDecryptTest" time="0.002"/>
  <testcase name="encryptDecrypt[2587: encryptDecrypt(algorithm=ALG_AES_192_GCM_IV12_TAG16_HKDF_SHA384_ECDSA_P384, byteSize=240, frameSize=160, readLen=1,000,000)]" classname="com.amazonaws.encryptionsdk.CryptoInputStreamTest$ParameterizedEncryptDecryptTest" time="0.003"/>
  <testcase name="encryptDecrypt[2588: encryptDecrypt(algorithm=ALG_AES_192_GCM_IV12_TAG16_HKDF_SHA384_ECDSA_P384, byteSize=320, frameSize=160, readLen=1)]" classname="com.amazonaws.encryptionsdk.CryptoInputStreamTest$ParameterizedEncryptDecryptTest" time="0.002"/>
  <testcase name="encryptDecrypt[2589: encryptDecrypt(algorithm=ALG_AES_192_GCM_IV12_TAG16_HKDF_SHA384_ECDSA_P384, byteSize=320, frameSize=160, readLen=319)]" classname="com.amazonaws.encryptionsdk.CryptoInputStreamTest$ParameterizedEncryptDecryptTest" time="0.003"/>
  <testcase name="encryptDecrypt[2590: encryptDecrypt(algorithm=ALG_AES_192_GCM_IV12_TAG16_HKDF_SHA384_ECDSA_P384, byteSize=320, frameSize=160, readLen=320)]" classname="com.amazonaws.encryptionsdk.CryptoInputStreamTest$ParameterizedEncryptDecryptTest" time="0.002"/>
  <testcase name="encryptDecrypt[2591: encryptDecrypt(algorithm=ALG_AES_192_GCM_IV12_TAG16_HKDF_SHA384_ECDSA_P384, byteSize=320, frameSize=160, readLen=321)]" classname="com.amazonaws.encryptionsdk.CryptoInputStreamTest$ParameterizedEncryptDecryptTest" time="0.003"/>
  <testcase name="encryptDecrypt[2592: encryptDecrypt(algorithm=ALG_AES_192_GCM_IV12_TAG16_HKDF_SHA384_ECDSA_P384, byteSize=320, frameSize=160, readLen=640)]" classname="com.amazonaws.encryptionsdk.CryptoInputStreamTest$ParameterizedEncryptDecryptTest" time="0.002"/>
  <testcase name="encryptDecrypt[2593: encryptDecrypt(algorithm=ALG_AES_192_GCM_IV12_TAG16_HKDF_SHA384_ECDSA_P384, byteSize=320, frameSize=160, readLen=1,000,000)]" classname="com.amazonaws.encryptionsdk.CryptoInputStreamTest$ParameterizedEncryptDecryptTest" time="0.003"/>
  <testcase name="encryptDecrypt[2594: encryptDecrypt(algorithm=ALG_AES_192_GCM_IV12_TAG16_HKDF_SHA384_ECDSA_P384, byteSize=1,000,000, frameSize=160, readLen=1)]" classname="com.amazonaws.encryptionsdk.CryptoInputStreamTest$ParameterizedEncryptDecryptTest" time="0.042"/>
  <testcase name="encryptDecrypt[2595: encryptDecrypt(algorithm=ALG_AES_192_GCM_IV12_TAG16_HKDF_SHA384_ECDSA_P384, byteSize=1,000,000, frameSize=160, readLen=999,999)]" classname="com.amazonaws.encryptionsdk.CryptoInputStreamTest$ParameterizedEncryptDecryptTest" time="0.027"/>
  <testcase name="encryptDecrypt[2596: encryptDecrypt(algorithm=ALG_AES_192_GCM_IV12_TAG16_HKDF_SHA384_ECDSA_P384, byteSize=1,000,000, frameSize=160, readLen=1,000,000)]" classname="com.amazonaws.encryptionsdk.CryptoInputStreamTest$ParameterizedEncryptDecryptTest" time="0.028"/>
  <testcase name="encryptDecrypt[2597: encryptDecrypt(algorithm=ALG_AES_192_GCM_IV12_TAG16_HKDF_SHA384_ECDSA_P384, byteSize=1,000,000, frameSize=160, readLen=1,000,001)]" classname="com.amazonaws.encryptionsdk.CryptoInputStreamTest$ParameterizedEncryptDecryptTest" time="0.027"/>
  <testcase name="encryptDecrypt[2598: encryptDecrypt(algorithm=ALG_AES_192_GCM_IV12_TAG16_HKDF_SHA384_ECDSA_P384, byteSize=1,000,000, frameSize=160, readLen=2,000,000)]" classname="com.amazonaws.encryptionsdk.CryptoInputStreamTest$ParameterizedEncryptDecryptTest" time="0.026"/>
  <testcase name="encryptDecrypt[2599: encryptDecrypt(algorithm=ALG_AES_192_GCM_IV12_TAG16_HKDF_SHA384_ECDSA_P384, byteSize=1,000,000, frameSize=160, readLen=1,000,000)]" classname="com.amazonaws.encryptionsdk.CryptoInputStreamTest$ParameterizedEncryptDecryptTest" time="0.027"/>
  <testcase name="encryptDecrypt[2600: encryptDecrypt(algorithm=ALG_AES_192_GCM_IV12_TAG16_HKDF_SHA384_ECDSA_P384, byteSize=0, frameSize=161, readLen=1)]" classname="com.amazonaws.encryptionsdk.CryptoInputStreamTest$ParameterizedEncryptDecryptTest" time="0.002"/>
  <testcase name="encryptDecrypt[2601: encryptDecrypt(algorithm=ALG_AES_192_GCM_IV12_TAG16_HKDF_SHA384_ECDSA_P384, byteSize=0, frameSize=161, readLen=1)]" classname="com.amazonaws.encryptionsdk.CryptoInputStreamTest$ParameterizedEncryptDecryptTest" time="0.003"/>
  <testcase name="encryptDecrypt[2602: encryptDecrypt(algorithm=ALG_AES_192_GCM_IV12_TAG16_HKDF_SHA384_ECDSA_P384, byteSize=0, frameSize=161, readLen=1,000,000)]" classname="com.amazonaws.encryptionsdk.CryptoInputStreamTest$ParameterizedEncryptDecryptTest" time="0.002"/>
  <testcase name="encryptDecrypt[2603: encryptDecrypt(algorithm=ALG_AES_192_GCM_IV12_TAG16_HKDF_SHA384_ECDSA_P384, byteSize=1, frameSize=161, readLen=1)]" classname="com.amazonaws.encryptionsdk.CryptoInputStreamTest$ParameterizedEncryptDecryptTest" time="0.003"/>
  <testcase name="encryptDecrypt[2604: encryptDecrypt(algorithm=ALG_AES_192_GCM_IV12_TAG16_HKDF_SHA384_ECDSA_P384, byteSize=1, frameSize=161, readLen=1)]" classname="com.amazonaws.encryptionsdk.CryptoInputStreamTest$ParameterizedEncryptDecryptTest" time="0.002"/>
  <testcase name="encryptDecrypt[2605: encryptDecrypt(algorithm=ALG_AES_192_GCM_IV12_TAG16_HKDF_SHA384_ECDSA_P384, byteSize=1, frameSize=161, readLen=2)]" classname="com.amazonaws.encryptionsdk.CryptoInputStreamTest$ParameterizedEncryptDecryptTest" time="0.003"/>
  <testcase name="encryptDecrypt[2606: encryptDecrypt(algorithm=ALG_AES_192_GCM_IV12_TAG16_HKDF_SHA384_ECDSA_P384, byteSize=1, frameSize=161, readLen=2)]" classname="com.amazonaws.encryptionsdk.CryptoInputStreamTest$ParameterizedEncryptDecryptTest" time="0.002"/>
  <testcase name="encryptDecrypt[2607: encryptDecrypt(algorithm=ALG_AES_192_GCM_IV12_TAG16_HKDF_SHA384_ECDSA_P384, byteSize=1, frameSize=161, readLen=1,000,000)]" classname="com.amazonaws.encryptionsdk.CryptoInputStreamTest$ParameterizedEncryptDecryptTest" time="0.002"/>
  <testcase name="encryptDecrypt[2608: encryptDecrypt(algorithm=ALG_AES_192_GCM_IV12_TAG16_HKDF_SHA384_ECDSA_P384, byteSize=160, frameSize=161, readLen=1)]" classname="com.amazonaws.encryptionsdk.CryptoInputStreamTest$ParameterizedEncryptDecryptTest" time="0.003"/>
  <testcase name="encryptDecrypt[2609: encryptDecrypt(algorithm=ALG_AES_192_GCM_IV12_TAG16_HKDF_SHA384_ECDSA_P384, byteSize=160, frameSize=161, readLen=159)]" classname="com.amazonaws.encryptionsdk.CryptoInputStreamTest$ParameterizedEncryptDecryptTest" time="0.002"/>
  <testcase name="encryptDecrypt[2610: encryptDecrypt(algorithm=ALG_AES_192_GCM_IV12_TAG16_HKDF_SHA384_ECDSA_P384, byteSize=160, frameSize=161, readLen=160)]" classname="com.amazonaws.encryptionsdk.CryptoInputStreamTest$ParameterizedEncryptDecryptTest" time="0.003"/>
  <testcase name="encryptDecrypt[2611: encryptDecrypt(algorithm=ALG_AES_192_GCM_IV12_TAG16_HKDF_SHA384_ECDSA_P384, byteSize=160, frameSize=161, readLen=161)]" classname="com.amazonaws.encryptionsdk.CryptoInputStreamTest$ParameterizedEncryptDecryptTest" time="0.002"/>
  <testcase name="encryptDecrypt[2612: encryptDecrypt(algorithm=ALG_AES_192_GCM_IV12_TAG16_HKDF_SHA384_ECDSA_P384, byteSize=160, frameSize=161, readLen=320)]" classname="com.amazonaws.encryptionsdk.CryptoInputStreamTest$ParameterizedEncryptDecryptTest" time="0.003"/>
  <testcase name="encryptDecrypt[2613: encryptDecrypt(algorithm=ALG_AES_192_GCM_IV12_TAG16_HKDF_SHA384_ECDSA_P384, byteSize=160, frameSize=161, readLen=1,000,000)]" classname="com.amazonaws.encryptionsdk.CryptoInputStreamTest$ParameterizedEncryptDecryptTest" time="0.002"/>
  <testcase name="encryptDecrypt[2614: encryptDecrypt(algorithm=ALG_AES_192_GCM_IV12_TAG16_HKDF_SHA384_ECDSA_P384, byteSize=161, frameSize=161, readLen=1)]" classname="com.amazonaws.encryptionsdk.CryptoInputStreamTest$ParameterizedEncryptDecryptTest" time="0.003"/>
  <testcase name="encryptDecrypt[2615: encryptDecrypt(algorithm=ALG_AES_192_GCM_IV12_TAG16_HKDF_SHA384_ECDSA_P384, byteSize=161, frameSize=161, readLen=160)]" classname="com.amazonaws.encryptionsdk.CryptoInputStreamTest$ParameterizedEncryptDecryptTest" time="0.002"/>
  <testcase name="encryptDecrypt[2616: encryptDecrypt(algorithm=ALG_AES_192_GCM_IV12_TAG16_HKDF_SHA384_ECDSA_P384, byteSize=161, frameSize=161, readLen=161)]" classname="com.amazonaws.encryptionsdk.CryptoInputStreamTest$ParameterizedEncryptDecryptTest" time="0.003"/>
  <testcase name="encryptDecrypt[2617: encryptDecrypt(algorithm=ALG_AES_192_GCM_IV12_TAG16_HKDF_SHA384_ECDSA_P384, byteSize=161, frameSize=161, readLen=162)]" classname="com.amazonaws.encryptionsdk.CryptoInputStreamTest$ParameterizedEncryptDecryptTest" time="0.002"/>
  <testcase name="encryptDecrypt[2618: encryptDecrypt(algorithm=ALG_AES_192_GCM_IV12_TAG16_HKDF_SHA384_ECDSA_P384, byteSize=161, frameSize=161, readLen=322)]" classname="com.amazonaws.encryptionsdk.CryptoInputStreamTest$ParameterizedEncryptDecryptTest" time="0.003"/>
  <testcase name="encryptDecrypt[2619: encryptDecrypt(algorithm=ALG_AES_192_GCM_IV12_TAG16_HKDF_SHA384_ECDSA_P384, byteSize=161, frameSize=161, readLen=1,000,000)]" classname="com.amazonaws.encryptionsdk.CryptoInputStreamTest$ParameterizedEncryptDecryptTest" time="0.002"/>
  <testcase name="encryptDecrypt[2620: encryptDecrypt(algorithm=ALG_AES_192_GCM_IV12_TAG16_HKDF_SHA384_ECDSA_P384, byteSize=162, frameSize=161, readLen=1)]" classname="com.amazonaws.encryptionsdk.CryptoInputStreamTest$ParameterizedEncryptDecryptTest" time="0.002"/>
  <testcase name="encryptDecrypt[2621: encryptDecrypt(algorithm=ALG_AES_192_GCM_IV12_TAG16_HKDF_SHA384_ECDSA_P384, byteSize=162, frameSize=161, readLen=161)]" classname="com.amazonaws.encryptionsdk.CryptoInputStreamTest$ParameterizedEncryptDecryptTest" time="0.002"/>
  <testcase name="encryptDecrypt[2622: encryptDecrypt(algorithm=ALG_AES_192_GCM_IV12_TAG16_HKDF_SHA384_ECDSA_P384, byteSize=162, frameSize=161, readLen=162)]" classname="com.amazonaws.encryptionsdk.CryptoInputStreamTest$ParameterizedEncryptDecryptTest" time="0.003"/>
  <testcase name="encryptDecrypt[2623: encryptDecrypt(algorithm=ALG_AES_192_GCM_IV12_TAG16_HKDF_SHA384_ECDSA_P384, byteSize=162, frameSize=161, readLen=163)]" classname="com.amazonaws.encryptionsdk.CryptoInputStreamTest$ParameterizedEncryptDecryptTest" time="0.002"/>
  <testcase name="encryptDecrypt[2624: encryptDecrypt(algorithm=ALG_AES_192_GCM_IV12_TAG16_HKDF_SHA384_ECDSA_P384, byteSize=162, frameSize=161, readLen=324)]" classname="com.amazonaws.encryptionsdk.CryptoInputStreamTest$ParameterizedEncryptDecryptTest" time="0.003"/>
  <testcase name="encryptDecrypt[2625: encryptDecrypt(algorithm=ALG_AES_192_GCM_IV12_TAG16_HKDF_SHA384_ECDSA_P384, byteSize=162, frameSize=161, readLen=1,000,000)]" classname="com.amazonaws.encryptionsdk.CryptoInputStreamTest$ParameterizedEncryptDecryptTest" time="0.002"/>
  <testcase name="encryptDecrypt[2626: encryptDecrypt(algorithm=ALG_AES_192_GCM_IV12_TAG16_HKDF_SHA384_ECDSA_P384, byteSize=241, frameSize=161, readLen=1)]" classname="com.amazonaws.encryptionsdk.CryptoInputStreamTest$ParameterizedEncryptDecryptTest" time="0.003"/>
  <testcase name="encryptDecrypt[2627: encryptDecrypt(algorithm=ALG_AES_192_GCM_IV12_TAG16_HKDF_SHA384_ECDSA_P384, byteSize=241, frameSize=161, readLen=240)]" classname="com.amazonaws.encryptionsdk.CryptoInputStreamTest$ParameterizedEncryptDecryptTest" time="0.002"/>
  <testcase name="encryptDecrypt[2628: encryptDecrypt(algorithm=ALG_AES_192_GCM_IV12_TAG16_HKDF_SHA384_ECDSA_P384, byteSize=241, frameSize=161, readLen=241)]" classname="com.amazonaws.encryptionsdk.CryptoInputStreamTest$ParameterizedEncryptDecryptTest" time="0.003"/>
  <testcase name="encryptDecrypt[2629: encryptDecrypt(algorithm=ALG_AES_192_GCM_IV12_TAG16_HKDF_SHA384_ECDSA_P384, byteSize=241, frameSize=161, readLen=242)]" classname="com.amazonaws.encryptionsdk.CryptoInputStreamTest$ParameterizedEncryptDecryptTest" time="0.002"/>
  <testcase name="encryptDecrypt[2630: encryptDecrypt(algorithm=ALG_AES_192_GCM_IV12_TAG16_HKDF_SHA384_ECDSA_P384, byteSize=241, frameSize=161, readLen=482)]" classname="com.amazonaws.encryptionsdk.CryptoInputStreamTest$ParameterizedEncryptDecryptTest" time="0.003"/>
  <testcase name="encryptDecrypt[2631: encryptDecrypt(algorithm=ALG_AES_192_GCM_IV12_TAG16_HKDF_SHA384_ECDSA_P384, byteSize=241, frameSize=161, readLen=1,000,000)]" classname="com.amazonaws.encryptionsdk.CryptoInputStreamTest$ParameterizedEncryptDecryptTest" time="0.002"/>
  <testcase name="encryptDecrypt[2632: encryptDecrypt(algorithm=ALG_AES_192_GCM_IV12_TAG16_HKDF_SHA384_ECDSA_P384, byteSize=322, frameSize=161, readLen=1)]" classname="com.amazonaws.encryptionsdk.CryptoInputStreamTest$ParameterizedEncryptDecryptTest" time="0.003"/>
  <testcase name="encryptDecrypt[2633: encryptDecrypt(algorithm=ALG_AES_192_GCM_IV12_TAG16_HKDF_SHA384_ECDSA_P384, byteSize=322, frameSize=161, readLen=321)]" classname="com.amazonaws.encryptionsdk.CryptoInputStreamTest$ParameterizedEncryptDecryptTest" time="0.002"/>
  <testcase name="encryptDecrypt[2634: encryptDecrypt(algorithm=ALG_AES_192_GCM_IV12_TAG16_HKDF_SHA384_ECDSA_P384, byteSize=322, frameSize=161, readLen=322)]" classname="com.amazonaws.encryptionsdk.CryptoInputStreamTest$ParameterizedEncryptDecryptTest" time="0.003"/>
  <testcase name="encryptDecrypt[2635: encryptDecrypt(algorithm=ALG_AES_192_GCM_IV12_TAG16_HKDF_SHA384_ECDSA_P384, byteSize=322, frameSize=161, readLen=323)]" classname="com.amazonaws.encryptionsdk.CryptoInputStreamTest$ParameterizedEncryptDecryptTest" time="0.002"/>
  <testcase name="encryptDecrypt[2636: encryptDecrypt(algorithm=ALG_AES_192_GCM_IV12_TAG16_HKDF_SHA384_ECDSA_P384, byteSize=322, frameSize=161, readLen=644)]" classname="com.amazonaws.encryptionsdk.CryptoInputStreamTest$ParameterizedEncryptDecryptTest" time="0.003"/>
  <testcase name="encryptDecrypt[2637: encryptDecrypt(algorithm=ALG_AES_192_GCM_IV12_TAG16_HKDF_SHA384_ECDSA_P384, byteSize=322, frameSize=161, readLen=1,000,000)]" classname="com.amazonaws.encryptionsdk.CryptoInputStreamTest$ParameterizedEncryptDecryptTest" time="0.002"/>
  <testcase name="encryptDecrypt[2638: encryptDecrypt(algorithm=ALG_AES_192_GCM_IV12_TAG16_HKDF_SHA384_ECDSA_P384, byteSize=1,000,000, frameSize=161, readLen=1)]" classname="com.amazonaws.encryptionsdk.CryptoInputStreamTest$ParameterizedEncryptDecryptTest" time="0.044"/>
  <testcase name="encryptDecrypt[2639: encryptDecrypt(algorithm=ALG_AES_192_GCM_IV12_TAG16_HKDF_SHA384_ECDSA_P384, byteSize=1,000,000, frameSize=161, readLen=999,999)]" classname="com.amazonaws.encryptionsdk.CryptoInputStreamTest$ParameterizedEncryptDecryptTest" time="0.027"/>
  <testcase name="encryptDecrypt[2640: encryptDecrypt(algorithm=ALG_AES_192_GCM_IV12_TAG16_HKDF_SHA384_ECDSA_P384, byteSize=1,000,000, frameSize=161, readLen=1,000,000)]" classname="com.amazonaws.encryptionsdk.CryptoInputStreamTest$ParameterizedEncryptDecryptTest" time="0.026"/>
  <testcase name="encryptDecrypt[2641: encryptDecrypt(algorithm=ALG_AES_192_GCM_IV12_TAG16_HKDF_SHA384_ECDSA_P384, byteSize=1,000,000, frameSize=161, readLen=1,000,001)]" classname="com.amazonaws.encryptionsdk.CryptoInputStreamTest$ParameterizedEncryptDecryptTest" time="0.026"/>
  <testcase name="encryptDecrypt[2642: encryptDecrypt(algorithm=ALG_AES_192_GCM_IV12_TAG16_HKDF_SHA384_ECDSA_P384, byteSize=1,000,000, frameSize=161, readLen=2,000,000)]" classname="com.amazonaws.encryptionsdk.CryptoInputStreamTest$ParameterizedEncryptDecryptTest" time="0.027"/>
  <testcase name="encryptDecrypt[2643: encryptDecrypt(algorithm=ALG_AES_192_GCM_IV12_TAG16_HKDF_SHA384_ECDSA_P384, byteSize=1,000,000, frameSize=161, readLen=1,000,000)]" classname="com.amazonaws.encryptionsdk.CryptoInputStreamTest$ParameterizedEncryptDecryptTest" time="0.026"/>
  <testcase name="encryptDecrypt[2644: encryptDecrypt(algorithm=ALG_AES_192_GCM_IV12_TAG16_HKDF_SHA384_ECDSA_P384, byteSize=0, frameSize=4,096, readLen=1)]" classname="com.amazonaws.encryptionsdk.CryptoInputStreamTest$ParameterizedEncryptDecryptTest" time="0.003"/>
  <testcase name="encryptDecrypt[2645: encryptDecrypt(algorithm=ALG_AES_192_GCM_IV12_TAG16_HKDF_SHA384_ECDSA_P384, byteSize=0, frameSize=4,096, readLen=1)]" classname="com.amazonaws.encryptionsdk.CryptoInputStreamTest$ParameterizedEncryptDecryptTest" time="0.002"/>
  <testcase name="encryptDecrypt[2646: encryptDecrypt(algorithm=ALG_AES_192_GCM_IV12_TAG16_HKDF_SHA384_ECDSA_P384, byteSize=0, frameSize=4,096, readLen=1,000,000)]" classname="com.amazonaws.encryptionsdk.CryptoInputStreamTest$ParameterizedEncryptDecryptTest" time="0.003"/>
  <testcase name="encryptDecrypt[2647: encryptDecrypt(algorithm=ALG_AES_192_GCM_IV12_TAG16_HKDF_SHA384_ECDSA_P384, byteSize=1, frameSize=4,096, readLen=1)]" classname="com.amazonaws.encryptionsdk.CryptoInputStreamTest$ParameterizedEncryptDecryptTest" time="0.002"/>
  <testcase name="encryptDecrypt[2648: encryptDecrypt(algorithm=ALG_AES_192_GCM_IV12_TAG16_HKDF_SHA384_ECDSA_P384, byteSize=1, frameSize=4,096, readLen=1)]" classname="com.amazonaws.encryptionsdk.CryptoInputStreamTest$ParameterizedEncryptDecryptTest" time="0.003"/>
  <testcase name="encryptDecrypt[2649: encryptDecrypt(algorithm=ALG_AES_192_GCM_IV12_TAG16_HKDF_SHA384_ECDSA_P384, byteSize=1, frameSize=4,096, readLen=2)]" classname="com.amazonaws.encryptionsdk.CryptoInputStreamTest$ParameterizedEncryptDecryptTest" time="0.002"/>
  <testcase name="encryptDecrypt[2650: encryptDecrypt(algorithm=ALG_AES_192_GCM_IV12_TAG16_HKDF_SHA384_ECDSA_P384, byteSize=1, frameSize=4,096, readLen=2)]" classname="com.amazonaws.encryptionsdk.CryptoInputStreamTest$ParameterizedEncryptDecryptTest" time="0.003"/>
  <testcase name="encryptDecrypt[2651: encryptDecrypt(algorithm=ALG_AES_192_GCM_IV12_TAG16_HKDF_SHA384_ECDSA_P384, byteSize=1, frameSize=4,096, readLen=1,000,000)]" classname="com.amazonaws.encryptionsdk.CryptoInputStreamTest$ParameterizedEncryptDecryptTest" time="0.002"/>
  <testcase name="encryptDecrypt[2652: encryptDecrypt(algorithm=ALG_AES_192_GCM_IV12_TAG16_HKDF_SHA384_ECDSA_P384, byteSize=4,095, frameSize=4,096, readLen=1)]" classname="com.amazonaws.encryptionsdk.CryptoInputStreamTest$ParameterizedEncryptDecryptTest" time="0.003"/>
  <testcase name="encryptDecrypt[2653: encryptDecrypt(algorithm=ALG_AES_192_GCM_IV12_TAG16_HKDF_SHA384_ECDSA_P384, byteSize=4,095, frameSize=4,096, readLen=4,094)]" classname="com.amazonaws.encryptionsdk.CryptoInputStreamTest$ParameterizedEncryptDecryptTest" time="0.002"/>
  <testcase name="encryptDecrypt[2654: encryptDecrypt(algorithm=ALG_AES_192_GCM_IV12_TAG16_HKDF_SHA384_ECDSA_P384, byteSize=4,095, frameSize=4,096, readLen=4,095)]" classname="com.amazonaws.encryptionsdk.CryptoInputStreamTest$ParameterizedEncryptDecryptTest" time="0.003"/>
  <testcase name="encryptDecrypt[2655: encryptDecrypt(algorithm=ALG_AES_192_GCM_IV12_TAG16_HKDF_SHA384_ECDSA_P384, byteSize=4,095, frameSize=4,096, readLen=4,096)]" classname="com.amazonaws.encryptionsdk.CryptoInputStreamTest$ParameterizedEncryptDecryptTest" time="0.002"/>
  <testcase name="encryptDecrypt[2656: encryptDecrypt(algorithm=ALG_AES_192_GCM_IV12_TAG16_HKDF_SHA384_ECDSA_P384, byteSize=4,095, frameSize=4,096, readLen=8,190)]" classname="com.amazonaws.encryptionsdk.CryptoInputStreamTest$ParameterizedEncryptDecryptTest" time="0.003"/>
  <testcase name="encryptDecrypt[2657: encryptDecrypt(algorithm=ALG_AES_192_GCM_IV12_TAG16_HKDF_SHA384_ECDSA_P384, byteSize=4,095, frameSize=4,096, readLen=1,000,000)]" classname="com.amazonaws.encryptionsdk.CryptoInputStreamTest$ParameterizedEncryptDecryptTest" time="0.002"/>
  <testcase name="encryptDecrypt[2658: encryptDecrypt(algorithm=ALG_AES_192_GCM_IV12_TAG16_HKDF_SHA384_ECDSA_P384, byteSize=4,096, frameSize=4,096, readLen=1)]" classname="com.amazonaws.encryptionsdk.CryptoInputStreamTest$ParameterizedEncryptDecryptTest" time="0.002"/>
  <testcase name="encryptDecrypt[2659: encryptDecrypt(algorithm=ALG_AES_192_GCM_IV12_TAG16_HKDF_SHA384_ECDSA_P384, byteSize=4,096, frameSize=4,096, readLen=4,095)]" classname="com.amazonaws.encryptionsdk.CryptoInputStreamTest$ParameterizedEncryptDecryptTest" time="0.003"/>
  <testcase name="encryptDecrypt[2660: encryptDecrypt(algorithm=ALG_AES_192_GCM_IV12_TAG16_HKDF_SHA384_ECDSA_P384, byteSize=4,096, frameSize=4,096, readLen=4,096)]" classname="com.amazonaws.encryptionsdk.CryptoInputStreamTest$ParameterizedEncryptDecryptTest" time="0.002"/>
  <testcase name="encryptDecrypt[2661: encryptDecrypt(algorithm=ALG_AES_192_GCM_IV12_TAG16_HKDF_SHA384_ECDSA_P384, byteSize=4,096, frameSize=4,096, readLen=4,097)]" classname="com.amazonaws.encryptionsdk.CryptoInputStreamTest$ParameterizedEncryptDecryptTest" time="0.003"/>
  <testcase name="encryptDecrypt[2662: encryptDecrypt(algorithm=ALG_AES_192_GCM_IV12_TAG16_HKDF_SHA384_ECDSA_P384, byteSize=4,096, frameSize=4,096, readLen=8,192)]" classname="com.amazonaws.encryptionsdk.CryptoInputStreamTest$ParameterizedEncryptDecryptTest" time="0.002"/>
  <testcase name="encryptDecrypt[2663: encryptDecrypt(algorithm=ALG_AES_192_GCM_IV12_TAG16_HKDF_SHA384_ECDSA_P384, byteSize=4,096, frameSize=4,096, readLen=1,000,000)]" classname="com.amazonaws.encryptionsdk.CryptoInputStreamTest$ParameterizedEncryptDecryptTest" time="0.003"/>
  <testcase name="encryptDecrypt[2664: encryptDecrypt(algorithm=ALG_AES_192_GCM_IV12_TAG16_HKDF_SHA384_ECDSA_P384, byteSize=4,097, frameSize=4,096, readLen=1)]" classname="com.amazonaws.encryptionsdk.CryptoInputStreamTest$ParameterizedEncryptDecryptTest" time="0.002"/>
  <testcase name="encryptDecrypt[2665: encryptDecrypt(algorithm=ALG_AES_192_GCM_IV12_TAG16_HKDF_SHA384_ECDSA_P384, byteSize=4,097, frameSize=4,096, readLen=4,096)]" classname="com.amazonaws.encryptionsdk.CryptoInputStreamTest$ParameterizedEncryptDecryptTest" time="0.002"/>
  <testcase name="encryptDecrypt[2666: encryptDecrypt(algorithm=ALG_AES_192_GCM_IV12_TAG16_HKDF_SHA384_ECDSA_P384, byteSize=4,097, frameSize=4,096, readLen=4,097)]" classname="com.amazonaws.encryptionsdk.CryptoInputStreamTest$ParameterizedEncryptDecryptTest" time="0.002"/>
  <testcase name="encryptDecrypt[2667: encryptDecrypt(algorithm=ALG_AES_192_GCM_IV12_TAG16_HKDF_SHA384_ECDSA_P384, byteSize=4,097, frameSize=4,096, readLen=4,098)]" classname="com.amazonaws.encryptionsdk.CryptoInputStreamTest$ParameterizedEncryptDecryptTest" time="0.003"/>
  <testcase name="encryptDecrypt[2668: encryptDecrypt(algorithm=ALG_AES_192_GCM_IV12_TAG16_HKDF_SHA384_ECDSA_P384, byteSize=4,097, frameSize=4,096, readLen=8,194)]" classname="com.amazonaws.encryptionsdk.CryptoInputStreamTest$ParameterizedEncryptDecryptTest" time="0.002"/>
  <testcase name="encryptDecrypt[2669: encryptDecrypt(algorithm=ALG_AES_192_GCM_IV12_TAG16_HKDF_SHA384_ECDSA_P384, byteSize=4,097, frameSize=4,096, readLen=1,000,000)]" classname="com.amazonaws.encryptionsdk.CryptoInputStreamTest$ParameterizedEncryptDecryptTest" time="0.003"/>
  <testcase name="encryptDecrypt[2670: encryptDecrypt(algorithm=ALG_AES_192_GCM_IV12_TAG16_HKDF_SHA384_ECDSA_P384, byteSize=6,144, frameSize=4,096, readLen=1)]" classname="com.amazonaws.encryptionsdk.CryptoInputStreamTest$ParameterizedEncryptDecryptTest" time="0.003"/>
  <testcase name="encryptDecrypt[2671: encryptDecrypt(algorithm=ALG_AES_192_GCM_IV12_TAG16_HKDF_SHA384_ECDSA_P384, byteSize=6,144, frameSize=4,096, readLen=6,143)]" classname="com.amazonaws.encryptionsdk.CryptoInputStreamTest$ParameterizedEncryptDecryptTest" time="0.002"/>
  <testcase name="encryptDecrypt[2672: encryptDecrypt(algorithm=ALG_AES_192_GCM_IV12_TAG16_HKDF_SHA384_ECDSA_P384, byteSize=6,144, frameSize=4,096, readLen=6,144)]" classname="com.amazonaws.encryptionsdk.CryptoInputStreamTest$ParameterizedEncryptDecryptTest" time="0.003"/>
  <testcase name="encryptDecrypt[2673: encryptDecrypt(algorithm=ALG_AES_192_GCM_IV12_TAG16_HKDF_SHA384_ECDSA_P384, byteSize=6,144, frameSize=4,096, readLen=6,145)]" classname="com.amazonaws.encryptionsdk.CryptoInputStreamTest$ParameterizedEncryptDecryptTest" time="0.003"/>
  <testcase name="encryptDecrypt[2674: encryptDecrypt(algorithm=ALG_AES_192_GCM_IV12_TAG16_HKDF_SHA384_ECDSA_P384, byteSize=6,144, frameSize=4,096, readLen=12,288)]" classname="com.amazonaws.encryptionsdk.CryptoInputStreamTest$ParameterizedEncryptDecryptTest" time="0.003"/>
  <testcase name="encryptDecrypt[2675: encryptDecrypt(algorithm=ALG_AES_192_GCM_IV12_TAG16_HKDF_SHA384_ECDSA_P384, byteSize=6,144, frameSize=4,096, readLen=1,000,000)]" classname="com.amazonaws.encryptionsdk.CryptoInputStreamTest$ParameterizedEncryptDecryptTest" time="0.002"/>
  <testcase name="encryptDecrypt[2676: encryptDecrypt(algorithm=ALG_AES_192_GCM_IV12_TAG16_HKDF_SHA384_ECDSA_P384, byteSize=8,192, frameSize=4,096, readLen=1)]" classname="com.amazonaws.encryptionsdk.CryptoInputStreamTest$ParameterizedEncryptDecryptTest" time="0.003"/>
  <testcase name="encryptDecrypt[2677: encryptDecrypt(algorithm=ALG_AES_192_GCM_IV12_TAG16_HKDF_SHA384_ECDSA_P384, byteSize=8,192, frameSize=4,096, readLen=8,191)]" classname="com.amazonaws.encryptionsdk.CryptoInputStreamTest$ParameterizedEncryptDecryptTest" time="0.003"/>
  <testcase name="encryptDecrypt[2678: encryptDecrypt(algorithm=ALG_AES_192_GCM_IV12_TAG16_HKDF_SHA384_ECDSA_P384, byteSize=8,192, frameSize=4,096, readLen=8,192)]" classname="com.amazonaws.encryptionsdk.CryptoInputStreamTest$ParameterizedEncryptDecryptTest" time="0.002"/>
  <testcase name="encryptDecrypt[2679: encryptDecrypt(algorithm=ALG_AES_192_GCM_IV12_TAG16_HKDF_SHA384_ECDSA_P384, byteSize=8,192, frameSize=4,096, readLen=8,193)]" classname="com.amazonaws.encryptionsdk.CryptoInputStreamTest$ParameterizedEncryptDecryptTest" time="0.003"/>
  <testcase name="encryptDecrypt[2680: encryptDecrypt(algorithm=ALG_AES_192_GCM_IV12_TAG16_HKDF_SHA384_ECDSA_P384, byteSize=8,192, frameSize=4,096, readLen=16,384)]" classname="com.amazonaws.encryptionsdk.CryptoInputStreamTest$ParameterizedEncryptDecryptTest" time="0.002"/>
  <testcase name="encryptDecrypt[2681: encryptDecrypt(algorithm=ALG_AES_192_GCM_IV12_TAG16_HKDF_SHA384_ECDSA_P384, byteSize=8,192, frameSize=4,096, readLen=1,000,000)]" classname="com.amazonaws.encryptionsdk.CryptoInputStreamTest$ParameterizedEncryptDecryptTest" time="0.003"/>
  <testcase name="encryptDecrypt[2682: encryptDecrypt(algorithm=ALG_AES_192_GCM_IV12_TAG16_HKDF_SHA384_ECDSA_P384, byteSize=1,000,000, frameSize=4,096, readLen=1)]" classname="com.amazonaws.encryptionsdk.CryptoInputStreamTest$ParameterizedEncryptDecryptTest" time="0.035"/>
  <testcase name="encryptDecrypt[2683: encryptDecrypt(algorithm=ALG_AES_192_GCM_IV12_TAG16_HKDF_SHA384_ECDSA_P384, byteSize=1,000,000, frameSize=4,096, readLen=999,999)]" classname="com.amazonaws.encryptionsdk.CryptoInputStreamTest$ParameterizedEncryptDecryptTest" time="0.019"/>
  <testcase name="encryptDecrypt[2684: encryptDecrypt(algorithm=ALG_AES_192_GCM_IV12_TAG16_HKDF_SHA384_ECDSA_P384, byteSize=1,000,000, frameSize=4,096, readLen=1,000,000)]" classname="com.amazonaws.encryptionsdk.CryptoInputStreamTest$ParameterizedEncryptDecryptTest" time="0.018"/>
  <testcase name="encryptDecrypt[2685: encryptDecrypt(algorithm=ALG_AES_192_GCM_IV12_TAG16_HKDF_SHA384_ECDSA_P384, byteSize=1,000,000, frameSize=4,096, readLen=1,000,001)]" classname="com.amazonaws.encryptionsdk.CryptoInputStreamTest$ParameterizedEncryptDecryptTest" time="0.019"/>
  <testcase name="encryptDecrypt[2686: encryptDecrypt(algorithm=ALG_AES_192_GCM_IV12_TAG16_HKDF_SHA384_ECDSA_P384, byteSize=1,000,000, frameSize=4,096, readLen=2,000,000)]" classname="com.amazonaws.encryptionsdk.CryptoInputStreamTest$ParameterizedEncryptDecryptTest" time="0.018"/>
  <testcase name="encryptDecrypt[2687: encryptDecrypt(algorithm=ALG_AES_192_GCM_IV12_TAG16_HKDF_SHA384_ECDSA_P384, byteSize=1,000,000, frameSize=4,096, readLen=1,000,000)]" classname="com.amazonaws.encryptionsdk.CryptoInputStreamTest$ParameterizedEncryptDecryptTest" time="0.019"/>
  <testcase name="encryptDecrypt[2688: encryptDecrypt(algorithm=ALG_AES_256_GCM_IV12_TAG16_HKDF_SHA384_ECDSA_P384, byteSize=0, frameSize=0, readLen=1)]" classname="com.amazonaws.encryptionsdk.CryptoInputStreamTest$ParameterizedEncryptDecryptTest" time="0.002"/>
  <testcase name="encryptDecrypt[2689: encryptDecrypt(algorithm=ALG_AES_256_GCM_IV12_TAG16_HKDF_SHA384_ECDSA_P384, byteSize=0, frameSize=0, readLen=1)]" classname="com.amazonaws.encryptionsdk.CryptoInputStreamTest$ParameterizedEncryptDecryptTest" time="0.002"/>
  <testcase name="encryptDecrypt[2690: encryptDecrypt(algorithm=ALG_AES_256_GCM_IV12_TAG16_HKDF_SHA384_ECDSA_P384, byteSize=0, frameSize=0, readLen=1,000,000)]" classname="com.amazonaws.encryptionsdk.CryptoInputStreamTest$ParameterizedEncryptDecryptTest" time="0.003"/>
  <testcase name="encryptDecrypt[2691: encryptDecrypt(algorithm=ALG_AES_256_GCM_IV12_TAG16_HKDF_SHA384_ECDSA_P384, byteSize=1, frameSize=0, readLen=1)]" classname="com.amazonaws.encryptionsdk.CryptoInputStreamTest$ParameterizedEncryptDecryptTest" time="0.002"/>
  <testcase name="encryptDecrypt[2692: encryptDecrypt(algorithm=ALG_AES_256_GCM_IV12_TAG16_HKDF_SHA384_ECDSA_P384, byteSize=1, frameSize=0, readLen=1)]" classname="com.amazonaws.encryptionsdk.CryptoInputStreamTest$ParameterizedEncryptDecryptTest" time="0.003"/>
  <testcase name="encryptDecrypt[2693: encryptDecrypt(algorithm=ALG_AES_256_GCM_IV12_TAG16_HKDF_SHA384_ECDSA_P384, byteSize=1, frameSize=0, readLen=2)]" classname="com.amazonaws.encryptionsdk.CryptoInputStreamTest$ParameterizedEncryptDecryptTest" time="0.002"/>
  <testcase name="encryptDecrypt[2694: encryptDecrypt(algorithm=ALG_AES_256_GCM_IV12_TAG16_HKDF_SHA384_ECDSA_P384, byteSize=1, frameSize=0, readLen=2)]" classname="com.amazonaws.encryptionsdk.CryptoInputStreamTest$ParameterizedEncryptDecryptTest" time="0.002"/>
  <testcase name="encryptDecrypt[2695: encryptDecrypt(algorithm=ALG_AES_256_GCM_IV12_TAG16_HKDF_SHA384_ECDSA_P384, byteSize=1, frameSize=0, readLen=1,000,000)]" classname="com.amazonaws.encryptionsdk.CryptoInputStreamTest$ParameterizedEncryptDecryptTest" time="0.003"/>
  <testcase name="encryptDecrypt[2696: encryptDecrypt(algorithm=ALG_AES_256_GCM_IV12_TAG16_HKDF_SHA384_ECDSA_P384, byteSize=0, frameSize=0, readLen=1)]" classname="com.amazonaws.encryptionsdk.CryptoInputStreamTest$ParameterizedEncryptDecryptTest" time="0.002"/>
  <testcase name="encryptDecrypt[2697: encryptDecrypt(algorithm=ALG_AES_256_GCM_IV12_TAG16_HKDF_SHA384_ECDSA_P384, byteSize=0, frameSize=0, readLen=1)]" classname="com.amazonaws.encryptionsdk.CryptoInputStreamTest$ParameterizedEncryptDecryptTest" time="0.003"/>
  <testcase name="encryptDecrypt[2698: encryptDecrypt(algorithm=ALG_AES_256_GCM_IV12_TAG16_HKDF_SHA384_ECDSA_P384, byteSize=0, frameSize=0, readLen=1,000,000)]" classname="com.amazonaws.encryptionsdk.CryptoInputStreamTest$ParameterizedEncryptDecryptTest" time="0.002"/>
  <testcase name="encryptDecrypt[2699: encryptDecrypt(algorithm=ALG_AES_256_GCM_IV12_TAG16_HKDF_SHA384_ECDSA_P384, byteSize=1, frameSize=0, readLen=1)]" classname="com.amazonaws.encryptionsdk.CryptoInputStreamTest$ParameterizedEncryptDecryptTest" time="0.003"/>
  <testcase name="encryptDecrypt[2700: encryptDecrypt(algorithm=ALG_AES_256_GCM_IV12_TAG16_HKDF_SHA384_ECDSA_P384, byteSize=1, frameSize=0, readLen=1)]" classname="com.amazonaws.encryptionsdk.CryptoInputStreamTest$ParameterizedEncryptDecryptTest" time="0.002"/>
  <testcase name="encryptDecrypt[2701: encryptDecrypt(algorithm=ALG_AES_256_GCM_IV12_TAG16_HKDF_SHA384_ECDSA_P384, byteSize=1, frameSize=0, readLen=2)]" classname="com.amazonaws.encryptionsdk.CryptoInputStreamTest$ParameterizedEncryptDecryptTest" time="0.003"/>
  <testcase name="encryptDecrypt[2702: encryptDecrypt(algorithm=ALG_AES_256_GCM_IV12_TAG16_HKDF_SHA384_ECDSA_P384, byteSize=1, frameSize=0, readLen=2)]" classname="com.amazonaws.encryptionsdk.CryptoInputStreamTest$ParameterizedEncryptDecryptTest" time="0.002"/>
  <testcase name="encryptDecrypt[2703: encryptDecrypt(algorithm=ALG_AES_256_GCM_IV12_TAG16_HKDF_SHA384_ECDSA_P384, byteSize=1, frameSize=0, readLen=1,000,000)]" classname="com.amazonaws.encryptionsdk.CryptoInputStreamTest$ParameterizedEncryptDecryptTest" time="0.003"/>
  <testcase name="encryptDecrypt[2704: encryptDecrypt(algorithm=ALG_AES_256_GCM_IV12_TAG16_HKDF_SHA384_ECDSA_P384, byteSize=0, frameSize=0, readLen=1)]" classname="com.amazonaws.encryptionsdk.CryptoInputStreamTest$ParameterizedEncryptDecryptTest" time="0.002"/>
  <testcase name="encryptDecrypt[2705: encryptDecrypt(algorithm=ALG_AES_256_GCM_IV12_TAG16_HKDF_SHA384_ECDSA_P384, byteSize=0, frameSize=0, readLen=1)]" classname="com.amazonaws.encryptionsdk.CryptoInputStreamTest$ParameterizedEncryptDecryptTest" time="0.003"/>
  <testcase name="encryptDecrypt[2706: encryptDecrypt(algorithm=ALG_AES_256_GCM_IV12_TAG16_HKDF_SHA384_ECDSA_P384, byteSize=0, frameSize=0, readLen=1,000,000)]" classname="com.amazonaws.encryptionsdk.CryptoInputStreamTest$ParameterizedEncryptDecryptTest" time="0.002"/>
  <testcase name="encryptDecrypt[2707: encryptDecrypt(algorithm=ALG_AES_256_GCM_IV12_TAG16_HKDF_SHA384_ECDSA_P384, byteSize=0, frameSize=0, readLen=1)]" classname="com.amazonaws.encryptionsdk.CryptoInputStreamTest$ParameterizedEncryptDecryptTest" time="0.003"/>
  <testcase name="encryptDecrypt[2708: encryptDecrypt(algorithm=ALG_AES_256_GCM_IV12_TAG16_HKDF_SHA384_ECDSA_P384, byteSize=0, frameSize=0, readLen=1)]" classname="com.amazonaws.encryptionsdk.CryptoInputStreamTest$ParameterizedEncryptDecryptTest" time="0.002"/>
  <testcase name="encryptDecrypt[2709: encryptDecrypt(algorithm=ALG_AES_256_GCM_IV12_TAG16_HKDF_SHA384_ECDSA_P384, byteSize=0, frameSize=0, readLen=1,000,000)]" classname="com.amazonaws.encryptionsdk.CryptoInputStreamTest$ParameterizedEncryptDecryptTest" time="0.003"/>
  <testcase name="encryptDecrypt[2710: encryptDecrypt(algorithm=ALG_AES_256_GCM_IV12_TAG16_HKDF_SHA384_ECDSA_P384, byteSize=1,000,000, frameSize=0, readLen=1)]" classname="com.amazonaws.encryptionsdk.CryptoInputStreamTest$ParameterizedEncryptDecryptTest" time="0.066"/>
  <testcase name="encryptDecrypt[2711: encryptDecrypt(algorithm=ALG_AES_256_GCM_IV12_TAG16_HKDF_SHA384_ECDSA_P384, byteSize=1,000,000, frameSize=0, readLen=999,999)]" classname="com.amazonaws.encryptionsdk.CryptoInputStreamTest$ParameterizedEncryptDecryptTest" time="0.05"/>
  <testcase name="encryptDecrypt[2712: encryptDecrypt(algorithm=ALG_AES_256_GCM_IV12_TAG16_HKDF_SHA384_ECDSA_P384, byteSize=1,000,000, frameSize=0, readLen=1,000,000)]" classname="com.amazonaws.encryptionsdk.CryptoInputStreamTest$ParameterizedEncryptDecryptTest" time="0.054"/>
  <testcase name="encryptDecrypt[2713: encryptDecrypt(algorithm=ALG_AES_256_GCM_IV12_TAG16_HKDF_SHA384_ECDSA_P384, byteSize=1,000,000, frameSize=0, readLen=1,000,001)]" classname="com.amazonaws.encryptionsdk.CryptoInputStreamTest$ParameterizedEncryptDecryptTest" time="0.05"/>
  <testcase name="encryptDecrypt[2714: encryptDecrypt(algorithm=ALG_AES_256_GCM_IV12_TAG16_HKDF_SHA384_ECDSA_P384, byteSize=1,000,000, frameSize=0, readLen=2,000,000)]" classname="com.amazonaws.encryptionsdk.CryptoInputStreamTest$ParameterizedEncryptDecryptTest" time="0.051"/>
  <testcase name="encryptDecrypt[2715: encryptDecrypt(algorithm=ALG_AES_256_GCM_IV12_TAG16_HKDF_SHA384_ECDSA_P384, byteSize=1,000,000, frameSize=0, readLen=1,000,000)]" classname="com.amazonaws.encryptionsdk.CryptoInputStreamTest$ParameterizedEncryptDecryptTest" time="0.05"/>
  <testcase name="encryptDecrypt[2716: encryptDecrypt(algorithm=ALG_AES_256_GCM_IV12_TAG16_HKDF_SHA384_ECDSA_P384, byteSize=0, frameSize=15, readLen=1)]" classname="com.amazonaws.encryptionsdk.CryptoInputStreamTest$ParameterizedEncryptDecryptTest" time="0.003"/>
  <testcase name="encryptDecrypt[2717: encryptDecrypt(algorithm=ALG_AES_256_GCM_IV12_TAG16_HKDF_SHA384_ECDSA_P384, byteSize=0, frameSize=15, readLen=1)]" classname="com.amazonaws.encryptionsdk.CryptoInputStreamTest$ParameterizedEncryptDecryptTest" time="0.002"/>
  <testcase name="encryptDecrypt[2718: encryptDecrypt(algorithm=ALG_AES_256_GCM_IV12_TAG16_HKDF_SHA384_ECDSA_P384, byteSize=0, frameSize=15, readLen=1,000,000)]" classname="com.amazonaws.encryptionsdk.CryptoInputStreamTest$ParameterizedEncryptDecryptTest" time="0.003"/>
  <testcase name="encryptDecrypt[2719: encryptDecrypt(algorithm=ALG_AES_256_GCM_IV12_TAG16_HKDF_SHA384_ECDSA_P384, byteSize=1, frameSize=15, readLen=1)]" classname="com.amazonaws.encryptionsdk.CryptoInputStreamTest$ParameterizedEncryptDecryptTest" time="0.002"/>
  <testcase name="encryptDecrypt[2720: encryptDecrypt(algorithm=ALG_AES_256_GCM_IV12_TAG16_HKDF_SHA384_ECDSA_P384, byteSize=1, frameSize=15, readLen=1)]" classname="com.amazonaws.encryptionsdk.CryptoInputStreamTest$ParameterizedEncryptDecryptTest" time="0.003"/>
  <testcase name="encryptDecrypt[2721: encryptDecrypt(algorithm=ALG_AES_256_GCM_IV12_TAG16_HKDF_SHA384_ECDSA_P384, byteSize=1, frameSize=15, readLen=2)]" classname="com.amazonaws.encryptionsdk.CryptoInputStreamTest$ParameterizedEncryptDecryptTest" time="0.002"/>
  <testcase name="encryptDecrypt[2722: encryptDecrypt(algorithm=ALG_AES_256_GCM_IV12_TAG16_HKDF_SHA384_ECDSA_P384, byteSize=1, frameSize=15, readLen=2)]" classname="com.amazonaws.encryptionsdk.CryptoInputStreamTest$ParameterizedEncryptDecryptTest" time="0.003"/>
  <testcase name="encryptDecrypt[2723: encryptDecrypt(algorithm=ALG_AES_256_GCM_IV12_TAG16_HKDF_SHA384_ECDSA_P384, byteSize=1, frameSize=15, readLen=1,000,000)]" classname="com.amazonaws.encryptionsdk.CryptoInputStreamTest$ParameterizedEncryptDecryptTest" time="0.002"/>
  <testcase name="encryptDecrypt[2724: encryptDecrypt(algorithm=ALG_AES_256_GCM_IV12_TAG16_HKDF_SHA384_ECDSA_P384, byteSize=14, frameSize=15, readLen=1)]" classname="com.amazonaws.encryptionsdk.CryptoInputStreamTest$ParameterizedEncryptDecryptTest" time="0.003"/>
  <testcase name="encryptDecrypt[2725: encryptDecrypt(algorithm=ALG_AES_256_GCM_IV12_TAG16_HKDF_SHA384_ECDSA_P384, byteSize=14, frameSize=15, readLen=13)]" classname="com.amazonaws.encryptionsdk.CryptoInputStreamTest$ParameterizedEncryptDecryptTest" time="0.002"/>
  <testcase name="encryptDecrypt[2726: encryptDecrypt(algorithm=ALG_AES_256_GCM_IV12_TAG16_HKDF_SHA384_ECDSA_P384, byteSize=14, frameSize=15, readLen=14)]" classname="com.amazonaws.encryptionsdk.CryptoInputStreamTest$ParameterizedEncryptDecryptTest" time="0.003"/>
  <testcase name="encryptDecrypt[2727: encryptDecrypt(algorithm=ALG_AES_256_GCM_IV12_TAG16_HKDF_SHA384_ECDSA_P384, byteSize=14, frameSize=15, readLen=15)]" classname="com.amazonaws.encryptionsdk.CryptoInputStreamTest$ParameterizedEncryptDecryptTest" time="0.002"/>
  <testcase name="encryptDecrypt[2728: encryptDecrypt(algorithm=ALG_AES_256_GCM_IV12_TAG16_HKDF_SHA384_ECDSA_P384, byteSize=14, frameSize=15, readLen=28)]" classname="com.amazonaws.encryptionsdk.CryptoInputStreamTest$ParameterizedEncryptDecryptTest" time="0.003"/>
  <testcase name="encryptDecrypt[2729: encryptDecrypt(algorithm=ALG_AES_256_GCM_IV12_TAG16_HKDF_SHA384_ECDSA_P384, byteSize=14, frameSize=15, readLen=1,000,000)]" classname="com.amazonaws.encryptionsdk.CryptoInputStreamTest$ParameterizedEncryptDecryptTest" time="0.003"/>
  <testcase name="encryptDecrypt[2730: encryptDecrypt(algorithm=ALG_AES_256_GCM_IV12_TAG16_HKDF_SHA384_ECDSA_P384, byteSize=15, frameSize=15, readLen=1)]" classname="com.amazonaws.encryptionsdk.CryptoInputStreamTest$ParameterizedEncryptDecryptTest" time="0.002"/>
  <testcase name="encryptDecrypt[2731: encryptDecrypt(algorithm=ALG_AES_256_GCM_IV12_TAG16_HKDF_SHA384_ECDSA_P384, byteSize=15, frameSize=15, readLen=14)]" classname="com.amazonaws.encryptionsdk.CryptoInputStreamTest$ParameterizedEncryptDecryptTest" time="0.002"/>
  <testcase name="encryptDecrypt[2732: encryptDecrypt(algorithm=ALG_AES_256_GCM_IV12_TAG16_HKDF_SHA384_ECDSA_P384, byteSize=15, frameSize=15, readLen=15)]" classname="com.amazonaws.encryptionsdk.CryptoInputStreamTest$ParameterizedEncryptDecryptTest" time="0.003"/>
  <testcase name="encryptDecrypt[2733: encryptDecrypt(algorithm=ALG_AES_256_GCM_IV12_TAG16_HKDF_SHA384_ECDSA_P384, byteSize=15, frameSize=15, readLen=16)]" classname="com.amazonaws.encryptionsdk.CryptoInputStreamTest$ParameterizedEncryptDecryptTest" time="0.002"/>
  <testcase name="encryptDecrypt[2734: encryptDecrypt(algorithm=ALG_AES_256_GCM_IV12_TAG16_HKDF_SHA384_ECDSA_P384, byteSize=15, frameSize=15, readLen=30)]" classname="com.amazonaws.encryptionsdk.CryptoInputStreamTest$ParameterizedEncryptDecryptTest" time="0.003"/>
  <testcase name="encryptDecrypt[2735: encryptDecrypt(algorithm=ALG_AES_256_GCM_IV12_TAG16_HKDF_SHA384_ECDSA_P384, byteSize=15, frameSize=15, readLen=1,000,000)]" classname="com.amazonaws.encryptionsdk.CryptoInputStreamTest$ParameterizedEncryptDecryptTest" time="0.002"/>
  <testcase name="encryptDecrypt[2736: encryptDecrypt(algorithm=ALG_AES_256_GCM_IV12_TAG16_HKDF_SHA384_ECDSA_P384, byteSize=16, frameSize=15, readLen=1)]" classname="com.amazonaws.encryptionsdk.CryptoInputStreamTest$ParameterizedEncryptDecryptTest" time="0.003"/>
  <testcase name="encryptDecrypt[2737: encryptDecrypt(algorithm=ALG_AES_256_GCM_IV12_TAG16_HKDF_SHA384_ECDSA_P384, byteSize=16, frameSize=15, readLen=15)]" classname="com.amazonaws.encryptionsdk.CryptoInputStreamTest$ParameterizedEncryptDecryptTest" time="0.003"/>
  <testcase name="encryptDecrypt[2738: encryptDecrypt(algorithm=ALG_AES_256_GCM_IV12_TAG16_HKDF_SHA384_ECDSA_P384, byteSize=16, frameSize=15, readLen=16)]" classname="com.amazonaws.encryptionsdk.CryptoInputStreamTest$ParameterizedEncryptDecryptTest" time="0.002"/>
  <testcase name="encryptDecrypt[2739: encryptDecrypt(algorithm=ALG_AES_256_GCM_IV12_TAG16_HKDF_SHA384_ECDSA_P384, byteSize=16, frameSize=15, readLen=17)]" classname="com.amazonaws.encryptionsdk.CryptoInputStreamTest$ParameterizedEncryptDecryptTest" time="0.003"/>
  <testcase name="encryptDecrypt[2740: encryptDecrypt(algorithm=ALG_AES_256_GCM_IV12_TAG16_HKDF_SHA384_ECDSA_P384, byteSize=16, frameSize=15, readLen=32)]" classname="com.amazonaws.encryptionsdk.CryptoInputStreamTest$ParameterizedEncryptDecryptTest" time="0.002"/>
  <testcase name="encryptDecrypt[2741: encryptDecrypt(algorithm=ALG_AES_256_GCM_IV12_TAG16_HKDF_SHA384_ECDSA_P384, byteSize=16, frameSize=15, readLen=1,000,000)]" classname="com.amazonaws.encryptionsdk.CryptoInputStreamTest$ParameterizedEncryptDecryptTest" time="0.003"/>
  <testcase name="encryptDecrypt[2742: encryptDecrypt(algorithm=ALG_AES_256_GCM_IV12_TAG16_HKDF_SHA384_ECDSA_P384, byteSize=22, frameSize=15, readLen=1)]" classname="com.amazonaws.encryptionsdk.CryptoInputStreamTest$ParameterizedEncryptDecryptTest" time="0.002"/>
  <testcase name="encryptDecrypt[2743: encryptDecrypt(algorithm=ALG_AES_256_GCM_IV12_TAG16_HKDF_SHA384_ECDSA_P384, byteSize=22, frameSize=15, readLen=21)]" classname="com.amazonaws.encryptionsdk.CryptoInputStreamTest$ParameterizedEncryptDecryptTest" time="0.003"/>
  <testcase name="encryptDecrypt[2744: encryptDecrypt(algorithm=ALG_AES_256_GCM_IV12_TAG16_HKDF_SHA384_ECDSA_P384, byteSize=22, frameSize=15, readLen=22)]" classname="com.amazonaws.encryptionsdk.CryptoInputStreamTest$ParameterizedEncryptDecryptTest" time="0.002"/>
  <testcase name="encryptDecrypt[2745: encryptDecrypt(algorithm=ALG_AES_256_GCM_IV12_TAG16_HKDF_SHA384_ECDSA_P384, byteSize=22, frameSize=15, readLen=23)]" classname="com.amazonaws.encryptionsdk.CryptoInputStreamTest$ParameterizedEncryptDecryptTest" time="0.003"/>
  <testcase name="encryptDecrypt[2746: encryptDecrypt(algorithm=ALG_AES_256_GCM_IV12_TAG16_HKDF_SHA384_ECDSA_P384, byteSize=22, frameSize=15, readLen=44)]" classname="com.amazonaws.encryptionsdk.CryptoInputStreamTest$ParameterizedEncryptDecryptTest" time="0.002"/>
  <testcase name="encryptDecrypt[2747: encryptDecrypt(algorithm=ALG_AES_256_GCM_IV12_TAG16_HKDF_SHA384_ECDSA_P384, byteSize=22, frameSize=15, readLen=1,000,000)]" classname="com.amazonaws.encryptionsdk.CryptoInputStreamTest$ParameterizedEncryptDecryptTest" time="0.003"/>
  <testcase name="encryptDecrypt[2748: encryptDecrypt(algorithm=ALG_AES_256_GCM_IV12_TAG16_HKDF_SHA384_ECDSA_P384, byteSize=30, frameSize=15, readLen=1)]" classname="com.amazonaws.encryptionsdk.CryptoInputStreamTest$ParameterizedEncryptDecryptTest" time="0.002"/>
  <testcase name="encryptDecrypt[2749: encryptDecrypt(algorithm=ALG_AES_256_GCM_IV12_TAG16_HKDF_SHA384_ECDSA_P384, byteSize=30, frameSize=15, readLen=29)]" classname="com.amazonaws.encryptionsdk.CryptoInputStreamTest$ParameterizedEncryptDecryptTest" time="0.003"/>
  <testcase name="encryptDecrypt[2750: encryptDecrypt(algorithm=ALG_AES_256_GCM_IV12_TAG16_HKDF_SHA384_ECDSA_P384, byteSize=30, frameSize=15, readLen=30)]" classname="com.amazonaws.encryptionsdk.CryptoInputStreamTest$ParameterizedEncryptDecryptTest" time="0.002"/>
  <testcase name="encryptDecrypt[2751: encryptDecrypt(algorithm=ALG_AES_256_GCM_IV12_TAG16_HKDF_SHA384_ECDSA_P384, byteSize=30, frameSize=15, readLen=31)]" classname="com.amazonaws.encryptionsdk.CryptoInputStreamTest$ParameterizedEncryptDecryptTest" time="0.003"/>
  <testcase name="encryptDecrypt[2752: encryptDecrypt(algorithm=ALG_AES_256_GCM_IV12_TAG16_HKDF_SHA384_ECDSA_P384, byteSize=30, frameSize=15, readLen=60)]" classname="com.amazonaws.encryptionsdk.CryptoInputStreamTest$ParameterizedEncryptDecryptTest" time="0.002"/>
  <testcase name="encryptDecrypt[2753: encryptDecrypt(algorithm=ALG_AES_256_GCM_IV12_TAG16_HKDF_SHA384_ECDSA_P384, byteSize=30, frameSize=15, readLen=1,000,000)]" classname="com.amazonaws.encryptionsdk.CryptoInputStreamTest$ParameterizedEncryptDecryptTest" time="0.003"/>
  <testcase name="encryptDecrypt[2754: encryptDecrypt(algorithm=ALG_AES_256_GCM_IV12_TAG16_HKDF_SHA384_ECDSA_P384, byteSize=1,000,000, frameSize=15, readLen=1)]" classname="com.amazonaws.encryptionsdk.CryptoInputStreamTest$ParameterizedEncryptDecryptTest" time="0.121"/>
  <testcase name="encryptDecrypt[2755: encryptDecrypt(algorithm=ALG_AES_256_GCM_IV12_TAG16_HKDF_SHA384_ECDSA_P384, byteSize=1,000,000, frameSize=15, readLen=999,999)]" classname="com.amazonaws.encryptionsdk.CryptoInputStreamTest$ParameterizedEncryptDecryptTest" time="0.106"/>
  <testcase name="encryptDecrypt[2756: encryptDecrypt(algorithm=ALG_AES_256_GCM_IV12_TAG16_HKDF_SHA384_ECDSA_P384, byteSize=1,000,000, frameSize=15, readLen=1,000,000)]" classname="com.amazonaws.encryptionsdk.CryptoInputStreamTest$ParameterizedEncryptDecryptTest" time="0.108"/>
  <testcase name="encryptDecrypt[2757: encryptDecrypt(algorithm=ALG_AES_256_GCM_IV12_TAG16_HKDF_SHA384_ECDSA_P384, byteSize=1,000,000, frameSize=15, readLen=1,000,001)]" classname="com.amazonaws.encryptionsdk.CryptoInputStreamTest$ParameterizedEncryptDecryptTest" time="0.105"/>
  <testcase name="encryptDecrypt[2758: encryptDecrypt(algorithm=ALG_AES_256_GCM_IV12_TAG16_HKDF_SHA384_ECDSA_P384, byteSize=1,000,000, frameSize=15, readLen=2,000,000)]" classname="com.amazonaws.encryptionsdk.CryptoInputStreamTest$ParameterizedEncryptDecryptTest" time="0.106"/>
  <testcase name="encryptDecrypt[2759: encryptDecrypt(algorithm=ALG_AES_256_GCM_IV12_TAG16_HKDF_SHA384_ECDSA_P384, byteSize=1,000,000, frameSize=15, readLen=1,000,000)]" classname="com.amazonaws.encryptionsdk.CryptoInputStreamTest$ParameterizedEncryptDecryptTest" time="0.105"/>
  <testcase name="encryptDecrypt[2760: encryptDecrypt(algorithm=ALG_AES_256_GCM_IV12_TAG16_HKDF_SHA384_ECDSA_P384, byteSize=0, frameSize=16, readLen=1)]" classname="com.amazonaws.encryptionsdk.CryptoInputStreamTest$ParameterizedEncryptDecryptTest" time="0.003"/>
  <testcase name="encryptDecrypt[2761: encryptDecrypt(algorithm=ALG_AES_256_GCM_IV12_TAG16_HKDF_SHA384_ECDSA_P384, byteSize=0, frameSize=16, readLen=1)]" classname="com.amazonaws.encryptionsdk.CryptoInputStreamTest$ParameterizedEncryptDecryptTest" time="0.003"/>
  <testcase name="encryptDecrypt[2762: encryptDecrypt(algorithm=ALG_AES_256_GCM_IV12_TAG16_HKDF_SHA384_ECDSA_P384, byteSize=0, frameSize=16, readLen=1,000,000)]" classname="com.amazonaws.encryptionsdk.CryptoInputStreamTest$ParameterizedEncryptDecryptTest" time="0.002"/>
  <testcase name="encryptDecrypt[2763: encryptDecrypt(algorithm=ALG_AES_256_GCM_IV12_TAG16_HKDF_SHA384_ECDSA_P384, byteSize=1, frameSize=16, readLen=1)]" classname="com.amazonaws.encryptionsdk.CryptoInputStreamTest$ParameterizedEncryptDecryptTest" time="0.002"/>
  <testcase name="encryptDecrypt[2764: encryptDecrypt(algorithm=ALG_AES_256_GCM_IV12_TAG16_HKDF_SHA384_ECDSA_P384, byteSize=1, frameSize=16, readLen=1)]" classname="com.amazonaws.encryptionsdk.CryptoInputStreamTest$ParameterizedEncryptDecryptTest" time="0.003"/>
  <testcase name="encryptDecrypt[2765: encryptDecrypt(algorithm=ALG_AES_256_GCM_IV12_TAG16_HKDF_SHA384_ECDSA_P384, byteSize=1, frameSize=16, readLen=2)]" classname="com.amazonaws.encryptionsdk.CryptoInputStreamTest$ParameterizedEncryptDecryptTest" time="0.002"/>
  <testcase name="encryptDecrypt[2766: encryptDecrypt(algorithm=ALG_AES_256_GCM_IV12_TAG16_HKDF_SHA384_ECDSA_P384, byteSize=1, frameSize=16, readLen=2)]" classname="com.amazonaws.encryptionsdk.CryptoInputStreamTest$ParameterizedEncryptDecryptTest" time="0.003"/>
  <testcase name="encryptDecrypt[2767: encryptDecrypt(algorithm=ALG_AES_256_GCM_IV12_TAG16_HKDF_SHA384_ECDSA_P384, byteSize=1, frameSize=16, readLen=1,000,000)]" classname="com.amazonaws.encryptionsdk.CryptoInputStreamTest$ParameterizedEncryptDecryptTest" time="0.002"/>
  <testcase name="encryptDecrypt[2768: encryptDecrypt(algorithm=ALG_AES_256_GCM_IV12_TAG16_HKDF_SHA384_ECDSA_P384, byteSize=15, frameSize=16, readLen=1)]" classname="com.amazonaws.encryptionsdk.CryptoInputStreamTest$ParameterizedEncryptDecryptTest" time="0.003"/>
  <testcase name="encryptDecrypt[2769: encryptDecrypt(algorithm=ALG_AES_256_GCM_IV12_TAG16_HKDF_SHA384_ECDSA_P384, byteSize=15, frameSize=16, readLen=14)]" classname="com.amazonaws.encryptionsdk.CryptoInputStreamTest$ParameterizedEncryptDecryptTest" time="0.002"/>
  <testcase name="encryptDecrypt[2770: encryptDecrypt(algorithm=ALG_AES_256_GCM_IV12_TAG16_HKDF_SHA384_ECDSA_P384, byteSize=15, frameSize=16, readLen=15)]" classname="com.amazonaws.encryptionsdk.CryptoInputStreamTest$ParameterizedEncryptDecryptTest" time="0.003"/>
  <testcase name="encryptDecrypt[2771: encryptDecrypt(algorithm=ALG_AES_256_GCM_IV12_TAG16_HKDF_SHA384_ECDSA_P384, byteSize=15, frameSize=16, readLen=16)]" classname="com.amazonaws.encryptionsdk.CryptoInputStreamTest$ParameterizedEncryptDecryptTest" time="0.002"/>
  <testcase name="encryptDecrypt[2772: encryptDecrypt(algorithm=ALG_AES_256_GCM_IV12_TAG16_HKDF_SHA384_ECDSA_P384, byteSize=15, frameSize=16, readLen=30)]" classname="com.amazonaws.encryptionsdk.CryptoInputStreamTest$ParameterizedEncryptDecryptTest" time="0.003"/>
  <testcase name="encryptDecrypt[2773: encryptDecrypt(algorithm=ALG_AES_256_GCM_IV12_TAG16_HKDF_SHA384_ECDSA_P384, byteSize=15, frameSize=16, readLen=1,000,000)]" classname="com.amazonaws.encryptionsdk.CryptoInputStreamTest$ParameterizedEncryptDecryptTest" time="0.002"/>
  <testcase name="encryptDecrypt[2774: encryptDecrypt(algorithm=ALG_AES_256_GCM_IV12_TAG16_HKDF_SHA384_ECDSA_P384, byteSize=16, frameSize=16, readLen=1)]" classname="com.amazonaws.encryptionsdk.CryptoInputStreamTest$ParameterizedEncryptDecryptTest" time="0.002"/>
  <testcase name="encryptDecrypt[2775: encryptDecrypt(algorithm=ALG_AES_256_GCM_IV12_TAG16_HKDF_SHA384_ECDSA_P384, byteSize=16, frameSize=16, readLen=15)]" classname="com.amazonaws.encryptionsdk.CryptoInputStreamTest$ParameterizedEncryptDecryptTest" time="0.003"/>
  <testcase name="encryptDecrypt[2776: encryptDecrypt(algorithm=ALG_AES_256_GCM_IV12_TAG16_HKDF_SHA384_ECDSA_P384, byteSize=16, frameSize=16, readLen=16)]" classname="com.amazonaws.encryptionsdk.CryptoInputStreamTest$ParameterizedEncryptDecryptTest" time="0.002"/>
  <testcase name="encryptDecrypt[2777: encryptDecrypt(algorithm=ALG_AES_256_GCM_IV12_TAG16_HKDF_SHA384_ECDSA_P384, byteSize=16, frameSize=16, readLen=17)]" classname="com.amazonaws.encryptionsdk.CryptoInputStreamTest$ParameterizedEncryptDecryptTest" time="0.003"/>
  <testcase name="encryptDecrypt[2778: encryptDecrypt(algorithm=ALG_AES_256_GCM_IV12_TAG16_HKDF_SHA384_ECDSA_P384, byteSize=16, frameSize=16, readLen=32)]" classname="com.amazonaws.encryptionsdk.CryptoInputStreamTest$ParameterizedEncryptDecryptTest" time="0.002"/>
  <testcase name="encryptDecrypt[2779: encryptDecrypt(algorithm=ALG_AES_256_GCM_IV12_TAG16_HKDF_SHA384_ECDSA_P384, byteSize=16, frameSize=16, readLen=1,000,000)]" classname="com.amazonaws.encryptionsdk.CryptoInputStreamTest$ParameterizedEncryptDecryptTest" time="0.002"/>
  <testcase name="encryptDecrypt[2780: encryptDecrypt(algorithm=ALG_AES_256_GCM_IV12_TAG16_HKDF_SHA384_ECDSA_P384, byteSize=17, frameSize=16, readLen=1)]" classname="com.amazonaws.encryptionsdk.CryptoInputStreamTest$ParameterizedEncryptDecryptTest" time="0.002"/>
  <testcase name="encryptDecrypt[2781: encryptDecrypt(algorithm=ALG_AES_256_GCM_IV12_TAG16_HKDF_SHA384_ECDSA_P384, byteSize=17, frameSize=16, readLen=16)]" classname="com.amazonaws.encryptionsdk.CryptoInputStreamTest$ParameterizedEncryptDecryptTest" time="0.002"/>
  <testcase name="encryptDecrypt[2782: encryptDecrypt(algorithm=ALG_AES_256_GCM_IV12_TAG16_HKDF_SHA384_ECDSA_P384, byteSize=17, frameSize=16, readLen=17)]" classname="com.amazonaws.encryptionsdk.CryptoInputStreamTest$ParameterizedEncryptDecryptTest" time="0.003"/>
  <testcase name="encryptDecrypt[2783: encryptDecrypt(algorithm=ALG_AES_256_GCM_IV12_TAG16_HKDF_SHA384_ECDSA_P384, byteSize=17, frameSize=16, readLen=18)]" classname="com.amazonaws.encryptionsdk.CryptoInputStreamTest$ParameterizedEncryptDecryptTest" time="0.002"/>
  <testcase name="encryptDecrypt[2784: encryptDecrypt(algorithm=ALG_AES_256_GCM_IV12_TAG16_HKDF_SHA384_ECDSA_P384, byteSize=17, frameSize=16, readLen=34)]" classname="com.amazonaws.encryptionsdk.CryptoInputStreamTest$ParameterizedEncryptDecryptTest" time="0.003"/>
  <testcase name="encryptDecrypt[2785: encryptDecrypt(algorithm=ALG_AES_256_GCM_IV12_TAG16_HKDF_SHA384_ECDSA_P384, byteSize=17, frameSize=16, readLen=1,000,000)]" classname="com.amazonaws.encryptionsdk.CryptoInputStreamTest$ParameterizedEncryptDecryptTest" time="0.002"/>
  <testcase name="encryptDecrypt[2786: encryptDecrypt(algorithm=ALG_AES_256_GCM_IV12_TAG16_HKDF_SHA384_ECDSA_P384, byteSize=24, frameSize=16, readLen=1)]" classname="com.amazonaws.encryptionsdk.CryptoInputStreamTest$ParameterizedEncryptDecryptTest" time="0.003"/>
  <testcase name="encryptDecrypt[2787: encryptDecrypt(algorithm=ALG_AES_256_GCM_IV12_TAG16_HKDF_SHA384_ECDSA_P384, byteSize=24, frameSize=16, readLen=23)]" classname="com.amazonaws.encryptionsdk.CryptoInputStreamTest$ParameterizedEncryptDecryptTest" time="0.002"/>
  <testcase name="encryptDecrypt[2788: encryptDecrypt(algorithm=ALG_AES_256_GCM_IV12_TAG16_HKDF_SHA384_ECDSA_P384, byteSize=24, frameSize=16, readLen=24)]" classname="com.amazonaws.encryptionsdk.CryptoInputStreamTest$ParameterizedEncryptDecryptTest" time="0.003"/>
  <testcase name="encryptDecrypt[2789: encryptDecrypt(algorithm=ALG_AES_256_GCM_IV12_TAG16_HKDF_SHA384_ECDSA_P384, byteSize=24, frameSize=16, readLen=25)]" classname="com.amazonaws.encryptionsdk.CryptoInputStreamTest$ParameterizedEncryptDecryptTest" time="0.002"/>
  <testcase name="encryptDecrypt[2790: encryptDecrypt(algorithm=ALG_AES_256_GCM_IV12_TAG16_HKDF_SHA384_ECDSA_P384, byteSize=24, frameSize=16, readLen=48)]" classname="com.amazonaws.encryptionsdk.CryptoInputStreamTest$ParameterizedEncryptDecryptTest" time="0.003"/>
  <testcase name="encryptDecrypt[2791: encryptDecrypt(algorithm=ALG_AES_256_GCM_IV12_TAG16_HKDF_SHA384_ECDSA_P384, byteSize=24, frameSize=16, readLen=1,000,000)]" classname="com.amazonaws.encryptionsdk.CryptoInputStreamTest$ParameterizedEncryptDecryptTest" time="0.002"/>
  <testcase name="encryptDecrypt[2792: encryptDecrypt(algorithm=ALG_AES_256_GCM_IV12_TAG16_HKDF_SHA384_ECDSA_P384, byteSize=32, frameSize=16, readLen=1)]" classname="com.amazonaws.encryptionsdk.CryptoInputStreamTest$ParameterizedEncryptDecryptTest" time="0.003"/>
  <testcase name="encryptDecrypt[2793: encryptDecrypt(algorithm=ALG_AES_256_GCM_IV12_TAG16_HKDF_SHA384_ECDSA_P384, byteSize=32, frameSize=16, readLen=31)]" classname="com.amazonaws.encryptionsdk.CryptoInputStreamTest$ParameterizedEncryptDecryptTest" time="0.002"/>
  <testcase name="encryptDecrypt[2794: encryptDecrypt(algorithm=ALG_AES_256_GCM_IV12_TAG16_HKDF_SHA384_ECDSA_P384, byteSize=32, frameSize=16, readLen=32)]" classname="com.amazonaws.encryptionsdk.CryptoInputStreamTest$ParameterizedEncryptDecryptTest" time="0.003"/>
  <testcase name="encryptDecrypt[2795: encryptDecrypt(algorithm=ALG_AES_256_GCM_IV12_TAG16_HKDF_SHA384_ECDSA_P384, byteSize=32, frameSize=16, readLen=33)]" classname="com.amazonaws.encryptionsdk.CryptoInputStreamTest$ParameterizedEncryptDecryptTest" time="0.002"/>
  <testcase name="encryptDecrypt[2796: encryptDecrypt(algorithm=ALG_AES_256_GCM_IV12_TAG16_HKDF_SHA384_ECDSA_P384, byteSize=32, frameSize=16, readLen=64)]" classname="com.amazonaws.encryptionsdk.CryptoInputStreamTest$ParameterizedEncryptDecryptTest" time="0.003"/>
  <testcase name="encryptDecrypt[2797: encryptDecrypt(algorithm=ALG_AES_256_GCM_IV12_TAG16_HKDF_SHA384_ECDSA_P384, byteSize=32, frameSize=16, readLen=1,000,000)]" classname="com.amazonaws.encryptionsdk.CryptoInputStreamTest$ParameterizedEncryptDecryptTest" time="0.002"/>
  <testcase name="encryptDecrypt[2798: encryptDecrypt(algorithm=ALG_AES_256_GCM_IV12_TAG16_HKDF_SHA384_ECDSA_P384, byteSize=1,000,000, frameSize=16, readLen=1)]" classname="com.amazonaws.encryptionsdk.CryptoInputStreamTest$ParameterizedEncryptDecryptTest" time="0.113"/>
  <testcase name="encryptDecrypt[2799: encryptDecrypt(algorithm=ALG_AES_256_GCM_IV12_TAG16_HKDF_SHA384_ECDSA_P384, byteSize=1,000,000, frameSize=16, readLen=999,999)]" classname="com.amazonaws.encryptionsdk.CryptoInputStreamTest$ParameterizedEncryptDecryptTest" time="0.099"/>
  <testcase name="encryptDecrypt[2800: encryptDecrypt(algorithm=ALG_AES_256_GCM_IV12_TAG16_HKDF_SHA384_ECDSA_P384, byteSize=1,000,000, frameSize=16, readLen=1,000,000)]" classname="com.amazonaws.encryptionsdk.CryptoInputStreamTest$ParameterizedEncryptDecryptTest" time="0.099"/>
  <testcase name="encryptDecrypt[2801: encryptDecrypt(algorithm=ALG_AES_256_GCM_IV12_TAG16_HKDF_SHA384_ECDSA_P384, byteSize=1,000,000, frameSize=16, readLen=1,000,001)]" classname="com.amazonaws.encryptionsdk.CryptoInputStreamTest$ParameterizedEncryptDecryptTest" time="0.107"/>
  <testcase name="encryptDecrypt[2802: encryptDecrypt(algorithm=ALG_AES_256_GCM_IV12_TAG16_HKDF_SHA384_ECDSA_P384, byteSize=1,000,000, frameSize=16, readLen=2,000,000)]" classname="com.amazonaws.encryptionsdk.CryptoInputStreamTest$ParameterizedEncryptDecryptTest" time="0.105"/>
  <testcase name="encryptDecrypt[2803: encryptDecrypt(algorithm=ALG_AES_256_GCM_IV12_TAG16_HKDF_SHA384_ECDSA_P384, byteSize=1,000,000, frameSize=16, readLen=1,000,000)]" classname="com.amazonaws.encryptionsdk.CryptoInputStreamTest$ParameterizedEncryptDecryptTest" time="0.106"/>
  <testcase name="encryptDecrypt[2804: encryptDecrypt(algorithm=ALG_AES_256_GCM_IV12_TAG16_HKDF_SHA384_ECDSA_P384, byteSize=0, frameSize=17, readLen=1)]" classname="com.amazonaws.encryptionsdk.CryptoInputStreamTest$ParameterizedEncryptDecryptTest" time="0.003"/>
  <testcase name="encryptDecrypt[2805: encryptDecrypt(algorithm=ALG_AES_256_GCM_IV12_TAG16_HKDF_SHA384_ECDSA_P384, byteSize=0, frameSize=17, readLen=1)]" classname="com.amazonaws.encryptionsdk.CryptoInputStreamTest$ParameterizedEncryptDecryptTest" time="0.002"/>
  <testcase name="encryptDecrypt[2806: encryptDecrypt(algorithm=ALG_AES_256_GCM_IV12_TAG16_HKDF_SHA384_ECDSA_P384, byteSize=0, frameSize=17, readLen=1,000,000)]" classname="com.amazonaws.encryptionsdk.CryptoInputStreamTest$ParameterizedEncryptDecryptTest" time="0.003"/>
  <testcase name="encryptDecrypt[2807: encryptDecrypt(algorithm=ALG_AES_256_GCM_IV12_TAG16_HKDF_SHA384_ECDSA_P384, byteSize=1, frameSize=17, readLen=1)]" classname="com.amazonaws.encryptionsdk.CryptoInputStreamTest$ParameterizedEncryptDecryptTest" time="0.003"/>
  <testcase name="encryptDecrypt[2808: encryptDecrypt(algorithm=ALG_AES_256_GCM_IV12_TAG16_HKDF_SHA384_ECDSA_P384, byteSize=1, frameSize=17, readLen=1)]" classname="com.amazonaws.encryptionsdk.CryptoInputStreamTest$ParameterizedEncryptDecryptTest" time="0.002"/>
  <testcase name="encryptDecrypt[2809: encryptDecrypt(algorithm=ALG_AES_256_GCM_IV12_TAG16_HKDF_SHA384_ECDSA_P384, byteSize=1, frameSize=17, readLen=2)]" classname="com.amazonaws.encryptionsdk.CryptoInputStreamTest$ParameterizedEncryptDecryptTest" time="0.003"/>
  <testcase name="encryptDecrypt[2810: encryptDecrypt(algorithm=ALG_AES_256_GCM_IV12_TAG16_HKDF_SHA384_ECDSA_P384, byteSize=1, frameSize=17, readLen=2)]" classname="com.amazonaws.encryptionsdk.CryptoInputStreamTest$ParameterizedEncryptDecryptTest" time="0.003"/>
  <testcase name="encryptDecrypt[2811: encryptDecrypt(algorithm=ALG_AES_256_GCM_IV12_TAG16_HKDF_SHA384_ECDSA_P384, byteSize=1, frameSize=17, readLen=1,000,000)]" classname="com.amazonaws.encryptionsdk.CryptoInputStreamTest$ParameterizedEncryptDecryptTest" time="0.002"/>
  <testcase name="encryptDecrypt[2812: encryptDecrypt(algorithm=ALG_AES_256_GCM_IV12_TAG16_HKDF_SHA384_ECDSA_P384, byteSize=16, frameSize=17, readLen=1)]" classname="com.amazonaws.encryptionsdk.CryptoInputStreamTest$ParameterizedEncryptDecryptTest" time="0.003"/>
  <testcase name="encryptDecrypt[2813: encryptDecrypt(algorithm=ALG_AES_256_GCM_IV12_TAG16_HKDF_SHA384_ECDSA_P384, byteSize=16, frameSize=17, readLen=15)]" classname="com.amazonaws.encryptionsdk.CryptoInputStreamTest$ParameterizedEncryptDecryptTest" time="0.002"/>
  <testcase name="encryptDecrypt[2814: encryptDecrypt(algorithm=ALG_AES_256_GCM_IV12_TAG16_HKDF_SHA384_ECDSA_P384, byteSize=16, frameSize=17, readLen=16)]" classname="com.amazonaws.encryptionsdk.CryptoInputStreamTest$ParameterizedEncryptDecryptTest" time="0.003"/>
  <testcase name="encryptDecrypt[2815: encryptDecrypt(algorithm=ALG_AES_256_GCM_IV12_TAG16_HKDF_SHA384_ECDSA_P384, byteSize=16, frameSize=17, readLen=17)]" classname="com.amazonaws.encryptionsdk.CryptoInputStreamTest$ParameterizedEncryptDecryptTest" time="0.002"/>
  <testcase name="encryptDecrypt[2816: encryptDecrypt(algorithm=ALG_AES_256_GCM_IV12_TAG16_HKDF_SHA384_ECDSA_P384, byteSize=16, frameSize=17, readLen=32)]" classname="com.amazonaws.encryptionsdk.CryptoInputStreamTest$ParameterizedEncryptDecryptTest" time="0.003"/>
  <testcase name="encryptDecrypt[2817: encryptDecrypt(algorithm=ALG_AES_256_GCM_IV12_TAG16_HKDF_SHA384_ECDSA_P384, byteSize=16, frameSize=17, readLen=1,000,000)]" classname="com.amazonaws.encryptionsdk.CryptoInputStreamTest$ParameterizedEncryptDecryptTest" time="0.002"/>
  <testcase name="encryptDecrypt[2818: encryptDecrypt(algorithm=ALG_AES_256_GCM_IV12_TAG16_HKDF_SHA384_ECDSA_P384, byteSize=17, frameSize=17, readLen=1)]" classname="com.amazonaws.encryptionsdk.CryptoInputStreamTest$ParameterizedEncryptDecryptTest" time="0.003"/>
  <testcase name="encryptDecrypt[2819: encryptDecrypt(algorithm=ALG_AES_256_GCM_IV12_TAG16_HKDF_SHA384_ECDSA_P384, byteSize=17, frameSize=17, readLen=16)]" classname="com.amazonaws.encryptionsdk.CryptoInputStreamTest$ParameterizedEncryptDecryptTest" time="0.002"/>
  <testcase name="encryptDecrypt[2820: encryptDecrypt(algorithm=ALG_AES_256_GCM_IV12_TAG16_HKDF_SHA384_ECDSA_P384, byteSize=17, frameSize=17, readLen=17)]" classname="com.amazonaws.encryptionsdk.CryptoInputStreamTest$ParameterizedEncryptDecryptTest" time="0.003"/>
  <testcase name="encryptDecrypt[2821: encryptDecrypt(algorithm=ALG_AES_256_GCM_IV12_TAG16_HKDF_SHA384_ECDSA_P384, byteSize=17, frameSize=17, readLen=18)]" classname="com.amazonaws.encryptionsdk.CryptoInputStreamTest$ParameterizedEncryptDecryptTest" time="0.003"/>
  <testcase name="encryptDecrypt[2822: encryptDecrypt(algorithm=ALG_AES_256_GCM_IV12_TAG16_HKDF_SHA384_ECDSA_P384, byteSize=17, frameSize=17, readLen=34)]" classname="com.amazonaws.encryptionsdk.CryptoInputStreamTest$ParameterizedEncryptDecryptTest" time="0.002"/>
  <testcase name="encryptDecrypt[2823: encryptDecrypt(algorithm=ALG_AES_256_GCM_IV12_TAG16_HKDF_SHA384_ECDSA_P384, byteSize=17, frameSize=17, readLen=1,000,000)]" classname="com.amazonaws.encryptionsdk.CryptoInputStreamTest$ParameterizedEncryptDecryptTest" time="0.003"/>
  <testcase name="encryptDecrypt[2824: encryptDecrypt(algorithm=ALG_AES_256_GCM_IV12_TAG16_HKDF_SHA384_ECDSA_P384, byteSize=18, frameSize=17, readLen=1)]" classname="com.amazonaws.encryptionsdk.CryptoInputStreamTest$ParameterizedEncryptDecryptTest" time="0.002"/>
  <testcase name="encryptDecrypt[2825: encryptDecrypt(algorithm=ALG_AES_256_GCM_IV12_TAG16_HKDF_SHA384_ECDSA_P384, byteSize=18, frameSize=17, readLen=17)]" classname="com.amazonaws.encryptionsdk.CryptoInputStreamTest$ParameterizedEncryptDecryptTest" time="0.003"/>
  <testcase name="encryptDecrypt[2826: encryptDecrypt(algorithm=ALG_AES_256_GCM_IV12_TAG16_HKDF_SHA384_ECDSA_P384, byteSize=18, frameSize=17, readLen=18)]" classname="com.amazonaws.encryptionsdk.CryptoInputStreamTest$ParameterizedEncryptDecryptTest" time="0.002"/>
  <testcase name="encryptDecrypt[2827: encryptDecrypt(algorithm=ALG_AES_256_GCM_IV12_TAG16_HKDF_SHA384_ECDSA_P384, byteSize=18, frameSize=17, readLen=19)]" classname="com.amazonaws.encryptionsdk.CryptoInputStreamTest$ParameterizedEncryptDecryptTest" time="0.002"/>
  <testcase name="encryptDecrypt[2828: encryptDecrypt(algorithm=ALG_AES_256_GCM_IV12_TAG16_HKDF_SHA384_ECDSA_P384, byteSize=18, frameSize=17, readLen=36)]" classname="com.amazonaws.encryptionsdk.CryptoInputStreamTest$ParameterizedEncryptDecryptTest" time="0.003"/>
  <testcase name="encryptDecrypt[2829: encryptDecrypt(algorithm=ALG_AES_256_GCM_IV12_TAG16_HKDF_SHA384_ECDSA_P384, byteSize=18, frameSize=17, readLen=1,000,000)]" classname="com.amazonaws.encryptionsdk.CryptoInputStreamTest$ParameterizedEncryptDecryptTest" time="0.005"/>
  <testcase name="encryptDecrypt[2830: encryptDecrypt(algorithm=ALG_AES_256_GCM_IV12_TAG16_HKDF_SHA384_ECDSA_P384, byteSize=25, frameSize=17, readLen=1)]" classname="com.amazonaws.encryptionsdk.CryptoInputStreamTest$ParameterizedEncryptDecryptTest" time="0.002"/>
  <testcase name="encryptDecrypt[2831: encryptDecrypt(algorithm=ALG_AES_256_GCM_IV12_TAG16_HKDF_SHA384_ECDSA_P384, byteSize=25, frameSize=17, readLen=24)]" classname="com.amazonaws.encryptionsdk.CryptoInputStreamTest$ParameterizedEncryptDecryptTest" time="0.003"/>
  <testcase name="encryptDecrypt[2832: encryptDecrypt(algorithm=ALG_AES_256_GCM_IV12_TAG16_HKDF_SHA384_ECDSA_P384, byteSize=25, frameSize=17, readLen=25)]" classname="com.amazonaws.encryptionsdk.CryptoInputStreamTest$ParameterizedEncryptDecryptTest" time="0.002"/>
  <testcase name="encryptDecrypt[2833: encryptDecrypt(algorithm=ALG_AES_256_GCM_IV12_TAG16_HKDF_SHA384_ECDSA_P384, byteSize=25, frameSize=17, readLen=26)]" classname="com.amazonaws.encryptionsdk.CryptoInputStreamTest$ParameterizedEncryptDecryptTest" time="0.003"/>
  <testcase name="encryptDecrypt[2834: encryptDecrypt(algorithm=ALG_AES_256_GCM_IV12_TAG16_HKDF_SHA384_ECDSA_P384, byteSize=25, frameSize=17, readLen=50)]" classname="com.amazonaws.encryptionsdk.CryptoInputStreamTest$ParameterizedEncryptDecryptTest" time="0.003"/>
  <testcase name="encryptDecrypt[2835: encryptDecrypt(algorithm=ALG_AES_256_GCM_IV12_TAG16_HKDF_SHA384_ECDSA_P384, byteSize=25, frameSize=17, readLen=1,000,000)]" classname="com.amazonaws.encryptionsdk.CryptoInputStreamTest$ParameterizedEncryptDecryptTest" time="0.002"/>
  <testcase name="encryptDecrypt[2836: encryptDecrypt(algorithm=ALG_AES_256_GCM_IV12_TAG16_HKDF_SHA384_ECDSA_P384, byteSize=34, frameSize=17, readLen=1)]" classname="com.amazonaws.encryptionsdk.CryptoInputStreamTest$ParameterizedEncryptDecryptTest" time="0.003"/>
  <testcase name="encryptDecrypt[2837: encryptDecrypt(algorithm=ALG_AES_256_GCM_IV12_TAG16_HKDF_SHA384_ECDSA_P384, byteSize=34, frameSize=17, readLen=33)]" classname="com.amazonaws.encryptionsdk.CryptoInputStreamTest$ParameterizedEncryptDecryptTest" time="0.002"/>
  <testcase name="encryptDecrypt[2838: encryptDecrypt(algorithm=ALG_AES_256_GCM_IV12_TAG16_HKDF_SHA384_ECDSA_P384, byteSize=34, frameSize=17, readLen=34)]" classname="com.amazonaws.encryptionsdk.CryptoInputStreamTest$ParameterizedEncryptDecryptTest" time="0.003"/>
  <testcase name="encryptDecrypt[2839: encryptDecrypt(algorithm=ALG_AES_256_GCM_IV12_TAG16_HKDF_SHA384_ECDSA_P384, byteSize=34, frameSize=17, readLen=35)]" classname="com.amazonaws.encryptionsdk.CryptoInputStreamTest$ParameterizedEncryptDecryptTest" time="0.003"/>
  <testcase name="encryptDecrypt[2840: encryptDecrypt(algorithm=ALG_AES_256_GCM_IV12_TAG16_HKDF_SHA384_ECDSA_P384, byteSize=34, frameSize=17, readLen=68)]" classname="com.amazonaws.encryptionsdk.CryptoInputStreamTest$ParameterizedEncryptDecryptTest" time="0.002"/>
  <testcase name="encryptDecrypt[2841: encryptDecrypt(algorithm=ALG_AES_256_GCM_IV12_TAG16_HKDF_SHA384_ECDSA_P384, byteSize=34, frameSize=17, readLen=1,000,000)]" classname="com.amazonaws.encryptionsdk.CryptoInputStreamTest$ParameterizedEncryptDecryptTest" time="0.003"/>
  <testcase name="encryptDecrypt[2842: encryptDecrypt(algorithm=ALG_AES_256_GCM_IV12_TAG16_HKDF_SHA384_ECDSA_P384, byteSize=1,000,000, frameSize=17, readLen=1)]" classname="com.amazonaws.encryptionsdk.CryptoInputStreamTest$ParameterizedEncryptDecryptTest" time="0.124"/>
  <testcase name="encryptDecrypt[2843: encryptDecrypt(algorithm=ALG_AES_256_GCM_IV12_TAG16_HKDF_SHA384_ECDSA_P384, byteSize=1,000,000, frameSize=17, readLen=999,999)]" classname="com.amazonaws.encryptionsdk.CryptoInputStreamTest$ParameterizedEncryptDecryptTest" time="0.105"/>
  <testcase name="encryptDecrypt[2844: encryptDecrypt(algorithm=ALG_AES_256_GCM_IV12_TAG16_HKDF_SHA384_ECDSA_P384, byteSize=1,000,000, frameSize=17, readLen=1,000,000)]" classname="com.amazonaws.encryptionsdk.CryptoInputStreamTest$ParameterizedEncryptDecryptTest" time="0.104"/>
  <testcase name="encryptDecrypt[2845: encryptDecrypt(algorithm=ALG_AES_256_GCM_IV12_TAG16_HKDF_SHA384_ECDSA_P384, byteSize=1,000,000, frameSize=17, readLen=1,000,001)]" classname="com.amazonaws.encryptionsdk.CryptoInputStreamTest$ParameterizedEncryptDecryptTest" time="0.104"/>
  <testcase name="encryptDecrypt[2846: encryptDecrypt(algorithm=ALG_AES_256_GCM_IV12_TAG16_HKDF_SHA384_ECDSA_P384, byteSize=1,000,000, frameSize=17, readLen=2,000,000)]" classname="com.amazonaws.encryptionsdk.CryptoInputStreamTest$ParameterizedEncryptDecryptTest" time="0.102"/>
  <testcase name="encryptDecrypt[2847: encryptDecrypt(algorithm=ALG_AES_256_GCM_IV12_TAG16_HKDF_SHA384_ECDSA_P384, byteSize=1,000,000, frameSize=17, readLen=1,000,000)]" classname="com.amazonaws.encryptionsdk.CryptoInputStreamTest$ParameterizedEncryptDecryptTest" time="0.105"/>
  <testcase name="encryptDecrypt[2848: encryptDecrypt(algorithm=ALG_AES_256_GCM_IV12_TAG16_HKDF_SHA384_ECDSA_P384, byteSize=0, frameSize=32, readLen=1)]" classname="com.amazonaws.encryptionsdk.CryptoInputStreamTest$ParameterizedEncryptDecryptTest" time="0.003"/>
  <testcase name="encryptDecrypt[2849: encryptDecrypt(algorithm=ALG_AES_256_GCM_IV12_TAG16_HKDF_SHA384_ECDSA_P384, byteSize=0, frameSize=32, readLen=1)]" classname="com.amazonaws.encryptionsdk.CryptoInputStreamTest$ParameterizedEncryptDecryptTest" time="0.002"/>
  <testcase name="encryptDecrypt[2850: encryptDecrypt(algorithm=ALG_AES_256_GCM_IV12_TAG16_HKDF_SHA384_ECDSA_P384, byteSize=0, frameSize=32, readLen=1,000,000)]" classname="com.amazonaws.encryptionsdk.CryptoInputStreamTest$ParameterizedEncryptDecryptTest" time="0.003"/>
  <testcase name="encryptDecrypt[2851: encryptDecrypt(algorithm=ALG_AES_256_GCM_IV12_TAG16_HKDF_SHA384_ECDSA_P384, byteSize=1, frameSize=32, readLen=1)]" classname="com.amazonaws.encryptionsdk.CryptoInputStreamTest$ParameterizedEncryptDecryptTest" time="0.002"/>
  <testcase name="encryptDecrypt[2852: encryptDecrypt(algorithm=ALG_AES_256_GCM_IV12_TAG16_HKDF_SHA384_ECDSA_P384, byteSize=1, frameSize=32, readLen=1)]" classname="com.amazonaws.encryptionsdk.CryptoInputStreamTest$ParameterizedEncryptDecryptTest" time="0.003"/>
  <testcase name="encryptDecrypt[2853: encryptDecrypt(algorithm=ALG_AES_256_GCM_IV12_TAG16_HKDF_SHA384_ECDSA_P384, byteSize=1, frameSize=32, readLen=2)]" classname="com.amazonaws.encryptionsdk.CryptoInputStreamTest$ParameterizedEncryptDecryptTest" time="0.002"/>
  <testcase name="encryptDecrypt[2854: encryptDecrypt(algorithm=ALG_AES_256_GCM_IV12_TAG16_HKDF_SHA384_ECDSA_P384, byteSize=1, frameSize=32, readLen=2)]" classname="com.amazonaws.encryptionsdk.CryptoInputStreamTest$ParameterizedEncryptDecryptTest" time="0.003"/>
  <testcase name="encryptDecrypt[2855: encryptDecrypt(algorithm=ALG_AES_256_GCM_IV12_TAG16_HKDF_SHA384_ECDSA_P384, byteSize=1, frameSize=32, readLen=1,000,000)]" classname="com.amazonaws.encryptionsdk.CryptoInputStreamTest$ParameterizedEncryptDecryptTest" time="0.002"/>
  <testcase name="encryptDecrypt[2856: encryptDecrypt(algorithm=ALG_AES_256_GCM_IV12_TAG16_HKDF_SHA384_ECDSA_P384, byteSize=31, frameSize=32, readLen=1)]" classname="com.amazonaws.encryptionsdk.CryptoInputStreamTest$ParameterizedEncryptDecryptTest" time="0.003"/>
  <testcase name="encryptDecrypt[2857: encryptDecrypt(algorithm=ALG_AES_256_GCM_IV12_TAG16_HKDF_SHA384_ECDSA_P384, byteSize=31, frameSize=32, readLen=30)]" classname="com.amazonaws.encryptionsdk.CryptoInputStreamTest$ParameterizedEncryptDecryptTest" time="0.002"/>
  <testcase name="encryptDecrypt[2858: encryptDecrypt(algorithm=ALG_AES_256_GCM_IV12_TAG16_HKDF_SHA384_ECDSA_P384, byteSize=31, frameSize=32, readLen=31)]" classname="com.amazonaws.encryptionsdk.CryptoInputStreamTest$ParameterizedEncryptDecryptTest" time="0.002"/>
  <testcase name="encryptDecrypt[2859: encryptDecrypt(algorithm=ALG_AES_256_GCM_IV12_TAG16_HKDF_SHA384_ECDSA_P384, byteSize=31, frameSize=32, readLen=32)]" classname="com.amazonaws.encryptionsdk.CryptoInputStreamTest$ParameterizedEncryptDecryptTest" time="0.003"/>
  <testcase name="encryptDecrypt[2860: encryptDecrypt(algorithm=ALG_AES_256_GCM_IV12_TAG16_HKDF_SHA384_ECDSA_P384, byteSize=31, frameSize=32, readLen=62)]" classname="com.amazonaws.encryptionsdk.CryptoInputStreamTest$ParameterizedEncryptDecryptTest" time="0.002"/>
  <testcase name="encryptDecrypt[2861: encryptDecrypt(algorithm=ALG_AES_256_GCM_IV12_TAG16_HKDF_SHA384_ECDSA_P384, byteSize=31, frameSize=32, readLen=1,000,000)]" classname="com.amazonaws.encryptionsdk.CryptoInputStreamTest$ParameterizedEncryptDecryptTest" time="0.003"/>
  <testcase name="encryptDecrypt[2862: encryptDecrypt(algorithm=ALG_AES_256_GCM_IV12_TAG16_HKDF_SHA384_ECDSA_P384, byteSize=32, frameSize=32, readLen=1)]" classname="com.amazonaws.encryptionsdk.CryptoInputStreamTest$ParameterizedEncryptDecryptTest" time="0.002"/>
  <testcase name="encryptDecrypt[2863: encryptDecrypt(algorithm=ALG_AES_256_GCM_IV12_TAG16_HKDF_SHA384_ECDSA_P384, byteSize=32, frameSize=32, readLen=31)]" classname="com.amazonaws.encryptionsdk.CryptoInputStreamTest$ParameterizedEncryptDecryptTest" time="0.003"/>
  <testcase name="encryptDecrypt[2864: encryptDecrypt(algorithm=ALG_AES_256_GCM_IV12_TAG16_HKDF_SHA384_ECDSA_P384, byteSize=32, frameSize=32, readLen=32)]" classname="com.amazonaws.encryptionsdk.CryptoInputStreamTest$ParameterizedEncryptDecryptTest" time="0.002"/>
  <testcase name="encryptDecrypt[2865: encryptDecrypt(algorithm=ALG_AES_256_GCM_IV12_TAG16_HKDF_SHA384_ECDSA_P384, byteSize=32, frameSize=32, readLen=33)]" classname="com.amazonaws.encryptionsdk.CryptoInputStreamTest$ParameterizedEncryptDecryptTest" time="0.003"/>
  <testcase name="encryptDecrypt[2866: encryptDecrypt(algorithm=ALG_AES_256_GCM_IV12_TAG16_HKDF_SHA384_ECDSA_P384, byteSize=32, frameSize=32, readLen=64)]" classname="com.amazonaws.encryptionsdk.CryptoInputStreamTest$ParameterizedEncryptDecryptTest" time="0.002"/>
  <testcase name="encryptDecrypt[2867: encryptDecrypt(algorithm=ALG_AES_256_GCM_IV12_TAG16_HKDF_SHA384_ECDSA_P384, byteSize=32, frameSize=32, readLen=1,000,000)]" classname="com.amazonaws.encryptionsdk.CryptoInputStreamTest$ParameterizedEncryptDecryptTest" time="0.003"/>
  <testcase name="encryptDecrypt[2868: encryptDecrypt(algorithm=ALG_AES_256_GCM_IV12_TAG16_HKDF_SHA384_ECDSA_P384, byteSize=33, frameSize=32, readLen=1)]" classname="com.amazonaws.encryptionsdk.CryptoInputStreamTest$ParameterizedEncryptDecryptTest" time="0.002"/>
  <testcase name="encryptDecrypt[2869: encryptDecrypt(algorithm=ALG_AES_256_GCM_IV12_TAG16_HKDF_SHA384_ECDSA_P384, byteSize=33, frameSize=32, readLen=32)]" classname="com.amazonaws.encryptionsdk.CryptoInputStreamTest$ParameterizedEncryptDecryptTest" time="0.003"/>
  <testcase name="encryptDecrypt[2870: encryptDecrypt(algorithm=ALG_AES_256_GCM_IV12_TAG16_HKDF_SHA384_ECDSA_P384, byteSize=33, frameSize=32, readLen=33)]" classname="com.amazonaws.encryptionsdk.CryptoInputStreamTest$ParameterizedEncryptDecryptTest" time="0.002"/>
  <testcase name="encryptDecrypt[2871: encryptDecrypt(algorithm=ALG_AES_256_GCM_IV12_TAG16_HKDF_SHA384_ECDSA_P384, byteSize=33, frameSize=32, readLen=34)]" classname="com.amazonaws.encryptionsdk.CryptoInputStreamTest$ParameterizedEncryptDecryptTest" time="0.003"/>
  <testcase name="encryptDecrypt[2872: encryptDecrypt(algorithm=ALG_AES_256_GCM_IV12_TAG16_HKDF_SHA384_ECDSA_P384, byteSize=33, frameSize=32, readLen=66)]" classname="com.amazonaws.encryptionsdk.CryptoInputStreamTest$ParameterizedEncryptDecryptTest" time="0.002"/>
  <testcase name="encryptDecrypt[2873: encryptDecrypt(algorithm=ALG_AES_256_GCM_IV12_TAG16_HKDF_SHA384_ECDSA_P384, byteSize=33, frameSize=32, readLen=1,000,000)]" classname="com.amazonaws.encryptionsdk.CryptoInputStreamTest$ParameterizedEncryptDecryptTest" time="0.002"/>
  <testcase name="encryptDecrypt[2874: encryptDecrypt(algorithm=ALG_AES_256_GCM_IV12_TAG16_HKDF_SHA384_ECDSA_P384, byteSize=48, frameSize=32, readLen=1)]" classname="com.amazonaws.encryptionsdk.CryptoInputStreamTest$ParameterizedEncryptDecryptTest" time="0.003"/>
  <testcase name="encryptDecrypt[2875: encryptDecrypt(algorithm=ALG_AES_256_GCM_IV12_TAG16_HKDF_SHA384_ECDSA_P384, byteSize=48, frameSize=32, readLen=47)]" classname="com.amazonaws.encryptionsdk.CryptoInputStreamTest$ParameterizedEncryptDecryptTest" time="0.002"/>
  <testcase name="encryptDecrypt[2876: encryptDecrypt(algorithm=ALG_AES_256_GCM_IV12_TAG16_HKDF_SHA384_ECDSA_P384, byteSize=48, frameSize=32, readLen=48)]" classname="com.amazonaws.encryptionsdk.CryptoInputStreamTest$ParameterizedEncryptDecryptTest" time="0.003"/>
  <testcase name="encryptDecrypt[2877: encryptDecrypt(algorithm=ALG_AES_256_GCM_IV12_TAG16_HKDF_SHA384_ECDSA_P384, byteSize=48, frameSize=32, readLen=49)]" classname="com.amazonaws.encryptionsdk.CryptoInputStreamTest$ParameterizedEncryptDecryptTest" time="0.002"/>
  <testcase name="encryptDecrypt[2878: encryptDecrypt(algorithm=ALG_AES_256_GCM_IV12_TAG16_HKDF_SHA384_ECDSA_P384, byteSize=48, frameSize=32, readLen=96)]" classname="com.amazonaws.encryptionsdk.CryptoInputStreamTest$ParameterizedEncryptDecryptTest" time="0.003"/>
  <testcase name="encryptDecrypt[2879: encryptDecrypt(algorithm=ALG_AES_256_GCM_IV12_TAG16_HKDF_SHA384_ECDSA_P384, byteSize=48, frameSize=32, readLen=1,000,000)]" classname="com.amazonaws.encryptionsdk.CryptoInputStreamTest$ParameterizedEncryptDecryptTest" time="0.002"/>
  <testcase name="encryptDecrypt[2880: encryptDecrypt(algorithm=ALG_AES_256_GCM_IV12_TAG16_HKDF_SHA384_ECDSA_P384, byteSize=64, frameSize=32, readLen=1)]" classname="com.amazonaws.encryptionsdk.CryptoInputStreamTest$ParameterizedEncryptDecryptTest" time="0.003"/>
  <testcase name="encryptDecrypt[2881: encryptDecrypt(algorithm=ALG_AES_256_GCM_IV12_TAG16_HKDF_SHA384_ECDSA_P384, byteSize=64, frameSize=32, readLen=63)]" classname="com.amazonaws.encryptionsdk.CryptoInputStreamTest$ParameterizedEncryptDecryptTest" time="0.002"/>
  <testcase name="encryptDecrypt[2882: encryptDecrypt(algorithm=ALG_AES_256_GCM_IV12_TAG16_HKDF_SHA384_ECDSA_P384, byteSize=64, frameSize=32, readLen=64)]" classname="com.amazonaws.encryptionsdk.CryptoInputStreamTest$ParameterizedEncryptDecryptTest" time="0.003"/>
  <testcase name="encryptDecrypt[2883: encryptDecrypt(algorithm=ALG_AES_256_GCM_IV12_TAG16_HKDF_SHA384_ECDSA_P384, byteSize=64, frameSize=32, readLen=65)]" classname="com.amazonaws.encryptionsdk.CryptoInputStreamTest$ParameterizedEncryptDecryptTest" time="0.002"/>
  <testcase name="encryptDecrypt[2884: encryptDecrypt(algorithm=ALG_AES_256_GCM_IV12_TAG16_HKDF_SHA384_ECDSA_P384, byteSize=64, frameSize=32, readLen=128)]" classname="com.amazonaws.encryptionsdk.CryptoInputStreamTest$ParameterizedEncryptDecryptTest" time="0.003"/>
  <testcase name="encryptDecrypt[2885: encryptDecrypt(algorithm=ALG_AES_256_GCM_IV12_TAG16_HKDF_SHA384_ECDSA_P384, byteSize=64, frameSize=32, readLen=1,000,000)]" classname="com.amazonaws.encryptionsdk.CryptoInputStreamTest$ParameterizedEncryptDecryptTest" time="0.002"/>
  <testcase name="encryptDecrypt[2886: encryptDecrypt(algorithm=ALG_AES_256_GCM_IV12_TAG16_HKDF_SHA384_ECDSA_P384, byteSize=1,000,000, frameSize=32, readLen=1)]" classname="com.amazonaws.encryptionsdk.CryptoInputStreamTest$ParameterizedEncryptDecryptTest" time="0.078"/>
  <testcase name="encryptDecrypt[2887: encryptDecrypt(algorithm=ALG_AES_256_GCM_IV12_TAG16_HKDF_SHA384_ECDSA_P384, byteSize=1,000,000, frameSize=32, readLen=999,999)]" classname="com.amazonaws.encryptionsdk.CryptoInputStreamTest$ParameterizedEncryptDecryptTest" time="0.061"/>
  <testcase name="encryptDecrypt[2888: encryptDecrypt(algorithm=ALG_AES_256_GCM_IV12_TAG16_HKDF_SHA384_ECDSA_P384, byteSize=1,000,000, frameSize=32, readLen=1,000,000)]" classname="com.amazonaws.encryptionsdk.CryptoInputStreamTest$ParameterizedEncryptDecryptTest" time="0.059"/>
  <testcase name="encryptDecrypt[2889: encryptDecrypt(algorithm=ALG_AES_256_GCM_IV12_TAG16_HKDF_SHA384_ECDSA_P384, byteSize=1,000,000, frameSize=32, readLen=1,000,001)]" classname="com.amazonaws.encryptionsdk.CryptoInputStreamTest$ParameterizedEncryptDecryptTest" time="0.061"/>
  <testcase name="encryptDecrypt[2890: encryptDecrypt(algorithm=ALG_AES_256_GCM_IV12_TAG16_HKDF_SHA384_ECDSA_P384, byteSize=1,000,000, frameSize=32, readLen=2,000,000)]" classname="com.amazonaws.encryptionsdk.CryptoInputStreamTest$ParameterizedEncryptDecryptTest" time="0.059"/>
  <testcase name="encryptDecrypt[2891: encryptDecrypt(algorithm=ALG_AES_256_GCM_IV12_TAG16_HKDF_SHA384_ECDSA_P384, byteSize=1,000,000, frameSize=32, readLen=1,000,000)]" classname="com.amazonaws.encryptionsdk.CryptoInputStreamTest$ParameterizedEncryptDecryptTest" time="0.06"/>
  <testcase name="encryptDecrypt[2892: encryptDecrypt(algorithm=ALG_AES_256_GCM_IV12_TAG16_HKDF_SHA384_ECDSA_P384, byteSize=0, frameSize=160, readLen=1)]" classname="com.amazonaws.encryptionsdk.CryptoInputStreamTest$ParameterizedEncryptDecryptTest" time="0.002"/>
  <testcase name="encryptDecrypt[2893: encryptDecrypt(algorithm=ALG_AES_256_GCM_IV12_TAG16_HKDF_SHA384_ECDSA_P384, byteSize=0, frameSize=160, readLen=1)]" classname="com.amazonaws.encryptionsdk.CryptoInputStreamTest$ParameterizedEncryptDecryptTest" time="0.002"/>
  <testcase name="encryptDecrypt[2894: encryptDecrypt(algorithm=ALG_AES_256_GCM_IV12_TAG16_HKDF_SHA384_ECDSA_P384, byteSize=0, frameSize=160, readLen=1,000,000)]" classname="com.amazonaws.encryptionsdk.CryptoInputStreamTest$ParameterizedEncryptDecryptTest" time="0.002"/>
  <testcase name="encryptDecrypt[2895: encryptDecrypt(algorithm=ALG_AES_256_GCM_IV12_TAG16_HKDF_SHA384_ECDSA_P384, byteSize=1, frameSize=160, readLen=1)]" classname="com.amazonaws.encryptionsdk.CryptoInputStreamTest$ParameterizedEncryptDecryptTest" time="0.003"/>
  <testcase name="encryptDecrypt[2896: encryptDecrypt(algorithm=ALG_AES_256_GCM_IV12_TAG16_HKDF_SHA384_ECDSA_P384, byteSize=1, frameSize=160, readLen=1)]" classname="com.amazonaws.encryptionsdk.CryptoInputStreamTest$ParameterizedEncryptDecryptTest" time="0.002"/>
  <testcase name="encryptDecrypt[2897: encryptDecrypt(algorithm=ALG_AES_256_GCM_IV12_TAG16_HKDF_SHA384_ECDSA_P384, byteSize=1, frameSize=160, readLen=2)]" classname="com.amazonaws.encryptionsdk.CryptoInputStreamTest$ParameterizedEncryptDecryptTest" time="0.003"/>
  <testcase name="encryptDecrypt[2898: encryptDecrypt(algorithm=ALG_AES_256_GCM_IV12_TAG16_HKDF_SHA384_ECDSA_P384, byteSize=1, frameSize=160, readLen=2)]" classname="com.amazonaws.encryptionsdk.CryptoInputStreamTest$ParameterizedEncryptDecryptTest" time="0.002"/>
  <testcase name="encryptDecrypt[2899: encryptDecrypt(algorithm=ALG_AES_256_GCM_IV12_TAG16_HKDF_SHA384_ECDSA_P384, byteSize=1, frameSize=160, readLen=1,000,000)]" classname="com.amazonaws.encryptionsdk.CryptoInputStreamTest$ParameterizedEncryptDecryptTest" time="0.003"/>
  <testcase name="encryptDecrypt[2900: encryptDecrypt(algorithm=ALG_AES_256_GCM_IV12_TAG16_HKDF_SHA384_ECDSA_P384, byteSize=159, frameSize=160, readLen=1)]" classname="com.amazonaws.encryptionsdk.CryptoInputStreamTest$ParameterizedEncryptDecryptTest" time="0.002"/>
  <testcase name="encryptDecrypt[2901: encryptDecrypt(algorithm=ALG_AES_256_GCM_IV12_TAG16_HKDF_SHA384_ECDSA_P384, byteSize=159, frameSize=160, readLen=158)]" classname="com.amazonaws.encryptionsdk.CryptoInputStreamTest$ParameterizedEncryptDecryptTest" time="0.003"/>
  <testcase name="encryptDecrypt[2902: encryptDecrypt(algorithm=ALG_AES_256_GCM_IV12_TAG16_HKDF_SHA384_ECDSA_P384, byteSize=159, frameSize=160, readLen=159)]" classname="com.amazonaws.encryptionsdk.CryptoInputStreamTest$ParameterizedEncryptDecryptTest" time="0.002"/>
  <testcase name="encryptDecrypt[2903: encryptDecrypt(algorithm=ALG_AES_256_GCM_IV12_TAG16_HKDF_SHA384_ECDSA_P384, byteSize=159, frameSize=160, readLen=160)]" classname="com.amazonaws.encryptionsdk.CryptoInputStreamTest$ParameterizedEncryptDecryptTest" time="0.002"/>
  <testcase name="encryptDecrypt[2904: encryptDecrypt(algorithm=ALG_AES_256_GCM_IV12_TAG16_HKDF_SHA384_ECDSA_P384, byteSize=159, frameSize=160, readLen=318)]" classname="com.amazonaws.encryptionsdk.CryptoInputStreamTest$ParameterizedEncryptDecryptTest" time="0.003"/>
  <testcase name="encryptDecrypt[2905: encryptDecrypt(algorithm=ALG_AES_256_GCM_IV12_TAG16_HKDF_SHA384_ECDSA_P384, byteSize=159, frameSize=160, readLen=1,000,000)]" classname="com.amazonaws.encryptionsdk.CryptoInputStreamTest$ParameterizedEncryptDecryptTest" time="0.002"/>
  <testcase name="encryptDecrypt[2906: encryptDecrypt(algorithm=ALG_AES_256_GCM_IV12_TAG16_HKDF_SHA384_ECDSA_P384, byteSize=160, frameSize=160, readLen=1)]" classname="com.amazonaws.encryptionsdk.CryptoInputStreamTest$ParameterizedEncryptDecryptTest" time="0.003"/>
  <testcase name="encryptDecrypt[2907: encryptDecrypt(algorithm=ALG_AES_256_GCM_IV12_TAG16_HKDF_SHA384_ECDSA_P384, byteSize=160, frameSize=160, readLen=159)]" classname="com.amazonaws.encryptionsdk.CryptoInputStreamTest$ParameterizedEncryptDecryptTest" time="0.002"/>
  <testcase name="encryptDecrypt[2908: encryptDecrypt(algorithm=ALG_AES_256_GCM_IV12_TAG16_HKDF_SHA384_ECDSA_P384, byteSize=160, frameSize=160, readLen=160)]" classname="com.amazonaws.encryptionsdk.CryptoInputStreamTest$ParameterizedEncryptDecryptTest" time="0.003"/>
  <testcase name="encryptDecrypt[2909: encryptDecrypt(algorithm=ALG_AES_256_GCM_IV12_TAG16_HKDF_SHA384_ECDSA_P384, byteSize=160, frameSize=160, readLen=161)]" classname="com.amazonaws.encryptionsdk.CryptoInputStreamTest$ParameterizedEncryptDecryptTest" time="0.002"/>
  <testcase name="encryptDecrypt[2910: encryptDecrypt(algorithm=ALG_AES_256_GCM_IV12_TAG16_HKDF_SHA384_ECDSA_P384, byteSize=160, frameSize=160, readLen=320)]" classname="com.amazonaws.encryptionsdk.CryptoInputStreamTest$ParameterizedEncryptDecryptTest" time="0.003"/>
  <testcase name="encryptDecrypt[2911: encryptDecrypt(algorithm=ALG_AES_256_GCM_IV12_TAG16_HKDF_SHA384_ECDSA_P384, byteSize=160, frameSize=160, readLen=1,000,000)]" classname="com.amazonaws.encryptionsdk.CryptoInputStreamTest$ParameterizedEncryptDecryptTest" time="0.002"/>
  <testcase name="encryptDecrypt[2912: encryptDecrypt(algorithm=ALG_AES_256_GCM_IV12_TAG16_HKDF_SHA384_ECDSA_P384, byteSize=161, frameSize=160, readLen=1)]" classname="com.amazonaws.encryptionsdk.CryptoInputStreamTest$ParameterizedEncryptDecryptTest" time="0.003"/>
  <testcase name="encryptDecrypt[2913: encryptDecrypt(algorithm=ALG_AES_256_GCM_IV12_TAG16_HKDF_SHA384_ECDSA_P384, byteSize=161, frameSize=160, readLen=160)]" classname="com.amazonaws.encryptionsdk.CryptoInputStreamTest$ParameterizedEncryptDecryptTest" time="0.002"/>
  <testcase name="encryptDecrypt[2914: encryptDecrypt(algorithm=ALG_AES_256_GCM_IV12_TAG16_HKDF_SHA384_ECDSA_P384, byteSize=161, frameSize=160, readLen=161)]" classname="com.amazonaws.encryptionsdk.CryptoInputStreamTest$ParameterizedEncryptDecryptTest" time="0.003"/>
  <testcase name="encryptDecrypt[2915: encryptDecrypt(algorithm=ALG_AES_256_GCM_IV12_TAG16_HKDF_SHA384_ECDSA_P384, byteSize=161, frameSize=160, readLen=162)]" classname="com.amazonaws.encryptionsdk.CryptoInputStreamTest$ParameterizedEncryptDecryptTest" time="0.002"/>
  <testcase name="encryptDecrypt[2916: encryptDecrypt(algorithm=ALG_AES_256_GCM_IV12_TAG16_HKDF_SHA384_ECDSA_P384, byteSize=161, frameSize=160, readLen=322)]" classname="com.amazonaws.encryptionsdk.CryptoInputStreamTest$ParameterizedEncryptDecryptTest" time="0.003"/>
  <testcase name="encryptDecrypt[2917: encryptDecrypt(algorithm=ALG_AES_256_GCM_IV12_TAG16_HKDF_SHA384_ECDSA_P384, byteSize=161, frameSize=160, readLen=1,000,000)]" classname="com.amazonaws.encryptionsdk.CryptoInputStreamTest$ParameterizedEncryptDecryptTest" time="0.002"/>
  <testcase name="encryptDecrypt[2918: encryptDecrypt(algorithm=ALG_AES_256_GCM_IV12_TAG16_HKDF_SHA384_ECDSA_P384, byteSize=240, frameSize=160, readLen=1)]" classname="com.amazonaws.encryptionsdk.CryptoInputStreamTest$ParameterizedEncryptDecryptTest" time="0.003"/>
  <testcase name="encryptDecrypt[2919: encryptDecrypt(algorithm=ALG_AES_256_GCM_IV12_TAG16_HKDF_SHA384_ECDSA_P384, byteSize=240, frameSize=160, readLen=239)]" classname="com.amazonaws.encryptionsdk.CryptoInputStreamTest$ParameterizedEncryptDecryptTest" time="0.002"/>
  <testcase name="encryptDecrypt[2920: encryptDecrypt(algorithm=ALG_AES_256_GCM_IV12_TAG16_HKDF_SHA384_ECDSA_P384, byteSize=240, frameSize=160, readLen=240)]" classname="com.amazonaws.encryptionsdk.CryptoInputStreamTest$ParameterizedEncryptDecryptTest" time="0.003"/>
  <testcase name="encryptDecrypt[2921: encryptDecrypt(algorithm=ALG_AES_256_GCM_IV12_TAG16_HKDF_SHA384_ECDSA_P384, byteSize=240, frameSize=160, readLen=241)]" classname="com.amazonaws.encryptionsdk.CryptoInputStreamTest$ParameterizedEncryptDecryptTest" time="0.002"/>
  <testcase name="encryptDecrypt[2922: encryptDecrypt(algorithm=ALG_AES_256_GCM_IV12_TAG16_HKDF_SHA384_ECDSA_P384, byteSize=240, frameSize=160, readLen=480)]" classname="com.amazonaws.encryptionsdk.CryptoInputStreamTest$ParameterizedEncryptDecryptTest" time="0.003"/>
  <testcase name="encryptDecrypt[2923: encryptDecrypt(algorithm=ALG_AES_256_GCM_IV12_TAG16_HKDF_SHA384_ECDSA_P384, byteSize=240, frameSize=160, readLen=1,000,000)]" classname="com.amazonaws.encryptionsdk.CryptoInputStreamTest$ParameterizedEncryptDecryptTest" time="0.005"/>
  <testcase name="encryptDecrypt[2924: encryptDecrypt(algorithm=ALG_AES_256_GCM_IV12_TAG16_HKDF_SHA384_ECDSA_P384, byteSize=320, frameSize=160, readLen=1)]" classname="com.amazonaws.encryptionsdk.CryptoInputStreamTest$ParameterizedEncryptDecryptTest" time="0.002"/>
  <testcase name="encryptDecrypt[2925: encryptDecrypt(algorithm=ALG_AES_256_GCM_IV12_TAG16_HKDF_SHA384_ECDSA_P384, byteSize=320, frameSize=160, readLen=319)]" classname="com.amazonaws.encryptionsdk.CryptoInputStreamTest$ParameterizedEncryptDecryptTest" time="0.002"/>
  <testcase name="encryptDecrypt[2926: encryptDecrypt(algorithm=ALG_AES_256_GCM_IV12_TAG16_HKDF_SHA384_ECDSA_P384, byteSize=320, frameSize=160, readLen=320)]" classname="com.amazonaws.encryptionsdk.CryptoInputStreamTest$ParameterizedEncryptDecryptTest" time="0.003"/>
  <testcase name="encryptDecrypt[2927: encryptDecrypt(algorithm=ALG_AES_256_GCM_IV12_TAG16_HKDF_SHA384_ECDSA_P384, byteSize=320, frameSize=160, readLen=321)]" classname="com.amazonaws.encryptionsdk.CryptoInputStreamTest$ParameterizedEncryptDecryptTest" time="0.002"/>
  <testcase name="encryptDecrypt[2928: encryptDecrypt(algorithm=ALG_AES_256_GCM_IV12_TAG16_HKDF_SHA384_ECDSA_P384, byteSize=320, frameSize=160, readLen=640)]" classname="com.amazonaws.encryptionsdk.CryptoInputStreamTest$ParameterizedEncryptDecryptTest" time="0.003"/>
  <testcase name="encryptDecrypt[2929: encryptDecrypt(algorithm=ALG_AES_256_GCM_IV12_TAG16_HKDF_SHA384_ECDSA_P384, byteSize=320, frameSize=160, readLen=1,000,000)]" classname="com.amazonaws.encryptionsdk.CryptoInputStreamTest$ParameterizedEncryptDecryptTest" time="0.002"/>
  <testcase name="encryptDecrypt[2930: encryptDecrypt(algorithm=ALG_AES_256_GCM_IV12_TAG16_HKDF_SHA384_ECDSA_P384, byteSize=1,000,000, frameSize=160, readLen=1)]" classname="com.amazonaws.encryptionsdk.CryptoInputStreamTest$ParameterizedEncryptDecryptTest" time="0.043"/>
  <testcase name="encryptDecrypt[2931: encryptDecrypt(algorithm=ALG_AES_256_GCM_IV12_TAG16_HKDF_SHA384_ECDSA_P384, byteSize=1,000,000, frameSize=160, readLen=999,999)]" classname="com.amazonaws.encryptionsdk.CryptoInputStreamTest$ParameterizedEncryptDecryptTest" time="0.027"/>
  <testcase name="encryptDecrypt[2932: encryptDecrypt(algorithm=ALG_AES_256_GCM_IV12_TAG16_HKDF_SHA384_ECDSA_P384, byteSize=1,000,000, frameSize=160, readLen=1,000,000)]" classname="com.amazonaws.encryptionsdk.CryptoInputStreamTest$ParameterizedEncryptDecryptTest" time="0.026"/>
  <testcase name="encryptDecrypt[2933: encryptDecrypt(algorithm=ALG_AES_256_GCM_IV12_TAG16_HKDF_SHA384_ECDSA_P384, byteSize=1,000,000, frameSize=160, readLen=1,000,001)]" classname="com.amazonaws.encryptionsdk.CryptoInputStreamTest$ParameterizedEncryptDecryptTest" time="0.027"/>
  <testcase name="encryptDecrypt[2934: encryptDecrypt(algorithm=ALG_AES_256_GCM_IV12_TAG16_HKDF_SHA384_ECDSA_P384, byteSize=1,000,000, frameSize=160, readLen=2,000,000)]" classname="com.amazonaws.encryptionsdk.CryptoInputStreamTest$ParameterizedEncryptDecryptTest" time="0.026"/>
  <testcase name="encryptDecrypt[2935: encryptDecrypt(algorithm=ALG_AES_256_GCM_IV12_TAG16_HKDF_SHA384_ECDSA_P384, byteSize=1,000,000, frameSize=160, readLen=1,000,000)]" classname="com.amazonaws.encryptionsdk.CryptoInputStreamTest$ParameterizedEncryptDecryptTest" time="0.027"/>
  <testcase name="encryptDecrypt[2936: encryptDecrypt(algorithm=ALG_AES_256_GCM_IV12_TAG16_HKDF_SHA384_ECDSA_P384, byteSize=0, frameSize=161, readLen=1)]" classname="com.amazonaws.encryptionsdk.CryptoInputStreamTest$ParameterizedEncryptDecryptTest" time="0.002"/>
  <testcase name="encryptDecrypt[2937: encryptDecrypt(algorithm=ALG_AES_256_GCM_IV12_TAG16_HKDF_SHA384_ECDSA_P384, byteSize=0, frameSize=161, readLen=1)]" classname="com.amazonaws.encryptionsdk.CryptoInputStreamTest$ParameterizedEncryptDecryptTest" time="0.003"/>
  <testcase name="encryptDecrypt[2938: encryptDecrypt(algorithm=ALG_AES_256_GCM_IV12_TAG16_HKDF_SHA384_ECDSA_P384, byteSize=0, frameSize=161, readLen=1,000,000)]" classname="com.amazonaws.encryptionsdk.CryptoInputStreamTest$ParameterizedEncryptDecryptTest" time="0.002"/>
  <testcase name="encryptDecrypt[2939: encryptDecrypt(algorithm=ALG_AES_256_GCM_IV12_TAG16_HKDF_SHA384_ECDSA_P384, byteSize=1, frameSize=161, readLen=1)]" classname="com.amazonaws.encryptionsdk.CryptoInputStreamTest$ParameterizedEncryptDecryptTest" time="0.003"/>
  <testcase name="encryptDecrypt[2940: encryptDecrypt(algorithm=ALG_AES_256_GCM_IV12_TAG16_HKDF_SHA384_ECDSA_P384, byteSize=1, frameSize=161, readLen=1)]" classname="com.amazonaws.encryptionsdk.CryptoInputStreamTest$ParameterizedEncryptDecryptTest" time="0.002"/>
  <testcase name="encryptDecrypt[2941: encryptDecrypt(algorithm=ALG_AES_256_GCM_IV12_TAG16_HKDF_SHA384_ECDSA_P384, byteSize=1, frameSize=161, readLen=2)]" classname="com.amazonaws.encryptionsdk.CryptoInputStreamTest$ParameterizedEncryptDecryptTest" time="0.003"/>
  <testcase name="encryptDecrypt[2942: encryptDecrypt(algorithm=ALG_AES_256_GCM_IV12_TAG16_HKDF_SHA384_ECDSA_P384, byteSize=1, frameSize=161, readLen=2)]" classname="com.amazonaws.encryptionsdk.CryptoInputStreamTest$ParameterizedEncryptDecryptTest" time="0.002"/>
  <testcase name="encryptDecrypt[2943: encryptDecrypt(algorithm=ALG_AES_256_GCM_IV12_TAG16_HKDF_SHA384_ECDSA_P384, byteSize=1, frameSize=161, readLen=1,000,000)]" classname="com.amazonaws.encryptionsdk.CryptoInputStreamTest$ParameterizedEncryptDecryptTest" time="0.003"/>
  <testcase name="encryptDecrypt[2944: encryptDecrypt(algorithm=ALG_AES_256_GCM_IV12_TAG16_HKDF_SHA384_ECDSA_P384, byteSize=160, frameSize=161, readLen=1)]" classname="com.amazonaws.encryptionsdk.CryptoInputStreamTest$ParameterizedEncryptDecryptTest" time="0.002"/>
  <testcase name="encryptDecrypt[2945: encryptDecrypt(algorithm=ALG_AES_256_GCM_IV12_TAG16_HKDF_SHA384_ECDSA_P384, byteSize=160, frameSize=161, readLen=159)]" classname="com.amazonaws.encryptionsdk.CryptoInputStreamTest$ParameterizedEncryptDecryptTest" time="0.003"/>
  <testcase name="encryptDecrypt[2946: encryptDecrypt(algorithm=ALG_AES_256_GCM_IV12_TAG16_HKDF_SHA384_ECDSA_P384, byteSize=160, frameSize=161, readLen=160)]" classname="com.amazonaws.encryptionsdk.CryptoInputStreamTest$ParameterizedEncryptDecryptTest" time="0.002"/>
  <testcase name="encryptDecrypt[2947: encryptDecrypt(algorithm=ALG_AES_256_GCM_IV12_TAG16_HKDF_SHA384_ECDSA_P384, byteSize=160, frameSize=161, readLen=161)]" classname="com.amazonaws.encryptionsdk.CryptoInputStreamTest$ParameterizedEncryptDecryptTest" time="0.002"/>
  <testcase name="encryptDecrypt[2948: encryptDecrypt(algorithm=ALG_AES_256_GCM_IV12_TAG16_HKDF_SHA384_ECDSA_P384, byteSize=160, frameSize=161, readLen=320)]" classname="com.amazonaws.encryptionsdk.CryptoInputStreamTest$ParameterizedEncryptDecryptTest" time="0.002"/>
  <testcase name="encryptDecrypt[2949: encryptDecrypt(algorithm=ALG_AES_256_GCM_IV12_TAG16_HKDF_SHA384_ECDSA_P384, byteSize=160, frameSize=161, readLen=1,000,000)]" classname="com.amazonaws.encryptionsdk.CryptoInputStreamTest$ParameterizedEncryptDecryptTest" time="0.002"/>
  <testcase name="encryptDecrypt[2950: encryptDecrypt(algorithm=ALG_AES_256_GCM_IV12_TAG16_HKDF_SHA384_ECDSA_P384, byteSize=161, frameSize=161, readLen=1)]" classname="com.amazonaws.encryptionsdk.CryptoInputStreamTest$ParameterizedEncryptDecryptTest" time="0.003"/>
  <testcase name="encryptDecrypt[2951: encryptDecrypt(algorithm=ALG_AES_256_GCM_IV12_TAG16_HKDF_SHA384_ECDSA_P384, byteSize=161, frameSize=161, readLen=160)]" classname="com.amazonaws.encryptionsdk.CryptoInputStreamTest$ParameterizedEncryptDecryptTest" time="0.002"/>
  <testcase name="encryptDecrypt[2952: encryptDecrypt(algorithm=ALG_AES_256_GCM_IV12_TAG16_HKDF_SHA384_ECDSA_P384, byteSize=161, frameSize=161, readLen=161)]" classname="com.amazonaws.encryptionsdk.CryptoInputStreamTest$ParameterizedEncryptDecryptTest" time="0.003"/>
  <testcase name="encryptDecrypt[2953: encryptDecrypt(algorithm=ALG_AES_256_GCM_IV12_TAG16_HKDF_SHA384_ECDSA_P384, byteSize=161, frameSize=161, readLen=162)]" classname="com.amazonaws.encryptionsdk.CryptoInputStreamTest$ParameterizedEncryptDecryptTest" time="0.002"/>
  <testcase name="encryptDecrypt[2954: encryptDecrypt(algorithm=ALG_AES_256_GCM_IV12_TAG16_HKDF_SHA384_ECDSA_P384, byteSize=161, frameSize=161, readLen=322)]" classname="com.amazonaws.encryptionsdk.CryptoInputStreamTest$ParameterizedEncryptDecryptTest" time="0.003"/>
  <testcase name="encryptDecrypt[2955: encryptDecrypt(algorithm=ALG_AES_256_GCM_IV12_TAG16_HKDF_SHA384_ECDSA_P384, byteSize=161, frameSize=161, readLen=1,000,000)]" classname="com.amazonaws.encryptionsdk.CryptoInputStreamTest$ParameterizedEncryptDecryptTest" time="0.002"/>
  <testcase name="encryptDecrypt[2956: encryptDecrypt(algorithm=ALG_AES_256_GCM_IV12_TAG16_HKDF_SHA384_ECDSA_P384, byteSize=162, frameSize=161, readLen=1)]" classname="com.amazonaws.encryptionsdk.CryptoInputStreamTest$ParameterizedEncryptDecryptTest" time="0.003"/>
  <testcase name="encryptDecrypt[2957: encryptDecrypt(algorithm=ALG_AES_256_GCM_IV12_TAG16_HKDF_SHA384_ECDSA_P384, byteSize=162, frameSize=161, readLen=161)]" classname="com.amazonaws.encryptionsdk.CryptoInputStreamTest$ParameterizedEncryptDecryptTest" time="0.002"/>
  <testcase name="encryptDecrypt[2958: encryptDecrypt(algorithm=ALG_AES_256_GCM_IV12_TAG16_HKDF_SHA384_ECDSA_P384, byteSize=162, frameSize=161, readLen=162)]" classname="com.amazonaws.encryptionsdk.CryptoInputStreamTest$ParameterizedEncryptDecryptTest" time="0.002"/>
  <testcase name="encryptDecrypt[2959: encryptDecrypt(algorithm=ALG_AES_256_GCM_IV12_TAG16_HKDF_SHA384_ECDSA_P384, byteSize=162, frameSize=161, readLen=163)]" classname="com.amazonaws.encryptionsdk.CryptoInputStreamTest$ParameterizedEncryptDecryptTest" time="0.002"/>
  <testcase name="encryptDecrypt[2960: encryptDecrypt(algorithm=ALG_AES_256_GCM_IV12_TAG16_HKDF_SHA384_ECDSA_P384, byteSize=162, frameSize=161, readLen=324)]" classname="com.amazonaws.encryptionsdk.CryptoInputStreamTest$ParameterizedEncryptDecryptTest" time="0.002"/>
  <testcase name="encryptDecrypt[2961: encryptDecrypt(algorithm=ALG_AES_256_GCM_IV12_TAG16_HKDF_SHA384_ECDSA_P384, byteSize=162, frameSize=161, readLen=1,000,000)]" classname="com.amazonaws.encryptionsdk.CryptoInputStreamTest$ParameterizedEncryptDecryptTest" time="0.003"/>
  <testcase name="encryptDecrypt[2962: encryptDecrypt(algorithm=ALG_AES_256_GCM_IV12_TAG16_HKDF_SHA384_ECDSA_P384, byteSize=241, frameSize=161, readLen=1)]" classname="com.amazonaws.encryptionsdk.CryptoInputStreamTest$ParameterizedEncryptDecryptTest" time="0.002"/>
  <testcase name="encryptDecrypt[2963: encryptDecrypt(algorithm=ALG_AES_256_GCM_IV12_TAG16_HKDF_SHA384_ECDSA_P384, byteSize=241, frameSize=161, readLen=240)]" classname="com.amazonaws.encryptionsdk.CryptoInputStreamTest$ParameterizedEncryptDecryptTest" time="0.003"/>
  <testcase name="encryptDecrypt[2964: encryptDecrypt(algorithm=ALG_AES_256_GCM_IV12_TAG16_HKDF_SHA384_ECDSA_P384, byteSize=241, frameSize=161, readLen=241)]" classname="com.amazonaws.encryptionsdk.CryptoInputStreamTest$ParameterizedEncryptDecryptTest" time="0.003"/>
  <testcase name="encryptDecrypt[2965: encryptDecrypt(algorithm=ALG_AES_256_GCM_IV12_TAG16_HKDF_SHA384_ECDSA_P384, byteSize=241, frameSize=161, readLen=242)]" classname="com.amazonaws.encryptionsdk.CryptoInputStreamTest$ParameterizedEncryptDecryptTest" time="0.002"/>
  <testcase name="encryptDecrypt[2966: encryptDecrypt(algorithm=ALG_AES_256_GCM_IV12_TAG16_HKDF_SHA384_ECDSA_P384, byteSize=241, frameSize=161, readLen=482)]" classname="com.amazonaws.encryptionsdk.CryptoInputStreamTest$ParameterizedEncryptDecryptTest" time="0.002"/>
  <testcase name="encryptDecrypt[2967: encryptDecrypt(algorithm=ALG_AES_256_GCM_IV12_TAG16_HKDF_SHA384_ECDSA_P384, byteSize=241, frameSize=161, readLen=1,000,000)]" classname="com.amazonaws.encryptionsdk.CryptoInputStreamTest$ParameterizedEncryptDecryptTest" time="0.003"/>
  <testcase name="encryptDecrypt[2968: encryptDecrypt(algorithm=ALG_AES_256_GCM_IV12_TAG16_HKDF_SHA384_ECDSA_P384, byteSize=322, frameSize=161, readLen=1)]" classname="com.amazonaws.encryptionsdk.CryptoInputStreamTest$ParameterizedEncryptDecryptTest" time="0.002"/>
  <testcase name="encryptDecrypt[2969: encryptDecrypt(algorithm=ALG_AES_256_GCM_IV12_TAG16_HKDF_SHA384_ECDSA_P384, byteSize=322, frameSize=161, readLen=321)]" classname="com.amazonaws.encryptionsdk.CryptoInputStreamTest$ParameterizedEncryptDecryptTest" time="0.003"/>
  <testcase name="encryptDecrypt[2970: encryptDecrypt(algorithm=ALG_AES_256_GCM_IV12_TAG16_HKDF_SHA384_ECDSA_P384, byteSize=322, frameSize=161, readLen=322)]" classname="com.amazonaws.encryptionsdk.CryptoInputStreamTest$ParameterizedEncryptDecryptTest" time="0.002"/>
  <testcase name="encryptDecrypt[2971: encryptDecrypt(algorithm=ALG_AES_256_GCM_IV12_TAG16_HKDF_SHA384_ECDSA_P384, byteSize=322, frameSize=161, readLen=323)]" classname="com.amazonaws.encryptionsdk.CryptoInputStreamTest$ParameterizedEncryptDecryptTest" time="0.003"/>
  <testcase name="encryptDecrypt[2972: encryptDecrypt(algorithm=ALG_AES_256_GCM_IV12_TAG16_HKDF_SHA384_ECDSA_P384, byteSize=322, frameSize=161, readLen=644)]" classname="com.amazonaws.encryptionsdk.CryptoInputStreamTest$ParameterizedEncryptDecryptTest" time="0.002"/>
  <testcase name="encryptDecrypt[2973: encryptDecrypt(algorithm=ALG_AES_256_GCM_IV12_TAG16_HKDF_SHA384_ECDSA_P384, byteSize=322, frameSize=161, readLen=1,000,000)]" classname="com.amazonaws.encryptionsdk.CryptoInputStreamTest$ParameterizedEncryptDecryptTest" time="0.003"/>
  <testcase name="encryptDecrypt[2974: encryptDecrypt(algorithm=ALG_AES_256_GCM_IV12_TAG16_HKDF_SHA384_ECDSA_P384, byteSize=1,000,000, frameSize=161, readLen=1)]" classname="com.amazonaws.encryptionsdk.CryptoInputStreamTest$ParameterizedEncryptDecryptTest" time="0.043"/>
  <testcase name="encryptDecrypt[2975: encryptDecrypt(algorithm=ALG_AES_256_GCM_IV12_TAG16_HKDF_SHA384_ECDSA_P384, byteSize=1,000,000, frameSize=161, readLen=999,999)]" classname="com.amazonaws.encryptionsdk.CryptoInputStreamTest$ParameterizedEncryptDecryptTest" time="0.026"/>
  <testcase name="encryptDecrypt[2976: encryptDecrypt(algorithm=ALG_AES_256_GCM_IV12_TAG16_HKDF_SHA384_ECDSA_P384, byteSize=1,000,000, frameSize=161, readLen=1,000,000)]" classname="com.amazonaws.encryptionsdk.CryptoInputStreamTest$ParameterizedEncryptDecryptTest" time="0.027"/>
  <testcase name="encryptDecrypt[2977: encryptDecrypt(algorithm=ALG_AES_256_GCM_IV12_TAG16_HKDF_SHA384_ECDSA_P384, byteSize=1,000,000, frameSize=161, readLen=1,000,001)]" classname="com.amazonaws.encryptionsdk.CryptoInputStreamTest$ParameterizedEncryptDecryptTest" time="0.027"/>
  <testcase name="encryptDecrypt[2978: encryptDecrypt(algorithm=ALG_AES_256_GCM_IV12_TAG16_HKDF_SHA384_ECDSA_P384, byteSize=1,000,000, frameSize=161, readLen=2,000,000)]" classname="com.amazonaws.encryptionsdk.CryptoInputStreamTest$ParameterizedEncryptDecryptTest" time="0.026"/>
  <testcase name="encryptDecrypt[2979: encryptDecrypt(algorithm=ALG_AES_256_GCM_IV12_TAG16_HKDF_SHA384_ECDSA_P384, byteSize=1,000,000, frameSize=161, readLen=1,000,000)]" classname="com.amazonaws.encryptionsdk.CryptoInputStreamTest$ParameterizedEncryptDecryptTest" time="0.028"/>
  <testcase name="encryptDecrypt[2980: encryptDecrypt(algorithm=ALG_AES_256_GCM_IV12_TAG16_HKDF_SHA384_ECDSA_P384, byteSize=0, frameSize=4,096, readLen=1)]" classname="com.amazonaws.encryptionsdk.CryptoInputStreamTest$ParameterizedEncryptDecryptTest" time="0.002"/>
  <testcase name="encryptDecrypt[2981: encryptDecrypt(algorithm=ALG_AES_256_GCM_IV12_TAG16_HKDF_SHA384_ECDSA_P384, byteSize=0, frameSize=4,096, readLen=1)]" classname="com.amazonaws.encryptionsdk.CryptoInputStreamTest$ParameterizedEncryptDecryptTest" time="0.003"/>
  <testcase name="encryptDecrypt[2982: encryptDecrypt(algorithm=ALG_AES_256_GCM_IV12_TAG16_HKDF_SHA384_ECDSA_P384, byteSize=0, frameSize=4,096, readLen=1,000,000)]" classname="com.amazonaws.encryptionsdk.CryptoInputStreamTest$ParameterizedEncryptDecryptTest" time="0.002"/>
  <testcase name="encryptDecrypt[2983: encryptDecrypt(algorithm=ALG_AES_256_GCM_IV12_TAG16_HKDF_SHA384_ECDSA_P384, byteSize=1, frameSize=4,096, readLen=1)]" classname="com.amazonaws.encryptionsdk.CryptoInputStreamTest$ParameterizedEncryptDecryptTest" time="0.002"/>
  <testcase name="encryptDecrypt[2984: encryptDecrypt(algorithm=ALG_AES_256_GCM_IV12_TAG16_HKDF_SHA384_ECDSA_P384, byteSize=1, frameSize=4,096, readLen=1)]" classname="com.amazonaws.encryptionsdk.CryptoInputStreamTest$ParameterizedEncryptDecryptTest" time="0.003"/>
  <testcase name="encryptDecrypt[2985: encryptDecrypt(algorithm=ALG_AES_256_GCM_IV12_TAG16_HKDF_SHA384_ECDSA_P384, byteSize=1, frameSize=4,096, readLen=2)]" classname="com.amazonaws.encryptionsdk.CryptoInputStreamTest$ParameterizedEncryptDecryptTest" time="0.002"/>
  <testcase name="encryptDecrypt[2986: encryptDecrypt(algorithm=ALG_AES_256_GCM_IV12_TAG16_HKDF_SHA384_ECDSA_P384, byteSize=1, frameSize=4,096, readLen=2)]" classname="com.amazonaws.encryptionsdk.CryptoInputStreamTest$ParameterizedEncryptDecryptTest" time="0.003"/>
  <testcase name="encryptDecrypt[2987: encryptDecrypt(algorithm=ALG_AES_256_GCM_IV12_TAG16_HKDF_SHA384_ECDSA_P384, byteSize=1, frameSize=4,096, readLen=1,000,000)]" classname="com.amazonaws.encryptionsdk.CryptoInputStreamTest$ParameterizedEncryptDecryptTest" time="0.002"/>
  <testcase name="encryptDecrypt[2988: encryptDecrypt(algorithm=ALG_AES_256_GCM_IV12_TAG16_HKDF_SHA384_ECDSA_P384, byteSize=4,095, frameSize=4,096, readLen=1)]" classname="com.amazonaws.encryptionsdk.CryptoInputStreamTest$ParameterizedEncryptDecryptTest" time="0.003"/>
  <testcase name="encryptDecrypt[2989: encryptDecrypt(algorithm=ALG_AES_256_GCM_IV12_TAG16_HKDF_SHA384_ECDSA_P384, byteSize=4,095, frameSize=4,096, readLen=4,094)]" classname="com.amazonaws.encryptionsdk.CryptoInputStreamTest$ParameterizedEncryptDecryptTest" time="0.002"/>
  <testcase name="encryptDecrypt[2990: encryptDecrypt(algorithm=ALG_AES_256_GCM_IV12_TAG16_HKDF_SHA384_ECDSA_P384, byteSize=4,095, frameSize=4,096, readLen=4,095)]" classname="com.amazonaws.encryptionsdk.CryptoInputStreamTest$ParameterizedEncryptDecryptTest" time="0.003"/>
  <testcase name="encryptDecrypt[2991: encryptDecrypt(algorithm=ALG_AES_256_GCM_IV12_TAG16_HKDF_SHA384_ECDSA_P384, byteSize=4,095, frameSize=4,096, readLen=4,096)]" classname="com.amazonaws.encryptionsdk.CryptoInputStreamTest$ParameterizedEncryptDecryptTest" time="0.002"/>
  <testcase name="encryptDecrypt[2992: encryptDecrypt(algorithm=ALG_AES_256_GCM_IV12_TAG16_HKDF_SHA384_ECDSA_P384, byteSize=4,095, frameSize=4,096, readLen=8,190)]" classname="com.amazonaws.encryptionsdk.CryptoInputStreamTest$ParameterizedEncryptDecryptTest" time="0.002"/>
  <testcase name="encryptDecrypt[2993: encryptDecrypt(algorithm=ALG_AES_256_GCM_IV12_TAG16_HKDF_SHA384_ECDSA_P384, byteSize=4,095, frameSize=4,096, readLen=1,000,000)]" classname="com.amazonaws.encryptionsdk.CryptoInputStreamTest$ParameterizedEncryptDecryptTest" time="0.002"/>
  <testcase name="encryptDecrypt[2994: encryptDecrypt(algorithm=ALG_AES_256_GCM_IV12_TAG16_HKDF_SHA384_ECDSA_P384, byteSize=4,096, frameSize=4,096, readLen=1)]" classname="com.amazonaws.encryptionsdk.CryptoInputStreamTest$ParameterizedEncryptDecryptTest" time="0.003"/>
  <testcase name="encryptDecrypt[2995: encryptDecrypt(algorithm=ALG_AES_256_GCM_IV12_TAG16_HKDF_SHA384_ECDSA_P384, byteSize=4,096, frameSize=4,096, readLen=4,095)]" classname="com.amazonaws.encryptionsdk.CryptoInputStreamTest$ParameterizedEncryptDecryptTest" time="0.002"/>
  <testcase name="encryptDecrypt[2996: encryptDecrypt(algorithm=ALG_AES_256_GCM_IV12_TAG16_HKDF_SHA384_ECDSA_P384, byteSize=4,096, frameSize=4,096, readLen=4,096)]" classname="com.amazonaws.encryptionsdk.CryptoInputStreamTest$ParameterizedEncryptDecryptTest" time="0.003"/>
  <testcase name="encryptDecrypt[2997: encryptDecrypt(algorithm=ALG_AES_256_GCM_IV12_TAG16_HKDF_SHA384_ECDSA_P384, byteSize=4,096, frameSize=4,096, readLen=4,097)]" classname="com.amazonaws.encryptionsdk.CryptoInputStreamTest$ParameterizedEncryptDecryptTest" time="0.002"/>
  <testcase name="encryptDecrypt[2998: encryptDecrypt(algorithm=ALG_AES_256_GCM_IV12_TAG16_HKDF_SHA384_ECDSA_P384, byteSize=4,096, frameSize=4,096, readLen=8,192)]" classname="com.amazonaws.encryptionsdk.CryptoInputStreamTest$ParameterizedEncryptDecryptTest" time="0.002"/>
  <testcase name="encryptDecrypt[2999: encryptDecrypt(algorithm=ALG_AES_256_GCM_IV12_TAG16_HKDF_SHA384_ECDSA_P384, byteSize=4,096, frameSize=4,096, readLen=1,000,000)]" classname="com.amazonaws.encryptionsdk.CryptoInputStreamTest$ParameterizedEncryptDecryptTest" time="0.003"/>
  <testcase name="encryptDecrypt[3000: encryptDecrypt(algorithm=ALG_AES_256_GCM_IV12_TAG16_HKDF_SHA384_ECDSA_P384, byteSize=4,097, frameSize=4,096, readLen=1)]" classname="com.amazonaws.encryptionsdk.CryptoInputStreamTest$ParameterizedEncryptDecryptTest" time="0.002"/>
  <testcase name="encryptDecrypt[3001: encryptDecrypt(algorithm=ALG_AES_256_GCM_IV12_TAG16_HKDF_SHA384_ECDSA_P384, byteSize=4,097, frameSize=4,096, readLen=4,096)]" classname="com.amazonaws.encryptionsdk.CryptoInputStreamTest$ParameterizedEncryptDecryptTest" time="0.003"/>
  <testcase name="encryptDecrypt[3002: encryptDecrypt(algorithm=ALG_AES_256_GCM_IV12_TAG16_HKDF_SHA384_ECDSA_P384, byteSize=4,097, frameSize=4,096, readLen=4,097)]" classname="com.amazonaws.encryptionsdk.CryptoInputStreamTest$ParameterizedEncryptDecryptTest" time="0.002"/>
  <testcase name="encryptDecrypt[3003: encryptDecrypt(algorithm=ALG_AES_256_GCM_IV12_TAG16_HKDF_SHA384_ECDSA_P384, byteSize=4,097, frameSize=4,096, readLen=4,098)]" classname="com.amazonaws.encryptionsdk.CryptoInputStreamTest$ParameterizedEncryptDecryptTest" time="0.003"/>
  <testcase name="encryptDecrypt[3004: encryptDecrypt(algorithm=ALG_AES_256_GCM_IV12_TAG16_HKDF_SHA384_ECDSA_P384, byteSize=4,097, frameSize=4,096, readLen=8,194)]" classname="com.amazonaws.encryptionsdk.CryptoInputStreamTest$ParameterizedEncryptDecryptTest" time="0.002"/>
  <testcase name="encryptDecrypt[3005: encryptDecrypt(algorithm=ALG_AES_256_GCM_IV12_TAG16_HKDF_SHA384_ECDSA_P384, byteSize=4,097, frameSize=4,096, readLen=1,000,000)]" classname="com.amazonaws.encryptionsdk.CryptoInputStreamTest$ParameterizedEncryptDecryptTest" time="0.003"/>
  <testcase name="encryptDecrypt[3006: encryptDecrypt(algorithm=ALG_AES_256_GCM_IV12_TAG16_HKDF_SHA384_ECDSA_P384, byteSize=6,144, frameSize=4,096, readLen=1)]" classname="com.amazonaws.encryptionsdk.CryptoInputStreamTest$ParameterizedEncryptDecryptTest" time="0.003"/>
  <testcase name="encryptDecrypt[3007: encryptDecrypt(algorithm=ALG_AES_256_GCM_IV12_TAG16_HKDF_SHA384_ECDSA_P384, byteSize=6,144, frameSize=4,096, readLen=6,143)]" classname="com.amazonaws.encryptionsdk.CryptoInputStreamTest$ParameterizedEncryptDecryptTest" time="0.002"/>
  <testcase name="encryptDecrypt[3008: encryptDecrypt(algorithm=ALG_AES_256_GCM_IV12_TAG16_HKDF_SHA384_ECDSA_P384, byteSize=6,144, frameSize=4,096, readLen=6,144)]" classname="com.amazonaws.encryptionsdk.CryptoInputStreamTest$ParameterizedEncryptDecryptTest" time="0.003"/>
  <testcase name="encryptDecrypt[3009: encryptDecrypt(algorithm=ALG_AES_256_GCM_IV12_TAG16_HKDF_SHA384_ECDSA_P384, byteSize=6,144, frameSize=4,096, readLen=6,145)]" classname="com.amazonaws.encryptionsdk.CryptoInputStreamTest$ParameterizedEncryptDecryptTest" time="0.002"/>
  <testcase name="encryptDecrypt[3010: encryptDecrypt(algorithm=ALG_AES_256_GCM_IV12_TAG16_HKDF_SHA384_ECDSA_P384, byteSize=6,144, frameSize=4,096, readLen=12,288)]" classname="com.amazonaws.encryptionsdk.CryptoInputStreamTest$ParameterizedEncryptDecryptTest" time="0.003"/>
  <testcase name="encryptDecrypt[3011: encryptDecrypt(algorithm=ALG_AES_256_GCM_IV12_TAG16_HKDF_SHA384_ECDSA_P384, byteSize=6,144, frameSize=4,096, readLen=1,000,000)]" classname="com.amazonaws.encryptionsdk.CryptoInputStreamTest$ParameterizedEncryptDecryptTest" time="0.002"/>
  <testcase name="encryptDecrypt[3012: encryptDecrypt(algorithm=ALG_AES_256_GCM_IV12_TAG16_HKDF_SHA384_ECDSA_P384, byteSize=8,192, frameSize=4,096, readLen=1)]" classname="com.amazonaws.encryptionsdk.CryptoInputStreamTest$ParameterizedEncryptDecryptTest" time="0.003"/>
  <testcase name="encryptDecrypt[3013: encryptDecrypt(algorithm=ALG_AES_256_GCM_IV12_TAG16_HKDF_SHA384_ECDSA_P384, byteSize=8,192, frameSize=4,096, readLen=8,191)]" classname="com.amazonaws.encryptionsdk.CryptoInputStreamTest$ParameterizedEncryptDecryptTest" time="0.003"/>
  <testcase name="encryptDecrypt[3014: encryptDecrypt(algorithm=ALG_AES_256_GCM_IV12_TAG16_HKDF_SHA384_ECDSA_P384, byteSize=8,192, frameSize=4,096, readLen=8,192)]" classname="com.amazonaws.encryptionsdk.CryptoInputStreamTest$ParameterizedEncryptDecryptTest" time="0.002"/>
  <testcase name="encryptDecrypt[3015: encryptDecrypt(algorithm=ALG_AES_256_GCM_IV12_TAG16_HKDF_SHA384_ECDSA_P384, byteSize=8,192, frameSize=4,096, readLen=8,193)]" classname="com.amazonaws.encryptionsdk.CryptoInputStreamTest$ParameterizedEncryptDecryptTest" time="0.003"/>
  <testcase name="encryptDecrypt[3016: encryptDecrypt(algorithm=ALG_AES_256_GCM_IV12_TAG16_HKDF_SHA384_ECDSA_P384, byteSize=8,192, frameSize=4,096, readLen=16,384)]" classname="com.amazonaws.encryptionsdk.CryptoInputStreamTest$ParameterizedEncryptDecryptTest" time="0.002"/>
  <testcase name="encryptDecrypt[3017: encryptDecrypt(algorithm=ALG_AES_256_GCM_IV12_TAG16_HKDF_SHA384_ECDSA_P384, byteSize=8,192, frameSize=4,096, readLen=1,000,000)]" classname="com.amazonaws.encryptionsdk.CryptoInputStreamTest$ParameterizedEncryptDecryptTest" time="0.002"/>
  <testcase name="encryptDecrypt[3018: encryptDecrypt(algorithm=ALG_AES_256_GCM_IV12_TAG16_HKDF_SHA384_ECDSA_P384, byteSize=1,000,000, frameSize=4,096, readLen=1)]" classname="com.amazonaws.encryptionsdk.CryptoInputStreamTest$ParameterizedEncryptDecryptTest" time="0.036"/>
  <testcase name="encryptDecrypt[3019: encryptDecrypt(algorithm=ALG_AES_256_GCM_IV12_TAG16_HKDF_SHA384_ECDSA_P384, byteSize=1,000,000, frameSize=4,096, readLen=999,999)]" classname="com.amazonaws.encryptionsdk.CryptoInputStreamTest$ParameterizedEncryptDecryptTest" time="0.019"/>
  <testcase name="encryptDecrypt[3020: encryptDecrypt(algorithm=ALG_AES_256_GCM_IV12_TAG16_HKDF_SHA384_ECDSA_P384, byteSize=1,000,000, frameSize=4,096, readLen=1,000,000)]" classname="com.amazonaws.encryptionsdk.CryptoInputStreamTest$ParameterizedEncryptDecryptTest" time="0.019"/>
  <testcase name="encryptDecrypt[3021: encryptDecrypt(algorithm=ALG_AES_256_GCM_IV12_TAG16_HKDF_SHA384_ECDSA_P384, byteSize=1,000,000, frameSize=4,096, readLen=1,000,001)]" classname="com.amazonaws.encryptionsdk.CryptoInputStreamTest$ParameterizedEncryptDecryptTest" time="0.018"/>
  <testcase name="encryptDecrypt[3022: encryptDecrypt(algorithm=ALG_AES_256_GCM_IV12_TAG16_HKDF_SHA384_ECDSA_P384, byteSize=1,000,000, frameSize=4,096, readLen=2,000,000)]" classname="com.amazonaws.encryptionsdk.CryptoInputStreamTest$ParameterizedEncryptDecryptTest" time="0.019"/>
  <testcase name="encryptDecrypt[3023: encryptDecrypt(algorithm=ALG_AES_256_GCM_IV12_TAG16_HKDF_SHA384_ECDSA_P384, byteSize=1,000,000, frameSize=4,096, readLen=1,000,000)]" classname="com.amazonaws.encryptionsdk.CryptoInputStreamTest$ParameterizedEncryptDecryptTest" time="0.018"/>
  <testcase name="whenStreamSizeSet_roundTripSucceeds" classname="com.amazonaws.encryptionsdk.CryptoOutputStreamTest$NonParameterized" time="0.004"/>
  <testcase name="whenGetResultCalledTooEarly_exceptionThrown" classname="com.amazonaws.encryptionsdk.CryptoOutputStreamTest$NonParameterized" time="0.003"/>
  <testcase name="encryptStreamDecryptOneShot" classname="com.amazonaws.encryptionsdk.CryptoOutputStreamTest$NonParameterized" time="0.02"/>
  <testcase name="whenStreamSizeSetEarly_streamSizePassedToCMM" classname="com.amazonaws.encryptionsdk.CryptoOutputStreamTest$NonParameterized" time="0.006">
    <error message="&#10;Mockito cannot mock this class: class com.amazonaws.encryptionsdk.DefaultCryptoMaterialsManager.&#10;&#10;Mockito can only mock non-private &amp; non-final classes.&#10;If you&apos;re not sure why you&apos;re getting this error, please report to the mailing list.&#10;&#10;&#10;Java               : 11&#10;JVM vendor name    : Oracle Corporation&#10;JVM vendor version : 11.0.8+10-LTS&#10;JVM name           : Java HotSpot(TM) 64-Bit Server VM&#10;JVM version        : 11.0.8+10-LTS&#10;JVM info           : mixed mode&#10;OS name            : Linux&#10;OS version         : 4.15.0-106-generic&#10;&#10;&#10;Underlying exception : java.lang.UnsupportedOperationException: Cannot define class using reflection" type="org.mockito.exceptions.base.MockitoException"><![CDATA[org.mockito.exceptions.base.MockitoException: 

Mockito cannot mock this class: class com.amazonaws.encryptionsdk.DefaultCryptoMaterialsManager.

Mockito can only mock non-private & non-final classes.
If you're not sure why you're getting this error, please report to the mailing list.


Java               : 11
JVM vendor name    : Oracle Corporation
JVM vendor version : 11.0.8+10-LTS
JVM name           : Java HotSpot(TM) 64-Bit Server VM
JVM version        : 11.0.8+10-LTS
JVM info           : mixed mode
OS name            : Linux
OS version         : 4.15.0-106-generic


Underlying exception : java.lang.UnsupportedOperationException: Cannot define class using reflection
	at com.amazonaws.encryptionsdk.CryptoOutputStreamTest$NonParameterized.whenStreamSizeSetEarly_streamSizePassedToCMM(CryptoOutputStreamTest.java:593)
Caused by: java.lang.UnsupportedOperationException: Cannot define class using reflection
	at com.amazonaws.encryptionsdk.CryptoOutputStreamTest$NonParameterized.whenStreamSizeSetEarly_streamSizePassedToCMM(CryptoOutputStreamTest.java:593)
Caused by: java.lang.IllegalArgumentException: Unknown Java version: 11
]]></error>
  </testcase>
  <testcase name="doEncryptDecryptWithoutEncContext" classname="com.amazonaws.encryptionsdk.CryptoOutputStreamTest$NonParameterized" time="0.02"/>
  <testcase name="encryptOneShotDecryptStream" classname="com.amazonaws.encryptionsdk.CryptoOutputStreamTest$NonParameterized" time="0.021"/>
  <testcase name="decryptEmptyFile" classname="com.amazonaws.encryptionsdk.CryptoOutputStreamTest$NonParameterized" time="0"/>
  <testcase name="decryptUsingCryptoMaterialsManager" classname="com.amazonaws.encryptionsdk.CryptoOutputStreamTest$NonParameterized" time="0.003"/>
  <testcase name="singleByteWrite" classname="com.amazonaws.encryptionsdk.CryptoOutputStreamTest$NonParameterized" time="0.019"/>
  <testcase name="doEncryptDecryptWithContext" classname="com.amazonaws.encryptionsdk.CryptoOutputStreamTest$NonParameterized" time="0.021"/>
  <testcase name="checkInvalidValues" classname="com.amazonaws.encryptionsdk.CryptoOutputStreamTest$NonParameterized" time="0.012"/>
  <testcase name="negativeWriteLen" classname="com.amazonaws.encryptionsdk.CryptoOutputStreamTest$NonParameterized" time="0"/>
  <testcase name="negativeWriteOffset" classname="com.amazonaws.encryptionsdk.CryptoOutputStreamTest$NonParameterized" time="0"/>
  <testcase name="checkKeyId" classname="com.amazonaws.encryptionsdk.CryptoOutputStreamTest$NonParameterized" time="0.003"/>
  <testcase name="checkEncContext" classname="com.amazonaws.encryptionsdk.CryptoOutputStreamTest$NonParameterized" time="0.003"/>
  <testcase name="whenStreamSizeNegative_setSizeThrows" classname="com.amazonaws.encryptionsdk.CryptoOutputStreamTest$NonParameterized" time="0"/>
  <testcase name="whenStreamSizeSetLate_andExceeded_exceptionThrown" classname="com.amazonaws.encryptionsdk.CryptoOutputStreamTest$NonParameterized" time="0.007">
    <error message="&#10;Mockito cannot mock this class: class com.amazonaws.encryptionsdk.DefaultCryptoMaterialsManager.&#10;&#10;Mockito can only mock non-private &amp; non-final classes.&#10;If you&apos;re not sure why you&apos;re getting this error, please report to the mailing list.&#10;&#10;&#10;Java               : 11&#10;JVM vendor name    : Oracle Corporation&#10;JVM vendor version : 11.0.8+10-LTS&#10;JVM name           : Java HotSpot(TM) 64-Bit Server VM&#10;JVM version        : 11.0.8+10-LTS&#10;JVM info           : mixed mode&#10;OS name            : Linux&#10;OS version         : 4.15.0-106-generic&#10;&#10;&#10;Underlying exception : java.lang.UnsupportedOperationException: Cannot define class using reflection" type="org.mockito.exceptions.base.MockitoException"><![CDATA[org.mockito.exceptions.base.MockitoException: 

Mockito cannot mock this class: class com.amazonaws.encryptionsdk.DefaultCryptoMaterialsManager.

Mockito can only mock non-private & non-final classes.
If you're not sure why you're getting this error, please report to the mailing list.


Java               : 11
JVM vendor name    : Oracle Corporation
JVM vendor version : 11.0.8+10-LTS
JVM name           : Java HotSpot(TM) 64-Bit Server VM
JVM version        : 11.0.8+10-LTS
JVM info           : mixed mode
OS name            : Linux
OS version         : 4.15.0-106-generic


Underlying exception : java.lang.UnsupportedOperationException: Cannot define class using reflection
	at com.amazonaws.encryptionsdk.CryptoOutputStreamTest$NonParameterized.whenStreamSizeSetLate_andExceeded_exceptionThrown(CryptoOutputStreamTest.java:620)
Caused by: java.lang.UnsupportedOperationException: Cannot define class using reflection
	at com.amazonaws.encryptionsdk.CryptoOutputStreamTest$NonParameterized.whenStreamSizeSetLate_andExceeded_exceptionThrown(CryptoOutputStreamTest.java:620)
Caused by: java.lang.IllegalArgumentException: Unknown Java version: 11
]]></error>
  </testcase>
  <testcase name="nullWrite" classname="com.amazonaws.encryptionsdk.CryptoOutputStreamTest$NonParameterized" time="0"/>
  <testcase name="whenStreamSizeSetEarly_andExceeded_exceptionThrown" classname="com.amazonaws.encryptionsdk.CryptoOutputStreamTest$NonParameterized" time="0.005">
    <error message="&#10;Mockito cannot mock this class: class com.amazonaws.encryptionsdk.DefaultCryptoMaterialsManager.&#10;&#10;Mockito can only mock non-private &amp; non-final classes.&#10;If you&apos;re not sure why you&apos;re getting this error, please report to the mailing list.&#10;&#10;&#10;Java               : 11&#10;JVM vendor name    : Oracle Corporation&#10;JVM vendor version : 11.0.8+10-LTS&#10;JVM name           : Java HotSpot(TM) 64-Bit Server VM&#10;JVM version        : 11.0.8+10-LTS&#10;JVM info           : mixed mode&#10;OS name            : Linux&#10;OS version         : 4.15.0-106-generic&#10;&#10;&#10;Underlying exception : java.lang.UnsupportedOperationException: Cannot define class using reflection" type="org.mockito.exceptions.base.MockitoException"><![CDATA[org.mockito.exceptions.base.MockitoException: 

Mockito cannot mock this class: class com.amazonaws.encryptionsdk.DefaultCryptoMaterialsManager.

Mockito can only mock non-private & non-final classes.
If you're not sure why you're getting this error, please report to the mailing list.


Java               : 11
JVM vendor name    : Oracle Corporation
JVM vendor version : 11.0.8+10-LTS
JVM name           : Java HotSpot(TM) 64-Bit Server VM
JVM version        : 11.0.8+10-LTS
JVM info           : mixed mode
OS name            : Linux
OS version         : 4.15.0-106-generic


Underlying exception : java.lang.UnsupportedOperationException: Cannot define class using reflection
	at com.amazonaws.encryptionsdk.CryptoOutputStreamTest$NonParameterized.whenStreamSizeSetEarly_andExceeded_exceptionThrown(CryptoOutputStreamTest.java:609)
Caused by: java.lang.UnsupportedOperationException: Cannot define class using reflection
	at com.amazonaws.encryptionsdk.CryptoOutputStreamTest$NonParameterized.whenStreamSizeSetEarly_andExceeded_exceptionThrown(CryptoOutputStreamTest.java:609)
Caused by: java.lang.IllegalArgumentException: Unknown Java version: 11
]]></error>
  </testcase>
  <testcase name="encryptUsingCryptoMaterialsManager" classname="com.amazonaws.encryptionsdk.CryptoOutputStreamTest$NonParameterized" time="0.003"/>
  <testcase name="whenStreamSizeSet_afterBeingExceeded_exceptionThrown" classname="com.amazonaws.encryptionsdk.CryptoOutputStreamTest$NonParameterized" time="0.005">
    <error message="&#10;Mockito cannot mock this class: class com.amazonaws.encryptionsdk.DefaultCryptoMaterialsManager.&#10;&#10;Mockito can only mock non-private &amp; non-final classes.&#10;If you&apos;re not sure why you&apos;re getting this error, please report to the mailing list.&#10;&#10;&#10;Java               : 11&#10;JVM vendor name    : Oracle Corporation&#10;JVM vendor version : 11.0.8+10-LTS&#10;JVM name           : Java HotSpot(TM) 64-Bit Server VM&#10;JVM version        : 11.0.8+10-LTS&#10;JVM info           : mixed mode&#10;OS name            : Linux&#10;OS version         : 4.15.0-106-generic&#10;&#10;&#10;Underlying exception : java.lang.UnsupportedOperationException: Cannot define class using reflection" type="org.mockito.exceptions.base.MockitoException"><![CDATA[org.mockito.exceptions.base.MockitoException: 

Mockito cannot mock this class: class com.amazonaws.encryptionsdk.DefaultCryptoMaterialsManager.

Mockito can only mock non-private & non-final classes.
If you're not sure why you're getting this error, please report to the mailing list.


Java               : 11
JVM vendor name    : Oracle Corporation
JVM vendor version : 11.0.8+10-LTS
JVM name           : Java HotSpot(TM) 64-Bit Server VM
JVM version        : 11.0.8+10-LTS
JVM info           : mixed mode
OS name            : Linux
OS version         : 4.15.0-106-generic


Underlying exception : java.lang.UnsupportedOperationException: Cannot define class using reflection
	at com.amazonaws.encryptionsdk.CryptoOutputStreamTest$NonParameterized.whenStreamSizeSet_afterBeingExceeded_exceptionThrown(CryptoOutputStreamTest.java:632)
Caused by: java.lang.UnsupportedOperationException: Cannot define class using reflection
	at com.amazonaws.encryptionsdk.CryptoOutputStreamTest$NonParameterized.whenStreamSizeSet_afterBeingExceeded_exceptionThrown(CryptoOutputStreamTest.java:632)
Caused by: java.lang.IllegalArgumentException: Unknown Java version: 11
]]></error>
  </testcase>
  <testcase name="nullWrite2" classname="com.amazonaws.encryptionsdk.CryptoOutputStreamTest$NonParameterized" time="0"/>
  <testcase name="encryptDecrypt[0: encryptDecrypt(algorithm=ALG_AES_128_GCM_IV12_TAG16_NO_KDF, byteSize=0, frameSize=0, readLen=1)]" classname="com.amazonaws.encryptionsdk.CryptoOutputStreamTest$ParameterizedEncryptDecryptTest" time="0.002"/>
  <testcase name="encryptDecrypt[1: encryptDecrypt(algorithm=ALG_AES_128_GCM_IV12_TAG16_NO_KDF, byteSize=0, frameSize=0, readLen=1,000,000)]" classname="com.amazonaws.encryptionsdk.CryptoOutputStreamTest$ParameterizedEncryptDecryptTest" time="0"/>
  <testcase name="encryptDecrypt[2: encryptDecrypt(algorithm=ALG_AES_128_GCM_IV12_TAG16_NO_KDF, byteSize=1, frameSize=0, readLen=1)]" classname="com.amazonaws.encryptionsdk.CryptoOutputStreamTest$ParameterizedEncryptDecryptTest" time="0.002"/>
  <testcase name="encryptDecrypt[3: encryptDecrypt(algorithm=ALG_AES_128_GCM_IV12_TAG16_NO_KDF, byteSize=1, frameSize=0, readLen=2)]" classname="com.amazonaws.encryptionsdk.CryptoOutputStreamTest$ParameterizedEncryptDecryptTest" time="0"/>
  <testcase name="encryptDecrypt[4: encryptDecrypt(algorithm=ALG_AES_128_GCM_IV12_TAG16_NO_KDF, byteSize=1, frameSize=0, readLen=2)]" classname="com.amazonaws.encryptionsdk.CryptoOutputStreamTest$ParameterizedEncryptDecryptTest" time="0.001"/>
  <testcase name="encryptDecrypt[5: encryptDecrypt(algorithm=ALG_AES_128_GCM_IV12_TAG16_NO_KDF, byteSize=1, frameSize=0, readLen=1,000,000)]" classname="com.amazonaws.encryptionsdk.CryptoOutputStreamTest$ParameterizedEncryptDecryptTest" time="0"/>
  <testcase name="encryptDecrypt[6: encryptDecrypt(algorithm=ALG_AES_128_GCM_IV12_TAG16_NO_KDF, byteSize=0, frameSize=0, readLen=1)]" classname="com.amazonaws.encryptionsdk.CryptoOutputStreamTest$ParameterizedEncryptDecryptTest" time="0.002"/>
  <testcase name="encryptDecrypt[7: encryptDecrypt(algorithm=ALG_AES_128_GCM_IV12_TAG16_NO_KDF, byteSize=0, frameSize=0, readLen=1,000,000)]" classname="com.amazonaws.encryptionsdk.CryptoOutputStreamTest$ParameterizedEncryptDecryptTest" time="0"/>
  <testcase name="encryptDecrypt[8: encryptDecrypt(algorithm=ALG_AES_128_GCM_IV12_TAG16_NO_KDF, byteSize=1, frameSize=0, readLen=1)]" classname="com.amazonaws.encryptionsdk.CryptoOutputStreamTest$ParameterizedEncryptDecryptTest" time="0.001"/>
  <testcase name="encryptDecrypt[9: encryptDecrypt(algorithm=ALG_AES_128_GCM_IV12_TAG16_NO_KDF, byteSize=1, frameSize=0, readLen=2)]" classname="com.amazonaws.encryptionsdk.CryptoOutputStreamTest$ParameterizedEncryptDecryptTest" time="0.001"/>
  <testcase name="encryptDecrypt[10: encryptDecrypt(algorithm=ALG_AES_128_GCM_IV12_TAG16_NO_KDF, byteSize=1, frameSize=0, readLen=2)]" classname="com.amazonaws.encryptionsdk.CryptoOutputStreamTest$ParameterizedEncryptDecryptTest" time="0"/>
  <testcase name="encryptDecrypt[11: encryptDecrypt(algorithm=ALG_AES_128_GCM_IV12_TAG16_NO_KDF, byteSize=1, frameSize=0, readLen=1,000,000)]" classname="com.amazonaws.encryptionsdk.CryptoOutputStreamTest$ParameterizedEncryptDecryptTest" time="0.001"/>
  <testcase name="encryptDecrypt[12: encryptDecrypt(algorithm=ALG_AES_128_GCM_IV12_TAG16_NO_KDF, byteSize=0, frameSize=0, readLen=1)]" classname="com.amazonaws.encryptionsdk.CryptoOutputStreamTest$ParameterizedEncryptDecryptTest" time="0.001"/>
  <testcase name="encryptDecrypt[13: encryptDecrypt(algorithm=ALG_AES_128_GCM_IV12_TAG16_NO_KDF, byteSize=0, frameSize=0, readLen=1,000,000)]" classname="com.amazonaws.encryptionsdk.CryptoOutputStreamTest$ParameterizedEncryptDecryptTest" time="0"/>
  <testcase name="encryptDecrypt[14: encryptDecrypt(algorithm=ALG_AES_128_GCM_IV12_TAG16_NO_KDF, byteSize=0, frameSize=0, readLen=1)]" classname="com.amazonaws.encryptionsdk.CryptoOutputStreamTest$ParameterizedEncryptDecryptTest" time="0.001"/>
  <testcase name="encryptDecrypt[15: encryptDecrypt(algorithm=ALG_AES_128_GCM_IV12_TAG16_NO_KDF, byteSize=0, frameSize=0, readLen=1,000,000)]" classname="com.amazonaws.encryptionsdk.CryptoOutputStreamTest$ParameterizedEncryptDecryptTest" time="0"/>
  <testcase name="encryptDecrypt[16: encryptDecrypt(algorithm=ALG_AES_128_GCM_IV12_TAG16_NO_KDF, byteSize=1,000,000, frameSize=0, readLen=999,999)]" classname="com.amazonaws.encryptionsdk.CryptoOutputStreamTest$ParameterizedEncryptDecryptTest" time="0.01"/>
  <testcase name="encryptDecrypt[17: encryptDecrypt(algorithm=ALG_AES_128_GCM_IV12_TAG16_NO_KDF, byteSize=1,000,000, frameSize=0, readLen=1,000,000)]" classname="com.amazonaws.encryptionsdk.CryptoOutputStreamTest$ParameterizedEncryptDecryptTest" time="0.009"/>
  <testcase name="encryptDecrypt[18: encryptDecrypt(algorithm=ALG_AES_128_GCM_IV12_TAG16_NO_KDF, byteSize=1,000,000, frameSize=0, readLen=1,000,001)]" classname="com.amazonaws.encryptionsdk.CryptoOutputStreamTest$ParameterizedEncryptDecryptTest" time="0.01"/>
  <testcase name="encryptDecrypt[19: encryptDecrypt(algorithm=ALG_AES_128_GCM_IV12_TAG16_NO_KDF, byteSize=1,000,000, frameSize=0, readLen=2,000,000)]" classname="com.amazonaws.encryptionsdk.CryptoOutputStreamTest$ParameterizedEncryptDecryptTest" time="0.009"/>
  <testcase name="encryptDecrypt[20: encryptDecrypt(algorithm=ALG_AES_128_GCM_IV12_TAG16_NO_KDF, byteSize=1,000,000, frameSize=0, readLen=1,000,000)]" classname="com.amazonaws.encryptionsdk.CryptoOutputStreamTest$ParameterizedEncryptDecryptTest" time="0.009"/>
  <testcase name="encryptDecrypt[21: encryptDecrypt(algorithm=ALG_AES_128_GCM_IV12_TAG16_NO_KDF, byteSize=0, frameSize=15, readLen=1)]" classname="com.amazonaws.encryptionsdk.CryptoOutputStreamTest$ParameterizedEncryptDecryptTest" time="0.001"/>
  <testcase name="encryptDecrypt[22: encryptDecrypt(algorithm=ALG_AES_128_GCM_IV12_TAG16_NO_KDF, byteSize=0, frameSize=15, readLen=1,000,000)]" classname="com.amazonaws.encryptionsdk.CryptoOutputStreamTest$ParameterizedEncryptDecryptTest" time="0"/>
  <testcase name="encryptDecrypt[23: encryptDecrypt(algorithm=ALG_AES_128_GCM_IV12_TAG16_NO_KDF, byteSize=1, frameSize=15, readLen=1)]" classname="com.amazonaws.encryptionsdk.CryptoOutputStreamTest$ParameterizedEncryptDecryptTest" time="0.001"/>
  <testcase name="encryptDecrypt[24: encryptDecrypt(algorithm=ALG_AES_128_GCM_IV12_TAG16_NO_KDF, byteSize=1, frameSize=15, readLen=2)]" classname="com.amazonaws.encryptionsdk.CryptoOutputStreamTest$ParameterizedEncryptDecryptTest" time="0.001"/>
  <testcase name="encryptDecrypt[25: encryptDecrypt(algorithm=ALG_AES_128_GCM_IV12_TAG16_NO_KDF, byteSize=1, frameSize=15, readLen=2)]" classname="com.amazonaws.encryptionsdk.CryptoOutputStreamTest$ParameterizedEncryptDecryptTest" time="0.001"/>
  <testcase name="encryptDecrypt[26: encryptDecrypt(algorithm=ALG_AES_128_GCM_IV12_TAG16_NO_KDF, byteSize=1, frameSize=15, readLen=1,000,000)]" classname="com.amazonaws.encryptionsdk.CryptoOutputStreamTest$ParameterizedEncryptDecryptTest" time="0"/>
  <testcase name="encryptDecrypt[27: encryptDecrypt(algorithm=ALG_AES_128_GCM_IV12_TAG16_NO_KDF, byteSize=14, frameSize=15, readLen=13)]" classname="com.amazonaws.encryptionsdk.CryptoOutputStreamTest$ParameterizedEncryptDecryptTest" time="0"/>
  <testcase name="encryptDecrypt[28: encryptDecrypt(algorithm=ALG_AES_128_GCM_IV12_TAG16_NO_KDF, byteSize=14, frameSize=15, readLen=14)]" classname="com.amazonaws.encryptionsdk.CryptoOutputStreamTest$ParameterizedEncryptDecryptTest" time="0"/>
  <testcase name="encryptDecrypt[29: encryptDecrypt(algorithm=ALG_AES_128_GCM_IV12_TAG16_NO_KDF, byteSize=14, frameSize=15, readLen=15)]" classname="com.amazonaws.encryptionsdk.CryptoOutputStreamTest$ParameterizedEncryptDecryptTest" time="0"/>
  <testcase name="encryptDecrypt[30: encryptDecrypt(algorithm=ALG_AES_128_GCM_IV12_TAG16_NO_KDF, byteSize=14, frameSize=15, readLen=28)]" classname="com.amazonaws.encryptionsdk.CryptoOutputStreamTest$ParameterizedEncryptDecryptTest" time="0.001"/>
  <testcase name="encryptDecrypt[31: encryptDecrypt(algorithm=ALG_AES_128_GCM_IV12_TAG16_NO_KDF, byteSize=14, frameSize=15, readLen=1,000,000)]" classname="com.amazonaws.encryptionsdk.CryptoOutputStreamTest$ParameterizedEncryptDecryptTest" time="0"/>
  <testcase name="encryptDecrypt[32: encryptDecrypt(algorithm=ALG_AES_128_GCM_IV12_TAG16_NO_KDF, byteSize=15, frameSize=15, readLen=14)]" classname="com.amazonaws.encryptionsdk.CryptoOutputStreamTest$ParameterizedEncryptDecryptTest" time="0"/>
  <testcase name="encryptDecrypt[33: encryptDecrypt(algorithm=ALG_AES_128_GCM_IV12_TAG16_NO_KDF, byteSize=15, frameSize=15, readLen=15)]" classname="com.amazonaws.encryptionsdk.CryptoOutputStreamTest$ParameterizedEncryptDecryptTest" time="0"/>
  <testcase name="encryptDecrypt[34: encryptDecrypt(algorithm=ALG_AES_128_GCM_IV12_TAG16_NO_KDF, byteSize=15, frameSize=15, readLen=16)]" classname="com.amazonaws.encryptionsdk.CryptoOutputStreamTest$ParameterizedEncryptDecryptTest" time="0.001"/>
  <testcase name="encryptDecrypt[35: encryptDecrypt(algorithm=ALG_AES_128_GCM_IV12_TAG16_NO_KDF, byteSize=15, frameSize=15, readLen=30)]" classname="com.amazonaws.encryptionsdk.CryptoOutputStreamTest$ParameterizedEncryptDecryptTest" time="0"/>
  <testcase name="encryptDecrypt[36: encryptDecrypt(algorithm=ALG_AES_128_GCM_IV12_TAG16_NO_KDF, byteSize=15, frameSize=15, readLen=1,000,000)]" classname="com.amazonaws.encryptionsdk.CryptoOutputStreamTest$ParameterizedEncryptDecryptTest" time="0"/>
  <testcase name="encryptDecrypt[37: encryptDecrypt(algorithm=ALG_AES_128_GCM_IV12_TAG16_NO_KDF, byteSize=16, frameSize=15, readLen=15)]" classname="com.amazonaws.encryptionsdk.CryptoOutputStreamTest$ParameterizedEncryptDecryptTest" time="0"/>
  <testcase name="encryptDecrypt[38: encryptDecrypt(algorithm=ALG_AES_128_GCM_IV12_TAG16_NO_KDF, byteSize=16, frameSize=15, readLen=16)]" classname="com.amazonaws.encryptionsdk.CryptoOutputStreamTest$ParameterizedEncryptDecryptTest" time="0"/>
  <testcase name="encryptDecrypt[39: encryptDecrypt(algorithm=ALG_AES_128_GCM_IV12_TAG16_NO_KDF, byteSize=16, frameSize=15, readLen=17)]" classname="com.amazonaws.encryptionsdk.CryptoOutputStreamTest$ParameterizedEncryptDecryptTest" time="0.001"/>
  <testcase name="encryptDecrypt[40: encryptDecrypt(algorithm=ALG_AES_128_GCM_IV12_TAG16_NO_KDF, byteSize=16, frameSize=15, readLen=32)]" classname="com.amazonaws.encryptionsdk.CryptoOutputStreamTest$ParameterizedEncryptDecryptTest" time="0"/>
  <testcase name="encryptDecrypt[41: encryptDecrypt(algorithm=ALG_AES_128_GCM_IV12_TAG16_NO_KDF, byteSize=16, frameSize=15, readLen=1,000,000)]" classname="com.amazonaws.encryptionsdk.CryptoOutputStreamTest$ParameterizedEncryptDecryptTest" time="0"/>
  <testcase name="encryptDecrypt[42: encryptDecrypt(algorithm=ALG_AES_128_GCM_IV12_TAG16_NO_KDF, byteSize=22, frameSize=15, readLen=21)]" classname="com.amazonaws.encryptionsdk.CryptoOutputStreamTest$ParameterizedEncryptDecryptTest" time="0"/>
  <testcase name="encryptDecrypt[43: encryptDecrypt(algorithm=ALG_AES_128_GCM_IV12_TAG16_NO_KDF, byteSize=22, frameSize=15, readLen=22)]" classname="com.amazonaws.encryptionsdk.CryptoOutputStreamTest$ParameterizedEncryptDecryptTest" time="0"/>
  <testcase name="encryptDecrypt[44: encryptDecrypt(algorithm=ALG_AES_128_GCM_IV12_TAG16_NO_KDF, byteSize=22, frameSize=15, readLen=23)]" classname="com.amazonaws.encryptionsdk.CryptoOutputStreamTest$ParameterizedEncryptDecryptTest" time="0"/>
  <testcase name="encryptDecrypt[45: encryptDecrypt(algorithm=ALG_AES_128_GCM_IV12_TAG16_NO_KDF, byteSize=22, frameSize=15, readLen=44)]" classname="com.amazonaws.encryptionsdk.CryptoOutputStreamTest$ParameterizedEncryptDecryptTest" time="0.001"/>
  <testcase name="encryptDecrypt[46: encryptDecrypt(algorithm=ALG_AES_128_GCM_IV12_TAG16_NO_KDF, byteSize=22, frameSize=15, readLen=1,000,000)]" classname="com.amazonaws.encryptionsdk.CryptoOutputStreamTest$ParameterizedEncryptDecryptTest" time="0"/>
  <testcase name="encryptDecrypt[47: encryptDecrypt(algorithm=ALG_AES_128_GCM_IV12_TAG16_NO_KDF, byteSize=30, frameSize=15, readLen=29)]" classname="com.amazonaws.encryptionsdk.CryptoOutputStreamTest$ParameterizedEncryptDecryptTest" time="0"/>
  <testcase name="encryptDecrypt[48: encryptDecrypt(algorithm=ALG_AES_128_GCM_IV12_TAG16_NO_KDF, byteSize=30, frameSize=15, readLen=30)]" classname="com.amazonaws.encryptionsdk.CryptoOutputStreamTest$ParameterizedEncryptDecryptTest" time="0"/>
  <testcase name="encryptDecrypt[49: encryptDecrypt(algorithm=ALG_AES_128_GCM_IV12_TAG16_NO_KDF, byteSize=30, frameSize=15, readLen=31)]" classname="com.amazonaws.encryptionsdk.CryptoOutputStreamTest$ParameterizedEncryptDecryptTest" time="0"/>
  <testcase name="encryptDecrypt[50: encryptDecrypt(algorithm=ALG_AES_128_GCM_IV12_TAG16_NO_KDF, byteSize=30, frameSize=15, readLen=60)]" classname="com.amazonaws.encryptionsdk.CryptoOutputStreamTest$ParameterizedEncryptDecryptTest" time="0.001"/>
  <testcase name="encryptDecrypt[51: encryptDecrypt(algorithm=ALG_AES_128_GCM_IV12_TAG16_NO_KDF, byteSize=30, frameSize=15, readLen=1,000,000)]" classname="com.amazonaws.encryptionsdk.CryptoOutputStreamTest$ParameterizedEncryptDecryptTest" time="0"/>
  <testcase name="encryptDecrypt[52: encryptDecrypt(algorithm=ALG_AES_128_GCM_IV12_TAG16_NO_KDF, byteSize=1,000,000, frameSize=15, readLen=999,999)]" classname="com.amazonaws.encryptionsdk.CryptoOutputStreamTest$ParameterizedEncryptDecryptTest" time="0.09"/>
  <testcase name="encryptDecrypt[53: encryptDecrypt(algorithm=ALG_AES_128_GCM_IV12_TAG16_NO_KDF, byteSize=1,000,000, frameSize=15, readLen=1,000,000)]" classname="com.amazonaws.encryptionsdk.CryptoOutputStreamTest$ParameterizedEncryptDecryptTest" time="0.077"/>
  <testcase name="encryptDecrypt[54: encryptDecrypt(algorithm=ALG_AES_128_GCM_IV12_TAG16_NO_KDF, byteSize=1,000,000, frameSize=15, readLen=1,000,001)]" classname="com.amazonaws.encryptionsdk.CryptoOutputStreamTest$ParameterizedEncryptDecryptTest" time="0.076"/>
  <testcase name="encryptDecrypt[55: encryptDecrypt(algorithm=ALG_AES_128_GCM_IV12_TAG16_NO_KDF, byteSize=1,000,000, frameSize=15, readLen=2,000,000)]" classname="com.amazonaws.encryptionsdk.CryptoOutputStreamTest$ParameterizedEncryptDecryptTest" time="0.075"/>
  <testcase name="encryptDecrypt[56: encryptDecrypt(algorithm=ALG_AES_128_GCM_IV12_TAG16_NO_KDF, byteSize=1,000,000, frameSize=15, readLen=1,000,000)]" classname="com.amazonaws.encryptionsdk.CryptoOutputStreamTest$ParameterizedEncryptDecryptTest" time="0.083"/>
  <testcase name="encryptDecrypt[57: encryptDecrypt(algorithm=ALG_AES_128_GCM_IV12_TAG16_NO_KDF, byteSize=0, frameSize=16, readLen=1)]" classname="com.amazonaws.encryptionsdk.CryptoOutputStreamTest$ParameterizedEncryptDecryptTest" time="0.001"/>
  <testcase name="encryptDecrypt[58: encryptDecrypt(algorithm=ALG_AES_128_GCM_IV12_TAG16_NO_KDF, byteSize=0, frameSize=16, readLen=1,000,000)]" classname="com.amazonaws.encryptionsdk.CryptoOutputStreamTest$ParameterizedEncryptDecryptTest" time="0"/>
  <testcase name="encryptDecrypt[59: encryptDecrypt(algorithm=ALG_AES_128_GCM_IV12_TAG16_NO_KDF, byteSize=1, frameSize=16, readLen=1)]" classname="com.amazonaws.encryptionsdk.CryptoOutputStreamTest$ParameterizedEncryptDecryptTest" time="0.002"/>
  <testcase name="encryptDecrypt[60: encryptDecrypt(algorithm=ALG_AES_128_GCM_IV12_TAG16_NO_KDF, byteSize=1, frameSize=16, readLen=2)]" classname="com.amazonaws.encryptionsdk.CryptoOutputStreamTest$ParameterizedEncryptDecryptTest" time="0"/>
  <testcase name="encryptDecrypt[61: encryptDecrypt(algorithm=ALG_AES_128_GCM_IV12_TAG16_NO_KDF, byteSize=1, frameSize=16, readLen=2)]" classname="com.amazonaws.encryptionsdk.CryptoOutputStreamTest$ParameterizedEncryptDecryptTest" time="0.001"/>
  <testcase name="encryptDecrypt[62: encryptDecrypt(algorithm=ALG_AES_128_GCM_IV12_TAG16_NO_KDF, byteSize=1, frameSize=16, readLen=1,000,000)]" classname="com.amazonaws.encryptionsdk.CryptoOutputStreamTest$ParameterizedEncryptDecryptTest" time="0"/>
  <testcase name="encryptDecrypt[63: encryptDecrypt(algorithm=ALG_AES_128_GCM_IV12_TAG16_NO_KDF, byteSize=15, frameSize=16, readLen=14)]" classname="com.amazonaws.encryptionsdk.CryptoOutputStreamTest$ParameterizedEncryptDecryptTest" time="0"/>
  <testcase name="encryptDecrypt[64: encryptDecrypt(algorithm=ALG_AES_128_GCM_IV12_TAG16_NO_KDF, byteSize=15, frameSize=16, readLen=15)]" classname="com.amazonaws.encryptionsdk.CryptoOutputStreamTest$ParameterizedEncryptDecryptTest" time="0"/>
  <testcase name="encryptDecrypt[65: encryptDecrypt(algorithm=ALG_AES_128_GCM_IV12_TAG16_NO_KDF, byteSize=15, frameSize=16, readLen=16)]" classname="com.amazonaws.encryptionsdk.CryptoOutputStreamTest$ParameterizedEncryptDecryptTest" time="0"/>
  <testcase name="encryptDecrypt[66: encryptDecrypt(algorithm=ALG_AES_128_GCM_IV12_TAG16_NO_KDF, byteSize=15, frameSize=16, readLen=30)]" classname="com.amazonaws.encryptionsdk.CryptoOutputStreamTest$ParameterizedEncryptDecryptTest" time="0"/>
  <testcase name="encryptDecrypt[67: encryptDecrypt(algorithm=ALG_AES_128_GCM_IV12_TAG16_NO_KDF, byteSize=15, frameSize=16, readLen=1,000,000)]" classname="com.amazonaws.encryptionsdk.CryptoOutputStreamTest$ParameterizedEncryptDecryptTest" time="0.001"/>
  <testcase name="encryptDecrypt[68: encryptDecrypt(algorithm=ALG_AES_128_GCM_IV12_TAG16_NO_KDF, byteSize=16, frameSize=16, readLen=15)]" classname="com.amazonaws.encryptionsdk.CryptoOutputStreamTest$ParameterizedEncryptDecryptTest" time="0"/>
  <testcase name="encryptDecrypt[69: encryptDecrypt(algorithm=ALG_AES_128_GCM_IV12_TAG16_NO_KDF, byteSize=16, frameSize=16, readLen=16)]" classname="com.amazonaws.encryptionsdk.CryptoOutputStreamTest$ParameterizedEncryptDecryptTest" time="0"/>
  <testcase name="encryptDecrypt[70: encryptDecrypt(algorithm=ALG_AES_128_GCM_IV12_TAG16_NO_KDF, byteSize=16, frameSize=16, readLen=17)]" classname="com.amazonaws.encryptionsdk.CryptoOutputStreamTest$ParameterizedEncryptDecryptTest" time="0"/>
  <testcase name="encryptDecrypt[71: encryptDecrypt(algorithm=ALG_AES_128_GCM_IV12_TAG16_NO_KDF, byteSize=16, frameSize=16, readLen=32)]" classname="com.amazonaws.encryptionsdk.CryptoOutputStreamTest$ParameterizedEncryptDecryptTest" time="0"/>
  <testcase name="encryptDecrypt[72: encryptDecrypt(algorithm=ALG_AES_128_GCM_IV12_TAG16_NO_KDF, byteSize=16, frameSize=16, readLen=1,000,000)]" classname="com.amazonaws.encryptionsdk.CryptoOutputStreamTest$ParameterizedEncryptDecryptTest" time="0"/>
  <testcase name="encryptDecrypt[73: encryptDecrypt(algorithm=ALG_AES_128_GCM_IV12_TAG16_NO_KDF, byteSize=17, frameSize=16, readLen=16)]" classname="com.amazonaws.encryptionsdk.CryptoOutputStreamTest$ParameterizedEncryptDecryptTest" time="0.001"/>
  <testcase name="encryptDecrypt[74: encryptDecrypt(algorithm=ALG_AES_128_GCM_IV12_TAG16_NO_KDF, byteSize=17, frameSize=16, readLen=17)]" classname="com.amazonaws.encryptionsdk.CryptoOutputStreamTest$ParameterizedEncryptDecryptTest" time="0"/>
  <testcase name="encryptDecrypt[75: encryptDecrypt(algorithm=ALG_AES_128_GCM_IV12_TAG16_NO_KDF, byteSize=17, frameSize=16, readLen=18)]" classname="com.amazonaws.encryptionsdk.CryptoOutputStreamTest$ParameterizedEncryptDecryptTest" time="0"/>
  <testcase name="encryptDecrypt[76: encryptDecrypt(algorithm=ALG_AES_128_GCM_IV12_TAG16_NO_KDF, byteSize=17, frameSize=16, readLen=34)]" classname="com.amazonaws.encryptionsdk.CryptoOutputStreamTest$ParameterizedEncryptDecryptTest" time="0"/>
  <testcase name="encryptDecrypt[77: encryptDecrypt(algorithm=ALG_AES_128_GCM_IV12_TAG16_NO_KDF, byteSize=17, frameSize=16, readLen=1,000,000)]" classname="com.amazonaws.encryptionsdk.CryptoOutputStreamTest$ParameterizedEncryptDecryptTest" time="0"/>
  <testcase name="encryptDecrypt[78: encryptDecrypt(algorithm=ALG_AES_128_GCM_IV12_TAG16_NO_KDF, byteSize=24, frameSize=16, readLen=23)]" classname="com.amazonaws.encryptionsdk.CryptoOutputStreamTest$ParameterizedEncryptDecryptTest" time="0"/>
  <testcase name="encryptDecrypt[79: encryptDecrypt(algorithm=ALG_AES_128_GCM_IV12_TAG16_NO_KDF, byteSize=24, frameSize=16, readLen=24)]" classname="com.amazonaws.encryptionsdk.CryptoOutputStreamTest$ParameterizedEncryptDecryptTest" time="0"/>
  <testcase name="encryptDecrypt[80: encryptDecrypt(algorithm=ALG_AES_128_GCM_IV12_TAG16_NO_KDF, byteSize=24, frameSize=16, readLen=25)]" classname="com.amazonaws.encryptionsdk.CryptoOutputStreamTest$ParameterizedEncryptDecryptTest" time="0.001"/>
  <testcase name="encryptDecrypt[81: encryptDecrypt(algorithm=ALG_AES_128_GCM_IV12_TAG16_NO_KDF, byteSize=24, frameSize=16, readLen=48)]" classname="com.amazonaws.encryptionsdk.CryptoOutputStreamTest$ParameterizedEncryptDecryptTest" time="0"/>
  <testcase name="encryptDecrypt[82: encryptDecrypt(algorithm=ALG_AES_128_GCM_IV12_TAG16_NO_KDF, byteSize=24, frameSize=16, readLen=1,000,000)]" classname="com.amazonaws.encryptionsdk.CryptoOutputStreamTest$ParameterizedEncryptDecryptTest" time="0"/>
  <testcase name="encryptDecrypt[83: encryptDecrypt(algorithm=ALG_AES_128_GCM_IV12_TAG16_NO_KDF, byteSize=32, frameSize=16, readLen=31)]" classname="com.amazonaws.encryptionsdk.CryptoOutputStreamTest$ParameterizedEncryptDecryptTest" time="0"/>
  <testcase name="encryptDecrypt[84: encryptDecrypt(algorithm=ALG_AES_128_GCM_IV12_TAG16_NO_KDF, byteSize=32, frameSize=16, readLen=32)]" classname="com.amazonaws.encryptionsdk.CryptoOutputStreamTest$ParameterizedEncryptDecryptTest" time="0"/>
  <testcase name="encryptDecrypt[85: encryptDecrypt(algorithm=ALG_AES_128_GCM_IV12_TAG16_NO_KDF, byteSize=32, frameSize=16, readLen=33)]" classname="com.amazonaws.encryptionsdk.CryptoOutputStreamTest$ParameterizedEncryptDecryptTest" time="0"/>
  <testcase name="encryptDecrypt[86: encryptDecrypt(algorithm=ALG_AES_128_GCM_IV12_TAG16_NO_KDF, byteSize=32, frameSize=16, readLen=64)]" classname="com.amazonaws.encryptionsdk.CryptoOutputStreamTest$ParameterizedEncryptDecryptTest" time="0"/>
  <testcase name="encryptDecrypt[87: encryptDecrypt(algorithm=ALG_AES_128_GCM_IV12_TAG16_NO_KDF, byteSize=32, frameSize=16, readLen=1,000,000)]" classname="com.amazonaws.encryptionsdk.CryptoOutputStreamTest$ParameterizedEncryptDecryptTest" time="0.001"/>
  <testcase name="encryptDecrypt[88: encryptDecrypt(algorithm=ALG_AES_128_GCM_IV12_TAG16_NO_KDF, byteSize=1,000,000, frameSize=16, readLen=999,999)]" classname="com.amazonaws.encryptionsdk.CryptoOutputStreamTest$ParameterizedEncryptDecryptTest" time="0.069"/>
  <testcase name="encryptDecrypt[89: encryptDecrypt(algorithm=ALG_AES_128_GCM_IV12_TAG16_NO_KDF, byteSize=1,000,000, frameSize=16, readLen=1,000,000)]" classname="com.amazonaws.encryptionsdk.CryptoOutputStreamTest$ParameterizedEncryptDecryptTest" time="0.067"/>
  <testcase name="encryptDecrypt[90: encryptDecrypt(algorithm=ALG_AES_128_GCM_IV12_TAG16_NO_KDF, byteSize=1,000,000, frameSize=16, readLen=1,000,001)]" classname="com.amazonaws.encryptionsdk.CryptoOutputStreamTest$ParameterizedEncryptDecryptTest" time="0.068"/>
  <testcase name="encryptDecrypt[91: encryptDecrypt(algorithm=ALG_AES_128_GCM_IV12_TAG16_NO_KDF, byteSize=1,000,000, frameSize=16, readLen=2,000,000)]" classname="com.amazonaws.encryptionsdk.CryptoOutputStreamTest$ParameterizedEncryptDecryptTest" time="0.067"/>
  <testcase name="encryptDecrypt[92: encryptDecrypt(algorithm=ALG_AES_128_GCM_IV12_TAG16_NO_KDF, byteSize=1,000,000, frameSize=16, readLen=1,000,000)]" classname="com.amazonaws.encryptionsdk.CryptoOutputStreamTest$ParameterizedEncryptDecryptTest" time="0.071"/>
  <testcase name="encryptDecrypt[93: encryptDecrypt(algorithm=ALG_AES_128_GCM_IV12_TAG16_NO_KDF, byteSize=0, frameSize=17, readLen=1)]" classname="com.amazonaws.encryptionsdk.CryptoOutputStreamTest$ParameterizedEncryptDecryptTest" time="0.001"/>
  <testcase name="encryptDecrypt[94: encryptDecrypt(algorithm=ALG_AES_128_GCM_IV12_TAG16_NO_KDF, byteSize=0, frameSize=17, readLen=1,000,000)]" classname="com.amazonaws.encryptionsdk.CryptoOutputStreamTest$ParameterizedEncryptDecryptTest" time="0"/>
  <testcase name="encryptDecrypt[95: encryptDecrypt(algorithm=ALG_AES_128_GCM_IV12_TAG16_NO_KDF, byteSize=1, frameSize=17, readLen=1)]" classname="com.amazonaws.encryptionsdk.CryptoOutputStreamTest$ParameterizedEncryptDecryptTest" time="0.001"/>
  <testcase name="encryptDecrypt[96: encryptDecrypt(algorithm=ALG_AES_128_GCM_IV12_TAG16_NO_KDF, byteSize=1, frameSize=17, readLen=2)]" classname="com.amazonaws.encryptionsdk.CryptoOutputStreamTest$ParameterizedEncryptDecryptTest" time="0.001"/>
  <testcase name="encryptDecrypt[97: encryptDecrypt(algorithm=ALG_AES_128_GCM_IV12_TAG16_NO_KDF, byteSize=1, frameSize=17, readLen=2)]" classname="com.amazonaws.encryptionsdk.CryptoOutputStreamTest$ParameterizedEncryptDecryptTest" time="0"/>
  <testcase name="encryptDecrypt[98: encryptDecrypt(algorithm=ALG_AES_128_GCM_IV12_TAG16_NO_KDF, byteSize=1, frameSize=17, readLen=1,000,000)]" classname="com.amazonaws.encryptionsdk.CryptoOutputStreamTest$ParameterizedEncryptDecryptTest" time="0"/>
  <testcase name="encryptDecrypt[99: encryptDecrypt(algorithm=ALG_AES_128_GCM_IV12_TAG16_NO_KDF, byteSize=16, frameSize=17, readLen=15)]" classname="com.amazonaws.encryptionsdk.CryptoOutputStreamTest$ParameterizedEncryptDecryptTest" time="0"/>
  <testcase name="encryptDecrypt[100: encryptDecrypt(algorithm=ALG_AES_128_GCM_IV12_TAG16_NO_KDF, byteSize=16, frameSize=17, readLen=16)]" classname="com.amazonaws.encryptionsdk.CryptoOutputStreamTest$ParameterizedEncryptDecryptTest" time="0.001"/>
  <testcase name="encryptDecrypt[101: encryptDecrypt(algorithm=ALG_AES_128_GCM_IV12_TAG16_NO_KDF, byteSize=16, frameSize=17, readLen=17)]" classname="com.amazonaws.encryptionsdk.CryptoOutputStreamTest$ParameterizedEncryptDecryptTest" time="0"/>
  <testcase name="encryptDecrypt[102: encryptDecrypt(algorithm=ALG_AES_128_GCM_IV12_TAG16_NO_KDF, byteSize=16, frameSize=17, readLen=32)]" classname="com.amazonaws.encryptionsdk.CryptoOutputStreamTest$ParameterizedEncryptDecryptTest" time="0"/>
  <testcase name="encryptDecrypt[103: encryptDecrypt(algorithm=ALG_AES_128_GCM_IV12_TAG16_NO_KDF, byteSize=16, frameSize=17, readLen=1,000,000)]" classname="com.amazonaws.encryptionsdk.CryptoOutputStreamTest$ParameterizedEncryptDecryptTest" time="0"/>
  <testcase name="encryptDecrypt[104: encryptDecrypt(algorithm=ALG_AES_128_GCM_IV12_TAG16_NO_KDF, byteSize=17, frameSize=17, readLen=16)]" classname="com.amazonaws.encryptionsdk.CryptoOutputStreamTest$ParameterizedEncryptDecryptTest" time="0"/>
  <testcase name="encryptDecrypt[105: encryptDecrypt(algorithm=ALG_AES_128_GCM_IV12_TAG16_NO_KDF, byteSize=17, frameSize=17, readLen=17)]" classname="com.amazonaws.encryptionsdk.CryptoOutputStreamTest$ParameterizedEncryptDecryptTest" time="0"/>
  <testcase name="encryptDecrypt[106: encryptDecrypt(algorithm=ALG_AES_128_GCM_IV12_TAG16_NO_KDF, byteSize=17, frameSize=17, readLen=18)]" classname="com.amazonaws.encryptionsdk.CryptoOutputStreamTest$ParameterizedEncryptDecryptTest" time="0.001"/>
  <testcase name="encryptDecrypt[107: encryptDecrypt(algorithm=ALG_AES_128_GCM_IV12_TAG16_NO_KDF, byteSize=17, frameSize=17, readLen=34)]" classname="com.amazonaws.encryptionsdk.CryptoOutputStreamTest$ParameterizedEncryptDecryptTest" time="0"/>
  <testcase name="encryptDecrypt[108: encryptDecrypt(algorithm=ALG_AES_128_GCM_IV12_TAG16_NO_KDF, byteSize=17, frameSize=17, readLen=1,000,000)]" classname="com.amazonaws.encryptionsdk.CryptoOutputStreamTest$ParameterizedEncryptDecryptTest" time="0"/>
  <testcase name="encryptDecrypt[109: encryptDecrypt(algorithm=ALG_AES_128_GCM_IV12_TAG16_NO_KDF, byteSize=18, frameSize=17, readLen=17)]" classname="com.amazonaws.encryptionsdk.CryptoOutputStreamTest$ParameterizedEncryptDecryptTest" time="0"/>
  <testcase name="encryptDecrypt[110: encryptDecrypt(algorithm=ALG_AES_128_GCM_IV12_TAG16_NO_KDF, byteSize=18, frameSize=17, readLen=18)]" classname="com.amazonaws.encryptionsdk.CryptoOutputStreamTest$ParameterizedEncryptDecryptTest" time="0"/>
  <testcase name="encryptDecrypt[111: encryptDecrypt(algorithm=ALG_AES_128_GCM_IV12_TAG16_NO_KDF, byteSize=18, frameSize=17, readLen=19)]" classname="com.amazonaws.encryptionsdk.CryptoOutputStreamTest$ParameterizedEncryptDecryptTest" time="0"/>
  <testcase name="encryptDecrypt[112: encryptDecrypt(algorithm=ALG_AES_128_GCM_IV12_TAG16_NO_KDF, byteSize=18, frameSize=17, readLen=36)]" classname="com.amazonaws.encryptionsdk.CryptoOutputStreamTest$ParameterizedEncryptDecryptTest" time="0.001"/>
  <testcase name="encryptDecrypt[113: encryptDecrypt(algorithm=ALG_AES_128_GCM_IV12_TAG16_NO_KDF, byteSize=18, frameSize=17, readLen=1,000,000)]" classname="com.amazonaws.encryptionsdk.CryptoOutputStreamTest$ParameterizedEncryptDecryptTest" time="0"/>
  <testcase name="encryptDecrypt[114: encryptDecrypt(algorithm=ALG_AES_128_GCM_IV12_TAG16_NO_KDF, byteSize=25, frameSize=17, readLen=24)]" classname="com.amazonaws.encryptionsdk.CryptoOutputStreamTest$ParameterizedEncryptDecryptTest" time="0"/>
  <testcase name="encryptDecrypt[115: encryptDecrypt(algorithm=ALG_AES_128_GCM_IV12_TAG16_NO_KDF, byteSize=25, frameSize=17, readLen=25)]" classname="com.amazonaws.encryptionsdk.CryptoOutputStreamTest$ParameterizedEncryptDecryptTest" time="0"/>
  <testcase name="encryptDecrypt[116: encryptDecrypt(algorithm=ALG_AES_128_GCM_IV12_TAG16_NO_KDF, byteSize=25, frameSize=17, readLen=26)]" classname="com.amazonaws.encryptionsdk.CryptoOutputStreamTest$ParameterizedEncryptDecryptTest" time="0"/>
  <testcase name="encryptDecrypt[117: encryptDecrypt(algorithm=ALG_AES_128_GCM_IV12_TAG16_NO_KDF, byteSize=25, frameSize=17, readLen=50)]" classname="com.amazonaws.encryptionsdk.CryptoOutputStreamTest$ParameterizedEncryptDecryptTest" time="0"/>
  <testcase name="encryptDecrypt[118: encryptDecrypt(algorithm=ALG_AES_128_GCM_IV12_TAG16_NO_KDF, byteSize=25, frameSize=17, readLen=1,000,000)]" classname="com.amazonaws.encryptionsdk.CryptoOutputStreamTest$ParameterizedEncryptDecryptTest" time="0.001"/>
  <testcase name="encryptDecrypt[119: encryptDecrypt(algorithm=ALG_AES_128_GCM_IV12_TAG16_NO_KDF, byteSize=34, frameSize=17, readLen=33)]" classname="com.amazonaws.encryptionsdk.CryptoOutputStreamTest$ParameterizedEncryptDecryptTest" time="0"/>
  <testcase name="encryptDecrypt[120: encryptDecrypt(algorithm=ALG_AES_128_GCM_IV12_TAG16_NO_KDF, byteSize=34, frameSize=17, readLen=34)]" classname="com.amazonaws.encryptionsdk.CryptoOutputStreamTest$ParameterizedEncryptDecryptTest" time="0"/>
  <testcase name="encryptDecrypt[121: encryptDecrypt(algorithm=ALG_AES_128_GCM_IV12_TAG16_NO_KDF, byteSize=34, frameSize=17, readLen=35)]" classname="com.amazonaws.encryptionsdk.CryptoOutputStreamTest$ParameterizedEncryptDecryptTest" time="0"/>
  <testcase name="encryptDecrypt[122: encryptDecrypt(algorithm=ALG_AES_128_GCM_IV12_TAG16_NO_KDF, byteSize=34, frameSize=17, readLen=68)]" classname="com.amazonaws.encryptionsdk.CryptoOutputStreamTest$ParameterizedEncryptDecryptTest" time="0"/>
  <testcase name="encryptDecrypt[123: encryptDecrypt(algorithm=ALG_AES_128_GCM_IV12_TAG16_NO_KDF, byteSize=34, frameSize=17, readLen=1,000,000)]" classname="com.amazonaws.encryptionsdk.CryptoOutputStreamTest$ParameterizedEncryptDecryptTest" time="0"/>
  <testcase name="encryptDecrypt[124: encryptDecrypt(algorithm=ALG_AES_128_GCM_IV12_TAG16_NO_KDF, byteSize=1,000,000, frameSize=17, readLen=999,999)]" classname="com.amazonaws.encryptionsdk.CryptoOutputStreamTest$ParameterizedEncryptDecryptTest" time="0.074"/>
  <testcase name="encryptDecrypt[125: encryptDecrypt(algorithm=ALG_AES_128_GCM_IV12_TAG16_NO_KDF, byteSize=1,000,000, frameSize=17, readLen=1,000,000)]" classname="com.amazonaws.encryptionsdk.CryptoOutputStreamTest$ParameterizedEncryptDecryptTest" time="0.071"/>
  <testcase name="encryptDecrypt[126: encryptDecrypt(algorithm=ALG_AES_128_GCM_IV12_TAG16_NO_KDF, byteSize=1,000,000, frameSize=17, readLen=1,000,001)]" classname="com.amazonaws.encryptionsdk.CryptoOutputStreamTest$ParameterizedEncryptDecryptTest" time="0.067"/>
  <testcase name="encryptDecrypt[127: encryptDecrypt(algorithm=ALG_AES_128_GCM_IV12_TAG16_NO_KDF, byteSize=1,000,000, frameSize=17, readLen=2,000,000)]" classname="com.amazonaws.encryptionsdk.CryptoOutputStreamTest$ParameterizedEncryptDecryptTest" time="0.069"/>
  <testcase name="encryptDecrypt[128: encryptDecrypt(algorithm=ALG_AES_128_GCM_IV12_TAG16_NO_KDF, byteSize=1,000,000, frameSize=17, readLen=1,000,000)]" classname="com.amazonaws.encryptionsdk.CryptoOutputStreamTest$ParameterizedEncryptDecryptTest" time="0.068"/>
  <testcase name="encryptDecrypt[129: encryptDecrypt(algorithm=ALG_AES_128_GCM_IV12_TAG16_NO_KDF, byteSize=0, frameSize=32, readLen=1)]" classname="com.amazonaws.encryptionsdk.CryptoOutputStreamTest$ParameterizedEncryptDecryptTest" time="0.002"/>
  <testcase name="encryptDecrypt[130: encryptDecrypt(algorithm=ALG_AES_128_GCM_IV12_TAG16_NO_KDF, byteSize=0, frameSize=32, readLen=1,000,000)]" classname="com.amazonaws.encryptionsdk.CryptoOutputStreamTest$ParameterizedEncryptDecryptTest" time="0"/>
  <testcase name="encryptDecrypt[131: encryptDecrypt(algorithm=ALG_AES_128_GCM_IV12_TAG16_NO_KDF, byteSize=1, frameSize=32, readLen=1)]" classname="com.amazonaws.encryptionsdk.CryptoOutputStreamTest$ParameterizedEncryptDecryptTest" time="0.001"/>
  <testcase name="encryptDecrypt[132: encryptDecrypt(algorithm=ALG_AES_128_GCM_IV12_TAG16_NO_KDF, byteSize=1, frameSize=32, readLen=2)]" classname="com.amazonaws.encryptionsdk.CryptoOutputStreamTest$ParameterizedEncryptDecryptTest" time="0.001"/>
  <testcase name="encryptDecrypt[133: encryptDecrypt(algorithm=ALG_AES_128_GCM_IV12_TAG16_NO_KDF, byteSize=1, frameSize=32, readLen=2)]" classname="com.amazonaws.encryptionsdk.CryptoOutputStreamTest$ParameterizedEncryptDecryptTest" time="0"/>
  <testcase name="encryptDecrypt[134: encryptDecrypt(algorithm=ALG_AES_128_GCM_IV12_TAG16_NO_KDF, byteSize=1, frameSize=32, readLen=1,000,000)]" classname="com.amazonaws.encryptionsdk.CryptoOutputStreamTest$ParameterizedEncryptDecryptTest" time="0"/>
  <testcase name="encryptDecrypt[135: encryptDecrypt(algorithm=ALG_AES_128_GCM_IV12_TAG16_NO_KDF, byteSize=31, frameSize=32, readLen=30)]" classname="com.amazonaws.encryptionsdk.CryptoOutputStreamTest$ParameterizedEncryptDecryptTest" time="0"/>
  <testcase name="encryptDecrypt[136: encryptDecrypt(algorithm=ALG_AES_128_GCM_IV12_TAG16_NO_KDF, byteSize=31, frameSize=32, readLen=31)]" classname="com.amazonaws.encryptionsdk.CryptoOutputStreamTest$ParameterizedEncryptDecryptTest" time="0"/>
  <testcase name="encryptDecrypt[137: encryptDecrypt(algorithm=ALG_AES_128_GCM_IV12_TAG16_NO_KDF, byteSize=31, frameSize=32, readLen=32)]" classname="com.amazonaws.encryptionsdk.CryptoOutputStreamTest$ParameterizedEncryptDecryptTest" time="0"/>
  <testcase name="encryptDecrypt[138: encryptDecrypt(algorithm=ALG_AES_128_GCM_IV12_TAG16_NO_KDF, byteSize=31, frameSize=32, readLen=62)]" classname="com.amazonaws.encryptionsdk.CryptoOutputStreamTest$ParameterizedEncryptDecryptTest" time="0"/>
  <testcase name="encryptDecrypt[139: encryptDecrypt(algorithm=ALG_AES_128_GCM_IV12_TAG16_NO_KDF, byteSize=31, frameSize=32, readLen=1,000,000)]" classname="com.amazonaws.encryptionsdk.CryptoOutputStreamTest$ParameterizedEncryptDecryptTest" time="0"/>
  <testcase name="encryptDecrypt[140: encryptDecrypt(algorithm=ALG_AES_128_GCM_IV12_TAG16_NO_KDF, byteSize=32, frameSize=32, readLen=31)]" classname="com.amazonaws.encryptionsdk.CryptoOutputStreamTest$ParameterizedEncryptDecryptTest" time="0"/>
  <testcase name="encryptDecrypt[141: encryptDecrypt(algorithm=ALG_AES_128_GCM_IV12_TAG16_NO_KDF, byteSize=32, frameSize=32, readLen=32)]" classname="com.amazonaws.encryptionsdk.CryptoOutputStreamTest$ParameterizedEncryptDecryptTest" time="0.001"/>
  <testcase name="encryptDecrypt[142: encryptDecrypt(algorithm=ALG_AES_128_GCM_IV12_TAG16_NO_KDF, byteSize=32, frameSize=32, readLen=33)]" classname="com.amazonaws.encryptionsdk.CryptoOutputStreamTest$ParameterizedEncryptDecryptTest" time="0"/>
  <testcase name="encryptDecrypt[143: encryptDecrypt(algorithm=ALG_AES_128_GCM_IV12_TAG16_NO_KDF, byteSize=32, frameSize=32, readLen=64)]" classname="com.amazonaws.encryptionsdk.CryptoOutputStreamTest$ParameterizedEncryptDecryptTest" time="0"/>
  <testcase name="encryptDecrypt[144: encryptDecrypt(algorithm=ALG_AES_128_GCM_IV12_TAG16_NO_KDF, byteSize=32, frameSize=32, readLen=1,000,000)]" classname="com.amazonaws.encryptionsdk.CryptoOutputStreamTest$ParameterizedEncryptDecryptTest" time="0"/>
  <testcase name="encryptDecrypt[145: encryptDecrypt(algorithm=ALG_AES_128_GCM_IV12_TAG16_NO_KDF, byteSize=33, frameSize=32, readLen=32)]" classname="com.amazonaws.encryptionsdk.CryptoOutputStreamTest$ParameterizedEncryptDecryptTest" time="0"/>
  <testcase name="encryptDecrypt[146: encryptDecrypt(algorithm=ALG_AES_128_GCM_IV12_TAG16_NO_KDF, byteSize=33, frameSize=32, readLen=33)]" classname="com.amazonaws.encryptionsdk.CryptoOutputStreamTest$ParameterizedEncryptDecryptTest" time="0"/>
  <testcase name="encryptDecrypt[147: encryptDecrypt(algorithm=ALG_AES_128_GCM_IV12_TAG16_NO_KDF, byteSize=33, frameSize=32, readLen=34)]" classname="com.amazonaws.encryptionsdk.CryptoOutputStreamTest$ParameterizedEncryptDecryptTest" time="0"/>
  <testcase name="encryptDecrypt[148: encryptDecrypt(algorithm=ALG_AES_128_GCM_IV12_TAG16_NO_KDF, byteSize=33, frameSize=32, readLen=66)]" classname="com.amazonaws.encryptionsdk.CryptoOutputStreamTest$ParameterizedEncryptDecryptTest" time="0.001"/>
  <testcase name="encryptDecrypt[149: encryptDecrypt(algorithm=ALG_AES_128_GCM_IV12_TAG16_NO_KDF, byteSize=33, frameSize=32, readLen=1,000,000)]" classname="com.amazonaws.encryptionsdk.CryptoOutputStreamTest$ParameterizedEncryptDecryptTest" time="0"/>
  <testcase name="encryptDecrypt[150: encryptDecrypt(algorithm=ALG_AES_128_GCM_IV12_TAG16_NO_KDF, byteSize=48, frameSize=32, readLen=47)]" classname="com.amazonaws.encryptionsdk.CryptoOutputStreamTest$ParameterizedEncryptDecryptTest" time="0"/>
  <testcase name="encryptDecrypt[151: encryptDecrypt(algorithm=ALG_AES_128_GCM_IV12_TAG16_NO_KDF, byteSize=48, frameSize=32, readLen=48)]" classname="com.amazonaws.encryptionsdk.CryptoOutputStreamTest$ParameterizedEncryptDecryptTest" time="0"/>
  <testcase name="encryptDecrypt[152: encryptDecrypt(algorithm=ALG_AES_128_GCM_IV12_TAG16_NO_KDF, byteSize=48, frameSize=32, readLen=49)]" classname="com.amazonaws.encryptionsdk.CryptoOutputStreamTest$ParameterizedEncryptDecryptTest" time="0"/>
  <testcase name="encryptDecrypt[153: encryptDecrypt(algorithm=ALG_AES_128_GCM_IV12_TAG16_NO_KDF, byteSize=48, frameSize=32, readLen=96)]" classname="com.amazonaws.encryptionsdk.CryptoOutputStreamTest$ParameterizedEncryptDecryptTest" time="0"/>
  <testcase name="encryptDecrypt[154: encryptDecrypt(algorithm=ALG_AES_128_GCM_IV12_TAG16_NO_KDF, byteSize=48, frameSize=32, readLen=1,000,000)]" classname="com.amazonaws.encryptionsdk.CryptoOutputStreamTest$ParameterizedEncryptDecryptTest" time="0"/>
  <testcase name="encryptDecrypt[155: encryptDecrypt(algorithm=ALG_AES_128_GCM_IV12_TAG16_NO_KDF, byteSize=64, frameSize=32, readLen=63)]" classname="com.amazonaws.encryptionsdk.CryptoOutputStreamTest$ParameterizedEncryptDecryptTest" time="0.001"/>
  <testcase name="encryptDecrypt[156: encryptDecrypt(algorithm=ALG_AES_128_GCM_IV12_TAG16_NO_KDF, byteSize=64, frameSize=32, readLen=64)]" classname="com.amazonaws.encryptionsdk.CryptoOutputStreamTest$ParameterizedEncryptDecryptTest" time="0"/>
  <testcase name="encryptDecrypt[157: encryptDecrypt(algorithm=ALG_AES_128_GCM_IV12_TAG16_NO_KDF, byteSize=64, frameSize=32, readLen=65)]" classname="com.amazonaws.encryptionsdk.CryptoOutputStreamTest$ParameterizedEncryptDecryptTest" time="0"/>
  <testcase name="encryptDecrypt[158: encryptDecrypt(algorithm=ALG_AES_128_GCM_IV12_TAG16_NO_KDF, byteSize=64, frameSize=32, readLen=128)]" classname="com.amazonaws.encryptionsdk.CryptoOutputStreamTest$ParameterizedEncryptDecryptTest" time="0"/>
  <testcase name="encryptDecrypt[159: encryptDecrypt(algorithm=ALG_AES_128_GCM_IV12_TAG16_NO_KDF, byteSize=64, frameSize=32, readLen=1,000,000)]" classname="com.amazonaws.encryptionsdk.CryptoOutputStreamTest$ParameterizedEncryptDecryptTest" time="0"/>
  <testcase name="encryptDecrypt[160: encryptDecrypt(algorithm=ALG_AES_128_GCM_IV12_TAG16_NO_KDF, byteSize=1,000,000, frameSize=32, readLen=999,999)]" classname="com.amazonaws.encryptionsdk.CryptoOutputStreamTest$ParameterizedEncryptDecryptTest" time="0.047"/>
  <testcase name="encryptDecrypt[161: encryptDecrypt(algorithm=ALG_AES_128_GCM_IV12_TAG16_NO_KDF, byteSize=1,000,000, frameSize=32, readLen=1,000,000)]" classname="com.amazonaws.encryptionsdk.CryptoOutputStreamTest$ParameterizedEncryptDecryptTest" time="0.04"/>
  <testcase name="encryptDecrypt[162: encryptDecrypt(algorithm=ALG_AES_128_GCM_IV12_TAG16_NO_KDF, byteSize=1,000,000, frameSize=32, readLen=1,000,001)]" classname="com.amazonaws.encryptionsdk.CryptoOutputStreamTest$ParameterizedEncryptDecryptTest" time="0.039"/>
  <testcase name="encryptDecrypt[163: encryptDecrypt(algorithm=ALG_AES_128_GCM_IV12_TAG16_NO_KDF, byteSize=1,000,000, frameSize=32, readLen=2,000,000)]" classname="com.amazonaws.encryptionsdk.CryptoOutputStreamTest$ParameterizedEncryptDecryptTest" time="0.037"/>
  <testcase name="encryptDecrypt[164: encryptDecrypt(algorithm=ALG_AES_128_GCM_IV12_TAG16_NO_KDF, byteSize=1,000,000, frameSize=32, readLen=1,000,000)]" classname="com.amazonaws.encryptionsdk.CryptoOutputStreamTest$ParameterizedEncryptDecryptTest" time="0.038"/>
  <testcase name="encryptDecrypt[165: encryptDecrypt(algorithm=ALG_AES_128_GCM_IV12_TAG16_NO_KDF, byteSize=0, frameSize=160, readLen=1)]" classname="com.amazonaws.encryptionsdk.CryptoOutputStreamTest$ParameterizedEncryptDecryptTest" time="0.001"/>
  <testcase name="encryptDecrypt[166: encryptDecrypt(algorithm=ALG_AES_128_GCM_IV12_TAG16_NO_KDF, byteSize=0, frameSize=160, readLen=1,000,000)]" classname="com.amazonaws.encryptionsdk.CryptoOutputStreamTest$ParameterizedEncryptDecryptTest" time="0"/>
  <testcase name="encryptDecrypt[167: encryptDecrypt(algorithm=ALG_AES_128_GCM_IV12_TAG16_NO_KDF, byteSize=1, frameSize=160, readLen=1)]" classname="com.amazonaws.encryptionsdk.CryptoOutputStreamTest$ParameterizedEncryptDecryptTest" time="0.001"/>
  <testcase name="encryptDecrypt[168: encryptDecrypt(algorithm=ALG_AES_128_GCM_IV12_TAG16_NO_KDF, byteSize=1, frameSize=160, readLen=2)]" classname="com.amazonaws.encryptionsdk.CryptoOutputStreamTest$ParameterizedEncryptDecryptTest" time="0.001"/>
  <testcase name="encryptDecrypt[169: encryptDecrypt(algorithm=ALG_AES_128_GCM_IV12_TAG16_NO_KDF, byteSize=1, frameSize=160, readLen=2)]" classname="com.amazonaws.encryptionsdk.CryptoOutputStreamTest$ParameterizedEncryptDecryptTest" time="0"/>
  <testcase name="encryptDecrypt[170: encryptDecrypt(algorithm=ALG_AES_128_GCM_IV12_TAG16_NO_KDF, byteSize=1, frameSize=160, readLen=1,000,000)]" classname="com.amazonaws.encryptionsdk.CryptoOutputStreamTest$ParameterizedEncryptDecryptTest" time="0"/>
  <testcase name="encryptDecrypt[171: encryptDecrypt(algorithm=ALG_AES_128_GCM_IV12_TAG16_NO_KDF, byteSize=159, frameSize=160, readLen=158)]" classname="com.amazonaws.encryptionsdk.CryptoOutputStreamTest$ParameterizedEncryptDecryptTest" time="0"/>
  <testcase name="encryptDecrypt[172: encryptDecrypt(algorithm=ALG_AES_128_GCM_IV12_TAG16_NO_KDF, byteSize=159, frameSize=160, readLen=159)]" classname="com.amazonaws.encryptionsdk.CryptoOutputStreamTest$ParameterizedEncryptDecryptTest" time="0"/>
  <testcase name="encryptDecrypt[173: encryptDecrypt(algorithm=ALG_AES_128_GCM_IV12_TAG16_NO_KDF, byteSize=159, frameSize=160, readLen=160)]" classname="com.amazonaws.encryptionsdk.CryptoOutputStreamTest$ParameterizedEncryptDecryptTest" time="0"/>
  <testcase name="encryptDecrypt[174: encryptDecrypt(algorithm=ALG_AES_128_GCM_IV12_TAG16_NO_KDF, byteSize=159, frameSize=160, readLen=318)]" classname="com.amazonaws.encryptionsdk.CryptoOutputStreamTest$ParameterizedEncryptDecryptTest" time="0"/>
  <testcase name="encryptDecrypt[175: encryptDecrypt(algorithm=ALG_AES_128_GCM_IV12_TAG16_NO_KDF, byteSize=159, frameSize=160, readLen=1,000,000)]" classname="com.amazonaws.encryptionsdk.CryptoOutputStreamTest$ParameterizedEncryptDecryptTest" time="0"/>
  <testcase name="encryptDecrypt[176: encryptDecrypt(algorithm=ALG_AES_128_GCM_IV12_TAG16_NO_KDF, byteSize=160, frameSize=160, readLen=159)]" classname="com.amazonaws.encryptionsdk.CryptoOutputStreamTest$ParameterizedEncryptDecryptTest" time="0"/>
  <testcase name="encryptDecrypt[177: encryptDecrypt(algorithm=ALG_AES_128_GCM_IV12_TAG16_NO_KDF, byteSize=160, frameSize=160, readLen=160)]" classname="com.amazonaws.encryptionsdk.CryptoOutputStreamTest$ParameterizedEncryptDecryptTest" time="0"/>
  <testcase name="encryptDecrypt[178: encryptDecrypt(algorithm=ALG_AES_128_GCM_IV12_TAG16_NO_KDF, byteSize=160, frameSize=160, readLen=161)]" classname="com.amazonaws.encryptionsdk.CryptoOutputStreamTest$ParameterizedEncryptDecryptTest" time="0"/>
  <testcase name="encryptDecrypt[179: encryptDecrypt(algorithm=ALG_AES_128_GCM_IV12_TAG16_NO_KDF, byteSize=160, frameSize=160, readLen=320)]" classname="com.amazonaws.encryptionsdk.CryptoOutputStreamTest$ParameterizedEncryptDecryptTest" time="0"/>
  <testcase name="encryptDecrypt[180: encryptDecrypt(algorithm=ALG_AES_128_GCM_IV12_TAG16_NO_KDF, byteSize=160, frameSize=160, readLen=1,000,000)]" classname="com.amazonaws.encryptionsdk.CryptoOutputStreamTest$ParameterizedEncryptDecryptTest" time="0.001"/>
  <testcase name="encryptDecrypt[181: encryptDecrypt(algorithm=ALG_AES_128_GCM_IV12_TAG16_NO_KDF, byteSize=161, frameSize=160, readLen=160)]" classname="com.amazonaws.encryptionsdk.CryptoOutputStreamTest$ParameterizedEncryptDecryptTest" time="0"/>
  <testcase name="encryptDecrypt[182: encryptDecrypt(algorithm=ALG_AES_128_GCM_IV12_TAG16_NO_KDF, byteSize=161, frameSize=160, readLen=161)]" classname="com.amazonaws.encryptionsdk.CryptoOutputStreamTest$ParameterizedEncryptDecryptTest" time="0"/>
  <testcase name="encryptDecrypt[183: encryptDecrypt(algorithm=ALG_AES_128_GCM_IV12_TAG16_NO_KDF, byteSize=161, frameSize=160, readLen=162)]" classname="com.amazonaws.encryptionsdk.CryptoOutputStreamTest$ParameterizedEncryptDecryptTest" time="0"/>
  <testcase name="encryptDecrypt[184: encryptDecrypt(algorithm=ALG_AES_128_GCM_IV12_TAG16_NO_KDF, byteSize=161, frameSize=160, readLen=322)]" classname="com.amazonaws.encryptionsdk.CryptoOutputStreamTest$ParameterizedEncryptDecryptTest" time="0"/>
  <testcase name="encryptDecrypt[185: encryptDecrypt(algorithm=ALG_AES_128_GCM_IV12_TAG16_NO_KDF, byteSize=161, frameSize=160, readLen=1,000,000)]" classname="com.amazonaws.encryptionsdk.CryptoOutputStreamTest$ParameterizedEncryptDecryptTest" time="0"/>
  <testcase name="encryptDecrypt[186: encryptDecrypt(algorithm=ALG_AES_128_GCM_IV12_TAG16_NO_KDF, byteSize=240, frameSize=160, readLen=239)]" classname="com.amazonaws.encryptionsdk.CryptoOutputStreamTest$ParameterizedEncryptDecryptTest" time="0"/>
  <testcase name="encryptDecrypt[187: encryptDecrypt(algorithm=ALG_AES_128_GCM_IV12_TAG16_NO_KDF, byteSize=240, frameSize=160, readLen=240)]" classname="com.amazonaws.encryptionsdk.CryptoOutputStreamTest$ParameterizedEncryptDecryptTest" time="0"/>
  <testcase name="encryptDecrypt[188: encryptDecrypt(algorithm=ALG_AES_128_GCM_IV12_TAG16_NO_KDF, byteSize=240, frameSize=160, readLen=241)]" classname="com.amazonaws.encryptionsdk.CryptoOutputStreamTest$ParameterizedEncryptDecryptTest" time="0"/>
  <testcase name="encryptDecrypt[189: encryptDecrypt(algorithm=ALG_AES_128_GCM_IV12_TAG16_NO_KDF, byteSize=240, frameSize=160, readLen=480)]" classname="com.amazonaws.encryptionsdk.CryptoOutputStreamTest$ParameterizedEncryptDecryptTest" time="0.001"/>
  <testcase name="encryptDecrypt[190: encryptDecrypt(algorithm=ALG_AES_128_GCM_IV12_TAG16_NO_KDF, byteSize=240, frameSize=160, readLen=1,000,000)]" classname="com.amazonaws.encryptionsdk.CryptoOutputStreamTest$ParameterizedEncryptDecryptTest" time="0"/>
  <testcase name="encryptDecrypt[191: encryptDecrypt(algorithm=ALG_AES_128_GCM_IV12_TAG16_NO_KDF, byteSize=320, frameSize=160, readLen=319)]" classname="com.amazonaws.encryptionsdk.CryptoOutputStreamTest$ParameterizedEncryptDecryptTest" time="0"/>
  <testcase name="encryptDecrypt[192: encryptDecrypt(algorithm=ALG_AES_128_GCM_IV12_TAG16_NO_KDF, byteSize=320, frameSize=160, readLen=320)]" classname="com.amazonaws.encryptionsdk.CryptoOutputStreamTest$ParameterizedEncryptDecryptTest" time="0"/>
  <testcase name="encryptDecrypt[193: encryptDecrypt(algorithm=ALG_AES_128_GCM_IV12_TAG16_NO_KDF, byteSize=320, frameSize=160, readLen=321)]" classname="com.amazonaws.encryptionsdk.CryptoOutputStreamTest$ParameterizedEncryptDecryptTest" time="0"/>
  <testcase name="encryptDecrypt[194: encryptDecrypt(algorithm=ALG_AES_128_GCM_IV12_TAG16_NO_KDF, byteSize=320, frameSize=160, readLen=640)]" classname="com.amazonaws.encryptionsdk.CryptoOutputStreamTest$ParameterizedEncryptDecryptTest" time="0"/>
  <testcase name="encryptDecrypt[195: encryptDecrypt(algorithm=ALG_AES_128_GCM_IV12_TAG16_NO_KDF, byteSize=320, frameSize=160, readLen=1,000,000)]" classname="com.amazonaws.encryptionsdk.CryptoOutputStreamTest$ParameterizedEncryptDecryptTest" time="0"/>
  <testcase name="encryptDecrypt[196: encryptDecrypt(algorithm=ALG_AES_128_GCM_IV12_TAG16_NO_KDF, byteSize=1,000,000, frameSize=160, readLen=999,999)]" classname="com.amazonaws.encryptionsdk.CryptoOutputStreamTest$ParameterizedEncryptDecryptTest" time="0.015"/>
  <testcase name="encryptDecrypt[197: encryptDecrypt(algorithm=ALG_AES_128_GCM_IV12_TAG16_NO_KDF, byteSize=1,000,000, frameSize=160, readLen=1,000,000)]" classname="com.amazonaws.encryptionsdk.CryptoOutputStreamTest$ParameterizedEncryptDecryptTest" time="0.015"/>
  <testcase name="encryptDecrypt[198: encryptDecrypt(algorithm=ALG_AES_128_GCM_IV12_TAG16_NO_KDF, byteSize=1,000,000, frameSize=160, readLen=1,000,001)]" classname="com.amazonaws.encryptionsdk.CryptoOutputStreamTest$ParameterizedEncryptDecryptTest" time="0.014"/>
  <testcase name="encryptDecrypt[199: encryptDecrypt(algorithm=ALG_AES_128_GCM_IV12_TAG16_NO_KDF, byteSize=1,000,000, frameSize=160, readLen=2,000,000)]" classname="com.amazonaws.encryptionsdk.CryptoOutputStreamTest$ParameterizedEncryptDecryptTest" time="0.014"/>
  <testcase name="encryptDecrypt[200: encryptDecrypt(algorithm=ALG_AES_128_GCM_IV12_TAG16_NO_KDF, byteSize=1,000,000, frameSize=160, readLen=1,000,000)]" classname="com.amazonaws.encryptionsdk.CryptoOutputStreamTest$ParameterizedEncryptDecryptTest" time="0.014"/>
  <testcase name="encryptDecrypt[201: encryptDecrypt(algorithm=ALG_AES_128_GCM_IV12_TAG16_NO_KDF, byteSize=0, frameSize=161, readLen=1)]" classname="com.amazonaws.encryptionsdk.CryptoOutputStreamTest$ParameterizedEncryptDecryptTest" time="0.001"/>
  <testcase name="encryptDecrypt[202: encryptDecrypt(algorithm=ALG_AES_128_GCM_IV12_TAG16_NO_KDF, byteSize=0, frameSize=161, readLen=1,000,000)]" classname="com.amazonaws.encryptionsdk.CryptoOutputStreamTest$ParameterizedEncryptDecryptTest" time="0.001"/>
  <testcase name="encryptDecrypt[203: encryptDecrypt(algorithm=ALG_AES_128_GCM_IV12_TAG16_NO_KDF, byteSize=1, frameSize=161, readLen=1)]" classname="com.amazonaws.encryptionsdk.CryptoOutputStreamTest$ParameterizedEncryptDecryptTest" time="0"/>
  <testcase name="encryptDecrypt[204: encryptDecrypt(algorithm=ALG_AES_128_GCM_IV12_TAG16_NO_KDF, byteSize=1, frameSize=161, readLen=2)]" classname="com.amazonaws.encryptionsdk.CryptoOutputStreamTest$ParameterizedEncryptDecryptTest" time="0"/>
  <testcase name="encryptDecrypt[205: encryptDecrypt(algorithm=ALG_AES_128_GCM_IV12_TAG16_NO_KDF, byteSize=1, frameSize=161, readLen=2)]" classname="com.amazonaws.encryptionsdk.CryptoOutputStreamTest$ParameterizedEncryptDecryptTest" time="0"/>
  <testcase name="encryptDecrypt[206: encryptDecrypt(algorithm=ALG_AES_128_GCM_IV12_TAG16_NO_KDF, byteSize=1, frameSize=161, readLen=1,000,000)]" classname="com.amazonaws.encryptionsdk.CryptoOutputStreamTest$ParameterizedEncryptDecryptTest" time="0"/>
  <testcase name="encryptDecrypt[207: encryptDecrypt(algorithm=ALG_AES_128_GCM_IV12_TAG16_NO_KDF, byteSize=160, frameSize=161, readLen=159)]" classname="com.amazonaws.encryptionsdk.CryptoOutputStreamTest$ParameterizedEncryptDecryptTest" time="0"/>
  <testcase name="encryptDecrypt[208: encryptDecrypt(algorithm=ALG_AES_128_GCM_IV12_TAG16_NO_KDF, byteSize=160, frameSize=161, readLen=160)]" classname="com.amazonaws.encryptionsdk.CryptoOutputStreamTest$ParameterizedEncryptDecryptTest" time="0"/>
  <testcase name="encryptDecrypt[209: encryptDecrypt(algorithm=ALG_AES_128_GCM_IV12_TAG16_NO_KDF, byteSize=160, frameSize=161, readLen=161)]" classname="com.amazonaws.encryptionsdk.CryptoOutputStreamTest$ParameterizedEncryptDecryptTest" time="0"/>
  <testcase name="encryptDecrypt[210: encryptDecrypt(algorithm=ALG_AES_128_GCM_IV12_TAG16_NO_KDF, byteSize=160, frameSize=161, readLen=320)]" classname="com.amazonaws.encryptionsdk.CryptoOutputStreamTest$ParameterizedEncryptDecryptTest" time="0"/>
  <testcase name="encryptDecrypt[211: encryptDecrypt(algorithm=ALG_AES_128_GCM_IV12_TAG16_NO_KDF, byteSize=160, frameSize=161, readLen=1,000,000)]" classname="com.amazonaws.encryptionsdk.CryptoOutputStreamTest$ParameterizedEncryptDecryptTest" time="0"/>
  <testcase name="encryptDecrypt[212: encryptDecrypt(algorithm=ALG_AES_128_GCM_IV12_TAG16_NO_KDF, byteSize=161, frameSize=161, readLen=160)]" classname="com.amazonaws.encryptionsdk.CryptoOutputStreamTest$ParameterizedEncryptDecryptTest" time="0"/>
  <testcase name="encryptDecrypt[213: encryptDecrypt(algorithm=ALG_AES_128_GCM_IV12_TAG16_NO_KDF, byteSize=161, frameSize=161, readLen=161)]" classname="com.amazonaws.encryptionsdk.CryptoOutputStreamTest$ParameterizedEncryptDecryptTest" time="0"/>
  <testcase name="encryptDecrypt[214: encryptDecrypt(algorithm=ALG_AES_128_GCM_IV12_TAG16_NO_KDF, byteSize=161, frameSize=161, readLen=162)]" classname="com.amazonaws.encryptionsdk.CryptoOutputStreamTest$ParameterizedEncryptDecryptTest" time="0"/>
  <testcase name="encryptDecrypt[215: encryptDecrypt(algorithm=ALG_AES_128_GCM_IV12_TAG16_NO_KDF, byteSize=161, frameSize=161, readLen=322)]" classname="com.amazonaws.encryptionsdk.CryptoOutputStreamTest$ParameterizedEncryptDecryptTest" time="0"/>
  <testcase name="encryptDecrypt[216: encryptDecrypt(algorithm=ALG_AES_128_GCM_IV12_TAG16_NO_KDF, byteSize=161, frameSize=161, readLen=1,000,000)]" classname="com.amazonaws.encryptionsdk.CryptoOutputStreamTest$ParameterizedEncryptDecryptTest" time="0"/>
  <testcase name="encryptDecrypt[217: encryptDecrypt(algorithm=ALG_AES_128_GCM_IV12_TAG16_NO_KDF, byteSize=162, frameSize=161, readLen=161)]" classname="com.amazonaws.encryptionsdk.CryptoOutputStreamTest$ParameterizedEncryptDecryptTest" time="0"/>
  <testcase name="encryptDecrypt[218: encryptDecrypt(algorithm=ALG_AES_128_GCM_IV12_TAG16_NO_KDF, byteSize=162, frameSize=161, readLen=162)]" classname="com.amazonaws.encryptionsdk.CryptoOutputStreamTest$ParameterizedEncryptDecryptTest" time="0"/>
  <testcase name="encryptDecrypt[219: encryptDecrypt(algorithm=ALG_AES_128_GCM_IV12_TAG16_NO_KDF, byteSize=162, frameSize=161, readLen=163)]" classname="com.amazonaws.encryptionsdk.CryptoOutputStreamTest$ParameterizedEncryptDecryptTest" time="0"/>
  <testcase name="encryptDecrypt[220: encryptDecrypt(algorithm=ALG_AES_128_GCM_IV12_TAG16_NO_KDF, byteSize=162, frameSize=161, readLen=324)]" classname="com.amazonaws.encryptionsdk.CryptoOutputStreamTest$ParameterizedEncryptDecryptTest" time="0"/>
  <testcase name="encryptDecrypt[221: encryptDecrypt(algorithm=ALG_AES_128_GCM_IV12_TAG16_NO_KDF, byteSize=162, frameSize=161, readLen=1,000,000)]" classname="com.amazonaws.encryptionsdk.CryptoOutputStreamTest$ParameterizedEncryptDecryptTest" time="0"/>
  <testcase name="encryptDecrypt[222: encryptDecrypt(algorithm=ALG_AES_128_GCM_IV12_TAG16_NO_KDF, byteSize=241, frameSize=161, readLen=240)]" classname="com.amazonaws.encryptionsdk.CryptoOutputStreamTest$ParameterizedEncryptDecryptTest" time="0"/>
  <testcase name="encryptDecrypt[223: encryptDecrypt(algorithm=ALG_AES_128_GCM_IV12_TAG16_NO_KDF, byteSize=241, frameSize=161, readLen=241)]" classname="com.amazonaws.encryptionsdk.CryptoOutputStreamTest$ParameterizedEncryptDecryptTest" time="0.001"/>
  <testcase name="encryptDecrypt[224: encryptDecrypt(algorithm=ALG_AES_128_GCM_IV12_TAG16_NO_KDF, byteSize=241, frameSize=161, readLen=242)]" classname="com.amazonaws.encryptionsdk.CryptoOutputStreamTest$ParameterizedEncryptDecryptTest" time="0"/>
  <testcase name="encryptDecrypt[225: encryptDecrypt(algorithm=ALG_AES_128_GCM_IV12_TAG16_NO_KDF, byteSize=241, frameSize=161, readLen=482)]" classname="com.amazonaws.encryptionsdk.CryptoOutputStreamTest$ParameterizedEncryptDecryptTest" time="0"/>
  <testcase name="encryptDecrypt[226: encryptDecrypt(algorithm=ALG_AES_128_GCM_IV12_TAG16_NO_KDF, byteSize=241, frameSize=161, readLen=1,000,000)]" classname="com.amazonaws.encryptionsdk.CryptoOutputStreamTest$ParameterizedEncryptDecryptTest" time="0"/>
  <testcase name="encryptDecrypt[227: encryptDecrypt(algorithm=ALG_AES_128_GCM_IV12_TAG16_NO_KDF, byteSize=322, frameSize=161, readLen=321)]" classname="com.amazonaws.encryptionsdk.CryptoOutputStreamTest$ParameterizedEncryptDecryptTest" time="0"/>
  <testcase name="encryptDecrypt[228: encryptDecrypt(algorithm=ALG_AES_128_GCM_IV12_TAG16_NO_KDF, byteSize=322, frameSize=161, readLen=322)]" classname="com.amazonaws.encryptionsdk.CryptoOutputStreamTest$ParameterizedEncryptDecryptTest" time="0"/>
  <testcase name="encryptDecrypt[229: encryptDecrypt(algorithm=ALG_AES_128_GCM_IV12_TAG16_NO_KDF, byteSize=322, frameSize=161, readLen=323)]" classname="com.amazonaws.encryptionsdk.CryptoOutputStreamTest$ParameterizedEncryptDecryptTest" time="0"/>
  <testcase name="encryptDecrypt[230: encryptDecrypt(algorithm=ALG_AES_128_GCM_IV12_TAG16_NO_KDF, byteSize=322, frameSize=161, readLen=644)]" classname="com.amazonaws.encryptionsdk.CryptoOutputStreamTest$ParameterizedEncryptDecryptTest" time="0"/>
  <testcase name="encryptDecrypt[231: encryptDecrypt(algorithm=ALG_AES_128_GCM_IV12_TAG16_NO_KDF, byteSize=322, frameSize=161, readLen=1,000,000)]" classname="com.amazonaws.encryptionsdk.CryptoOutputStreamTest$ParameterizedEncryptDecryptTest" time="0"/>
  <testcase name="encryptDecrypt[232: encryptDecrypt(algorithm=ALG_AES_128_GCM_IV12_TAG16_NO_KDF, byteSize=1,000,000, frameSize=161, readLen=999,999)]" classname="com.amazonaws.encryptionsdk.CryptoOutputStreamTest$ParameterizedEncryptDecryptTest" time="0.016"/>
  <testcase name="encryptDecrypt[233: encryptDecrypt(algorithm=ALG_AES_128_GCM_IV12_TAG16_NO_KDF, byteSize=1,000,000, frameSize=161, readLen=1,000,000)]" classname="com.amazonaws.encryptionsdk.CryptoOutputStreamTest$ParameterizedEncryptDecryptTest" time="0.014"/>
  <testcase name="encryptDecrypt[234: encryptDecrypt(algorithm=ALG_AES_128_GCM_IV12_TAG16_NO_KDF, byteSize=1,000,000, frameSize=161, readLen=1,000,001)]" classname="com.amazonaws.encryptionsdk.CryptoOutputStreamTest$ParameterizedEncryptDecryptTest" time="0.015"/>
  <testcase name="encryptDecrypt[235: encryptDecrypt(algorithm=ALG_AES_128_GCM_IV12_TAG16_NO_KDF, byteSize=1,000,000, frameSize=161, readLen=2,000,000)]" classname="com.amazonaws.encryptionsdk.CryptoOutputStreamTest$ParameterizedEncryptDecryptTest" time="0.014"/>
  <testcase name="encryptDecrypt[236: encryptDecrypt(algorithm=ALG_AES_128_GCM_IV12_TAG16_NO_KDF, byteSize=1,000,000, frameSize=161, readLen=1,000,000)]" classname="com.amazonaws.encryptionsdk.CryptoOutputStreamTest$ParameterizedEncryptDecryptTest" time="0.014"/>
  <testcase name="encryptDecrypt[237: encryptDecrypt(algorithm=ALG_AES_128_GCM_IV12_TAG16_NO_KDF, byteSize=0, frameSize=4,096, readLen=1)]" classname="com.amazonaws.encryptionsdk.CryptoOutputStreamTest$ParameterizedEncryptDecryptTest" time="0.001"/>
  <testcase name="encryptDecrypt[238: encryptDecrypt(algorithm=ALG_AES_128_GCM_IV12_TAG16_NO_KDF, byteSize=0, frameSize=4,096, readLen=1,000,000)]" classname="com.amazonaws.encryptionsdk.CryptoOutputStreamTest$ParameterizedEncryptDecryptTest" time="0"/>
  <testcase name="encryptDecrypt[239: encryptDecrypt(algorithm=ALG_AES_128_GCM_IV12_TAG16_NO_KDF, byteSize=1, frameSize=4,096, readLen=1)]" classname="com.amazonaws.encryptionsdk.CryptoOutputStreamTest$ParameterizedEncryptDecryptTest" time="0.001"/>
  <testcase name="encryptDecrypt[240: encryptDecrypt(algorithm=ALG_AES_128_GCM_IV12_TAG16_NO_KDF, byteSize=1, frameSize=4,096, readLen=2)]" classname="com.amazonaws.encryptionsdk.CryptoOutputStreamTest$ParameterizedEncryptDecryptTest" time="0.001"/>
  <testcase name="encryptDecrypt[241: encryptDecrypt(algorithm=ALG_AES_128_GCM_IV12_TAG16_NO_KDF, byteSize=1, frameSize=4,096, readLen=2)]" classname="com.amazonaws.encryptionsdk.CryptoOutputStreamTest$ParameterizedEncryptDecryptTest" time="0"/>
  <testcase name="encryptDecrypt[242: encryptDecrypt(algorithm=ALG_AES_128_GCM_IV12_TAG16_NO_KDF, byteSize=1, frameSize=4,096, readLen=1,000,000)]" classname="com.amazonaws.encryptionsdk.CryptoOutputStreamTest$ParameterizedEncryptDecryptTest" time="0.001"/>
  <testcase name="encryptDecrypt[243: encryptDecrypt(algorithm=ALG_AES_128_GCM_IV12_TAG16_NO_KDF, byteSize=4,095, frameSize=4,096, readLen=4,094)]" classname="com.amazonaws.encryptionsdk.CryptoOutputStreamTest$ParameterizedEncryptDecryptTest" time="0"/>
  <testcase name="encryptDecrypt[244: encryptDecrypt(algorithm=ALG_AES_128_GCM_IV12_TAG16_NO_KDF, byteSize=4,095, frameSize=4,096, readLen=4,095)]" classname="com.amazonaws.encryptionsdk.CryptoOutputStreamTest$ParameterizedEncryptDecryptTest" time="0"/>
  <testcase name="encryptDecrypt[245: encryptDecrypt(algorithm=ALG_AES_128_GCM_IV12_TAG16_NO_KDF, byteSize=4,095, frameSize=4,096, readLen=4,096)]" classname="com.amazonaws.encryptionsdk.CryptoOutputStreamTest$ParameterizedEncryptDecryptTest" time="0"/>
  <testcase name="encryptDecrypt[246: encryptDecrypt(algorithm=ALG_AES_128_GCM_IV12_TAG16_NO_KDF, byteSize=4,095, frameSize=4,096, readLen=8,190)]" classname="com.amazonaws.encryptionsdk.CryptoOutputStreamTest$ParameterizedEncryptDecryptTest" time="0"/>
  <testcase name="encryptDecrypt[247: encryptDecrypt(algorithm=ALG_AES_128_GCM_IV12_TAG16_NO_KDF, byteSize=4,095, frameSize=4,096, readLen=1,000,000)]" classname="com.amazonaws.encryptionsdk.CryptoOutputStreamTest$ParameterizedEncryptDecryptTest" time="0"/>
  <testcase name="encryptDecrypt[248: encryptDecrypt(algorithm=ALG_AES_128_GCM_IV12_TAG16_NO_KDF, byteSize=4,096, frameSize=4,096, readLen=4,095)]" classname="com.amazonaws.encryptionsdk.CryptoOutputStreamTest$ParameterizedEncryptDecryptTest" time="0.001"/>
  <testcase name="encryptDecrypt[249: encryptDecrypt(algorithm=ALG_AES_128_GCM_IV12_TAG16_NO_KDF, byteSize=4,096, frameSize=4,096, readLen=4,096)]" classname="com.amazonaws.encryptionsdk.CryptoOutputStreamTest$ParameterizedEncryptDecryptTest" time="0"/>
  <testcase name="encryptDecrypt[250: encryptDecrypt(algorithm=ALG_AES_128_GCM_IV12_TAG16_NO_KDF, byteSize=4,096, frameSize=4,096, readLen=4,097)]" classname="com.amazonaws.encryptionsdk.CryptoOutputStreamTest$ParameterizedEncryptDecryptTest" time="0"/>
  <testcase name="encryptDecrypt[251: encryptDecrypt(algorithm=ALG_AES_128_GCM_IV12_TAG16_NO_KDF, byteSize=4,096, frameSize=4,096, readLen=8,192)]" classname="com.amazonaws.encryptionsdk.CryptoOutputStreamTest$ParameterizedEncryptDecryptTest" time="0"/>
  <testcase name="encryptDecrypt[252: encryptDecrypt(algorithm=ALG_AES_128_GCM_IV12_TAG16_NO_KDF, byteSize=4,096, frameSize=4,096, readLen=1,000,000)]" classname="com.amazonaws.encryptionsdk.CryptoOutputStreamTest$ParameterizedEncryptDecryptTest" time="0"/>
  <testcase name="encryptDecrypt[253: encryptDecrypt(algorithm=ALG_AES_128_GCM_IV12_TAG16_NO_KDF, byteSize=4,097, frameSize=4,096, readLen=4,096)]" classname="com.amazonaws.encryptionsdk.CryptoOutputStreamTest$ParameterizedEncryptDecryptTest" time="0"/>
  <testcase name="encryptDecrypt[254: encryptDecrypt(algorithm=ALG_AES_128_GCM_IV12_TAG16_NO_KDF, byteSize=4,097, frameSize=4,096, readLen=4,097)]" classname="com.amazonaws.encryptionsdk.CryptoOutputStreamTest$ParameterizedEncryptDecryptTest" time="0.001"/>
  <testcase name="encryptDecrypt[255: encryptDecrypt(algorithm=ALG_AES_128_GCM_IV12_TAG16_NO_KDF, byteSize=4,097, frameSize=4,096, readLen=4,098)]" classname="com.amazonaws.encryptionsdk.CryptoOutputStreamTest$ParameterizedEncryptDecryptTest" time="0"/>
  <testcase name="encryptDecrypt[256: encryptDecrypt(algorithm=ALG_AES_128_GCM_IV12_TAG16_NO_KDF, byteSize=4,097, frameSize=4,096, readLen=8,194)]" classname="com.amazonaws.encryptionsdk.CryptoOutputStreamTest$ParameterizedEncryptDecryptTest" time="0"/>
  <testcase name="encryptDecrypt[257: encryptDecrypt(algorithm=ALG_AES_128_GCM_IV12_TAG16_NO_KDF, byteSize=4,097, frameSize=4,096, readLen=1,000,000)]" classname="com.amazonaws.encryptionsdk.CryptoOutputStreamTest$ParameterizedEncryptDecryptTest" time="0"/>
  <testcase name="encryptDecrypt[258: encryptDecrypt(algorithm=ALG_AES_128_GCM_IV12_TAG16_NO_KDF, byteSize=6,144, frameSize=4,096, readLen=6,143)]" classname="com.amazonaws.encryptionsdk.CryptoOutputStreamTest$ParameterizedEncryptDecryptTest" time="0"/>
  <testcase name="encryptDecrypt[259: encryptDecrypt(algorithm=ALG_AES_128_GCM_IV12_TAG16_NO_KDF, byteSize=6,144, frameSize=4,096, readLen=6,144)]" classname="com.amazonaws.encryptionsdk.CryptoOutputStreamTest$ParameterizedEncryptDecryptTest" time="0"/>
  <testcase name="encryptDecrypt[260: encryptDecrypt(algorithm=ALG_AES_128_GCM_IV12_TAG16_NO_KDF, byteSize=6,144, frameSize=4,096, readLen=6,145)]" classname="com.amazonaws.encryptionsdk.CryptoOutputStreamTest$ParameterizedEncryptDecryptTest" time="0"/>
  <testcase name="encryptDecrypt[261: encryptDecrypt(algorithm=ALG_AES_128_GCM_IV12_TAG16_NO_KDF, byteSize=6,144, frameSize=4,096, readLen=12,288)]" classname="com.amazonaws.encryptionsdk.CryptoOutputStreamTest$ParameterizedEncryptDecryptTest" time="0"/>
  <testcase name="encryptDecrypt[262: encryptDecrypt(algorithm=ALG_AES_128_GCM_IV12_TAG16_NO_KDF, byteSize=6,144, frameSize=4,096, readLen=1,000,000)]" classname="com.amazonaws.encryptionsdk.CryptoOutputStreamTest$ParameterizedEncryptDecryptTest" time="0"/>
  <testcase name="encryptDecrypt[263: encryptDecrypt(algorithm=ALG_AES_128_GCM_IV12_TAG16_NO_KDF, byteSize=8,192, frameSize=4,096, readLen=8,191)]" classname="com.amazonaws.encryptionsdk.CryptoOutputStreamTest$ParameterizedEncryptDecryptTest" time="0"/>
  <testcase name="encryptDecrypt[264: encryptDecrypt(algorithm=ALG_AES_128_GCM_IV12_TAG16_NO_KDF, byteSize=8,192, frameSize=4,096, readLen=8,192)]" classname="com.amazonaws.encryptionsdk.CryptoOutputStreamTest$ParameterizedEncryptDecryptTest" time="0"/>
  <testcase name="encryptDecrypt[265: encryptDecrypt(algorithm=ALG_AES_128_GCM_IV12_TAG16_NO_KDF, byteSize=8,192, frameSize=4,096, readLen=8,193)]" classname="com.amazonaws.encryptionsdk.CryptoOutputStreamTest$ParameterizedEncryptDecryptTest" time="0"/>
  <testcase name="encryptDecrypt[266: encryptDecrypt(algorithm=ALG_AES_128_GCM_IV12_TAG16_NO_KDF, byteSize=8,192, frameSize=4,096, readLen=16,384)]" classname="com.amazonaws.encryptionsdk.CryptoOutputStreamTest$ParameterizedEncryptDecryptTest" time="0.001"/>
  <testcase name="encryptDecrypt[267: encryptDecrypt(algorithm=ALG_AES_128_GCM_IV12_TAG16_NO_KDF, byteSize=8,192, frameSize=4,096, readLen=1,000,000)]" classname="com.amazonaws.encryptionsdk.CryptoOutputStreamTest$ParameterizedEncryptDecryptTest" time="0"/>
  <testcase name="encryptDecrypt[268: encryptDecrypt(algorithm=ALG_AES_128_GCM_IV12_TAG16_NO_KDF, byteSize=1,000,000, frameSize=4,096, readLen=999,999)]" classname="com.amazonaws.encryptionsdk.CryptoOutputStreamTest$ParameterizedEncryptDecryptTest" time="0.009"/>
  <testcase name="encryptDecrypt[269: encryptDecrypt(algorithm=ALG_AES_128_GCM_IV12_TAG16_NO_KDF, byteSize=1,000,000, frameSize=4,096, readLen=1,000,000)]" classname="com.amazonaws.encryptionsdk.CryptoOutputStreamTest$ParameterizedEncryptDecryptTest" time="0.009"/>
  <testcase name="encryptDecrypt[270: encryptDecrypt(algorithm=ALG_AES_128_GCM_IV12_TAG16_NO_KDF, byteSize=1,000,000, frameSize=4,096, readLen=1,000,001)]" classname="com.amazonaws.encryptionsdk.CryptoOutputStreamTest$ParameterizedEncryptDecryptTest" time="0.008"/>
  <testcase name="encryptDecrypt[271: encryptDecrypt(algorithm=ALG_AES_128_GCM_IV12_TAG16_NO_KDF, byteSize=1,000,000, frameSize=4,096, readLen=2,000,000)]" classname="com.amazonaws.encryptionsdk.CryptoOutputStreamTest$ParameterizedEncryptDecryptTest" time="0.009"/>
  <testcase name="encryptDecrypt[272: encryptDecrypt(algorithm=ALG_AES_128_GCM_IV12_TAG16_NO_KDF, byteSize=1,000,000, frameSize=4,096, readLen=1,000,000)]" classname="com.amazonaws.encryptionsdk.CryptoOutputStreamTest$ParameterizedEncryptDecryptTest" time="0.008"/>
  <testcase name="encryptDecrypt[273: encryptDecrypt(algorithm=ALG_AES_192_GCM_IV12_TAG16_NO_KDF, byteSize=0, frameSize=0, readLen=1)]" classname="com.amazonaws.encryptionsdk.CryptoOutputStreamTest$ParameterizedEncryptDecryptTest" time="0.002"/>
  <testcase name="encryptDecrypt[274: encryptDecrypt(algorithm=ALG_AES_192_GCM_IV12_TAG16_NO_KDF, byteSize=0, frameSize=0, readLen=1,000,000)]" classname="com.amazonaws.encryptionsdk.CryptoOutputStreamTest$ParameterizedEncryptDecryptTest" time="0"/>
  <testcase name="encryptDecrypt[275: encryptDecrypt(algorithm=ALG_AES_192_GCM_IV12_TAG16_NO_KDF, byteSize=1, frameSize=0, readLen=1)]" classname="com.amazonaws.encryptionsdk.CryptoOutputStreamTest$ParameterizedEncryptDecryptTest" time="0.001"/>
  <testcase name="encryptDecrypt[276: encryptDecrypt(algorithm=ALG_AES_192_GCM_IV12_TAG16_NO_KDF, byteSize=1, frameSize=0, readLen=2)]" classname="com.amazonaws.encryptionsdk.CryptoOutputStreamTest$ParameterizedEncryptDecryptTest" time="0.001"/>
  <testcase name="encryptDecrypt[277: encryptDecrypt(algorithm=ALG_AES_192_GCM_IV12_TAG16_NO_KDF, byteSize=1, frameSize=0, readLen=2)]" classname="com.amazonaws.encryptionsdk.CryptoOutputStreamTest$ParameterizedEncryptDecryptTest" time="0.001"/>
  <testcase name="encryptDecrypt[278: encryptDecrypt(algorithm=ALG_AES_192_GCM_IV12_TAG16_NO_KDF, byteSize=1, frameSize=0, readLen=1,000,000)]" classname="com.amazonaws.encryptionsdk.CryptoOutputStreamTest$ParameterizedEncryptDecryptTest" time="0"/>
  <testcase name="encryptDecrypt[279: encryptDecrypt(algorithm=ALG_AES_192_GCM_IV12_TAG16_NO_KDF, byteSize=0, frameSize=0, readLen=1)]" classname="com.amazonaws.encryptionsdk.CryptoOutputStreamTest$ParameterizedEncryptDecryptTest" time="0.001"/>
  <testcase name="encryptDecrypt[280: encryptDecrypt(algorithm=ALG_AES_192_GCM_IV12_TAG16_NO_KDF, byteSize=0, frameSize=0, readLen=1,000,000)]" classname="com.amazonaws.encryptionsdk.CryptoOutputStreamTest$ParameterizedEncryptDecryptTest" time="0"/>
  <testcase name="encryptDecrypt[281: encryptDecrypt(algorithm=ALG_AES_192_GCM_IV12_TAG16_NO_KDF, byteSize=1, frameSize=0, readLen=1)]" classname="com.amazonaws.encryptionsdk.CryptoOutputStreamTest$ParameterizedEncryptDecryptTest" time="0.001"/>
  <testcase name="encryptDecrypt[282: encryptDecrypt(algorithm=ALG_AES_192_GCM_IV12_TAG16_NO_KDF, byteSize=1, frameSize=0, readLen=2)]" classname="com.amazonaws.encryptionsdk.CryptoOutputStreamTest$ParameterizedEncryptDecryptTest" time="0.001"/>
  <testcase name="encryptDecrypt[283: encryptDecrypt(algorithm=ALG_AES_192_GCM_IV12_TAG16_NO_KDF, byteSize=1, frameSize=0, readLen=2)]" classname="com.amazonaws.encryptionsdk.CryptoOutputStreamTest$ParameterizedEncryptDecryptTest" time="0.001"/>
  <testcase name="encryptDecrypt[284: encryptDecrypt(algorithm=ALG_AES_192_GCM_IV12_TAG16_NO_KDF, byteSize=1, frameSize=0, readLen=1,000,000)]" classname="com.amazonaws.encryptionsdk.CryptoOutputStreamTest$ParameterizedEncryptDecryptTest" time="0"/>
  <testcase name="encryptDecrypt[285: encryptDecrypt(algorithm=ALG_AES_192_GCM_IV12_TAG16_NO_KDF, byteSize=0, frameSize=0, readLen=1)]" classname="com.amazonaws.encryptionsdk.CryptoOutputStreamTest$ParameterizedEncryptDecryptTest" time="0.001"/>
  <testcase name="encryptDecrypt[286: encryptDecrypt(algorithm=ALG_AES_192_GCM_IV12_TAG16_NO_KDF, byteSize=0, frameSize=0, readLen=1,000,000)]" classname="com.amazonaws.encryptionsdk.CryptoOutputStreamTest$ParameterizedEncryptDecryptTest" time="0"/>
  <testcase name="encryptDecrypt[287: encryptDecrypt(algorithm=ALG_AES_192_GCM_IV12_TAG16_NO_KDF, byteSize=0, frameSize=0, readLen=1)]" classname="com.amazonaws.encryptionsdk.CryptoOutputStreamTest$ParameterizedEncryptDecryptTest" time="0.001"/>
  <testcase name="encryptDecrypt[288: encryptDecrypt(algorithm=ALG_AES_192_GCM_IV12_TAG16_NO_KDF, byteSize=0, frameSize=0, readLen=1,000,000)]" classname="com.amazonaws.encryptionsdk.CryptoOutputStreamTest$ParameterizedEncryptDecryptTest" time="0"/>
  <testcase name="encryptDecrypt[289: encryptDecrypt(algorithm=ALG_AES_192_GCM_IV12_TAG16_NO_KDF, byteSize=1,000,000, frameSize=0, readLen=999,999)]" classname="com.amazonaws.encryptionsdk.CryptoOutputStreamTest$ParameterizedEncryptDecryptTest" time="0.008"/>
  <testcase name="encryptDecrypt[290: encryptDecrypt(algorithm=ALG_AES_192_GCM_IV12_TAG16_NO_KDF, byteSize=1,000,000, frameSize=0, readLen=1,000,000)]" classname="com.amazonaws.encryptionsdk.CryptoOutputStreamTest$ParameterizedEncryptDecryptTest" time="0.009"/>
  <testcase name="encryptDecrypt[291: encryptDecrypt(algorithm=ALG_AES_192_GCM_IV12_TAG16_NO_KDF, byteSize=1,000,000, frameSize=0, readLen=1,000,001)]" classname="com.amazonaws.encryptionsdk.CryptoOutputStreamTest$ParameterizedEncryptDecryptTest" time="0.009"/>
  <testcase name="encryptDecrypt[292: encryptDecrypt(algorithm=ALG_AES_192_GCM_IV12_TAG16_NO_KDF, byteSize=1,000,000, frameSize=0, readLen=2,000,000)]" classname="com.amazonaws.encryptionsdk.CryptoOutputStreamTest$ParameterizedEncryptDecryptTest" time="0.008"/>
  <testcase name="encryptDecrypt[293: encryptDecrypt(algorithm=ALG_AES_192_GCM_IV12_TAG16_NO_KDF, byteSize=1,000,000, frameSize=0, readLen=1,000,000)]" classname="com.amazonaws.encryptionsdk.CryptoOutputStreamTest$ParameterizedEncryptDecryptTest" time="0.009"/>
  <testcase name="encryptDecrypt[294: encryptDecrypt(algorithm=ALG_AES_192_GCM_IV12_TAG16_NO_KDF, byteSize=0, frameSize=15, readLen=1)]" classname="com.amazonaws.encryptionsdk.CryptoOutputStreamTest$ParameterizedEncryptDecryptTest" time="0.001"/>
  <testcase name="encryptDecrypt[295: encryptDecrypt(algorithm=ALG_AES_192_GCM_IV12_TAG16_NO_KDF, byteSize=0, frameSize=15, readLen=1,000,000)]" classname="com.amazonaws.encryptionsdk.CryptoOutputStreamTest$ParameterizedEncryptDecryptTest" time="0"/>
  <testcase name="encryptDecrypt[296: encryptDecrypt(algorithm=ALG_AES_192_GCM_IV12_TAG16_NO_KDF, byteSize=1, frameSize=15, readLen=1)]" classname="com.amazonaws.encryptionsdk.CryptoOutputStreamTest$ParameterizedEncryptDecryptTest" time="0.001"/>
  <testcase name="encryptDecrypt[297: encryptDecrypt(algorithm=ALG_AES_192_GCM_IV12_TAG16_NO_KDF, byteSize=1, frameSize=15, readLen=2)]" classname="com.amazonaws.encryptionsdk.CryptoOutputStreamTest$ParameterizedEncryptDecryptTest" time="0.001"/>
  <testcase name="encryptDecrypt[298: encryptDecrypt(algorithm=ALG_AES_192_GCM_IV12_TAG16_NO_KDF, byteSize=1, frameSize=15, readLen=2)]" classname="com.amazonaws.encryptionsdk.CryptoOutputStreamTest$ParameterizedEncryptDecryptTest" time="0"/>
  <testcase name="encryptDecrypt[299: encryptDecrypt(algorithm=ALG_AES_192_GCM_IV12_TAG16_NO_KDF, byteSize=1, frameSize=15, readLen=1,000,000)]" classname="com.amazonaws.encryptionsdk.CryptoOutputStreamTest$ParameterizedEncryptDecryptTest" time="0"/>
  <testcase name="encryptDecrypt[300: encryptDecrypt(algorithm=ALG_AES_192_GCM_IV12_TAG16_NO_KDF, byteSize=14, frameSize=15, readLen=13)]" classname="com.amazonaws.encryptionsdk.CryptoOutputStreamTest$ParameterizedEncryptDecryptTest" time="0"/>
  <testcase name="encryptDecrypt[301: encryptDecrypt(algorithm=ALG_AES_192_GCM_IV12_TAG16_NO_KDF, byteSize=14, frameSize=15, readLen=14)]" classname="com.amazonaws.encryptionsdk.CryptoOutputStreamTest$ParameterizedEncryptDecryptTest" time="0"/>
  <testcase name="encryptDecrypt[302: encryptDecrypt(algorithm=ALG_AES_192_GCM_IV12_TAG16_NO_KDF, byteSize=14, frameSize=15, readLen=15)]" classname="com.amazonaws.encryptionsdk.CryptoOutputStreamTest$ParameterizedEncryptDecryptTest" time="0"/>
  <testcase name="encryptDecrypt[303: encryptDecrypt(algorithm=ALG_AES_192_GCM_IV12_TAG16_NO_KDF, byteSize=14, frameSize=15, readLen=28)]" classname="com.amazonaws.encryptionsdk.CryptoOutputStreamTest$ParameterizedEncryptDecryptTest" time="0"/>
  <testcase name="encryptDecrypt[304: encryptDecrypt(algorithm=ALG_AES_192_GCM_IV12_TAG16_NO_KDF, byteSize=14, frameSize=15, readLen=1,000,000)]" classname="com.amazonaws.encryptionsdk.CryptoOutputStreamTest$ParameterizedEncryptDecryptTest" time="0"/>
  <testcase name="encryptDecrypt[305: encryptDecrypt(algorithm=ALG_AES_192_GCM_IV12_TAG16_NO_KDF, byteSize=15, frameSize=15, readLen=14)]" classname="com.amazonaws.encryptionsdk.CryptoOutputStreamTest$ParameterizedEncryptDecryptTest" time="0"/>
  <testcase name="encryptDecrypt[306: encryptDecrypt(algorithm=ALG_AES_192_GCM_IV12_TAG16_NO_KDF, byteSize=15, frameSize=15, readLen=15)]" classname="com.amazonaws.encryptionsdk.CryptoOutputStreamTest$ParameterizedEncryptDecryptTest" time="0.001"/>
  <testcase name="encryptDecrypt[307: encryptDecrypt(algorithm=ALG_AES_192_GCM_IV12_TAG16_NO_KDF, byteSize=15, frameSize=15, readLen=16)]" classname="com.amazonaws.encryptionsdk.CryptoOutputStreamTest$ParameterizedEncryptDecryptTest" time="0"/>
  <testcase name="encryptDecrypt[308: encryptDecrypt(algorithm=ALG_AES_192_GCM_IV12_TAG16_NO_KDF, byteSize=15, frameSize=15, readLen=30)]" classname="com.amazonaws.encryptionsdk.CryptoOutputStreamTest$ParameterizedEncryptDecryptTest" time="0"/>
  <testcase name="encryptDecrypt[309: encryptDecrypt(algorithm=ALG_AES_192_GCM_IV12_TAG16_NO_KDF, byteSize=15, frameSize=15, readLen=1,000,000)]" classname="com.amazonaws.encryptionsdk.CryptoOutputStreamTest$ParameterizedEncryptDecryptTest" time="0"/>
  <testcase name="encryptDecrypt[310: encryptDecrypt(algorithm=ALG_AES_192_GCM_IV12_TAG16_NO_KDF, byteSize=16, frameSize=15, readLen=15)]" classname="com.amazonaws.encryptionsdk.CryptoOutputStreamTest$ParameterizedEncryptDecryptTest" time="0"/>
  <testcase name="encryptDecrypt[311: encryptDecrypt(algorithm=ALG_AES_192_GCM_IV12_TAG16_NO_KDF, byteSize=16, frameSize=15, readLen=16)]" classname="com.amazonaws.encryptionsdk.CryptoOutputStreamTest$ParameterizedEncryptDecryptTest" time="0"/>
  <testcase name="encryptDecrypt[312: encryptDecrypt(algorithm=ALG_AES_192_GCM_IV12_TAG16_NO_KDF, byteSize=16, frameSize=15, readLen=17)]" classname="com.amazonaws.encryptionsdk.CryptoOutputStreamTest$ParameterizedEncryptDecryptTest" time="0"/>
  <testcase name="encryptDecrypt[313: encryptDecrypt(algorithm=ALG_AES_192_GCM_IV12_TAG16_NO_KDF, byteSize=16, frameSize=15, readLen=32)]" classname="com.amazonaws.encryptionsdk.CryptoOutputStreamTest$ParameterizedEncryptDecryptTest" time="0"/>
  <testcase name="encryptDecrypt[314: encryptDecrypt(algorithm=ALG_AES_192_GCM_IV12_TAG16_NO_KDF, byteSize=16, frameSize=15, readLen=1,000,000)]" classname="com.amazonaws.encryptionsdk.CryptoOutputStreamTest$ParameterizedEncryptDecryptTest" time="0"/>
  <testcase name="encryptDecrypt[315: encryptDecrypt(algorithm=ALG_AES_192_GCM_IV12_TAG16_NO_KDF, byteSize=22, frameSize=15, readLen=21)]" classname="com.amazonaws.encryptionsdk.CryptoOutputStreamTest$ParameterizedEncryptDecryptTest" time="0"/>
  <testcase name="encryptDecrypt[316: encryptDecrypt(algorithm=ALG_AES_192_GCM_IV12_TAG16_NO_KDF, byteSize=22, frameSize=15, readLen=22)]" classname="com.amazonaws.encryptionsdk.CryptoOutputStreamTest$ParameterizedEncryptDecryptTest" time="0"/>
  <testcase name="encryptDecrypt[317: encryptDecrypt(algorithm=ALG_AES_192_GCM_IV12_TAG16_NO_KDF, byteSize=22, frameSize=15, readLen=23)]" classname="com.amazonaws.encryptionsdk.CryptoOutputStreamTest$ParameterizedEncryptDecryptTest" time="0"/>
  <testcase name="encryptDecrypt[318: encryptDecrypt(algorithm=ALG_AES_192_GCM_IV12_TAG16_NO_KDF, byteSize=22, frameSize=15, readLen=44)]" classname="com.amazonaws.encryptionsdk.CryptoOutputStreamTest$ParameterizedEncryptDecryptTest" time="0"/>
  <testcase name="encryptDecrypt[319: encryptDecrypt(algorithm=ALG_AES_192_GCM_IV12_TAG16_NO_KDF, byteSize=22, frameSize=15, readLen=1,000,000)]" classname="com.amazonaws.encryptionsdk.CryptoOutputStreamTest$ParameterizedEncryptDecryptTest" time="0"/>
  <testcase name="encryptDecrypt[320: encryptDecrypt(algorithm=ALG_AES_192_GCM_IV12_TAG16_NO_KDF, byteSize=30, frameSize=15, readLen=29)]" classname="com.amazonaws.encryptionsdk.CryptoOutputStreamTest$ParameterizedEncryptDecryptTest" time="0.001"/>
  <testcase name="encryptDecrypt[321: encryptDecrypt(algorithm=ALG_AES_192_GCM_IV12_TAG16_NO_KDF, byteSize=30, frameSize=15, readLen=30)]" classname="com.amazonaws.encryptionsdk.CryptoOutputStreamTest$ParameterizedEncryptDecryptTest" time="0"/>
  <testcase name="encryptDecrypt[322: encryptDecrypt(algorithm=ALG_AES_192_GCM_IV12_TAG16_NO_KDF, byteSize=30, frameSize=15, readLen=31)]" classname="com.amazonaws.encryptionsdk.CryptoOutputStreamTest$ParameterizedEncryptDecryptTest" time="0"/>
  <testcase name="encryptDecrypt[323: encryptDecrypt(algorithm=ALG_AES_192_GCM_IV12_TAG16_NO_KDF, byteSize=30, frameSize=15, readLen=60)]" classname="com.amazonaws.encryptionsdk.CryptoOutputStreamTest$ParameterizedEncryptDecryptTest" time="0"/>
  <testcase name="encryptDecrypt[324: encryptDecrypt(algorithm=ALG_AES_192_GCM_IV12_TAG16_NO_KDF, byteSize=30, frameSize=15, readLen=1,000,000)]" classname="com.amazonaws.encryptionsdk.CryptoOutputStreamTest$ParameterizedEncryptDecryptTest" time="0"/>
  <testcase name="encryptDecrypt[325: encryptDecrypt(algorithm=ALG_AES_192_GCM_IV12_TAG16_NO_KDF, byteSize=1,000,000, frameSize=15, readLen=999,999)]" classname="com.amazonaws.encryptionsdk.CryptoOutputStreamTest$ParameterizedEncryptDecryptTest" time="0.08"/>
  <testcase name="encryptDecrypt[326: encryptDecrypt(algorithm=ALG_AES_192_GCM_IV12_TAG16_NO_KDF, byteSize=1,000,000, frameSize=15, readLen=1,000,000)]" classname="com.amazonaws.encryptionsdk.CryptoOutputStreamTest$ParameterizedEncryptDecryptTest" time="0.081"/>
  <testcase name="encryptDecrypt[327: encryptDecrypt(algorithm=ALG_AES_192_GCM_IV12_TAG16_NO_KDF, byteSize=1,000,000, frameSize=15, readLen=1,000,001)]" classname="com.amazonaws.encryptionsdk.CryptoOutputStreamTest$ParameterizedEncryptDecryptTest" time="0.076"/>
  <testcase name="encryptDecrypt[328: encryptDecrypt(algorithm=ALG_AES_192_GCM_IV12_TAG16_NO_KDF, byteSize=1,000,000, frameSize=15, readLen=2,000,000)]" classname="com.amazonaws.encryptionsdk.CryptoOutputStreamTest$ParameterizedEncryptDecryptTest" time="0.076"/>
  <testcase name="encryptDecrypt[329: encryptDecrypt(algorithm=ALG_AES_192_GCM_IV12_TAG16_NO_KDF, byteSize=1,000,000, frameSize=15, readLen=1,000,000)]" classname="com.amazonaws.encryptionsdk.CryptoOutputStreamTest$ParameterizedEncryptDecryptTest" time="0.076"/>
  <testcase name="encryptDecrypt[330: encryptDecrypt(algorithm=ALG_AES_192_GCM_IV12_TAG16_NO_KDF, byteSize=0, frameSize=16, readLen=1)]" classname="com.amazonaws.encryptionsdk.CryptoOutputStreamTest$ParameterizedEncryptDecryptTest" time="0.001"/>
  <testcase name="encryptDecrypt[331: encryptDecrypt(algorithm=ALG_AES_192_GCM_IV12_TAG16_NO_KDF, byteSize=0, frameSize=16, readLen=1,000,000)]" classname="com.amazonaws.encryptionsdk.CryptoOutputStreamTest$ParameterizedEncryptDecryptTest" time="0.001"/>
  <testcase name="encryptDecrypt[332: encryptDecrypt(algorithm=ALG_AES_192_GCM_IV12_TAG16_NO_KDF, byteSize=1, frameSize=16, readLen=1)]" classname="com.amazonaws.encryptionsdk.CryptoOutputStreamTest$ParameterizedEncryptDecryptTest" time="0.001"/>
  <testcase name="encryptDecrypt[333: encryptDecrypt(algorithm=ALG_AES_192_GCM_IV12_TAG16_NO_KDF, byteSize=1, frameSize=16, readLen=2)]" classname="com.amazonaws.encryptionsdk.CryptoOutputStreamTest$ParameterizedEncryptDecryptTest" time="0"/>
  <testcase name="encryptDecrypt[334: encryptDecrypt(algorithm=ALG_AES_192_GCM_IV12_TAG16_NO_KDF, byteSize=1, frameSize=16, readLen=2)]" classname="com.amazonaws.encryptionsdk.CryptoOutputStreamTest$ParameterizedEncryptDecryptTest" time="0.001"/>
  <testcase name="encryptDecrypt[335: encryptDecrypt(algorithm=ALG_AES_192_GCM_IV12_TAG16_NO_KDF, byteSize=1, frameSize=16, readLen=1,000,000)]" classname="com.amazonaws.encryptionsdk.CryptoOutputStreamTest$ParameterizedEncryptDecryptTest" time="0"/>
  <testcase name="encryptDecrypt[336: encryptDecrypt(algorithm=ALG_AES_192_GCM_IV12_TAG16_NO_KDF, byteSize=15, frameSize=16, readLen=14)]" classname="com.amazonaws.encryptionsdk.CryptoOutputStreamTest$ParameterizedEncryptDecryptTest" time="0"/>
  <testcase name="encryptDecrypt[337: encryptDecrypt(algorithm=ALG_AES_192_GCM_IV12_TAG16_NO_KDF, byteSize=15, frameSize=16, readLen=15)]" classname="com.amazonaws.encryptionsdk.CryptoOutputStreamTest$ParameterizedEncryptDecryptTest" time="0"/>
  <testcase name="encryptDecrypt[338: encryptDecrypt(algorithm=ALG_AES_192_GCM_IV12_TAG16_NO_KDF, byteSize=15, frameSize=16, readLen=16)]" classname="com.amazonaws.encryptionsdk.CryptoOutputStreamTest$ParameterizedEncryptDecryptTest" time="0"/>
  <testcase name="encryptDecrypt[339: encryptDecrypt(algorithm=ALG_AES_192_GCM_IV12_TAG16_NO_KDF, byteSize=15, frameSize=16, readLen=30)]" classname="com.amazonaws.encryptionsdk.CryptoOutputStreamTest$ParameterizedEncryptDecryptTest" time="0"/>
  <testcase name="encryptDecrypt[340: encryptDecrypt(algorithm=ALG_AES_192_GCM_IV12_TAG16_NO_KDF, byteSize=15, frameSize=16, readLen=1,000,000)]" classname="com.amazonaws.encryptionsdk.CryptoOutputStreamTest$ParameterizedEncryptDecryptTest" time="0.001"/>
  <testcase name="encryptDecrypt[341: encryptDecrypt(algorithm=ALG_AES_192_GCM_IV12_TAG16_NO_KDF, byteSize=16, frameSize=16, readLen=15)]" classname="com.amazonaws.encryptionsdk.CryptoOutputStreamTest$ParameterizedEncryptDecryptTest" time="0"/>
  <testcase name="encryptDecrypt[342: encryptDecrypt(algorithm=ALG_AES_192_GCM_IV12_TAG16_NO_KDF, byteSize=16, frameSize=16, readLen=16)]" classname="com.amazonaws.encryptionsdk.CryptoOutputStreamTest$ParameterizedEncryptDecryptTest" time="0"/>
  <testcase name="encryptDecrypt[343: encryptDecrypt(algorithm=ALG_AES_192_GCM_IV12_TAG16_NO_KDF, byteSize=16, frameSize=16, readLen=17)]" classname="com.amazonaws.encryptionsdk.CryptoOutputStreamTest$ParameterizedEncryptDecryptTest" time="0"/>
  <testcase name="encryptDecrypt[344: encryptDecrypt(algorithm=ALG_AES_192_GCM_IV12_TAG16_NO_KDF, byteSize=16, frameSize=16, readLen=32)]" classname="com.amazonaws.encryptionsdk.CryptoOutputStreamTest$ParameterizedEncryptDecryptTest" time="0"/>
  <testcase name="encryptDecrypt[345: encryptDecrypt(algorithm=ALG_AES_192_GCM_IV12_TAG16_NO_KDF, byteSize=16, frameSize=16, readLen=1,000,000)]" classname="com.amazonaws.encryptionsdk.CryptoOutputStreamTest$ParameterizedEncryptDecryptTest" time="0"/>
  <testcase name="encryptDecrypt[346: encryptDecrypt(algorithm=ALG_AES_192_GCM_IV12_TAG16_NO_KDF, byteSize=17, frameSize=16, readLen=16)]" classname="com.amazonaws.encryptionsdk.CryptoOutputStreamTest$ParameterizedEncryptDecryptTest" time="0.001"/>
  <testcase name="encryptDecrypt[347: encryptDecrypt(algorithm=ALG_AES_192_GCM_IV12_TAG16_NO_KDF, byteSize=17, frameSize=16, readLen=17)]" classname="com.amazonaws.encryptionsdk.CryptoOutputStreamTest$ParameterizedEncryptDecryptTest" time="0"/>
  <testcase name="encryptDecrypt[348: encryptDecrypt(algorithm=ALG_AES_192_GCM_IV12_TAG16_NO_KDF, byteSize=17, frameSize=16, readLen=18)]" classname="com.amazonaws.encryptionsdk.CryptoOutputStreamTest$ParameterizedEncryptDecryptTest" time="0"/>
  <testcase name="encryptDecrypt[349: encryptDecrypt(algorithm=ALG_AES_192_GCM_IV12_TAG16_NO_KDF, byteSize=17, frameSize=16, readLen=34)]" classname="com.amazonaws.encryptionsdk.CryptoOutputStreamTest$ParameterizedEncryptDecryptTest" time="0.006"/>
  <testcase name="encryptDecrypt[350: encryptDecrypt(algorithm=ALG_AES_192_GCM_IV12_TAG16_NO_KDF, byteSize=17, frameSize=16, readLen=1,000,000)]" classname="com.amazonaws.encryptionsdk.CryptoOutputStreamTest$ParameterizedEncryptDecryptTest" time="0"/>
  <testcase name="encryptDecrypt[351: encryptDecrypt(algorithm=ALG_AES_192_GCM_IV12_TAG16_NO_KDF, byteSize=24, frameSize=16, readLen=23)]" classname="com.amazonaws.encryptionsdk.CryptoOutputStreamTest$ParameterizedEncryptDecryptTest" time="0.001"/>
  <testcase name="encryptDecrypt[352: encryptDecrypt(algorithm=ALG_AES_192_GCM_IV12_TAG16_NO_KDF, byteSize=24, frameSize=16, readLen=24)]" classname="com.amazonaws.encryptionsdk.CryptoOutputStreamTest$ParameterizedEncryptDecryptTest" time="0"/>
  <testcase name="encryptDecrypt[353: encryptDecrypt(algorithm=ALG_AES_192_GCM_IV12_TAG16_NO_KDF, byteSize=24, frameSize=16, readLen=25)]" classname="com.amazonaws.encryptionsdk.CryptoOutputStreamTest$ParameterizedEncryptDecryptTest" time="0"/>
  <testcase name="encryptDecrypt[354: encryptDecrypt(algorithm=ALG_AES_192_GCM_IV12_TAG16_NO_KDF, byteSize=24, frameSize=16, readLen=48)]" classname="com.amazonaws.encryptionsdk.CryptoOutputStreamTest$ParameterizedEncryptDecryptTest" time="0"/>
  <testcase name="encryptDecrypt[355: encryptDecrypt(algorithm=ALG_AES_192_GCM_IV12_TAG16_NO_KDF, byteSize=24, frameSize=16, readLen=1,000,000)]" classname="com.amazonaws.encryptionsdk.CryptoOutputStreamTest$ParameterizedEncryptDecryptTest" time="0"/>
  <testcase name="encryptDecrypt[356: encryptDecrypt(algorithm=ALG_AES_192_GCM_IV12_TAG16_NO_KDF, byteSize=32, frameSize=16, readLen=31)]" classname="com.amazonaws.encryptionsdk.CryptoOutputStreamTest$ParameterizedEncryptDecryptTest" time="0"/>
  <testcase name="encryptDecrypt[357: encryptDecrypt(algorithm=ALG_AES_192_GCM_IV12_TAG16_NO_KDF, byteSize=32, frameSize=16, readLen=32)]" classname="com.amazonaws.encryptionsdk.CryptoOutputStreamTest$ParameterizedEncryptDecryptTest" time="0.001"/>
  <testcase name="encryptDecrypt[358: encryptDecrypt(algorithm=ALG_AES_192_GCM_IV12_TAG16_NO_KDF, byteSize=32, frameSize=16, readLen=33)]" classname="com.amazonaws.encryptionsdk.CryptoOutputStreamTest$ParameterizedEncryptDecryptTest" time="0"/>
  <testcase name="encryptDecrypt[359: encryptDecrypt(algorithm=ALG_AES_192_GCM_IV12_TAG16_NO_KDF, byteSize=32, frameSize=16, readLen=64)]" classname="com.amazonaws.encryptionsdk.CryptoOutputStreamTest$ParameterizedEncryptDecryptTest" time="0"/>
  <testcase name="encryptDecrypt[360: encryptDecrypt(algorithm=ALG_AES_192_GCM_IV12_TAG16_NO_KDF, byteSize=32, frameSize=16, readLen=1,000,000)]" classname="com.amazonaws.encryptionsdk.CryptoOutputStreamTest$ParameterizedEncryptDecryptTest" time="0"/>
  <testcase name="encryptDecrypt[361: encryptDecrypt(algorithm=ALG_AES_192_GCM_IV12_TAG16_NO_KDF, byteSize=1,000,000, frameSize=16, readLen=999,999)]" classname="com.amazonaws.encryptionsdk.CryptoOutputStreamTest$ParameterizedEncryptDecryptTest" time="0.074"/>
  <testcase name="encryptDecrypt[362: encryptDecrypt(algorithm=ALG_AES_192_GCM_IV12_TAG16_NO_KDF, byteSize=1,000,000, frameSize=16, readLen=1,000,000)]" classname="com.amazonaws.encryptionsdk.CryptoOutputStreamTest$ParameterizedEncryptDecryptTest" time="0.072"/>
  <testcase name="encryptDecrypt[363: encryptDecrypt(algorithm=ALG_AES_192_GCM_IV12_TAG16_NO_KDF, byteSize=1,000,000, frameSize=16, readLen=1,000,001)]" classname="com.amazonaws.encryptionsdk.CryptoOutputStreamTest$ParameterizedEncryptDecryptTest" time="0.068"/>
  <testcase name="encryptDecrypt[364: encryptDecrypt(algorithm=ALG_AES_192_GCM_IV12_TAG16_NO_KDF, byteSize=1,000,000, frameSize=16, readLen=2,000,000)]" classname="com.amazonaws.encryptionsdk.CryptoOutputStreamTest$ParameterizedEncryptDecryptTest" time="0.068"/>
  <testcase name="encryptDecrypt[365: encryptDecrypt(algorithm=ALG_AES_192_GCM_IV12_TAG16_NO_KDF, byteSize=1,000,000, frameSize=16, readLen=1,000,000)]" classname="com.amazonaws.encryptionsdk.CryptoOutputStreamTest$ParameterizedEncryptDecryptTest" time="0.068"/>
  <testcase name="encryptDecrypt[366: encryptDecrypt(algorithm=ALG_AES_192_GCM_IV12_TAG16_NO_KDF, byteSize=0, frameSize=17, readLen=1)]" classname="com.amazonaws.encryptionsdk.CryptoOutputStreamTest$ParameterizedEncryptDecryptTest" time="0.001"/>
  <testcase name="encryptDecrypt[367: encryptDecrypt(algorithm=ALG_AES_192_GCM_IV12_TAG16_NO_KDF, byteSize=0, frameSize=17, readLen=1,000,000)]" classname="com.amazonaws.encryptionsdk.CryptoOutputStreamTest$ParameterizedEncryptDecryptTest" time="0.001"/>
  <testcase name="encryptDecrypt[368: encryptDecrypt(algorithm=ALG_AES_192_GCM_IV12_TAG16_NO_KDF, byteSize=1, frameSize=17, readLen=1)]" classname="com.amazonaws.encryptionsdk.CryptoOutputStreamTest$ParameterizedEncryptDecryptTest" time="0.001"/>
  <testcase name="encryptDecrypt[369: encryptDecrypt(algorithm=ALG_AES_192_GCM_IV12_TAG16_NO_KDF, byteSize=1, frameSize=17, readLen=2)]" classname="com.amazonaws.encryptionsdk.CryptoOutputStreamTest$ParameterizedEncryptDecryptTest" time="0"/>
  <testcase name="encryptDecrypt[370: encryptDecrypt(algorithm=ALG_AES_192_GCM_IV12_TAG16_NO_KDF, byteSize=1, frameSize=17, readLen=2)]" classname="com.amazonaws.encryptionsdk.CryptoOutputStreamTest$ParameterizedEncryptDecryptTest" time="0.001"/>
  <testcase name="encryptDecrypt[371: encryptDecrypt(algorithm=ALG_AES_192_GCM_IV12_TAG16_NO_KDF, byteSize=1, frameSize=17, readLen=1,000,000)]" classname="com.amazonaws.encryptionsdk.CryptoOutputStreamTest$ParameterizedEncryptDecryptTest" time="0"/>
  <testcase name="encryptDecrypt[372: encryptDecrypt(algorithm=ALG_AES_192_GCM_IV12_TAG16_NO_KDF, byteSize=16, frameSize=17, readLen=15)]" classname="com.amazonaws.encryptionsdk.CryptoOutputStreamTest$ParameterizedEncryptDecryptTest" time="0"/>
  <testcase name="encryptDecrypt[373: encryptDecrypt(algorithm=ALG_AES_192_GCM_IV12_TAG16_NO_KDF, byteSize=16, frameSize=17, readLen=16)]" classname="com.amazonaws.encryptionsdk.CryptoOutputStreamTest$ParameterizedEncryptDecryptTest" time="0.001"/>
  <testcase name="encryptDecrypt[374: encryptDecrypt(algorithm=ALG_AES_192_GCM_IV12_TAG16_NO_KDF, byteSize=16, frameSize=17, readLen=17)]" classname="com.amazonaws.encryptionsdk.CryptoOutputStreamTest$ParameterizedEncryptDecryptTest" time="0"/>
  <testcase name="encryptDecrypt[375: encryptDecrypt(algorithm=ALG_AES_192_GCM_IV12_TAG16_NO_KDF, byteSize=16, frameSize=17, readLen=32)]" classname="com.amazonaws.encryptionsdk.CryptoOutputStreamTest$ParameterizedEncryptDecryptTest" time="0"/>
  <testcase name="encryptDecrypt[376: encryptDecrypt(algorithm=ALG_AES_192_GCM_IV12_TAG16_NO_KDF, byteSize=16, frameSize=17, readLen=1,000,000)]" classname="com.amazonaws.encryptionsdk.CryptoOutputStreamTest$ParameterizedEncryptDecryptTest" time="0"/>
  <testcase name="encryptDecrypt[377: encryptDecrypt(algorithm=ALG_AES_192_GCM_IV12_TAG16_NO_KDF, byteSize=17, frameSize=17, readLen=16)]" classname="com.amazonaws.encryptionsdk.CryptoOutputStreamTest$ParameterizedEncryptDecryptTest" time="0"/>
  <testcase name="encryptDecrypt[378: encryptDecrypt(algorithm=ALG_AES_192_GCM_IV12_TAG16_NO_KDF, byteSize=17, frameSize=17, readLen=17)]" classname="com.amazonaws.encryptionsdk.CryptoOutputStreamTest$ParameterizedEncryptDecryptTest" time="0"/>
  <testcase name="encryptDecrypt[379: encryptDecrypt(algorithm=ALG_AES_192_GCM_IV12_TAG16_NO_KDF, byteSize=17, frameSize=17, readLen=18)]" classname="com.amazonaws.encryptionsdk.CryptoOutputStreamTest$ParameterizedEncryptDecryptTest" time="0"/>
  <testcase name="encryptDecrypt[380: encryptDecrypt(algorithm=ALG_AES_192_GCM_IV12_TAG16_NO_KDF, byteSize=17, frameSize=17, readLen=34)]" classname="com.amazonaws.encryptionsdk.CryptoOutputStreamTest$ParameterizedEncryptDecryptTest" time="0.001"/>
  <testcase name="encryptDecrypt[381: encryptDecrypt(algorithm=ALG_AES_192_GCM_IV12_TAG16_NO_KDF, byteSize=17, frameSize=17, readLen=1,000,000)]" classname="com.amazonaws.encryptionsdk.CryptoOutputStreamTest$ParameterizedEncryptDecryptTest" time="0"/>
  <testcase name="encryptDecrypt[382: encryptDecrypt(algorithm=ALG_AES_192_GCM_IV12_TAG16_NO_KDF, byteSize=18, frameSize=17, readLen=17)]" classname="com.amazonaws.encryptionsdk.CryptoOutputStreamTest$ParameterizedEncryptDecryptTest" time="0"/>
  <testcase name="encryptDecrypt[383: encryptDecrypt(algorithm=ALG_AES_192_GCM_IV12_TAG16_NO_KDF, byteSize=18, frameSize=17, readLen=18)]" classname="com.amazonaws.encryptionsdk.CryptoOutputStreamTest$ParameterizedEncryptDecryptTest" time="0"/>
  <testcase name="encryptDecrypt[384: encryptDecrypt(algorithm=ALG_AES_192_GCM_IV12_TAG16_NO_KDF, byteSize=18, frameSize=17, readLen=19)]" classname="com.amazonaws.encryptionsdk.CryptoOutputStreamTest$ParameterizedEncryptDecryptTest" time="0"/>
  <testcase name="encryptDecrypt[385: encryptDecrypt(algorithm=ALG_AES_192_GCM_IV12_TAG16_NO_KDF, byteSize=18, frameSize=17, readLen=36)]" classname="com.amazonaws.encryptionsdk.CryptoOutputStreamTest$ParameterizedEncryptDecryptTest" time="0"/>
  <testcase name="encryptDecrypt[386: encryptDecrypt(algorithm=ALG_AES_192_GCM_IV12_TAG16_NO_KDF, byteSize=18, frameSize=17, readLen=1,000,000)]" classname="com.amazonaws.encryptionsdk.CryptoOutputStreamTest$ParameterizedEncryptDecryptTest" time="0"/>
  <testcase name="encryptDecrypt[387: encryptDecrypt(algorithm=ALG_AES_192_GCM_IV12_TAG16_NO_KDF, byteSize=25, frameSize=17, readLen=24)]" classname="com.amazonaws.encryptionsdk.CryptoOutputStreamTest$ParameterizedEncryptDecryptTest" time="0"/>
  <testcase name="encryptDecrypt[388: encryptDecrypt(algorithm=ALG_AES_192_GCM_IV12_TAG16_NO_KDF, byteSize=25, frameSize=17, readLen=25)]" classname="com.amazonaws.encryptionsdk.CryptoOutputStreamTest$ParameterizedEncryptDecryptTest" time="0"/>
  <testcase name="encryptDecrypt[389: encryptDecrypt(algorithm=ALG_AES_192_GCM_IV12_TAG16_NO_KDF, byteSize=25, frameSize=17, readLen=26)]" classname="com.amazonaws.encryptionsdk.CryptoOutputStreamTest$ParameterizedEncryptDecryptTest" time="0"/>
  <testcase name="encryptDecrypt[390: encryptDecrypt(algorithm=ALG_AES_192_GCM_IV12_TAG16_NO_KDF, byteSize=25, frameSize=17, readLen=50)]" classname="com.amazonaws.encryptionsdk.CryptoOutputStreamTest$ParameterizedEncryptDecryptTest" time="0"/>
  <testcase name="encryptDecrypt[391: encryptDecrypt(algorithm=ALG_AES_192_GCM_IV12_TAG16_NO_KDF, byteSize=25, frameSize=17, readLen=1,000,000)]" classname="com.amazonaws.encryptionsdk.CryptoOutputStreamTest$ParameterizedEncryptDecryptTest" time="0"/>
  <testcase name="encryptDecrypt[392: encryptDecrypt(algorithm=ALG_AES_192_GCM_IV12_TAG16_NO_KDF, byteSize=34, frameSize=17, readLen=33)]" classname="com.amazonaws.encryptionsdk.CryptoOutputStreamTest$ParameterizedEncryptDecryptTest" time="0"/>
  <testcase name="encryptDecrypt[393: encryptDecrypt(algorithm=ALG_AES_192_GCM_IV12_TAG16_NO_KDF, byteSize=34, frameSize=17, readLen=34)]" classname="com.amazonaws.encryptionsdk.CryptoOutputStreamTest$ParameterizedEncryptDecryptTest" time="0"/>
  <testcase name="encryptDecrypt[394: encryptDecrypt(algorithm=ALG_AES_192_GCM_IV12_TAG16_NO_KDF, byteSize=34, frameSize=17, readLen=35)]" classname="com.amazonaws.encryptionsdk.CryptoOutputStreamTest$ParameterizedEncryptDecryptTest" time="0.001"/>
  <testcase name="encryptDecrypt[395: encryptDecrypt(algorithm=ALG_AES_192_GCM_IV12_TAG16_NO_KDF, byteSize=34, frameSize=17, readLen=68)]" classname="com.amazonaws.encryptionsdk.CryptoOutputStreamTest$ParameterizedEncryptDecryptTest" time="0"/>
  <testcase name="encryptDecrypt[396: encryptDecrypt(algorithm=ALG_AES_192_GCM_IV12_TAG16_NO_KDF, byteSize=34, frameSize=17, readLen=1,000,000)]" classname="com.amazonaws.encryptionsdk.CryptoOutputStreamTest$ParameterizedEncryptDecryptTest" time="0"/>
  <testcase name="encryptDecrypt[397: encryptDecrypt(algorithm=ALG_AES_192_GCM_IV12_TAG16_NO_KDF, byteSize=1,000,000, frameSize=17, readLen=999,999)]" classname="com.amazonaws.encryptionsdk.CryptoOutputStreamTest$ParameterizedEncryptDecryptTest" time="0.073"/>
  <testcase name="encryptDecrypt[398: encryptDecrypt(algorithm=ALG_AES_192_GCM_IV12_TAG16_NO_KDF, byteSize=1,000,000, frameSize=17, readLen=1,000,000)]" classname="com.amazonaws.encryptionsdk.CryptoOutputStreamTest$ParameterizedEncryptDecryptTest" time="0.073"/>
  <testcase name="encryptDecrypt[399: encryptDecrypt(algorithm=ALG_AES_192_GCM_IV12_TAG16_NO_KDF, byteSize=1,000,000, frameSize=17, readLen=1,000,001)]" classname="com.amazonaws.encryptionsdk.CryptoOutputStreamTest$ParameterizedEncryptDecryptTest" time="0.073"/>
  <testcase name="encryptDecrypt[400: encryptDecrypt(algorithm=ALG_AES_192_GCM_IV12_TAG16_NO_KDF, byteSize=1,000,000, frameSize=17, readLen=2,000,000)]" classname="com.amazonaws.encryptionsdk.CryptoOutputStreamTest$ParameterizedEncryptDecryptTest" time="0.069"/>
  <testcase name="encryptDecrypt[401: encryptDecrypt(algorithm=ALG_AES_192_GCM_IV12_TAG16_NO_KDF, byteSize=1,000,000, frameSize=17, readLen=1,000,000)]" classname="com.amazonaws.encryptionsdk.CryptoOutputStreamTest$ParameterizedEncryptDecryptTest" time="0.069"/>
  <testcase name="encryptDecrypt[402: encryptDecrypt(algorithm=ALG_AES_192_GCM_IV12_TAG16_NO_KDF, byteSize=0, frameSize=32, readLen=1)]" classname="com.amazonaws.encryptionsdk.CryptoOutputStreamTest$ParameterizedEncryptDecryptTest" time="0.001"/>
  <testcase name="encryptDecrypt[403: encryptDecrypt(algorithm=ALG_AES_192_GCM_IV12_TAG16_NO_KDF, byteSize=0, frameSize=32, readLen=1,000,000)]" classname="com.amazonaws.encryptionsdk.CryptoOutputStreamTest$ParameterizedEncryptDecryptTest" time="0"/>
  <testcase name="encryptDecrypt[404: encryptDecrypt(algorithm=ALG_AES_192_GCM_IV12_TAG16_NO_KDF, byteSize=1, frameSize=32, readLen=1)]" classname="com.amazonaws.encryptionsdk.CryptoOutputStreamTest$ParameterizedEncryptDecryptTest" time="0.001"/>
  <testcase name="encryptDecrypt[405: encryptDecrypt(algorithm=ALG_AES_192_GCM_IV12_TAG16_NO_KDF, byteSize=1, frameSize=32, readLen=2)]" classname="com.amazonaws.encryptionsdk.CryptoOutputStreamTest$ParameterizedEncryptDecryptTest" time="0.001"/>
  <testcase name="encryptDecrypt[406: encryptDecrypt(algorithm=ALG_AES_192_GCM_IV12_TAG16_NO_KDF, byteSize=1, frameSize=32, readLen=2)]" classname="com.amazonaws.encryptionsdk.CryptoOutputStreamTest$ParameterizedEncryptDecryptTest" time="0"/>
  <testcase name="encryptDecrypt[407: encryptDecrypt(algorithm=ALG_AES_192_GCM_IV12_TAG16_NO_KDF, byteSize=1, frameSize=32, readLen=1,000,000)]" classname="com.amazonaws.encryptionsdk.CryptoOutputStreamTest$ParameterizedEncryptDecryptTest" time="0"/>
  <testcase name="encryptDecrypt[408: encryptDecrypt(algorithm=ALG_AES_192_GCM_IV12_TAG16_NO_KDF, byteSize=31, frameSize=32, readLen=30)]" classname="com.amazonaws.encryptionsdk.CryptoOutputStreamTest$ParameterizedEncryptDecryptTest" time="0.001"/>
  <testcase name="encryptDecrypt[409: encryptDecrypt(algorithm=ALG_AES_192_GCM_IV12_TAG16_NO_KDF, byteSize=31, frameSize=32, readLen=31)]" classname="com.amazonaws.encryptionsdk.CryptoOutputStreamTest$ParameterizedEncryptDecryptTest" time="0"/>
  <testcase name="encryptDecrypt[410: encryptDecrypt(algorithm=ALG_AES_192_GCM_IV12_TAG16_NO_KDF, byteSize=31, frameSize=32, readLen=32)]" classname="com.amazonaws.encryptionsdk.CryptoOutputStreamTest$ParameterizedEncryptDecryptTest" time="0"/>
  <testcase name="encryptDecrypt[411: encryptDecrypt(algorithm=ALG_AES_192_GCM_IV12_TAG16_NO_KDF, byteSize=31, frameSize=32, readLen=62)]" classname="com.amazonaws.encryptionsdk.CryptoOutputStreamTest$ParameterizedEncryptDecryptTest" time="0"/>
  <testcase name="encryptDecrypt[412: encryptDecrypt(algorithm=ALG_AES_192_GCM_IV12_TAG16_NO_KDF, byteSize=31, frameSize=32, readLen=1,000,000)]" classname="com.amazonaws.encryptionsdk.CryptoOutputStreamTest$ParameterizedEncryptDecryptTest" time="0"/>
  <testcase name="encryptDecrypt[413: encryptDecrypt(algorithm=ALG_AES_192_GCM_IV12_TAG16_NO_KDF, byteSize=32, frameSize=32, readLen=31)]" classname="com.amazonaws.encryptionsdk.CryptoOutputStreamTest$ParameterizedEncryptDecryptTest" time="0"/>
  <testcase name="encryptDecrypt[414: encryptDecrypt(algorithm=ALG_AES_192_GCM_IV12_TAG16_NO_KDF, byteSize=32, frameSize=32, readLen=32)]" classname="com.amazonaws.encryptionsdk.CryptoOutputStreamTest$ParameterizedEncryptDecryptTest" time="0"/>
  <testcase name="encryptDecrypt[415: encryptDecrypt(algorithm=ALG_AES_192_GCM_IV12_TAG16_NO_KDF, byteSize=32, frameSize=32, readLen=33)]" classname="com.amazonaws.encryptionsdk.CryptoOutputStreamTest$ParameterizedEncryptDecryptTest" time="0"/>
  <testcase name="encryptDecrypt[416: encryptDecrypt(algorithm=ALG_AES_192_GCM_IV12_TAG16_NO_KDF, byteSize=32, frameSize=32, readLen=64)]" classname="com.amazonaws.encryptionsdk.CryptoOutputStreamTest$ParameterizedEncryptDecryptTest" time="0.001"/>
  <testcase name="encryptDecrypt[417: encryptDecrypt(algorithm=ALG_AES_192_GCM_IV12_TAG16_NO_KDF, byteSize=32, frameSize=32, readLen=1,000,000)]" classname="com.amazonaws.encryptionsdk.CryptoOutputStreamTest$ParameterizedEncryptDecryptTest" time="0"/>
  <testcase name="encryptDecrypt[418: encryptDecrypt(algorithm=ALG_AES_192_GCM_IV12_TAG16_NO_KDF, byteSize=33, frameSize=32, readLen=32)]" classname="com.amazonaws.encryptionsdk.CryptoOutputStreamTest$ParameterizedEncryptDecryptTest" time="0"/>
  <testcase name="encryptDecrypt[419: encryptDecrypt(algorithm=ALG_AES_192_GCM_IV12_TAG16_NO_KDF, byteSize=33, frameSize=32, readLen=33)]" classname="com.amazonaws.encryptionsdk.CryptoOutputStreamTest$ParameterizedEncryptDecryptTest" time="0"/>
  <testcase name="encryptDecrypt[420: encryptDecrypt(algorithm=ALG_AES_192_GCM_IV12_TAG16_NO_KDF, byteSize=33, frameSize=32, readLen=34)]" classname="com.amazonaws.encryptionsdk.CryptoOutputStreamTest$ParameterizedEncryptDecryptTest" time="0"/>
  <testcase name="encryptDecrypt[421: encryptDecrypt(algorithm=ALG_AES_192_GCM_IV12_TAG16_NO_KDF, byteSize=33, frameSize=32, readLen=66)]" classname="com.amazonaws.encryptionsdk.CryptoOutputStreamTest$ParameterizedEncryptDecryptTest" time="0"/>
  <testcase name="encryptDecrypt[422: encryptDecrypt(algorithm=ALG_AES_192_GCM_IV12_TAG16_NO_KDF, byteSize=33, frameSize=32, readLen=1,000,000)]" classname="com.amazonaws.encryptionsdk.CryptoOutputStreamTest$ParameterizedEncryptDecryptTest" time="0"/>
  <testcase name="encryptDecrypt[423: encryptDecrypt(algorithm=ALG_AES_192_GCM_IV12_TAG16_NO_KDF, byteSize=48, frameSize=32, readLen=47)]" classname="com.amazonaws.encryptionsdk.CryptoOutputStreamTest$ParameterizedEncryptDecryptTest" time="0"/>
  <testcase name="encryptDecrypt[424: encryptDecrypt(algorithm=ALG_AES_192_GCM_IV12_TAG16_NO_KDF, byteSize=48, frameSize=32, readLen=48)]" classname="com.amazonaws.encryptionsdk.CryptoOutputStreamTest$ParameterizedEncryptDecryptTest" time="0.001"/>
  <testcase name="encryptDecrypt[425: encryptDecrypt(algorithm=ALG_AES_192_GCM_IV12_TAG16_NO_KDF, byteSize=48, frameSize=32, readLen=49)]" classname="com.amazonaws.encryptionsdk.CryptoOutputStreamTest$ParameterizedEncryptDecryptTest" time="0"/>
  <testcase name="encryptDecrypt[426: encryptDecrypt(algorithm=ALG_AES_192_GCM_IV12_TAG16_NO_KDF, byteSize=48, frameSize=32, readLen=96)]" classname="com.amazonaws.encryptionsdk.CryptoOutputStreamTest$ParameterizedEncryptDecryptTest" time="0"/>
  <testcase name="encryptDecrypt[427: encryptDecrypt(algorithm=ALG_AES_192_GCM_IV12_TAG16_NO_KDF, byteSize=48, frameSize=32, readLen=1,000,000)]" classname="com.amazonaws.encryptionsdk.CryptoOutputStreamTest$ParameterizedEncryptDecryptTest" time="0"/>
  <testcase name="encryptDecrypt[428: encryptDecrypt(algorithm=ALG_AES_192_GCM_IV12_TAG16_NO_KDF, byteSize=64, frameSize=32, readLen=63)]" classname="com.amazonaws.encryptionsdk.CryptoOutputStreamTest$ParameterizedEncryptDecryptTest" time="0"/>
  <testcase name="encryptDecrypt[429: encryptDecrypt(algorithm=ALG_AES_192_GCM_IV12_TAG16_NO_KDF, byteSize=64, frameSize=32, readLen=64)]" classname="com.amazonaws.encryptionsdk.CryptoOutputStreamTest$ParameterizedEncryptDecryptTest" time="0"/>
  <testcase name="encryptDecrypt[430: encryptDecrypt(algorithm=ALG_AES_192_GCM_IV12_TAG16_NO_KDF, byteSize=64, frameSize=32, readLen=65)]" classname="com.amazonaws.encryptionsdk.CryptoOutputStreamTest$ParameterizedEncryptDecryptTest" time="0"/>
  <testcase name="encryptDecrypt[431: encryptDecrypt(algorithm=ALG_AES_192_GCM_IV12_TAG16_NO_KDF, byteSize=64, frameSize=32, readLen=128)]" classname="com.amazonaws.encryptionsdk.CryptoOutputStreamTest$ParameterizedEncryptDecryptTest" time="0"/>
  <testcase name="encryptDecrypt[432: encryptDecrypt(algorithm=ALG_AES_192_GCM_IV12_TAG16_NO_KDF, byteSize=64, frameSize=32, readLen=1,000,000)]" classname="com.amazonaws.encryptionsdk.CryptoOutputStreamTest$ParameterizedEncryptDecryptTest" time="0"/>
  <testcase name="encryptDecrypt[433: encryptDecrypt(algorithm=ALG_AES_192_GCM_IV12_TAG16_NO_KDF, byteSize=1,000,000, frameSize=32, readLen=999,999)]" classname="com.amazonaws.encryptionsdk.CryptoOutputStreamTest$ParameterizedEncryptDecryptTest" time="0.041"/>
  <testcase name="encryptDecrypt[434: encryptDecrypt(algorithm=ALG_AES_192_GCM_IV12_TAG16_NO_KDF, byteSize=1,000,000, frameSize=32, readLen=1,000,000)]" classname="com.amazonaws.encryptionsdk.CryptoOutputStreamTest$ParameterizedEncryptDecryptTest" time="0.048"/>
  <testcase name="encryptDecrypt[435: encryptDecrypt(algorithm=ALG_AES_192_GCM_IV12_TAG16_NO_KDF, byteSize=1,000,000, frameSize=32, readLen=1,000,001)]" classname="com.amazonaws.encryptionsdk.CryptoOutputStreamTest$ParameterizedEncryptDecryptTest" time="0.039"/>
  <testcase name="encryptDecrypt[436: encryptDecrypt(algorithm=ALG_AES_192_GCM_IV12_TAG16_NO_KDF, byteSize=1,000,000, frameSize=32, readLen=2,000,000)]" classname="com.amazonaws.encryptionsdk.CryptoOutputStreamTest$ParameterizedEncryptDecryptTest" time="0.039"/>
  <testcase name="encryptDecrypt[437: encryptDecrypt(algorithm=ALG_AES_192_GCM_IV12_TAG16_NO_KDF, byteSize=1,000,000, frameSize=32, readLen=1,000,000)]" classname="com.amazonaws.encryptionsdk.CryptoOutputStreamTest$ParameterizedEncryptDecryptTest" time="0.038"/>
  <testcase name="encryptDecrypt[438: encryptDecrypt(algorithm=ALG_AES_192_GCM_IV12_TAG16_NO_KDF, byteSize=0, frameSize=160, readLen=1)]" classname="com.amazonaws.encryptionsdk.CryptoOutputStreamTest$ParameterizedEncryptDecryptTest" time="0.001"/>
  <testcase name="encryptDecrypt[439: encryptDecrypt(algorithm=ALG_AES_192_GCM_IV12_TAG16_NO_KDF, byteSize=0, frameSize=160, readLen=1,000,000)]" classname="com.amazonaws.encryptionsdk.CryptoOutputStreamTest$ParameterizedEncryptDecryptTest" time="0"/>
  <testcase name="encryptDecrypt[440: encryptDecrypt(algorithm=ALG_AES_192_GCM_IV12_TAG16_NO_KDF, byteSize=1, frameSize=160, readLen=1)]" classname="com.amazonaws.encryptionsdk.CryptoOutputStreamTest$ParameterizedEncryptDecryptTest" time="0.001"/>
  <testcase name="encryptDecrypt[441: encryptDecrypt(algorithm=ALG_AES_192_GCM_IV12_TAG16_NO_KDF, byteSize=1, frameSize=160, readLen=2)]" classname="com.amazonaws.encryptionsdk.CryptoOutputStreamTest$ParameterizedEncryptDecryptTest" time="0.001"/>
  <testcase name="encryptDecrypt[442: encryptDecrypt(algorithm=ALG_AES_192_GCM_IV12_TAG16_NO_KDF, byteSize=1, frameSize=160, readLen=2)]" classname="com.amazonaws.encryptionsdk.CryptoOutputStreamTest$ParameterizedEncryptDecryptTest" time="0"/>
  <testcase name="encryptDecrypt[443: encryptDecrypt(algorithm=ALG_AES_192_GCM_IV12_TAG16_NO_KDF, byteSize=1, frameSize=160, readLen=1,000,000)]" classname="com.amazonaws.encryptionsdk.CryptoOutputStreamTest$ParameterizedEncryptDecryptTest" time="0"/>
  <testcase name="encryptDecrypt[444: encryptDecrypt(algorithm=ALG_AES_192_GCM_IV12_TAG16_NO_KDF, byteSize=159, frameSize=160, readLen=158)]" classname="com.amazonaws.encryptionsdk.CryptoOutputStreamTest$ParameterizedEncryptDecryptTest" time="0"/>
  <testcase name="encryptDecrypt[445: encryptDecrypt(algorithm=ALG_AES_192_GCM_IV12_TAG16_NO_KDF, byteSize=159, frameSize=160, readLen=159)]" classname="com.amazonaws.encryptionsdk.CryptoOutputStreamTest$ParameterizedEncryptDecryptTest" time="0.001"/>
  <testcase name="encryptDecrypt[446: encryptDecrypt(algorithm=ALG_AES_192_GCM_IV12_TAG16_NO_KDF, byteSize=159, frameSize=160, readLen=160)]" classname="com.amazonaws.encryptionsdk.CryptoOutputStreamTest$ParameterizedEncryptDecryptTest" time="0"/>
  <testcase name="encryptDecrypt[447: encryptDecrypt(algorithm=ALG_AES_192_GCM_IV12_TAG16_NO_KDF, byteSize=159, frameSize=160, readLen=318)]" classname="com.amazonaws.encryptionsdk.CryptoOutputStreamTest$ParameterizedEncryptDecryptTest" time="0"/>
  <testcase name="encryptDecrypt[448: encryptDecrypt(algorithm=ALG_AES_192_GCM_IV12_TAG16_NO_KDF, byteSize=159, frameSize=160, readLen=1,000,000)]" classname="com.amazonaws.encryptionsdk.CryptoOutputStreamTest$ParameterizedEncryptDecryptTest" time="0"/>
  <testcase name="encryptDecrypt[449: encryptDecrypt(algorithm=ALG_AES_192_GCM_IV12_TAG16_NO_KDF, byteSize=160, frameSize=160, readLen=159)]" classname="com.amazonaws.encryptionsdk.CryptoOutputStreamTest$ParameterizedEncryptDecryptTest" time="0"/>
  <testcase name="encryptDecrypt[450: encryptDecrypt(algorithm=ALG_AES_192_GCM_IV12_TAG16_NO_KDF, byteSize=160, frameSize=160, readLen=160)]" classname="com.amazonaws.encryptionsdk.CryptoOutputStreamTest$ParameterizedEncryptDecryptTest" time="0"/>
  <testcase name="encryptDecrypt[451: encryptDecrypt(algorithm=ALG_AES_192_GCM_IV12_TAG16_NO_KDF, byteSize=160, frameSize=160, readLen=161)]" classname="com.amazonaws.encryptionsdk.CryptoOutputStreamTest$ParameterizedEncryptDecryptTest" time="0"/>
  <testcase name="encryptDecrypt[452: encryptDecrypt(algorithm=ALG_AES_192_GCM_IV12_TAG16_NO_KDF, byteSize=160, frameSize=160, readLen=320)]" classname="com.amazonaws.encryptionsdk.CryptoOutputStreamTest$ParameterizedEncryptDecryptTest" time="0"/>
  <testcase name="encryptDecrypt[453: encryptDecrypt(algorithm=ALG_AES_192_GCM_IV12_TAG16_NO_KDF, byteSize=160, frameSize=160, readLen=1,000,000)]" classname="com.amazonaws.encryptionsdk.CryptoOutputStreamTest$ParameterizedEncryptDecryptTest" time="0"/>
  <testcase name="encryptDecrypt[454: encryptDecrypt(algorithm=ALG_AES_192_GCM_IV12_TAG16_NO_KDF, byteSize=161, frameSize=160, readLen=160)]" classname="com.amazonaws.encryptionsdk.CryptoOutputStreamTest$ParameterizedEncryptDecryptTest" time="0"/>
  <testcase name="encryptDecrypt[455: encryptDecrypt(algorithm=ALG_AES_192_GCM_IV12_TAG16_NO_KDF, byteSize=161, frameSize=160, readLen=161)]" classname="com.amazonaws.encryptionsdk.CryptoOutputStreamTest$ParameterizedEncryptDecryptTest" time="0.001"/>
  <testcase name="encryptDecrypt[456: encryptDecrypt(algorithm=ALG_AES_192_GCM_IV12_TAG16_NO_KDF, byteSize=161, frameSize=160, readLen=162)]" classname="com.amazonaws.encryptionsdk.CryptoOutputStreamTest$ParameterizedEncryptDecryptTest" time="0"/>
  <testcase name="encryptDecrypt[457: encryptDecrypt(algorithm=ALG_AES_192_GCM_IV12_TAG16_NO_KDF, byteSize=161, frameSize=160, readLen=322)]" classname="com.amazonaws.encryptionsdk.CryptoOutputStreamTest$ParameterizedEncryptDecryptTest" time="0"/>
  <testcase name="encryptDecrypt[458: encryptDecrypt(algorithm=ALG_AES_192_GCM_IV12_TAG16_NO_KDF, byteSize=161, frameSize=160, readLen=1,000,000)]" classname="com.amazonaws.encryptionsdk.CryptoOutputStreamTest$ParameterizedEncryptDecryptTest" time="0"/>
  <testcase name="encryptDecrypt[459: encryptDecrypt(algorithm=ALG_AES_192_GCM_IV12_TAG16_NO_KDF, byteSize=240, frameSize=160, readLen=239)]" classname="com.amazonaws.encryptionsdk.CryptoOutputStreamTest$ParameterizedEncryptDecryptTest" time="0"/>
  <testcase name="encryptDecrypt[460: encryptDecrypt(algorithm=ALG_AES_192_GCM_IV12_TAG16_NO_KDF, byteSize=240, frameSize=160, readLen=240)]" classname="com.amazonaws.encryptionsdk.CryptoOutputStreamTest$ParameterizedEncryptDecryptTest" time="0"/>
  <testcase name="encryptDecrypt[461: encryptDecrypt(algorithm=ALG_AES_192_GCM_IV12_TAG16_NO_KDF, byteSize=240, frameSize=160, readLen=241)]" classname="com.amazonaws.encryptionsdk.CryptoOutputStreamTest$ParameterizedEncryptDecryptTest" time="0"/>
  <testcase name="encryptDecrypt[462: encryptDecrypt(algorithm=ALG_AES_192_GCM_IV12_TAG16_NO_KDF, byteSize=240, frameSize=160, readLen=480)]" classname="com.amazonaws.encryptionsdk.CryptoOutputStreamTest$ParameterizedEncryptDecryptTest" time="0"/>
  <testcase name="encryptDecrypt[463: encryptDecrypt(algorithm=ALG_AES_192_GCM_IV12_TAG16_NO_KDF, byteSize=240, frameSize=160, readLen=1,000,000)]" classname="com.amazonaws.encryptionsdk.CryptoOutputStreamTest$ParameterizedEncryptDecryptTest" time="0"/>
  <testcase name="encryptDecrypt[464: encryptDecrypt(algorithm=ALG_AES_192_GCM_IV12_TAG16_NO_KDF, byteSize=320, frameSize=160, readLen=319)]" classname="com.amazonaws.encryptionsdk.CryptoOutputStreamTest$ParameterizedEncryptDecryptTest" time="0"/>
  <testcase name="encryptDecrypt[465: encryptDecrypt(algorithm=ALG_AES_192_GCM_IV12_TAG16_NO_KDF, byteSize=320, frameSize=160, readLen=320)]" classname="com.amazonaws.encryptionsdk.CryptoOutputStreamTest$ParameterizedEncryptDecryptTest" time="0.001"/>
  <testcase name="encryptDecrypt[466: encryptDecrypt(algorithm=ALG_AES_192_GCM_IV12_TAG16_NO_KDF, byteSize=320, frameSize=160, readLen=321)]" classname="com.amazonaws.encryptionsdk.CryptoOutputStreamTest$ParameterizedEncryptDecryptTest" time="0"/>
  <testcase name="encryptDecrypt[467: encryptDecrypt(algorithm=ALG_AES_192_GCM_IV12_TAG16_NO_KDF, byteSize=320, frameSize=160, readLen=640)]" classname="com.amazonaws.encryptionsdk.CryptoOutputStreamTest$ParameterizedEncryptDecryptTest" time="0"/>
  <testcase name="encryptDecrypt[468: encryptDecrypt(algorithm=ALG_AES_192_GCM_IV12_TAG16_NO_KDF, byteSize=320, frameSize=160, readLen=1,000,000)]" classname="com.amazonaws.encryptionsdk.CryptoOutputStreamTest$ParameterizedEncryptDecryptTest" time="0"/>
  <testcase name="encryptDecrypt[469: encryptDecrypt(algorithm=ALG_AES_192_GCM_IV12_TAG16_NO_KDF, byteSize=1,000,000, frameSize=160, readLen=999,999)]" classname="com.amazonaws.encryptionsdk.CryptoOutputStreamTest$ParameterizedEncryptDecryptTest" time="0.015"/>
  <testcase name="encryptDecrypt[470: encryptDecrypt(algorithm=ALG_AES_192_GCM_IV12_TAG16_NO_KDF, byteSize=1,000,000, frameSize=160, readLen=1,000,000)]" classname="com.amazonaws.encryptionsdk.CryptoOutputStreamTest$ParameterizedEncryptDecryptTest" time="0.015"/>
  <testcase name="encryptDecrypt[471: encryptDecrypt(algorithm=ALG_AES_192_GCM_IV12_TAG16_NO_KDF, byteSize=1,000,000, frameSize=160, readLen=1,000,001)]" classname="com.amazonaws.encryptionsdk.CryptoOutputStreamTest$ParameterizedEncryptDecryptTest" time="0.015"/>
  <testcase name="encryptDecrypt[472: encryptDecrypt(algorithm=ALG_AES_192_GCM_IV12_TAG16_NO_KDF, byteSize=1,000,000, frameSize=160, readLen=2,000,000)]" classname="com.amazonaws.encryptionsdk.CryptoOutputStreamTest$ParameterizedEncryptDecryptTest" time="0.015"/>
  <testcase name="encryptDecrypt[473: encryptDecrypt(algorithm=ALG_AES_192_GCM_IV12_TAG16_NO_KDF, byteSize=1,000,000, frameSize=160, readLen=1,000,000)]" classname="com.amazonaws.encryptionsdk.CryptoOutputStreamTest$ParameterizedEncryptDecryptTest" time="0.015"/>
  <testcase name="encryptDecrypt[474: encryptDecrypt(algorithm=ALG_AES_192_GCM_IV12_TAG16_NO_KDF, byteSize=0, frameSize=161, readLen=1)]" classname="com.amazonaws.encryptionsdk.CryptoOutputStreamTest$ParameterizedEncryptDecryptTest" time="0.001"/>
  <testcase name="encryptDecrypt[475: encryptDecrypt(algorithm=ALG_AES_192_GCM_IV12_TAG16_NO_KDF, byteSize=0, frameSize=161, readLen=1,000,000)]" classname="com.amazonaws.encryptionsdk.CryptoOutputStreamTest$ParameterizedEncryptDecryptTest" time="0"/>
  <testcase name="encryptDecrypt[476: encryptDecrypt(algorithm=ALG_AES_192_GCM_IV12_TAG16_NO_KDF, byteSize=1, frameSize=161, readLen=1)]" classname="com.amazonaws.encryptionsdk.CryptoOutputStreamTest$ParameterizedEncryptDecryptTest" time="0.001"/>
  <testcase name="encryptDecrypt[477: encryptDecrypt(algorithm=ALG_AES_192_GCM_IV12_TAG16_NO_KDF, byteSize=1, frameSize=161, readLen=2)]" classname="com.amazonaws.encryptionsdk.CryptoOutputStreamTest$ParameterizedEncryptDecryptTest" time="0"/>
  <testcase name="encryptDecrypt[478: encryptDecrypt(algorithm=ALG_AES_192_GCM_IV12_TAG16_NO_KDF, byteSize=1, frameSize=161, readLen=2)]" classname="com.amazonaws.encryptionsdk.CryptoOutputStreamTest$ParameterizedEncryptDecryptTest" time="0.001"/>
  <testcase name="encryptDecrypt[479: encryptDecrypt(algorithm=ALG_AES_192_GCM_IV12_TAG16_NO_KDF, byteSize=1, frameSize=161, readLen=1,000,000)]" classname="com.amazonaws.encryptionsdk.CryptoOutputStreamTest$ParameterizedEncryptDecryptTest" time="0"/>
  <testcase name="encryptDecrypt[480: encryptDecrypt(algorithm=ALG_AES_192_GCM_IV12_TAG16_NO_KDF, byteSize=160, frameSize=161, readLen=159)]" classname="com.amazonaws.encryptionsdk.CryptoOutputStreamTest$ParameterizedEncryptDecryptTest" time="0"/>
  <testcase name="encryptDecrypt[481: encryptDecrypt(algorithm=ALG_AES_192_GCM_IV12_TAG16_NO_KDF, byteSize=160, frameSize=161, readLen=160)]" classname="com.amazonaws.encryptionsdk.CryptoOutputStreamTest$ParameterizedEncryptDecryptTest" time="0"/>
  <testcase name="encryptDecrypt[482: encryptDecrypt(algorithm=ALG_AES_192_GCM_IV12_TAG16_NO_KDF, byteSize=160, frameSize=161, readLen=161)]" classname="com.amazonaws.encryptionsdk.CryptoOutputStreamTest$ParameterizedEncryptDecryptTest" time="0"/>
  <testcase name="encryptDecrypt[483: encryptDecrypt(algorithm=ALG_AES_192_GCM_IV12_TAG16_NO_KDF, byteSize=160, frameSize=161, readLen=320)]" classname="com.amazonaws.encryptionsdk.CryptoOutputStreamTest$ParameterizedEncryptDecryptTest" time="0"/>
  <testcase name="encryptDecrypt[484: encryptDecrypt(algorithm=ALG_AES_192_GCM_IV12_TAG16_NO_KDF, byteSize=160, frameSize=161, readLen=1,000,000)]" classname="com.amazonaws.encryptionsdk.CryptoOutputStreamTest$ParameterizedEncryptDecryptTest" time="0.001"/>
  <testcase name="encryptDecrypt[485: encryptDecrypt(algorithm=ALG_AES_192_GCM_IV12_TAG16_NO_KDF, byteSize=161, frameSize=161, readLen=160)]" classname="com.amazonaws.encryptionsdk.CryptoOutputStreamTest$ParameterizedEncryptDecryptTest" time="0"/>
  <testcase name="encryptDecrypt[486: encryptDecrypt(algorithm=ALG_AES_192_GCM_IV12_TAG16_NO_KDF, byteSize=161, frameSize=161, readLen=161)]" classname="com.amazonaws.encryptionsdk.CryptoOutputStreamTest$ParameterizedEncryptDecryptTest" time="0"/>
  <testcase name="encryptDecrypt[487: encryptDecrypt(algorithm=ALG_AES_192_GCM_IV12_TAG16_NO_KDF, byteSize=161, frameSize=161, readLen=162)]" classname="com.amazonaws.encryptionsdk.CryptoOutputStreamTest$ParameterizedEncryptDecryptTest" time="0"/>
  <testcase name="encryptDecrypt[488: encryptDecrypt(algorithm=ALG_AES_192_GCM_IV12_TAG16_NO_KDF, byteSize=161, frameSize=161, readLen=322)]" classname="com.amazonaws.encryptionsdk.CryptoOutputStreamTest$ParameterizedEncryptDecryptTest" time="0"/>
  <testcase name="encryptDecrypt[489: encryptDecrypt(algorithm=ALG_AES_192_GCM_IV12_TAG16_NO_KDF, byteSize=161, frameSize=161, readLen=1,000,000)]" classname="com.amazonaws.encryptionsdk.CryptoOutputStreamTest$ParameterizedEncryptDecryptTest" time="0"/>
  <testcase name="encryptDecrypt[490: encryptDecrypt(algorithm=ALG_AES_192_GCM_IV12_TAG16_NO_KDF, byteSize=162, frameSize=161, readLen=161)]" classname="com.amazonaws.encryptionsdk.CryptoOutputStreamTest$ParameterizedEncryptDecryptTest" time="0"/>
  <testcase name="encryptDecrypt[491: encryptDecrypt(algorithm=ALG_AES_192_GCM_IV12_TAG16_NO_KDF, byteSize=162, frameSize=161, readLen=162)]" classname="com.amazonaws.encryptionsdk.CryptoOutputStreamTest$ParameterizedEncryptDecryptTest" time="0"/>
  <testcase name="encryptDecrypt[492: encryptDecrypt(algorithm=ALG_AES_192_GCM_IV12_TAG16_NO_KDF, byteSize=162, frameSize=161, readLen=163)]" classname="com.amazonaws.encryptionsdk.CryptoOutputStreamTest$ParameterizedEncryptDecryptTest" time="0"/>
  <testcase name="encryptDecrypt[493: encryptDecrypt(algorithm=ALG_AES_192_GCM_IV12_TAG16_NO_KDF, byteSize=162, frameSize=161, readLen=324)]" classname="com.amazonaws.encryptionsdk.CryptoOutputStreamTest$ParameterizedEncryptDecryptTest" time="0"/>
  <testcase name="encryptDecrypt[494: encryptDecrypt(algorithm=ALG_AES_192_GCM_IV12_TAG16_NO_KDF, byteSize=162, frameSize=161, readLen=1,000,000)]" classname="com.amazonaws.encryptionsdk.CryptoOutputStreamTest$ParameterizedEncryptDecryptTest" time="0.001"/>
  <testcase name="encryptDecrypt[495: encryptDecrypt(algorithm=ALG_AES_192_GCM_IV12_TAG16_NO_KDF, byteSize=241, frameSize=161, readLen=240)]" classname="com.amazonaws.encryptionsdk.CryptoOutputStreamTest$ParameterizedEncryptDecryptTest" time="0"/>
  <testcase name="encryptDecrypt[496: encryptDecrypt(algorithm=ALG_AES_192_GCM_IV12_TAG16_NO_KDF, byteSize=241, frameSize=161, readLen=241)]" classname="com.amazonaws.encryptionsdk.CryptoOutputStreamTest$ParameterizedEncryptDecryptTest" time="0"/>
  <testcase name="encryptDecrypt[497: encryptDecrypt(algorithm=ALG_AES_192_GCM_IV12_TAG16_NO_KDF, byteSize=241, frameSize=161, readLen=242)]" classname="com.amazonaws.encryptionsdk.CryptoOutputStreamTest$ParameterizedEncryptDecryptTest" time="0"/>
  <testcase name="encryptDecrypt[498: encryptDecrypt(algorithm=ALG_AES_192_GCM_IV12_TAG16_NO_KDF, byteSize=241, frameSize=161, readLen=482)]" classname="com.amazonaws.encryptionsdk.CryptoOutputStreamTest$ParameterizedEncryptDecryptTest" time="0"/>
  <testcase name="encryptDecrypt[499: encryptDecrypt(algorithm=ALG_AES_192_GCM_IV12_TAG16_NO_KDF, byteSize=241, frameSize=161, readLen=1,000,000)]" classname="com.amazonaws.encryptionsdk.CryptoOutputStreamTest$ParameterizedEncryptDecryptTest" time="0"/>
  <testcase name="encryptDecrypt[500: encryptDecrypt(algorithm=ALG_AES_192_GCM_IV12_TAG16_NO_KDF, byteSize=322, frameSize=161, readLen=321)]" classname="com.amazonaws.encryptionsdk.CryptoOutputStreamTest$ParameterizedEncryptDecryptTest" time="0"/>
  <testcase name="encryptDecrypt[501: encryptDecrypt(algorithm=ALG_AES_192_GCM_IV12_TAG16_NO_KDF, byteSize=322, frameSize=161, readLen=322)]" classname="com.amazonaws.encryptionsdk.CryptoOutputStreamTest$ParameterizedEncryptDecryptTest" time="0"/>
  <testcase name="encryptDecrypt[502: encryptDecrypt(algorithm=ALG_AES_192_GCM_IV12_TAG16_NO_KDF, byteSize=322, frameSize=161, readLen=323)]" classname="com.amazonaws.encryptionsdk.CryptoOutputStreamTest$ParameterizedEncryptDecryptTest" time="0"/>
  <testcase name="encryptDecrypt[503: encryptDecrypt(algorithm=ALG_AES_192_GCM_IV12_TAG16_NO_KDF, byteSize=322, frameSize=161, readLen=644)]" classname="com.amazonaws.encryptionsdk.CryptoOutputStreamTest$ParameterizedEncryptDecryptTest" time="0"/>
  <testcase name="encryptDecrypt[504: encryptDecrypt(algorithm=ALG_AES_192_GCM_IV12_TAG16_NO_KDF, byteSize=322, frameSize=161, readLen=1,000,000)]" classname="com.amazonaws.encryptionsdk.CryptoOutputStreamTest$ParameterizedEncryptDecryptTest" time="0.001"/>
  <testcase name="encryptDecrypt[505: encryptDecrypt(algorithm=ALG_AES_192_GCM_IV12_TAG16_NO_KDF, byteSize=1,000,000, frameSize=161, readLen=999,999)]" classname="com.amazonaws.encryptionsdk.CryptoOutputStreamTest$ParameterizedEncryptDecryptTest" time="0.015"/>
  <testcase name="encryptDecrypt[506: encryptDecrypt(algorithm=ALG_AES_192_GCM_IV12_TAG16_NO_KDF, byteSize=1,000,000, frameSize=161, readLen=1,000,000)]" classname="com.amazonaws.encryptionsdk.CryptoOutputStreamTest$ParameterizedEncryptDecryptTest" time="0.015"/>
  <testcase name="encryptDecrypt[507: encryptDecrypt(algorithm=ALG_AES_192_GCM_IV12_TAG16_NO_KDF, byteSize=1,000,000, frameSize=161, readLen=1,000,001)]" classname="com.amazonaws.encryptionsdk.CryptoOutputStreamTest$ParameterizedEncryptDecryptTest" time="0.015"/>
  <testcase name="encryptDecrypt[508: encryptDecrypt(algorithm=ALG_AES_192_GCM_IV12_TAG16_NO_KDF, byteSize=1,000,000, frameSize=161, readLen=2,000,000)]" classname="com.amazonaws.encryptionsdk.CryptoOutputStreamTest$ParameterizedEncryptDecryptTest" time="0.014"/>
  <testcase name="encryptDecrypt[509: encryptDecrypt(algorithm=ALG_AES_192_GCM_IV12_TAG16_NO_KDF, byteSize=1,000,000, frameSize=161, readLen=1,000,000)]" classname="com.amazonaws.encryptionsdk.CryptoOutputStreamTest$ParameterizedEncryptDecryptTest" time="0.015"/>
  <testcase name="encryptDecrypt[510: encryptDecrypt(algorithm=ALG_AES_192_GCM_IV12_TAG16_NO_KDF, byteSize=0, frameSize=4,096, readLen=1)]" classname="com.amazonaws.encryptionsdk.CryptoOutputStreamTest$ParameterizedEncryptDecryptTest" time="0.001"/>
  <testcase name="encryptDecrypt[511: encryptDecrypt(algorithm=ALG_AES_192_GCM_IV12_TAG16_NO_KDF, byteSize=0, frameSize=4,096, readLen=1,000,000)]" classname="com.amazonaws.encryptionsdk.CryptoOutputStreamTest$ParameterizedEncryptDecryptTest" time="0"/>
  <testcase name="encryptDecrypt[512: encryptDecrypt(algorithm=ALG_AES_192_GCM_IV12_TAG16_NO_KDF, byteSize=1, frameSize=4,096, readLen=1)]" classname="com.amazonaws.encryptionsdk.CryptoOutputStreamTest$ParameterizedEncryptDecryptTest" time="0.001"/>
  <testcase name="encryptDecrypt[513: encryptDecrypt(algorithm=ALG_AES_192_GCM_IV12_TAG16_NO_KDF, byteSize=1, frameSize=4,096, readLen=2)]" classname="com.amazonaws.encryptionsdk.CryptoOutputStreamTest$ParameterizedEncryptDecryptTest" time="0"/>
  <testcase name="encryptDecrypt[514: encryptDecrypt(algorithm=ALG_AES_192_GCM_IV12_TAG16_NO_KDF, byteSize=1, frameSize=4,096, readLen=2)]" classname="com.amazonaws.encryptionsdk.CryptoOutputStreamTest$ParameterizedEncryptDecryptTest" time="0.001"/>
  <testcase name="encryptDecrypt[515: encryptDecrypt(algorithm=ALG_AES_192_GCM_IV12_TAG16_NO_KDF, byteSize=1, frameSize=4,096, readLen=1,000,000)]" classname="com.amazonaws.encryptionsdk.CryptoOutputStreamTest$ParameterizedEncryptDecryptTest" time="0"/>
  <testcase name="encryptDecrypt[516: encryptDecrypt(algorithm=ALG_AES_192_GCM_IV12_TAG16_NO_KDF, byteSize=4,095, frameSize=4,096, readLen=4,094)]" classname="com.amazonaws.encryptionsdk.CryptoOutputStreamTest$ParameterizedEncryptDecryptTest" time="0"/>
  <testcase name="encryptDecrypt[517: encryptDecrypt(algorithm=ALG_AES_192_GCM_IV12_TAG16_NO_KDF, byteSize=4,095, frameSize=4,096, readLen=4,095)]" classname="com.amazonaws.encryptionsdk.CryptoOutputStreamTest$ParameterizedEncryptDecryptTest" time="0"/>
  <testcase name="encryptDecrypt[518: encryptDecrypt(algorithm=ALG_AES_192_GCM_IV12_TAG16_NO_KDF, byteSize=4,095, frameSize=4,096, readLen=4,096)]" classname="com.amazonaws.encryptionsdk.CryptoOutputStreamTest$ParameterizedEncryptDecryptTest" time="0.001"/>
  <testcase name="encryptDecrypt[519: encryptDecrypt(algorithm=ALG_AES_192_GCM_IV12_TAG16_NO_KDF, byteSize=4,095, frameSize=4,096, readLen=8,190)]" classname="com.amazonaws.encryptionsdk.CryptoOutputStreamTest$ParameterizedEncryptDecryptTest" time="0"/>
  <testcase name="encryptDecrypt[520: encryptDecrypt(algorithm=ALG_AES_192_GCM_IV12_TAG16_NO_KDF, byteSize=4,095, frameSize=4,096, readLen=1,000,000)]" classname="com.amazonaws.encryptionsdk.CryptoOutputStreamTest$ParameterizedEncryptDecryptTest" time="0"/>
  <testcase name="encryptDecrypt[521: encryptDecrypt(algorithm=ALG_AES_192_GCM_IV12_TAG16_NO_KDF, byteSize=4,096, frameSize=4,096, readLen=4,095)]" classname="com.amazonaws.encryptionsdk.CryptoOutputStreamTest$ParameterizedEncryptDecryptTest" time="0"/>
  <testcase name="encryptDecrypt[522: encryptDecrypt(algorithm=ALG_AES_192_GCM_IV12_TAG16_NO_KDF, byteSize=4,096, frameSize=4,096, readLen=4,096)]" classname="com.amazonaws.encryptionsdk.CryptoOutputStreamTest$ParameterizedEncryptDecryptTest" time="0"/>
  <testcase name="encryptDecrypt[523: encryptDecrypt(algorithm=ALG_AES_192_GCM_IV12_TAG16_NO_KDF, byteSize=4,096, frameSize=4,096, readLen=4,097)]" classname="com.amazonaws.encryptionsdk.CryptoOutputStreamTest$ParameterizedEncryptDecryptTest" time="0"/>
  <testcase name="encryptDecrypt[524: encryptDecrypt(algorithm=ALG_AES_192_GCM_IV12_TAG16_NO_KDF, byteSize=4,096, frameSize=4,096, readLen=8,192)]" classname="com.amazonaws.encryptionsdk.CryptoOutputStreamTest$ParameterizedEncryptDecryptTest" time="0"/>
  <testcase name="encryptDecrypt[525: encryptDecrypt(algorithm=ALG_AES_192_GCM_IV12_TAG16_NO_KDF, byteSize=4,096, frameSize=4,096, readLen=1,000,000)]" classname="com.amazonaws.encryptionsdk.CryptoOutputStreamTest$ParameterizedEncryptDecryptTest" time="0.001"/>
  <testcase name="encryptDecrypt[526: encryptDecrypt(algorithm=ALG_AES_192_GCM_IV12_TAG16_NO_KDF, byteSize=4,097, frameSize=4,096, readLen=4,096)]" classname="com.amazonaws.encryptionsdk.CryptoOutputStreamTest$ParameterizedEncryptDecryptTest" time="0"/>
  <testcase name="encryptDecrypt[527: encryptDecrypt(algorithm=ALG_AES_192_GCM_IV12_TAG16_NO_KDF, byteSize=4,097, frameSize=4,096, readLen=4,097)]" classname="com.amazonaws.encryptionsdk.CryptoOutputStreamTest$ParameterizedEncryptDecryptTest" time="0"/>
  <testcase name="encryptDecrypt[528: encryptDecrypt(algorithm=ALG_AES_192_GCM_IV12_TAG16_NO_KDF, byteSize=4,097, frameSize=4,096, readLen=4,098)]" classname="com.amazonaws.encryptionsdk.CryptoOutputStreamTest$ParameterizedEncryptDecryptTest" time="0"/>
  <testcase name="encryptDecrypt[529: encryptDecrypt(algorithm=ALG_AES_192_GCM_IV12_TAG16_NO_KDF, byteSize=4,097, frameSize=4,096, readLen=8,194)]" classname="com.amazonaws.encryptionsdk.CryptoOutputStreamTest$ParameterizedEncryptDecryptTest" time="0"/>
  <testcase name="encryptDecrypt[530: encryptDecrypt(algorithm=ALG_AES_192_GCM_IV12_TAG16_NO_KDF, byteSize=4,097, frameSize=4,096, readLen=1,000,000)]" classname="com.amazonaws.encryptionsdk.CryptoOutputStreamTest$ParameterizedEncryptDecryptTest" time="0"/>
  <testcase name="encryptDecrypt[531: encryptDecrypt(algorithm=ALG_AES_192_GCM_IV12_TAG16_NO_KDF, byteSize=6,144, frameSize=4,096, readLen=6,143)]" classname="com.amazonaws.encryptionsdk.CryptoOutputStreamTest$ParameterizedEncryptDecryptTest" time="0"/>
  <testcase name="encryptDecrypt[532: encryptDecrypt(algorithm=ALG_AES_192_GCM_IV12_TAG16_NO_KDF, byteSize=6,144, frameSize=4,096, readLen=6,144)]" classname="com.amazonaws.encryptionsdk.CryptoOutputStreamTest$ParameterizedEncryptDecryptTest" time="0"/>
  <testcase name="encryptDecrypt[533: encryptDecrypt(algorithm=ALG_AES_192_GCM_IV12_TAG16_NO_KDF, byteSize=6,144, frameSize=4,096, readLen=6,145)]" classname="com.amazonaws.encryptionsdk.CryptoOutputStreamTest$ParameterizedEncryptDecryptTest" time="0.001"/>
  <testcase name="encryptDecrypt[534: encryptDecrypt(algorithm=ALG_AES_192_GCM_IV12_TAG16_NO_KDF, byteSize=6,144, frameSize=4,096, readLen=12,288)]" classname="com.amazonaws.encryptionsdk.CryptoOutputStreamTest$ParameterizedEncryptDecryptTest" time="0"/>
  <testcase name="encryptDecrypt[535: encryptDecrypt(algorithm=ALG_AES_192_GCM_IV12_TAG16_NO_KDF, byteSize=6,144, frameSize=4,096, readLen=1,000,000)]" classname="com.amazonaws.encryptionsdk.CryptoOutputStreamTest$ParameterizedEncryptDecryptTest" time="0"/>
  <testcase name="encryptDecrypt[536: encryptDecrypt(algorithm=ALG_AES_192_GCM_IV12_TAG16_NO_KDF, byteSize=8,192, frameSize=4,096, readLen=8,191)]" classname="com.amazonaws.encryptionsdk.CryptoOutputStreamTest$ParameterizedEncryptDecryptTest" time="0"/>
  <testcase name="encryptDecrypt[537: encryptDecrypt(algorithm=ALG_AES_192_GCM_IV12_TAG16_NO_KDF, byteSize=8,192, frameSize=4,096, readLen=8,192)]" classname="com.amazonaws.encryptionsdk.CryptoOutputStreamTest$ParameterizedEncryptDecryptTest" time="0"/>
  <testcase name="encryptDecrypt[538: encryptDecrypt(algorithm=ALG_AES_192_GCM_IV12_TAG16_NO_KDF, byteSize=8,192, frameSize=4,096, readLen=8,193)]" classname="com.amazonaws.encryptionsdk.CryptoOutputStreamTest$ParameterizedEncryptDecryptTest" time="0"/>
  <testcase name="encryptDecrypt[539: encryptDecrypt(algorithm=ALG_AES_192_GCM_IV12_TAG16_NO_KDF, byteSize=8,192, frameSize=4,096, readLen=16,384)]" classname="com.amazonaws.encryptionsdk.CryptoOutputStreamTest$ParameterizedEncryptDecryptTest" time="0.001"/>
  <testcase name="encryptDecrypt[540: encryptDecrypt(algorithm=ALG_AES_192_GCM_IV12_TAG16_NO_KDF, byteSize=8,192, frameSize=4,096, readLen=1,000,000)]" classname="com.amazonaws.encryptionsdk.CryptoOutputStreamTest$ParameterizedEncryptDecryptTest" time="0"/>
  <testcase name="encryptDecrypt[541: encryptDecrypt(algorithm=ALG_AES_192_GCM_IV12_TAG16_NO_KDF, byteSize=1,000,000, frameSize=4,096, readLen=999,999)]" classname="com.amazonaws.encryptionsdk.CryptoOutputStreamTest$ParameterizedEncryptDecryptTest" time="0.009"/>
  <testcase name="encryptDecrypt[542: encryptDecrypt(algorithm=ALG_AES_192_GCM_IV12_TAG16_NO_KDF, byteSize=1,000,000, frameSize=4,096, readLen=1,000,000)]" classname="com.amazonaws.encryptionsdk.CryptoOutputStreamTest$ParameterizedEncryptDecryptTest" time="0.009"/>
  <testcase name="encryptDecrypt[543: encryptDecrypt(algorithm=ALG_AES_192_GCM_IV12_TAG16_NO_KDF, byteSize=1,000,000, frameSize=4,096, readLen=1,000,001)]" classname="com.amazonaws.encryptionsdk.CryptoOutputStreamTest$ParameterizedEncryptDecryptTest" time="0.009"/>
  <testcase name="encryptDecrypt[544: encryptDecrypt(algorithm=ALG_AES_192_GCM_IV12_TAG16_NO_KDF, byteSize=1,000,000, frameSize=4,096, readLen=2,000,000)]" classname="com.amazonaws.encryptionsdk.CryptoOutputStreamTest$ParameterizedEncryptDecryptTest" time="0.008"/>
  <testcase name="encryptDecrypt[545: encryptDecrypt(algorithm=ALG_AES_192_GCM_IV12_TAG16_NO_KDF, byteSize=1,000,000, frameSize=4,096, readLen=1,000,000)]" classname="com.amazonaws.encryptionsdk.CryptoOutputStreamTest$ParameterizedEncryptDecryptTest" time="0.009"/>
  <testcase name="encryptDecrypt[546: encryptDecrypt(algorithm=ALG_AES_256_GCM_IV12_TAG16_NO_KDF, byteSize=0, frameSize=0, readLen=1)]" classname="com.amazonaws.encryptionsdk.CryptoOutputStreamTest$ParameterizedEncryptDecryptTest" time="0.001"/>
  <testcase name="encryptDecrypt[547: encryptDecrypt(algorithm=ALG_AES_256_GCM_IV12_TAG16_NO_KDF, byteSize=0, frameSize=0, readLen=1,000,000)]" classname="com.amazonaws.encryptionsdk.CryptoOutputStreamTest$ParameterizedEncryptDecryptTest" time="0"/>
  <testcase name="encryptDecrypt[548: encryptDecrypt(algorithm=ALG_AES_256_GCM_IV12_TAG16_NO_KDF, byteSize=1, frameSize=0, readLen=1)]" classname="com.amazonaws.encryptionsdk.CryptoOutputStreamTest$ParameterizedEncryptDecryptTest" time="0.001"/>
  <testcase name="encryptDecrypt[549: encryptDecrypt(algorithm=ALG_AES_256_GCM_IV12_TAG16_NO_KDF, byteSize=1, frameSize=0, readLen=2)]" classname="com.amazonaws.encryptionsdk.CryptoOutputStreamTest$ParameterizedEncryptDecryptTest" time="0"/>
  <testcase name="encryptDecrypt[550: encryptDecrypt(algorithm=ALG_AES_256_GCM_IV12_TAG16_NO_KDF, byteSize=1, frameSize=0, readLen=2)]" classname="com.amazonaws.encryptionsdk.CryptoOutputStreamTest$ParameterizedEncryptDecryptTest" time="0.001"/>
  <testcase name="encryptDecrypt[551: encryptDecrypt(algorithm=ALG_AES_256_GCM_IV12_TAG16_NO_KDF, byteSize=1, frameSize=0, readLen=1,000,000)]" classname="com.amazonaws.encryptionsdk.CryptoOutputStreamTest$ParameterizedEncryptDecryptTest" time="0"/>
  <testcase name="encryptDecrypt[552: encryptDecrypt(algorithm=ALG_AES_256_GCM_IV12_TAG16_NO_KDF, byteSize=0, frameSize=0, readLen=1)]" classname="com.amazonaws.encryptionsdk.CryptoOutputStreamTest$ParameterizedEncryptDecryptTest" time="0.001"/>
  <testcase name="encryptDecrypt[553: encryptDecrypt(algorithm=ALG_AES_256_GCM_IV12_TAG16_NO_KDF, byteSize=0, frameSize=0, readLen=1,000,000)]" classname="com.amazonaws.encryptionsdk.CryptoOutputStreamTest$ParameterizedEncryptDecryptTest" time="0"/>
  <testcase name="encryptDecrypt[554: encryptDecrypt(algorithm=ALG_AES_256_GCM_IV12_TAG16_NO_KDF, byteSize=1, frameSize=0, readLen=1)]" classname="com.amazonaws.encryptionsdk.CryptoOutputStreamTest$ParameterizedEncryptDecryptTest" time="0.001"/>
  <testcase name="encryptDecrypt[555: encryptDecrypt(algorithm=ALG_AES_256_GCM_IV12_TAG16_NO_KDF, byteSize=1, frameSize=0, readLen=2)]" classname="com.amazonaws.encryptionsdk.CryptoOutputStreamTest$ParameterizedEncryptDecryptTest" time="0.001"/>
  <testcase name="encryptDecrypt[556: encryptDecrypt(algorithm=ALG_AES_256_GCM_IV12_TAG16_NO_KDF, byteSize=1, frameSize=0, readLen=2)]" classname="com.amazonaws.encryptionsdk.CryptoOutputStreamTest$ParameterizedEncryptDecryptTest" time="0.001"/>
  <testcase name="encryptDecrypt[557: encryptDecrypt(algorithm=ALG_AES_256_GCM_IV12_TAG16_NO_KDF, byteSize=1, frameSize=0, readLen=1,000,000)]" classname="com.amazonaws.encryptionsdk.CryptoOutputStreamTest$ParameterizedEncryptDecryptTest" time="0"/>
  <testcase name="encryptDecrypt[558: encryptDecrypt(algorithm=ALG_AES_256_GCM_IV12_TAG16_NO_KDF, byteSize=0, frameSize=0, readLen=1)]" classname="com.amazonaws.encryptionsdk.CryptoOutputStreamTest$ParameterizedEncryptDecryptTest" time="0.001"/>
  <testcase name="encryptDecrypt[559: encryptDecrypt(algorithm=ALG_AES_256_GCM_IV12_TAG16_NO_KDF, byteSize=0, frameSize=0, readLen=1,000,000)]" classname="com.amazonaws.encryptionsdk.CryptoOutputStreamTest$ParameterizedEncryptDecryptTest" time="0"/>
  <testcase name="encryptDecrypt[560: encryptDecrypt(algorithm=ALG_AES_256_GCM_IV12_TAG16_NO_KDF, byteSize=0, frameSize=0, readLen=1)]" classname="com.amazonaws.encryptionsdk.CryptoOutputStreamTest$ParameterizedEncryptDecryptTest" time="0.001"/>
  <testcase name="encryptDecrypt[561: encryptDecrypt(algorithm=ALG_AES_256_GCM_IV12_TAG16_NO_KDF, byteSize=0, frameSize=0, readLen=1,000,000)]" classname="com.amazonaws.encryptionsdk.CryptoOutputStreamTest$ParameterizedEncryptDecryptTest" time="0"/>
  <testcase name="encryptDecrypt[562: encryptDecrypt(algorithm=ALG_AES_256_GCM_IV12_TAG16_NO_KDF, byteSize=1,000,000, frameSize=0, readLen=999,999)]" classname="com.amazonaws.encryptionsdk.CryptoOutputStreamTest$ParameterizedEncryptDecryptTest" time="0.009"/>
  <testcase name="encryptDecrypt[563: encryptDecrypt(algorithm=ALG_AES_256_GCM_IV12_TAG16_NO_KDF, byteSize=1,000,000, frameSize=0, readLen=1,000,000)]" classname="com.amazonaws.encryptionsdk.CryptoOutputStreamTest$ParameterizedEncryptDecryptTest" time="0.009"/>
  <testcase name="encryptDecrypt[564: encryptDecrypt(algorithm=ALG_AES_256_GCM_IV12_TAG16_NO_KDF, byteSize=1,000,000, frameSize=0, readLen=1,000,001)]" classname="com.amazonaws.encryptionsdk.CryptoOutputStreamTest$ParameterizedEncryptDecryptTest" time="0.009"/>
  <testcase name="encryptDecrypt[565: encryptDecrypt(algorithm=ALG_AES_256_GCM_IV12_TAG16_NO_KDF, byteSize=1,000,000, frameSize=0, readLen=2,000,000)]" classname="com.amazonaws.encryptionsdk.CryptoOutputStreamTest$ParameterizedEncryptDecryptTest" time="0.008"/>
  <testcase name="encryptDecrypt[566: encryptDecrypt(algorithm=ALG_AES_256_GCM_IV12_TAG16_NO_KDF, byteSize=1,000,000, frameSize=0, readLen=1,000,000)]" classname="com.amazonaws.encryptionsdk.CryptoOutputStreamTest$ParameterizedEncryptDecryptTest" time="0.008"/>
  <testcase name="encryptDecrypt[567: encryptDecrypt(algorithm=ALG_AES_256_GCM_IV12_TAG16_NO_KDF, byteSize=0, frameSize=15, readLen=1)]" classname="com.amazonaws.encryptionsdk.CryptoOutputStreamTest$ParameterizedEncryptDecryptTest" time="0.001"/>
  <testcase name="encryptDecrypt[568: encryptDecrypt(algorithm=ALG_AES_256_GCM_IV12_TAG16_NO_KDF, byteSize=0, frameSize=15, readLen=1,000,000)]" classname="com.amazonaws.encryptionsdk.CryptoOutputStreamTest$ParameterizedEncryptDecryptTest" time="0"/>
  <testcase name="encryptDecrypt[569: encryptDecrypt(algorithm=ALG_AES_256_GCM_IV12_TAG16_NO_KDF, byteSize=1, frameSize=15, readLen=1)]" classname="com.amazonaws.encryptionsdk.CryptoOutputStreamTest$ParameterizedEncryptDecryptTest" time="0.001"/>
  <testcase name="encryptDecrypt[570: encryptDecrypt(algorithm=ALG_AES_256_GCM_IV12_TAG16_NO_KDF, byteSize=1, frameSize=15, readLen=2)]" classname="com.amazonaws.encryptionsdk.CryptoOutputStreamTest$ParameterizedEncryptDecryptTest" time="0"/>
  <testcase name="encryptDecrypt[571: encryptDecrypt(algorithm=ALG_AES_256_GCM_IV12_TAG16_NO_KDF, byteSize=1, frameSize=15, readLen=2)]" classname="com.amazonaws.encryptionsdk.CryptoOutputStreamTest$ParameterizedEncryptDecryptTest" time="0.001"/>
  <testcase name="encryptDecrypt[572: encryptDecrypt(algorithm=ALG_AES_256_GCM_IV12_TAG16_NO_KDF, byteSize=1, frameSize=15, readLen=1,000,000)]" classname="com.amazonaws.encryptionsdk.CryptoOutputStreamTest$ParameterizedEncryptDecryptTest" time="0"/>
  <testcase name="encryptDecrypt[573: encryptDecrypt(algorithm=ALG_AES_256_GCM_IV12_TAG16_NO_KDF, byteSize=14, frameSize=15, readLen=13)]" classname="com.amazonaws.encryptionsdk.CryptoOutputStreamTest$ParameterizedEncryptDecryptTest" time="0"/>
  <testcase name="encryptDecrypt[574: encryptDecrypt(algorithm=ALG_AES_256_GCM_IV12_TAG16_NO_KDF, byteSize=14, frameSize=15, readLen=14)]" classname="com.amazonaws.encryptionsdk.CryptoOutputStreamTest$ParameterizedEncryptDecryptTest" time="0"/>
  <testcase name="encryptDecrypt[575: encryptDecrypt(algorithm=ALG_AES_256_GCM_IV12_TAG16_NO_KDF, byteSize=14, frameSize=15, readLen=15)]" classname="com.amazonaws.encryptionsdk.CryptoOutputStreamTest$ParameterizedEncryptDecryptTest" time="0"/>
  <testcase name="encryptDecrypt[576: encryptDecrypt(algorithm=ALG_AES_256_GCM_IV12_TAG16_NO_KDF, byteSize=14, frameSize=15, readLen=28)]" classname="com.amazonaws.encryptionsdk.CryptoOutputStreamTest$ParameterizedEncryptDecryptTest" time="0"/>
  <testcase name="encryptDecrypt[577: encryptDecrypt(algorithm=ALG_AES_256_GCM_IV12_TAG16_NO_KDF, byteSize=14, frameSize=15, readLen=1,000,000)]" classname="com.amazonaws.encryptionsdk.CryptoOutputStreamTest$ParameterizedEncryptDecryptTest" time="0.001"/>
  <testcase name="encryptDecrypt[578: encryptDecrypt(algorithm=ALG_AES_256_GCM_IV12_TAG16_NO_KDF, byteSize=15, frameSize=15, readLen=14)]" classname="com.amazonaws.encryptionsdk.CryptoOutputStreamTest$ParameterizedEncryptDecryptTest" time="0"/>
  <testcase name="encryptDecrypt[579: encryptDecrypt(algorithm=ALG_AES_256_GCM_IV12_TAG16_NO_KDF, byteSize=15, frameSize=15, readLen=15)]" classname="com.amazonaws.encryptionsdk.CryptoOutputStreamTest$ParameterizedEncryptDecryptTest" time="0"/>
  <testcase name="encryptDecrypt[580: encryptDecrypt(algorithm=ALG_AES_256_GCM_IV12_TAG16_NO_KDF, byteSize=15, frameSize=15, readLen=16)]" classname="com.amazonaws.encryptionsdk.CryptoOutputStreamTest$ParameterizedEncryptDecryptTest" time="0"/>
  <testcase name="encryptDecrypt[581: encryptDecrypt(algorithm=ALG_AES_256_GCM_IV12_TAG16_NO_KDF, byteSize=15, frameSize=15, readLen=30)]" classname="com.amazonaws.encryptionsdk.CryptoOutputStreamTest$ParameterizedEncryptDecryptTest" time="0"/>
  <testcase name="encryptDecrypt[582: encryptDecrypt(algorithm=ALG_AES_256_GCM_IV12_TAG16_NO_KDF, byteSize=15, frameSize=15, readLen=1,000,000)]" classname="com.amazonaws.encryptionsdk.CryptoOutputStreamTest$ParameterizedEncryptDecryptTest" time="0"/>
  <testcase name="encryptDecrypt[583: encryptDecrypt(algorithm=ALG_AES_256_GCM_IV12_TAG16_NO_KDF, byteSize=16, frameSize=15, readLen=15)]" classname="com.amazonaws.encryptionsdk.CryptoOutputStreamTest$ParameterizedEncryptDecryptTest" time="0"/>
  <testcase name="encryptDecrypt[584: encryptDecrypt(algorithm=ALG_AES_256_GCM_IV12_TAG16_NO_KDF, byteSize=16, frameSize=15, readLen=16)]" classname="com.amazonaws.encryptionsdk.CryptoOutputStreamTest$ParameterizedEncryptDecryptTest" time="0.001"/>
  <testcase name="encryptDecrypt[585: encryptDecrypt(algorithm=ALG_AES_256_GCM_IV12_TAG16_NO_KDF, byteSize=16, frameSize=15, readLen=17)]" classname="com.amazonaws.encryptionsdk.CryptoOutputStreamTest$ParameterizedEncryptDecryptTest" time="0"/>
  <testcase name="encryptDecrypt[586: encryptDecrypt(algorithm=ALG_AES_256_GCM_IV12_TAG16_NO_KDF, byteSize=16, frameSize=15, readLen=32)]" classname="com.amazonaws.encryptionsdk.CryptoOutputStreamTest$ParameterizedEncryptDecryptTest" time="0"/>
  <testcase name="encryptDecrypt[587: encryptDecrypt(algorithm=ALG_AES_256_GCM_IV12_TAG16_NO_KDF, byteSize=16, frameSize=15, readLen=1,000,000)]" classname="com.amazonaws.encryptionsdk.CryptoOutputStreamTest$ParameterizedEncryptDecryptTest" time="0"/>
  <testcase name="encryptDecrypt[588: encryptDecrypt(algorithm=ALG_AES_256_GCM_IV12_TAG16_NO_KDF, byteSize=22, frameSize=15, readLen=21)]" classname="com.amazonaws.encryptionsdk.CryptoOutputStreamTest$ParameterizedEncryptDecryptTest" time="0"/>
  <testcase name="encryptDecrypt[589: encryptDecrypt(algorithm=ALG_AES_256_GCM_IV12_TAG16_NO_KDF, byteSize=22, frameSize=15, readLen=22)]" classname="com.amazonaws.encryptionsdk.CryptoOutputStreamTest$ParameterizedEncryptDecryptTest" time="0"/>
  <testcase name="encryptDecrypt[590: encryptDecrypt(algorithm=ALG_AES_256_GCM_IV12_TAG16_NO_KDF, byteSize=22, frameSize=15, readLen=23)]" classname="com.amazonaws.encryptionsdk.CryptoOutputStreamTest$ParameterizedEncryptDecryptTest" time="0"/>
  <testcase name="encryptDecrypt[591: encryptDecrypt(algorithm=ALG_AES_256_GCM_IV12_TAG16_NO_KDF, byteSize=22, frameSize=15, readLen=44)]" classname="com.amazonaws.encryptionsdk.CryptoOutputStreamTest$ParameterizedEncryptDecryptTest" time="0.001"/>
  <testcase name="encryptDecrypt[592: encryptDecrypt(algorithm=ALG_AES_256_GCM_IV12_TAG16_NO_KDF, byteSize=22, frameSize=15, readLen=1,000,000)]" classname="com.amazonaws.encryptionsdk.CryptoOutputStreamTest$ParameterizedEncryptDecryptTest" time="0"/>
  <testcase name="encryptDecrypt[593: encryptDecrypt(algorithm=ALG_AES_256_GCM_IV12_TAG16_NO_KDF, byteSize=30, frameSize=15, readLen=29)]" classname="com.amazonaws.encryptionsdk.CryptoOutputStreamTest$ParameterizedEncryptDecryptTest" time="0"/>
  <testcase name="encryptDecrypt[594: encryptDecrypt(algorithm=ALG_AES_256_GCM_IV12_TAG16_NO_KDF, byteSize=30, frameSize=15, readLen=30)]" classname="com.amazonaws.encryptionsdk.CryptoOutputStreamTest$ParameterizedEncryptDecryptTest" time="0"/>
  <testcase name="encryptDecrypt[595: encryptDecrypt(algorithm=ALG_AES_256_GCM_IV12_TAG16_NO_KDF, byteSize=30, frameSize=15, readLen=31)]" classname="com.amazonaws.encryptionsdk.CryptoOutputStreamTest$ParameterizedEncryptDecryptTest" time="0"/>
  <testcase name="encryptDecrypt[596: encryptDecrypt(algorithm=ALG_AES_256_GCM_IV12_TAG16_NO_KDF, byteSize=30, frameSize=15, readLen=60)]" classname="com.amazonaws.encryptionsdk.CryptoOutputStreamTest$ParameterizedEncryptDecryptTest" time="0"/>
  <testcase name="encryptDecrypt[597: encryptDecrypt(algorithm=ALG_AES_256_GCM_IV12_TAG16_NO_KDF, byteSize=30, frameSize=15, readLen=1,000,000)]" classname="com.amazonaws.encryptionsdk.CryptoOutputStreamTest$ParameterizedEncryptDecryptTest" time="0"/>
  <testcase name="encryptDecrypt[598: encryptDecrypt(algorithm=ALG_AES_256_GCM_IV12_TAG16_NO_KDF, byteSize=1,000,000, frameSize=15, readLen=999,999)]" classname="com.amazonaws.encryptionsdk.CryptoOutputStreamTest$ParameterizedEncryptDecryptTest" time="0.085"/>
  <testcase name="encryptDecrypt[599: encryptDecrypt(algorithm=ALG_AES_256_GCM_IV12_TAG16_NO_KDF, byteSize=1,000,000, frameSize=15, readLen=1,000,000)]" classname="com.amazonaws.encryptionsdk.CryptoOutputStreamTest$ParameterizedEncryptDecryptTest" time="0.084"/>
  <testcase name="encryptDecrypt[600: encryptDecrypt(algorithm=ALG_AES_256_GCM_IV12_TAG16_NO_KDF, byteSize=1,000,000, frameSize=15, readLen=1,000,001)]" classname="com.amazonaws.encryptionsdk.CryptoOutputStreamTest$ParameterizedEncryptDecryptTest" time="0.078"/>
  <testcase name="encryptDecrypt[601: encryptDecrypt(algorithm=ALG_AES_256_GCM_IV12_TAG16_NO_KDF, byteSize=1,000,000, frameSize=15, readLen=2,000,000)]" classname="com.amazonaws.encryptionsdk.CryptoOutputStreamTest$ParameterizedEncryptDecryptTest" time="0.077"/>
  <testcase name="encryptDecrypt[602: encryptDecrypt(algorithm=ALG_AES_256_GCM_IV12_TAG16_NO_KDF, byteSize=1,000,000, frameSize=15, readLen=1,000,000)]" classname="com.amazonaws.encryptionsdk.CryptoOutputStreamTest$ParameterizedEncryptDecryptTest" time="0.078"/>
  <testcase name="encryptDecrypt[603: encryptDecrypt(algorithm=ALG_AES_256_GCM_IV12_TAG16_NO_KDF, byteSize=0, frameSize=16, readLen=1)]" classname="com.amazonaws.encryptionsdk.CryptoOutputStreamTest$ParameterizedEncryptDecryptTest" time="0.001"/>
  <testcase name="encryptDecrypt[604: encryptDecrypt(algorithm=ALG_AES_256_GCM_IV12_TAG16_NO_KDF, byteSize=0, frameSize=16, readLen=1,000,000)]" classname="com.amazonaws.encryptionsdk.CryptoOutputStreamTest$ParameterizedEncryptDecryptTest" time="0"/>
  <testcase name="encryptDecrypt[605: encryptDecrypt(algorithm=ALG_AES_256_GCM_IV12_TAG16_NO_KDF, byteSize=1, frameSize=16, readLen=1)]" classname="com.amazonaws.encryptionsdk.CryptoOutputStreamTest$ParameterizedEncryptDecryptTest" time="0.001"/>
  <testcase name="encryptDecrypt[606: encryptDecrypt(algorithm=ALG_AES_256_GCM_IV12_TAG16_NO_KDF, byteSize=1, frameSize=16, readLen=2)]" classname="com.amazonaws.encryptionsdk.CryptoOutputStreamTest$ParameterizedEncryptDecryptTest" time="0.001"/>
  <testcase name="encryptDecrypt[607: encryptDecrypt(algorithm=ALG_AES_256_GCM_IV12_TAG16_NO_KDF, byteSize=1, frameSize=16, readLen=2)]" classname="com.amazonaws.encryptionsdk.CryptoOutputStreamTest$ParameterizedEncryptDecryptTest" time="0"/>
  <testcase name="encryptDecrypt[608: encryptDecrypt(algorithm=ALG_AES_256_GCM_IV12_TAG16_NO_KDF, byteSize=1, frameSize=16, readLen=1,000,000)]" classname="com.amazonaws.encryptionsdk.CryptoOutputStreamTest$ParameterizedEncryptDecryptTest" time="0"/>
  <testcase name="encryptDecrypt[609: encryptDecrypt(algorithm=ALG_AES_256_GCM_IV12_TAG16_NO_KDF, byteSize=15, frameSize=16, readLen=14)]" classname="com.amazonaws.encryptionsdk.CryptoOutputStreamTest$ParameterizedEncryptDecryptTest" time="0.001"/>
  <testcase name="encryptDecrypt[610: encryptDecrypt(algorithm=ALG_AES_256_GCM_IV12_TAG16_NO_KDF, byteSize=15, frameSize=16, readLen=15)]" classname="com.amazonaws.encryptionsdk.CryptoOutputStreamTest$ParameterizedEncryptDecryptTest" time="0"/>
  <testcase name="encryptDecrypt[611: encryptDecrypt(algorithm=ALG_AES_256_GCM_IV12_TAG16_NO_KDF, byteSize=15, frameSize=16, readLen=16)]" classname="com.amazonaws.encryptionsdk.CryptoOutputStreamTest$ParameterizedEncryptDecryptTest" time="0"/>
  <testcase name="encryptDecrypt[612: encryptDecrypt(algorithm=ALG_AES_256_GCM_IV12_TAG16_NO_KDF, byteSize=15, frameSize=16, readLen=30)]" classname="com.amazonaws.encryptionsdk.CryptoOutputStreamTest$ParameterizedEncryptDecryptTest" time="0"/>
  <testcase name="encryptDecrypt[613: encryptDecrypt(algorithm=ALG_AES_256_GCM_IV12_TAG16_NO_KDF, byteSize=15, frameSize=16, readLen=1,000,000)]" classname="com.amazonaws.encryptionsdk.CryptoOutputStreamTest$ParameterizedEncryptDecryptTest" time="0"/>
  <testcase name="encryptDecrypt[614: encryptDecrypt(algorithm=ALG_AES_256_GCM_IV12_TAG16_NO_KDF, byteSize=16, frameSize=16, readLen=15)]" classname="com.amazonaws.encryptionsdk.CryptoOutputStreamTest$ParameterizedEncryptDecryptTest" time="0"/>
  <testcase name="encryptDecrypt[615: encryptDecrypt(algorithm=ALG_AES_256_GCM_IV12_TAG16_NO_KDF, byteSize=16, frameSize=16, readLen=16)]" classname="com.amazonaws.encryptionsdk.CryptoOutputStreamTest$ParameterizedEncryptDecryptTest" time="0"/>
  <testcase name="encryptDecrypt[616: encryptDecrypt(algorithm=ALG_AES_256_GCM_IV12_TAG16_NO_KDF, byteSize=16, frameSize=16, readLen=17)]" classname="com.amazonaws.encryptionsdk.CryptoOutputStreamTest$ParameterizedEncryptDecryptTest" time="0.001"/>
  <testcase name="encryptDecrypt[617: encryptDecrypt(algorithm=ALG_AES_256_GCM_IV12_TAG16_NO_KDF, byteSize=16, frameSize=16, readLen=32)]" classname="com.amazonaws.encryptionsdk.CryptoOutputStreamTest$ParameterizedEncryptDecryptTest" time="0"/>
  <testcase name="encryptDecrypt[618: encryptDecrypt(algorithm=ALG_AES_256_GCM_IV12_TAG16_NO_KDF, byteSize=16, frameSize=16, readLen=1,000,000)]" classname="com.amazonaws.encryptionsdk.CryptoOutputStreamTest$ParameterizedEncryptDecryptTest" time="0"/>
  <testcase name="encryptDecrypt[619: encryptDecrypt(algorithm=ALG_AES_256_GCM_IV12_TAG16_NO_KDF, byteSize=17, frameSize=16, readLen=16)]" classname="com.amazonaws.encryptionsdk.CryptoOutputStreamTest$ParameterizedEncryptDecryptTest" time="0"/>
  <testcase name="encryptDecrypt[620: encryptDecrypt(algorithm=ALG_AES_256_GCM_IV12_TAG16_NO_KDF, byteSize=17, frameSize=16, readLen=17)]" classname="com.amazonaws.encryptionsdk.CryptoOutputStreamTest$ParameterizedEncryptDecryptTest" time="0"/>
  <testcase name="encryptDecrypt[621: encryptDecrypt(algorithm=ALG_AES_256_GCM_IV12_TAG16_NO_KDF, byteSize=17, frameSize=16, readLen=18)]" classname="com.amazonaws.encryptionsdk.CryptoOutputStreamTest$ParameterizedEncryptDecryptTest" time="0"/>
  <testcase name="encryptDecrypt[622: encryptDecrypt(algorithm=ALG_AES_256_GCM_IV12_TAG16_NO_KDF, byteSize=17, frameSize=16, readLen=34)]" classname="com.amazonaws.encryptionsdk.CryptoOutputStreamTest$ParameterizedEncryptDecryptTest" time="0"/>
  <testcase name="encryptDecrypt[623: encryptDecrypt(algorithm=ALG_AES_256_GCM_IV12_TAG16_NO_KDF, byteSize=17, frameSize=16, readLen=1,000,000)]" classname="com.amazonaws.encryptionsdk.CryptoOutputStreamTest$ParameterizedEncryptDecryptTest" time="0.001"/>
  <testcase name="encryptDecrypt[624: encryptDecrypt(algorithm=ALG_AES_256_GCM_IV12_TAG16_NO_KDF, byteSize=24, frameSize=16, readLen=23)]" classname="com.amazonaws.encryptionsdk.CryptoOutputStreamTest$ParameterizedEncryptDecryptTest" time="0"/>
  <testcase name="encryptDecrypt[625: encryptDecrypt(algorithm=ALG_AES_256_GCM_IV12_TAG16_NO_KDF, byteSize=24, frameSize=16, readLen=24)]" classname="com.amazonaws.encryptionsdk.CryptoOutputStreamTest$ParameterizedEncryptDecryptTest" time="0"/>
  <testcase name="encryptDecrypt[626: encryptDecrypt(algorithm=ALG_AES_256_GCM_IV12_TAG16_NO_KDF, byteSize=24, frameSize=16, readLen=25)]" classname="com.amazonaws.encryptionsdk.CryptoOutputStreamTest$ParameterizedEncryptDecryptTest" time="0"/>
  <testcase name="encryptDecrypt[627: encryptDecrypt(algorithm=ALG_AES_256_GCM_IV12_TAG16_NO_KDF, byteSize=24, frameSize=16, readLen=48)]" classname="com.amazonaws.encryptionsdk.CryptoOutputStreamTest$ParameterizedEncryptDecryptTest" time="0"/>
  <testcase name="encryptDecrypt[628: encryptDecrypt(algorithm=ALG_AES_256_GCM_IV12_TAG16_NO_KDF, byteSize=24, frameSize=16, readLen=1,000,000)]" classname="com.amazonaws.encryptionsdk.CryptoOutputStreamTest$ParameterizedEncryptDecryptTest" time="0"/>
  <testcase name="encryptDecrypt[629: encryptDecrypt(algorithm=ALG_AES_256_GCM_IV12_TAG16_NO_KDF, byteSize=32, frameSize=16, readLen=31)]" classname="com.amazonaws.encryptionsdk.CryptoOutputStreamTest$ParameterizedEncryptDecryptTest" time="0"/>
  <testcase name="encryptDecrypt[630: encryptDecrypt(algorithm=ALG_AES_256_GCM_IV12_TAG16_NO_KDF, byteSize=32, frameSize=16, readLen=32)]" classname="com.amazonaws.encryptionsdk.CryptoOutputStreamTest$ParameterizedEncryptDecryptTest" time="0"/>
  <testcase name="encryptDecrypt[631: encryptDecrypt(algorithm=ALG_AES_256_GCM_IV12_TAG16_NO_KDF, byteSize=32, frameSize=16, readLen=33)]" classname="com.amazonaws.encryptionsdk.CryptoOutputStreamTest$ParameterizedEncryptDecryptTest" time="0.001"/>
  <testcase name="encryptDecrypt[632: encryptDecrypt(algorithm=ALG_AES_256_GCM_IV12_TAG16_NO_KDF, byteSize=32, frameSize=16, readLen=64)]" classname="com.amazonaws.encryptionsdk.CryptoOutputStreamTest$ParameterizedEncryptDecryptTest" time="0"/>
  <testcase name="encryptDecrypt[633: encryptDecrypt(algorithm=ALG_AES_256_GCM_IV12_TAG16_NO_KDF, byteSize=32, frameSize=16, readLen=1,000,000)]" classname="com.amazonaws.encryptionsdk.CryptoOutputStreamTest$ParameterizedEncryptDecryptTest" time="0"/>
  <testcase name="encryptDecrypt[634: encryptDecrypt(algorithm=ALG_AES_256_GCM_IV12_TAG16_NO_KDF, byteSize=1,000,000, frameSize=16, readLen=999,999)]" classname="com.amazonaws.encryptionsdk.CryptoOutputStreamTest$ParameterizedEncryptDecryptTest" time="0.08"/>
  <testcase name="encryptDecrypt[635: encryptDecrypt(algorithm=ALG_AES_256_GCM_IV12_TAG16_NO_KDF, byteSize=1,000,000, frameSize=16, readLen=1,000,000)]" classname="com.amazonaws.encryptionsdk.CryptoOutputStreamTest$ParameterizedEncryptDecryptTest" time="0.071"/>
  <testcase name="encryptDecrypt[636: encryptDecrypt(algorithm=ALG_AES_256_GCM_IV12_TAG16_NO_KDF, byteSize=1,000,000, frameSize=16, readLen=1,000,001)]" classname="com.amazonaws.encryptionsdk.CryptoOutputStreamTest$ParameterizedEncryptDecryptTest" time="0.072"/>
  <testcase name="encryptDecrypt[637: encryptDecrypt(algorithm=ALG_AES_256_GCM_IV12_TAG16_NO_KDF, byteSize=1,000,000, frameSize=16, readLen=2,000,000)]" classname="com.amazonaws.encryptionsdk.CryptoOutputStreamTest$ParameterizedEncryptDecryptTest" time="0.07"/>
  <testcase name="encryptDecrypt[638: encryptDecrypt(algorithm=ALG_AES_256_GCM_IV12_TAG16_NO_KDF, byteSize=1,000,000, frameSize=16, readLen=1,000,000)]" classname="com.amazonaws.encryptionsdk.CryptoOutputStreamTest$ParameterizedEncryptDecryptTest" time="0.07"/>
  <testcase name="encryptDecrypt[639: encryptDecrypt(algorithm=ALG_AES_256_GCM_IV12_TAG16_NO_KDF, byteSize=0, frameSize=17, readLen=1)]" classname="com.amazonaws.encryptionsdk.CryptoOutputStreamTest$ParameterizedEncryptDecryptTest" time="0.001"/>
  <testcase name="encryptDecrypt[640: encryptDecrypt(algorithm=ALG_AES_256_GCM_IV12_TAG16_NO_KDF, byteSize=0, frameSize=17, readLen=1,000,000)]" classname="com.amazonaws.encryptionsdk.CryptoOutputStreamTest$ParameterizedEncryptDecryptTest" time="0"/>
  <testcase name="encryptDecrypt[641: encryptDecrypt(algorithm=ALG_AES_256_GCM_IV12_TAG16_NO_KDF, byteSize=1, frameSize=17, readLen=1)]" classname="com.amazonaws.encryptionsdk.CryptoOutputStreamTest$ParameterizedEncryptDecryptTest" time="0.001"/>
  <testcase name="encryptDecrypt[642: encryptDecrypt(algorithm=ALG_AES_256_GCM_IV12_TAG16_NO_KDF, byteSize=1, frameSize=17, readLen=2)]" classname="com.amazonaws.encryptionsdk.CryptoOutputStreamTest$ParameterizedEncryptDecryptTest" time="0.001"/>
  <testcase name="encryptDecrypt[643: encryptDecrypt(algorithm=ALG_AES_256_GCM_IV12_TAG16_NO_KDF, byteSize=1, frameSize=17, readLen=2)]" classname="com.amazonaws.encryptionsdk.CryptoOutputStreamTest$ParameterizedEncryptDecryptTest" time="0"/>
  <testcase name="encryptDecrypt[644: encryptDecrypt(algorithm=ALG_AES_256_GCM_IV12_TAG16_NO_KDF, byteSize=1, frameSize=17, readLen=1,000,000)]" classname="com.amazonaws.encryptionsdk.CryptoOutputStreamTest$ParameterizedEncryptDecryptTest" time="0"/>
  <testcase name="encryptDecrypt[645: encryptDecrypt(algorithm=ALG_AES_256_GCM_IV12_TAG16_NO_KDF, byteSize=16, frameSize=17, readLen=15)]" classname="com.amazonaws.encryptionsdk.CryptoOutputStreamTest$ParameterizedEncryptDecryptTest" time="0.001"/>
  <testcase name="encryptDecrypt[646: encryptDecrypt(algorithm=ALG_AES_256_GCM_IV12_TAG16_NO_KDF, byteSize=16, frameSize=17, readLen=16)]" classname="com.amazonaws.encryptionsdk.CryptoOutputStreamTest$ParameterizedEncryptDecryptTest" time="0"/>
  <testcase name="encryptDecrypt[647: encryptDecrypt(algorithm=ALG_AES_256_GCM_IV12_TAG16_NO_KDF, byteSize=16, frameSize=17, readLen=17)]" classname="com.amazonaws.encryptionsdk.CryptoOutputStreamTest$ParameterizedEncryptDecryptTest" time="0"/>
  <testcase name="encryptDecrypt[648: encryptDecrypt(algorithm=ALG_AES_256_GCM_IV12_TAG16_NO_KDF, byteSize=16, frameSize=17, readLen=32)]" classname="com.amazonaws.encryptionsdk.CryptoOutputStreamTest$ParameterizedEncryptDecryptTest" time="0"/>
  <testcase name="encryptDecrypt[649: encryptDecrypt(algorithm=ALG_AES_256_GCM_IV12_TAG16_NO_KDF, byteSize=16, frameSize=17, readLen=1,000,000)]" classname="com.amazonaws.encryptionsdk.CryptoOutputStreamTest$ParameterizedEncryptDecryptTest" time="0"/>
  <testcase name="encryptDecrypt[650: encryptDecrypt(algorithm=ALG_AES_256_GCM_IV12_TAG16_NO_KDF, byteSize=17, frameSize=17, readLen=16)]" classname="com.amazonaws.encryptionsdk.CryptoOutputStreamTest$ParameterizedEncryptDecryptTest" time="0"/>
  <testcase name="encryptDecrypt[651: encryptDecrypt(algorithm=ALG_AES_256_GCM_IV12_TAG16_NO_KDF, byteSize=17, frameSize=17, readLen=17)]" classname="com.amazonaws.encryptionsdk.CryptoOutputStreamTest$ParameterizedEncryptDecryptTest" time="0.001"/>
  <testcase name="encryptDecrypt[652: encryptDecrypt(algorithm=ALG_AES_256_GCM_IV12_TAG16_NO_KDF, byteSize=17, frameSize=17, readLen=18)]" classname="com.amazonaws.encryptionsdk.CryptoOutputStreamTest$ParameterizedEncryptDecryptTest" time="0"/>
  <testcase name="encryptDecrypt[653: encryptDecrypt(algorithm=ALG_AES_256_GCM_IV12_TAG16_NO_KDF, byteSize=17, frameSize=17, readLen=34)]" classname="com.amazonaws.encryptionsdk.CryptoOutputStreamTest$ParameterizedEncryptDecryptTest" time="0"/>
  <testcase name="encryptDecrypt[654: encryptDecrypt(algorithm=ALG_AES_256_GCM_IV12_TAG16_NO_KDF, byteSize=17, frameSize=17, readLen=1,000,000)]" classname="com.amazonaws.encryptionsdk.CryptoOutputStreamTest$ParameterizedEncryptDecryptTest" time="0"/>
  <testcase name="encryptDecrypt[655: encryptDecrypt(algorithm=ALG_AES_256_GCM_IV12_TAG16_NO_KDF, byteSize=18, frameSize=17, readLen=17)]" classname="com.amazonaws.encryptionsdk.CryptoOutputStreamTest$ParameterizedEncryptDecryptTest" time="0"/>
  <testcase name="encryptDecrypt[656: encryptDecrypt(algorithm=ALG_AES_256_GCM_IV12_TAG16_NO_KDF, byteSize=18, frameSize=17, readLen=18)]" classname="com.amazonaws.encryptionsdk.CryptoOutputStreamTest$ParameterizedEncryptDecryptTest" time="0"/>
  <testcase name="encryptDecrypt[657: encryptDecrypt(algorithm=ALG_AES_256_GCM_IV12_TAG16_NO_KDF, byteSize=18, frameSize=17, readLen=19)]" classname="com.amazonaws.encryptionsdk.CryptoOutputStreamTest$ParameterizedEncryptDecryptTest" time="0"/>
  <testcase name="encryptDecrypt[658: encryptDecrypt(algorithm=ALG_AES_256_GCM_IV12_TAG16_NO_KDF, byteSize=18, frameSize=17, readLen=36)]" classname="com.amazonaws.encryptionsdk.CryptoOutputStreamTest$ParameterizedEncryptDecryptTest" time="0.001"/>
  <testcase name="encryptDecrypt[659: encryptDecrypt(algorithm=ALG_AES_256_GCM_IV12_TAG16_NO_KDF, byteSize=18, frameSize=17, readLen=1,000,000)]" classname="com.amazonaws.encryptionsdk.CryptoOutputStreamTest$ParameterizedEncryptDecryptTest" time="0"/>
  <testcase name="encryptDecrypt[660: encryptDecrypt(algorithm=ALG_AES_256_GCM_IV12_TAG16_NO_KDF, byteSize=25, frameSize=17, readLen=24)]" classname="com.amazonaws.encryptionsdk.CryptoOutputStreamTest$ParameterizedEncryptDecryptTest" time="0"/>
  <testcase name="encryptDecrypt[661: encryptDecrypt(algorithm=ALG_AES_256_GCM_IV12_TAG16_NO_KDF, byteSize=25, frameSize=17, readLen=25)]" classname="com.amazonaws.encryptionsdk.CryptoOutputStreamTest$ParameterizedEncryptDecryptTest" time="0"/>
  <testcase name="encryptDecrypt[662: encryptDecrypt(algorithm=ALG_AES_256_GCM_IV12_TAG16_NO_KDF, byteSize=25, frameSize=17, readLen=26)]" classname="com.amazonaws.encryptionsdk.CryptoOutputStreamTest$ParameterizedEncryptDecryptTest" time="0"/>
  <testcase name="encryptDecrypt[663: encryptDecrypt(algorithm=ALG_AES_256_GCM_IV12_TAG16_NO_KDF, byteSize=25, frameSize=17, readLen=50)]" classname="com.amazonaws.encryptionsdk.CryptoOutputStreamTest$ParameterizedEncryptDecryptTest" time="0"/>
  <testcase name="encryptDecrypt[664: encryptDecrypt(algorithm=ALG_AES_256_GCM_IV12_TAG16_NO_KDF, byteSize=25, frameSize=17, readLen=1,000,000)]" classname="com.amazonaws.encryptionsdk.CryptoOutputStreamTest$ParameterizedEncryptDecryptTest" time="0"/>
  <testcase name="encryptDecrypt[665: encryptDecrypt(algorithm=ALG_AES_256_GCM_IV12_TAG16_NO_KDF, byteSize=34, frameSize=17, readLen=33)]" classname="com.amazonaws.encryptionsdk.CryptoOutputStreamTest$ParameterizedEncryptDecryptTest" time="0.001"/>
  <testcase name="encryptDecrypt[666: encryptDecrypt(algorithm=ALG_AES_256_GCM_IV12_TAG16_NO_KDF, byteSize=34, frameSize=17, readLen=34)]" classname="com.amazonaws.encryptionsdk.CryptoOutputStreamTest$ParameterizedEncryptDecryptTest" time="0"/>
  <testcase name="encryptDecrypt[667: encryptDecrypt(algorithm=ALG_AES_256_GCM_IV12_TAG16_NO_KDF, byteSize=34, frameSize=17, readLen=35)]" classname="com.amazonaws.encryptionsdk.CryptoOutputStreamTest$ParameterizedEncryptDecryptTest" time="0"/>
  <testcase name="encryptDecrypt[668: encryptDecrypt(algorithm=ALG_AES_256_GCM_IV12_TAG16_NO_KDF, byteSize=34, frameSize=17, readLen=68)]" classname="com.amazonaws.encryptionsdk.CryptoOutputStreamTest$ParameterizedEncryptDecryptTest" time="0"/>
  <testcase name="encryptDecrypt[669: encryptDecrypt(algorithm=ALG_AES_256_GCM_IV12_TAG16_NO_KDF, byteSize=34, frameSize=17, readLen=1,000,000)]" classname="com.amazonaws.encryptionsdk.CryptoOutputStreamTest$ParameterizedEncryptDecryptTest" time="0"/>
  <testcase name="encryptDecrypt[670: encryptDecrypt(algorithm=ALG_AES_256_GCM_IV12_TAG16_NO_KDF, byteSize=1,000,000, frameSize=17, readLen=999,999)]" classname="com.amazonaws.encryptionsdk.CryptoOutputStreamTest$ParameterizedEncryptDecryptTest" time="0.077"/>
  <testcase name="encryptDecrypt[671: encryptDecrypt(algorithm=ALG_AES_256_GCM_IV12_TAG16_NO_KDF, byteSize=1,000,000, frameSize=17, readLen=1,000,000)]" classname="com.amazonaws.encryptionsdk.CryptoOutputStreamTest$ParameterizedEncryptDecryptTest" time="0.075"/>
  <testcase name="encryptDecrypt[672: encryptDecrypt(algorithm=ALG_AES_256_GCM_IV12_TAG16_NO_KDF, byteSize=1,000,000, frameSize=17, readLen=1,000,001)]" classname="com.amazonaws.encryptionsdk.CryptoOutputStreamTest$ParameterizedEncryptDecryptTest" time="0.074"/>
  <testcase name="encryptDecrypt[673: encryptDecrypt(algorithm=ALG_AES_256_GCM_IV12_TAG16_NO_KDF, byteSize=1,000,000, frameSize=17, readLen=2,000,000)]" classname="com.amazonaws.encryptionsdk.CryptoOutputStreamTest$ParameterizedEncryptDecryptTest" time="0.071"/>
  <testcase name="encryptDecrypt[674: encryptDecrypt(algorithm=ALG_AES_256_GCM_IV12_TAG16_NO_KDF, byteSize=1,000,000, frameSize=17, readLen=1,000,000)]" classname="com.amazonaws.encryptionsdk.CryptoOutputStreamTest$ParameterizedEncryptDecryptTest" time="0.07"/>
  <testcase name="encryptDecrypt[675: encryptDecrypt(algorithm=ALG_AES_256_GCM_IV12_TAG16_NO_KDF, byteSize=0, frameSize=32, readLen=1)]" classname="com.amazonaws.encryptionsdk.CryptoOutputStreamTest$ParameterizedEncryptDecryptTest" time="0.001"/>
  <testcase name="encryptDecrypt[676: encryptDecrypt(algorithm=ALG_AES_256_GCM_IV12_TAG16_NO_KDF, byteSize=0, frameSize=32, readLen=1,000,000)]" classname="com.amazonaws.encryptionsdk.CryptoOutputStreamTest$ParameterizedEncryptDecryptTest" time="0"/>
  <testcase name="encryptDecrypt[677: encryptDecrypt(algorithm=ALG_AES_256_GCM_IV12_TAG16_NO_KDF, byteSize=1, frameSize=32, readLen=1)]" classname="com.amazonaws.encryptionsdk.CryptoOutputStreamTest$ParameterizedEncryptDecryptTest" time="0.001"/>
  <testcase name="encryptDecrypt[678: encryptDecrypt(algorithm=ALG_AES_256_GCM_IV12_TAG16_NO_KDF, byteSize=1, frameSize=32, readLen=2)]" classname="com.amazonaws.encryptionsdk.CryptoOutputStreamTest$ParameterizedEncryptDecryptTest" time="0"/>
  <testcase name="encryptDecrypt[679: encryptDecrypt(algorithm=ALG_AES_256_GCM_IV12_TAG16_NO_KDF, byteSize=1, frameSize=32, readLen=2)]" classname="com.amazonaws.encryptionsdk.CryptoOutputStreamTest$ParameterizedEncryptDecryptTest" time="0.001"/>
  <testcase name="encryptDecrypt[680: encryptDecrypt(algorithm=ALG_AES_256_GCM_IV12_TAG16_NO_KDF, byteSize=1, frameSize=32, readLen=1,000,000)]" classname="com.amazonaws.encryptionsdk.CryptoOutputStreamTest$ParameterizedEncryptDecryptTest" time="0"/>
  <testcase name="encryptDecrypt[681: encryptDecrypt(algorithm=ALG_AES_256_GCM_IV12_TAG16_NO_KDF, byteSize=31, frameSize=32, readLen=30)]" classname="com.amazonaws.encryptionsdk.CryptoOutputStreamTest$ParameterizedEncryptDecryptTest" time="0"/>
  <testcase name="encryptDecrypt[682: encryptDecrypt(algorithm=ALG_AES_256_GCM_IV12_TAG16_NO_KDF, byteSize=31, frameSize=32, readLen=31)]" classname="com.amazonaws.encryptionsdk.CryptoOutputStreamTest$ParameterizedEncryptDecryptTest" time="0"/>
  <testcase name="encryptDecrypt[683: encryptDecrypt(algorithm=ALG_AES_256_GCM_IV12_TAG16_NO_KDF, byteSize=31, frameSize=32, readLen=32)]" classname="com.amazonaws.encryptionsdk.CryptoOutputStreamTest$ParameterizedEncryptDecryptTest" time="0"/>
  <testcase name="encryptDecrypt[684: encryptDecrypt(algorithm=ALG_AES_256_GCM_IV12_TAG16_NO_KDF, byteSize=31, frameSize=32, readLen=62)]" classname="com.amazonaws.encryptionsdk.CryptoOutputStreamTest$ParameterizedEncryptDecryptTest" time="0"/>
  <testcase name="encryptDecrypt[685: encryptDecrypt(algorithm=ALG_AES_256_GCM_IV12_TAG16_NO_KDF, byteSize=31, frameSize=32, readLen=1,000,000)]" classname="com.amazonaws.encryptionsdk.CryptoOutputStreamTest$ParameterizedEncryptDecryptTest" time="0"/>
  <testcase name="encryptDecrypt[686: encryptDecrypt(algorithm=ALG_AES_256_GCM_IV12_TAG16_NO_KDF, byteSize=32, frameSize=32, readLen=31)]" classname="com.amazonaws.encryptionsdk.CryptoOutputStreamTest$ParameterizedEncryptDecryptTest" time="0.001"/>
  <testcase name="encryptDecrypt[687: encryptDecrypt(algorithm=ALG_AES_256_GCM_IV12_TAG16_NO_KDF, byteSize=32, frameSize=32, readLen=32)]" classname="com.amazonaws.encryptionsdk.CryptoOutputStreamTest$ParameterizedEncryptDecryptTest" time="0"/>
  <testcase name="encryptDecrypt[688: encryptDecrypt(algorithm=ALG_AES_256_GCM_IV12_TAG16_NO_KDF, byteSize=32, frameSize=32, readLen=33)]" classname="com.amazonaws.encryptionsdk.CryptoOutputStreamTest$ParameterizedEncryptDecryptTest" time="0"/>
  <testcase name="encryptDecrypt[689: encryptDecrypt(algorithm=ALG_AES_256_GCM_IV12_TAG16_NO_KDF, byteSize=32, frameSize=32, readLen=64)]" classname="com.amazonaws.encryptionsdk.CryptoOutputStreamTest$ParameterizedEncryptDecryptTest" time="0"/>
  <testcase name="encryptDecrypt[690: encryptDecrypt(algorithm=ALG_AES_256_GCM_IV12_TAG16_NO_KDF, byteSize=32, frameSize=32, readLen=1,000,000)]" classname="com.amazonaws.encryptionsdk.CryptoOutputStreamTest$ParameterizedEncryptDecryptTest" time="0"/>
  <testcase name="encryptDecrypt[691: encryptDecrypt(algorithm=ALG_AES_256_GCM_IV12_TAG16_NO_KDF, byteSize=33, frameSize=32, readLen=32)]" classname="com.amazonaws.encryptionsdk.CryptoOutputStreamTest$ParameterizedEncryptDecryptTest" time="0"/>
  <testcase name="encryptDecrypt[692: encryptDecrypt(algorithm=ALG_AES_256_GCM_IV12_TAG16_NO_KDF, byteSize=33, frameSize=32, readLen=33)]" classname="com.amazonaws.encryptionsdk.CryptoOutputStreamTest$ParameterizedEncryptDecryptTest" time="0"/>
  <testcase name="encryptDecrypt[693: encryptDecrypt(algorithm=ALG_AES_256_GCM_IV12_TAG16_NO_KDF, byteSize=33, frameSize=32, readLen=34)]" classname="com.amazonaws.encryptionsdk.CryptoOutputStreamTest$ParameterizedEncryptDecryptTest" time="0"/>
  <testcase name="encryptDecrypt[694: encryptDecrypt(algorithm=ALG_AES_256_GCM_IV12_TAG16_NO_KDF, byteSize=33, frameSize=32, readLen=66)]" classname="com.amazonaws.encryptionsdk.CryptoOutputStreamTest$ParameterizedEncryptDecryptTest" time="0"/>
  <testcase name="encryptDecrypt[695: encryptDecrypt(algorithm=ALG_AES_256_GCM_IV12_TAG16_NO_KDF, byteSize=33, frameSize=32, readLen=1,000,000)]" classname="com.amazonaws.encryptionsdk.CryptoOutputStreamTest$ParameterizedEncryptDecryptTest" time="0.001"/>
  <testcase name="encryptDecrypt[696: encryptDecrypt(algorithm=ALG_AES_256_GCM_IV12_TAG16_NO_KDF, byteSize=48, frameSize=32, readLen=47)]" classname="com.amazonaws.encryptionsdk.CryptoOutputStreamTest$ParameterizedEncryptDecryptTest" time="0"/>
  <testcase name="encryptDecrypt[697: encryptDecrypt(algorithm=ALG_AES_256_GCM_IV12_TAG16_NO_KDF, byteSize=48, frameSize=32, readLen=48)]" classname="com.amazonaws.encryptionsdk.CryptoOutputStreamTest$ParameterizedEncryptDecryptTest" time="0"/>
  <testcase name="encryptDecrypt[698: encryptDecrypt(algorithm=ALG_AES_256_GCM_IV12_TAG16_NO_KDF, byteSize=48, frameSize=32, readLen=49)]" classname="com.amazonaws.encryptionsdk.CryptoOutputStreamTest$ParameterizedEncryptDecryptTest" time="0"/>
  <testcase name="encryptDecrypt[699: encryptDecrypt(algorithm=ALG_AES_256_GCM_IV12_TAG16_NO_KDF, byteSize=48, frameSize=32, readLen=96)]" classname="com.amazonaws.encryptionsdk.CryptoOutputStreamTest$ParameterizedEncryptDecryptTest" time="0"/>
  <testcase name="encryptDecrypt[700: encryptDecrypt(algorithm=ALG_AES_256_GCM_IV12_TAG16_NO_KDF, byteSize=48, frameSize=32, readLen=1,000,000)]" classname="com.amazonaws.encryptionsdk.CryptoOutputStreamTest$ParameterizedEncryptDecryptTest" time="0"/>
  <testcase name="encryptDecrypt[701: encryptDecrypt(algorithm=ALG_AES_256_GCM_IV12_TAG16_NO_KDF, byteSize=64, frameSize=32, readLen=63)]" classname="com.amazonaws.encryptionsdk.CryptoOutputStreamTest$ParameterizedEncryptDecryptTest" time="0"/>
  <testcase name="encryptDecrypt[702: encryptDecrypt(algorithm=ALG_AES_256_GCM_IV12_TAG16_NO_KDF, byteSize=64, frameSize=32, readLen=64)]" classname="com.amazonaws.encryptionsdk.CryptoOutputStreamTest$ParameterizedEncryptDecryptTest" time="0"/>
  <testcase name="encryptDecrypt[703: encryptDecrypt(algorithm=ALG_AES_256_GCM_IV12_TAG16_NO_KDF, byteSize=64, frameSize=32, readLen=65)]" classname="com.amazonaws.encryptionsdk.CryptoOutputStreamTest$ParameterizedEncryptDecryptTest" time="0"/>
  <testcase name="encryptDecrypt[704: encryptDecrypt(algorithm=ALG_AES_256_GCM_IV12_TAG16_NO_KDF, byteSize=64, frameSize=32, readLen=128)]" classname="com.amazonaws.encryptionsdk.CryptoOutputStreamTest$ParameterizedEncryptDecryptTest" time="0.001"/>
  <testcase name="encryptDecrypt[705: encryptDecrypt(algorithm=ALG_AES_256_GCM_IV12_TAG16_NO_KDF, byteSize=64, frameSize=32, readLen=1,000,000)]" classname="com.amazonaws.encryptionsdk.CryptoOutputStreamTest$ParameterizedEncryptDecryptTest" time="0"/>
  <testcase name="encryptDecrypt[706: encryptDecrypt(algorithm=ALG_AES_256_GCM_IV12_TAG16_NO_KDF, byteSize=1,000,000, frameSize=32, readLen=999,999)]" classname="com.amazonaws.encryptionsdk.CryptoOutputStreamTest$ParameterizedEncryptDecryptTest" time="0.043"/>
  <testcase name="encryptDecrypt[707: encryptDecrypt(algorithm=ALG_AES_256_GCM_IV12_TAG16_NO_KDF, byteSize=1,000,000, frameSize=32, readLen=1,000,000)]" classname="com.amazonaws.encryptionsdk.CryptoOutputStreamTest$ParameterizedEncryptDecryptTest" time="0.041"/>
  <testcase name="encryptDecrypt[708: encryptDecrypt(algorithm=ALG_AES_256_GCM_IV12_TAG16_NO_KDF, byteSize=1,000,000, frameSize=32, readLen=1,000,001)]" classname="com.amazonaws.encryptionsdk.CryptoOutputStreamTest$ParameterizedEncryptDecryptTest" time="0.043"/>
  <testcase name="encryptDecrypt[709: encryptDecrypt(algorithm=ALG_AES_256_GCM_IV12_TAG16_NO_KDF, byteSize=1,000,000, frameSize=32, readLen=2,000,000)]" classname="com.amazonaws.encryptionsdk.CryptoOutputStreamTest$ParameterizedEncryptDecryptTest" time="0.049"/>
  <testcase name="encryptDecrypt[710: encryptDecrypt(algorithm=ALG_AES_256_GCM_IV12_TAG16_NO_KDF, byteSize=1,000,000, frameSize=32, readLen=1,000,000)]" classname="com.amazonaws.encryptionsdk.CryptoOutputStreamTest$ParameterizedEncryptDecryptTest" time="0.039"/>
  <testcase name="encryptDecrypt[711: encryptDecrypt(algorithm=ALG_AES_256_GCM_IV12_TAG16_NO_KDF, byteSize=0, frameSize=160, readLen=1)]" classname="com.amazonaws.encryptionsdk.CryptoOutputStreamTest$ParameterizedEncryptDecryptTest" time="0.001"/>
  <testcase name="encryptDecrypt[712: encryptDecrypt(algorithm=ALG_AES_256_GCM_IV12_TAG16_NO_KDF, byteSize=0, frameSize=160, readLen=1,000,000)]" classname="com.amazonaws.encryptionsdk.CryptoOutputStreamTest$ParameterizedEncryptDecryptTest" time="0"/>
  <testcase name="encryptDecrypt[713: encryptDecrypt(algorithm=ALG_AES_256_GCM_IV12_TAG16_NO_KDF, byteSize=1, frameSize=160, readLen=1)]" classname="com.amazonaws.encryptionsdk.CryptoOutputStreamTest$ParameterizedEncryptDecryptTest" time="0.001"/>
  <testcase name="encryptDecrypt[714: encryptDecrypt(algorithm=ALG_AES_256_GCM_IV12_TAG16_NO_KDF, byteSize=1, frameSize=160, readLen=2)]" classname="com.amazonaws.encryptionsdk.CryptoOutputStreamTest$ParameterizedEncryptDecryptTest" time="0.001"/>
  <testcase name="encryptDecrypt[715: encryptDecrypt(algorithm=ALG_AES_256_GCM_IV12_TAG16_NO_KDF, byteSize=1, frameSize=160, readLen=2)]" classname="com.amazonaws.encryptionsdk.CryptoOutputStreamTest$ParameterizedEncryptDecryptTest" time="0.001"/>
  <testcase name="encryptDecrypt[716: encryptDecrypt(algorithm=ALG_AES_256_GCM_IV12_TAG16_NO_KDF, byteSize=1, frameSize=160, readLen=1,000,000)]" classname="com.amazonaws.encryptionsdk.CryptoOutputStreamTest$ParameterizedEncryptDecryptTest" time="0"/>
  <testcase name="encryptDecrypt[717: encryptDecrypt(algorithm=ALG_AES_256_GCM_IV12_TAG16_NO_KDF, byteSize=159, frameSize=160, readLen=158)]" classname="com.amazonaws.encryptionsdk.CryptoOutputStreamTest$ParameterizedEncryptDecryptTest" time="0"/>
  <testcase name="encryptDecrypt[718: encryptDecrypt(algorithm=ALG_AES_256_GCM_IV12_TAG16_NO_KDF, byteSize=159, frameSize=160, readLen=159)]" classname="com.amazonaws.encryptionsdk.CryptoOutputStreamTest$ParameterizedEncryptDecryptTest" time="0"/>
  <testcase name="encryptDecrypt[719: encryptDecrypt(algorithm=ALG_AES_256_GCM_IV12_TAG16_NO_KDF, byteSize=159, frameSize=160, readLen=160)]" classname="com.amazonaws.encryptionsdk.CryptoOutputStreamTest$ParameterizedEncryptDecryptTest" time="0"/>
  <testcase name="encryptDecrypt[720: encryptDecrypt(algorithm=ALG_AES_256_GCM_IV12_TAG16_NO_KDF, byteSize=159, frameSize=160, readLen=318)]" classname="com.amazonaws.encryptionsdk.CryptoOutputStreamTest$ParameterizedEncryptDecryptTest" time="0"/>
  <testcase name="encryptDecrypt[721: encryptDecrypt(algorithm=ALG_AES_256_GCM_IV12_TAG16_NO_KDF, byteSize=159, frameSize=160, readLen=1,000,000)]" classname="com.amazonaws.encryptionsdk.CryptoOutputStreamTest$ParameterizedEncryptDecryptTest" time="0"/>
  <testcase name="encryptDecrypt[722: encryptDecrypt(algorithm=ALG_AES_256_GCM_IV12_TAG16_NO_KDF, byteSize=160, frameSize=160, readLen=159)]" classname="com.amazonaws.encryptionsdk.CryptoOutputStreamTest$ParameterizedEncryptDecryptTest" time="0"/>
  <testcase name="encryptDecrypt[723: encryptDecrypt(algorithm=ALG_AES_256_GCM_IV12_TAG16_NO_KDF, byteSize=160, frameSize=160, readLen=160)]" classname="com.amazonaws.encryptionsdk.CryptoOutputStreamTest$ParameterizedEncryptDecryptTest" time="0"/>
  <testcase name="encryptDecrypt[724: encryptDecrypt(algorithm=ALG_AES_256_GCM_IV12_TAG16_NO_KDF, byteSize=160, frameSize=160, readLen=161)]" classname="com.amazonaws.encryptionsdk.CryptoOutputStreamTest$ParameterizedEncryptDecryptTest" time="0"/>
  <testcase name="encryptDecrypt[725: encryptDecrypt(algorithm=ALG_AES_256_GCM_IV12_TAG16_NO_KDF, byteSize=160, frameSize=160, readLen=320)]" classname="com.amazonaws.encryptionsdk.CryptoOutputStreamTest$ParameterizedEncryptDecryptTest" time="0.001"/>
  <testcase name="encryptDecrypt[726: encryptDecrypt(algorithm=ALG_AES_256_GCM_IV12_TAG16_NO_KDF, byteSize=160, frameSize=160, readLen=1,000,000)]" classname="com.amazonaws.encryptionsdk.CryptoOutputStreamTest$ParameterizedEncryptDecryptTest" time="0"/>
  <testcase name="encryptDecrypt[727: encryptDecrypt(algorithm=ALG_AES_256_GCM_IV12_TAG16_NO_KDF, byteSize=161, frameSize=160, readLen=160)]" classname="com.amazonaws.encryptionsdk.CryptoOutputStreamTest$ParameterizedEncryptDecryptTest" time="0"/>
  <testcase name="encryptDecrypt[728: encryptDecrypt(algorithm=ALG_AES_256_GCM_IV12_TAG16_NO_KDF, byteSize=161, frameSize=160, readLen=161)]" classname="com.amazonaws.encryptionsdk.CryptoOutputStreamTest$ParameterizedEncryptDecryptTest" time="0"/>
  <testcase name="encryptDecrypt[729: encryptDecrypt(algorithm=ALG_AES_256_GCM_IV12_TAG16_NO_KDF, byteSize=161, frameSize=160, readLen=162)]" classname="com.amazonaws.encryptionsdk.CryptoOutputStreamTest$ParameterizedEncryptDecryptTest" time="0"/>
  <testcase name="encryptDecrypt[730: encryptDecrypt(algorithm=ALG_AES_256_GCM_IV12_TAG16_NO_KDF, byteSize=161, frameSize=160, readLen=322)]" classname="com.amazonaws.encryptionsdk.CryptoOutputStreamTest$ParameterizedEncryptDecryptTest" time="0"/>
  <testcase name="encryptDecrypt[731: encryptDecrypt(algorithm=ALG_AES_256_GCM_IV12_TAG16_NO_KDF, byteSize=161, frameSize=160, readLen=1,000,000)]" classname="com.amazonaws.encryptionsdk.CryptoOutputStreamTest$ParameterizedEncryptDecryptTest" time="0"/>
  <testcase name="encryptDecrypt[732: encryptDecrypt(algorithm=ALG_AES_256_GCM_IV12_TAG16_NO_KDF, byteSize=240, frameSize=160, readLen=239)]" classname="com.amazonaws.encryptionsdk.CryptoOutputStreamTest$ParameterizedEncryptDecryptTest" time="0"/>
  <testcase name="encryptDecrypt[733: encryptDecrypt(algorithm=ALG_AES_256_GCM_IV12_TAG16_NO_KDF, byteSize=240, frameSize=160, readLen=240)]" classname="com.amazonaws.encryptionsdk.CryptoOutputStreamTest$ParameterizedEncryptDecryptTest" time="0"/>
  <testcase name="encryptDecrypt[734: encryptDecrypt(algorithm=ALG_AES_256_GCM_IV12_TAG16_NO_KDF, byteSize=240, frameSize=160, readLen=241)]" classname="com.amazonaws.encryptionsdk.CryptoOutputStreamTest$ParameterizedEncryptDecryptTest" time="0"/>
  <testcase name="encryptDecrypt[735: encryptDecrypt(algorithm=ALG_AES_256_GCM_IV12_TAG16_NO_KDF, byteSize=240, frameSize=160, readLen=480)]" classname="com.amazonaws.encryptionsdk.CryptoOutputStreamTest$ParameterizedEncryptDecryptTest" time="0.001"/>
  <testcase name="encryptDecrypt[736: encryptDecrypt(algorithm=ALG_AES_256_GCM_IV12_TAG16_NO_KDF, byteSize=240, frameSize=160, readLen=1,000,000)]" classname="com.amazonaws.encryptionsdk.CryptoOutputStreamTest$ParameterizedEncryptDecryptTest" time="0"/>
  <testcase name="encryptDecrypt[737: encryptDecrypt(algorithm=ALG_AES_256_GCM_IV12_TAG16_NO_KDF, byteSize=320, frameSize=160, readLen=319)]" classname="com.amazonaws.encryptionsdk.CryptoOutputStreamTest$ParameterizedEncryptDecryptTest" time="0"/>
  <testcase name="encryptDecrypt[738: encryptDecrypt(algorithm=ALG_AES_256_GCM_IV12_TAG16_NO_KDF, byteSize=320, frameSize=160, readLen=320)]" classname="com.amazonaws.encryptionsdk.CryptoOutputStreamTest$ParameterizedEncryptDecryptTest" time="0"/>
  <testcase name="encryptDecrypt[739: encryptDecrypt(algorithm=ALG_AES_256_GCM_IV12_TAG16_NO_KDF, byteSize=320, frameSize=160, readLen=321)]" classname="com.amazonaws.encryptionsdk.CryptoOutputStreamTest$ParameterizedEncryptDecryptTest" time="0"/>
  <testcase name="encryptDecrypt[740: encryptDecrypt(algorithm=ALG_AES_256_GCM_IV12_TAG16_NO_KDF, byteSize=320, frameSize=160, readLen=640)]" classname="com.amazonaws.encryptionsdk.CryptoOutputStreamTest$ParameterizedEncryptDecryptTest" time="0"/>
  <testcase name="encryptDecrypt[741: encryptDecrypt(algorithm=ALG_AES_256_GCM_IV12_TAG16_NO_KDF, byteSize=320, frameSize=160, readLen=1,000,000)]" classname="com.amazonaws.encryptionsdk.CryptoOutputStreamTest$ParameterizedEncryptDecryptTest" time="0"/>
  <testcase name="encryptDecrypt[742: encryptDecrypt(algorithm=ALG_AES_256_GCM_IV12_TAG16_NO_KDF, byteSize=1,000,000, frameSize=160, readLen=999,999)]" classname="com.amazonaws.encryptionsdk.CryptoOutputStreamTest$ParameterizedEncryptDecryptTest" time="0.015"/>
  <testcase name="encryptDecrypt[743: encryptDecrypt(algorithm=ALG_AES_256_GCM_IV12_TAG16_NO_KDF, byteSize=1,000,000, frameSize=160, readLen=1,000,000)]" classname="com.amazonaws.encryptionsdk.CryptoOutputStreamTest$ParameterizedEncryptDecryptTest" time="0.016"/>
  <testcase name="encryptDecrypt[744: encryptDecrypt(algorithm=ALG_AES_256_GCM_IV12_TAG16_NO_KDF, byteSize=1,000,000, frameSize=160, readLen=1,000,001)]" classname="com.amazonaws.encryptionsdk.CryptoOutputStreamTest$ParameterizedEncryptDecryptTest" time="0.014"/>
  <testcase name="encryptDecrypt[745: encryptDecrypt(algorithm=ALG_AES_256_GCM_IV12_TAG16_NO_KDF, byteSize=1,000,000, frameSize=160, readLen=2,000,000)]" classname="com.amazonaws.encryptionsdk.CryptoOutputStreamTest$ParameterizedEncryptDecryptTest" time="0.015"/>
  <testcase name="encryptDecrypt[746: encryptDecrypt(algorithm=ALG_AES_256_GCM_IV12_TAG16_NO_KDF, byteSize=1,000,000, frameSize=160, readLen=1,000,000)]" classname="com.amazonaws.encryptionsdk.CryptoOutputStreamTest$ParameterizedEncryptDecryptTest" time="0.014"/>
  <testcase name="encryptDecrypt[747: encryptDecrypt(algorithm=ALG_AES_256_GCM_IV12_TAG16_NO_KDF, byteSize=0, frameSize=161, readLen=1)]" classname="com.amazonaws.encryptionsdk.CryptoOutputStreamTest$ParameterizedEncryptDecryptTest" time="0.001"/>
  <testcase name="encryptDecrypt[748: encryptDecrypt(algorithm=ALG_AES_256_GCM_IV12_TAG16_NO_KDF, byteSize=0, frameSize=161, readLen=1,000,000)]" classname="com.amazonaws.encryptionsdk.CryptoOutputStreamTest$ParameterizedEncryptDecryptTest" time="0"/>
  <testcase name="encryptDecrypt[749: encryptDecrypt(algorithm=ALG_AES_256_GCM_IV12_TAG16_NO_KDF, byteSize=1, frameSize=161, readLen=1)]" classname="com.amazonaws.encryptionsdk.CryptoOutputStreamTest$ParameterizedEncryptDecryptTest" time="0.001"/>
  <testcase name="encryptDecrypt[750: encryptDecrypt(algorithm=ALG_AES_256_GCM_IV12_TAG16_NO_KDF, byteSize=1, frameSize=161, readLen=2)]" classname="com.amazonaws.encryptionsdk.CryptoOutputStreamTest$ParameterizedEncryptDecryptTest" time="0.001"/>
  <testcase name="encryptDecrypt[751: encryptDecrypt(algorithm=ALG_AES_256_GCM_IV12_TAG16_NO_KDF, byteSize=1, frameSize=161, readLen=2)]" classname="com.amazonaws.encryptionsdk.CryptoOutputStreamTest$ParameterizedEncryptDecryptTest" time="0"/>
  <testcase name="encryptDecrypt[752: encryptDecrypt(algorithm=ALG_AES_256_GCM_IV12_TAG16_NO_KDF, byteSize=1, frameSize=161, readLen=1,000,000)]" classname="com.amazonaws.encryptionsdk.CryptoOutputStreamTest$ParameterizedEncryptDecryptTest" time="0"/>
  <testcase name="encryptDecrypt[753: encryptDecrypt(algorithm=ALG_AES_256_GCM_IV12_TAG16_NO_KDF, byteSize=160, frameSize=161, readLen=159)]" classname="com.amazonaws.encryptionsdk.CryptoOutputStreamTest$ParameterizedEncryptDecryptTest" time="0"/>
  <testcase name="encryptDecrypt[754: encryptDecrypt(algorithm=ALG_AES_256_GCM_IV12_TAG16_NO_KDF, byteSize=160, frameSize=161, readLen=160)]" classname="com.amazonaws.encryptionsdk.CryptoOutputStreamTest$ParameterizedEncryptDecryptTest" time="0"/>
  <testcase name="encryptDecrypt[755: encryptDecrypt(algorithm=ALG_AES_256_GCM_IV12_TAG16_NO_KDF, byteSize=160, frameSize=161, readLen=161)]" classname="com.amazonaws.encryptionsdk.CryptoOutputStreamTest$ParameterizedEncryptDecryptTest" time="0"/>
  <testcase name="encryptDecrypt[756: encryptDecrypt(algorithm=ALG_AES_256_GCM_IV12_TAG16_NO_KDF, byteSize=160, frameSize=161, readLen=320)]" classname="com.amazonaws.encryptionsdk.CryptoOutputStreamTest$ParameterizedEncryptDecryptTest" time="0"/>
  <testcase name="encryptDecrypt[757: encryptDecrypt(algorithm=ALG_AES_256_GCM_IV12_TAG16_NO_KDF, byteSize=160, frameSize=161, readLen=1,000,000)]" classname="com.amazonaws.encryptionsdk.CryptoOutputStreamTest$ParameterizedEncryptDecryptTest" time="0"/>
  <testcase name="encryptDecrypt[758: encryptDecrypt(algorithm=ALG_AES_256_GCM_IV12_TAG16_NO_KDF, byteSize=161, frameSize=161, readLen=160)]" classname="com.amazonaws.encryptionsdk.CryptoOutputStreamTest$ParameterizedEncryptDecryptTest" time="0"/>
  <testcase name="encryptDecrypt[759: encryptDecrypt(algorithm=ALG_AES_256_GCM_IV12_TAG16_NO_KDF, byteSize=161, frameSize=161, readLen=161)]" classname="com.amazonaws.encryptionsdk.CryptoOutputStreamTest$ParameterizedEncryptDecryptTest" time="0"/>
  <testcase name="encryptDecrypt[760: encryptDecrypt(algorithm=ALG_AES_256_GCM_IV12_TAG16_NO_KDF, byteSize=161, frameSize=161, readLen=162)]" classname="com.amazonaws.encryptionsdk.CryptoOutputStreamTest$ParameterizedEncryptDecryptTest" time="0"/>
  <testcase name="encryptDecrypt[761: encryptDecrypt(algorithm=ALG_AES_256_GCM_IV12_TAG16_NO_KDF, byteSize=161, frameSize=161, readLen=322)]" classname="com.amazonaws.encryptionsdk.CryptoOutputStreamTest$ParameterizedEncryptDecryptTest" time="0"/>
  <testcase name="encryptDecrypt[762: encryptDecrypt(algorithm=ALG_AES_256_GCM_IV12_TAG16_NO_KDF, byteSize=161, frameSize=161, readLen=1,000,000)]" classname="com.amazonaws.encryptionsdk.CryptoOutputStreamTest$ParameterizedEncryptDecryptTest" time="0"/>
  <testcase name="encryptDecrypt[763: encryptDecrypt(algorithm=ALG_AES_256_GCM_IV12_TAG16_NO_KDF, byteSize=162, frameSize=161, readLen=161)]" classname="com.amazonaws.encryptionsdk.CryptoOutputStreamTest$ParameterizedEncryptDecryptTest" time="0"/>
  <testcase name="encryptDecrypt[764: encryptDecrypt(algorithm=ALG_AES_256_GCM_IV12_TAG16_NO_KDF, byteSize=162, frameSize=161, readLen=162)]" classname="com.amazonaws.encryptionsdk.CryptoOutputStreamTest$ParameterizedEncryptDecryptTest" time="0"/>
  <testcase name="encryptDecrypt[765: encryptDecrypt(algorithm=ALG_AES_256_GCM_IV12_TAG16_NO_KDF, byteSize=162, frameSize=161, readLen=163)]" classname="com.amazonaws.encryptionsdk.CryptoOutputStreamTest$ParameterizedEncryptDecryptTest" time="0"/>
  <testcase name="encryptDecrypt[766: encryptDecrypt(algorithm=ALG_AES_256_GCM_IV12_TAG16_NO_KDF, byteSize=162, frameSize=161, readLen=324)]" classname="com.amazonaws.encryptionsdk.CryptoOutputStreamTest$ParameterizedEncryptDecryptTest" time="0"/>
  <testcase name="encryptDecrypt[767: encryptDecrypt(algorithm=ALG_AES_256_GCM_IV12_TAG16_NO_KDF, byteSize=162, frameSize=161, readLen=1,000,000)]" classname="com.amazonaws.encryptionsdk.CryptoOutputStreamTest$ParameterizedEncryptDecryptTest" time="0"/>
  <testcase name="encryptDecrypt[768: encryptDecrypt(algorithm=ALG_AES_256_GCM_IV12_TAG16_NO_KDF, byteSize=241, frameSize=161, readLen=240)]" classname="com.amazonaws.encryptionsdk.CryptoOutputStreamTest$ParameterizedEncryptDecryptTest" time="0"/>
  <testcase name="encryptDecrypt[769: encryptDecrypt(algorithm=ALG_AES_256_GCM_IV12_TAG16_NO_KDF, byteSize=241, frameSize=161, readLen=241)]" classname="com.amazonaws.encryptionsdk.CryptoOutputStreamTest$ParameterizedEncryptDecryptTest" time="0"/>
  <testcase name="encryptDecrypt[770: encryptDecrypt(algorithm=ALG_AES_256_GCM_IV12_TAG16_NO_KDF, byteSize=241, frameSize=161, readLen=242)]" classname="com.amazonaws.encryptionsdk.CryptoOutputStreamTest$ParameterizedEncryptDecryptTest" time="0"/>
  <testcase name="encryptDecrypt[771: encryptDecrypt(algorithm=ALG_AES_256_GCM_IV12_TAG16_NO_KDF, byteSize=241, frameSize=161, readLen=482)]" classname="com.amazonaws.encryptionsdk.CryptoOutputStreamTest$ParameterizedEncryptDecryptTest" time="0"/>
  <testcase name="encryptDecrypt[772: encryptDecrypt(algorithm=ALG_AES_256_GCM_IV12_TAG16_NO_KDF, byteSize=241, frameSize=161, readLen=1,000,000)]" classname="com.amazonaws.encryptionsdk.CryptoOutputStreamTest$ParameterizedEncryptDecryptTest" time="0"/>
  <testcase name="encryptDecrypt[773: encryptDecrypt(algorithm=ALG_AES_256_GCM_IV12_TAG16_NO_KDF, byteSize=322, frameSize=161, readLen=321)]" classname="com.amazonaws.encryptionsdk.CryptoOutputStreamTest$ParameterizedEncryptDecryptTest" time="0"/>
  <testcase name="encryptDecrypt[774: encryptDecrypt(algorithm=ALG_AES_256_GCM_IV12_TAG16_NO_KDF, byteSize=322, frameSize=161, readLen=322)]" classname="com.amazonaws.encryptionsdk.CryptoOutputStreamTest$ParameterizedEncryptDecryptTest" time="0"/>
  <testcase name="encryptDecrypt[775: encryptDecrypt(algorithm=ALG_AES_256_GCM_IV12_TAG16_NO_KDF, byteSize=322, frameSize=161, readLen=323)]" classname="com.amazonaws.encryptionsdk.CryptoOutputStreamTest$ParameterizedEncryptDecryptTest" time="0"/>
  <testcase name="encryptDecrypt[776: encryptDecrypt(algorithm=ALG_AES_256_GCM_IV12_TAG16_NO_KDF, byteSize=322, frameSize=161, readLen=644)]" classname="com.amazonaws.encryptionsdk.CryptoOutputStreamTest$ParameterizedEncryptDecryptTest" time="0"/>
  <testcase name="encryptDecrypt[777: encryptDecrypt(algorithm=ALG_AES_256_GCM_IV12_TAG16_NO_KDF, byteSize=322, frameSize=161, readLen=1,000,000)]" classname="com.amazonaws.encryptionsdk.CryptoOutputStreamTest$ParameterizedEncryptDecryptTest" time="0"/>
  <testcase name="encryptDecrypt[778: encryptDecrypt(algorithm=ALG_AES_256_GCM_IV12_TAG16_NO_KDF, byteSize=1,000,000, frameSize=161, readLen=999,999)]" classname="com.amazonaws.encryptionsdk.CryptoOutputStreamTest$ParameterizedEncryptDecryptTest" time="0.015"/>
  <testcase name="encryptDecrypt[779: encryptDecrypt(algorithm=ALG_AES_256_GCM_IV12_TAG16_NO_KDF, byteSize=1,000,000, frameSize=161, readLen=1,000,000)]" classname="com.amazonaws.encryptionsdk.CryptoOutputStreamTest$ParameterizedEncryptDecryptTest" time="0.016"/>
  <testcase name="encryptDecrypt[780: encryptDecrypt(algorithm=ALG_AES_256_GCM_IV12_TAG16_NO_KDF, byteSize=1,000,000, frameSize=161, readLen=1,000,001)]" classname="com.amazonaws.encryptionsdk.CryptoOutputStreamTest$ParameterizedEncryptDecryptTest" time="0.014"/>
  <testcase name="encryptDecrypt[781: encryptDecrypt(algorithm=ALG_AES_256_GCM_IV12_TAG16_NO_KDF, byteSize=1,000,000, frameSize=161, readLen=2,000,000)]" classname="com.amazonaws.encryptionsdk.CryptoOutputStreamTest$ParameterizedEncryptDecryptTest" time="0.015"/>
  <testcase name="encryptDecrypt[782: encryptDecrypt(algorithm=ALG_AES_256_GCM_IV12_TAG16_NO_KDF, byteSize=1,000,000, frameSize=161, readLen=1,000,000)]" classname="com.amazonaws.encryptionsdk.CryptoOutputStreamTest$ParameterizedEncryptDecryptTest" time="0.015"/>
  <testcase name="encryptDecrypt[783: encryptDecrypt(algorithm=ALG_AES_256_GCM_IV12_TAG16_NO_KDF, byteSize=0, frameSize=4,096, readLen=1)]" classname="com.amazonaws.encryptionsdk.CryptoOutputStreamTest$ParameterizedEncryptDecryptTest" time="0.001"/>
  <testcase name="encryptDecrypt[784: encryptDecrypt(algorithm=ALG_AES_256_GCM_IV12_TAG16_NO_KDF, byteSize=0, frameSize=4,096, readLen=1,000,000)]" classname="com.amazonaws.encryptionsdk.CryptoOutputStreamTest$ParameterizedEncryptDecryptTest" time="0"/>
  <testcase name="encryptDecrypt[785: encryptDecrypt(algorithm=ALG_AES_256_GCM_IV12_TAG16_NO_KDF, byteSize=1, frameSize=4,096, readLen=1)]" classname="com.amazonaws.encryptionsdk.CryptoOutputStreamTest$ParameterizedEncryptDecryptTest" time="0.001"/>
  <testcase name="encryptDecrypt[786: encryptDecrypt(algorithm=ALG_AES_256_GCM_IV12_TAG16_NO_KDF, byteSize=1, frameSize=4,096, readLen=2)]" classname="com.amazonaws.encryptionsdk.CryptoOutputStreamTest$ParameterizedEncryptDecryptTest" time="0"/>
  <testcase name="encryptDecrypt[787: encryptDecrypt(algorithm=ALG_AES_256_GCM_IV12_TAG16_NO_KDF, byteSize=1, frameSize=4,096, readLen=2)]" classname="com.amazonaws.encryptionsdk.CryptoOutputStreamTest$ParameterizedEncryptDecryptTest" time="0.001"/>
  <testcase name="encryptDecrypt[788: encryptDecrypt(algorithm=ALG_AES_256_GCM_IV12_TAG16_NO_KDF, byteSize=1, frameSize=4,096, readLen=1,000,000)]" classname="com.amazonaws.encryptionsdk.CryptoOutputStreamTest$ParameterizedEncryptDecryptTest" time="0"/>
  <testcase name="encryptDecrypt[789: encryptDecrypt(algorithm=ALG_AES_256_GCM_IV12_TAG16_NO_KDF, byteSize=4,095, frameSize=4,096, readLen=4,094)]" classname="com.amazonaws.encryptionsdk.CryptoOutputStreamTest$ParameterizedEncryptDecryptTest" time="0"/>
  <testcase name="encryptDecrypt[790: encryptDecrypt(algorithm=ALG_AES_256_GCM_IV12_TAG16_NO_KDF, byteSize=4,095, frameSize=4,096, readLen=4,095)]" classname="com.amazonaws.encryptionsdk.CryptoOutputStreamTest$ParameterizedEncryptDecryptTest" time="0"/>
  <testcase name="encryptDecrypt[791: encryptDecrypt(algorithm=ALG_AES_256_GCM_IV12_TAG16_NO_KDF, byteSize=4,095, frameSize=4,096, readLen=4,096)]" classname="com.amazonaws.encryptionsdk.CryptoOutputStreamTest$ParameterizedEncryptDecryptTest" time="0"/>
  <testcase name="encryptDecrypt[792: encryptDecrypt(algorithm=ALG_AES_256_GCM_IV12_TAG16_NO_KDF, byteSize=4,095, frameSize=4,096, readLen=8,190)]" classname="com.amazonaws.encryptionsdk.CryptoOutputStreamTest$ParameterizedEncryptDecryptTest" time="0.001"/>
  <testcase name="encryptDecrypt[793: encryptDecrypt(algorithm=ALG_AES_256_GCM_IV12_TAG16_NO_KDF, byteSize=4,095, frameSize=4,096, readLen=1,000,000)]" classname="com.amazonaws.encryptionsdk.CryptoOutputStreamTest$ParameterizedEncryptDecryptTest" time="0"/>
  <testcase name="encryptDecrypt[794: encryptDecrypt(algorithm=ALG_AES_256_GCM_IV12_TAG16_NO_KDF, byteSize=4,096, frameSize=4,096, readLen=4,095)]" classname="com.amazonaws.encryptionsdk.CryptoOutputStreamTest$ParameterizedEncryptDecryptTest" time="0"/>
  <testcase name="encryptDecrypt[795: encryptDecrypt(algorithm=ALG_AES_256_GCM_IV12_TAG16_NO_KDF, byteSize=4,096, frameSize=4,096, readLen=4,096)]" classname="com.amazonaws.encryptionsdk.CryptoOutputStreamTest$ParameterizedEncryptDecryptTest" time="0"/>
  <testcase name="encryptDecrypt[796: encryptDecrypt(algorithm=ALG_AES_256_GCM_IV12_TAG16_NO_KDF, byteSize=4,096, frameSize=4,096, readLen=4,097)]" classname="com.amazonaws.encryptionsdk.CryptoOutputStreamTest$ParameterizedEncryptDecryptTest" time="0"/>
  <testcase name="encryptDecrypt[797: encryptDecrypt(algorithm=ALG_AES_256_GCM_IV12_TAG16_NO_KDF, byteSize=4,096, frameSize=4,096, readLen=8,192)]" classname="com.amazonaws.encryptionsdk.CryptoOutputStreamTest$ParameterizedEncryptDecryptTest" time="0"/>
  <testcase name="encryptDecrypt[798: encryptDecrypt(algorithm=ALG_AES_256_GCM_IV12_TAG16_NO_KDF, byteSize=4,096, frameSize=4,096, readLen=1,000,000)]" classname="com.amazonaws.encryptionsdk.CryptoOutputStreamTest$ParameterizedEncryptDecryptTest" time="0"/>
  <testcase name="encryptDecrypt[799: encryptDecrypt(algorithm=ALG_AES_256_GCM_IV12_TAG16_NO_KDF, byteSize=4,097, frameSize=4,096, readLen=4,096)]" classname="com.amazonaws.encryptionsdk.CryptoOutputStreamTest$ParameterizedEncryptDecryptTest" time="0"/>
  <testcase name="encryptDecrypt[800: encryptDecrypt(algorithm=ALG_AES_256_GCM_IV12_TAG16_NO_KDF, byteSize=4,097, frameSize=4,096, readLen=4,097)]" classname="com.amazonaws.encryptionsdk.CryptoOutputStreamTest$ParameterizedEncryptDecryptTest" time="0.001"/>
  <testcase name="encryptDecrypt[801: encryptDecrypt(algorithm=ALG_AES_256_GCM_IV12_TAG16_NO_KDF, byteSize=4,097, frameSize=4,096, readLen=4,098)]" classname="com.amazonaws.encryptionsdk.CryptoOutputStreamTest$ParameterizedEncryptDecryptTest" time="0"/>
  <testcase name="encryptDecrypt[802: encryptDecrypt(algorithm=ALG_AES_256_GCM_IV12_TAG16_NO_KDF, byteSize=4,097, frameSize=4,096, readLen=8,194)]" classname="com.amazonaws.encryptionsdk.CryptoOutputStreamTest$ParameterizedEncryptDecryptTest" time="0"/>
  <testcase name="encryptDecrypt[803: encryptDecrypt(algorithm=ALG_AES_256_GCM_IV12_TAG16_NO_KDF, byteSize=4,097, frameSize=4,096, readLen=1,000,000)]" classname="com.amazonaws.encryptionsdk.CryptoOutputStreamTest$ParameterizedEncryptDecryptTest" time="0"/>
  <testcase name="encryptDecrypt[804: encryptDecrypt(algorithm=ALG_AES_256_GCM_IV12_TAG16_NO_KDF, byteSize=6,144, frameSize=4,096, readLen=6,143)]" classname="com.amazonaws.encryptionsdk.CryptoOutputStreamTest$ParameterizedEncryptDecryptTest" time="0"/>
  <testcase name="encryptDecrypt[805: encryptDecrypt(algorithm=ALG_AES_256_GCM_IV12_TAG16_NO_KDF, byteSize=6,144, frameSize=4,096, readLen=6,144)]" classname="com.amazonaws.encryptionsdk.CryptoOutputStreamTest$ParameterizedEncryptDecryptTest" time="0"/>
  <testcase name="encryptDecrypt[806: encryptDecrypt(algorithm=ALG_AES_256_GCM_IV12_TAG16_NO_KDF, byteSize=6,144, frameSize=4,096, readLen=6,145)]" classname="com.amazonaws.encryptionsdk.CryptoOutputStreamTest$ParameterizedEncryptDecryptTest" time="0"/>
  <testcase name="encryptDecrypt[807: encryptDecrypt(algorithm=ALG_AES_256_GCM_IV12_TAG16_NO_KDF, byteSize=6,144, frameSize=4,096, readLen=12,288)]" classname="com.amazonaws.encryptionsdk.CryptoOutputStreamTest$ParameterizedEncryptDecryptTest" time="0"/>
  <testcase name="encryptDecrypt[808: encryptDecrypt(algorithm=ALG_AES_256_GCM_IV12_TAG16_NO_KDF, byteSize=6,144, frameSize=4,096, readLen=1,000,000)]" classname="com.amazonaws.encryptionsdk.CryptoOutputStreamTest$ParameterizedEncryptDecryptTest" time="0.001"/>
  <testcase name="encryptDecrypt[809: encryptDecrypt(algorithm=ALG_AES_256_GCM_IV12_TAG16_NO_KDF, byteSize=8,192, frameSize=4,096, readLen=8,191)]" classname="com.amazonaws.encryptionsdk.CryptoOutputStreamTest$ParameterizedEncryptDecryptTest" time="0"/>
  <testcase name="encryptDecrypt[810: encryptDecrypt(algorithm=ALG_AES_256_GCM_IV12_TAG16_NO_KDF, byteSize=8,192, frameSize=4,096, readLen=8,192)]" classname="com.amazonaws.encryptionsdk.CryptoOutputStreamTest$ParameterizedEncryptDecryptTest" time="0"/>
  <testcase name="encryptDecrypt[811: encryptDecrypt(algorithm=ALG_AES_256_GCM_IV12_TAG16_NO_KDF, byteSize=8,192, frameSize=4,096, readLen=8,193)]" classname="com.amazonaws.encryptionsdk.CryptoOutputStreamTest$ParameterizedEncryptDecryptTest" time="0"/>
  <testcase name="encryptDecrypt[812: encryptDecrypt(algorithm=ALG_AES_256_GCM_IV12_TAG16_NO_KDF, byteSize=8,192, frameSize=4,096, readLen=16,384)]" classname="com.amazonaws.encryptionsdk.CryptoOutputStreamTest$ParameterizedEncryptDecryptTest" time="0"/>
  <testcase name="encryptDecrypt[813: encryptDecrypt(algorithm=ALG_AES_256_GCM_IV12_TAG16_NO_KDF, byteSize=8,192, frameSize=4,096, readLen=1,000,000)]" classname="com.amazonaws.encryptionsdk.CryptoOutputStreamTest$ParameterizedEncryptDecryptTest" time="0"/>
  <testcase name="encryptDecrypt[814: encryptDecrypt(algorithm=ALG_AES_256_GCM_IV12_TAG16_NO_KDF, byteSize=1,000,000, frameSize=4,096, readLen=999,999)]" classname="com.amazonaws.encryptionsdk.CryptoOutputStreamTest$ParameterizedEncryptDecryptTest" time="0.009"/>
  <testcase name="encryptDecrypt[815: encryptDecrypt(algorithm=ALG_AES_256_GCM_IV12_TAG16_NO_KDF, byteSize=1,000,000, frameSize=4,096, readLen=1,000,000)]" classname="com.amazonaws.encryptionsdk.CryptoOutputStreamTest$ParameterizedEncryptDecryptTest" time="0.009"/>
  <testcase name="encryptDecrypt[816: encryptDecrypt(algorithm=ALG_AES_256_GCM_IV12_TAG16_NO_KDF, byteSize=1,000,000, frameSize=4,096, readLen=1,000,001)]" classname="com.amazonaws.encryptionsdk.CryptoOutputStreamTest$ParameterizedEncryptDecryptTest" time="0.009"/>
  <testcase name="encryptDecrypt[817: encryptDecrypt(algorithm=ALG_AES_256_GCM_IV12_TAG16_NO_KDF, byteSize=1,000,000, frameSize=4,096, readLen=2,000,000)]" classname="com.amazonaws.encryptionsdk.CryptoOutputStreamTest$ParameterizedEncryptDecryptTest" time="0.008"/>
  <testcase name="encryptDecrypt[818: encryptDecrypt(algorithm=ALG_AES_256_GCM_IV12_TAG16_NO_KDF, byteSize=1,000,000, frameSize=4,096, readLen=1,000,000)]" classname="com.amazonaws.encryptionsdk.CryptoOutputStreamTest$ParameterizedEncryptDecryptTest" time="0.009"/>
  <testcase name="encryptDecrypt[819: encryptDecrypt(algorithm=ALG_AES_128_GCM_IV12_TAG16_HKDF_SHA256, byteSize=0, frameSize=0, readLen=1)]" classname="com.amazonaws.encryptionsdk.CryptoOutputStreamTest$ParameterizedEncryptDecryptTest" time="0.001"/>
  <testcase name="encryptDecrypt[820: encryptDecrypt(algorithm=ALG_AES_128_GCM_IV12_TAG16_HKDF_SHA256, byteSize=0, frameSize=0, readLen=1,000,000)]" classname="com.amazonaws.encryptionsdk.CryptoOutputStreamTest$ParameterizedEncryptDecryptTest" time="0"/>
  <testcase name="encryptDecrypt[821: encryptDecrypt(algorithm=ALG_AES_128_GCM_IV12_TAG16_HKDF_SHA256, byteSize=1, frameSize=0, readLen=1)]" classname="com.amazonaws.encryptionsdk.CryptoOutputStreamTest$ParameterizedEncryptDecryptTest" time="0.001"/>
  <testcase name="encryptDecrypt[822: encryptDecrypt(algorithm=ALG_AES_128_GCM_IV12_TAG16_HKDF_SHA256, byteSize=1, frameSize=0, readLen=2)]" classname="com.amazonaws.encryptionsdk.CryptoOutputStreamTest$ParameterizedEncryptDecryptTest" time="0"/>
  <testcase name="encryptDecrypt[823: encryptDecrypt(algorithm=ALG_AES_128_GCM_IV12_TAG16_HKDF_SHA256, byteSize=1, frameSize=0, readLen=2)]" classname="com.amazonaws.encryptionsdk.CryptoOutputStreamTest$ParameterizedEncryptDecryptTest" time="0.001"/>
  <testcase name="encryptDecrypt[824: encryptDecrypt(algorithm=ALG_AES_128_GCM_IV12_TAG16_HKDF_SHA256, byteSize=1, frameSize=0, readLen=1,000,000)]" classname="com.amazonaws.encryptionsdk.CryptoOutputStreamTest$ParameterizedEncryptDecryptTest" time="0"/>
  <testcase name="encryptDecrypt[825: encryptDecrypt(algorithm=ALG_AES_128_GCM_IV12_TAG16_HKDF_SHA256, byteSize=0, frameSize=0, readLen=1)]" classname="com.amazonaws.encryptionsdk.CryptoOutputStreamTest$ParameterizedEncryptDecryptTest" time="0.001"/>
  <testcase name="encryptDecrypt[826: encryptDecrypt(algorithm=ALG_AES_128_GCM_IV12_TAG16_HKDF_SHA256, byteSize=0, frameSize=0, readLen=1,000,000)]" classname="com.amazonaws.encryptionsdk.CryptoOutputStreamTest$ParameterizedEncryptDecryptTest" time="0"/>
  <testcase name="encryptDecrypt[827: encryptDecrypt(algorithm=ALG_AES_128_GCM_IV12_TAG16_HKDF_SHA256, byteSize=1, frameSize=0, readLen=1)]" classname="com.amazonaws.encryptionsdk.CryptoOutputStreamTest$ParameterizedEncryptDecryptTest" time="0.001"/>
  <testcase name="encryptDecrypt[828: encryptDecrypt(algorithm=ALG_AES_128_GCM_IV12_TAG16_HKDF_SHA256, byteSize=1, frameSize=0, readLen=2)]" classname="com.amazonaws.encryptionsdk.CryptoOutputStreamTest$ParameterizedEncryptDecryptTest" time="0"/>
  <testcase name="encryptDecrypt[829: encryptDecrypt(algorithm=ALG_AES_128_GCM_IV12_TAG16_HKDF_SHA256, byteSize=1, frameSize=0, readLen=2)]" classname="com.amazonaws.encryptionsdk.CryptoOutputStreamTest$ParameterizedEncryptDecryptTest" time="0.001"/>
  <testcase name="encryptDecrypt[830: encryptDecrypt(algorithm=ALG_AES_128_GCM_IV12_TAG16_HKDF_SHA256, byteSize=1, frameSize=0, readLen=1,000,000)]" classname="com.amazonaws.encryptionsdk.CryptoOutputStreamTest$ParameterizedEncryptDecryptTest" time="0"/>
  <testcase name="encryptDecrypt[831: encryptDecrypt(algorithm=ALG_AES_128_GCM_IV12_TAG16_HKDF_SHA256, byteSize=0, frameSize=0, readLen=1)]" classname="com.amazonaws.encryptionsdk.CryptoOutputStreamTest$ParameterizedEncryptDecryptTest" time="0.001"/>
  <testcase name="encryptDecrypt[832: encryptDecrypt(algorithm=ALG_AES_128_GCM_IV12_TAG16_HKDF_SHA256, byteSize=0, frameSize=0, readLen=1,000,000)]" classname="com.amazonaws.encryptionsdk.CryptoOutputStreamTest$ParameterizedEncryptDecryptTest" time="0"/>
  <testcase name="encryptDecrypt[833: encryptDecrypt(algorithm=ALG_AES_128_GCM_IV12_TAG16_HKDF_SHA256, byteSize=0, frameSize=0, readLen=1)]" classname="com.amazonaws.encryptionsdk.CryptoOutputStreamTest$ParameterizedEncryptDecryptTest" time="0.001"/>
  <testcase name="encryptDecrypt[834: encryptDecrypt(algorithm=ALG_AES_128_GCM_IV12_TAG16_HKDF_SHA256, byteSize=0, frameSize=0, readLen=1,000,000)]" classname="com.amazonaws.encryptionsdk.CryptoOutputStreamTest$ParameterizedEncryptDecryptTest" time="0"/>
  <testcase name="encryptDecrypt[835: encryptDecrypt(algorithm=ALG_AES_128_GCM_IV12_TAG16_HKDF_SHA256, byteSize=1,000,000, frameSize=0, readLen=999,999)]" classname="com.amazonaws.encryptionsdk.CryptoOutputStreamTest$ParameterizedEncryptDecryptTest" time="0.009"/>
  <testcase name="encryptDecrypt[836: encryptDecrypt(algorithm=ALG_AES_128_GCM_IV12_TAG16_HKDF_SHA256, byteSize=1,000,000, frameSize=0, readLen=1,000,000)]" classname="com.amazonaws.encryptionsdk.CryptoOutputStreamTest$ParameterizedEncryptDecryptTest" time="0.008"/>
  <testcase name="encryptDecrypt[837: encryptDecrypt(algorithm=ALG_AES_128_GCM_IV12_TAG16_HKDF_SHA256, byteSize=1,000,000, frameSize=0, readLen=1,000,001)]" classname="com.amazonaws.encryptionsdk.CryptoOutputStreamTest$ParameterizedEncryptDecryptTest" time="0.008"/>
  <testcase name="encryptDecrypt[838: encryptDecrypt(algorithm=ALG_AES_128_GCM_IV12_TAG16_HKDF_SHA256, byteSize=1,000,000, frameSize=0, readLen=2,000,000)]" classname="com.amazonaws.encryptionsdk.CryptoOutputStreamTest$ParameterizedEncryptDecryptTest" time="0.008"/>
  <testcase name="encryptDecrypt[839: encryptDecrypt(algorithm=ALG_AES_128_GCM_IV12_TAG16_HKDF_SHA256, byteSize=1,000,000, frameSize=0, readLen=1,000,000)]" classname="com.amazonaws.encryptionsdk.CryptoOutputStreamTest$ParameterizedEncryptDecryptTest" time="0.008"/>
  <testcase name="encryptDecrypt[840: encryptDecrypt(algorithm=ALG_AES_128_GCM_IV12_TAG16_HKDF_SHA256, byteSize=0, frameSize=15, readLen=1)]" classname="com.amazonaws.encryptionsdk.CryptoOutputStreamTest$ParameterizedEncryptDecryptTest" time="0.001"/>
  <testcase name="encryptDecrypt[841: encryptDecrypt(algorithm=ALG_AES_128_GCM_IV12_TAG16_HKDF_SHA256, byteSize=0, frameSize=15, readLen=1,000,000)]" classname="com.amazonaws.encryptionsdk.CryptoOutputStreamTest$ParameterizedEncryptDecryptTest" time="0"/>
  <testcase name="encryptDecrypt[842: encryptDecrypt(algorithm=ALG_AES_128_GCM_IV12_TAG16_HKDF_SHA256, byteSize=1, frameSize=15, readLen=1)]" classname="com.amazonaws.encryptionsdk.CryptoOutputStreamTest$ParameterizedEncryptDecryptTest" time="0.001"/>
  <testcase name="encryptDecrypt[843: encryptDecrypt(algorithm=ALG_AES_128_GCM_IV12_TAG16_HKDF_SHA256, byteSize=1, frameSize=15, readLen=2)]" classname="com.amazonaws.encryptionsdk.CryptoOutputStreamTest$ParameterizedEncryptDecryptTest" time="0.001"/>
  <testcase name="encryptDecrypt[844: encryptDecrypt(algorithm=ALG_AES_128_GCM_IV12_TAG16_HKDF_SHA256, byteSize=1, frameSize=15, readLen=2)]" classname="com.amazonaws.encryptionsdk.CryptoOutputStreamTest$ParameterizedEncryptDecryptTest" time="0"/>
  <testcase name="encryptDecrypt[845: encryptDecrypt(algorithm=ALG_AES_128_GCM_IV12_TAG16_HKDF_SHA256, byteSize=1, frameSize=15, readLen=1,000,000)]" classname="com.amazonaws.encryptionsdk.CryptoOutputStreamTest$ParameterizedEncryptDecryptTest" time="0"/>
  <testcase name="encryptDecrypt[846: encryptDecrypt(algorithm=ALG_AES_128_GCM_IV12_TAG16_HKDF_SHA256, byteSize=14, frameSize=15, readLen=13)]" classname="com.amazonaws.encryptionsdk.CryptoOutputStreamTest$ParameterizedEncryptDecryptTest" time="0"/>
  <testcase name="encryptDecrypt[847: encryptDecrypt(algorithm=ALG_AES_128_GCM_IV12_TAG16_HKDF_SHA256, byteSize=14, frameSize=15, readLen=14)]" classname="com.amazonaws.encryptionsdk.CryptoOutputStreamTest$ParameterizedEncryptDecryptTest" time="0"/>
  <testcase name="encryptDecrypt[848: encryptDecrypt(algorithm=ALG_AES_128_GCM_IV12_TAG16_HKDF_SHA256, byteSize=14, frameSize=15, readLen=15)]" classname="com.amazonaws.encryptionsdk.CryptoOutputStreamTest$ParameterizedEncryptDecryptTest" time="0.001"/>
  <testcase name="encryptDecrypt[849: encryptDecrypt(algorithm=ALG_AES_128_GCM_IV12_TAG16_HKDF_SHA256, byteSize=14, frameSize=15, readLen=28)]" classname="com.amazonaws.encryptionsdk.CryptoOutputStreamTest$ParameterizedEncryptDecryptTest" time="0"/>
  <testcase name="encryptDecrypt[850: encryptDecrypt(algorithm=ALG_AES_128_GCM_IV12_TAG16_HKDF_SHA256, byteSize=14, frameSize=15, readLen=1,000,000)]" classname="com.amazonaws.encryptionsdk.CryptoOutputStreamTest$ParameterizedEncryptDecryptTest" time="0"/>
  <testcase name="encryptDecrypt[851: encryptDecrypt(algorithm=ALG_AES_128_GCM_IV12_TAG16_HKDF_SHA256, byteSize=15, frameSize=15, readLen=14)]" classname="com.amazonaws.encryptionsdk.CryptoOutputStreamTest$ParameterizedEncryptDecryptTest" time="0"/>
  <testcase name="encryptDecrypt[852: encryptDecrypt(algorithm=ALG_AES_128_GCM_IV12_TAG16_HKDF_SHA256, byteSize=15, frameSize=15, readLen=15)]" classname="com.amazonaws.encryptionsdk.CryptoOutputStreamTest$ParameterizedEncryptDecryptTest" time="0"/>
  <testcase name="encryptDecrypt[853: encryptDecrypt(algorithm=ALG_AES_128_GCM_IV12_TAG16_HKDF_SHA256, byteSize=15, frameSize=15, readLen=16)]" classname="com.amazonaws.encryptionsdk.CryptoOutputStreamTest$ParameterizedEncryptDecryptTest" time="0"/>
  <testcase name="encryptDecrypt[854: encryptDecrypt(algorithm=ALG_AES_128_GCM_IV12_TAG16_HKDF_SHA256, byteSize=15, frameSize=15, readLen=30)]" classname="com.amazonaws.encryptionsdk.CryptoOutputStreamTest$ParameterizedEncryptDecryptTest" time="0"/>
  <testcase name="encryptDecrypt[855: encryptDecrypt(algorithm=ALG_AES_128_GCM_IV12_TAG16_HKDF_SHA256, byteSize=15, frameSize=15, readLen=1,000,000)]" classname="com.amazonaws.encryptionsdk.CryptoOutputStreamTest$ParameterizedEncryptDecryptTest" time="0.001"/>
  <testcase name="encryptDecrypt[856: encryptDecrypt(algorithm=ALG_AES_128_GCM_IV12_TAG16_HKDF_SHA256, byteSize=16, frameSize=15, readLen=15)]" classname="com.amazonaws.encryptionsdk.CryptoOutputStreamTest$ParameterizedEncryptDecryptTest" time="0"/>
  <testcase name="encryptDecrypt[857: encryptDecrypt(algorithm=ALG_AES_128_GCM_IV12_TAG16_HKDF_SHA256, byteSize=16, frameSize=15, readLen=16)]" classname="com.amazonaws.encryptionsdk.CryptoOutputStreamTest$ParameterizedEncryptDecryptTest" time="0"/>
  <testcase name="encryptDecrypt[858: encryptDecrypt(algorithm=ALG_AES_128_GCM_IV12_TAG16_HKDF_SHA256, byteSize=16, frameSize=15, readLen=17)]" classname="com.amazonaws.encryptionsdk.CryptoOutputStreamTest$ParameterizedEncryptDecryptTest" time="0"/>
  <testcase name="encryptDecrypt[859: encryptDecrypt(algorithm=ALG_AES_128_GCM_IV12_TAG16_HKDF_SHA256, byteSize=16, frameSize=15, readLen=32)]" classname="com.amazonaws.encryptionsdk.CryptoOutputStreamTest$ParameterizedEncryptDecryptTest" time="0"/>
  <testcase name="encryptDecrypt[860: encryptDecrypt(algorithm=ALG_AES_128_GCM_IV12_TAG16_HKDF_SHA256, byteSize=16, frameSize=15, readLen=1,000,000)]" classname="com.amazonaws.encryptionsdk.CryptoOutputStreamTest$ParameterizedEncryptDecryptTest" time="0"/>
  <testcase name="encryptDecrypt[861: encryptDecrypt(algorithm=ALG_AES_128_GCM_IV12_TAG16_HKDF_SHA256, byteSize=22, frameSize=15, readLen=21)]" classname="com.amazonaws.encryptionsdk.CryptoOutputStreamTest$ParameterizedEncryptDecryptTest" time="0"/>
  <testcase name="encryptDecrypt[862: encryptDecrypt(algorithm=ALG_AES_128_GCM_IV12_TAG16_HKDF_SHA256, byteSize=22, frameSize=15, readLen=22)]" classname="com.amazonaws.encryptionsdk.CryptoOutputStreamTest$ParameterizedEncryptDecryptTest" time="0.001"/>
  <testcase name="encryptDecrypt[863: encryptDecrypt(algorithm=ALG_AES_128_GCM_IV12_TAG16_HKDF_SHA256, byteSize=22, frameSize=15, readLen=23)]" classname="com.amazonaws.encryptionsdk.CryptoOutputStreamTest$ParameterizedEncryptDecryptTest" time="0"/>
  <testcase name="encryptDecrypt[864: encryptDecrypt(algorithm=ALG_AES_128_GCM_IV12_TAG16_HKDF_SHA256, byteSize=22, frameSize=15, readLen=44)]" classname="com.amazonaws.encryptionsdk.CryptoOutputStreamTest$ParameterizedEncryptDecryptTest" time="0"/>
  <testcase name="encryptDecrypt[865: encryptDecrypt(algorithm=ALG_AES_128_GCM_IV12_TAG16_HKDF_SHA256, byteSize=22, frameSize=15, readLen=1,000,000)]" classname="com.amazonaws.encryptionsdk.CryptoOutputStreamTest$ParameterizedEncryptDecryptTest" time="0"/>
  <testcase name="encryptDecrypt[866: encryptDecrypt(algorithm=ALG_AES_128_GCM_IV12_TAG16_HKDF_SHA256, byteSize=30, frameSize=15, readLen=29)]" classname="com.amazonaws.encryptionsdk.CryptoOutputStreamTest$ParameterizedEncryptDecryptTest" time="0"/>
  <testcase name="encryptDecrypt[867: encryptDecrypt(algorithm=ALG_AES_128_GCM_IV12_TAG16_HKDF_SHA256, byteSize=30, frameSize=15, readLen=30)]" classname="com.amazonaws.encryptionsdk.CryptoOutputStreamTest$ParameterizedEncryptDecryptTest" time="0"/>
  <testcase name="encryptDecrypt[868: encryptDecrypt(algorithm=ALG_AES_128_GCM_IV12_TAG16_HKDF_SHA256, byteSize=30, frameSize=15, readLen=31)]" classname="com.amazonaws.encryptionsdk.CryptoOutputStreamTest$ParameterizedEncryptDecryptTest" time="0"/>
  <testcase name="encryptDecrypt[869: encryptDecrypt(algorithm=ALG_AES_128_GCM_IV12_TAG16_HKDF_SHA256, byteSize=30, frameSize=15, readLen=60)]" classname="com.amazonaws.encryptionsdk.CryptoOutputStreamTest$ParameterizedEncryptDecryptTest" time="0"/>
  <testcase name="encryptDecrypt[870: encryptDecrypt(algorithm=ALG_AES_128_GCM_IV12_TAG16_HKDF_SHA256, byteSize=30, frameSize=15, readLen=1,000,000)]" classname="com.amazonaws.encryptionsdk.CryptoOutputStreamTest$ParameterizedEncryptDecryptTest" time="0.001"/>
  <testcase name="encryptDecrypt[871: encryptDecrypt(algorithm=ALG_AES_128_GCM_IV12_TAG16_HKDF_SHA256, byteSize=1,000,000, frameSize=15, readLen=999,999)]" classname="com.amazonaws.encryptionsdk.CryptoOutputStreamTest$ParameterizedEncryptDecryptTest" time="0.078"/>
  <testcase name="encryptDecrypt[872: encryptDecrypt(algorithm=ALG_AES_128_GCM_IV12_TAG16_HKDF_SHA256, byteSize=1,000,000, frameSize=15, readLen=1,000,000)]" classname="com.amazonaws.encryptionsdk.CryptoOutputStreamTest$ParameterizedEncryptDecryptTest" time="0.078"/>
  <testcase name="encryptDecrypt[873: encryptDecrypt(algorithm=ALG_AES_128_GCM_IV12_TAG16_HKDF_SHA256, byteSize=1,000,000, frameSize=15, readLen=1,000,001)]" classname="com.amazonaws.encryptionsdk.CryptoOutputStreamTest$ParameterizedEncryptDecryptTest" time="0.079"/>
  <testcase name="encryptDecrypt[874: encryptDecrypt(algorithm=ALG_AES_128_GCM_IV12_TAG16_HKDF_SHA256, byteSize=1,000,000, frameSize=15, readLen=2,000,000)]" classname="com.amazonaws.encryptionsdk.CryptoOutputStreamTest$ParameterizedEncryptDecryptTest" time="0.075"/>
  <testcase name="encryptDecrypt[875: encryptDecrypt(algorithm=ALG_AES_128_GCM_IV12_TAG16_HKDF_SHA256, byteSize=1,000,000, frameSize=15, readLen=1,000,000)]" classname="com.amazonaws.encryptionsdk.CryptoOutputStreamTest$ParameterizedEncryptDecryptTest" time="0.075"/>
  <testcase name="encryptDecrypt[876: encryptDecrypt(algorithm=ALG_AES_128_GCM_IV12_TAG16_HKDF_SHA256, byteSize=0, frameSize=16, readLen=1)]" classname="com.amazonaws.encryptionsdk.CryptoOutputStreamTest$ParameterizedEncryptDecryptTest" time="0.001"/>
  <testcase name="encryptDecrypt[877: encryptDecrypt(algorithm=ALG_AES_128_GCM_IV12_TAG16_HKDF_SHA256, byteSize=0, frameSize=16, readLen=1,000,000)]" classname="com.amazonaws.encryptionsdk.CryptoOutputStreamTest$ParameterizedEncryptDecryptTest" time="0"/>
  <testcase name="encryptDecrypt[878: encryptDecrypt(algorithm=ALG_AES_128_GCM_IV12_TAG16_HKDF_SHA256, byteSize=1, frameSize=16, readLen=1)]" classname="com.amazonaws.encryptionsdk.CryptoOutputStreamTest$ParameterizedEncryptDecryptTest" time="0.001"/>
  <testcase name="encryptDecrypt[879: encryptDecrypt(algorithm=ALG_AES_128_GCM_IV12_TAG16_HKDF_SHA256, byteSize=1, frameSize=16, readLen=2)]" classname="com.amazonaws.encryptionsdk.CryptoOutputStreamTest$ParameterizedEncryptDecryptTest" time="0"/>
  <testcase name="encryptDecrypt[880: encryptDecrypt(algorithm=ALG_AES_128_GCM_IV12_TAG16_HKDF_SHA256, byteSize=1, frameSize=16, readLen=2)]" classname="com.amazonaws.encryptionsdk.CryptoOutputStreamTest$ParameterizedEncryptDecryptTest" time="0.001"/>
  <testcase name="encryptDecrypt[881: encryptDecrypt(algorithm=ALG_AES_128_GCM_IV12_TAG16_HKDF_SHA256, byteSize=1, frameSize=16, readLen=1,000,000)]" classname="com.amazonaws.encryptionsdk.CryptoOutputStreamTest$ParameterizedEncryptDecryptTest" time="0"/>
  <testcase name="encryptDecrypt[882: encryptDecrypt(algorithm=ALG_AES_128_GCM_IV12_TAG16_HKDF_SHA256, byteSize=15, frameSize=16, readLen=14)]" classname="com.amazonaws.encryptionsdk.CryptoOutputStreamTest$ParameterizedEncryptDecryptTest" time="0"/>
  <testcase name="encryptDecrypt[883: encryptDecrypt(algorithm=ALG_AES_128_GCM_IV12_TAG16_HKDF_SHA256, byteSize=15, frameSize=16, readLen=15)]" classname="com.amazonaws.encryptionsdk.CryptoOutputStreamTest$ParameterizedEncryptDecryptTest" time="0"/>
  <testcase name="encryptDecrypt[884: encryptDecrypt(algorithm=ALG_AES_128_GCM_IV12_TAG16_HKDF_SHA256, byteSize=15, frameSize=16, readLen=16)]" classname="com.amazonaws.encryptionsdk.CryptoOutputStreamTest$ParameterizedEncryptDecryptTest" time="0.001"/>
  <testcase name="encryptDecrypt[885: encryptDecrypt(algorithm=ALG_AES_128_GCM_IV12_TAG16_HKDF_SHA256, byteSize=15, frameSize=16, readLen=30)]" classname="com.amazonaws.encryptionsdk.CryptoOutputStreamTest$ParameterizedEncryptDecryptTest" time="0"/>
  <testcase name="encryptDecrypt[886: encryptDecrypt(algorithm=ALG_AES_128_GCM_IV12_TAG16_HKDF_SHA256, byteSize=15, frameSize=16, readLen=1,000,000)]" classname="com.amazonaws.encryptionsdk.CryptoOutputStreamTest$ParameterizedEncryptDecryptTest" time="0"/>
  <testcase name="encryptDecrypt[887: encryptDecrypt(algorithm=ALG_AES_128_GCM_IV12_TAG16_HKDF_SHA256, byteSize=16, frameSize=16, readLen=15)]" classname="com.amazonaws.encryptionsdk.CryptoOutputStreamTest$ParameterizedEncryptDecryptTest" time="0"/>
  <testcase name="encryptDecrypt[888: encryptDecrypt(algorithm=ALG_AES_128_GCM_IV12_TAG16_HKDF_SHA256, byteSize=16, frameSize=16, readLen=16)]" classname="com.amazonaws.encryptionsdk.CryptoOutputStreamTest$ParameterizedEncryptDecryptTest" time="0"/>
  <testcase name="encryptDecrypt[889: encryptDecrypt(algorithm=ALG_AES_128_GCM_IV12_TAG16_HKDF_SHA256, byteSize=16, frameSize=16, readLen=17)]" classname="com.amazonaws.encryptionsdk.CryptoOutputStreamTest$ParameterizedEncryptDecryptTest" time="0"/>
  <testcase name="encryptDecrypt[890: encryptDecrypt(algorithm=ALG_AES_128_GCM_IV12_TAG16_HKDF_SHA256, byteSize=16, frameSize=16, readLen=32)]" classname="com.amazonaws.encryptionsdk.CryptoOutputStreamTest$ParameterizedEncryptDecryptTest" time="0"/>
  <testcase name="encryptDecrypt[891: encryptDecrypt(algorithm=ALG_AES_128_GCM_IV12_TAG16_HKDF_SHA256, byteSize=16, frameSize=16, readLen=1,000,000)]" classname="com.amazonaws.encryptionsdk.CryptoOutputStreamTest$ParameterizedEncryptDecryptTest" time="0"/>
  <testcase name="encryptDecrypt[892: encryptDecrypt(algorithm=ALG_AES_128_GCM_IV12_TAG16_HKDF_SHA256, byteSize=17, frameSize=16, readLen=16)]" classname="com.amazonaws.encryptionsdk.CryptoOutputStreamTest$ParameterizedEncryptDecryptTest" time="0.001"/>
  <testcase name="encryptDecrypt[893: encryptDecrypt(algorithm=ALG_AES_128_GCM_IV12_TAG16_HKDF_SHA256, byteSize=17, frameSize=16, readLen=17)]" classname="com.amazonaws.encryptionsdk.CryptoOutputStreamTest$ParameterizedEncryptDecryptTest" time="0"/>
  <testcase name="encryptDecrypt[894: encryptDecrypt(algorithm=ALG_AES_128_GCM_IV12_TAG16_HKDF_SHA256, byteSize=17, frameSize=16, readLen=18)]" classname="com.amazonaws.encryptionsdk.CryptoOutputStreamTest$ParameterizedEncryptDecryptTest" time="0"/>
  <testcase name="encryptDecrypt[895: encryptDecrypt(algorithm=ALG_AES_128_GCM_IV12_TAG16_HKDF_SHA256, byteSize=17, frameSize=16, readLen=34)]" classname="com.amazonaws.encryptionsdk.CryptoOutputStreamTest$ParameterizedEncryptDecryptTest" time="0"/>
  <testcase name="encryptDecrypt[896: encryptDecrypt(algorithm=ALG_AES_128_GCM_IV12_TAG16_HKDF_SHA256, byteSize=17, frameSize=16, readLen=1,000,000)]" classname="com.amazonaws.encryptionsdk.CryptoOutputStreamTest$ParameterizedEncryptDecryptTest" time="0"/>
  <testcase name="encryptDecrypt[897: encryptDecrypt(algorithm=ALG_AES_128_GCM_IV12_TAG16_HKDF_SHA256, byteSize=24, frameSize=16, readLen=23)]" classname="com.amazonaws.encryptionsdk.CryptoOutputStreamTest$ParameterizedEncryptDecryptTest" time="0"/>
  <testcase name="encryptDecrypt[898: encryptDecrypt(algorithm=ALG_AES_128_GCM_IV12_TAG16_HKDF_SHA256, byteSize=24, frameSize=16, readLen=24)]" classname="com.amazonaws.encryptionsdk.CryptoOutputStreamTest$ParameterizedEncryptDecryptTest" time="0"/>
  <testcase name="encryptDecrypt[899: encryptDecrypt(algorithm=ALG_AES_128_GCM_IV12_TAG16_HKDF_SHA256, byteSize=24, frameSize=16, readLen=25)]" classname="com.amazonaws.encryptionsdk.CryptoOutputStreamTest$ParameterizedEncryptDecryptTest" time="0.001"/>
  <testcase name="encryptDecrypt[900: encryptDecrypt(algorithm=ALG_AES_128_GCM_IV12_TAG16_HKDF_SHA256, byteSize=24, frameSize=16, readLen=48)]" classname="com.amazonaws.encryptionsdk.CryptoOutputStreamTest$ParameterizedEncryptDecryptTest" time="0"/>
  <testcase name="encryptDecrypt[901: encryptDecrypt(algorithm=ALG_AES_128_GCM_IV12_TAG16_HKDF_SHA256, byteSize=24, frameSize=16, readLen=1,000,000)]" classname="com.amazonaws.encryptionsdk.CryptoOutputStreamTest$ParameterizedEncryptDecryptTest" time="0"/>
  <testcase name="encryptDecrypt[902: encryptDecrypt(algorithm=ALG_AES_128_GCM_IV12_TAG16_HKDF_SHA256, byteSize=32, frameSize=16, readLen=31)]" classname="com.amazonaws.encryptionsdk.CryptoOutputStreamTest$ParameterizedEncryptDecryptTest" time="0"/>
  <testcase name="encryptDecrypt[903: encryptDecrypt(algorithm=ALG_AES_128_GCM_IV12_TAG16_HKDF_SHA256, byteSize=32, frameSize=16, readLen=32)]" classname="com.amazonaws.encryptionsdk.CryptoOutputStreamTest$ParameterizedEncryptDecryptTest" time="0"/>
  <testcase name="encryptDecrypt[904: encryptDecrypt(algorithm=ALG_AES_128_GCM_IV12_TAG16_HKDF_SHA256, byteSize=32, frameSize=16, readLen=33)]" classname="com.amazonaws.encryptionsdk.CryptoOutputStreamTest$ParameterizedEncryptDecryptTest" time="0"/>
  <testcase name="encryptDecrypt[905: encryptDecrypt(algorithm=ALG_AES_128_GCM_IV12_TAG16_HKDF_SHA256, byteSize=32, frameSize=16, readLen=64)]" classname="com.amazonaws.encryptionsdk.CryptoOutputStreamTest$ParameterizedEncryptDecryptTest" time="0"/>
  <testcase name="encryptDecrypt[906: encryptDecrypt(algorithm=ALG_AES_128_GCM_IV12_TAG16_HKDF_SHA256, byteSize=32, frameSize=16, readLen=1,000,000)]" classname="com.amazonaws.encryptionsdk.CryptoOutputStreamTest$ParameterizedEncryptDecryptTest" time="0"/>
  <testcase name="encryptDecrypt[907: encryptDecrypt(algorithm=ALG_AES_128_GCM_IV12_TAG16_HKDF_SHA256, byteSize=1,000,000, frameSize=16, readLen=999,999)]" classname="com.amazonaws.encryptionsdk.CryptoOutputStreamTest$ParameterizedEncryptDecryptTest" time="0.071"/>
  <testcase name="encryptDecrypt[908: encryptDecrypt(algorithm=ALG_AES_128_GCM_IV12_TAG16_HKDF_SHA256, byteSize=1,000,000, frameSize=16, readLen=1,000,000)]" classname="com.amazonaws.encryptionsdk.CryptoOutputStreamTest$ParameterizedEncryptDecryptTest" time="0.079"/>
  <testcase name="encryptDecrypt[909: encryptDecrypt(algorithm=ALG_AES_128_GCM_IV12_TAG16_HKDF_SHA256, byteSize=1,000,000, frameSize=16, readLen=1,000,001)]" classname="com.amazonaws.encryptionsdk.CryptoOutputStreamTest$ParameterizedEncryptDecryptTest" time="0.067"/>
  <testcase name="encryptDecrypt[910: encryptDecrypt(algorithm=ALG_AES_128_GCM_IV12_TAG16_HKDF_SHA256, byteSize=1,000,000, frameSize=16, readLen=2,000,000)]" classname="com.amazonaws.encryptionsdk.CryptoOutputStreamTest$ParameterizedEncryptDecryptTest" time="0.068"/>
  <testcase name="encryptDecrypt[911: encryptDecrypt(algorithm=ALG_AES_128_GCM_IV12_TAG16_HKDF_SHA256, byteSize=1,000,000, frameSize=16, readLen=1,000,000)]" classname="com.amazonaws.encryptionsdk.CryptoOutputStreamTest$ParameterizedEncryptDecryptTest" time="0.067"/>
  <testcase name="encryptDecrypt[912: encryptDecrypt(algorithm=ALG_AES_128_GCM_IV12_TAG16_HKDF_SHA256, byteSize=0, frameSize=17, readLen=1)]" classname="com.amazonaws.encryptionsdk.CryptoOutputStreamTest$ParameterizedEncryptDecryptTest" time="0.001"/>
  <testcase name="encryptDecrypt[913: encryptDecrypt(algorithm=ALG_AES_128_GCM_IV12_TAG16_HKDF_SHA256, byteSize=0, frameSize=17, readLen=1,000,000)]" classname="com.amazonaws.encryptionsdk.CryptoOutputStreamTest$ParameterizedEncryptDecryptTest" time="0"/>
  <testcase name="encryptDecrypt[914: encryptDecrypt(algorithm=ALG_AES_128_GCM_IV12_TAG16_HKDF_SHA256, byteSize=1, frameSize=17, readLen=1)]" classname="com.amazonaws.encryptionsdk.CryptoOutputStreamTest$ParameterizedEncryptDecryptTest" time="0.001"/>
  <testcase name="encryptDecrypt[915: encryptDecrypt(algorithm=ALG_AES_128_GCM_IV12_TAG16_HKDF_SHA256, byteSize=1, frameSize=17, readLen=2)]" classname="com.amazonaws.encryptionsdk.CryptoOutputStreamTest$ParameterizedEncryptDecryptTest" time="0.001"/>
  <testcase name="encryptDecrypt[916: encryptDecrypt(algorithm=ALG_AES_128_GCM_IV12_TAG16_HKDF_SHA256, byteSize=1, frameSize=17, readLen=2)]" classname="com.amazonaws.encryptionsdk.CryptoOutputStreamTest$ParameterizedEncryptDecryptTest" time="0"/>
  <testcase name="encryptDecrypt[917: encryptDecrypt(algorithm=ALG_AES_128_GCM_IV12_TAG16_HKDF_SHA256, byteSize=1, frameSize=17, readLen=1,000,000)]" classname="com.amazonaws.encryptionsdk.CryptoOutputStreamTest$ParameterizedEncryptDecryptTest" time="0.001"/>
  <testcase name="encryptDecrypt[918: encryptDecrypt(algorithm=ALG_AES_128_GCM_IV12_TAG16_HKDF_SHA256, byteSize=16, frameSize=17, readLen=15)]" classname="com.amazonaws.encryptionsdk.CryptoOutputStreamTest$ParameterizedEncryptDecryptTest" time="0"/>
  <testcase name="encryptDecrypt[919: encryptDecrypt(algorithm=ALG_AES_128_GCM_IV12_TAG16_HKDF_SHA256, byteSize=16, frameSize=17, readLen=16)]" classname="com.amazonaws.encryptionsdk.CryptoOutputStreamTest$ParameterizedEncryptDecryptTest" time="0"/>
  <testcase name="encryptDecrypt[920: encryptDecrypt(algorithm=ALG_AES_128_GCM_IV12_TAG16_HKDF_SHA256, byteSize=16, frameSize=17, readLen=17)]" classname="com.amazonaws.encryptionsdk.CryptoOutputStreamTest$ParameterizedEncryptDecryptTest" time="0"/>
  <testcase name="encryptDecrypt[921: encryptDecrypt(algorithm=ALG_AES_128_GCM_IV12_TAG16_HKDF_SHA256, byteSize=16, frameSize=17, readLen=32)]" classname="com.amazonaws.encryptionsdk.CryptoOutputStreamTest$ParameterizedEncryptDecryptTest" time="0"/>
  <testcase name="encryptDecrypt[922: encryptDecrypt(algorithm=ALG_AES_128_GCM_IV12_TAG16_HKDF_SHA256, byteSize=16, frameSize=17, readLen=1,000,000)]" classname="com.amazonaws.encryptionsdk.CryptoOutputStreamTest$ParameterizedEncryptDecryptTest" time="0"/>
  <testcase name="encryptDecrypt[923: encryptDecrypt(algorithm=ALG_AES_128_GCM_IV12_TAG16_HKDF_SHA256, byteSize=17, frameSize=17, readLen=16)]" classname="com.amazonaws.encryptionsdk.CryptoOutputStreamTest$ParameterizedEncryptDecryptTest" time="0"/>
  <testcase name="encryptDecrypt[924: encryptDecrypt(algorithm=ALG_AES_128_GCM_IV12_TAG16_HKDF_SHA256, byteSize=17, frameSize=17, readLen=17)]" classname="com.amazonaws.encryptionsdk.CryptoOutputStreamTest$ParameterizedEncryptDecryptTest" time="0"/>
  <testcase name="encryptDecrypt[925: encryptDecrypt(algorithm=ALG_AES_128_GCM_IV12_TAG16_HKDF_SHA256, byteSize=17, frameSize=17, readLen=18)]" classname="com.amazonaws.encryptionsdk.CryptoOutputStreamTest$ParameterizedEncryptDecryptTest" time="0"/>
  <testcase name="encryptDecrypt[926: encryptDecrypt(algorithm=ALG_AES_128_GCM_IV12_TAG16_HKDF_SHA256, byteSize=17, frameSize=17, readLen=34)]" classname="com.amazonaws.encryptionsdk.CryptoOutputStreamTest$ParameterizedEncryptDecryptTest" time="0"/>
  <testcase name="encryptDecrypt[927: encryptDecrypt(algorithm=ALG_AES_128_GCM_IV12_TAG16_HKDF_SHA256, byteSize=17, frameSize=17, readLen=1,000,000)]" classname="com.amazonaws.encryptionsdk.CryptoOutputStreamTest$ParameterizedEncryptDecryptTest" time="0"/>
  <testcase name="encryptDecrypt[928: encryptDecrypt(algorithm=ALG_AES_128_GCM_IV12_TAG16_HKDF_SHA256, byteSize=18, frameSize=17, readLen=17)]" classname="com.amazonaws.encryptionsdk.CryptoOutputStreamTest$ParameterizedEncryptDecryptTest" time="0"/>
  <testcase name="encryptDecrypt[929: encryptDecrypt(algorithm=ALG_AES_128_GCM_IV12_TAG16_HKDF_SHA256, byteSize=18, frameSize=17, readLen=18)]" classname="com.amazonaws.encryptionsdk.CryptoOutputStreamTest$ParameterizedEncryptDecryptTest" time="0"/>
  <testcase name="encryptDecrypt[930: encryptDecrypt(algorithm=ALG_AES_128_GCM_IV12_TAG16_HKDF_SHA256, byteSize=18, frameSize=17, readLen=19)]" classname="com.amazonaws.encryptionsdk.CryptoOutputStreamTest$ParameterizedEncryptDecryptTest" time="0"/>
  <testcase name="encryptDecrypt[931: encryptDecrypt(algorithm=ALG_AES_128_GCM_IV12_TAG16_HKDF_SHA256, byteSize=18, frameSize=17, readLen=36)]" classname="com.amazonaws.encryptionsdk.CryptoOutputStreamTest$ParameterizedEncryptDecryptTest" time="0"/>
  <testcase name="encryptDecrypt[932: encryptDecrypt(algorithm=ALG_AES_128_GCM_IV12_TAG16_HKDF_SHA256, byteSize=18, frameSize=17, readLen=1,000,000)]" classname="com.amazonaws.encryptionsdk.CryptoOutputStreamTest$ParameterizedEncryptDecryptTest" time="0.001"/>
  <testcase name="encryptDecrypt[933: encryptDecrypt(algorithm=ALG_AES_128_GCM_IV12_TAG16_HKDF_SHA256, byteSize=25, frameSize=17, readLen=24)]" classname="com.amazonaws.encryptionsdk.CryptoOutputStreamTest$ParameterizedEncryptDecryptTest" time="0"/>
  <testcase name="encryptDecrypt[934: encryptDecrypt(algorithm=ALG_AES_128_GCM_IV12_TAG16_HKDF_SHA256, byteSize=25, frameSize=17, readLen=25)]" classname="com.amazonaws.encryptionsdk.CryptoOutputStreamTest$ParameterizedEncryptDecryptTest" time="0"/>
  <testcase name="encryptDecrypt[935: encryptDecrypt(algorithm=ALG_AES_128_GCM_IV12_TAG16_HKDF_SHA256, byteSize=25, frameSize=17, readLen=26)]" classname="com.amazonaws.encryptionsdk.CryptoOutputStreamTest$ParameterizedEncryptDecryptTest" time="0"/>
  <testcase name="encryptDecrypt[936: encryptDecrypt(algorithm=ALG_AES_128_GCM_IV12_TAG16_HKDF_SHA256, byteSize=25, frameSize=17, readLen=50)]" classname="com.amazonaws.encryptionsdk.CryptoOutputStreamTest$ParameterizedEncryptDecryptTest" time="0"/>
  <testcase name="encryptDecrypt[937: encryptDecrypt(algorithm=ALG_AES_128_GCM_IV12_TAG16_HKDF_SHA256, byteSize=25, frameSize=17, readLen=1,000,000)]" classname="com.amazonaws.encryptionsdk.CryptoOutputStreamTest$ParameterizedEncryptDecryptTest" time="0"/>
  <testcase name="encryptDecrypt[938: encryptDecrypt(algorithm=ALG_AES_128_GCM_IV12_TAG16_HKDF_SHA256, byteSize=34, frameSize=17, readLen=33)]" classname="com.amazonaws.encryptionsdk.CryptoOutputStreamTest$ParameterizedEncryptDecryptTest" time="0"/>
  <testcase name="encryptDecrypt[939: encryptDecrypt(algorithm=ALG_AES_128_GCM_IV12_TAG16_HKDF_SHA256, byteSize=34, frameSize=17, readLen=34)]" classname="com.amazonaws.encryptionsdk.CryptoOutputStreamTest$ParameterizedEncryptDecryptTest" time="0"/>
  <testcase name="encryptDecrypt[940: encryptDecrypt(algorithm=ALG_AES_128_GCM_IV12_TAG16_HKDF_SHA256, byteSize=34, frameSize=17, readLen=35)]" classname="com.amazonaws.encryptionsdk.CryptoOutputStreamTest$ParameterizedEncryptDecryptTest" time="0.001"/>
  <testcase name="encryptDecrypt[941: encryptDecrypt(algorithm=ALG_AES_128_GCM_IV12_TAG16_HKDF_SHA256, byteSize=34, frameSize=17, readLen=68)]" classname="com.amazonaws.encryptionsdk.CryptoOutputStreamTest$ParameterizedEncryptDecryptTest" time="0"/>
  <testcase name="encryptDecrypt[942: encryptDecrypt(algorithm=ALG_AES_128_GCM_IV12_TAG16_HKDF_SHA256, byteSize=34, frameSize=17, readLen=1,000,000)]" classname="com.amazonaws.encryptionsdk.CryptoOutputStreamTest$ParameterizedEncryptDecryptTest" time="0"/>
  <testcase name="encryptDecrypt[943: encryptDecrypt(algorithm=ALG_AES_128_GCM_IV12_TAG16_HKDF_SHA256, byteSize=1,000,000, frameSize=17, readLen=999,999)]" classname="com.amazonaws.encryptionsdk.CryptoOutputStreamTest$ParameterizedEncryptDecryptTest" time="0.071"/>
  <testcase name="encryptDecrypt[944: encryptDecrypt(algorithm=ALG_AES_128_GCM_IV12_TAG16_HKDF_SHA256, byteSize=1,000,000, frameSize=17, readLen=1,000,000)]" classname="com.amazonaws.encryptionsdk.CryptoOutputStreamTest$ParameterizedEncryptDecryptTest" time="0.071"/>
  <testcase name="encryptDecrypt[945: encryptDecrypt(algorithm=ALG_AES_128_GCM_IV12_TAG16_HKDF_SHA256, byteSize=1,000,000, frameSize=17, readLen=1,000,001)]" classname="com.amazonaws.encryptionsdk.CryptoOutputStreamTest$ParameterizedEncryptDecryptTest" time="0.069"/>
  <testcase name="encryptDecrypt[946: encryptDecrypt(algorithm=ALG_AES_128_GCM_IV12_TAG16_HKDF_SHA256, byteSize=1,000,000, frameSize=17, readLen=2,000,000)]" classname="com.amazonaws.encryptionsdk.CryptoOutputStreamTest$ParameterizedEncryptDecryptTest" time="0.068"/>
  <testcase name="encryptDecrypt[947: encryptDecrypt(algorithm=ALG_AES_128_GCM_IV12_TAG16_HKDF_SHA256, byteSize=1,000,000, frameSize=17, readLen=1,000,000)]" classname="com.amazonaws.encryptionsdk.CryptoOutputStreamTest$ParameterizedEncryptDecryptTest" time="0.068"/>
  <testcase name="encryptDecrypt[948: encryptDecrypt(algorithm=ALG_AES_128_GCM_IV12_TAG16_HKDF_SHA256, byteSize=0, frameSize=32, readLen=1)]" classname="com.amazonaws.encryptionsdk.CryptoOutputStreamTest$ParameterizedEncryptDecryptTest" time="0.001"/>
  <testcase name="encryptDecrypt[949: encryptDecrypt(algorithm=ALG_AES_128_GCM_IV12_TAG16_HKDF_SHA256, byteSize=0, frameSize=32, readLen=1,000,000)]" classname="com.amazonaws.encryptionsdk.CryptoOutputStreamTest$ParameterizedEncryptDecryptTest" time="0"/>
  <testcase name="encryptDecrypt[950: encryptDecrypt(algorithm=ALG_AES_128_GCM_IV12_TAG16_HKDF_SHA256, byteSize=1, frameSize=32, readLen=1)]" classname="com.amazonaws.encryptionsdk.CryptoOutputStreamTest$ParameterizedEncryptDecryptTest" time="0.001"/>
  <testcase name="encryptDecrypt[951: encryptDecrypt(algorithm=ALG_AES_128_GCM_IV12_TAG16_HKDF_SHA256, byteSize=1, frameSize=32, readLen=2)]" classname="com.amazonaws.encryptionsdk.CryptoOutputStreamTest$ParameterizedEncryptDecryptTest" time="0.001"/>
  <testcase name="encryptDecrypt[952: encryptDecrypt(algorithm=ALG_AES_128_GCM_IV12_TAG16_HKDF_SHA256, byteSize=1, frameSize=32, readLen=2)]" classname="com.amazonaws.encryptionsdk.CryptoOutputStreamTest$ParameterizedEncryptDecryptTest" time="0"/>
  <testcase name="encryptDecrypt[953: encryptDecrypt(algorithm=ALG_AES_128_GCM_IV12_TAG16_HKDF_SHA256, byteSize=1, frameSize=32, readLen=1,000,000)]" classname="com.amazonaws.encryptionsdk.CryptoOutputStreamTest$ParameterizedEncryptDecryptTest" time="0"/>
  <testcase name="encryptDecrypt[954: encryptDecrypt(algorithm=ALG_AES_128_GCM_IV12_TAG16_HKDF_SHA256, byteSize=31, frameSize=32, readLen=30)]" classname="com.amazonaws.encryptionsdk.CryptoOutputStreamTest$ParameterizedEncryptDecryptTest" time="0"/>
  <testcase name="encryptDecrypt[955: encryptDecrypt(algorithm=ALG_AES_128_GCM_IV12_TAG16_HKDF_SHA256, byteSize=31, frameSize=32, readLen=31)]" classname="com.amazonaws.encryptionsdk.CryptoOutputStreamTest$ParameterizedEncryptDecryptTest" time="0"/>
  <testcase name="encryptDecrypt[956: encryptDecrypt(algorithm=ALG_AES_128_GCM_IV12_TAG16_HKDF_SHA256, byteSize=31, frameSize=32, readLen=32)]" classname="com.amazonaws.encryptionsdk.CryptoOutputStreamTest$ParameterizedEncryptDecryptTest" time="0"/>
  <testcase name="encryptDecrypt[957: encryptDecrypt(algorithm=ALG_AES_128_GCM_IV12_TAG16_HKDF_SHA256, byteSize=31, frameSize=32, readLen=62)]" classname="com.amazonaws.encryptionsdk.CryptoOutputStreamTest$ParameterizedEncryptDecryptTest" time="0"/>
  <testcase name="encryptDecrypt[958: encryptDecrypt(algorithm=ALG_AES_128_GCM_IV12_TAG16_HKDF_SHA256, byteSize=31, frameSize=32, readLen=1,000,000)]" classname="com.amazonaws.encryptionsdk.CryptoOutputStreamTest$ParameterizedEncryptDecryptTest" time="0"/>
  <testcase name="encryptDecrypt[959: encryptDecrypt(algorithm=ALG_AES_128_GCM_IV12_TAG16_HKDF_SHA256, byteSize=32, frameSize=32, readLen=31)]" classname="com.amazonaws.encryptionsdk.CryptoOutputStreamTest$ParameterizedEncryptDecryptTest" time="0"/>
  <testcase name="encryptDecrypt[960: encryptDecrypt(algorithm=ALG_AES_128_GCM_IV12_TAG16_HKDF_SHA256, byteSize=32, frameSize=32, readLen=32)]" classname="com.amazonaws.encryptionsdk.CryptoOutputStreamTest$ParameterizedEncryptDecryptTest" time="0"/>
  <testcase name="encryptDecrypt[961: encryptDecrypt(algorithm=ALG_AES_128_GCM_IV12_TAG16_HKDF_SHA256, byteSize=32, frameSize=32, readLen=33)]" classname="com.amazonaws.encryptionsdk.CryptoOutputStreamTest$ParameterizedEncryptDecryptTest" time="0"/>
  <testcase name="encryptDecrypt[962: encryptDecrypt(algorithm=ALG_AES_128_GCM_IV12_TAG16_HKDF_SHA256, byteSize=32, frameSize=32, readLen=64)]" classname="com.amazonaws.encryptionsdk.CryptoOutputStreamTest$ParameterizedEncryptDecryptTest" time="0"/>
  <testcase name="encryptDecrypt[963: encryptDecrypt(algorithm=ALG_AES_128_GCM_IV12_TAG16_HKDF_SHA256, byteSize=32, frameSize=32, readLen=1,000,000)]" classname="com.amazonaws.encryptionsdk.CryptoOutputStreamTest$ParameterizedEncryptDecryptTest" time="0"/>
  <testcase name="encryptDecrypt[964: encryptDecrypt(algorithm=ALG_AES_128_GCM_IV12_TAG16_HKDF_SHA256, byteSize=33, frameSize=32, readLen=32)]" classname="com.amazonaws.encryptionsdk.CryptoOutputStreamTest$ParameterizedEncryptDecryptTest" time="0.001"/>
  <testcase name="encryptDecrypt[965: encryptDecrypt(algorithm=ALG_AES_128_GCM_IV12_TAG16_HKDF_SHA256, byteSize=33, frameSize=32, readLen=33)]" classname="com.amazonaws.encryptionsdk.CryptoOutputStreamTest$ParameterizedEncryptDecryptTest" time="0"/>
  <testcase name="encryptDecrypt[966: encryptDecrypt(algorithm=ALG_AES_128_GCM_IV12_TAG16_HKDF_SHA256, byteSize=33, frameSize=32, readLen=34)]" classname="com.amazonaws.encryptionsdk.CryptoOutputStreamTest$ParameterizedEncryptDecryptTest" time="0"/>
  <testcase name="encryptDecrypt[967: encryptDecrypt(algorithm=ALG_AES_128_GCM_IV12_TAG16_HKDF_SHA256, byteSize=33, frameSize=32, readLen=66)]" classname="com.amazonaws.encryptionsdk.CryptoOutputStreamTest$ParameterizedEncryptDecryptTest" time="0"/>
  <testcase name="encryptDecrypt[968: encryptDecrypt(algorithm=ALG_AES_128_GCM_IV12_TAG16_HKDF_SHA256, byteSize=33, frameSize=32, readLen=1,000,000)]" classname="com.amazonaws.encryptionsdk.CryptoOutputStreamTest$ParameterizedEncryptDecryptTest" time="0"/>
  <testcase name="encryptDecrypt[969: encryptDecrypt(algorithm=ALG_AES_128_GCM_IV12_TAG16_HKDF_SHA256, byteSize=48, frameSize=32, readLen=47)]" classname="com.amazonaws.encryptionsdk.CryptoOutputStreamTest$ParameterizedEncryptDecryptTest" time="0"/>
  <testcase name="encryptDecrypt[970: encryptDecrypt(algorithm=ALG_AES_128_GCM_IV12_TAG16_HKDF_SHA256, byteSize=48, frameSize=32, readLen=48)]" classname="com.amazonaws.encryptionsdk.CryptoOutputStreamTest$ParameterizedEncryptDecryptTest" time="0"/>
  <testcase name="encryptDecrypt[971: encryptDecrypt(algorithm=ALG_AES_128_GCM_IV12_TAG16_HKDF_SHA256, byteSize=48, frameSize=32, readLen=49)]" classname="com.amazonaws.encryptionsdk.CryptoOutputStreamTest$ParameterizedEncryptDecryptTest" time="0"/>
  <testcase name="encryptDecrypt[972: encryptDecrypt(algorithm=ALG_AES_128_GCM_IV12_TAG16_HKDF_SHA256, byteSize=48, frameSize=32, readLen=96)]" classname="com.amazonaws.encryptionsdk.CryptoOutputStreamTest$ParameterizedEncryptDecryptTest" time="0"/>
  <testcase name="encryptDecrypt[973: encryptDecrypt(algorithm=ALG_AES_128_GCM_IV12_TAG16_HKDF_SHA256, byteSize=48, frameSize=32, readLen=1,000,000)]" classname="com.amazonaws.encryptionsdk.CryptoOutputStreamTest$ParameterizedEncryptDecryptTest" time="0"/>
  <testcase name="encryptDecrypt[974: encryptDecrypt(algorithm=ALG_AES_128_GCM_IV12_TAG16_HKDF_SHA256, byteSize=64, frameSize=32, readLen=63)]" classname="com.amazonaws.encryptionsdk.CryptoOutputStreamTest$ParameterizedEncryptDecryptTest" time="0"/>
  <testcase name="encryptDecrypt[975: encryptDecrypt(algorithm=ALG_AES_128_GCM_IV12_TAG16_HKDF_SHA256, byteSize=64, frameSize=32, readLen=64)]" classname="com.amazonaws.encryptionsdk.CryptoOutputStreamTest$ParameterizedEncryptDecryptTest" time="0"/>
  <testcase name="encryptDecrypt[976: encryptDecrypt(algorithm=ALG_AES_128_GCM_IV12_TAG16_HKDF_SHA256, byteSize=64, frameSize=32, readLen=65)]" classname="com.amazonaws.encryptionsdk.CryptoOutputStreamTest$ParameterizedEncryptDecryptTest" time="0"/>
  <testcase name="encryptDecrypt[977: encryptDecrypt(algorithm=ALG_AES_128_GCM_IV12_TAG16_HKDF_SHA256, byteSize=64, frameSize=32, readLen=128)]" classname="com.amazonaws.encryptionsdk.CryptoOutputStreamTest$ParameterizedEncryptDecryptTest" time="0"/>
  <testcase name="encryptDecrypt[978: encryptDecrypt(algorithm=ALG_AES_128_GCM_IV12_TAG16_HKDF_SHA256, byteSize=64, frameSize=32, readLen=1,000,000)]" classname="com.amazonaws.encryptionsdk.CryptoOutputStreamTest$ParameterizedEncryptDecryptTest" time="0"/>
  <testcase name="encryptDecrypt[979: encryptDecrypt(algorithm=ALG_AES_128_GCM_IV12_TAG16_HKDF_SHA256, byteSize=1,000,000, frameSize=32, readLen=999,999)]" classname="com.amazonaws.encryptionsdk.CryptoOutputStreamTest$ParameterizedEncryptDecryptTest" time="0.04"/>
  <testcase name="encryptDecrypt[980: encryptDecrypt(algorithm=ALG_AES_128_GCM_IV12_TAG16_HKDF_SHA256, byteSize=1,000,000, frameSize=32, readLen=1,000,000)]" classname="com.amazonaws.encryptionsdk.CryptoOutputStreamTest$ParameterizedEncryptDecryptTest" time="0.039"/>
  <testcase name="encryptDecrypt[981: encryptDecrypt(algorithm=ALG_AES_128_GCM_IV12_TAG16_HKDF_SHA256, byteSize=1,000,000, frameSize=32, readLen=1,000,001)]" classname="com.amazonaws.encryptionsdk.CryptoOutputStreamTest$ParameterizedEncryptDecryptTest" time="0.04"/>
  <testcase name="encryptDecrypt[982: encryptDecrypt(algorithm=ALG_AES_128_GCM_IV12_TAG16_HKDF_SHA256, byteSize=1,000,000, frameSize=32, readLen=2,000,000)]" classname="com.amazonaws.encryptionsdk.CryptoOutputStreamTest$ParameterizedEncryptDecryptTest" time="0.037"/>
  <testcase name="encryptDecrypt[983: encryptDecrypt(algorithm=ALG_AES_128_GCM_IV12_TAG16_HKDF_SHA256, byteSize=1,000,000, frameSize=32, readLen=1,000,000)]" classname="com.amazonaws.encryptionsdk.CryptoOutputStreamTest$ParameterizedEncryptDecryptTest" time="0.045"/>
  <testcase name="encryptDecrypt[984: encryptDecrypt(algorithm=ALG_AES_128_GCM_IV12_TAG16_HKDF_SHA256, byteSize=0, frameSize=160, readLen=1)]" classname="com.amazonaws.encryptionsdk.CryptoOutputStreamTest$ParameterizedEncryptDecryptTest" time="0.001"/>
  <testcase name="encryptDecrypt[985: encryptDecrypt(algorithm=ALG_AES_128_GCM_IV12_TAG16_HKDF_SHA256, byteSize=0, frameSize=160, readLen=1,000,000)]" classname="com.amazonaws.encryptionsdk.CryptoOutputStreamTest$ParameterizedEncryptDecryptTest" time="0"/>
  <testcase name="encryptDecrypt[986: encryptDecrypt(algorithm=ALG_AES_128_GCM_IV12_TAG16_HKDF_SHA256, byteSize=1, frameSize=160, readLen=1)]" classname="com.amazonaws.encryptionsdk.CryptoOutputStreamTest$ParameterizedEncryptDecryptTest" time="0.001"/>
  <testcase name="encryptDecrypt[987: encryptDecrypt(algorithm=ALG_AES_128_GCM_IV12_TAG16_HKDF_SHA256, byteSize=1, frameSize=160, readLen=2)]" classname="com.amazonaws.encryptionsdk.CryptoOutputStreamTest$ParameterizedEncryptDecryptTest" time="0.001"/>
  <testcase name="encryptDecrypt[988: encryptDecrypt(algorithm=ALG_AES_128_GCM_IV12_TAG16_HKDF_SHA256, byteSize=1, frameSize=160, readLen=2)]" classname="com.amazonaws.encryptionsdk.CryptoOutputStreamTest$ParameterizedEncryptDecryptTest" time="0"/>
  <testcase name="encryptDecrypt[989: encryptDecrypt(algorithm=ALG_AES_128_GCM_IV12_TAG16_HKDF_SHA256, byteSize=1, frameSize=160, readLen=1,000,000)]" classname="com.amazonaws.encryptionsdk.CryptoOutputStreamTest$ParameterizedEncryptDecryptTest" time="0"/>
  <testcase name="encryptDecrypt[990: encryptDecrypt(algorithm=ALG_AES_128_GCM_IV12_TAG16_HKDF_SHA256, byteSize=159, frameSize=160, readLen=158)]" classname="com.amazonaws.encryptionsdk.CryptoOutputStreamTest$ParameterizedEncryptDecryptTest" time="0"/>
  <testcase name="encryptDecrypt[991: encryptDecrypt(algorithm=ALG_AES_128_GCM_IV12_TAG16_HKDF_SHA256, byteSize=159, frameSize=160, readLen=159)]" classname="com.amazonaws.encryptionsdk.CryptoOutputStreamTest$ParameterizedEncryptDecryptTest" time="0.001"/>
  <testcase name="encryptDecrypt[992: encryptDecrypt(algorithm=ALG_AES_128_GCM_IV12_TAG16_HKDF_SHA256, byteSize=159, frameSize=160, readLen=160)]" classname="com.amazonaws.encryptionsdk.CryptoOutputStreamTest$ParameterizedEncryptDecryptTest" time="0"/>
  <testcase name="encryptDecrypt[993: encryptDecrypt(algorithm=ALG_AES_128_GCM_IV12_TAG16_HKDF_SHA256, byteSize=159, frameSize=160, readLen=318)]" classname="com.amazonaws.encryptionsdk.CryptoOutputStreamTest$ParameterizedEncryptDecryptTest" time="0"/>
  <testcase name="encryptDecrypt[994: encryptDecrypt(algorithm=ALG_AES_128_GCM_IV12_TAG16_HKDF_SHA256, byteSize=159, frameSize=160, readLen=1,000,000)]" classname="com.amazonaws.encryptionsdk.CryptoOutputStreamTest$ParameterizedEncryptDecryptTest" time="0"/>
  <testcase name="encryptDecrypt[995: encryptDecrypt(algorithm=ALG_AES_128_GCM_IV12_TAG16_HKDF_SHA256, byteSize=160, frameSize=160, readLen=159)]" classname="com.amazonaws.encryptionsdk.CryptoOutputStreamTest$ParameterizedEncryptDecryptTest" time="0"/>
  <testcase name="encryptDecrypt[996: encryptDecrypt(algorithm=ALG_AES_128_GCM_IV12_TAG16_HKDF_SHA256, byteSize=160, frameSize=160, readLen=160)]" classname="com.amazonaws.encryptionsdk.CryptoOutputStreamTest$ParameterizedEncryptDecryptTest" time="0"/>
  <testcase name="encryptDecrypt[997: encryptDecrypt(algorithm=ALG_AES_128_GCM_IV12_TAG16_HKDF_SHA256, byteSize=160, frameSize=160, readLen=161)]" classname="com.amazonaws.encryptionsdk.CryptoOutputStreamTest$ParameterizedEncryptDecryptTest" time="0"/>
  <testcase name="encryptDecrypt[998: encryptDecrypt(algorithm=ALG_AES_128_GCM_IV12_TAG16_HKDF_SHA256, byteSize=160, frameSize=160, readLen=320)]" classname="com.amazonaws.encryptionsdk.CryptoOutputStreamTest$ParameterizedEncryptDecryptTest" time="0"/>
  <testcase name="encryptDecrypt[999: encryptDecrypt(algorithm=ALG_AES_128_GCM_IV12_TAG16_HKDF_SHA256, byteSize=160, frameSize=160, readLen=1,000,000)]" classname="com.amazonaws.encryptionsdk.CryptoOutputStreamTest$ParameterizedEncryptDecryptTest" time="0"/>
  <testcase name="encryptDecrypt[1000: encryptDecrypt(algorithm=ALG_AES_128_GCM_IV12_TAG16_HKDF_SHA256, byteSize=161, frameSize=160, readLen=160)]" classname="com.amazonaws.encryptionsdk.CryptoOutputStreamTest$ParameterizedEncryptDecryptTest" time="0"/>
  <testcase name="encryptDecrypt[1001: encryptDecrypt(algorithm=ALG_AES_128_GCM_IV12_TAG16_HKDF_SHA256, byteSize=161, frameSize=160, readLen=161)]" classname="com.amazonaws.encryptionsdk.CryptoOutputStreamTest$ParameterizedEncryptDecryptTest" time="0.001"/>
  <testcase name="encryptDecrypt[1002: encryptDecrypt(algorithm=ALG_AES_128_GCM_IV12_TAG16_HKDF_SHA256, byteSize=161, frameSize=160, readLen=162)]" classname="com.amazonaws.encryptionsdk.CryptoOutputStreamTest$ParameterizedEncryptDecryptTest" time="0"/>
  <testcase name="encryptDecrypt[1003: encryptDecrypt(algorithm=ALG_AES_128_GCM_IV12_TAG16_HKDF_SHA256, byteSize=161, frameSize=160, readLen=322)]" classname="com.amazonaws.encryptionsdk.CryptoOutputStreamTest$ParameterizedEncryptDecryptTest" time="0"/>
  <testcase name="encryptDecrypt[1004: encryptDecrypt(algorithm=ALG_AES_128_GCM_IV12_TAG16_HKDF_SHA256, byteSize=161, frameSize=160, readLen=1,000,000)]" classname="com.amazonaws.encryptionsdk.CryptoOutputStreamTest$ParameterizedEncryptDecryptTest" time="0"/>
  <testcase name="encryptDecrypt[1005: encryptDecrypt(algorithm=ALG_AES_128_GCM_IV12_TAG16_HKDF_SHA256, byteSize=240, frameSize=160, readLen=239)]" classname="com.amazonaws.encryptionsdk.CryptoOutputStreamTest$ParameterizedEncryptDecryptTest" time="0"/>
  <testcase name="encryptDecrypt[1006: encryptDecrypt(algorithm=ALG_AES_128_GCM_IV12_TAG16_HKDF_SHA256, byteSize=240, frameSize=160, readLen=240)]" classname="com.amazonaws.encryptionsdk.CryptoOutputStreamTest$ParameterizedEncryptDecryptTest" time="0"/>
  <testcase name="encryptDecrypt[1007: encryptDecrypt(algorithm=ALG_AES_128_GCM_IV12_TAG16_HKDF_SHA256, byteSize=240, frameSize=160, readLen=241)]" classname="com.amazonaws.encryptionsdk.CryptoOutputStreamTest$ParameterizedEncryptDecryptTest" time="0"/>
  <testcase name="encryptDecrypt[1008: encryptDecrypt(algorithm=ALG_AES_128_GCM_IV12_TAG16_HKDF_SHA256, byteSize=240, frameSize=160, readLen=480)]" classname="com.amazonaws.encryptionsdk.CryptoOutputStreamTest$ParameterizedEncryptDecryptTest" time="0"/>
  <testcase name="encryptDecrypt[1009: encryptDecrypt(algorithm=ALG_AES_128_GCM_IV12_TAG16_HKDF_SHA256, byteSize=240, frameSize=160, readLen=1,000,000)]" classname="com.amazonaws.encryptionsdk.CryptoOutputStreamTest$ParameterizedEncryptDecryptTest" time="0"/>
  <testcase name="encryptDecrypt[1010: encryptDecrypt(algorithm=ALG_AES_128_GCM_IV12_TAG16_HKDF_SHA256, byteSize=320, frameSize=160, readLen=319)]" classname="com.amazonaws.encryptionsdk.CryptoOutputStreamTest$ParameterizedEncryptDecryptTest" time="0"/>
  <testcase name="encryptDecrypt[1011: encryptDecrypt(algorithm=ALG_AES_128_GCM_IV12_TAG16_HKDF_SHA256, byteSize=320, frameSize=160, readLen=320)]" classname="com.amazonaws.encryptionsdk.CryptoOutputStreamTest$ParameterizedEncryptDecryptTest" time="0.001"/>
  <testcase name="encryptDecrypt[1012: encryptDecrypt(algorithm=ALG_AES_128_GCM_IV12_TAG16_HKDF_SHA256, byteSize=320, frameSize=160, readLen=321)]" classname="com.amazonaws.encryptionsdk.CryptoOutputStreamTest$ParameterizedEncryptDecryptTest" time="0"/>
  <testcase name="encryptDecrypt[1013: encryptDecrypt(algorithm=ALG_AES_128_GCM_IV12_TAG16_HKDF_SHA256, byteSize=320, frameSize=160, readLen=640)]" classname="com.amazonaws.encryptionsdk.CryptoOutputStreamTest$ParameterizedEncryptDecryptTest" time="0"/>
  <testcase name="encryptDecrypt[1014: encryptDecrypt(algorithm=ALG_AES_128_GCM_IV12_TAG16_HKDF_SHA256, byteSize=320, frameSize=160, readLen=1,000,000)]" classname="com.amazonaws.encryptionsdk.CryptoOutputStreamTest$ParameterizedEncryptDecryptTest" time="0"/>
  <testcase name="encryptDecrypt[1015: encryptDecrypt(algorithm=ALG_AES_128_GCM_IV12_TAG16_HKDF_SHA256, byteSize=1,000,000, frameSize=160, readLen=999,999)]" classname="com.amazonaws.encryptionsdk.CryptoOutputStreamTest$ParameterizedEncryptDecryptTest" time="0.014"/>
  <testcase name="encryptDecrypt[1016: encryptDecrypt(algorithm=ALG_AES_128_GCM_IV12_TAG16_HKDF_SHA256, byteSize=1,000,000, frameSize=160, readLen=1,000,000)]" classname="com.amazonaws.encryptionsdk.CryptoOutputStreamTest$ParameterizedEncryptDecryptTest" time="0.015"/>
  <testcase name="encryptDecrypt[1017: encryptDecrypt(algorithm=ALG_AES_128_GCM_IV12_TAG16_HKDF_SHA256, byteSize=1,000,000, frameSize=160, readLen=1,000,001)]" classname="com.amazonaws.encryptionsdk.CryptoOutputStreamTest$ParameterizedEncryptDecryptTest" time="0.014"/>
  <testcase name="encryptDecrypt[1018: encryptDecrypt(algorithm=ALG_AES_128_GCM_IV12_TAG16_HKDF_SHA256, byteSize=1,000,000, frameSize=160, readLen=2,000,000)]" classname="com.amazonaws.encryptionsdk.CryptoOutputStreamTest$ParameterizedEncryptDecryptTest" time="0.014"/>
  <testcase name="encryptDecrypt[1019: encryptDecrypt(algorithm=ALG_AES_128_GCM_IV12_TAG16_HKDF_SHA256, byteSize=1,000,000, frameSize=160, readLen=1,000,000)]" classname="com.amazonaws.encryptionsdk.CryptoOutputStreamTest$ParameterizedEncryptDecryptTest" time="0.014"/>
  <testcase name="encryptDecrypt[1020: encryptDecrypt(algorithm=ALG_AES_128_GCM_IV12_TAG16_HKDF_SHA256, byteSize=0, frameSize=161, readLen=1)]" classname="com.amazonaws.encryptionsdk.CryptoOutputStreamTest$ParameterizedEncryptDecryptTest" time="0.001"/>
  <testcase name="encryptDecrypt[1021: encryptDecrypt(algorithm=ALG_AES_128_GCM_IV12_TAG16_HKDF_SHA256, byteSize=0, frameSize=161, readLen=1,000,000)]" classname="com.amazonaws.encryptionsdk.CryptoOutputStreamTest$ParameterizedEncryptDecryptTest" time="0"/>
  <testcase name="encryptDecrypt[1022: encryptDecrypt(algorithm=ALG_AES_128_GCM_IV12_TAG16_HKDF_SHA256, byteSize=1, frameSize=161, readLen=1)]" classname="com.amazonaws.encryptionsdk.CryptoOutputStreamTest$ParameterizedEncryptDecryptTest" time="0.001"/>
  <testcase name="encryptDecrypt[1023: encryptDecrypt(algorithm=ALG_AES_128_GCM_IV12_TAG16_HKDF_SHA256, byteSize=1, frameSize=161, readLen=2)]" classname="com.amazonaws.encryptionsdk.CryptoOutputStreamTest$ParameterizedEncryptDecryptTest" time="0"/>
  <testcase name="encryptDecrypt[1024: encryptDecrypt(algorithm=ALG_AES_128_GCM_IV12_TAG16_HKDF_SHA256, byteSize=1, frameSize=161, readLen=2)]" classname="com.amazonaws.encryptionsdk.CryptoOutputStreamTest$ParameterizedEncryptDecryptTest" time="0"/>
  <testcase name="encryptDecrypt[1025: encryptDecrypt(algorithm=ALG_AES_128_GCM_IV12_TAG16_HKDF_SHA256, byteSize=1, frameSize=161, readLen=1,000,000)]" classname="com.amazonaws.encryptionsdk.CryptoOutputStreamTest$ParameterizedEncryptDecryptTest" time="0"/>
  <testcase name="encryptDecrypt[1026: encryptDecrypt(algorithm=ALG_AES_128_GCM_IV12_TAG16_HKDF_SHA256, byteSize=160, frameSize=161, readLen=159)]" classname="com.amazonaws.encryptionsdk.CryptoOutputStreamTest$ParameterizedEncryptDecryptTest" time="0"/>
  <testcase name="encryptDecrypt[1027: encryptDecrypt(algorithm=ALG_AES_128_GCM_IV12_TAG16_HKDF_SHA256, byteSize=160, frameSize=161, readLen=160)]" classname="com.amazonaws.encryptionsdk.CryptoOutputStreamTest$ParameterizedEncryptDecryptTest" time="0"/>
  <testcase name="encryptDecrypt[1028: encryptDecrypt(algorithm=ALG_AES_128_GCM_IV12_TAG16_HKDF_SHA256, byteSize=160, frameSize=161, readLen=161)]" classname="com.amazonaws.encryptionsdk.CryptoOutputStreamTest$ParameterizedEncryptDecryptTest" time="0"/>
  <testcase name="encryptDecrypt[1029: encryptDecrypt(algorithm=ALG_AES_128_GCM_IV12_TAG16_HKDF_SHA256, byteSize=160, frameSize=161, readLen=320)]" classname="com.amazonaws.encryptionsdk.CryptoOutputStreamTest$ParameterizedEncryptDecryptTest" time="0.001"/>
  <testcase name="encryptDecrypt[1030: encryptDecrypt(algorithm=ALG_AES_128_GCM_IV12_TAG16_HKDF_SHA256, byteSize=160, frameSize=161, readLen=1,000,000)]" classname="com.amazonaws.encryptionsdk.CryptoOutputStreamTest$ParameterizedEncryptDecryptTest" time="0"/>
  <testcase name="encryptDecrypt[1031: encryptDecrypt(algorithm=ALG_AES_128_GCM_IV12_TAG16_HKDF_SHA256, byteSize=161, frameSize=161, readLen=160)]" classname="com.amazonaws.encryptionsdk.CryptoOutputStreamTest$ParameterizedEncryptDecryptTest" time="0"/>
  <testcase name="encryptDecrypt[1032: encryptDecrypt(algorithm=ALG_AES_128_GCM_IV12_TAG16_HKDF_SHA256, byteSize=161, frameSize=161, readLen=161)]" classname="com.amazonaws.encryptionsdk.CryptoOutputStreamTest$ParameterizedEncryptDecryptTest" time="0"/>
  <testcase name="encryptDecrypt[1033: encryptDecrypt(algorithm=ALG_AES_128_GCM_IV12_TAG16_HKDF_SHA256, byteSize=161, frameSize=161, readLen=162)]" classname="com.amazonaws.encryptionsdk.CryptoOutputStreamTest$ParameterizedEncryptDecryptTest" time="0"/>
  <testcase name="encryptDecrypt[1034: encryptDecrypt(algorithm=ALG_AES_128_GCM_IV12_TAG16_HKDF_SHA256, byteSize=161, frameSize=161, readLen=322)]" classname="com.amazonaws.encryptionsdk.CryptoOutputStreamTest$ParameterizedEncryptDecryptTest" time="0"/>
  <testcase name="encryptDecrypt[1035: encryptDecrypt(algorithm=ALG_AES_128_GCM_IV12_TAG16_HKDF_SHA256, byteSize=161, frameSize=161, readLen=1,000,000)]" classname="com.amazonaws.encryptionsdk.CryptoOutputStreamTest$ParameterizedEncryptDecryptTest" time="0"/>
  <testcase name="encryptDecrypt[1036: encryptDecrypt(algorithm=ALG_AES_128_GCM_IV12_TAG16_HKDF_SHA256, byteSize=162, frameSize=161, readLen=161)]" classname="com.amazonaws.encryptionsdk.CryptoOutputStreamTest$ParameterizedEncryptDecryptTest" time="0"/>
  <testcase name="encryptDecrypt[1037: encryptDecrypt(algorithm=ALG_AES_128_GCM_IV12_TAG16_HKDF_SHA256, byteSize=162, frameSize=161, readLen=162)]" classname="com.amazonaws.encryptionsdk.CryptoOutputStreamTest$ParameterizedEncryptDecryptTest" time="0"/>
  <testcase name="encryptDecrypt[1038: encryptDecrypt(algorithm=ALG_AES_128_GCM_IV12_TAG16_HKDF_SHA256, byteSize=162, frameSize=161, readLen=163)]" classname="com.amazonaws.encryptionsdk.CryptoOutputStreamTest$ParameterizedEncryptDecryptTest" time="0"/>
  <testcase name="encryptDecrypt[1039: encryptDecrypt(algorithm=ALG_AES_128_GCM_IV12_TAG16_HKDF_SHA256, byteSize=162, frameSize=161, readLen=324)]" classname="com.amazonaws.encryptionsdk.CryptoOutputStreamTest$ParameterizedEncryptDecryptTest" time="0.001"/>
  <testcase name="encryptDecrypt[1040: encryptDecrypt(algorithm=ALG_AES_128_GCM_IV12_TAG16_HKDF_SHA256, byteSize=162, frameSize=161, readLen=1,000,000)]" classname="com.amazonaws.encryptionsdk.CryptoOutputStreamTest$ParameterizedEncryptDecryptTest" time="0"/>
  <testcase name="encryptDecrypt[1041: encryptDecrypt(algorithm=ALG_AES_128_GCM_IV12_TAG16_HKDF_SHA256, byteSize=241, frameSize=161, readLen=240)]" classname="com.amazonaws.encryptionsdk.CryptoOutputStreamTest$ParameterizedEncryptDecryptTest" time="0"/>
  <testcase name="encryptDecrypt[1042: encryptDecrypt(algorithm=ALG_AES_128_GCM_IV12_TAG16_HKDF_SHA256, byteSize=241, frameSize=161, readLen=241)]" classname="com.amazonaws.encryptionsdk.CryptoOutputStreamTest$ParameterizedEncryptDecryptTest" time="0"/>
  <testcase name="encryptDecrypt[1043: encryptDecrypt(algorithm=ALG_AES_128_GCM_IV12_TAG16_HKDF_SHA256, byteSize=241, frameSize=161, readLen=242)]" classname="com.amazonaws.encryptionsdk.CryptoOutputStreamTest$ParameterizedEncryptDecryptTest" time="0"/>
  <testcase name="encryptDecrypt[1044: encryptDecrypt(algorithm=ALG_AES_128_GCM_IV12_TAG16_HKDF_SHA256, byteSize=241, frameSize=161, readLen=482)]" classname="com.amazonaws.encryptionsdk.CryptoOutputStreamTest$ParameterizedEncryptDecryptTest" time="0"/>
  <testcase name="encryptDecrypt[1045: encryptDecrypt(algorithm=ALG_AES_128_GCM_IV12_TAG16_HKDF_SHA256, byteSize=241, frameSize=161, readLen=1,000,000)]" classname="com.amazonaws.encryptionsdk.CryptoOutputStreamTest$ParameterizedEncryptDecryptTest" time="0"/>
  <testcase name="encryptDecrypt[1046: encryptDecrypt(algorithm=ALG_AES_128_GCM_IV12_TAG16_HKDF_SHA256, byteSize=322, frameSize=161, readLen=321)]" classname="com.amazonaws.encryptionsdk.CryptoOutputStreamTest$ParameterizedEncryptDecryptTest" time="0"/>
  <testcase name="encryptDecrypt[1047: encryptDecrypt(algorithm=ALG_AES_128_GCM_IV12_TAG16_HKDF_SHA256, byteSize=322, frameSize=161, readLen=322)]" classname="com.amazonaws.encryptionsdk.CryptoOutputStreamTest$ParameterizedEncryptDecryptTest" time="0"/>
  <testcase name="encryptDecrypt[1048: encryptDecrypt(algorithm=ALG_AES_128_GCM_IV12_TAG16_HKDF_SHA256, byteSize=322, frameSize=161, readLen=323)]" classname="com.amazonaws.encryptionsdk.CryptoOutputStreamTest$ParameterizedEncryptDecryptTest" time="0"/>
  <testcase name="encryptDecrypt[1049: encryptDecrypt(algorithm=ALG_AES_128_GCM_IV12_TAG16_HKDF_SHA256, byteSize=322, frameSize=161, readLen=644)]" classname="com.amazonaws.encryptionsdk.CryptoOutputStreamTest$ParameterizedEncryptDecryptTest" time="0.001"/>
  <testcase name="encryptDecrypt[1050: encryptDecrypt(algorithm=ALG_AES_128_GCM_IV12_TAG16_HKDF_SHA256, byteSize=322, frameSize=161, readLen=1,000,000)]" classname="com.amazonaws.encryptionsdk.CryptoOutputStreamTest$ParameterizedEncryptDecryptTest" time="0"/>
  <testcase name="encryptDecrypt[1051: encryptDecrypt(algorithm=ALG_AES_128_GCM_IV12_TAG16_HKDF_SHA256, byteSize=1,000,000, frameSize=161, readLen=999,999)]" classname="com.amazonaws.encryptionsdk.CryptoOutputStreamTest$ParameterizedEncryptDecryptTest" time="0.015"/>
  <testcase name="encryptDecrypt[1052: encryptDecrypt(algorithm=ALG_AES_128_GCM_IV12_TAG16_HKDF_SHA256, byteSize=1,000,000, frameSize=161, readLen=1,000,000)]" classname="com.amazonaws.encryptionsdk.CryptoOutputStreamTest$ParameterizedEncryptDecryptTest" time="0.015"/>
  <testcase name="encryptDecrypt[1053: encryptDecrypt(algorithm=ALG_AES_128_GCM_IV12_TAG16_HKDF_SHA256, byteSize=1,000,000, frameSize=161, readLen=1,000,001)]" classname="com.amazonaws.encryptionsdk.CryptoOutputStreamTest$ParameterizedEncryptDecryptTest" time="0.015"/>
  <testcase name="encryptDecrypt[1054: encryptDecrypt(algorithm=ALG_AES_128_GCM_IV12_TAG16_HKDF_SHA256, byteSize=1,000,000, frameSize=161, readLen=2,000,000)]" classname="com.amazonaws.encryptionsdk.CryptoOutputStreamTest$ParameterizedEncryptDecryptTest" time="0.014"/>
  <testcase name="encryptDecrypt[1055: encryptDecrypt(algorithm=ALG_AES_128_GCM_IV12_TAG16_HKDF_SHA256, byteSize=1,000,000, frameSize=161, readLen=1,000,000)]" classname="com.amazonaws.encryptionsdk.CryptoOutputStreamTest$ParameterizedEncryptDecryptTest" time="0.014"/>
  <testcase name="encryptDecrypt[1056: encryptDecrypt(algorithm=ALG_AES_128_GCM_IV12_TAG16_HKDF_SHA256, byteSize=0, frameSize=4,096, readLen=1)]" classname="com.amazonaws.encryptionsdk.CryptoOutputStreamTest$ParameterizedEncryptDecryptTest" time="0.001"/>
  <testcase name="encryptDecrypt[1057: encryptDecrypt(algorithm=ALG_AES_128_GCM_IV12_TAG16_HKDF_SHA256, byteSize=0, frameSize=4,096, readLen=1,000,000)]" classname="com.amazonaws.encryptionsdk.CryptoOutputStreamTest$ParameterizedEncryptDecryptTest" time="0"/>
  <testcase name="encryptDecrypt[1058: encryptDecrypt(algorithm=ALG_AES_128_GCM_IV12_TAG16_HKDF_SHA256, byteSize=1, frameSize=4,096, readLen=1)]" classname="com.amazonaws.encryptionsdk.CryptoOutputStreamTest$ParameterizedEncryptDecryptTest" time="0.001"/>
  <testcase name="encryptDecrypt[1059: encryptDecrypt(algorithm=ALG_AES_128_GCM_IV12_TAG16_HKDF_SHA256, byteSize=1, frameSize=4,096, readLen=2)]" classname="com.amazonaws.encryptionsdk.CryptoOutputStreamTest$ParameterizedEncryptDecryptTest" time="0"/>
  <testcase name="encryptDecrypt[1060: encryptDecrypt(algorithm=ALG_AES_128_GCM_IV12_TAG16_HKDF_SHA256, byteSize=1, frameSize=4,096, readLen=2)]" classname="com.amazonaws.encryptionsdk.CryptoOutputStreamTest$ParameterizedEncryptDecryptTest" time="0.001"/>
  <testcase name="encryptDecrypt[1061: encryptDecrypt(algorithm=ALG_AES_128_GCM_IV12_TAG16_HKDF_SHA256, byteSize=1, frameSize=4,096, readLen=1,000,000)]" classname="com.amazonaws.encryptionsdk.CryptoOutputStreamTest$ParameterizedEncryptDecryptTest" time="0"/>
  <testcase name="encryptDecrypt[1062: encryptDecrypt(algorithm=ALG_AES_128_GCM_IV12_TAG16_HKDF_SHA256, byteSize=4,095, frameSize=4,096, readLen=4,094)]" classname="com.amazonaws.encryptionsdk.CryptoOutputStreamTest$ParameterizedEncryptDecryptTest" time="0"/>
  <testcase name="encryptDecrypt[1063: encryptDecrypt(algorithm=ALG_AES_128_GCM_IV12_TAG16_HKDF_SHA256, byteSize=4,095, frameSize=4,096, readLen=4,095)]" classname="com.amazonaws.encryptionsdk.CryptoOutputStreamTest$ParameterizedEncryptDecryptTest" time="0"/>
  <testcase name="encryptDecrypt[1064: encryptDecrypt(algorithm=ALG_AES_128_GCM_IV12_TAG16_HKDF_SHA256, byteSize=4,095, frameSize=4,096, readLen=4,096)]" classname="com.amazonaws.encryptionsdk.CryptoOutputStreamTest$ParameterizedEncryptDecryptTest" time="0"/>
  <testcase name="encryptDecrypt[1065: encryptDecrypt(algorithm=ALG_AES_128_GCM_IV12_TAG16_HKDF_SHA256, byteSize=4,095, frameSize=4,096, readLen=8,190)]" classname="com.amazonaws.encryptionsdk.CryptoOutputStreamTest$ParameterizedEncryptDecryptTest" time="0"/>
  <testcase name="encryptDecrypt[1066: encryptDecrypt(algorithm=ALG_AES_128_GCM_IV12_TAG16_HKDF_SHA256, byteSize=4,095, frameSize=4,096, readLen=1,000,000)]" classname="com.amazonaws.encryptionsdk.CryptoOutputStreamTest$ParameterizedEncryptDecryptTest" time="0.001"/>
  <testcase name="encryptDecrypt[1067: encryptDecrypt(algorithm=ALG_AES_128_GCM_IV12_TAG16_HKDF_SHA256, byteSize=4,096, frameSize=4,096, readLen=4,095)]" classname="com.amazonaws.encryptionsdk.CryptoOutputStreamTest$ParameterizedEncryptDecryptTest" time="0"/>
  <testcase name="encryptDecrypt[1068: encryptDecrypt(algorithm=ALG_AES_128_GCM_IV12_TAG16_HKDF_SHA256, byteSize=4,096, frameSize=4,096, readLen=4,096)]" classname="com.amazonaws.encryptionsdk.CryptoOutputStreamTest$ParameterizedEncryptDecryptTest" time="0"/>
  <testcase name="encryptDecrypt[1069: encryptDecrypt(algorithm=ALG_AES_128_GCM_IV12_TAG16_HKDF_SHA256, byteSize=4,096, frameSize=4,096, readLen=4,097)]" classname="com.amazonaws.encryptionsdk.CryptoOutputStreamTest$ParameterizedEncryptDecryptTest" time="0"/>
  <testcase name="encryptDecrypt[1070: encryptDecrypt(algorithm=ALG_AES_128_GCM_IV12_TAG16_HKDF_SHA256, byteSize=4,096, frameSize=4,096, readLen=8,192)]" classname="com.amazonaws.encryptionsdk.CryptoOutputStreamTest$ParameterizedEncryptDecryptTest" time="0"/>
  <testcase name="encryptDecrypt[1071: encryptDecrypt(algorithm=ALG_AES_128_GCM_IV12_TAG16_HKDF_SHA256, byteSize=4,096, frameSize=4,096, readLen=1,000,000)]" classname="com.amazonaws.encryptionsdk.CryptoOutputStreamTest$ParameterizedEncryptDecryptTest" time="0"/>
  <testcase name="encryptDecrypt[1072: encryptDecrypt(algorithm=ALG_AES_128_GCM_IV12_TAG16_HKDF_SHA256, byteSize=4,097, frameSize=4,096, readLen=4,096)]" classname="com.amazonaws.encryptionsdk.CryptoOutputStreamTest$ParameterizedEncryptDecryptTest" time="0"/>
  <testcase name="encryptDecrypt[1073: encryptDecrypt(algorithm=ALG_AES_128_GCM_IV12_TAG16_HKDF_SHA256, byteSize=4,097, frameSize=4,096, readLen=4,097)]" classname="com.amazonaws.encryptionsdk.CryptoOutputStreamTest$ParameterizedEncryptDecryptTest" time="0"/>
  <testcase name="encryptDecrypt[1074: encryptDecrypt(algorithm=ALG_AES_128_GCM_IV12_TAG16_HKDF_SHA256, byteSize=4,097, frameSize=4,096, readLen=4,098)]" classname="com.amazonaws.encryptionsdk.CryptoOutputStreamTest$ParameterizedEncryptDecryptTest" time="0"/>
  <testcase name="encryptDecrypt[1075: encryptDecrypt(algorithm=ALG_AES_128_GCM_IV12_TAG16_HKDF_SHA256, byteSize=4,097, frameSize=4,096, readLen=8,194)]" classname="com.amazonaws.encryptionsdk.CryptoOutputStreamTest$ParameterizedEncryptDecryptTest" time="0"/>
  <testcase name="encryptDecrypt[1076: encryptDecrypt(algorithm=ALG_AES_128_GCM_IV12_TAG16_HKDF_SHA256, byteSize=4,097, frameSize=4,096, readLen=1,000,000)]" classname="com.amazonaws.encryptionsdk.CryptoOutputStreamTest$ParameterizedEncryptDecryptTest" time="0"/>
  <testcase name="encryptDecrypt[1077: encryptDecrypt(algorithm=ALG_AES_128_GCM_IV12_TAG16_HKDF_SHA256, byteSize=6,144, frameSize=4,096, readLen=6,143)]" classname="com.amazonaws.encryptionsdk.CryptoOutputStreamTest$ParameterizedEncryptDecryptTest" time="0"/>
  <testcase name="encryptDecrypt[1078: encryptDecrypt(algorithm=ALG_AES_128_GCM_IV12_TAG16_HKDF_SHA256, byteSize=6,144, frameSize=4,096, readLen=6,144)]" classname="com.amazonaws.encryptionsdk.CryptoOutputStreamTest$ParameterizedEncryptDecryptTest" time="0"/>
  <testcase name="encryptDecrypt[1079: encryptDecrypt(algorithm=ALG_AES_128_GCM_IV12_TAG16_HKDF_SHA256, byteSize=6,144, frameSize=4,096, readLen=6,145)]" classname="com.amazonaws.encryptionsdk.CryptoOutputStreamTest$ParameterizedEncryptDecryptTest" time="0"/>
  <testcase name="encryptDecrypt[1080: encryptDecrypt(algorithm=ALG_AES_128_GCM_IV12_TAG16_HKDF_SHA256, byteSize=6,144, frameSize=4,096, readLen=12,288)]" classname="com.amazonaws.encryptionsdk.CryptoOutputStreamTest$ParameterizedEncryptDecryptTest" time="0"/>
  <testcase name="encryptDecrypt[1081: encryptDecrypt(algorithm=ALG_AES_128_GCM_IV12_TAG16_HKDF_SHA256, byteSize=6,144, frameSize=4,096, readLen=1,000,000)]" classname="com.amazonaws.encryptionsdk.CryptoOutputStreamTest$ParameterizedEncryptDecryptTest" time="0.001"/>
  <testcase name="encryptDecrypt[1082: encryptDecrypt(algorithm=ALG_AES_128_GCM_IV12_TAG16_HKDF_SHA256, byteSize=8,192, frameSize=4,096, readLen=8,191)]" classname="com.amazonaws.encryptionsdk.CryptoOutputStreamTest$ParameterizedEncryptDecryptTest" time="0"/>
  <testcase name="encryptDecrypt[1083: encryptDecrypt(algorithm=ALG_AES_128_GCM_IV12_TAG16_HKDF_SHA256, byteSize=8,192, frameSize=4,096, readLen=8,192)]" classname="com.amazonaws.encryptionsdk.CryptoOutputStreamTest$ParameterizedEncryptDecryptTest" time="0"/>
  <testcase name="encryptDecrypt[1084: encryptDecrypt(algorithm=ALG_AES_128_GCM_IV12_TAG16_HKDF_SHA256, byteSize=8,192, frameSize=4,096, readLen=8,193)]" classname="com.amazonaws.encryptionsdk.CryptoOutputStreamTest$ParameterizedEncryptDecryptTest" time="0"/>
  <testcase name="encryptDecrypt[1085: encryptDecrypt(algorithm=ALG_AES_128_GCM_IV12_TAG16_HKDF_SHA256, byteSize=8,192, frameSize=4,096, readLen=16,384)]" classname="com.amazonaws.encryptionsdk.CryptoOutputStreamTest$ParameterizedEncryptDecryptTest" time="0"/>
  <testcase name="encryptDecrypt[1086: encryptDecrypt(algorithm=ALG_AES_128_GCM_IV12_TAG16_HKDF_SHA256, byteSize=8,192, frameSize=4,096, readLen=1,000,000)]" classname="com.amazonaws.encryptionsdk.CryptoOutputStreamTest$ParameterizedEncryptDecryptTest" time="0"/>
  <testcase name="encryptDecrypt[1087: encryptDecrypt(algorithm=ALG_AES_128_GCM_IV12_TAG16_HKDF_SHA256, byteSize=1,000,000, frameSize=4,096, readLen=999,999)]" classname="com.amazonaws.encryptionsdk.CryptoOutputStreamTest$ParameterizedEncryptDecryptTest" time="0.009"/>
  <testcase name="encryptDecrypt[1088: encryptDecrypt(algorithm=ALG_AES_128_GCM_IV12_TAG16_HKDF_SHA256, byteSize=1,000,000, frameSize=4,096, readLen=1,000,000)]" classname="com.amazonaws.encryptionsdk.CryptoOutputStreamTest$ParameterizedEncryptDecryptTest" time="0.009"/>
  <testcase name="encryptDecrypt[1089: encryptDecrypt(algorithm=ALG_AES_128_GCM_IV12_TAG16_HKDF_SHA256, byteSize=1,000,000, frameSize=4,096, readLen=1,000,001)]" classname="com.amazonaws.encryptionsdk.CryptoOutputStreamTest$ParameterizedEncryptDecryptTest" time="0.008"/>
  <testcase name="encryptDecrypt[1090: encryptDecrypt(algorithm=ALG_AES_128_GCM_IV12_TAG16_HKDF_SHA256, byteSize=1,000,000, frameSize=4,096, readLen=2,000,000)]" classname="com.amazonaws.encryptionsdk.CryptoOutputStreamTest$ParameterizedEncryptDecryptTest" time="0.009"/>
  <testcase name="encryptDecrypt[1091: encryptDecrypt(algorithm=ALG_AES_128_GCM_IV12_TAG16_HKDF_SHA256, byteSize=1,000,000, frameSize=4,096, readLen=1,000,000)]" classname="com.amazonaws.encryptionsdk.CryptoOutputStreamTest$ParameterizedEncryptDecryptTest" time="0.008"/>
  <testcase name="encryptDecrypt[1092: encryptDecrypt(algorithm=ALG_AES_192_GCM_IV12_TAG16_HKDF_SHA256, byteSize=0, frameSize=0, readLen=1)]" classname="com.amazonaws.encryptionsdk.CryptoOutputStreamTest$ParameterizedEncryptDecryptTest" time="0.001"/>
  <testcase name="encryptDecrypt[1093: encryptDecrypt(algorithm=ALG_AES_192_GCM_IV12_TAG16_HKDF_SHA256, byteSize=0, frameSize=0, readLen=1,000,000)]" classname="com.amazonaws.encryptionsdk.CryptoOutputStreamTest$ParameterizedEncryptDecryptTest" time="0"/>
  <testcase name="encryptDecrypt[1094: encryptDecrypt(algorithm=ALG_AES_192_GCM_IV12_TAG16_HKDF_SHA256, byteSize=1, frameSize=0, readLen=1)]" classname="com.amazonaws.encryptionsdk.CryptoOutputStreamTest$ParameterizedEncryptDecryptTest" time="0.001"/>
  <testcase name="encryptDecrypt[1095: encryptDecrypt(algorithm=ALG_AES_192_GCM_IV12_TAG16_HKDF_SHA256, byteSize=1, frameSize=0, readLen=2)]" classname="com.amazonaws.encryptionsdk.CryptoOutputStreamTest$ParameterizedEncryptDecryptTest" time="0"/>
  <testcase name="encryptDecrypt[1096: encryptDecrypt(algorithm=ALG_AES_192_GCM_IV12_TAG16_HKDF_SHA256, byteSize=1, frameSize=0, readLen=2)]" classname="com.amazonaws.encryptionsdk.CryptoOutputStreamTest$ParameterizedEncryptDecryptTest" time="0.001"/>
  <testcase name="encryptDecrypt[1097: encryptDecrypt(algorithm=ALG_AES_192_GCM_IV12_TAG16_HKDF_SHA256, byteSize=1, frameSize=0, readLen=1,000,000)]" classname="com.amazonaws.encryptionsdk.CryptoOutputStreamTest$ParameterizedEncryptDecryptTest" time="0"/>
  <testcase name="encryptDecrypt[1098: encryptDecrypt(algorithm=ALG_AES_192_GCM_IV12_TAG16_HKDF_SHA256, byteSize=0, frameSize=0, readLen=1)]" classname="com.amazonaws.encryptionsdk.CryptoOutputStreamTest$ParameterizedEncryptDecryptTest" time="0.001"/>
  <testcase name="encryptDecrypt[1099: encryptDecrypt(algorithm=ALG_AES_192_GCM_IV12_TAG16_HKDF_SHA256, byteSize=0, frameSize=0, readLen=1,000,000)]" classname="com.amazonaws.encryptionsdk.CryptoOutputStreamTest$ParameterizedEncryptDecryptTest" time="0"/>
  <testcase name="encryptDecrypt[1100: encryptDecrypt(algorithm=ALG_AES_192_GCM_IV12_TAG16_HKDF_SHA256, byteSize=1, frameSize=0, readLen=1)]" classname="com.amazonaws.encryptionsdk.CryptoOutputStreamTest$ParameterizedEncryptDecryptTest" time="0.001"/>
  <testcase name="encryptDecrypt[1101: encryptDecrypt(algorithm=ALG_AES_192_GCM_IV12_TAG16_HKDF_SHA256, byteSize=1, frameSize=0, readLen=2)]" classname="com.amazonaws.encryptionsdk.CryptoOutputStreamTest$ParameterizedEncryptDecryptTest" time="0.001"/>
  <testcase name="encryptDecrypt[1102: encryptDecrypt(algorithm=ALG_AES_192_GCM_IV12_TAG16_HKDF_SHA256, byteSize=1, frameSize=0, readLen=2)]" classname="com.amazonaws.encryptionsdk.CryptoOutputStreamTest$ParameterizedEncryptDecryptTest" time="0"/>
  <testcase name="encryptDecrypt[1103: encryptDecrypt(algorithm=ALG_AES_192_GCM_IV12_TAG16_HKDF_SHA256, byteSize=1, frameSize=0, readLen=1,000,000)]" classname="com.amazonaws.encryptionsdk.CryptoOutputStreamTest$ParameterizedEncryptDecryptTest" time="0"/>
  <testcase name="encryptDecrypt[1104: encryptDecrypt(algorithm=ALG_AES_192_GCM_IV12_TAG16_HKDF_SHA256, byteSize=0, frameSize=0, readLen=1)]" classname="com.amazonaws.encryptionsdk.CryptoOutputStreamTest$ParameterizedEncryptDecryptTest" time="0.001"/>
  <testcase name="encryptDecrypt[1105: encryptDecrypt(algorithm=ALG_AES_192_GCM_IV12_TAG16_HKDF_SHA256, byteSize=0, frameSize=0, readLen=1,000,000)]" classname="com.amazonaws.encryptionsdk.CryptoOutputStreamTest$ParameterizedEncryptDecryptTest" time="0"/>
  <testcase name="encryptDecrypt[1106: encryptDecrypt(algorithm=ALG_AES_192_GCM_IV12_TAG16_HKDF_SHA256, byteSize=0, frameSize=0, readLen=1)]" classname="com.amazonaws.encryptionsdk.CryptoOutputStreamTest$ParameterizedEncryptDecryptTest" time="0.001"/>
  <testcase name="encryptDecrypt[1107: encryptDecrypt(algorithm=ALG_AES_192_GCM_IV12_TAG16_HKDF_SHA256, byteSize=0, frameSize=0, readLen=1,000,000)]" classname="com.amazonaws.encryptionsdk.CryptoOutputStreamTest$ParameterizedEncryptDecryptTest" time="0.001"/>
  <testcase name="encryptDecrypt[1108: encryptDecrypt(algorithm=ALG_AES_192_GCM_IV12_TAG16_HKDF_SHA256, byteSize=1,000,000, frameSize=0, readLen=999,999)]" classname="com.amazonaws.encryptionsdk.CryptoOutputStreamTest$ParameterizedEncryptDecryptTest" time="0.008"/>
  <testcase name="encryptDecrypt[1109: encryptDecrypt(algorithm=ALG_AES_192_GCM_IV12_TAG16_HKDF_SHA256, byteSize=1,000,000, frameSize=0, readLen=1,000,000)]" classname="com.amazonaws.encryptionsdk.CryptoOutputStreamTest$ParameterizedEncryptDecryptTest" time="0.008"/>
  <testcase name="encryptDecrypt[1110: encryptDecrypt(algorithm=ALG_AES_192_GCM_IV12_TAG16_HKDF_SHA256, byteSize=1,000,000, frameSize=0, readLen=1,000,001)]" classname="com.amazonaws.encryptionsdk.CryptoOutputStreamTest$ParameterizedEncryptDecryptTest" time="0.009"/>
  <testcase name="encryptDecrypt[1111: encryptDecrypt(algorithm=ALG_AES_192_GCM_IV12_TAG16_HKDF_SHA256, byteSize=1,000,000, frameSize=0, readLen=2,000,000)]" classname="com.amazonaws.encryptionsdk.CryptoOutputStreamTest$ParameterizedEncryptDecryptTest" time="0.008"/>
  <testcase name="encryptDecrypt[1112: encryptDecrypt(algorithm=ALG_AES_192_GCM_IV12_TAG16_HKDF_SHA256, byteSize=1,000,000, frameSize=0, readLen=1,000,000)]" classname="com.amazonaws.encryptionsdk.CryptoOutputStreamTest$ParameterizedEncryptDecryptTest" time="0.009"/>
  <testcase name="encryptDecrypt[1113: encryptDecrypt(algorithm=ALG_AES_192_GCM_IV12_TAG16_HKDF_SHA256, byteSize=0, frameSize=15, readLen=1)]" classname="com.amazonaws.encryptionsdk.CryptoOutputStreamTest$ParameterizedEncryptDecryptTest" time="0.001"/>
  <testcase name="encryptDecrypt[1114: encryptDecrypt(algorithm=ALG_AES_192_GCM_IV12_TAG16_HKDF_SHA256, byteSize=0, frameSize=15, readLen=1,000,000)]" classname="com.amazonaws.encryptionsdk.CryptoOutputStreamTest$ParameterizedEncryptDecryptTest" time="0"/>
  <testcase name="encryptDecrypt[1115: encryptDecrypt(algorithm=ALG_AES_192_GCM_IV12_TAG16_HKDF_SHA256, byteSize=1, frameSize=15, readLen=1)]" classname="com.amazonaws.encryptionsdk.CryptoOutputStreamTest$ParameterizedEncryptDecryptTest" time="0.001"/>
  <testcase name="encryptDecrypt[1116: encryptDecrypt(algorithm=ALG_AES_192_GCM_IV12_TAG16_HKDF_SHA256, byteSize=1, frameSize=15, readLen=2)]" classname="com.amazonaws.encryptionsdk.CryptoOutputStreamTest$ParameterizedEncryptDecryptTest" time="0"/>
  <testcase name="encryptDecrypt[1117: encryptDecrypt(algorithm=ALG_AES_192_GCM_IV12_TAG16_HKDF_SHA256, byteSize=1, frameSize=15, readLen=2)]" classname="com.amazonaws.encryptionsdk.CryptoOutputStreamTest$ParameterizedEncryptDecryptTest" time="0.001"/>
  <testcase name="encryptDecrypt[1118: encryptDecrypt(algorithm=ALG_AES_192_GCM_IV12_TAG16_HKDF_SHA256, byteSize=1, frameSize=15, readLen=1,000,000)]" classname="com.amazonaws.encryptionsdk.CryptoOutputStreamTest$ParameterizedEncryptDecryptTest" time="0"/>
  <testcase name="encryptDecrypt[1119: encryptDecrypt(algorithm=ALG_AES_192_GCM_IV12_TAG16_HKDF_SHA256, byteSize=14, frameSize=15, readLen=13)]" classname="com.amazonaws.encryptionsdk.CryptoOutputStreamTest$ParameterizedEncryptDecryptTest" time="0"/>
  <testcase name="encryptDecrypt[1120: encryptDecrypt(algorithm=ALG_AES_192_GCM_IV12_TAG16_HKDF_SHA256, byteSize=14, frameSize=15, readLen=14)]" classname="com.amazonaws.encryptionsdk.CryptoOutputStreamTest$ParameterizedEncryptDecryptTest" time="0"/>
  <testcase name="encryptDecrypt[1121: encryptDecrypt(algorithm=ALG_AES_192_GCM_IV12_TAG16_HKDF_SHA256, byteSize=14, frameSize=15, readLen=15)]" classname="com.amazonaws.encryptionsdk.CryptoOutputStreamTest$ParameterizedEncryptDecryptTest" time="0.001"/>
  <testcase name="encryptDecrypt[1122: encryptDecrypt(algorithm=ALG_AES_192_GCM_IV12_TAG16_HKDF_SHA256, byteSize=14, frameSize=15, readLen=28)]" classname="com.amazonaws.encryptionsdk.CryptoOutputStreamTest$ParameterizedEncryptDecryptTest" time="0"/>
  <testcase name="encryptDecrypt[1123: encryptDecrypt(algorithm=ALG_AES_192_GCM_IV12_TAG16_HKDF_SHA256, byteSize=14, frameSize=15, readLen=1,000,000)]" classname="com.amazonaws.encryptionsdk.CryptoOutputStreamTest$ParameterizedEncryptDecryptTest" time="0"/>
  <testcase name="encryptDecrypt[1124: encryptDecrypt(algorithm=ALG_AES_192_GCM_IV12_TAG16_HKDF_SHA256, byteSize=15, frameSize=15, readLen=14)]" classname="com.amazonaws.encryptionsdk.CryptoOutputStreamTest$ParameterizedEncryptDecryptTest" time="0"/>
  <testcase name="encryptDecrypt[1125: encryptDecrypt(algorithm=ALG_AES_192_GCM_IV12_TAG16_HKDF_SHA256, byteSize=15, frameSize=15, readLen=15)]" classname="com.amazonaws.encryptionsdk.CryptoOutputStreamTest$ParameterizedEncryptDecryptTest" time="0"/>
  <testcase name="encryptDecrypt[1126: encryptDecrypt(algorithm=ALG_AES_192_GCM_IV12_TAG16_HKDF_SHA256, byteSize=15, frameSize=15, readLen=16)]" classname="com.amazonaws.encryptionsdk.CryptoOutputStreamTest$ParameterizedEncryptDecryptTest" time="0"/>
  <testcase name="encryptDecrypt[1127: encryptDecrypt(algorithm=ALG_AES_192_GCM_IV12_TAG16_HKDF_SHA256, byteSize=15, frameSize=15, readLen=30)]" classname="com.amazonaws.encryptionsdk.CryptoOutputStreamTest$ParameterizedEncryptDecryptTest" time="0"/>
  <testcase name="encryptDecrypt[1128: encryptDecrypt(algorithm=ALG_AES_192_GCM_IV12_TAG16_HKDF_SHA256, byteSize=15, frameSize=15, readLen=1,000,000)]" classname="com.amazonaws.encryptionsdk.CryptoOutputStreamTest$ParameterizedEncryptDecryptTest" time="0.001"/>
  <testcase name="encryptDecrypt[1129: encryptDecrypt(algorithm=ALG_AES_192_GCM_IV12_TAG16_HKDF_SHA256, byteSize=16, frameSize=15, readLen=15)]" classname="com.amazonaws.encryptionsdk.CryptoOutputStreamTest$ParameterizedEncryptDecryptTest" time="0"/>
  <testcase name="encryptDecrypt[1130: encryptDecrypt(algorithm=ALG_AES_192_GCM_IV12_TAG16_HKDF_SHA256, byteSize=16, frameSize=15, readLen=16)]" classname="com.amazonaws.encryptionsdk.CryptoOutputStreamTest$ParameterizedEncryptDecryptTest" time="0"/>
  <testcase name="encryptDecrypt[1131: encryptDecrypt(algorithm=ALG_AES_192_GCM_IV12_TAG16_HKDF_SHA256, byteSize=16, frameSize=15, readLen=17)]" classname="com.amazonaws.encryptionsdk.CryptoOutputStreamTest$ParameterizedEncryptDecryptTest" time="0"/>
  <testcase name="encryptDecrypt[1132: encryptDecrypt(algorithm=ALG_AES_192_GCM_IV12_TAG16_HKDF_SHA256, byteSize=16, frameSize=15, readLen=32)]" classname="com.amazonaws.encryptionsdk.CryptoOutputStreamTest$ParameterizedEncryptDecryptTest" time="0"/>
  <testcase name="encryptDecrypt[1133: encryptDecrypt(algorithm=ALG_AES_192_GCM_IV12_TAG16_HKDF_SHA256, byteSize=16, frameSize=15, readLen=1,000,000)]" classname="com.amazonaws.encryptionsdk.CryptoOutputStreamTest$ParameterizedEncryptDecryptTest" time="0"/>
  <testcase name="encryptDecrypt[1134: encryptDecrypt(algorithm=ALG_AES_192_GCM_IV12_TAG16_HKDF_SHA256, byteSize=22, frameSize=15, readLen=21)]" classname="com.amazonaws.encryptionsdk.CryptoOutputStreamTest$ParameterizedEncryptDecryptTest" time="0"/>
  <testcase name="encryptDecrypt[1135: encryptDecrypt(algorithm=ALG_AES_192_GCM_IV12_TAG16_HKDF_SHA256, byteSize=22, frameSize=15, readLen=22)]" classname="com.amazonaws.encryptionsdk.CryptoOutputStreamTest$ParameterizedEncryptDecryptTest" time="0.001"/>
  <testcase name="encryptDecrypt[1136: encryptDecrypt(algorithm=ALG_AES_192_GCM_IV12_TAG16_HKDF_SHA256, byteSize=22, frameSize=15, readLen=23)]" classname="com.amazonaws.encryptionsdk.CryptoOutputStreamTest$ParameterizedEncryptDecryptTest" time="0"/>
  <testcase name="encryptDecrypt[1137: encryptDecrypt(algorithm=ALG_AES_192_GCM_IV12_TAG16_HKDF_SHA256, byteSize=22, frameSize=15, readLen=44)]" classname="com.amazonaws.encryptionsdk.CryptoOutputStreamTest$ParameterizedEncryptDecryptTest" time="0"/>
  <testcase name="encryptDecrypt[1138: encryptDecrypt(algorithm=ALG_AES_192_GCM_IV12_TAG16_HKDF_SHA256, byteSize=22, frameSize=15, readLen=1,000,000)]" classname="com.amazonaws.encryptionsdk.CryptoOutputStreamTest$ParameterizedEncryptDecryptTest" time="0"/>
  <testcase name="encryptDecrypt[1139: encryptDecrypt(algorithm=ALG_AES_192_GCM_IV12_TAG16_HKDF_SHA256, byteSize=30, frameSize=15, readLen=29)]" classname="com.amazonaws.encryptionsdk.CryptoOutputStreamTest$ParameterizedEncryptDecryptTest" time="0"/>
  <testcase name="encryptDecrypt[1140: encryptDecrypt(algorithm=ALG_AES_192_GCM_IV12_TAG16_HKDF_SHA256, byteSize=30, frameSize=15, readLen=30)]" classname="com.amazonaws.encryptionsdk.CryptoOutputStreamTest$ParameterizedEncryptDecryptTest" time="0"/>
  <testcase name="encryptDecrypt[1141: encryptDecrypt(algorithm=ALG_AES_192_GCM_IV12_TAG16_HKDF_SHA256, byteSize=30, frameSize=15, readLen=31)]" classname="com.amazonaws.encryptionsdk.CryptoOutputStreamTest$ParameterizedEncryptDecryptTest" time="0"/>
  <testcase name="encryptDecrypt[1142: encryptDecrypt(algorithm=ALG_AES_192_GCM_IV12_TAG16_HKDF_SHA256, byteSize=30, frameSize=15, readLen=60)]" classname="com.amazonaws.encryptionsdk.CryptoOutputStreamTest$ParameterizedEncryptDecryptTest" time="0"/>
  <testcase name="encryptDecrypt[1143: encryptDecrypt(algorithm=ALG_AES_192_GCM_IV12_TAG16_HKDF_SHA256, byteSize=30, frameSize=15, readLen=1,000,000)]" classname="com.amazonaws.encryptionsdk.CryptoOutputStreamTest$ParameterizedEncryptDecryptTest" time="0.001"/>
  <testcase name="encryptDecrypt[1144: encryptDecrypt(algorithm=ALG_AES_192_GCM_IV12_TAG16_HKDF_SHA256, byteSize=1,000,000, frameSize=15, readLen=999,999)]" classname="com.amazonaws.encryptionsdk.CryptoOutputStreamTest$ParameterizedEncryptDecryptTest" time="0.08"/>
  <testcase name="encryptDecrypt[1145: encryptDecrypt(algorithm=ALG_AES_192_GCM_IV12_TAG16_HKDF_SHA256, byteSize=1,000,000, frameSize=15, readLen=1,000,000)]" classname="com.amazonaws.encryptionsdk.CryptoOutputStreamTest$ParameterizedEncryptDecryptTest" time="0.077"/>
  <testcase name="encryptDecrypt[1146: encryptDecrypt(algorithm=ALG_AES_192_GCM_IV12_TAG16_HKDF_SHA256, byteSize=1,000,000, frameSize=15, readLen=1,000,001)]" classname="com.amazonaws.encryptionsdk.CryptoOutputStreamTest$ParameterizedEncryptDecryptTest" time="0.078"/>
  <testcase name="encryptDecrypt[1147: encryptDecrypt(algorithm=ALG_AES_192_GCM_IV12_TAG16_HKDF_SHA256, byteSize=1,000,000, frameSize=15, readLen=2,000,000)]" classname="com.amazonaws.encryptionsdk.CryptoOutputStreamTest$ParameterizedEncryptDecryptTest" time="0.076"/>
  <testcase name="encryptDecrypt[1148: encryptDecrypt(algorithm=ALG_AES_192_GCM_IV12_TAG16_HKDF_SHA256, byteSize=1,000,000, frameSize=15, readLen=1,000,000)]" classname="com.amazonaws.encryptionsdk.CryptoOutputStreamTest$ParameterizedEncryptDecryptTest" time="0.076"/>
  <testcase name="encryptDecrypt[1149: encryptDecrypt(algorithm=ALG_AES_192_GCM_IV12_TAG16_HKDF_SHA256, byteSize=0, frameSize=16, readLen=1)]" classname="com.amazonaws.encryptionsdk.CryptoOutputStreamTest$ParameterizedEncryptDecryptTest" time="0.001"/>
  <testcase name="encryptDecrypt[1150: encryptDecrypt(algorithm=ALG_AES_192_GCM_IV12_TAG16_HKDF_SHA256, byteSize=0, frameSize=16, readLen=1,000,000)]" classname="com.amazonaws.encryptionsdk.CryptoOutputStreamTest$ParameterizedEncryptDecryptTest" time="0"/>
  <testcase name="encryptDecrypt[1151: encryptDecrypt(algorithm=ALG_AES_192_GCM_IV12_TAG16_HKDF_SHA256, byteSize=1, frameSize=16, readLen=1)]" classname="com.amazonaws.encryptionsdk.CryptoOutputStreamTest$ParameterizedEncryptDecryptTest" time="0.001"/>
  <testcase name="encryptDecrypt[1152: encryptDecrypt(algorithm=ALG_AES_192_GCM_IV12_TAG16_HKDF_SHA256, byteSize=1, frameSize=16, readLen=2)]" classname="com.amazonaws.encryptionsdk.CryptoOutputStreamTest$ParameterizedEncryptDecryptTest" time="0.001"/>
  <testcase name="encryptDecrypt[1153: encryptDecrypt(algorithm=ALG_AES_192_GCM_IV12_TAG16_HKDF_SHA256, byteSize=1, frameSize=16, readLen=2)]" classname="com.amazonaws.encryptionsdk.CryptoOutputStreamTest$ParameterizedEncryptDecryptTest" time="0"/>
  <testcase name="encryptDecrypt[1154: encryptDecrypt(algorithm=ALG_AES_192_GCM_IV12_TAG16_HKDF_SHA256, byteSize=1, frameSize=16, readLen=1,000,000)]" classname="com.amazonaws.encryptionsdk.CryptoOutputStreamTest$ParameterizedEncryptDecryptTest" time="0"/>
  <testcase name="encryptDecrypt[1155: encryptDecrypt(algorithm=ALG_AES_192_GCM_IV12_TAG16_HKDF_SHA256, byteSize=15, frameSize=16, readLen=14)]" classname="com.amazonaws.encryptionsdk.CryptoOutputStreamTest$ParameterizedEncryptDecryptTest" time="0"/>
  <testcase name="encryptDecrypt[1156: encryptDecrypt(algorithm=ALG_AES_192_GCM_IV12_TAG16_HKDF_SHA256, byteSize=15, frameSize=16, readLen=15)]" classname="com.amazonaws.encryptionsdk.CryptoOutputStreamTest$ParameterizedEncryptDecryptTest" time="0.001"/>
  <testcase name="encryptDecrypt[1157: encryptDecrypt(algorithm=ALG_AES_192_GCM_IV12_TAG16_HKDF_SHA256, byteSize=15, frameSize=16, readLen=16)]" classname="com.amazonaws.encryptionsdk.CryptoOutputStreamTest$ParameterizedEncryptDecryptTest" time="0"/>
  <testcase name="encryptDecrypt[1158: encryptDecrypt(algorithm=ALG_AES_192_GCM_IV12_TAG16_HKDF_SHA256, byteSize=15, frameSize=16, readLen=30)]" classname="com.amazonaws.encryptionsdk.CryptoOutputStreamTest$ParameterizedEncryptDecryptTest" time="0"/>
  <testcase name="encryptDecrypt[1159: encryptDecrypt(algorithm=ALG_AES_192_GCM_IV12_TAG16_HKDF_SHA256, byteSize=15, frameSize=16, readLen=1,000,000)]" classname="com.amazonaws.encryptionsdk.CryptoOutputStreamTest$ParameterizedEncryptDecryptTest" time="0"/>
  <testcase name="encryptDecrypt[1160: encryptDecrypt(algorithm=ALG_AES_192_GCM_IV12_TAG16_HKDF_SHA256, byteSize=16, frameSize=16, readLen=15)]" classname="com.amazonaws.encryptionsdk.CryptoOutputStreamTest$ParameterizedEncryptDecryptTest" time="0"/>
  <testcase name="encryptDecrypt[1161: encryptDecrypt(algorithm=ALG_AES_192_GCM_IV12_TAG16_HKDF_SHA256, byteSize=16, frameSize=16, readLen=16)]" classname="com.amazonaws.encryptionsdk.CryptoOutputStreamTest$ParameterizedEncryptDecryptTest" time="0"/>
  <testcase name="encryptDecrypt[1162: encryptDecrypt(algorithm=ALG_AES_192_GCM_IV12_TAG16_HKDF_SHA256, byteSize=16, frameSize=16, readLen=17)]" classname="com.amazonaws.encryptionsdk.CryptoOutputStreamTest$ParameterizedEncryptDecryptTest" time="0"/>
  <testcase name="encryptDecrypt[1163: encryptDecrypt(algorithm=ALG_AES_192_GCM_IV12_TAG16_HKDF_SHA256, byteSize=16, frameSize=16, readLen=32)]" classname="com.amazonaws.encryptionsdk.CryptoOutputStreamTest$ParameterizedEncryptDecryptTest" time="0.001"/>
  <testcase name="encryptDecrypt[1164: encryptDecrypt(algorithm=ALG_AES_192_GCM_IV12_TAG16_HKDF_SHA256, byteSize=16, frameSize=16, readLen=1,000,000)]" classname="com.amazonaws.encryptionsdk.CryptoOutputStreamTest$ParameterizedEncryptDecryptTest" time="0"/>
  <testcase name="encryptDecrypt[1165: encryptDecrypt(algorithm=ALG_AES_192_GCM_IV12_TAG16_HKDF_SHA256, byteSize=17, frameSize=16, readLen=16)]" classname="com.amazonaws.encryptionsdk.CryptoOutputStreamTest$ParameterizedEncryptDecryptTest" time="0"/>
  <testcase name="encryptDecrypt[1166: encryptDecrypt(algorithm=ALG_AES_192_GCM_IV12_TAG16_HKDF_SHA256, byteSize=17, frameSize=16, readLen=17)]" classname="com.amazonaws.encryptionsdk.CryptoOutputStreamTest$ParameterizedEncryptDecryptTest" time="0"/>
  <testcase name="encryptDecrypt[1167: encryptDecrypt(algorithm=ALG_AES_192_GCM_IV12_TAG16_HKDF_SHA256, byteSize=17, frameSize=16, readLen=18)]" classname="com.amazonaws.encryptionsdk.CryptoOutputStreamTest$ParameterizedEncryptDecryptTest" time="0"/>
  <testcase name="encryptDecrypt[1168: encryptDecrypt(algorithm=ALG_AES_192_GCM_IV12_TAG16_HKDF_SHA256, byteSize=17, frameSize=16, readLen=34)]" classname="com.amazonaws.encryptionsdk.CryptoOutputStreamTest$ParameterizedEncryptDecryptTest" time="0"/>
  <testcase name="encryptDecrypt[1169: encryptDecrypt(algorithm=ALG_AES_192_GCM_IV12_TAG16_HKDF_SHA256, byteSize=17, frameSize=16, readLen=1,000,000)]" classname="com.amazonaws.encryptionsdk.CryptoOutputStreamTest$ParameterizedEncryptDecryptTest" time="0"/>
  <testcase name="encryptDecrypt[1170: encryptDecrypt(algorithm=ALG_AES_192_GCM_IV12_TAG16_HKDF_SHA256, byteSize=24, frameSize=16, readLen=23)]" classname="com.amazonaws.encryptionsdk.CryptoOutputStreamTest$ParameterizedEncryptDecryptTest" time="0.001"/>
  <testcase name="encryptDecrypt[1171: encryptDecrypt(algorithm=ALG_AES_192_GCM_IV12_TAG16_HKDF_SHA256, byteSize=24, frameSize=16, readLen=24)]" classname="com.amazonaws.encryptionsdk.CryptoOutputStreamTest$ParameterizedEncryptDecryptTest" time="0"/>
  <testcase name="encryptDecrypt[1172: encryptDecrypt(algorithm=ALG_AES_192_GCM_IV12_TAG16_HKDF_SHA256, byteSize=24, frameSize=16, readLen=25)]" classname="com.amazonaws.encryptionsdk.CryptoOutputStreamTest$ParameterizedEncryptDecryptTest" time="0"/>
  <testcase name="encryptDecrypt[1173: encryptDecrypt(algorithm=ALG_AES_192_GCM_IV12_TAG16_HKDF_SHA256, byteSize=24, frameSize=16, readLen=48)]" classname="com.amazonaws.encryptionsdk.CryptoOutputStreamTest$ParameterizedEncryptDecryptTest" time="0"/>
  <testcase name="encryptDecrypt[1174: encryptDecrypt(algorithm=ALG_AES_192_GCM_IV12_TAG16_HKDF_SHA256, byteSize=24, frameSize=16, readLen=1,000,000)]" classname="com.amazonaws.encryptionsdk.CryptoOutputStreamTest$ParameterizedEncryptDecryptTest" time="0"/>
  <testcase name="encryptDecrypt[1175: encryptDecrypt(algorithm=ALG_AES_192_GCM_IV12_TAG16_HKDF_SHA256, byteSize=32, frameSize=16, readLen=31)]" classname="com.amazonaws.encryptionsdk.CryptoOutputStreamTest$ParameterizedEncryptDecryptTest" time="0"/>
  <testcase name="encryptDecrypt[1176: encryptDecrypt(algorithm=ALG_AES_192_GCM_IV12_TAG16_HKDF_SHA256, byteSize=32, frameSize=16, readLen=32)]" classname="com.amazonaws.encryptionsdk.CryptoOutputStreamTest$ParameterizedEncryptDecryptTest" time="0"/>
  <testcase name="encryptDecrypt[1177: encryptDecrypt(algorithm=ALG_AES_192_GCM_IV12_TAG16_HKDF_SHA256, byteSize=32, frameSize=16, readLen=33)]" classname="com.amazonaws.encryptionsdk.CryptoOutputStreamTest$ParameterizedEncryptDecryptTest" time="0"/>
  <testcase name="encryptDecrypt[1178: encryptDecrypt(algorithm=ALG_AES_192_GCM_IV12_TAG16_HKDF_SHA256, byteSize=32, frameSize=16, readLen=64)]" classname="com.amazonaws.encryptionsdk.CryptoOutputStreamTest$ParameterizedEncryptDecryptTest" time="0.001"/>
  <testcase name="encryptDecrypt[1179: encryptDecrypt(algorithm=ALG_AES_192_GCM_IV12_TAG16_HKDF_SHA256, byteSize=32, frameSize=16, readLen=1,000,000)]" classname="com.amazonaws.encryptionsdk.CryptoOutputStreamTest$ParameterizedEncryptDecryptTest" time="0"/>
  <testcase name="encryptDecrypt[1180: encryptDecrypt(algorithm=ALG_AES_192_GCM_IV12_TAG16_HKDF_SHA256, byteSize=1,000,000, frameSize=16, readLen=999,999)]" classname="com.amazonaws.encryptionsdk.CryptoOutputStreamTest$ParameterizedEncryptDecryptTest" time="0.072"/>
  <testcase name="encryptDecrypt[1181: encryptDecrypt(algorithm=ALG_AES_192_GCM_IV12_TAG16_HKDF_SHA256, byteSize=1,000,000, frameSize=16, readLen=1,000,000)]" classname="com.amazonaws.encryptionsdk.CryptoOutputStreamTest$ParameterizedEncryptDecryptTest" time="0.072"/>
  <testcase name="encryptDecrypt[1182: encryptDecrypt(algorithm=ALG_AES_192_GCM_IV12_TAG16_HKDF_SHA256, byteSize=1,000,000, frameSize=16, readLen=1,000,001)]" classname="com.amazonaws.encryptionsdk.CryptoOutputStreamTest$ParameterizedEncryptDecryptTest" time="0.075"/>
  <testcase name="encryptDecrypt[1183: encryptDecrypt(algorithm=ALG_AES_192_GCM_IV12_TAG16_HKDF_SHA256, byteSize=1,000,000, frameSize=16, readLen=2,000,000)]" classname="com.amazonaws.encryptionsdk.CryptoOutputStreamTest$ParameterizedEncryptDecryptTest" time="0.069"/>
  <testcase name="encryptDecrypt[1184: encryptDecrypt(algorithm=ALG_AES_192_GCM_IV12_TAG16_HKDF_SHA256, byteSize=1,000,000, frameSize=16, readLen=1,000,000)]" classname="com.amazonaws.encryptionsdk.CryptoOutputStreamTest$ParameterizedEncryptDecryptTest" time="0.069"/>
  <testcase name="encryptDecrypt[1185: encryptDecrypt(algorithm=ALG_AES_192_GCM_IV12_TAG16_HKDF_SHA256, byteSize=0, frameSize=17, readLen=1)]" classname="com.amazonaws.encryptionsdk.CryptoOutputStreamTest$ParameterizedEncryptDecryptTest" time="0.001"/>
  <testcase name="encryptDecrypt[1186: encryptDecrypt(algorithm=ALG_AES_192_GCM_IV12_TAG16_HKDF_SHA256, byteSize=0, frameSize=17, readLen=1,000,000)]" classname="com.amazonaws.encryptionsdk.CryptoOutputStreamTest$ParameterizedEncryptDecryptTest" time="0"/>
  <testcase name="encryptDecrypt[1187: encryptDecrypt(algorithm=ALG_AES_192_GCM_IV12_TAG16_HKDF_SHA256, byteSize=1, frameSize=17, readLen=1)]" classname="com.amazonaws.encryptionsdk.CryptoOutputStreamTest$ParameterizedEncryptDecryptTest" time="0.001"/>
  <testcase name="encryptDecrypt[1188: encryptDecrypt(algorithm=ALG_AES_192_GCM_IV12_TAG16_HKDF_SHA256, byteSize=1, frameSize=17, readLen=2)]" classname="com.amazonaws.encryptionsdk.CryptoOutputStreamTest$ParameterizedEncryptDecryptTest" time="0"/>
  <testcase name="encryptDecrypt[1189: encryptDecrypt(algorithm=ALG_AES_192_GCM_IV12_TAG16_HKDF_SHA256, byteSize=1, frameSize=17, readLen=2)]" classname="com.amazonaws.encryptionsdk.CryptoOutputStreamTest$ParameterizedEncryptDecryptTest" time="0.001"/>
  <testcase name="encryptDecrypt[1190: encryptDecrypt(algorithm=ALG_AES_192_GCM_IV12_TAG16_HKDF_SHA256, byteSize=1, frameSize=17, readLen=1,000,000)]" classname="com.amazonaws.encryptionsdk.CryptoOutputStreamTest$ParameterizedEncryptDecryptTest" time="0"/>
  <testcase name="encryptDecrypt[1191: encryptDecrypt(algorithm=ALG_AES_192_GCM_IV12_TAG16_HKDF_SHA256, byteSize=16, frameSize=17, readLen=15)]" classname="com.amazonaws.encryptionsdk.CryptoOutputStreamTest$ParameterizedEncryptDecryptTest" time="0"/>
  <testcase name="encryptDecrypt[1192: encryptDecrypt(algorithm=ALG_AES_192_GCM_IV12_TAG16_HKDF_SHA256, byteSize=16, frameSize=17, readLen=16)]" classname="com.amazonaws.encryptionsdk.CryptoOutputStreamTest$ParameterizedEncryptDecryptTest" time="0"/>
  <testcase name="encryptDecrypt[1193: encryptDecrypt(algorithm=ALG_AES_192_GCM_IV12_TAG16_HKDF_SHA256, byteSize=16, frameSize=17, readLen=17)]" classname="com.amazonaws.encryptionsdk.CryptoOutputStreamTest$ParameterizedEncryptDecryptTest" time="0"/>
  <testcase name="encryptDecrypt[1194: encryptDecrypt(algorithm=ALG_AES_192_GCM_IV12_TAG16_HKDF_SHA256, byteSize=16, frameSize=17, readLen=32)]" classname="com.amazonaws.encryptionsdk.CryptoOutputStreamTest$ParameterizedEncryptDecryptTest" time="0.001"/>
  <testcase name="encryptDecrypt[1195: encryptDecrypt(algorithm=ALG_AES_192_GCM_IV12_TAG16_HKDF_SHA256, byteSize=16, frameSize=17, readLen=1,000,000)]" classname="com.amazonaws.encryptionsdk.CryptoOutputStreamTest$ParameterizedEncryptDecryptTest" time="0"/>
  <testcase name="encryptDecrypt[1196: encryptDecrypt(algorithm=ALG_AES_192_GCM_IV12_TAG16_HKDF_SHA256, byteSize=17, frameSize=17, readLen=16)]" classname="com.amazonaws.encryptionsdk.CryptoOutputStreamTest$ParameterizedEncryptDecryptTest" time="0"/>
  <testcase name="encryptDecrypt[1197: encryptDecrypt(algorithm=ALG_AES_192_GCM_IV12_TAG16_HKDF_SHA256, byteSize=17, frameSize=17, readLen=17)]" classname="com.amazonaws.encryptionsdk.CryptoOutputStreamTest$ParameterizedEncryptDecryptTest" time="0"/>
  <testcase name="encryptDecrypt[1198: encryptDecrypt(algorithm=ALG_AES_192_GCM_IV12_TAG16_HKDF_SHA256, byteSize=17, frameSize=17, readLen=18)]" classname="com.amazonaws.encryptionsdk.CryptoOutputStreamTest$ParameterizedEncryptDecryptTest" time="0"/>
  <testcase name="encryptDecrypt[1199: encryptDecrypt(algorithm=ALG_AES_192_GCM_IV12_TAG16_HKDF_SHA256, byteSize=17, frameSize=17, readLen=34)]" classname="com.amazonaws.encryptionsdk.CryptoOutputStreamTest$ParameterizedEncryptDecryptTest" time="0"/>
  <testcase name="encryptDecrypt[1200: encryptDecrypt(algorithm=ALG_AES_192_GCM_IV12_TAG16_HKDF_SHA256, byteSize=17, frameSize=17, readLen=1,000,000)]" classname="com.amazonaws.encryptionsdk.CryptoOutputStreamTest$ParameterizedEncryptDecryptTest" time="0"/>
  <testcase name="encryptDecrypt[1201: encryptDecrypt(algorithm=ALG_AES_192_GCM_IV12_TAG16_HKDF_SHA256, byteSize=18, frameSize=17, readLen=17)]" classname="com.amazonaws.encryptionsdk.CryptoOutputStreamTest$ParameterizedEncryptDecryptTest" time="0.001"/>
  <testcase name="encryptDecrypt[1202: encryptDecrypt(algorithm=ALG_AES_192_GCM_IV12_TAG16_HKDF_SHA256, byteSize=18, frameSize=17, readLen=18)]" classname="com.amazonaws.encryptionsdk.CryptoOutputStreamTest$ParameterizedEncryptDecryptTest" time="0"/>
  <testcase name="encryptDecrypt[1203: encryptDecrypt(algorithm=ALG_AES_192_GCM_IV12_TAG16_HKDF_SHA256, byteSize=18, frameSize=17, readLen=19)]" classname="com.amazonaws.encryptionsdk.CryptoOutputStreamTest$ParameterizedEncryptDecryptTest" time="0"/>
  <testcase name="encryptDecrypt[1204: encryptDecrypt(algorithm=ALG_AES_192_GCM_IV12_TAG16_HKDF_SHA256, byteSize=18, frameSize=17, readLen=36)]" classname="com.amazonaws.encryptionsdk.CryptoOutputStreamTest$ParameterizedEncryptDecryptTest" time="0"/>
  <testcase name="encryptDecrypt[1205: encryptDecrypt(algorithm=ALG_AES_192_GCM_IV12_TAG16_HKDF_SHA256, byteSize=18, frameSize=17, readLen=1,000,000)]" classname="com.amazonaws.encryptionsdk.CryptoOutputStreamTest$ParameterizedEncryptDecryptTest" time="0"/>
  <testcase name="encryptDecrypt[1206: encryptDecrypt(algorithm=ALG_AES_192_GCM_IV12_TAG16_HKDF_SHA256, byteSize=25, frameSize=17, readLen=24)]" classname="com.amazonaws.encryptionsdk.CryptoOutputStreamTest$ParameterizedEncryptDecryptTest" time="0"/>
  <testcase name="encryptDecrypt[1207: encryptDecrypt(algorithm=ALG_AES_192_GCM_IV12_TAG16_HKDF_SHA256, byteSize=25, frameSize=17, readLen=25)]" classname="com.amazonaws.encryptionsdk.CryptoOutputStreamTest$ParameterizedEncryptDecryptTest" time="0"/>
  <testcase name="encryptDecrypt[1208: encryptDecrypt(algorithm=ALG_AES_192_GCM_IV12_TAG16_HKDF_SHA256, byteSize=25, frameSize=17, readLen=26)]" classname="com.amazonaws.encryptionsdk.CryptoOutputStreamTest$ParameterizedEncryptDecryptTest" time="0.001"/>
  <testcase name="encryptDecrypt[1209: encryptDecrypt(algorithm=ALG_AES_192_GCM_IV12_TAG16_HKDF_SHA256, byteSize=25, frameSize=17, readLen=50)]" classname="com.amazonaws.encryptionsdk.CryptoOutputStreamTest$ParameterizedEncryptDecryptTest" time="0"/>
  <testcase name="encryptDecrypt[1210: encryptDecrypt(algorithm=ALG_AES_192_GCM_IV12_TAG16_HKDF_SHA256, byteSize=25, frameSize=17, readLen=1,000,000)]" classname="com.amazonaws.encryptionsdk.CryptoOutputStreamTest$ParameterizedEncryptDecryptTest" time="0"/>
  <testcase name="encryptDecrypt[1211: encryptDecrypt(algorithm=ALG_AES_192_GCM_IV12_TAG16_HKDF_SHA256, byteSize=34, frameSize=17, readLen=33)]" classname="com.amazonaws.encryptionsdk.CryptoOutputStreamTest$ParameterizedEncryptDecryptTest" time="0"/>
  <testcase name="encryptDecrypt[1212: encryptDecrypt(algorithm=ALG_AES_192_GCM_IV12_TAG16_HKDF_SHA256, byteSize=34, frameSize=17, readLen=34)]" classname="com.amazonaws.encryptionsdk.CryptoOutputStreamTest$ParameterizedEncryptDecryptTest" time="0"/>
  <testcase name="encryptDecrypt[1213: encryptDecrypt(algorithm=ALG_AES_192_GCM_IV12_TAG16_HKDF_SHA256, byteSize=34, frameSize=17, readLen=35)]" classname="com.amazonaws.encryptionsdk.CryptoOutputStreamTest$ParameterizedEncryptDecryptTest" time="0"/>
  <testcase name="encryptDecrypt[1214: encryptDecrypt(algorithm=ALG_AES_192_GCM_IV12_TAG16_HKDF_SHA256, byteSize=34, frameSize=17, readLen=68)]" classname="com.amazonaws.encryptionsdk.CryptoOutputStreamTest$ParameterizedEncryptDecryptTest" time="0"/>
  <testcase name="encryptDecrypt[1215: encryptDecrypt(algorithm=ALG_AES_192_GCM_IV12_TAG16_HKDF_SHA256, byteSize=34, frameSize=17, readLen=1,000,000)]" classname="com.amazonaws.encryptionsdk.CryptoOutputStreamTest$ParameterizedEncryptDecryptTest" time="0"/>
  <testcase name="encryptDecrypt[1216: encryptDecrypt(algorithm=ALG_AES_192_GCM_IV12_TAG16_HKDF_SHA256, byteSize=1,000,000, frameSize=17, readLen=999,999)]" classname="com.amazonaws.encryptionsdk.CryptoOutputStreamTest$ParameterizedEncryptDecryptTest" time="0.074"/>
  <testcase name="encryptDecrypt[1217: encryptDecrypt(algorithm=ALG_AES_192_GCM_IV12_TAG16_HKDF_SHA256, byteSize=1,000,000, frameSize=17, readLen=1,000,000)]" classname="com.amazonaws.encryptionsdk.CryptoOutputStreamTest$ParameterizedEncryptDecryptTest" time="0.072"/>
  <testcase name="encryptDecrypt[1218: encryptDecrypt(algorithm=ALG_AES_192_GCM_IV12_TAG16_HKDF_SHA256, byteSize=1,000,000, frameSize=17, readLen=1,000,001)]" classname="com.amazonaws.encryptionsdk.CryptoOutputStreamTest$ParameterizedEncryptDecryptTest" time="0.073"/>
  <testcase name="encryptDecrypt[1219: encryptDecrypt(algorithm=ALG_AES_192_GCM_IV12_TAG16_HKDF_SHA256, byteSize=1,000,000, frameSize=17, readLen=2,000,000)]" classname="com.amazonaws.encryptionsdk.CryptoOutputStreamTest$ParameterizedEncryptDecryptTest" time="0.071"/>
  <testcase name="encryptDecrypt[1220: encryptDecrypt(algorithm=ALG_AES_192_GCM_IV12_TAG16_HKDF_SHA256, byteSize=1,000,000, frameSize=17, readLen=1,000,000)]" classname="com.amazonaws.encryptionsdk.CryptoOutputStreamTest$ParameterizedEncryptDecryptTest" time="0.076"/>
  <testcase name="encryptDecrypt[1221: encryptDecrypt(algorithm=ALG_AES_192_GCM_IV12_TAG16_HKDF_SHA256, byteSize=0, frameSize=32, readLen=1)]" classname="com.amazonaws.encryptionsdk.CryptoOutputStreamTest$ParameterizedEncryptDecryptTest" time="0.001"/>
  <testcase name="encryptDecrypt[1222: encryptDecrypt(algorithm=ALG_AES_192_GCM_IV12_TAG16_HKDF_SHA256, byteSize=0, frameSize=32, readLen=1,000,000)]" classname="com.amazonaws.encryptionsdk.CryptoOutputStreamTest$ParameterizedEncryptDecryptTest" time="0"/>
  <testcase name="encryptDecrypt[1223: encryptDecrypt(algorithm=ALG_AES_192_GCM_IV12_TAG16_HKDF_SHA256, byteSize=1, frameSize=32, readLen=1)]" classname="com.amazonaws.encryptionsdk.CryptoOutputStreamTest$ParameterizedEncryptDecryptTest" time="0.001"/>
  <testcase name="encryptDecrypt[1224: encryptDecrypt(algorithm=ALG_AES_192_GCM_IV12_TAG16_HKDF_SHA256, byteSize=1, frameSize=32, readLen=2)]" classname="com.amazonaws.encryptionsdk.CryptoOutputStreamTest$ParameterizedEncryptDecryptTest" time="0"/>
  <testcase name="encryptDecrypt[1225: encryptDecrypt(algorithm=ALG_AES_192_GCM_IV12_TAG16_HKDF_SHA256, byteSize=1, frameSize=32, readLen=2)]" classname="com.amazonaws.encryptionsdk.CryptoOutputStreamTest$ParameterizedEncryptDecryptTest" time="0.001"/>
  <testcase name="encryptDecrypt[1226: encryptDecrypt(algorithm=ALG_AES_192_GCM_IV12_TAG16_HKDF_SHA256, byteSize=1, frameSize=32, readLen=1,000,000)]" classname="com.amazonaws.encryptionsdk.CryptoOutputStreamTest$ParameterizedEncryptDecryptTest" time="0"/>
  <testcase name="encryptDecrypt[1227: encryptDecrypt(algorithm=ALG_AES_192_GCM_IV12_TAG16_HKDF_SHA256, byteSize=31, frameSize=32, readLen=30)]" classname="com.amazonaws.encryptionsdk.CryptoOutputStreamTest$ParameterizedEncryptDecryptTest" time="0"/>
  <testcase name="encryptDecrypt[1228: encryptDecrypt(algorithm=ALG_AES_192_GCM_IV12_TAG16_HKDF_SHA256, byteSize=31, frameSize=32, readLen=31)]" classname="com.amazonaws.encryptionsdk.CryptoOutputStreamTest$ParameterizedEncryptDecryptTest" time="0"/>
  <testcase name="encryptDecrypt[1229: encryptDecrypt(algorithm=ALG_AES_192_GCM_IV12_TAG16_HKDF_SHA256, byteSize=31, frameSize=32, readLen=32)]" classname="com.amazonaws.encryptionsdk.CryptoOutputStreamTest$ParameterizedEncryptDecryptTest" time="0.001"/>
  <testcase name="encryptDecrypt[1230: encryptDecrypt(algorithm=ALG_AES_192_GCM_IV12_TAG16_HKDF_SHA256, byteSize=31, frameSize=32, readLen=62)]" classname="com.amazonaws.encryptionsdk.CryptoOutputStreamTest$ParameterizedEncryptDecryptTest" time="0"/>
  <testcase name="encryptDecrypt[1231: encryptDecrypt(algorithm=ALG_AES_192_GCM_IV12_TAG16_HKDF_SHA256, byteSize=31, frameSize=32, readLen=1,000,000)]" classname="com.amazonaws.encryptionsdk.CryptoOutputStreamTest$ParameterizedEncryptDecryptTest" time="0"/>
  <testcase name="encryptDecrypt[1232: encryptDecrypt(algorithm=ALG_AES_192_GCM_IV12_TAG16_HKDF_SHA256, byteSize=32, frameSize=32, readLen=31)]" classname="com.amazonaws.encryptionsdk.CryptoOutputStreamTest$ParameterizedEncryptDecryptTest" time="0"/>
  <testcase name="encryptDecrypt[1233: encryptDecrypt(algorithm=ALG_AES_192_GCM_IV12_TAG16_HKDF_SHA256, byteSize=32, frameSize=32, readLen=32)]" classname="com.amazonaws.encryptionsdk.CryptoOutputStreamTest$ParameterizedEncryptDecryptTest" time="0"/>
  <testcase name="encryptDecrypt[1234: encryptDecrypt(algorithm=ALG_AES_192_GCM_IV12_TAG16_HKDF_SHA256, byteSize=32, frameSize=32, readLen=33)]" classname="com.amazonaws.encryptionsdk.CryptoOutputStreamTest$ParameterizedEncryptDecryptTest" time="0"/>
  <testcase name="encryptDecrypt[1235: encryptDecrypt(algorithm=ALG_AES_192_GCM_IV12_TAG16_HKDF_SHA256, byteSize=32, frameSize=32, readLen=64)]" classname="com.amazonaws.encryptionsdk.CryptoOutputStreamTest$ParameterizedEncryptDecryptTest" time="0"/>
  <testcase name="encryptDecrypt[1236: encryptDecrypt(algorithm=ALG_AES_192_GCM_IV12_TAG16_HKDF_SHA256, byteSize=32, frameSize=32, readLen=1,000,000)]" classname="com.amazonaws.encryptionsdk.CryptoOutputStreamTest$ParameterizedEncryptDecryptTest" time="0"/>
  <testcase name="encryptDecrypt[1237: encryptDecrypt(algorithm=ALG_AES_192_GCM_IV12_TAG16_HKDF_SHA256, byteSize=33, frameSize=32, readLen=32)]" classname="com.amazonaws.encryptionsdk.CryptoOutputStreamTest$ParameterizedEncryptDecryptTest" time="0.001"/>
  <testcase name="encryptDecrypt[1238: encryptDecrypt(algorithm=ALG_AES_192_GCM_IV12_TAG16_HKDF_SHA256, byteSize=33, frameSize=32, readLen=33)]" classname="com.amazonaws.encryptionsdk.CryptoOutputStreamTest$ParameterizedEncryptDecryptTest" time="0"/>
  <testcase name="encryptDecrypt[1239: encryptDecrypt(algorithm=ALG_AES_192_GCM_IV12_TAG16_HKDF_SHA256, byteSize=33, frameSize=32, readLen=34)]" classname="com.amazonaws.encryptionsdk.CryptoOutputStreamTest$ParameterizedEncryptDecryptTest" time="0"/>
  <testcase name="encryptDecrypt[1240: encryptDecrypt(algorithm=ALG_AES_192_GCM_IV12_TAG16_HKDF_SHA256, byteSize=33, frameSize=32, readLen=66)]" classname="com.amazonaws.encryptionsdk.CryptoOutputStreamTest$ParameterizedEncryptDecryptTest" time="0"/>
  <testcase name="encryptDecrypt[1241: encryptDecrypt(algorithm=ALG_AES_192_GCM_IV12_TAG16_HKDF_SHA256, byteSize=33, frameSize=32, readLen=1,000,000)]" classname="com.amazonaws.encryptionsdk.CryptoOutputStreamTest$ParameterizedEncryptDecryptTest" time="0"/>
  <testcase name="encryptDecrypt[1242: encryptDecrypt(algorithm=ALG_AES_192_GCM_IV12_TAG16_HKDF_SHA256, byteSize=48, frameSize=32, readLen=47)]" classname="com.amazonaws.encryptionsdk.CryptoOutputStreamTest$ParameterizedEncryptDecryptTest" time="0"/>
  <testcase name="encryptDecrypt[1243: encryptDecrypt(algorithm=ALG_AES_192_GCM_IV12_TAG16_HKDF_SHA256, byteSize=48, frameSize=32, readLen=48)]" classname="com.amazonaws.encryptionsdk.CryptoOutputStreamTest$ParameterizedEncryptDecryptTest" time="0"/>
  <testcase name="encryptDecrypt[1244: encryptDecrypt(algorithm=ALG_AES_192_GCM_IV12_TAG16_HKDF_SHA256, byteSize=48, frameSize=32, readLen=49)]" classname="com.amazonaws.encryptionsdk.CryptoOutputStreamTest$ParameterizedEncryptDecryptTest" time="0"/>
  <testcase name="encryptDecrypt[1245: encryptDecrypt(algorithm=ALG_AES_192_GCM_IV12_TAG16_HKDF_SHA256, byteSize=48, frameSize=32, readLen=96)]" classname="com.amazonaws.encryptionsdk.CryptoOutputStreamTest$ParameterizedEncryptDecryptTest" time="0"/>
  <testcase name="encryptDecrypt[1246: encryptDecrypt(algorithm=ALG_AES_192_GCM_IV12_TAG16_HKDF_SHA256, byteSize=48, frameSize=32, readLen=1,000,000)]" classname="com.amazonaws.encryptionsdk.CryptoOutputStreamTest$ParameterizedEncryptDecryptTest" time="0.001"/>
  <testcase name="encryptDecrypt[1247: encryptDecrypt(algorithm=ALG_AES_192_GCM_IV12_TAG16_HKDF_SHA256, byteSize=64, frameSize=32, readLen=63)]" classname="com.amazonaws.encryptionsdk.CryptoOutputStreamTest$ParameterizedEncryptDecryptTest" time="0"/>
  <testcase name="encryptDecrypt[1248: encryptDecrypt(algorithm=ALG_AES_192_GCM_IV12_TAG16_HKDF_SHA256, byteSize=64, frameSize=32, readLen=64)]" classname="com.amazonaws.encryptionsdk.CryptoOutputStreamTest$ParameterizedEncryptDecryptTest" time="0"/>
  <testcase name="encryptDecrypt[1249: encryptDecrypt(algorithm=ALG_AES_192_GCM_IV12_TAG16_HKDF_SHA256, byteSize=64, frameSize=32, readLen=65)]" classname="com.amazonaws.encryptionsdk.CryptoOutputStreamTest$ParameterizedEncryptDecryptTest" time="0"/>
  <testcase name="encryptDecrypt[1250: encryptDecrypt(algorithm=ALG_AES_192_GCM_IV12_TAG16_HKDF_SHA256, byteSize=64, frameSize=32, readLen=128)]" classname="com.amazonaws.encryptionsdk.CryptoOutputStreamTest$ParameterizedEncryptDecryptTest" time="0"/>
  <testcase name="encryptDecrypt[1251: encryptDecrypt(algorithm=ALG_AES_192_GCM_IV12_TAG16_HKDF_SHA256, byteSize=64, frameSize=32, readLen=1,000,000)]" classname="com.amazonaws.encryptionsdk.CryptoOutputStreamTest$ParameterizedEncryptDecryptTest" time="0"/>
  <testcase name="encryptDecrypt[1252: encryptDecrypt(algorithm=ALG_AES_192_GCM_IV12_TAG16_HKDF_SHA256, byteSize=1,000,000, frameSize=32, readLen=999,999)]" classname="com.amazonaws.encryptionsdk.CryptoOutputStreamTest$ParameterizedEncryptDecryptTest" time="0.043"/>
  <testcase name="encryptDecrypt[1253: encryptDecrypt(algorithm=ALG_AES_192_GCM_IV12_TAG16_HKDF_SHA256, byteSize=1,000,000, frameSize=32, readLen=1,000,000)]" classname="com.amazonaws.encryptionsdk.CryptoOutputStreamTest$ParameterizedEncryptDecryptTest" time="0.043"/>
  <testcase name="encryptDecrypt[1254: encryptDecrypt(algorithm=ALG_AES_192_GCM_IV12_TAG16_HKDF_SHA256, byteSize=1,000,000, frameSize=32, readLen=1,000,001)]" classname="com.amazonaws.encryptionsdk.CryptoOutputStreamTest$ParameterizedEncryptDecryptTest" time="0.042"/>
  <testcase name="encryptDecrypt[1255: encryptDecrypt(algorithm=ALG_AES_192_GCM_IV12_TAG16_HKDF_SHA256, byteSize=1,000,000, frameSize=32, readLen=2,000,000)]" classname="com.amazonaws.encryptionsdk.CryptoOutputStreamTest$ParameterizedEncryptDecryptTest" time="0.042"/>
  <testcase name="encryptDecrypt[1256: encryptDecrypt(algorithm=ALG_AES_192_GCM_IV12_TAG16_HKDF_SHA256, byteSize=1,000,000, frameSize=32, readLen=1,000,000)]" classname="com.amazonaws.encryptionsdk.CryptoOutputStreamTest$ParameterizedEncryptDecryptTest" time="0.041"/>
  <testcase name="encryptDecrypt[1257: encryptDecrypt(algorithm=ALG_AES_192_GCM_IV12_TAG16_HKDF_SHA256, byteSize=0, frameSize=160, readLen=1)]" classname="com.amazonaws.encryptionsdk.CryptoOutputStreamTest$ParameterizedEncryptDecryptTest" time="0.001"/>
  <testcase name="encryptDecrypt[1258: encryptDecrypt(algorithm=ALG_AES_192_GCM_IV12_TAG16_HKDF_SHA256, byteSize=0, frameSize=160, readLen=1,000,000)]" classname="com.amazonaws.encryptionsdk.CryptoOutputStreamTest$ParameterizedEncryptDecryptTest" time="0"/>
  <testcase name="encryptDecrypt[1259: encryptDecrypt(algorithm=ALG_AES_192_GCM_IV12_TAG16_HKDF_SHA256, byteSize=1, frameSize=160, readLen=1)]" classname="com.amazonaws.encryptionsdk.CryptoOutputStreamTest$ParameterizedEncryptDecryptTest" time="0.001"/>
  <testcase name="encryptDecrypt[1260: encryptDecrypt(algorithm=ALG_AES_192_GCM_IV12_TAG16_HKDF_SHA256, byteSize=1, frameSize=160, readLen=2)]" classname="com.amazonaws.encryptionsdk.CryptoOutputStreamTest$ParameterizedEncryptDecryptTest" time="0.001"/>
  <testcase name="encryptDecrypt[1261: encryptDecrypt(algorithm=ALG_AES_192_GCM_IV12_TAG16_HKDF_SHA256, byteSize=1, frameSize=160, readLen=2)]" classname="com.amazonaws.encryptionsdk.CryptoOutputStreamTest$ParameterizedEncryptDecryptTest" time="0"/>
  <testcase name="encryptDecrypt[1262: encryptDecrypt(algorithm=ALG_AES_192_GCM_IV12_TAG16_HKDF_SHA256, byteSize=1, frameSize=160, readLen=1,000,000)]" classname="com.amazonaws.encryptionsdk.CryptoOutputStreamTest$ParameterizedEncryptDecryptTest" time="0.001"/>
  <testcase name="encryptDecrypt[1263: encryptDecrypt(algorithm=ALG_AES_192_GCM_IV12_TAG16_HKDF_SHA256, byteSize=159, frameSize=160, readLen=158)]" classname="com.amazonaws.encryptionsdk.CryptoOutputStreamTest$ParameterizedEncryptDecryptTest" time="0"/>
  <testcase name="encryptDecrypt[1264: encryptDecrypt(algorithm=ALG_AES_192_GCM_IV12_TAG16_HKDF_SHA256, byteSize=159, frameSize=160, readLen=159)]" classname="com.amazonaws.encryptionsdk.CryptoOutputStreamTest$ParameterizedEncryptDecryptTest" time="0"/>
  <testcase name="encryptDecrypt[1265: encryptDecrypt(algorithm=ALG_AES_192_GCM_IV12_TAG16_HKDF_SHA256, byteSize=159, frameSize=160, readLen=160)]" classname="com.amazonaws.encryptionsdk.CryptoOutputStreamTest$ParameterizedEncryptDecryptTest" time="0"/>
  <testcase name="encryptDecrypt[1266: encryptDecrypt(algorithm=ALG_AES_192_GCM_IV12_TAG16_HKDF_SHA256, byteSize=159, frameSize=160, readLen=318)]" classname="com.amazonaws.encryptionsdk.CryptoOutputStreamTest$ParameterizedEncryptDecryptTest" time="0"/>
  <testcase name="encryptDecrypt[1267: encryptDecrypt(algorithm=ALG_AES_192_GCM_IV12_TAG16_HKDF_SHA256, byteSize=159, frameSize=160, readLen=1,000,000)]" classname="com.amazonaws.encryptionsdk.CryptoOutputStreamTest$ParameterizedEncryptDecryptTest" time="0"/>
  <testcase name="encryptDecrypt[1268: encryptDecrypt(algorithm=ALG_AES_192_GCM_IV12_TAG16_HKDF_SHA256, byteSize=160, frameSize=160, readLen=159)]" classname="com.amazonaws.encryptionsdk.CryptoOutputStreamTest$ParameterizedEncryptDecryptTest" time="0"/>
  <testcase name="encryptDecrypt[1269: encryptDecrypt(algorithm=ALG_AES_192_GCM_IV12_TAG16_HKDF_SHA256, byteSize=160, frameSize=160, readLen=160)]" classname="com.amazonaws.encryptionsdk.CryptoOutputStreamTest$ParameterizedEncryptDecryptTest" time="0"/>
  <testcase name="encryptDecrypt[1270: encryptDecrypt(algorithm=ALG_AES_192_GCM_IV12_TAG16_HKDF_SHA256, byteSize=160, frameSize=160, readLen=161)]" classname="com.amazonaws.encryptionsdk.CryptoOutputStreamTest$ParameterizedEncryptDecryptTest" time="0"/>
  <testcase name="encryptDecrypt[1271: encryptDecrypt(algorithm=ALG_AES_192_GCM_IV12_TAG16_HKDF_SHA256, byteSize=160, frameSize=160, readLen=320)]" classname="com.amazonaws.encryptionsdk.CryptoOutputStreamTest$ParameterizedEncryptDecryptTest" time="0"/>
  <testcase name="encryptDecrypt[1272: encryptDecrypt(algorithm=ALG_AES_192_GCM_IV12_TAG16_HKDF_SHA256, byteSize=160, frameSize=160, readLen=1,000,000)]" classname="com.amazonaws.encryptionsdk.CryptoOutputStreamTest$ParameterizedEncryptDecryptTest" time="0.001"/>
  <testcase name="encryptDecrypt[1273: encryptDecrypt(algorithm=ALG_AES_192_GCM_IV12_TAG16_HKDF_SHA256, byteSize=161, frameSize=160, readLen=160)]" classname="com.amazonaws.encryptionsdk.CryptoOutputStreamTest$ParameterizedEncryptDecryptTest" time="0"/>
  <testcase name="encryptDecrypt[1274: encryptDecrypt(algorithm=ALG_AES_192_GCM_IV12_TAG16_HKDF_SHA256, byteSize=161, frameSize=160, readLen=161)]" classname="com.amazonaws.encryptionsdk.CryptoOutputStreamTest$ParameterizedEncryptDecryptTest" time="0"/>
  <testcase name="encryptDecrypt[1275: encryptDecrypt(algorithm=ALG_AES_192_GCM_IV12_TAG16_HKDF_SHA256, byteSize=161, frameSize=160, readLen=162)]" classname="com.amazonaws.encryptionsdk.CryptoOutputStreamTest$ParameterizedEncryptDecryptTest" time="0"/>
  <testcase name="encryptDecrypt[1276: encryptDecrypt(algorithm=ALG_AES_192_GCM_IV12_TAG16_HKDF_SHA256, byteSize=161, frameSize=160, readLen=322)]" classname="com.amazonaws.encryptionsdk.CryptoOutputStreamTest$ParameterizedEncryptDecryptTest" time="0"/>
  <testcase name="encryptDecrypt[1277: encryptDecrypt(algorithm=ALG_AES_192_GCM_IV12_TAG16_HKDF_SHA256, byteSize=161, frameSize=160, readLen=1,000,000)]" classname="com.amazonaws.encryptionsdk.CryptoOutputStreamTest$ParameterizedEncryptDecryptTest" time="0"/>
  <testcase name="encryptDecrypt[1278: encryptDecrypt(algorithm=ALG_AES_192_GCM_IV12_TAG16_HKDF_SHA256, byteSize=240, frameSize=160, readLen=239)]" classname="com.amazonaws.encryptionsdk.CryptoOutputStreamTest$ParameterizedEncryptDecryptTest" time="0"/>
  <testcase name="encryptDecrypt[1279: encryptDecrypt(algorithm=ALG_AES_192_GCM_IV12_TAG16_HKDF_SHA256, byteSize=240, frameSize=160, readLen=240)]" classname="com.amazonaws.encryptionsdk.CryptoOutputStreamTest$ParameterizedEncryptDecryptTest" time="0"/>
  <testcase name="encryptDecrypt[1280: encryptDecrypt(algorithm=ALG_AES_192_GCM_IV12_TAG16_HKDF_SHA256, byteSize=240, frameSize=160, readLen=241)]" classname="com.amazonaws.encryptionsdk.CryptoOutputStreamTest$ParameterizedEncryptDecryptTest" time="0"/>
  <testcase name="encryptDecrypt[1281: encryptDecrypt(algorithm=ALG_AES_192_GCM_IV12_TAG16_HKDF_SHA256, byteSize=240, frameSize=160, readLen=480)]" classname="com.amazonaws.encryptionsdk.CryptoOutputStreamTest$ParameterizedEncryptDecryptTest" time="0.001"/>
  <testcase name="encryptDecrypt[1282: encryptDecrypt(algorithm=ALG_AES_192_GCM_IV12_TAG16_HKDF_SHA256, byteSize=240, frameSize=160, readLen=1,000,000)]" classname="com.amazonaws.encryptionsdk.CryptoOutputStreamTest$ParameterizedEncryptDecryptTest" time="0"/>
  <testcase name="encryptDecrypt[1283: encryptDecrypt(algorithm=ALG_AES_192_GCM_IV12_TAG16_HKDF_SHA256, byteSize=320, frameSize=160, readLen=319)]" classname="com.amazonaws.encryptionsdk.CryptoOutputStreamTest$ParameterizedEncryptDecryptTest" time="0"/>
  <testcase name="encryptDecrypt[1284: encryptDecrypt(algorithm=ALG_AES_192_GCM_IV12_TAG16_HKDF_SHA256, byteSize=320, frameSize=160, readLen=320)]" classname="com.amazonaws.encryptionsdk.CryptoOutputStreamTest$ParameterizedEncryptDecryptTest" time="0"/>
  <testcase name="encryptDecrypt[1285: encryptDecrypt(algorithm=ALG_AES_192_GCM_IV12_TAG16_HKDF_SHA256, byteSize=320, frameSize=160, readLen=321)]" classname="com.amazonaws.encryptionsdk.CryptoOutputStreamTest$ParameterizedEncryptDecryptTest" time="0"/>
  <testcase name="encryptDecrypt[1286: encryptDecrypt(algorithm=ALG_AES_192_GCM_IV12_TAG16_HKDF_SHA256, byteSize=320, frameSize=160, readLen=640)]" classname="com.amazonaws.encryptionsdk.CryptoOutputStreamTest$ParameterizedEncryptDecryptTest" time="0"/>
  <testcase name="encryptDecrypt[1287: encryptDecrypt(algorithm=ALG_AES_192_GCM_IV12_TAG16_HKDF_SHA256, byteSize=320, frameSize=160, readLen=1,000,000)]" classname="com.amazonaws.encryptionsdk.CryptoOutputStreamTest$ParameterizedEncryptDecryptTest" time="0"/>
  <testcase name="encryptDecrypt[1288: encryptDecrypt(algorithm=ALG_AES_192_GCM_IV12_TAG16_HKDF_SHA256, byteSize=1,000,000, frameSize=160, readLen=999,999)]" classname="com.amazonaws.encryptionsdk.CryptoOutputStreamTest$ParameterizedEncryptDecryptTest" time="0.016"/>
  <testcase name="encryptDecrypt[1289: encryptDecrypt(algorithm=ALG_AES_192_GCM_IV12_TAG16_HKDF_SHA256, byteSize=1,000,000, frameSize=160, readLen=1,000,000)]" classname="com.amazonaws.encryptionsdk.CryptoOutputStreamTest$ParameterizedEncryptDecryptTest" time="0.016"/>
  <testcase name="encryptDecrypt[1290: encryptDecrypt(algorithm=ALG_AES_192_GCM_IV12_TAG16_HKDF_SHA256, byteSize=1,000,000, frameSize=160, readLen=1,000,001)]" classname="com.amazonaws.encryptionsdk.CryptoOutputStreamTest$ParameterizedEncryptDecryptTest" time="0.015"/>
  <testcase name="encryptDecrypt[1291: encryptDecrypt(algorithm=ALG_AES_192_GCM_IV12_TAG16_HKDF_SHA256, byteSize=1,000,000, frameSize=160, readLen=2,000,000)]" classname="com.amazonaws.encryptionsdk.CryptoOutputStreamTest$ParameterizedEncryptDecryptTest" time="0.023"/>
  <testcase name="encryptDecrypt[1292: encryptDecrypt(algorithm=ALG_AES_192_GCM_IV12_TAG16_HKDF_SHA256, byteSize=1,000,000, frameSize=160, readLen=1,000,000)]" classname="com.amazonaws.encryptionsdk.CryptoOutputStreamTest$ParameterizedEncryptDecryptTest" time="0.015"/>
  <testcase name="encryptDecrypt[1293: encryptDecrypt(algorithm=ALG_AES_192_GCM_IV12_TAG16_HKDF_SHA256, byteSize=0, frameSize=161, readLen=1)]" classname="com.amazonaws.encryptionsdk.CryptoOutputStreamTest$ParameterizedEncryptDecryptTest" time="0.001"/>
  <testcase name="encryptDecrypt[1294: encryptDecrypt(algorithm=ALG_AES_192_GCM_IV12_TAG16_HKDF_SHA256, byteSize=0, frameSize=161, readLen=1,000,000)]" classname="com.amazonaws.encryptionsdk.CryptoOutputStreamTest$ParameterizedEncryptDecryptTest" time="0"/>
  <testcase name="encryptDecrypt[1295: encryptDecrypt(algorithm=ALG_AES_192_GCM_IV12_TAG16_HKDF_SHA256, byteSize=1, frameSize=161, readLen=1)]" classname="com.amazonaws.encryptionsdk.CryptoOutputStreamTest$ParameterizedEncryptDecryptTest" time="0.001"/>
  <testcase name="encryptDecrypt[1296: encryptDecrypt(algorithm=ALG_AES_192_GCM_IV12_TAG16_HKDF_SHA256, byteSize=1, frameSize=161, readLen=2)]" classname="com.amazonaws.encryptionsdk.CryptoOutputStreamTest$ParameterizedEncryptDecryptTest" time="0.001"/>
  <testcase name="encryptDecrypt[1297: encryptDecrypt(algorithm=ALG_AES_192_GCM_IV12_TAG16_HKDF_SHA256, byteSize=1, frameSize=161, readLen=2)]" classname="com.amazonaws.encryptionsdk.CryptoOutputStreamTest$ParameterizedEncryptDecryptTest" time="0"/>
  <testcase name="encryptDecrypt[1298: encryptDecrypt(algorithm=ALG_AES_192_GCM_IV12_TAG16_HKDF_SHA256, byteSize=1, frameSize=161, readLen=1,000,000)]" classname="com.amazonaws.encryptionsdk.CryptoOutputStreamTest$ParameterizedEncryptDecryptTest" time="0"/>
  <testcase name="encryptDecrypt[1299: encryptDecrypt(algorithm=ALG_AES_192_GCM_IV12_TAG16_HKDF_SHA256, byteSize=160, frameSize=161, readLen=159)]" classname="com.amazonaws.encryptionsdk.CryptoOutputStreamTest$ParameterizedEncryptDecryptTest" time="0"/>
  <testcase name="encryptDecrypt[1300: encryptDecrypt(algorithm=ALG_AES_192_GCM_IV12_TAG16_HKDF_SHA256, byteSize=160, frameSize=161, readLen=160)]" classname="com.amazonaws.encryptionsdk.CryptoOutputStreamTest$ParameterizedEncryptDecryptTest" time="0"/>
  <testcase name="encryptDecrypt[1301: encryptDecrypt(algorithm=ALG_AES_192_GCM_IV12_TAG16_HKDF_SHA256, byteSize=160, frameSize=161, readLen=161)]" classname="com.amazonaws.encryptionsdk.CryptoOutputStreamTest$ParameterizedEncryptDecryptTest" time="0.001"/>
  <testcase name="encryptDecrypt[1302: encryptDecrypt(algorithm=ALG_AES_192_GCM_IV12_TAG16_HKDF_SHA256, byteSize=160, frameSize=161, readLen=320)]" classname="com.amazonaws.encryptionsdk.CryptoOutputStreamTest$ParameterizedEncryptDecryptTest" time="0"/>
  <testcase name="encryptDecrypt[1303: encryptDecrypt(algorithm=ALG_AES_192_GCM_IV12_TAG16_HKDF_SHA256, byteSize=160, frameSize=161, readLen=1,000,000)]" classname="com.amazonaws.encryptionsdk.CryptoOutputStreamTest$ParameterizedEncryptDecryptTest" time="0"/>
  <testcase name="encryptDecrypt[1304: encryptDecrypt(algorithm=ALG_AES_192_GCM_IV12_TAG16_HKDF_SHA256, byteSize=161, frameSize=161, readLen=160)]" classname="com.amazonaws.encryptionsdk.CryptoOutputStreamTest$ParameterizedEncryptDecryptTest" time="0"/>
  <testcase name="encryptDecrypt[1305: encryptDecrypt(algorithm=ALG_AES_192_GCM_IV12_TAG16_HKDF_SHA256, byteSize=161, frameSize=161, readLen=161)]" classname="com.amazonaws.encryptionsdk.CryptoOutputStreamTest$ParameterizedEncryptDecryptTest" time="0"/>
  <testcase name="encryptDecrypt[1306: encryptDecrypt(algorithm=ALG_AES_192_GCM_IV12_TAG16_HKDF_SHA256, byteSize=161, frameSize=161, readLen=162)]" classname="com.amazonaws.encryptionsdk.CryptoOutputStreamTest$ParameterizedEncryptDecryptTest" time="0"/>
  <testcase name="encryptDecrypt[1307: encryptDecrypt(algorithm=ALG_AES_192_GCM_IV12_TAG16_HKDF_SHA256, byteSize=161, frameSize=161, readLen=322)]" classname="com.amazonaws.encryptionsdk.CryptoOutputStreamTest$ParameterizedEncryptDecryptTest" time="0"/>
  <testcase name="encryptDecrypt[1308: encryptDecrypt(algorithm=ALG_AES_192_GCM_IV12_TAG16_HKDF_SHA256, byteSize=161, frameSize=161, readLen=1,000,000)]" classname="com.amazonaws.encryptionsdk.CryptoOutputStreamTest$ParameterizedEncryptDecryptTest" time="0"/>
  <testcase name="encryptDecrypt[1309: encryptDecrypt(algorithm=ALG_AES_192_GCM_IV12_TAG16_HKDF_SHA256, byteSize=162, frameSize=161, readLen=161)]" classname="com.amazonaws.encryptionsdk.CryptoOutputStreamTest$ParameterizedEncryptDecryptTest" time="0"/>
  <testcase name="encryptDecrypt[1310: encryptDecrypt(algorithm=ALG_AES_192_GCM_IV12_TAG16_HKDF_SHA256, byteSize=162, frameSize=161, readLen=162)]" classname="com.amazonaws.encryptionsdk.CryptoOutputStreamTest$ParameterizedEncryptDecryptTest" time="0.001"/>
  <testcase name="encryptDecrypt[1311: encryptDecrypt(algorithm=ALG_AES_192_GCM_IV12_TAG16_HKDF_SHA256, byteSize=162, frameSize=161, readLen=163)]" classname="com.amazonaws.encryptionsdk.CryptoOutputStreamTest$ParameterizedEncryptDecryptTest" time="0"/>
  <testcase name="encryptDecrypt[1312: encryptDecrypt(algorithm=ALG_AES_192_GCM_IV12_TAG16_HKDF_SHA256, byteSize=162, frameSize=161, readLen=324)]" classname="com.amazonaws.encryptionsdk.CryptoOutputStreamTest$ParameterizedEncryptDecryptTest" time="0"/>
  <testcase name="encryptDecrypt[1313: encryptDecrypt(algorithm=ALG_AES_192_GCM_IV12_TAG16_HKDF_SHA256, byteSize=162, frameSize=161, readLen=1,000,000)]" classname="com.amazonaws.encryptionsdk.CryptoOutputStreamTest$ParameterizedEncryptDecryptTest" time="0"/>
  <testcase name="encryptDecrypt[1314: encryptDecrypt(algorithm=ALG_AES_192_GCM_IV12_TAG16_HKDF_SHA256, byteSize=241, frameSize=161, readLen=240)]" classname="com.amazonaws.encryptionsdk.CryptoOutputStreamTest$ParameterizedEncryptDecryptTest" time="0"/>
  <testcase name="encryptDecrypt[1315: encryptDecrypt(algorithm=ALG_AES_192_GCM_IV12_TAG16_HKDF_SHA256, byteSize=241, frameSize=161, readLen=241)]" classname="com.amazonaws.encryptionsdk.CryptoOutputStreamTest$ParameterizedEncryptDecryptTest" time="0"/>
  <testcase name="encryptDecrypt[1316: encryptDecrypt(algorithm=ALG_AES_192_GCM_IV12_TAG16_HKDF_SHA256, byteSize=241, frameSize=161, readLen=242)]" classname="com.amazonaws.encryptionsdk.CryptoOutputStreamTest$ParameterizedEncryptDecryptTest" time="0"/>
  <testcase name="encryptDecrypt[1317: encryptDecrypt(algorithm=ALG_AES_192_GCM_IV12_TAG16_HKDF_SHA256, byteSize=241, frameSize=161, readLen=482)]" classname="com.amazonaws.encryptionsdk.CryptoOutputStreamTest$ParameterizedEncryptDecryptTest" time="0"/>
  <testcase name="encryptDecrypt[1318: encryptDecrypt(algorithm=ALG_AES_192_GCM_IV12_TAG16_HKDF_SHA256, byteSize=241, frameSize=161, readLen=1,000,000)]" classname="com.amazonaws.encryptionsdk.CryptoOutputStreamTest$ParameterizedEncryptDecryptTest" time="0"/>
  <testcase name="encryptDecrypt[1319: encryptDecrypt(algorithm=ALG_AES_192_GCM_IV12_TAG16_HKDF_SHA256, byteSize=322, frameSize=161, readLen=321)]" classname="com.amazonaws.encryptionsdk.CryptoOutputStreamTest$ParameterizedEncryptDecryptTest" time="0"/>
  <testcase name="encryptDecrypt[1320: encryptDecrypt(algorithm=ALG_AES_192_GCM_IV12_TAG16_HKDF_SHA256, byteSize=322, frameSize=161, readLen=322)]" classname="com.amazonaws.encryptionsdk.CryptoOutputStreamTest$ParameterizedEncryptDecryptTest" time="0.001"/>
  <testcase name="encryptDecrypt[1321: encryptDecrypt(algorithm=ALG_AES_192_GCM_IV12_TAG16_HKDF_SHA256, byteSize=322, frameSize=161, readLen=323)]" classname="com.amazonaws.encryptionsdk.CryptoOutputStreamTest$ParameterizedEncryptDecryptTest" time="0"/>
  <testcase name="encryptDecrypt[1322: encryptDecrypt(algorithm=ALG_AES_192_GCM_IV12_TAG16_HKDF_SHA256, byteSize=322, frameSize=161, readLen=644)]" classname="com.amazonaws.encryptionsdk.CryptoOutputStreamTest$ParameterizedEncryptDecryptTest" time="0"/>
  <testcase name="encryptDecrypt[1323: encryptDecrypt(algorithm=ALG_AES_192_GCM_IV12_TAG16_HKDF_SHA256, byteSize=322, frameSize=161, readLen=1,000,000)]" classname="com.amazonaws.encryptionsdk.CryptoOutputStreamTest$ParameterizedEncryptDecryptTest" time="0"/>
  <testcase name="encryptDecrypt[1324: encryptDecrypt(algorithm=ALG_AES_192_GCM_IV12_TAG16_HKDF_SHA256, byteSize=1,000,000, frameSize=161, readLen=999,999)]" classname="com.amazonaws.encryptionsdk.CryptoOutputStreamTest$ParameterizedEncryptDecryptTest" time="0.016"/>
  <testcase name="encryptDecrypt[1325: encryptDecrypt(algorithm=ALG_AES_192_GCM_IV12_TAG16_HKDF_SHA256, byteSize=1,000,000, frameSize=161, readLen=1,000,000)]" classname="com.amazonaws.encryptionsdk.CryptoOutputStreamTest$ParameterizedEncryptDecryptTest" time="0.017"/>
  <testcase name="encryptDecrypt[1326: encryptDecrypt(algorithm=ALG_AES_192_GCM_IV12_TAG16_HKDF_SHA256, byteSize=1,000,000, frameSize=161, readLen=1,000,001)]" classname="com.amazonaws.encryptionsdk.CryptoOutputStreamTest$ParameterizedEncryptDecryptTest" time="0.015"/>
  <testcase name="encryptDecrypt[1327: encryptDecrypt(algorithm=ALG_AES_192_GCM_IV12_TAG16_HKDF_SHA256, byteSize=1,000,000, frameSize=161, readLen=2,000,000)]" classname="com.amazonaws.encryptionsdk.CryptoOutputStreamTest$ParameterizedEncryptDecryptTest" time="0.016"/>
  <testcase name="encryptDecrypt[1328: encryptDecrypt(algorithm=ALG_AES_192_GCM_IV12_TAG16_HKDF_SHA256, byteSize=1,000,000, frameSize=161, readLen=1,000,000)]" classname="com.amazonaws.encryptionsdk.CryptoOutputStreamTest$ParameterizedEncryptDecryptTest" time="0.016"/>
  <testcase name="encryptDecrypt[1329: encryptDecrypt(algorithm=ALG_AES_192_GCM_IV12_TAG16_HKDF_SHA256, byteSize=0, frameSize=4,096, readLen=1)]" classname="com.amazonaws.encryptionsdk.CryptoOutputStreamTest$ParameterizedEncryptDecryptTest" time="0.001"/>
  <testcase name="encryptDecrypt[1330: encryptDecrypt(algorithm=ALG_AES_192_GCM_IV12_TAG16_HKDF_SHA256, byteSize=0, frameSize=4,096, readLen=1,000,000)]" classname="com.amazonaws.encryptionsdk.CryptoOutputStreamTest$ParameterizedEncryptDecryptTest" time="0"/>
  <testcase name="encryptDecrypt[1331: encryptDecrypt(algorithm=ALG_AES_192_GCM_IV12_TAG16_HKDF_SHA256, byteSize=1, frameSize=4,096, readLen=1)]" classname="com.amazonaws.encryptionsdk.CryptoOutputStreamTest$ParameterizedEncryptDecryptTest" time="0.001"/>
  <testcase name="encryptDecrypt[1332: encryptDecrypt(algorithm=ALG_AES_192_GCM_IV12_TAG16_HKDF_SHA256, byteSize=1, frameSize=4,096, readLen=2)]" classname="com.amazonaws.encryptionsdk.CryptoOutputStreamTest$ParameterizedEncryptDecryptTest" time="0.001"/>
  <testcase name="encryptDecrypt[1333: encryptDecrypt(algorithm=ALG_AES_192_GCM_IV12_TAG16_HKDF_SHA256, byteSize=1, frameSize=4,096, readLen=2)]" classname="com.amazonaws.encryptionsdk.CryptoOutputStreamTest$ParameterizedEncryptDecryptTest" time="0.001"/>
  <testcase name="encryptDecrypt[1334: encryptDecrypt(algorithm=ALG_AES_192_GCM_IV12_TAG16_HKDF_SHA256, byteSize=1, frameSize=4,096, readLen=1,000,000)]" classname="com.amazonaws.encryptionsdk.CryptoOutputStreamTest$ParameterizedEncryptDecryptTest" time="0"/>
  <testcase name="encryptDecrypt[1335: encryptDecrypt(algorithm=ALG_AES_192_GCM_IV12_TAG16_HKDF_SHA256, byteSize=4,095, frameSize=4,096, readLen=4,094)]" classname="com.amazonaws.encryptionsdk.CryptoOutputStreamTest$ParameterizedEncryptDecryptTest" time="0"/>
  <testcase name="encryptDecrypt[1336: encryptDecrypt(algorithm=ALG_AES_192_GCM_IV12_TAG16_HKDF_SHA256, byteSize=4,095, frameSize=4,096, readLen=4,095)]" classname="com.amazonaws.encryptionsdk.CryptoOutputStreamTest$ParameterizedEncryptDecryptTest" time="0"/>
  <testcase name="encryptDecrypt[1337: encryptDecrypt(algorithm=ALG_AES_192_GCM_IV12_TAG16_HKDF_SHA256, byteSize=4,095, frameSize=4,096, readLen=4,096)]" classname="com.amazonaws.encryptionsdk.CryptoOutputStreamTest$ParameterizedEncryptDecryptTest" time="0"/>
  <testcase name="encryptDecrypt[1338: encryptDecrypt(algorithm=ALG_AES_192_GCM_IV12_TAG16_HKDF_SHA256, byteSize=4,095, frameSize=4,096, readLen=8,190)]" classname="com.amazonaws.encryptionsdk.CryptoOutputStreamTest$ParameterizedEncryptDecryptTest" time="0"/>
  <testcase name="encryptDecrypt[1339: encryptDecrypt(algorithm=ALG_AES_192_GCM_IV12_TAG16_HKDF_SHA256, byteSize=4,095, frameSize=4,096, readLen=1,000,000)]" classname="com.amazonaws.encryptionsdk.CryptoOutputStreamTest$ParameterizedEncryptDecryptTest" time="0.001"/>
  <testcase name="encryptDecrypt[1340: encryptDecrypt(algorithm=ALG_AES_192_GCM_IV12_TAG16_HKDF_SHA256, byteSize=4,096, frameSize=4,096, readLen=4,095)]" classname="com.amazonaws.encryptionsdk.CryptoOutputStreamTest$ParameterizedEncryptDecryptTest" time="0"/>
  <testcase name="encryptDecrypt[1341: encryptDecrypt(algorithm=ALG_AES_192_GCM_IV12_TAG16_HKDF_SHA256, byteSize=4,096, frameSize=4,096, readLen=4,096)]" classname="com.amazonaws.encryptionsdk.CryptoOutputStreamTest$ParameterizedEncryptDecryptTest" time="0"/>
  <testcase name="encryptDecrypt[1342: encryptDecrypt(algorithm=ALG_AES_192_GCM_IV12_TAG16_HKDF_SHA256, byteSize=4,096, frameSize=4,096, readLen=4,097)]" classname="com.amazonaws.encryptionsdk.CryptoOutputStreamTest$ParameterizedEncryptDecryptTest" time="0"/>
  <testcase name="encryptDecrypt[1343: encryptDecrypt(algorithm=ALG_AES_192_GCM_IV12_TAG16_HKDF_SHA256, byteSize=4,096, frameSize=4,096, readLen=8,192)]" classname="com.amazonaws.encryptionsdk.CryptoOutputStreamTest$ParameterizedEncryptDecryptTest" time="0"/>
  <testcase name="encryptDecrypt[1344: encryptDecrypt(algorithm=ALG_AES_192_GCM_IV12_TAG16_HKDF_SHA256, byteSize=4,096, frameSize=4,096, readLen=1,000,000)]" classname="com.amazonaws.encryptionsdk.CryptoOutputStreamTest$ParameterizedEncryptDecryptTest" time="0"/>
  <testcase name="encryptDecrypt[1345: encryptDecrypt(algorithm=ALG_AES_192_GCM_IV12_TAG16_HKDF_SHA256, byteSize=4,097, frameSize=4,096, readLen=4,096)]" classname="com.amazonaws.encryptionsdk.CryptoOutputStreamTest$ParameterizedEncryptDecryptTest" time="0"/>
  <testcase name="encryptDecrypt[1346: encryptDecrypt(algorithm=ALG_AES_192_GCM_IV12_TAG16_HKDF_SHA256, byteSize=4,097, frameSize=4,096, readLen=4,097)]" classname="com.amazonaws.encryptionsdk.CryptoOutputStreamTest$ParameterizedEncryptDecryptTest" time="0"/>
  <testcase name="encryptDecrypt[1347: encryptDecrypt(algorithm=ALG_AES_192_GCM_IV12_TAG16_HKDF_SHA256, byteSize=4,097, frameSize=4,096, readLen=4,098)]" classname="com.amazonaws.encryptionsdk.CryptoOutputStreamTest$ParameterizedEncryptDecryptTest" time="0"/>
  <testcase name="encryptDecrypt[1348: encryptDecrypt(algorithm=ALG_AES_192_GCM_IV12_TAG16_HKDF_SHA256, byteSize=4,097, frameSize=4,096, readLen=8,194)]" classname="com.amazonaws.encryptionsdk.CryptoOutputStreamTest$ParameterizedEncryptDecryptTest" time="0"/>
  <testcase name="encryptDecrypt[1349: encryptDecrypt(algorithm=ALG_AES_192_GCM_IV12_TAG16_HKDF_SHA256, byteSize=4,097, frameSize=4,096, readLen=1,000,000)]" classname="com.amazonaws.encryptionsdk.CryptoOutputStreamTest$ParameterizedEncryptDecryptTest" time="0"/>
  <testcase name="encryptDecrypt[1350: encryptDecrypt(algorithm=ALG_AES_192_GCM_IV12_TAG16_HKDF_SHA256, byteSize=6,144, frameSize=4,096, readLen=6,143)]" classname="com.amazonaws.encryptionsdk.CryptoOutputStreamTest$ParameterizedEncryptDecryptTest" time="0"/>
  <testcase name="encryptDecrypt[1351: encryptDecrypt(algorithm=ALG_AES_192_GCM_IV12_TAG16_HKDF_SHA256, byteSize=6,144, frameSize=4,096, readLen=6,144)]" classname="com.amazonaws.encryptionsdk.CryptoOutputStreamTest$ParameterizedEncryptDecryptTest" time="0"/>
  <testcase name="encryptDecrypt[1352: encryptDecrypt(algorithm=ALG_AES_192_GCM_IV12_TAG16_HKDF_SHA256, byteSize=6,144, frameSize=4,096, readLen=6,145)]" classname="com.amazonaws.encryptionsdk.CryptoOutputStreamTest$ParameterizedEncryptDecryptTest" time="0"/>
  <testcase name="encryptDecrypt[1353: encryptDecrypt(algorithm=ALG_AES_192_GCM_IV12_TAG16_HKDF_SHA256, byteSize=6,144, frameSize=4,096, readLen=12,288)]" classname="com.amazonaws.encryptionsdk.CryptoOutputStreamTest$ParameterizedEncryptDecryptTest" time="0.001"/>
  <testcase name="encryptDecrypt[1354: encryptDecrypt(algorithm=ALG_AES_192_GCM_IV12_TAG16_HKDF_SHA256, byteSize=6,144, frameSize=4,096, readLen=1,000,000)]" classname="com.amazonaws.encryptionsdk.CryptoOutputStreamTest$ParameterizedEncryptDecryptTest" time="0"/>
  <testcase name="encryptDecrypt[1355: encryptDecrypt(algorithm=ALG_AES_192_GCM_IV12_TAG16_HKDF_SHA256, byteSize=8,192, frameSize=4,096, readLen=8,191)]" classname="com.amazonaws.encryptionsdk.CryptoOutputStreamTest$ParameterizedEncryptDecryptTest" time="0"/>
  <testcase name="encryptDecrypt[1356: encryptDecrypt(algorithm=ALG_AES_192_GCM_IV12_TAG16_HKDF_SHA256, byteSize=8,192, frameSize=4,096, readLen=8,192)]" classname="com.amazonaws.encryptionsdk.CryptoOutputStreamTest$ParameterizedEncryptDecryptTest" time="0"/>
  <testcase name="encryptDecrypt[1357: encryptDecrypt(algorithm=ALG_AES_192_GCM_IV12_TAG16_HKDF_SHA256, byteSize=8,192, frameSize=4,096, readLen=8,193)]" classname="com.amazonaws.encryptionsdk.CryptoOutputStreamTest$ParameterizedEncryptDecryptTest" time="0"/>
  <testcase name="encryptDecrypt[1358: encryptDecrypt(algorithm=ALG_AES_192_GCM_IV12_TAG16_HKDF_SHA256, byteSize=8,192, frameSize=4,096, readLen=16,384)]" classname="com.amazonaws.encryptionsdk.CryptoOutputStreamTest$ParameterizedEncryptDecryptTest" time="0"/>
  <testcase name="encryptDecrypt[1359: encryptDecrypt(algorithm=ALG_AES_192_GCM_IV12_TAG16_HKDF_SHA256, byteSize=8,192, frameSize=4,096, readLen=1,000,000)]" classname="com.amazonaws.encryptionsdk.CryptoOutputStreamTest$ParameterizedEncryptDecryptTest" time="0.001"/>
  <testcase name="encryptDecrypt[1360: encryptDecrypt(algorithm=ALG_AES_192_GCM_IV12_TAG16_HKDF_SHA256, byteSize=1,000,000, frameSize=4,096, readLen=999,999)]" classname="com.amazonaws.encryptionsdk.CryptoOutputStreamTest$ParameterizedEncryptDecryptTest" time="0.009"/>
  <testcase name="encryptDecrypt[1361: encryptDecrypt(algorithm=ALG_AES_192_GCM_IV12_TAG16_HKDF_SHA256, byteSize=1,000,000, frameSize=4,096, readLen=1,000,000)]" classname="com.amazonaws.encryptionsdk.CryptoOutputStreamTest$ParameterizedEncryptDecryptTest" time="0.009"/>
  <testcase name="encryptDecrypt[1362: encryptDecrypt(algorithm=ALG_AES_192_GCM_IV12_TAG16_HKDF_SHA256, byteSize=1,000,000, frameSize=4,096, readLen=1,000,001)]" classname="com.amazonaws.encryptionsdk.CryptoOutputStreamTest$ParameterizedEncryptDecryptTest" time="0.009"/>
  <testcase name="encryptDecrypt[1363: encryptDecrypt(algorithm=ALG_AES_192_GCM_IV12_TAG16_HKDF_SHA256, byteSize=1,000,000, frameSize=4,096, readLen=2,000,000)]" classname="com.amazonaws.encryptionsdk.CryptoOutputStreamTest$ParameterizedEncryptDecryptTest" time="0.009"/>
  <testcase name="encryptDecrypt[1364: encryptDecrypt(algorithm=ALG_AES_192_GCM_IV12_TAG16_HKDF_SHA256, byteSize=1,000,000, frameSize=4,096, readLen=1,000,000)]" classname="com.amazonaws.encryptionsdk.CryptoOutputStreamTest$ParameterizedEncryptDecryptTest" time="0.009"/>
  <testcase name="encryptDecrypt[1365: encryptDecrypt(algorithm=ALG_AES_256_GCM_IV12_TAG16_HKDF_SHA256, byteSize=0, frameSize=0, readLen=1)]" classname="com.amazonaws.encryptionsdk.CryptoOutputStreamTest$ParameterizedEncryptDecryptTest" time="0.001"/>
  <testcase name="encryptDecrypt[1366: encryptDecrypt(algorithm=ALG_AES_256_GCM_IV12_TAG16_HKDF_SHA256, byteSize=0, frameSize=0, readLen=1,000,000)]" classname="com.amazonaws.encryptionsdk.CryptoOutputStreamTest$ParameterizedEncryptDecryptTest" time="0"/>
  <testcase name="encryptDecrypt[1367: encryptDecrypt(algorithm=ALG_AES_256_GCM_IV12_TAG16_HKDF_SHA256, byteSize=1, frameSize=0, readLen=1)]" classname="com.amazonaws.encryptionsdk.CryptoOutputStreamTest$ParameterizedEncryptDecryptTest" time="0.001"/>
  <testcase name="encryptDecrypt[1368: encryptDecrypt(algorithm=ALG_AES_256_GCM_IV12_TAG16_HKDF_SHA256, byteSize=1, frameSize=0, readLen=2)]" classname="com.amazonaws.encryptionsdk.CryptoOutputStreamTest$ParameterizedEncryptDecryptTest" time="0.001"/>
  <testcase name="encryptDecrypt[1369: encryptDecrypt(algorithm=ALG_AES_256_GCM_IV12_TAG16_HKDF_SHA256, byteSize=1, frameSize=0, readLen=2)]" classname="com.amazonaws.encryptionsdk.CryptoOutputStreamTest$ParameterizedEncryptDecryptTest" time="0"/>
  <testcase name="encryptDecrypt[1370: encryptDecrypt(algorithm=ALG_AES_256_GCM_IV12_TAG16_HKDF_SHA256, byteSize=1, frameSize=0, readLen=1,000,000)]" classname="com.amazonaws.encryptionsdk.CryptoOutputStreamTest$ParameterizedEncryptDecryptTest" time="0"/>
  <testcase name="encryptDecrypt[1371: encryptDecrypt(algorithm=ALG_AES_256_GCM_IV12_TAG16_HKDF_SHA256, byteSize=0, frameSize=0, readLen=1)]" classname="com.amazonaws.encryptionsdk.CryptoOutputStreamTest$ParameterizedEncryptDecryptTest" time="0.001"/>
  <testcase name="encryptDecrypt[1372: encryptDecrypt(algorithm=ALG_AES_256_GCM_IV12_TAG16_HKDF_SHA256, byteSize=0, frameSize=0, readLen=1,000,000)]" classname="com.amazonaws.encryptionsdk.CryptoOutputStreamTest$ParameterizedEncryptDecryptTest" time="0"/>
  <testcase name="encryptDecrypt[1373: encryptDecrypt(algorithm=ALG_AES_256_GCM_IV12_TAG16_HKDF_SHA256, byteSize=1, frameSize=0, readLen=1)]" classname="com.amazonaws.encryptionsdk.CryptoOutputStreamTest$ParameterizedEncryptDecryptTest" time="0.002"/>
  <testcase name="encryptDecrypt[1374: encryptDecrypt(algorithm=ALG_AES_256_GCM_IV12_TAG16_HKDF_SHA256, byteSize=1, frameSize=0, readLen=2)]" classname="com.amazonaws.encryptionsdk.CryptoOutputStreamTest$ParameterizedEncryptDecryptTest" time="0"/>
  <testcase name="encryptDecrypt[1375: encryptDecrypt(algorithm=ALG_AES_256_GCM_IV12_TAG16_HKDF_SHA256, byteSize=1, frameSize=0, readLen=2)]" classname="com.amazonaws.encryptionsdk.CryptoOutputStreamTest$ParameterizedEncryptDecryptTest" time="0.001"/>
  <testcase name="encryptDecrypt[1376: encryptDecrypt(algorithm=ALG_AES_256_GCM_IV12_TAG16_HKDF_SHA256, byteSize=1, frameSize=0, readLen=1,000,000)]" classname="com.amazonaws.encryptionsdk.CryptoOutputStreamTest$ParameterizedEncryptDecryptTest" time="0"/>
  <testcase name="encryptDecrypt[1377: encryptDecrypt(algorithm=ALG_AES_256_GCM_IV12_TAG16_HKDF_SHA256, byteSize=0, frameSize=0, readLen=1)]" classname="com.amazonaws.encryptionsdk.CryptoOutputStreamTest$ParameterizedEncryptDecryptTest" time="0.001"/>
  <testcase name="encryptDecrypt[1378: encryptDecrypt(algorithm=ALG_AES_256_GCM_IV12_TAG16_HKDF_SHA256, byteSize=0, frameSize=0, readLen=1,000,000)]" classname="com.amazonaws.encryptionsdk.CryptoOutputStreamTest$ParameterizedEncryptDecryptTest" time="0"/>
  <testcase name="encryptDecrypt[1379: encryptDecrypt(algorithm=ALG_AES_256_GCM_IV12_TAG16_HKDF_SHA256, byteSize=0, frameSize=0, readLen=1)]" classname="com.amazonaws.encryptionsdk.CryptoOutputStreamTest$ParameterizedEncryptDecryptTest" time="0.001"/>
  <testcase name="encryptDecrypt[1380: encryptDecrypt(algorithm=ALG_AES_256_GCM_IV12_TAG16_HKDF_SHA256, byteSize=0, frameSize=0, readLen=1,000,000)]" classname="com.amazonaws.encryptionsdk.CryptoOutputStreamTest$ParameterizedEncryptDecryptTest" time="0"/>
  <testcase name="encryptDecrypt[1381: encryptDecrypt(algorithm=ALG_AES_256_GCM_IV12_TAG16_HKDF_SHA256, byteSize=1,000,000, frameSize=0, readLen=999,999)]" classname="com.amazonaws.encryptionsdk.CryptoOutputStreamTest$ParameterizedEncryptDecryptTest" time="0.01"/>
  <testcase name="encryptDecrypt[1382: encryptDecrypt(algorithm=ALG_AES_256_GCM_IV12_TAG16_HKDF_SHA256, byteSize=1,000,000, frameSize=0, readLen=1,000,000)]" classname="com.amazonaws.encryptionsdk.CryptoOutputStreamTest$ParameterizedEncryptDecryptTest" time="0.009"/>
  <testcase name="encryptDecrypt[1383: encryptDecrypt(algorithm=ALG_AES_256_GCM_IV12_TAG16_HKDF_SHA256, byteSize=1,000,000, frameSize=0, readLen=1,000,001)]" classname="com.amazonaws.encryptionsdk.CryptoOutputStreamTest$ParameterizedEncryptDecryptTest" time="0.009"/>
  <testcase name="encryptDecrypt[1384: encryptDecrypt(algorithm=ALG_AES_256_GCM_IV12_TAG16_HKDF_SHA256, byteSize=1,000,000, frameSize=0, readLen=2,000,000)]" classname="com.amazonaws.encryptionsdk.CryptoOutputStreamTest$ParameterizedEncryptDecryptTest" time="0.009"/>
  <testcase name="encryptDecrypt[1385: encryptDecrypt(algorithm=ALG_AES_256_GCM_IV12_TAG16_HKDF_SHA256, byteSize=1,000,000, frameSize=0, readLen=1,000,000)]" classname="com.amazonaws.encryptionsdk.CryptoOutputStreamTest$ParameterizedEncryptDecryptTest" time="0.009"/>
  <testcase name="encryptDecrypt[1386: encryptDecrypt(algorithm=ALG_AES_256_GCM_IV12_TAG16_HKDF_SHA256, byteSize=0, frameSize=15, readLen=1)]" classname="com.amazonaws.encryptionsdk.CryptoOutputStreamTest$ParameterizedEncryptDecryptTest" time="0.001"/>
  <testcase name="encryptDecrypt[1387: encryptDecrypt(algorithm=ALG_AES_256_GCM_IV12_TAG16_HKDF_SHA256, byteSize=0, frameSize=15, readLen=1,000,000)]" classname="com.amazonaws.encryptionsdk.CryptoOutputStreamTest$ParameterizedEncryptDecryptTest" time="0"/>
  <testcase name="encryptDecrypt[1388: encryptDecrypt(algorithm=ALG_AES_256_GCM_IV12_TAG16_HKDF_SHA256, byteSize=1, frameSize=15, readLen=1)]" classname="com.amazonaws.encryptionsdk.CryptoOutputStreamTest$ParameterizedEncryptDecryptTest" time="0.001"/>
  <testcase name="encryptDecrypt[1389: encryptDecrypt(algorithm=ALG_AES_256_GCM_IV12_TAG16_HKDF_SHA256, byteSize=1, frameSize=15, readLen=2)]" classname="com.amazonaws.encryptionsdk.CryptoOutputStreamTest$ParameterizedEncryptDecryptTest" time="0.001"/>
  <testcase name="encryptDecrypt[1390: encryptDecrypt(algorithm=ALG_AES_256_GCM_IV12_TAG16_HKDF_SHA256, byteSize=1, frameSize=15, readLen=2)]" classname="com.amazonaws.encryptionsdk.CryptoOutputStreamTest$ParameterizedEncryptDecryptTest" time="0"/>
  <testcase name="encryptDecrypt[1391: encryptDecrypt(algorithm=ALG_AES_256_GCM_IV12_TAG16_HKDF_SHA256, byteSize=1, frameSize=15, readLen=1,000,000)]" classname="com.amazonaws.encryptionsdk.CryptoOutputStreamTest$ParameterizedEncryptDecryptTest" time="0"/>
  <testcase name="encryptDecrypt[1392: encryptDecrypt(algorithm=ALG_AES_256_GCM_IV12_TAG16_HKDF_SHA256, byteSize=14, frameSize=15, readLen=13)]" classname="com.amazonaws.encryptionsdk.CryptoOutputStreamTest$ParameterizedEncryptDecryptTest" time="0"/>
  <testcase name="encryptDecrypt[1393: encryptDecrypt(algorithm=ALG_AES_256_GCM_IV12_TAG16_HKDF_SHA256, byteSize=14, frameSize=15, readLen=14)]" classname="com.amazonaws.encryptionsdk.CryptoOutputStreamTest$ParameterizedEncryptDecryptTest" time="0.001"/>
  <testcase name="encryptDecrypt[1394: encryptDecrypt(algorithm=ALG_AES_256_GCM_IV12_TAG16_HKDF_SHA256, byteSize=14, frameSize=15, readLen=15)]" classname="com.amazonaws.encryptionsdk.CryptoOutputStreamTest$ParameterizedEncryptDecryptTest" time="0"/>
  <testcase name="encryptDecrypt[1395: encryptDecrypt(algorithm=ALG_AES_256_GCM_IV12_TAG16_HKDF_SHA256, byteSize=14, frameSize=15, readLen=28)]" classname="com.amazonaws.encryptionsdk.CryptoOutputStreamTest$ParameterizedEncryptDecryptTest" time="0"/>
  <testcase name="encryptDecrypt[1396: encryptDecrypt(algorithm=ALG_AES_256_GCM_IV12_TAG16_HKDF_SHA256, byteSize=14, frameSize=15, readLen=1,000,000)]" classname="com.amazonaws.encryptionsdk.CryptoOutputStreamTest$ParameterizedEncryptDecryptTest" time="0"/>
  <testcase name="encryptDecrypt[1397: encryptDecrypt(algorithm=ALG_AES_256_GCM_IV12_TAG16_HKDF_SHA256, byteSize=15, frameSize=15, readLen=14)]" classname="com.amazonaws.encryptionsdk.CryptoOutputStreamTest$ParameterizedEncryptDecryptTest" time="0"/>
  <testcase name="encryptDecrypt[1398: encryptDecrypt(algorithm=ALG_AES_256_GCM_IV12_TAG16_HKDF_SHA256, byteSize=15, frameSize=15, readLen=15)]" classname="com.amazonaws.encryptionsdk.CryptoOutputStreamTest$ParameterizedEncryptDecryptTest" time="0"/>
  <testcase name="encryptDecrypt[1399: encryptDecrypt(algorithm=ALG_AES_256_GCM_IV12_TAG16_HKDF_SHA256, byteSize=15, frameSize=15, readLen=16)]" classname="com.amazonaws.encryptionsdk.CryptoOutputStreamTest$ParameterizedEncryptDecryptTest" time="0.001"/>
  <testcase name="encryptDecrypt[1400: encryptDecrypt(algorithm=ALG_AES_256_GCM_IV12_TAG16_HKDF_SHA256, byteSize=15, frameSize=15, readLen=30)]" classname="com.amazonaws.encryptionsdk.CryptoOutputStreamTest$ParameterizedEncryptDecryptTest" time="0"/>
  <testcase name="encryptDecrypt[1401: encryptDecrypt(algorithm=ALG_AES_256_GCM_IV12_TAG16_HKDF_SHA256, byteSize=15, frameSize=15, readLen=1,000,000)]" classname="com.amazonaws.encryptionsdk.CryptoOutputStreamTest$ParameterizedEncryptDecryptTest" time="0"/>
  <testcase name="encryptDecrypt[1402: encryptDecrypt(algorithm=ALG_AES_256_GCM_IV12_TAG16_HKDF_SHA256, byteSize=16, frameSize=15, readLen=15)]" classname="com.amazonaws.encryptionsdk.CryptoOutputStreamTest$ParameterizedEncryptDecryptTest" time="0"/>
  <testcase name="encryptDecrypt[1403: encryptDecrypt(algorithm=ALG_AES_256_GCM_IV12_TAG16_HKDF_SHA256, byteSize=16, frameSize=15, readLen=16)]" classname="com.amazonaws.encryptionsdk.CryptoOutputStreamTest$ParameterizedEncryptDecryptTest" time="0"/>
  <testcase name="encryptDecrypt[1404: encryptDecrypt(algorithm=ALG_AES_256_GCM_IV12_TAG16_HKDF_SHA256, byteSize=16, frameSize=15, readLen=17)]" classname="com.amazonaws.encryptionsdk.CryptoOutputStreamTest$ParameterizedEncryptDecryptTest" time="0"/>
  <testcase name="encryptDecrypt[1405: encryptDecrypt(algorithm=ALG_AES_256_GCM_IV12_TAG16_HKDF_SHA256, byteSize=16, frameSize=15, readLen=32)]" classname="com.amazonaws.encryptionsdk.CryptoOutputStreamTest$ParameterizedEncryptDecryptTest" time="0"/>
  <testcase name="encryptDecrypt[1406: encryptDecrypt(algorithm=ALG_AES_256_GCM_IV12_TAG16_HKDF_SHA256, byteSize=16, frameSize=15, readLen=1,000,000)]" classname="com.amazonaws.encryptionsdk.CryptoOutputStreamTest$ParameterizedEncryptDecryptTest" time="0.001"/>
  <testcase name="encryptDecrypt[1407: encryptDecrypt(algorithm=ALG_AES_256_GCM_IV12_TAG16_HKDF_SHA256, byteSize=22, frameSize=15, readLen=21)]" classname="com.amazonaws.encryptionsdk.CryptoOutputStreamTest$ParameterizedEncryptDecryptTest" time="0"/>
  <testcase name="encryptDecrypt[1408: encryptDecrypt(algorithm=ALG_AES_256_GCM_IV12_TAG16_HKDF_SHA256, byteSize=22, frameSize=15, readLen=22)]" classname="com.amazonaws.encryptionsdk.CryptoOutputStreamTest$ParameterizedEncryptDecryptTest" time="0"/>
  <testcase name="encryptDecrypt[1409: encryptDecrypt(algorithm=ALG_AES_256_GCM_IV12_TAG16_HKDF_SHA256, byteSize=22, frameSize=15, readLen=23)]" classname="com.amazonaws.encryptionsdk.CryptoOutputStreamTest$ParameterizedEncryptDecryptTest" time="0"/>
  <testcase name="encryptDecrypt[1410: encryptDecrypt(algorithm=ALG_AES_256_GCM_IV12_TAG16_HKDF_SHA256, byteSize=22, frameSize=15, readLen=44)]" classname="com.amazonaws.encryptionsdk.CryptoOutputStreamTest$ParameterizedEncryptDecryptTest" time="0"/>
  <testcase name="encryptDecrypt[1411: encryptDecrypt(algorithm=ALG_AES_256_GCM_IV12_TAG16_HKDF_SHA256, byteSize=22, frameSize=15, readLen=1,000,000)]" classname="com.amazonaws.encryptionsdk.CryptoOutputStreamTest$ParameterizedEncryptDecryptTest" time="0"/>
  <testcase name="encryptDecrypt[1412: encryptDecrypt(algorithm=ALG_AES_256_GCM_IV12_TAG16_HKDF_SHA256, byteSize=30, frameSize=15, readLen=29)]" classname="com.amazonaws.encryptionsdk.CryptoOutputStreamTest$ParameterizedEncryptDecryptTest" time="0"/>
  <testcase name="encryptDecrypt[1413: encryptDecrypt(algorithm=ALG_AES_256_GCM_IV12_TAG16_HKDF_SHA256, byteSize=30, frameSize=15, readLen=30)]" classname="com.amazonaws.encryptionsdk.CryptoOutputStreamTest$ParameterizedEncryptDecryptTest" time="0.001"/>
  <testcase name="encryptDecrypt[1414: encryptDecrypt(algorithm=ALG_AES_256_GCM_IV12_TAG16_HKDF_SHA256, byteSize=30, frameSize=15, readLen=31)]" classname="com.amazonaws.encryptionsdk.CryptoOutputStreamTest$ParameterizedEncryptDecryptTest" time="0"/>
  <testcase name="encryptDecrypt[1415: encryptDecrypt(algorithm=ALG_AES_256_GCM_IV12_TAG16_HKDF_SHA256, byteSize=30, frameSize=15, readLen=60)]" classname="com.amazonaws.encryptionsdk.CryptoOutputStreamTest$ParameterizedEncryptDecryptTest" time="0"/>
  <testcase name="encryptDecrypt[1416: encryptDecrypt(algorithm=ALG_AES_256_GCM_IV12_TAG16_HKDF_SHA256, byteSize=30, frameSize=15, readLen=1,000,000)]" classname="com.amazonaws.encryptionsdk.CryptoOutputStreamTest$ParameterizedEncryptDecryptTest" time="0"/>
  <testcase name="encryptDecrypt[1417: encryptDecrypt(algorithm=ALG_AES_256_GCM_IV12_TAG16_HKDF_SHA256, byteSize=1,000,000, frameSize=15, readLen=999,999)]" classname="com.amazonaws.encryptionsdk.CryptoOutputStreamTest$ParameterizedEncryptDecryptTest" time="0.087"/>
  <testcase name="encryptDecrypt[1418: encryptDecrypt(algorithm=ALG_AES_256_GCM_IV12_TAG16_HKDF_SHA256, byteSize=1,000,000, frameSize=15, readLen=1,000,000)]" classname="com.amazonaws.encryptionsdk.CryptoOutputStreamTest$ParameterizedEncryptDecryptTest" time="0.085"/>
  <testcase name="encryptDecrypt[1419: encryptDecrypt(algorithm=ALG_AES_256_GCM_IV12_TAG16_HKDF_SHA256, byteSize=1,000,000, frameSize=15, readLen=1,000,001)]" classname="com.amazonaws.encryptionsdk.CryptoOutputStreamTest$ParameterizedEncryptDecryptTest" time="0.082"/>
  <testcase name="encryptDecrypt[1420: encryptDecrypt(algorithm=ALG_AES_256_GCM_IV12_TAG16_HKDF_SHA256, byteSize=1,000,000, frameSize=15, readLen=2,000,000)]" classname="com.amazonaws.encryptionsdk.CryptoOutputStreamTest$ParameterizedEncryptDecryptTest" time="0.081"/>
  <testcase name="encryptDecrypt[1421: encryptDecrypt(algorithm=ALG_AES_256_GCM_IV12_TAG16_HKDF_SHA256, byteSize=1,000,000, frameSize=15, readLen=1,000,000)]" classname="com.amazonaws.encryptionsdk.CryptoOutputStreamTest$ParameterizedEncryptDecryptTest" time="0.079"/>
  <testcase name="encryptDecrypt[1422: encryptDecrypt(algorithm=ALG_AES_256_GCM_IV12_TAG16_HKDF_SHA256, byteSize=0, frameSize=16, readLen=1)]" classname="com.amazonaws.encryptionsdk.CryptoOutputStreamTest$ParameterizedEncryptDecryptTest" time="0.001"/>
  <testcase name="encryptDecrypt[1423: encryptDecrypt(algorithm=ALG_AES_256_GCM_IV12_TAG16_HKDF_SHA256, byteSize=0, frameSize=16, readLen=1,000,000)]" classname="com.amazonaws.encryptionsdk.CryptoOutputStreamTest$ParameterizedEncryptDecryptTest" time="0"/>
  <testcase name="encryptDecrypt[1424: encryptDecrypt(algorithm=ALG_AES_256_GCM_IV12_TAG16_HKDF_SHA256, byteSize=1, frameSize=16, readLen=1)]" classname="com.amazonaws.encryptionsdk.CryptoOutputStreamTest$ParameterizedEncryptDecryptTest" time="0.002"/>
  <testcase name="encryptDecrypt[1425: encryptDecrypt(algorithm=ALG_AES_256_GCM_IV12_TAG16_HKDF_SHA256, byteSize=1, frameSize=16, readLen=2)]" classname="com.amazonaws.encryptionsdk.CryptoOutputStreamTest$ParameterizedEncryptDecryptTest" time="0"/>
  <testcase name="encryptDecrypt[1426: encryptDecrypt(algorithm=ALG_AES_256_GCM_IV12_TAG16_HKDF_SHA256, byteSize=1, frameSize=16, readLen=2)]" classname="com.amazonaws.encryptionsdk.CryptoOutputStreamTest$ParameterizedEncryptDecryptTest" time="0.001"/>
  <testcase name="encryptDecrypt[1427: encryptDecrypt(algorithm=ALG_AES_256_GCM_IV12_TAG16_HKDF_SHA256, byteSize=1, frameSize=16, readLen=1,000,000)]" classname="com.amazonaws.encryptionsdk.CryptoOutputStreamTest$ParameterizedEncryptDecryptTest" time="0"/>
  <testcase name="encryptDecrypt[1428: encryptDecrypt(algorithm=ALG_AES_256_GCM_IV12_TAG16_HKDF_SHA256, byteSize=15, frameSize=16, readLen=14)]" classname="com.amazonaws.encryptionsdk.CryptoOutputStreamTest$ParameterizedEncryptDecryptTest" time="0"/>
  <testcase name="encryptDecrypt[1429: encryptDecrypt(algorithm=ALG_AES_256_GCM_IV12_TAG16_HKDF_SHA256, byteSize=15, frameSize=16, readLen=15)]" classname="com.amazonaws.encryptionsdk.CryptoOutputStreamTest$ParameterizedEncryptDecryptTest" time="0"/>
  <testcase name="encryptDecrypt[1430: encryptDecrypt(algorithm=ALG_AES_256_GCM_IV12_TAG16_HKDF_SHA256, byteSize=15, frameSize=16, readLen=16)]" classname="com.amazonaws.encryptionsdk.CryptoOutputStreamTest$ParameterizedEncryptDecryptTest" time="0"/>
  <testcase name="encryptDecrypt[1431: encryptDecrypt(algorithm=ALG_AES_256_GCM_IV12_TAG16_HKDF_SHA256, byteSize=15, frameSize=16, readLen=30)]" classname="com.amazonaws.encryptionsdk.CryptoOutputStreamTest$ParameterizedEncryptDecryptTest" time="0"/>
  <testcase name="encryptDecrypt[1432: encryptDecrypt(algorithm=ALG_AES_256_GCM_IV12_TAG16_HKDF_SHA256, byteSize=15, frameSize=16, readLen=1,000,000)]" classname="com.amazonaws.encryptionsdk.CryptoOutputStreamTest$ParameterizedEncryptDecryptTest" time="0.001"/>
  <testcase name="encryptDecrypt[1433: encryptDecrypt(algorithm=ALG_AES_256_GCM_IV12_TAG16_HKDF_SHA256, byteSize=16, frameSize=16, readLen=15)]" classname="com.amazonaws.encryptionsdk.CryptoOutputStreamTest$ParameterizedEncryptDecryptTest" time="0"/>
  <testcase name="encryptDecrypt[1434: encryptDecrypt(algorithm=ALG_AES_256_GCM_IV12_TAG16_HKDF_SHA256, byteSize=16, frameSize=16, readLen=16)]" classname="com.amazonaws.encryptionsdk.CryptoOutputStreamTest$ParameterizedEncryptDecryptTest" time="0"/>
  <testcase name="encryptDecrypt[1435: encryptDecrypt(algorithm=ALG_AES_256_GCM_IV12_TAG16_HKDF_SHA256, byteSize=16, frameSize=16, readLen=17)]" classname="com.amazonaws.encryptionsdk.CryptoOutputStreamTest$ParameterizedEncryptDecryptTest" time="0"/>
  <testcase name="encryptDecrypt[1436: encryptDecrypt(algorithm=ALG_AES_256_GCM_IV12_TAG16_HKDF_SHA256, byteSize=16, frameSize=16, readLen=32)]" classname="com.amazonaws.encryptionsdk.CryptoOutputStreamTest$ParameterizedEncryptDecryptTest" time="0"/>
  <testcase name="encryptDecrypt[1437: encryptDecrypt(algorithm=ALG_AES_256_GCM_IV12_TAG16_HKDF_SHA256, byteSize=16, frameSize=16, readLen=1,000,000)]" classname="com.amazonaws.encryptionsdk.CryptoOutputStreamTest$ParameterizedEncryptDecryptTest" time="0"/>
  <testcase name="encryptDecrypt[1438: encryptDecrypt(algorithm=ALG_AES_256_GCM_IV12_TAG16_HKDF_SHA256, byteSize=17, frameSize=16, readLen=16)]" classname="com.amazonaws.encryptionsdk.CryptoOutputStreamTest$ParameterizedEncryptDecryptTest" time="0.001"/>
  <testcase name="encryptDecrypt[1439: encryptDecrypt(algorithm=ALG_AES_256_GCM_IV12_TAG16_HKDF_SHA256, byteSize=17, frameSize=16, readLen=17)]" classname="com.amazonaws.encryptionsdk.CryptoOutputStreamTest$ParameterizedEncryptDecryptTest" time="0"/>
  <testcase name="encryptDecrypt[1440: encryptDecrypt(algorithm=ALG_AES_256_GCM_IV12_TAG16_HKDF_SHA256, byteSize=17, frameSize=16, readLen=18)]" classname="com.amazonaws.encryptionsdk.CryptoOutputStreamTest$ParameterizedEncryptDecryptTest" time="0"/>
  <testcase name="encryptDecrypt[1441: encryptDecrypt(algorithm=ALG_AES_256_GCM_IV12_TAG16_HKDF_SHA256, byteSize=17, frameSize=16, readLen=34)]" classname="com.amazonaws.encryptionsdk.CryptoOutputStreamTest$ParameterizedEncryptDecryptTest" time="0"/>
  <testcase name="encryptDecrypt[1442: encryptDecrypt(algorithm=ALG_AES_256_GCM_IV12_TAG16_HKDF_SHA256, byteSize=17, frameSize=16, readLen=1,000,000)]" classname="com.amazonaws.encryptionsdk.CryptoOutputStreamTest$ParameterizedEncryptDecryptTest" time="0"/>
  <testcase name="encryptDecrypt[1443: encryptDecrypt(algorithm=ALG_AES_256_GCM_IV12_TAG16_HKDF_SHA256, byteSize=24, frameSize=16, readLen=23)]" classname="com.amazonaws.encryptionsdk.CryptoOutputStreamTest$ParameterizedEncryptDecryptTest" time="0"/>
  <testcase name="encryptDecrypt[1444: encryptDecrypt(algorithm=ALG_AES_256_GCM_IV12_TAG16_HKDF_SHA256, byteSize=24, frameSize=16, readLen=24)]" classname="com.amazonaws.encryptionsdk.CryptoOutputStreamTest$ParameterizedEncryptDecryptTest" time="0"/>
  <testcase name="encryptDecrypt[1445: encryptDecrypt(algorithm=ALG_AES_256_GCM_IV12_TAG16_HKDF_SHA256, byteSize=24, frameSize=16, readLen=25)]" classname="com.amazonaws.encryptionsdk.CryptoOutputStreamTest$ParameterizedEncryptDecryptTest" time="0.001"/>
  <testcase name="encryptDecrypt[1446: encryptDecrypt(algorithm=ALG_AES_256_GCM_IV12_TAG16_HKDF_SHA256, byteSize=24, frameSize=16, readLen=48)]" classname="com.amazonaws.encryptionsdk.CryptoOutputStreamTest$ParameterizedEncryptDecryptTest" time="0"/>
  <testcase name="encryptDecrypt[1447: encryptDecrypt(algorithm=ALG_AES_256_GCM_IV12_TAG16_HKDF_SHA256, byteSize=24, frameSize=16, readLen=1,000,000)]" classname="com.amazonaws.encryptionsdk.CryptoOutputStreamTest$ParameterizedEncryptDecryptTest" time="0"/>
  <testcase name="encryptDecrypt[1448: encryptDecrypt(algorithm=ALG_AES_256_GCM_IV12_TAG16_HKDF_SHA256, byteSize=32, frameSize=16, readLen=31)]" classname="com.amazonaws.encryptionsdk.CryptoOutputStreamTest$ParameterizedEncryptDecryptTest" time="0"/>
  <testcase name="encryptDecrypt[1449: encryptDecrypt(algorithm=ALG_AES_256_GCM_IV12_TAG16_HKDF_SHA256, byteSize=32, frameSize=16, readLen=32)]" classname="com.amazonaws.encryptionsdk.CryptoOutputStreamTest$ParameterizedEncryptDecryptTest" time="0"/>
  <testcase name="encryptDecrypt[1450: encryptDecrypt(algorithm=ALG_AES_256_GCM_IV12_TAG16_HKDF_SHA256, byteSize=32, frameSize=16, readLen=33)]" classname="com.amazonaws.encryptionsdk.CryptoOutputStreamTest$ParameterizedEncryptDecryptTest" time="0"/>
  <testcase name="encryptDecrypt[1451: encryptDecrypt(algorithm=ALG_AES_256_GCM_IV12_TAG16_HKDF_SHA256, byteSize=32, frameSize=16, readLen=64)]" classname="com.amazonaws.encryptionsdk.CryptoOutputStreamTest$ParameterizedEncryptDecryptTest" time="0"/>
  <testcase name="encryptDecrypt[1452: encryptDecrypt(algorithm=ALG_AES_256_GCM_IV12_TAG16_HKDF_SHA256, byteSize=32, frameSize=16, readLen=1,000,000)]" classname="com.amazonaws.encryptionsdk.CryptoOutputStreamTest$ParameterizedEncryptDecryptTest" time="0"/>
  <testcase name="encryptDecrypt[1453: encryptDecrypt(algorithm=ALG_AES_256_GCM_IV12_TAG16_HKDF_SHA256, byteSize=1,000,000, frameSize=16, readLen=999,999)]" classname="com.amazonaws.encryptionsdk.CryptoOutputStreamTest$ParameterizedEncryptDecryptTest" time="0.077"/>
  <testcase name="encryptDecrypt[1454: encryptDecrypt(algorithm=ALG_AES_256_GCM_IV12_TAG16_HKDF_SHA256, byteSize=1,000,000, frameSize=16, readLen=1,000,000)]" classname="com.amazonaws.encryptionsdk.CryptoOutputStreamTest$ParameterizedEncryptDecryptTest" time="0.073"/>
  <testcase name="encryptDecrypt[1455: encryptDecrypt(algorithm=ALG_AES_256_GCM_IV12_TAG16_HKDF_SHA256, byteSize=1,000,000, frameSize=16, readLen=1,000,001)]" classname="com.amazonaws.encryptionsdk.CryptoOutputStreamTest$ParameterizedEncryptDecryptTest" time="0.072"/>
  <testcase name="encryptDecrypt[1456: encryptDecrypt(algorithm=ALG_AES_256_GCM_IV12_TAG16_HKDF_SHA256, byteSize=1,000,000, frameSize=16, readLen=2,000,000)]" classname="com.amazonaws.encryptionsdk.CryptoOutputStreamTest$ParameterizedEncryptDecryptTest" time="0.078"/>
  <testcase name="encryptDecrypt[1457: encryptDecrypt(algorithm=ALG_AES_256_GCM_IV12_TAG16_HKDF_SHA256, byteSize=1,000,000, frameSize=16, readLen=1,000,000)]" classname="com.amazonaws.encryptionsdk.CryptoOutputStreamTest$ParameterizedEncryptDecryptTest" time="0.07"/>
  <testcase name="encryptDecrypt[1458: encryptDecrypt(algorithm=ALG_AES_256_GCM_IV12_TAG16_HKDF_SHA256, byteSize=0, frameSize=17, readLen=1)]" classname="com.amazonaws.encryptionsdk.CryptoOutputStreamTest$ParameterizedEncryptDecryptTest" time="0.001"/>
  <testcase name="encryptDecrypt[1459: encryptDecrypt(algorithm=ALG_AES_256_GCM_IV12_TAG16_HKDF_SHA256, byteSize=0, frameSize=17, readLen=1,000,000)]" classname="com.amazonaws.encryptionsdk.CryptoOutputStreamTest$ParameterizedEncryptDecryptTest" time="0"/>
  <testcase name="encryptDecrypt[1460: encryptDecrypt(algorithm=ALG_AES_256_GCM_IV12_TAG16_HKDF_SHA256, byteSize=1, frameSize=17, readLen=1)]" classname="com.amazonaws.encryptionsdk.CryptoOutputStreamTest$ParameterizedEncryptDecryptTest" time="0.001"/>
  <testcase name="encryptDecrypt[1461: encryptDecrypt(algorithm=ALG_AES_256_GCM_IV12_TAG16_HKDF_SHA256, byteSize=1, frameSize=17, readLen=2)]" classname="com.amazonaws.encryptionsdk.CryptoOutputStreamTest$ParameterizedEncryptDecryptTest" time="0.001"/>
  <testcase name="encryptDecrypt[1462: encryptDecrypt(algorithm=ALG_AES_256_GCM_IV12_TAG16_HKDF_SHA256, byteSize=1, frameSize=17, readLen=2)]" classname="com.amazonaws.encryptionsdk.CryptoOutputStreamTest$ParameterizedEncryptDecryptTest" time="0.001"/>
  <testcase name="encryptDecrypt[1463: encryptDecrypt(algorithm=ALG_AES_256_GCM_IV12_TAG16_HKDF_SHA256, byteSize=1, frameSize=17, readLen=1,000,000)]" classname="com.amazonaws.encryptionsdk.CryptoOutputStreamTest$ParameterizedEncryptDecryptTest" time="0"/>
  <testcase name="encryptDecrypt[1464: encryptDecrypt(algorithm=ALG_AES_256_GCM_IV12_TAG16_HKDF_SHA256, byteSize=16, frameSize=17, readLen=15)]" classname="com.amazonaws.encryptionsdk.CryptoOutputStreamTest$ParameterizedEncryptDecryptTest" time="0"/>
  <testcase name="encryptDecrypt[1465: encryptDecrypt(algorithm=ALG_AES_256_GCM_IV12_TAG16_HKDF_SHA256, byteSize=16, frameSize=17, readLen=16)]" classname="com.amazonaws.encryptionsdk.CryptoOutputStreamTest$ParameterizedEncryptDecryptTest" time="0"/>
  <testcase name="encryptDecrypt[1466: encryptDecrypt(algorithm=ALG_AES_256_GCM_IV12_TAG16_HKDF_SHA256, byteSize=16, frameSize=17, readLen=17)]" classname="com.amazonaws.encryptionsdk.CryptoOutputStreamTest$ParameterizedEncryptDecryptTest" time="0"/>
  <testcase name="encryptDecrypt[1467: encryptDecrypt(algorithm=ALG_AES_256_GCM_IV12_TAG16_HKDF_SHA256, byteSize=16, frameSize=17, readLen=32)]" classname="com.amazonaws.encryptionsdk.CryptoOutputStreamTest$ParameterizedEncryptDecryptTest" time="0"/>
  <testcase name="encryptDecrypt[1468: encryptDecrypt(algorithm=ALG_AES_256_GCM_IV12_TAG16_HKDF_SHA256, byteSize=16, frameSize=17, readLen=1,000,000)]" classname="com.amazonaws.encryptionsdk.CryptoOutputStreamTest$ParameterizedEncryptDecryptTest" time="0"/>
  <testcase name="encryptDecrypt[1469: encryptDecrypt(algorithm=ALG_AES_256_GCM_IV12_TAG16_HKDF_SHA256, byteSize=17, frameSize=17, readLen=16)]" classname="com.amazonaws.encryptionsdk.CryptoOutputStreamTest$ParameterizedEncryptDecryptTest" time="0.001"/>
  <testcase name="encryptDecrypt[1470: encryptDecrypt(algorithm=ALG_AES_256_GCM_IV12_TAG16_HKDF_SHA256, byteSize=17, frameSize=17, readLen=17)]" classname="com.amazonaws.encryptionsdk.CryptoOutputStreamTest$ParameterizedEncryptDecryptTest" time="0"/>
  <testcase name="encryptDecrypt[1471: encryptDecrypt(algorithm=ALG_AES_256_GCM_IV12_TAG16_HKDF_SHA256, byteSize=17, frameSize=17, readLen=18)]" classname="com.amazonaws.encryptionsdk.CryptoOutputStreamTest$ParameterizedEncryptDecryptTest" time="0"/>
  <testcase name="encryptDecrypt[1472: encryptDecrypt(algorithm=ALG_AES_256_GCM_IV12_TAG16_HKDF_SHA256, byteSize=17, frameSize=17, readLen=34)]" classname="com.amazonaws.encryptionsdk.CryptoOutputStreamTest$ParameterizedEncryptDecryptTest" time="0"/>
  <testcase name="encryptDecrypt[1473: encryptDecrypt(algorithm=ALG_AES_256_GCM_IV12_TAG16_HKDF_SHA256, byteSize=17, frameSize=17, readLen=1,000,000)]" classname="com.amazonaws.encryptionsdk.CryptoOutputStreamTest$ParameterizedEncryptDecryptTest" time="0"/>
  <testcase name="encryptDecrypt[1474: encryptDecrypt(algorithm=ALG_AES_256_GCM_IV12_TAG16_HKDF_SHA256, byteSize=18, frameSize=17, readLen=17)]" classname="com.amazonaws.encryptionsdk.CryptoOutputStreamTest$ParameterizedEncryptDecryptTest" time="0"/>
  <testcase name="encryptDecrypt[1475: encryptDecrypt(algorithm=ALG_AES_256_GCM_IV12_TAG16_HKDF_SHA256, byteSize=18, frameSize=17, readLen=18)]" classname="com.amazonaws.encryptionsdk.CryptoOutputStreamTest$ParameterizedEncryptDecryptTest" time="0"/>
  <testcase name="encryptDecrypt[1476: encryptDecrypt(algorithm=ALG_AES_256_GCM_IV12_TAG16_HKDF_SHA256, byteSize=18, frameSize=17, readLen=19)]" classname="com.amazonaws.encryptionsdk.CryptoOutputStreamTest$ParameterizedEncryptDecryptTest" time="0.001"/>
  <testcase name="encryptDecrypt[1477: encryptDecrypt(algorithm=ALG_AES_256_GCM_IV12_TAG16_HKDF_SHA256, byteSize=18, frameSize=17, readLen=36)]" classname="com.amazonaws.encryptionsdk.CryptoOutputStreamTest$ParameterizedEncryptDecryptTest" time="0"/>
  <testcase name="encryptDecrypt[1478: encryptDecrypt(algorithm=ALG_AES_256_GCM_IV12_TAG16_HKDF_SHA256, byteSize=18, frameSize=17, readLen=1,000,000)]" classname="com.amazonaws.encryptionsdk.CryptoOutputStreamTest$ParameterizedEncryptDecryptTest" time="0"/>
  <testcase name="encryptDecrypt[1479: encryptDecrypt(algorithm=ALG_AES_256_GCM_IV12_TAG16_HKDF_SHA256, byteSize=25, frameSize=17, readLen=24)]" classname="com.amazonaws.encryptionsdk.CryptoOutputStreamTest$ParameterizedEncryptDecryptTest" time="0"/>
  <testcase name="encryptDecrypt[1480: encryptDecrypt(algorithm=ALG_AES_256_GCM_IV12_TAG16_HKDF_SHA256, byteSize=25, frameSize=17, readLen=25)]" classname="com.amazonaws.encryptionsdk.CryptoOutputStreamTest$ParameterizedEncryptDecryptTest" time="0"/>
  <testcase name="encryptDecrypt[1481: encryptDecrypt(algorithm=ALG_AES_256_GCM_IV12_TAG16_HKDF_SHA256, byteSize=25, frameSize=17, readLen=26)]" classname="com.amazonaws.encryptionsdk.CryptoOutputStreamTest$ParameterizedEncryptDecryptTest" time="0"/>
  <testcase name="encryptDecrypt[1482: encryptDecrypt(algorithm=ALG_AES_256_GCM_IV12_TAG16_HKDF_SHA256, byteSize=25, frameSize=17, readLen=50)]" classname="com.amazonaws.encryptionsdk.CryptoOutputStreamTest$ParameterizedEncryptDecryptTest" time="0"/>
  <testcase name="encryptDecrypt[1483: encryptDecrypt(algorithm=ALG_AES_256_GCM_IV12_TAG16_HKDF_SHA256, byteSize=25, frameSize=17, readLen=1,000,000)]" classname="com.amazonaws.encryptionsdk.CryptoOutputStreamTest$ParameterizedEncryptDecryptTest" time="0"/>
  <testcase name="encryptDecrypt[1484: encryptDecrypt(algorithm=ALG_AES_256_GCM_IV12_TAG16_HKDF_SHA256, byteSize=34, frameSize=17, readLen=33)]" classname="com.amazonaws.encryptionsdk.CryptoOutputStreamTest$ParameterizedEncryptDecryptTest" time="0"/>
  <testcase name="encryptDecrypt[1485: encryptDecrypt(algorithm=ALG_AES_256_GCM_IV12_TAG16_HKDF_SHA256, byteSize=34, frameSize=17, readLen=34)]" classname="com.amazonaws.encryptionsdk.CryptoOutputStreamTest$ParameterizedEncryptDecryptTest" time="0"/>
  <testcase name="encryptDecrypt[1486: encryptDecrypt(algorithm=ALG_AES_256_GCM_IV12_TAG16_HKDF_SHA256, byteSize=34, frameSize=17, readLen=35)]" classname="com.amazonaws.encryptionsdk.CryptoOutputStreamTest$ParameterizedEncryptDecryptTest" time="0"/>
  <testcase name="encryptDecrypt[1487: encryptDecrypt(algorithm=ALG_AES_256_GCM_IV12_TAG16_HKDF_SHA256, byteSize=34, frameSize=17, readLen=68)]" classname="com.amazonaws.encryptionsdk.CryptoOutputStreamTest$ParameterizedEncryptDecryptTest" time="0"/>
  <testcase name="encryptDecrypt[1488: encryptDecrypt(algorithm=ALG_AES_256_GCM_IV12_TAG16_HKDF_SHA256, byteSize=34, frameSize=17, readLen=1,000,000)]" classname="com.amazonaws.encryptionsdk.CryptoOutputStreamTest$ParameterizedEncryptDecryptTest" time="0"/>
  <testcase name="encryptDecrypt[1489: encryptDecrypt(algorithm=ALG_AES_256_GCM_IV12_TAG16_HKDF_SHA256, byteSize=1,000,000, frameSize=17, readLen=999,999)]" classname="com.amazonaws.encryptionsdk.CryptoOutputStreamTest$ParameterizedEncryptDecryptTest" time="0.074"/>
  <testcase name="encryptDecrypt[1490: encryptDecrypt(algorithm=ALG_AES_256_GCM_IV12_TAG16_HKDF_SHA256, byteSize=1,000,000, frameSize=17, readLen=1,000,000)]" classname="com.amazonaws.encryptionsdk.CryptoOutputStreamTest$ParameterizedEncryptDecryptTest" time="0.072"/>
  <testcase name="encryptDecrypt[1491: encryptDecrypt(algorithm=ALG_AES_256_GCM_IV12_TAG16_HKDF_SHA256, byteSize=1,000,000, frameSize=17, readLen=1,000,001)]" classname="com.amazonaws.encryptionsdk.CryptoOutputStreamTest$ParameterizedEncryptDecryptTest" time="0.073"/>
  <testcase name="encryptDecrypt[1492: encryptDecrypt(algorithm=ALG_AES_256_GCM_IV12_TAG16_HKDF_SHA256, byteSize=1,000,000, frameSize=17, readLen=2,000,000)]" classname="com.amazonaws.encryptionsdk.CryptoOutputStreamTest$ParameterizedEncryptDecryptTest" time="0.071"/>
  <testcase name="encryptDecrypt[1493: encryptDecrypt(algorithm=ALG_AES_256_GCM_IV12_TAG16_HKDF_SHA256, byteSize=1,000,000, frameSize=17, readLen=1,000,000)]" classname="com.amazonaws.encryptionsdk.CryptoOutputStreamTest$ParameterizedEncryptDecryptTest" time="0.07"/>
  <testcase name="encryptDecrypt[1494: encryptDecrypt(algorithm=ALG_AES_256_GCM_IV12_TAG16_HKDF_SHA256, byteSize=0, frameSize=32, readLen=1)]" classname="com.amazonaws.encryptionsdk.CryptoOutputStreamTest$ParameterizedEncryptDecryptTest" time="0.001"/>
  <testcase name="encryptDecrypt[1495: encryptDecrypt(algorithm=ALG_AES_256_GCM_IV12_TAG16_HKDF_SHA256, byteSize=0, frameSize=32, readLen=1,000,000)]" classname="com.amazonaws.encryptionsdk.CryptoOutputStreamTest$ParameterizedEncryptDecryptTest" time="0"/>
  <testcase name="encryptDecrypt[1496: encryptDecrypt(algorithm=ALG_AES_256_GCM_IV12_TAG16_HKDF_SHA256, byteSize=1, frameSize=32, readLen=1)]" classname="com.amazonaws.encryptionsdk.CryptoOutputStreamTest$ParameterizedEncryptDecryptTest" time="0.002"/>
  <testcase name="encryptDecrypt[1497: encryptDecrypt(algorithm=ALG_AES_256_GCM_IV12_TAG16_HKDF_SHA256, byteSize=1, frameSize=32, readLen=2)]" classname="com.amazonaws.encryptionsdk.CryptoOutputStreamTest$ParameterizedEncryptDecryptTest" time="0"/>
  <testcase name="encryptDecrypt[1498: encryptDecrypt(algorithm=ALG_AES_256_GCM_IV12_TAG16_HKDF_SHA256, byteSize=1, frameSize=32, readLen=2)]" classname="com.amazonaws.encryptionsdk.CryptoOutputStreamTest$ParameterizedEncryptDecryptTest" time="0.001"/>
  <testcase name="encryptDecrypt[1499: encryptDecrypt(algorithm=ALG_AES_256_GCM_IV12_TAG16_HKDF_SHA256, byteSize=1, frameSize=32, readLen=1,000,000)]" classname="com.amazonaws.encryptionsdk.CryptoOutputStreamTest$ParameterizedEncryptDecryptTest" time="0"/>
  <testcase name="encryptDecrypt[1500: encryptDecrypt(algorithm=ALG_AES_256_GCM_IV12_TAG16_HKDF_SHA256, byteSize=31, frameSize=32, readLen=30)]" classname="com.amazonaws.encryptionsdk.CryptoOutputStreamTest$ParameterizedEncryptDecryptTest" time="0"/>
  <testcase name="encryptDecrypt[1501: encryptDecrypt(algorithm=ALG_AES_256_GCM_IV12_TAG16_HKDF_SHA256, byteSize=31, frameSize=32, readLen=31)]" classname="com.amazonaws.encryptionsdk.CryptoOutputStreamTest$ParameterizedEncryptDecryptTest" time="0"/>
  <testcase name="encryptDecrypt[1502: encryptDecrypt(algorithm=ALG_AES_256_GCM_IV12_TAG16_HKDF_SHA256, byteSize=31, frameSize=32, readLen=32)]" classname="com.amazonaws.encryptionsdk.CryptoOutputStreamTest$ParameterizedEncryptDecryptTest" time="0"/>
  <testcase name="encryptDecrypt[1503: encryptDecrypt(algorithm=ALG_AES_256_GCM_IV12_TAG16_HKDF_SHA256, byteSize=31, frameSize=32, readLen=62)]" classname="com.amazonaws.encryptionsdk.CryptoOutputStreamTest$ParameterizedEncryptDecryptTest" time="0"/>
  <testcase name="encryptDecrypt[1504: encryptDecrypt(algorithm=ALG_AES_256_GCM_IV12_TAG16_HKDF_SHA256, byteSize=31, frameSize=32, readLen=1,000,000)]" classname="com.amazonaws.encryptionsdk.CryptoOutputStreamTest$ParameterizedEncryptDecryptTest" time="0"/>
  <testcase name="encryptDecrypt[1505: encryptDecrypt(algorithm=ALG_AES_256_GCM_IV12_TAG16_HKDF_SHA256, byteSize=32, frameSize=32, readLen=31)]" classname="com.amazonaws.encryptionsdk.CryptoOutputStreamTest$ParameterizedEncryptDecryptTest" time="0.001"/>
  <testcase name="encryptDecrypt[1506: encryptDecrypt(algorithm=ALG_AES_256_GCM_IV12_TAG16_HKDF_SHA256, byteSize=32, frameSize=32, readLen=32)]" classname="com.amazonaws.encryptionsdk.CryptoOutputStreamTest$ParameterizedEncryptDecryptTest" time="0"/>
  <testcase name="encryptDecrypt[1507: encryptDecrypt(algorithm=ALG_AES_256_GCM_IV12_TAG16_HKDF_SHA256, byteSize=32, frameSize=32, readLen=33)]" classname="com.amazonaws.encryptionsdk.CryptoOutputStreamTest$ParameterizedEncryptDecryptTest" time="0"/>
  <testcase name="encryptDecrypt[1508: encryptDecrypt(algorithm=ALG_AES_256_GCM_IV12_TAG16_HKDF_SHA256, byteSize=32, frameSize=32, readLen=64)]" classname="com.amazonaws.encryptionsdk.CryptoOutputStreamTest$ParameterizedEncryptDecryptTest" time="0"/>
  <testcase name="encryptDecrypt[1509: encryptDecrypt(algorithm=ALG_AES_256_GCM_IV12_TAG16_HKDF_SHA256, byteSize=32, frameSize=32, readLen=1,000,000)]" classname="com.amazonaws.encryptionsdk.CryptoOutputStreamTest$ParameterizedEncryptDecryptTest" time="0"/>
  <testcase name="encryptDecrypt[1510: encryptDecrypt(algorithm=ALG_AES_256_GCM_IV12_TAG16_HKDF_SHA256, byteSize=33, frameSize=32, readLen=32)]" classname="com.amazonaws.encryptionsdk.CryptoOutputStreamTest$ParameterizedEncryptDecryptTest" time="0"/>
  <testcase name="encryptDecrypt[1511: encryptDecrypt(algorithm=ALG_AES_256_GCM_IV12_TAG16_HKDF_SHA256, byteSize=33, frameSize=32, readLen=33)]" classname="com.amazonaws.encryptionsdk.CryptoOutputStreamTest$ParameterizedEncryptDecryptTest" time="0"/>
  <testcase name="encryptDecrypt[1512: encryptDecrypt(algorithm=ALG_AES_256_GCM_IV12_TAG16_HKDF_SHA256, byteSize=33, frameSize=32, readLen=34)]" classname="com.amazonaws.encryptionsdk.CryptoOutputStreamTest$ParameterizedEncryptDecryptTest" time="0"/>
  <testcase name="encryptDecrypt[1513: encryptDecrypt(algorithm=ALG_AES_256_GCM_IV12_TAG16_HKDF_SHA256, byteSize=33, frameSize=32, readLen=66)]" classname="com.amazonaws.encryptionsdk.CryptoOutputStreamTest$ParameterizedEncryptDecryptTest" time="0.001"/>
  <testcase name="encryptDecrypt[1514: encryptDecrypt(algorithm=ALG_AES_256_GCM_IV12_TAG16_HKDF_SHA256, byteSize=33, frameSize=32, readLen=1,000,000)]" classname="com.amazonaws.encryptionsdk.CryptoOutputStreamTest$ParameterizedEncryptDecryptTest" time="0"/>
  <testcase name="encryptDecrypt[1515: encryptDecrypt(algorithm=ALG_AES_256_GCM_IV12_TAG16_HKDF_SHA256, byteSize=48, frameSize=32, readLen=47)]" classname="com.amazonaws.encryptionsdk.CryptoOutputStreamTest$ParameterizedEncryptDecryptTest" time="0"/>
  <testcase name="encryptDecrypt[1516: encryptDecrypt(algorithm=ALG_AES_256_GCM_IV12_TAG16_HKDF_SHA256, byteSize=48, frameSize=32, readLen=48)]" classname="com.amazonaws.encryptionsdk.CryptoOutputStreamTest$ParameterizedEncryptDecryptTest" time="0"/>
  <testcase name="encryptDecrypt[1517: encryptDecrypt(algorithm=ALG_AES_256_GCM_IV12_TAG16_HKDF_SHA256, byteSize=48, frameSize=32, readLen=49)]" classname="com.amazonaws.encryptionsdk.CryptoOutputStreamTest$ParameterizedEncryptDecryptTest" time="0"/>
  <testcase name="encryptDecrypt[1518: encryptDecrypt(algorithm=ALG_AES_256_GCM_IV12_TAG16_HKDF_SHA256, byteSize=48, frameSize=32, readLen=96)]" classname="com.amazonaws.encryptionsdk.CryptoOutputStreamTest$ParameterizedEncryptDecryptTest" time="0"/>
  <testcase name="encryptDecrypt[1519: encryptDecrypt(algorithm=ALG_AES_256_GCM_IV12_TAG16_HKDF_SHA256, byteSize=48, frameSize=32, readLen=1,000,000)]" classname="com.amazonaws.encryptionsdk.CryptoOutputStreamTest$ParameterizedEncryptDecryptTest" time="0"/>
  <testcase name="encryptDecrypt[1520: encryptDecrypt(algorithm=ALG_AES_256_GCM_IV12_TAG16_HKDF_SHA256, byteSize=64, frameSize=32, readLen=63)]" classname="com.amazonaws.encryptionsdk.CryptoOutputStreamTest$ParameterizedEncryptDecryptTest" time="0"/>
  <testcase name="encryptDecrypt[1521: encryptDecrypt(algorithm=ALG_AES_256_GCM_IV12_TAG16_HKDF_SHA256, byteSize=64, frameSize=32, readLen=64)]" classname="com.amazonaws.encryptionsdk.CryptoOutputStreamTest$ParameterizedEncryptDecryptTest" time="0.001"/>
  <testcase name="encryptDecrypt[1522: encryptDecrypt(algorithm=ALG_AES_256_GCM_IV12_TAG16_HKDF_SHA256, byteSize=64, frameSize=32, readLen=65)]" classname="com.amazonaws.encryptionsdk.CryptoOutputStreamTest$ParameterizedEncryptDecryptTest" time="0"/>
  <testcase name="encryptDecrypt[1523: encryptDecrypt(algorithm=ALG_AES_256_GCM_IV12_TAG16_HKDF_SHA256, byteSize=64, frameSize=32, readLen=128)]" classname="com.amazonaws.encryptionsdk.CryptoOutputStreamTest$ParameterizedEncryptDecryptTest" time="0"/>
  <testcase name="encryptDecrypt[1524: encryptDecrypt(algorithm=ALG_AES_256_GCM_IV12_TAG16_HKDF_SHA256, byteSize=64, frameSize=32, readLen=1,000,000)]" classname="com.amazonaws.encryptionsdk.CryptoOutputStreamTest$ParameterizedEncryptDecryptTest" time="0"/>
  <testcase name="encryptDecrypt[1525: encryptDecrypt(algorithm=ALG_AES_256_GCM_IV12_TAG16_HKDF_SHA256, byteSize=1,000,000, frameSize=32, readLen=999,999)]" classname="com.amazonaws.encryptionsdk.CryptoOutputStreamTest$ParameterizedEncryptDecryptTest" time="0.041"/>
  <testcase name="encryptDecrypt[1526: encryptDecrypt(algorithm=ALG_AES_256_GCM_IV12_TAG16_HKDF_SHA256, byteSize=1,000,000, frameSize=32, readLen=1,000,000)]" classname="com.amazonaws.encryptionsdk.CryptoOutputStreamTest$ParameterizedEncryptDecryptTest" time="0.041"/>
  <testcase name="encryptDecrypt[1527: encryptDecrypt(algorithm=ALG_AES_256_GCM_IV12_TAG16_HKDF_SHA256, byteSize=1,000,000, frameSize=32, readLen=1,000,001)]" classname="com.amazonaws.encryptionsdk.CryptoOutputStreamTest$ParameterizedEncryptDecryptTest" time="0.041"/>
  <testcase name="encryptDecrypt[1528: encryptDecrypt(algorithm=ALG_AES_256_GCM_IV12_TAG16_HKDF_SHA256, byteSize=1,000,000, frameSize=32, readLen=2,000,000)]" classname="com.amazonaws.encryptionsdk.CryptoOutputStreamTest$ParameterizedEncryptDecryptTest" time="0.04"/>
  <testcase name="encryptDecrypt[1529: encryptDecrypt(algorithm=ALG_AES_256_GCM_IV12_TAG16_HKDF_SHA256, byteSize=1,000,000, frameSize=32, readLen=1,000,000)]" classname="com.amazonaws.encryptionsdk.CryptoOutputStreamTest$ParameterizedEncryptDecryptTest" time="0.039"/>
  <testcase name="encryptDecrypt[1530: encryptDecrypt(algorithm=ALG_AES_256_GCM_IV12_TAG16_HKDF_SHA256, byteSize=0, frameSize=160, readLen=1)]" classname="com.amazonaws.encryptionsdk.CryptoOutputStreamTest$ParameterizedEncryptDecryptTest" time="0.001"/>
  <testcase name="encryptDecrypt[1531: encryptDecrypt(algorithm=ALG_AES_256_GCM_IV12_TAG16_HKDF_SHA256, byteSize=0, frameSize=160, readLen=1,000,000)]" classname="com.amazonaws.encryptionsdk.CryptoOutputStreamTest$ParameterizedEncryptDecryptTest" time="0"/>
  <testcase name="encryptDecrypt[1532: encryptDecrypt(algorithm=ALG_AES_256_GCM_IV12_TAG16_HKDF_SHA256, byteSize=1, frameSize=160, readLen=1)]" classname="com.amazonaws.encryptionsdk.CryptoOutputStreamTest$ParameterizedEncryptDecryptTest" time="0.001"/>
  <testcase name="encryptDecrypt[1533: encryptDecrypt(algorithm=ALG_AES_256_GCM_IV12_TAG16_HKDF_SHA256, byteSize=1, frameSize=160, readLen=2)]" classname="com.amazonaws.encryptionsdk.CryptoOutputStreamTest$ParameterizedEncryptDecryptTest" time="0.001"/>
  <testcase name="encryptDecrypt[1534: encryptDecrypt(algorithm=ALG_AES_256_GCM_IV12_TAG16_HKDF_SHA256, byteSize=1, frameSize=160, readLen=2)]" classname="com.amazonaws.encryptionsdk.CryptoOutputStreamTest$ParameterizedEncryptDecryptTest" time="0"/>
  <testcase name="encryptDecrypt[1535: encryptDecrypt(algorithm=ALG_AES_256_GCM_IV12_TAG16_HKDF_SHA256, byteSize=1, frameSize=160, readLen=1,000,000)]" classname="com.amazonaws.encryptionsdk.CryptoOutputStreamTest$ParameterizedEncryptDecryptTest" time="0.001"/>
  <testcase name="encryptDecrypt[1536: encryptDecrypt(algorithm=ALG_AES_256_GCM_IV12_TAG16_HKDF_SHA256, byteSize=159, frameSize=160, readLen=158)]" classname="com.amazonaws.encryptionsdk.CryptoOutputStreamTest$ParameterizedEncryptDecryptTest" time="0"/>
  <testcase name="encryptDecrypt[1537: encryptDecrypt(algorithm=ALG_AES_256_GCM_IV12_TAG16_HKDF_SHA256, byteSize=159, frameSize=160, readLen=159)]" classname="com.amazonaws.encryptionsdk.CryptoOutputStreamTest$ParameterizedEncryptDecryptTest" time="0"/>
  <testcase name="encryptDecrypt[1538: encryptDecrypt(algorithm=ALG_AES_256_GCM_IV12_TAG16_HKDF_SHA256, byteSize=159, frameSize=160, readLen=160)]" classname="com.amazonaws.encryptionsdk.CryptoOutputStreamTest$ParameterizedEncryptDecryptTest" time="0"/>
  <testcase name="encryptDecrypt[1539: encryptDecrypt(algorithm=ALG_AES_256_GCM_IV12_TAG16_HKDF_SHA256, byteSize=159, frameSize=160, readLen=318)]" classname="com.amazonaws.encryptionsdk.CryptoOutputStreamTest$ParameterizedEncryptDecryptTest" time="0"/>
  <testcase name="encryptDecrypt[1540: encryptDecrypt(algorithm=ALG_AES_256_GCM_IV12_TAG16_HKDF_SHA256, byteSize=159, frameSize=160, readLen=1,000,000)]" classname="com.amazonaws.encryptionsdk.CryptoOutputStreamTest$ParameterizedEncryptDecryptTest" time="0"/>
  <testcase name="encryptDecrypt[1541: encryptDecrypt(algorithm=ALG_AES_256_GCM_IV12_TAG16_HKDF_SHA256, byteSize=160, frameSize=160, readLen=159)]" classname="com.amazonaws.encryptionsdk.CryptoOutputStreamTest$ParameterizedEncryptDecryptTest" time="0"/>
  <testcase name="encryptDecrypt[1542: encryptDecrypt(algorithm=ALG_AES_256_GCM_IV12_TAG16_HKDF_SHA256, byteSize=160, frameSize=160, readLen=160)]" classname="com.amazonaws.encryptionsdk.CryptoOutputStreamTest$ParameterizedEncryptDecryptTest" time="0"/>
  <testcase name="encryptDecrypt[1543: encryptDecrypt(algorithm=ALG_AES_256_GCM_IV12_TAG16_HKDF_SHA256, byteSize=160, frameSize=160, readLen=161)]" classname="com.amazonaws.encryptionsdk.CryptoOutputStreamTest$ParameterizedEncryptDecryptTest" time="0"/>
  <testcase name="encryptDecrypt[1544: encryptDecrypt(algorithm=ALG_AES_256_GCM_IV12_TAG16_HKDF_SHA256, byteSize=160, frameSize=160, readLen=320)]" classname="com.amazonaws.encryptionsdk.CryptoOutputStreamTest$ParameterizedEncryptDecryptTest" time="0"/>
  <testcase name="encryptDecrypt[1545: encryptDecrypt(algorithm=ALG_AES_256_GCM_IV12_TAG16_HKDF_SHA256, byteSize=160, frameSize=160, readLen=1,000,000)]" classname="com.amazonaws.encryptionsdk.CryptoOutputStreamTest$ParameterizedEncryptDecryptTest" time="0"/>
  <testcase name="encryptDecrypt[1546: encryptDecrypt(algorithm=ALG_AES_256_GCM_IV12_TAG16_HKDF_SHA256, byteSize=161, frameSize=160, readLen=160)]" classname="com.amazonaws.encryptionsdk.CryptoOutputStreamTest$ParameterizedEncryptDecryptTest" time="0"/>
  <testcase name="encryptDecrypt[1547: encryptDecrypt(algorithm=ALG_AES_256_GCM_IV12_TAG16_HKDF_SHA256, byteSize=161, frameSize=160, readLen=161)]" classname="com.amazonaws.encryptionsdk.CryptoOutputStreamTest$ParameterizedEncryptDecryptTest" time="0"/>
  <testcase name="encryptDecrypt[1548: encryptDecrypt(algorithm=ALG_AES_256_GCM_IV12_TAG16_HKDF_SHA256, byteSize=161, frameSize=160, readLen=162)]" classname="com.amazonaws.encryptionsdk.CryptoOutputStreamTest$ParameterizedEncryptDecryptTest" time="0"/>
  <testcase name="encryptDecrypt[1549: encryptDecrypt(algorithm=ALG_AES_256_GCM_IV12_TAG16_HKDF_SHA256, byteSize=161, frameSize=160, readLen=322)]" classname="com.amazonaws.encryptionsdk.CryptoOutputStreamTest$ParameterizedEncryptDecryptTest" time="0"/>
  <testcase name="encryptDecrypt[1550: encryptDecrypt(algorithm=ALG_AES_256_GCM_IV12_TAG16_HKDF_SHA256, byteSize=161, frameSize=160, readLen=1,000,000)]" classname="com.amazonaws.encryptionsdk.CryptoOutputStreamTest$ParameterizedEncryptDecryptTest" time="0"/>
  <testcase name="encryptDecrypt[1551: encryptDecrypt(algorithm=ALG_AES_256_GCM_IV12_TAG16_HKDF_SHA256, byteSize=240, frameSize=160, readLen=239)]" classname="com.amazonaws.encryptionsdk.CryptoOutputStreamTest$ParameterizedEncryptDecryptTest" time="0"/>
  <testcase name="encryptDecrypt[1552: encryptDecrypt(algorithm=ALG_AES_256_GCM_IV12_TAG16_HKDF_SHA256, byteSize=240, frameSize=160, readLen=240)]" classname="com.amazonaws.encryptionsdk.CryptoOutputStreamTest$ParameterizedEncryptDecryptTest" time="0"/>
  <testcase name="encryptDecrypt[1553: encryptDecrypt(algorithm=ALG_AES_256_GCM_IV12_TAG16_HKDF_SHA256, byteSize=240, frameSize=160, readLen=241)]" classname="com.amazonaws.encryptionsdk.CryptoOutputStreamTest$ParameterizedEncryptDecryptTest" time="0"/>
  <testcase name="encryptDecrypt[1554: encryptDecrypt(algorithm=ALG_AES_256_GCM_IV12_TAG16_HKDF_SHA256, byteSize=240, frameSize=160, readLen=480)]" classname="com.amazonaws.encryptionsdk.CryptoOutputStreamTest$ParameterizedEncryptDecryptTest" time="0"/>
  <testcase name="encryptDecrypt[1555: encryptDecrypt(algorithm=ALG_AES_256_GCM_IV12_TAG16_HKDF_SHA256, byteSize=240, frameSize=160, readLen=1,000,000)]" classname="com.amazonaws.encryptionsdk.CryptoOutputStreamTest$ParameterizedEncryptDecryptTest" time="0.001"/>
  <testcase name="encryptDecrypt[1556: encryptDecrypt(algorithm=ALG_AES_256_GCM_IV12_TAG16_HKDF_SHA256, byteSize=320, frameSize=160, readLen=319)]" classname="com.amazonaws.encryptionsdk.CryptoOutputStreamTest$ParameterizedEncryptDecryptTest" time="0"/>
  <testcase name="encryptDecrypt[1557: encryptDecrypt(algorithm=ALG_AES_256_GCM_IV12_TAG16_HKDF_SHA256, byteSize=320, frameSize=160, readLen=320)]" classname="com.amazonaws.encryptionsdk.CryptoOutputStreamTest$ParameterizedEncryptDecryptTest" time="0"/>
  <testcase name="encryptDecrypt[1558: encryptDecrypt(algorithm=ALG_AES_256_GCM_IV12_TAG16_HKDF_SHA256, byteSize=320, frameSize=160, readLen=321)]" classname="com.amazonaws.encryptionsdk.CryptoOutputStreamTest$ParameterizedEncryptDecryptTest" time="0"/>
  <testcase name="encryptDecrypt[1559: encryptDecrypt(algorithm=ALG_AES_256_GCM_IV12_TAG16_HKDF_SHA256, byteSize=320, frameSize=160, readLen=640)]" classname="com.amazonaws.encryptionsdk.CryptoOutputStreamTest$ParameterizedEncryptDecryptTest" time="0"/>
  <testcase name="encryptDecrypt[1560: encryptDecrypt(algorithm=ALG_AES_256_GCM_IV12_TAG16_HKDF_SHA256, byteSize=320, frameSize=160, readLen=1,000,000)]" classname="com.amazonaws.encryptionsdk.CryptoOutputStreamTest$ParameterizedEncryptDecryptTest" time="0"/>
  <testcase name="encryptDecrypt[1561: encryptDecrypt(algorithm=ALG_AES_256_GCM_IV12_TAG16_HKDF_SHA256, byteSize=1,000,000, frameSize=160, readLen=999,999)]" classname="com.amazonaws.encryptionsdk.CryptoOutputStreamTest$ParameterizedEncryptDecryptTest" time="0.015"/>
  <testcase name="encryptDecrypt[1562: encryptDecrypt(algorithm=ALG_AES_256_GCM_IV12_TAG16_HKDF_SHA256, byteSize=1,000,000, frameSize=160, readLen=1,000,000)]" classname="com.amazonaws.encryptionsdk.CryptoOutputStreamTest$ParameterizedEncryptDecryptTest" time="0.015"/>
  <testcase name="encryptDecrypt[1563: encryptDecrypt(algorithm=ALG_AES_256_GCM_IV12_TAG16_HKDF_SHA256, byteSize=1,000,000, frameSize=160, readLen=1,000,001)]" classname="com.amazonaws.encryptionsdk.CryptoOutputStreamTest$ParameterizedEncryptDecryptTest" time="0.014"/>
  <testcase name="encryptDecrypt[1564: encryptDecrypt(algorithm=ALG_AES_256_GCM_IV12_TAG16_HKDF_SHA256, byteSize=1,000,000, frameSize=160, readLen=2,000,000)]" classname="com.amazonaws.encryptionsdk.CryptoOutputStreamTest$ParameterizedEncryptDecryptTest" time="0.015"/>
  <testcase name="encryptDecrypt[1565: encryptDecrypt(algorithm=ALG_AES_256_GCM_IV12_TAG16_HKDF_SHA256, byteSize=1,000,000, frameSize=160, readLen=1,000,000)]" classname="com.amazonaws.encryptionsdk.CryptoOutputStreamTest$ParameterizedEncryptDecryptTest" time="0.014"/>
  <testcase name="encryptDecrypt[1566: encryptDecrypt(algorithm=ALG_AES_256_GCM_IV12_TAG16_HKDF_SHA256, byteSize=0, frameSize=161, readLen=1)]" classname="com.amazonaws.encryptionsdk.CryptoOutputStreamTest$ParameterizedEncryptDecryptTest" time="0.001"/>
  <testcase name="encryptDecrypt[1567: encryptDecrypt(algorithm=ALG_AES_256_GCM_IV12_TAG16_HKDF_SHA256, byteSize=0, frameSize=161, readLen=1,000,000)]" classname="com.amazonaws.encryptionsdk.CryptoOutputStreamTest$ParameterizedEncryptDecryptTest" time="0"/>
  <testcase name="encryptDecrypt[1568: encryptDecrypt(algorithm=ALG_AES_256_GCM_IV12_TAG16_HKDF_SHA256, byteSize=1, frameSize=161, readLen=1)]" classname="com.amazonaws.encryptionsdk.CryptoOutputStreamTest$ParameterizedEncryptDecryptTest" time="0.001"/>
  <testcase name="encryptDecrypt[1569: encryptDecrypt(algorithm=ALG_AES_256_GCM_IV12_TAG16_HKDF_SHA256, byteSize=1, frameSize=161, readLen=2)]" classname="com.amazonaws.encryptionsdk.CryptoOutputStreamTest$ParameterizedEncryptDecryptTest" time="0"/>
  <testcase name="encryptDecrypt[1570: encryptDecrypt(algorithm=ALG_AES_256_GCM_IV12_TAG16_HKDF_SHA256, byteSize=1, frameSize=161, readLen=2)]" classname="com.amazonaws.encryptionsdk.CryptoOutputStreamTest$ParameterizedEncryptDecryptTest" time="0.001"/>
  <testcase name="encryptDecrypt[1571: encryptDecrypt(algorithm=ALG_AES_256_GCM_IV12_TAG16_HKDF_SHA256, byteSize=1, frameSize=161, readLen=1,000,000)]" classname="com.amazonaws.encryptionsdk.CryptoOutputStreamTest$ParameterizedEncryptDecryptTest" time="0"/>
  <testcase name="encryptDecrypt[1572: encryptDecrypt(algorithm=ALG_AES_256_GCM_IV12_TAG16_HKDF_SHA256, byteSize=160, frameSize=161, readLen=159)]" classname="com.amazonaws.encryptionsdk.CryptoOutputStreamTest$ParameterizedEncryptDecryptTest" time="0"/>
  <testcase name="encryptDecrypt[1573: encryptDecrypt(algorithm=ALG_AES_256_GCM_IV12_TAG16_HKDF_SHA256, byteSize=160, frameSize=161, readLen=160)]" classname="com.amazonaws.encryptionsdk.CryptoOutputStreamTest$ParameterizedEncryptDecryptTest" time="0"/>
  <testcase name="encryptDecrypt[1574: encryptDecrypt(algorithm=ALG_AES_256_GCM_IV12_TAG16_HKDF_SHA256, byteSize=160, frameSize=161, readLen=161)]" classname="com.amazonaws.encryptionsdk.CryptoOutputStreamTest$ParameterizedEncryptDecryptTest" time="0"/>
  <testcase name="encryptDecrypt[1575: encryptDecrypt(algorithm=ALG_AES_256_GCM_IV12_TAG16_HKDF_SHA256, byteSize=160, frameSize=161, readLen=320)]" classname="com.amazonaws.encryptionsdk.CryptoOutputStreamTest$ParameterizedEncryptDecryptTest" time="0"/>
  <testcase name="encryptDecrypt[1576: encryptDecrypt(algorithm=ALG_AES_256_GCM_IV12_TAG16_HKDF_SHA256, byteSize=160, frameSize=161, readLen=1,000,000)]" classname="com.amazonaws.encryptionsdk.CryptoOutputStreamTest$ParameterizedEncryptDecryptTest" time="0"/>
  <testcase name="encryptDecrypt[1577: encryptDecrypt(algorithm=ALG_AES_256_GCM_IV12_TAG16_HKDF_SHA256, byteSize=161, frameSize=161, readLen=160)]" classname="com.amazonaws.encryptionsdk.CryptoOutputStreamTest$ParameterizedEncryptDecryptTest" time="0"/>
  <testcase name="encryptDecrypt[1578: encryptDecrypt(algorithm=ALG_AES_256_GCM_IV12_TAG16_HKDF_SHA256, byteSize=161, frameSize=161, readLen=161)]" classname="com.amazonaws.encryptionsdk.CryptoOutputStreamTest$ParameterizedEncryptDecryptTest" time="0"/>
  <testcase name="encryptDecrypt[1579: encryptDecrypt(algorithm=ALG_AES_256_GCM_IV12_TAG16_HKDF_SHA256, byteSize=161, frameSize=161, readLen=162)]" classname="com.amazonaws.encryptionsdk.CryptoOutputStreamTest$ParameterizedEncryptDecryptTest" time="0"/>
  <testcase name="encryptDecrypt[1580: encryptDecrypt(algorithm=ALG_AES_256_GCM_IV12_TAG16_HKDF_SHA256, byteSize=161, frameSize=161, readLen=322)]" classname="com.amazonaws.encryptionsdk.CryptoOutputStreamTest$ParameterizedEncryptDecryptTest" time="0"/>
  <testcase name="encryptDecrypt[1581: encryptDecrypt(algorithm=ALG_AES_256_GCM_IV12_TAG16_HKDF_SHA256, byteSize=161, frameSize=161, readLen=1,000,000)]" classname="com.amazonaws.encryptionsdk.CryptoOutputStreamTest$ParameterizedEncryptDecryptTest" time="0"/>
  <testcase name="encryptDecrypt[1582: encryptDecrypt(algorithm=ALG_AES_256_GCM_IV12_TAG16_HKDF_SHA256, byteSize=162, frameSize=161, readLen=161)]" classname="com.amazonaws.encryptionsdk.CryptoOutputStreamTest$ParameterizedEncryptDecryptTest" time="0"/>
  <testcase name="encryptDecrypt[1583: encryptDecrypt(algorithm=ALG_AES_256_GCM_IV12_TAG16_HKDF_SHA256, byteSize=162, frameSize=161, readLen=162)]" classname="com.amazonaws.encryptionsdk.CryptoOutputStreamTest$ParameterizedEncryptDecryptTest" time="0"/>
  <testcase name="encryptDecrypt[1584: encryptDecrypt(algorithm=ALG_AES_256_GCM_IV12_TAG16_HKDF_SHA256, byteSize=162, frameSize=161, readLen=163)]" classname="com.amazonaws.encryptionsdk.CryptoOutputStreamTest$ParameterizedEncryptDecryptTest" time="0"/>
  <testcase name="encryptDecrypt[1585: encryptDecrypt(algorithm=ALG_AES_256_GCM_IV12_TAG16_HKDF_SHA256, byteSize=162, frameSize=161, readLen=324)]" classname="com.amazonaws.encryptionsdk.CryptoOutputStreamTest$ParameterizedEncryptDecryptTest" time="0"/>
  <testcase name="encryptDecrypt[1586: encryptDecrypt(algorithm=ALG_AES_256_GCM_IV12_TAG16_HKDF_SHA256, byteSize=162, frameSize=161, readLen=1,000,000)]" classname="com.amazonaws.encryptionsdk.CryptoOutputStreamTest$ParameterizedEncryptDecryptTest" time="0"/>
  <testcase name="encryptDecrypt[1587: encryptDecrypt(algorithm=ALG_AES_256_GCM_IV12_TAG16_HKDF_SHA256, byteSize=241, frameSize=161, readLen=240)]" classname="com.amazonaws.encryptionsdk.CryptoOutputStreamTest$ParameterizedEncryptDecryptTest" time="0.001"/>
  <testcase name="encryptDecrypt[1588: encryptDecrypt(algorithm=ALG_AES_256_GCM_IV12_TAG16_HKDF_SHA256, byteSize=241, frameSize=161, readLen=241)]" classname="com.amazonaws.encryptionsdk.CryptoOutputStreamTest$ParameterizedEncryptDecryptTest" time="0"/>
  <testcase name="encryptDecrypt[1589: encryptDecrypt(algorithm=ALG_AES_256_GCM_IV12_TAG16_HKDF_SHA256, byteSize=241, frameSize=161, readLen=242)]" classname="com.amazonaws.encryptionsdk.CryptoOutputStreamTest$ParameterizedEncryptDecryptTest" time="0"/>
  <testcase name="encryptDecrypt[1590: encryptDecrypt(algorithm=ALG_AES_256_GCM_IV12_TAG16_HKDF_SHA256, byteSize=241, frameSize=161, readLen=482)]" classname="com.amazonaws.encryptionsdk.CryptoOutputStreamTest$ParameterizedEncryptDecryptTest" time="0"/>
  <testcase name="encryptDecrypt[1591: encryptDecrypt(algorithm=ALG_AES_256_GCM_IV12_TAG16_HKDF_SHA256, byteSize=241, frameSize=161, readLen=1,000,000)]" classname="com.amazonaws.encryptionsdk.CryptoOutputStreamTest$ParameterizedEncryptDecryptTest" time="0"/>
  <testcase name="encryptDecrypt[1592: encryptDecrypt(algorithm=ALG_AES_256_GCM_IV12_TAG16_HKDF_SHA256, byteSize=322, frameSize=161, readLen=321)]" classname="com.amazonaws.encryptionsdk.CryptoOutputStreamTest$ParameterizedEncryptDecryptTest" time="0"/>
  <testcase name="encryptDecrypt[1593: encryptDecrypt(algorithm=ALG_AES_256_GCM_IV12_TAG16_HKDF_SHA256, byteSize=322, frameSize=161, readLen=322)]" classname="com.amazonaws.encryptionsdk.CryptoOutputStreamTest$ParameterizedEncryptDecryptTest" time="0"/>
  <testcase name="encryptDecrypt[1594: encryptDecrypt(algorithm=ALG_AES_256_GCM_IV12_TAG16_HKDF_SHA256, byteSize=322, frameSize=161, readLen=323)]" classname="com.amazonaws.encryptionsdk.CryptoOutputStreamTest$ParameterizedEncryptDecryptTest" time="0"/>
  <testcase name="encryptDecrypt[1595: encryptDecrypt(algorithm=ALG_AES_256_GCM_IV12_TAG16_HKDF_SHA256, byteSize=322, frameSize=161, readLen=644)]" classname="com.amazonaws.encryptionsdk.CryptoOutputStreamTest$ParameterizedEncryptDecryptTest" time="0"/>
  <testcase name="encryptDecrypt[1596: encryptDecrypt(algorithm=ALG_AES_256_GCM_IV12_TAG16_HKDF_SHA256, byteSize=322, frameSize=161, readLen=1,000,000)]" classname="com.amazonaws.encryptionsdk.CryptoOutputStreamTest$ParameterizedEncryptDecryptTest" time="0"/>
  <testcase name="encryptDecrypt[1597: encryptDecrypt(algorithm=ALG_AES_256_GCM_IV12_TAG16_HKDF_SHA256, byteSize=1,000,000, frameSize=161, readLen=999,999)]" classname="com.amazonaws.encryptionsdk.CryptoOutputStreamTest$ParameterizedEncryptDecryptTest" time="0.016"/>
  <testcase name="encryptDecrypt[1598: encryptDecrypt(algorithm=ALG_AES_256_GCM_IV12_TAG16_HKDF_SHA256, byteSize=1,000,000, frameSize=161, readLen=1,000,000)]" classname="com.amazonaws.encryptionsdk.CryptoOutputStreamTest$ParameterizedEncryptDecryptTest" time="0.015"/>
  <testcase name="encryptDecrypt[1599: encryptDecrypt(algorithm=ALG_AES_256_GCM_IV12_TAG16_HKDF_SHA256, byteSize=1,000,000, frameSize=161, readLen=1,000,001)]" classname="com.amazonaws.encryptionsdk.CryptoOutputStreamTest$ParameterizedEncryptDecryptTest" time="0.023"/>
  <testcase name="encryptDecrypt[1600: encryptDecrypt(algorithm=ALG_AES_256_GCM_IV12_TAG16_HKDF_SHA256, byteSize=1,000,000, frameSize=161, readLen=2,000,000)]" classname="com.amazonaws.encryptionsdk.CryptoOutputStreamTest$ParameterizedEncryptDecryptTest" time="0.015"/>
  <testcase name="encryptDecrypt[1601: encryptDecrypt(algorithm=ALG_AES_256_GCM_IV12_TAG16_HKDF_SHA256, byteSize=1,000,000, frameSize=161, readLen=1,000,000)]" classname="com.amazonaws.encryptionsdk.CryptoOutputStreamTest$ParameterizedEncryptDecryptTest" time="0.015"/>
  <testcase name="encryptDecrypt[1602: encryptDecrypt(algorithm=ALG_AES_256_GCM_IV12_TAG16_HKDF_SHA256, byteSize=0, frameSize=4,096, readLen=1)]" classname="com.amazonaws.encryptionsdk.CryptoOutputStreamTest$ParameterizedEncryptDecryptTest" time="0.001"/>
  <testcase name="encryptDecrypt[1603: encryptDecrypt(algorithm=ALG_AES_256_GCM_IV12_TAG16_HKDF_SHA256, byteSize=0, frameSize=4,096, readLen=1,000,000)]" classname="com.amazonaws.encryptionsdk.CryptoOutputStreamTest$ParameterizedEncryptDecryptTest" time="0"/>
  <testcase name="encryptDecrypt[1604: encryptDecrypt(algorithm=ALG_AES_256_GCM_IV12_TAG16_HKDF_SHA256, byteSize=1, frameSize=4,096, readLen=1)]" classname="com.amazonaws.encryptionsdk.CryptoOutputStreamTest$ParameterizedEncryptDecryptTest" time="0.001"/>
  <testcase name="encryptDecrypt[1605: encryptDecrypt(algorithm=ALG_AES_256_GCM_IV12_TAG16_HKDF_SHA256, byteSize=1, frameSize=4,096, readLen=2)]" classname="com.amazonaws.encryptionsdk.CryptoOutputStreamTest$ParameterizedEncryptDecryptTest" time="0.001"/>
  <testcase name="encryptDecrypt[1606: encryptDecrypt(algorithm=ALG_AES_256_GCM_IV12_TAG16_HKDF_SHA256, byteSize=1, frameSize=4,096, readLen=2)]" classname="com.amazonaws.encryptionsdk.CryptoOutputStreamTest$ParameterizedEncryptDecryptTest" time="0"/>
  <testcase name="encryptDecrypt[1607: encryptDecrypt(algorithm=ALG_AES_256_GCM_IV12_TAG16_HKDF_SHA256, byteSize=1, frameSize=4,096, readLen=1,000,000)]" classname="com.amazonaws.encryptionsdk.CryptoOutputStreamTest$ParameterizedEncryptDecryptTest" time="0"/>
  <testcase name="encryptDecrypt[1608: encryptDecrypt(algorithm=ALG_AES_256_GCM_IV12_TAG16_HKDF_SHA256, byteSize=4,095, frameSize=4,096, readLen=4,094)]" classname="com.amazonaws.encryptionsdk.CryptoOutputStreamTest$ParameterizedEncryptDecryptTest" time="0.001"/>
  <testcase name="encryptDecrypt[1609: encryptDecrypt(algorithm=ALG_AES_256_GCM_IV12_TAG16_HKDF_SHA256, byteSize=4,095, frameSize=4,096, readLen=4,095)]" classname="com.amazonaws.encryptionsdk.CryptoOutputStreamTest$ParameterizedEncryptDecryptTest" time="0"/>
  <testcase name="encryptDecrypt[1610: encryptDecrypt(algorithm=ALG_AES_256_GCM_IV12_TAG16_HKDF_SHA256, byteSize=4,095, frameSize=4,096, readLen=4,096)]" classname="com.amazonaws.encryptionsdk.CryptoOutputStreamTest$ParameterizedEncryptDecryptTest" time="0"/>
  <testcase name="encryptDecrypt[1611: encryptDecrypt(algorithm=ALG_AES_256_GCM_IV12_TAG16_HKDF_SHA256, byteSize=4,095, frameSize=4,096, readLen=8,190)]" classname="com.amazonaws.encryptionsdk.CryptoOutputStreamTest$ParameterizedEncryptDecryptTest" time="0"/>
  <testcase name="encryptDecrypt[1612: encryptDecrypt(algorithm=ALG_AES_256_GCM_IV12_TAG16_HKDF_SHA256, byteSize=4,095, frameSize=4,096, readLen=1,000,000)]" classname="com.amazonaws.encryptionsdk.CryptoOutputStreamTest$ParameterizedEncryptDecryptTest" time="0"/>
  <testcase name="encryptDecrypt[1613: encryptDecrypt(algorithm=ALG_AES_256_GCM_IV12_TAG16_HKDF_SHA256, byteSize=4,096, frameSize=4,096, readLen=4,095)]" classname="com.amazonaws.encryptionsdk.CryptoOutputStreamTest$ParameterizedEncryptDecryptTest" time="0"/>
  <testcase name="encryptDecrypt[1614: encryptDecrypt(algorithm=ALG_AES_256_GCM_IV12_TAG16_HKDF_SHA256, byteSize=4,096, frameSize=4,096, readLen=4,096)]" classname="com.amazonaws.encryptionsdk.CryptoOutputStreamTest$ParameterizedEncryptDecryptTest" time="0"/>
  <testcase name="encryptDecrypt[1615: encryptDecrypt(algorithm=ALG_AES_256_GCM_IV12_TAG16_HKDF_SHA256, byteSize=4,096, frameSize=4,096, readLen=4,097)]" classname="com.amazonaws.encryptionsdk.CryptoOutputStreamTest$ParameterizedEncryptDecryptTest" time="0"/>
  <testcase name="encryptDecrypt[1616: encryptDecrypt(algorithm=ALG_AES_256_GCM_IV12_TAG16_HKDF_SHA256, byteSize=4,096, frameSize=4,096, readLen=8,192)]" classname="com.amazonaws.encryptionsdk.CryptoOutputStreamTest$ParameterizedEncryptDecryptTest" time="0.001"/>
  <testcase name="encryptDecrypt[1617: encryptDecrypt(algorithm=ALG_AES_256_GCM_IV12_TAG16_HKDF_SHA256, byteSize=4,096, frameSize=4,096, readLen=1,000,000)]" classname="com.amazonaws.encryptionsdk.CryptoOutputStreamTest$ParameterizedEncryptDecryptTest" time="0"/>
  <testcase name="encryptDecrypt[1618: encryptDecrypt(algorithm=ALG_AES_256_GCM_IV12_TAG16_HKDF_SHA256, byteSize=4,097, frameSize=4,096, readLen=4,096)]" classname="com.amazonaws.encryptionsdk.CryptoOutputStreamTest$ParameterizedEncryptDecryptTest" time="0"/>
  <testcase name="encryptDecrypt[1619: encryptDecrypt(algorithm=ALG_AES_256_GCM_IV12_TAG16_HKDF_SHA256, byteSize=4,097, frameSize=4,096, readLen=4,097)]" classname="com.amazonaws.encryptionsdk.CryptoOutputStreamTest$ParameterizedEncryptDecryptTest" time="0"/>
  <testcase name="encryptDecrypt[1620: encryptDecrypt(algorithm=ALG_AES_256_GCM_IV12_TAG16_HKDF_SHA256, byteSize=4,097, frameSize=4,096, readLen=4,098)]" classname="com.amazonaws.encryptionsdk.CryptoOutputStreamTest$ParameterizedEncryptDecryptTest" time="0"/>
  <testcase name="encryptDecrypt[1621: encryptDecrypt(algorithm=ALG_AES_256_GCM_IV12_TAG16_HKDF_SHA256, byteSize=4,097, frameSize=4,096, readLen=8,194)]" classname="com.amazonaws.encryptionsdk.CryptoOutputStreamTest$ParameterizedEncryptDecryptTest" time="0"/>
  <testcase name="encryptDecrypt[1622: encryptDecrypt(algorithm=ALG_AES_256_GCM_IV12_TAG16_HKDF_SHA256, byteSize=4,097, frameSize=4,096, readLen=1,000,000)]" classname="com.amazonaws.encryptionsdk.CryptoOutputStreamTest$ParameterizedEncryptDecryptTest" time="0"/>
  <testcase name="encryptDecrypt[1623: encryptDecrypt(algorithm=ALG_AES_256_GCM_IV12_TAG16_HKDF_SHA256, byteSize=6,144, frameSize=4,096, readLen=6,143)]" classname="com.amazonaws.encryptionsdk.CryptoOutputStreamTest$ParameterizedEncryptDecryptTest" time="0.001"/>
  <testcase name="encryptDecrypt[1624: encryptDecrypt(algorithm=ALG_AES_256_GCM_IV12_TAG16_HKDF_SHA256, byteSize=6,144, frameSize=4,096, readLen=6,144)]" classname="com.amazonaws.encryptionsdk.CryptoOutputStreamTest$ParameterizedEncryptDecryptTest" time="0"/>
  <testcase name="encryptDecrypt[1625: encryptDecrypt(algorithm=ALG_AES_256_GCM_IV12_TAG16_HKDF_SHA256, byteSize=6,144, frameSize=4,096, readLen=6,145)]" classname="com.amazonaws.encryptionsdk.CryptoOutputStreamTest$ParameterizedEncryptDecryptTest" time="0"/>
  <testcase name="encryptDecrypt[1626: encryptDecrypt(algorithm=ALG_AES_256_GCM_IV12_TAG16_HKDF_SHA256, byteSize=6,144, frameSize=4,096, readLen=12,288)]" classname="com.amazonaws.encryptionsdk.CryptoOutputStreamTest$ParameterizedEncryptDecryptTest" time="0"/>
  <testcase name="encryptDecrypt[1627: encryptDecrypt(algorithm=ALG_AES_256_GCM_IV12_TAG16_HKDF_SHA256, byteSize=6,144, frameSize=4,096, readLen=1,000,000)]" classname="com.amazonaws.encryptionsdk.CryptoOutputStreamTest$ParameterizedEncryptDecryptTest" time="0"/>
  <testcase name="encryptDecrypt[1628: encryptDecrypt(algorithm=ALG_AES_256_GCM_IV12_TAG16_HKDF_SHA256, byteSize=8,192, frameSize=4,096, readLen=8,191)]" classname="com.amazonaws.encryptionsdk.CryptoOutputStreamTest$ParameterizedEncryptDecryptTest" time="0"/>
  <testcase name="encryptDecrypt[1629: encryptDecrypt(algorithm=ALG_AES_256_GCM_IV12_TAG16_HKDF_SHA256, byteSize=8,192, frameSize=4,096, readLen=8,192)]" classname="com.amazonaws.encryptionsdk.CryptoOutputStreamTest$ParameterizedEncryptDecryptTest" time="0"/>
  <testcase name="encryptDecrypt[1630: encryptDecrypt(algorithm=ALG_AES_256_GCM_IV12_TAG16_HKDF_SHA256, byteSize=8,192, frameSize=4,096, readLen=8,193)]" classname="com.amazonaws.encryptionsdk.CryptoOutputStreamTest$ParameterizedEncryptDecryptTest" time="0"/>
  <testcase name="encryptDecrypt[1631: encryptDecrypt(algorithm=ALG_AES_256_GCM_IV12_TAG16_HKDF_SHA256, byteSize=8,192, frameSize=4,096, readLen=16,384)]" classname="com.amazonaws.encryptionsdk.CryptoOutputStreamTest$ParameterizedEncryptDecryptTest" time="0"/>
  <testcase name="encryptDecrypt[1632: encryptDecrypt(algorithm=ALG_AES_256_GCM_IV12_TAG16_HKDF_SHA256, byteSize=8,192, frameSize=4,096, readLen=1,000,000)]" classname="com.amazonaws.encryptionsdk.CryptoOutputStreamTest$ParameterizedEncryptDecryptTest" time="0"/>
  <testcase name="encryptDecrypt[1633: encryptDecrypt(algorithm=ALG_AES_256_GCM_IV12_TAG16_HKDF_SHA256, byteSize=1,000,000, frameSize=4,096, readLen=999,999)]" classname="com.amazonaws.encryptionsdk.CryptoOutputStreamTest$ParameterizedEncryptDecryptTest" time="0.009"/>
  <testcase name="encryptDecrypt[1634: encryptDecrypt(algorithm=ALG_AES_256_GCM_IV12_TAG16_HKDF_SHA256, byteSize=1,000,000, frameSize=4,096, readLen=1,000,000)]" classname="com.amazonaws.encryptionsdk.CryptoOutputStreamTest$ParameterizedEncryptDecryptTest" time="0.009"/>
  <testcase name="encryptDecrypt[1635: encryptDecrypt(algorithm=ALG_AES_256_GCM_IV12_TAG16_HKDF_SHA256, byteSize=1,000,000, frameSize=4,096, readLen=1,000,001)]" classname="com.amazonaws.encryptionsdk.CryptoOutputStreamTest$ParameterizedEncryptDecryptTest" time="0.009"/>
  <testcase name="encryptDecrypt[1636: encryptDecrypt(algorithm=ALG_AES_256_GCM_IV12_TAG16_HKDF_SHA256, byteSize=1,000,000, frameSize=4,096, readLen=2,000,000)]" classname="com.amazonaws.encryptionsdk.CryptoOutputStreamTest$ParameterizedEncryptDecryptTest" time="0.008"/>
  <testcase name="encryptDecrypt[1637: encryptDecrypt(algorithm=ALG_AES_256_GCM_IV12_TAG16_HKDF_SHA256, byteSize=1,000,000, frameSize=4,096, readLen=1,000,000)]" classname="com.amazonaws.encryptionsdk.CryptoOutputStreamTest$ParameterizedEncryptDecryptTest" time="0.009"/>
  <testcase name="encryptDecrypt[1638: encryptDecrypt(algorithm=ALG_AES_128_GCM_IV12_TAG16_HKDF_SHA256_ECDSA_P256, byteSize=0, frameSize=0, readLen=1)]" classname="com.amazonaws.encryptionsdk.CryptoOutputStreamTest$ParameterizedEncryptDecryptTest" time="0.002"/>
  <testcase name="encryptDecrypt[1639: encryptDecrypt(algorithm=ALG_AES_128_GCM_IV12_TAG16_HKDF_SHA256_ECDSA_P256, byteSize=0, frameSize=0, readLen=1,000,000)]" classname="com.amazonaws.encryptionsdk.CryptoOutputStreamTest$ParameterizedEncryptDecryptTest" time="0.001"/>
  <testcase name="encryptDecrypt[1640: encryptDecrypt(algorithm=ALG_AES_128_GCM_IV12_TAG16_HKDF_SHA256_ECDSA_P256, byteSize=1, frameSize=0, readLen=1)]" classname="com.amazonaws.encryptionsdk.CryptoOutputStreamTest$ParameterizedEncryptDecryptTest" time="0.002"/>
  <testcase name="encryptDecrypt[1641: encryptDecrypt(algorithm=ALG_AES_128_GCM_IV12_TAG16_HKDF_SHA256_ECDSA_P256, byteSize=1, frameSize=0, readLen=2)]" classname="com.amazonaws.encryptionsdk.CryptoOutputStreamTest$ParameterizedEncryptDecryptTest" time="0.002"/>
  <testcase name="encryptDecrypt[1642: encryptDecrypt(algorithm=ALG_AES_128_GCM_IV12_TAG16_HKDF_SHA256_ECDSA_P256, byteSize=1, frameSize=0, readLen=2)]" classname="com.amazonaws.encryptionsdk.CryptoOutputStreamTest$ParameterizedEncryptDecryptTest" time="0.001"/>
  <testcase name="encryptDecrypt[1643: encryptDecrypt(algorithm=ALG_AES_128_GCM_IV12_TAG16_HKDF_SHA256_ECDSA_P256, byteSize=1, frameSize=0, readLen=1,000,000)]" classname="com.amazonaws.encryptionsdk.CryptoOutputStreamTest$ParameterizedEncryptDecryptTest" time="0.001"/>
  <testcase name="encryptDecrypt[1644: encryptDecrypt(algorithm=ALG_AES_128_GCM_IV12_TAG16_HKDF_SHA256_ECDSA_P256, byteSize=0, frameSize=0, readLen=1)]" classname="com.amazonaws.encryptionsdk.CryptoOutputStreamTest$ParameterizedEncryptDecryptTest" time="0.003"/>
  <testcase name="encryptDecrypt[1645: encryptDecrypt(algorithm=ALG_AES_128_GCM_IV12_TAG16_HKDF_SHA256_ECDSA_P256, byteSize=0, frameSize=0, readLen=1,000,000)]" classname="com.amazonaws.encryptionsdk.CryptoOutputStreamTest$ParameterizedEncryptDecryptTest" time="0.001"/>
  <testcase name="encryptDecrypt[1646: encryptDecrypt(algorithm=ALG_AES_128_GCM_IV12_TAG16_HKDF_SHA256_ECDSA_P256, byteSize=1, frameSize=0, readLen=1)]" classname="com.amazonaws.encryptionsdk.CryptoOutputStreamTest$ParameterizedEncryptDecryptTest" time="0.002"/>
  <testcase name="encryptDecrypt[1647: encryptDecrypt(algorithm=ALG_AES_128_GCM_IV12_TAG16_HKDF_SHA256_ECDSA_P256, byteSize=1, frameSize=0, readLen=2)]" classname="com.amazonaws.encryptionsdk.CryptoOutputStreamTest$ParameterizedEncryptDecryptTest" time="0.001"/>
  <testcase name="encryptDecrypt[1648: encryptDecrypt(algorithm=ALG_AES_128_GCM_IV12_TAG16_HKDF_SHA256_ECDSA_P256, byteSize=1, frameSize=0, readLen=2)]" classname="com.amazonaws.encryptionsdk.CryptoOutputStreamTest$ParameterizedEncryptDecryptTest" time="0.002"/>
  <testcase name="encryptDecrypt[1649: encryptDecrypt(algorithm=ALG_AES_128_GCM_IV12_TAG16_HKDF_SHA256_ECDSA_P256, byteSize=1, frameSize=0, readLen=1,000,000)]" classname="com.amazonaws.encryptionsdk.CryptoOutputStreamTest$ParameterizedEncryptDecryptTest" time="0.001"/>
  <testcase name="encryptDecrypt[1650: encryptDecrypt(algorithm=ALG_AES_128_GCM_IV12_TAG16_HKDF_SHA256_ECDSA_P256, byteSize=0, frameSize=0, readLen=1)]" classname="com.amazonaws.encryptionsdk.CryptoOutputStreamTest$ParameterizedEncryptDecryptTest" time="0.002"/>
  <testcase name="encryptDecrypt[1651: encryptDecrypt(algorithm=ALG_AES_128_GCM_IV12_TAG16_HKDF_SHA256_ECDSA_P256, byteSize=0, frameSize=0, readLen=1,000,000)]" classname="com.amazonaws.encryptionsdk.CryptoOutputStreamTest$ParameterizedEncryptDecryptTest" time="0"/>
  <testcase name="encryptDecrypt[1652: encryptDecrypt(algorithm=ALG_AES_128_GCM_IV12_TAG16_HKDF_SHA256_ECDSA_P256, byteSize=0, frameSize=0, readLen=1)]" classname="com.amazonaws.encryptionsdk.CryptoOutputStreamTest$ParameterizedEncryptDecryptTest" time="0.002"/>
  <testcase name="encryptDecrypt[1653: encryptDecrypt(algorithm=ALG_AES_128_GCM_IV12_TAG16_HKDF_SHA256_ECDSA_P256, byteSize=0, frameSize=0, readLen=1,000,000)]" classname="com.amazonaws.encryptionsdk.CryptoOutputStreamTest$ParameterizedEncryptDecryptTest" time="0"/>
  <testcase name="encryptDecrypt[1654: encryptDecrypt(algorithm=ALG_AES_128_GCM_IV12_TAG16_HKDF_SHA256_ECDSA_P256, byteSize=1,000,000, frameSize=0, readLen=999,999)]" classname="com.amazonaws.encryptionsdk.CryptoOutputStreamTest$ParameterizedEncryptDecryptTest" time="0.02"/>
  <testcase name="encryptDecrypt[1655: encryptDecrypt(algorithm=ALG_AES_128_GCM_IV12_TAG16_HKDF_SHA256_ECDSA_P256, byteSize=1,000,000, frameSize=0, readLen=1,000,000)]" classname="com.amazonaws.encryptionsdk.CryptoOutputStreamTest$ParameterizedEncryptDecryptTest" time="0.021"/>
  <testcase name="encryptDecrypt[1656: encryptDecrypt(algorithm=ALG_AES_128_GCM_IV12_TAG16_HKDF_SHA256_ECDSA_P256, byteSize=1,000,000, frameSize=0, readLen=1,000,001)]" classname="com.amazonaws.encryptionsdk.CryptoOutputStreamTest$ParameterizedEncryptDecryptTest" time="0.02"/>
  <testcase name="encryptDecrypt[1657: encryptDecrypt(algorithm=ALG_AES_128_GCM_IV12_TAG16_HKDF_SHA256_ECDSA_P256, byteSize=1,000,000, frameSize=0, readLen=2,000,000)]" classname="com.amazonaws.encryptionsdk.CryptoOutputStreamTest$ParameterizedEncryptDecryptTest" time="0.02"/>
  <testcase name="encryptDecrypt[1658: encryptDecrypt(algorithm=ALG_AES_128_GCM_IV12_TAG16_HKDF_SHA256_ECDSA_P256, byteSize=1,000,000, frameSize=0, readLen=1,000,000)]" classname="com.amazonaws.encryptionsdk.CryptoOutputStreamTest$ParameterizedEncryptDecryptTest" time="0.02"/>
  <testcase name="encryptDecrypt[1659: encryptDecrypt(algorithm=ALG_AES_128_GCM_IV12_TAG16_HKDF_SHA256_ECDSA_P256, byteSize=0, frameSize=15, readLen=1)]" classname="com.amazonaws.encryptionsdk.CryptoOutputStreamTest$ParameterizedEncryptDecryptTest" time="0.002"/>
  <testcase name="encryptDecrypt[1660: encryptDecrypt(algorithm=ALG_AES_128_GCM_IV12_TAG16_HKDF_SHA256_ECDSA_P256, byteSize=0, frameSize=15, readLen=1,000,000)]" classname="com.amazonaws.encryptionsdk.CryptoOutputStreamTest$ParameterizedEncryptDecryptTest" time="0.001"/>
  <testcase name="encryptDecrypt[1661: encryptDecrypt(algorithm=ALG_AES_128_GCM_IV12_TAG16_HKDF_SHA256_ECDSA_P256, byteSize=1, frameSize=15, readLen=1)]" classname="com.amazonaws.encryptionsdk.CryptoOutputStreamTest$ParameterizedEncryptDecryptTest" time="0.002"/>
  <testcase name="encryptDecrypt[1662: encryptDecrypt(algorithm=ALG_AES_128_GCM_IV12_TAG16_HKDF_SHA256_ECDSA_P256, byteSize=1, frameSize=15, readLen=2)]" classname="com.amazonaws.encryptionsdk.CryptoOutputStreamTest$ParameterizedEncryptDecryptTest" time="0.001"/>
  <testcase name="encryptDecrypt[1663: encryptDecrypt(algorithm=ALG_AES_128_GCM_IV12_TAG16_HKDF_SHA256_ECDSA_P256, byteSize=1, frameSize=15, readLen=2)]" classname="com.amazonaws.encryptionsdk.CryptoOutputStreamTest$ParameterizedEncryptDecryptTest" time="0.002"/>
  <testcase name="encryptDecrypt[1664: encryptDecrypt(algorithm=ALG_AES_128_GCM_IV12_TAG16_HKDF_SHA256_ECDSA_P256, byteSize=1, frameSize=15, readLen=1,000,000)]" classname="com.amazonaws.encryptionsdk.CryptoOutputStreamTest$ParameterizedEncryptDecryptTest" time="0"/>
  <testcase name="encryptDecrypt[1665: encryptDecrypt(algorithm=ALG_AES_128_GCM_IV12_TAG16_HKDF_SHA256_ECDSA_P256, byteSize=14, frameSize=15, readLen=13)]" classname="com.amazonaws.encryptionsdk.CryptoOutputStreamTest$ParameterizedEncryptDecryptTest" time="0.001"/>
  <testcase name="encryptDecrypt[1666: encryptDecrypt(algorithm=ALG_AES_128_GCM_IV12_TAG16_HKDF_SHA256_ECDSA_P256, byteSize=14, frameSize=15, readLen=14)]" classname="com.amazonaws.encryptionsdk.CryptoOutputStreamTest$ParameterizedEncryptDecryptTest" time="0.001"/>
  <testcase name="encryptDecrypt[1667: encryptDecrypt(algorithm=ALG_AES_128_GCM_IV12_TAG16_HKDF_SHA256_ECDSA_P256, byteSize=14, frameSize=15, readLen=15)]" classname="com.amazonaws.encryptionsdk.CryptoOutputStreamTest$ParameterizedEncryptDecryptTest" time="0.001"/>
  <testcase name="encryptDecrypt[1668: encryptDecrypt(algorithm=ALG_AES_128_GCM_IV12_TAG16_HKDF_SHA256_ECDSA_P256, byteSize=14, frameSize=15, readLen=28)]" classname="com.amazonaws.encryptionsdk.CryptoOutputStreamTest$ParameterizedEncryptDecryptTest" time="0"/>
  <testcase name="encryptDecrypt[1669: encryptDecrypt(algorithm=ALG_AES_128_GCM_IV12_TAG16_HKDF_SHA256_ECDSA_P256, byteSize=14, frameSize=15, readLen=1,000,000)]" classname="com.amazonaws.encryptionsdk.CryptoOutputStreamTest$ParameterizedEncryptDecryptTest" time="0.001"/>
  <testcase name="encryptDecrypt[1670: encryptDecrypt(algorithm=ALG_AES_128_GCM_IV12_TAG16_HKDF_SHA256_ECDSA_P256, byteSize=15, frameSize=15, readLen=14)]" classname="com.amazonaws.encryptionsdk.CryptoOutputStreamTest$ParameterizedEncryptDecryptTest" time="0"/>
  <testcase name="encryptDecrypt[1671: encryptDecrypt(algorithm=ALG_AES_128_GCM_IV12_TAG16_HKDF_SHA256_ECDSA_P256, byteSize=15, frameSize=15, readLen=15)]" classname="com.amazonaws.encryptionsdk.CryptoOutputStreamTest$ParameterizedEncryptDecryptTest" time="0.001"/>
  <testcase name="encryptDecrypt[1672: encryptDecrypt(algorithm=ALG_AES_128_GCM_IV12_TAG16_HKDF_SHA256_ECDSA_P256, byteSize=15, frameSize=15, readLen=16)]" classname="com.amazonaws.encryptionsdk.CryptoOutputStreamTest$ParameterizedEncryptDecryptTest" time="0.001"/>
  <testcase name="encryptDecrypt[1673: encryptDecrypt(algorithm=ALG_AES_128_GCM_IV12_TAG16_HKDF_SHA256_ECDSA_P256, byteSize=15, frameSize=15, readLen=30)]" classname="com.amazonaws.encryptionsdk.CryptoOutputStreamTest$ParameterizedEncryptDecryptTest" time="0"/>
  <testcase name="encryptDecrypt[1674: encryptDecrypt(algorithm=ALG_AES_128_GCM_IV12_TAG16_HKDF_SHA256_ECDSA_P256, byteSize=15, frameSize=15, readLen=1,000,000)]" classname="com.amazonaws.encryptionsdk.CryptoOutputStreamTest$ParameterizedEncryptDecryptTest" time="0"/>
  <testcase name="encryptDecrypt[1675: encryptDecrypt(algorithm=ALG_AES_128_GCM_IV12_TAG16_HKDF_SHA256_ECDSA_P256, byteSize=16, frameSize=15, readLen=15)]" classname="com.amazonaws.encryptionsdk.CryptoOutputStreamTest$ParameterizedEncryptDecryptTest" time="0.001"/>
  <testcase name="encryptDecrypt[1676: encryptDecrypt(algorithm=ALG_AES_128_GCM_IV12_TAG16_HKDF_SHA256_ECDSA_P256, byteSize=16, frameSize=15, readLen=16)]" classname="com.amazonaws.encryptionsdk.CryptoOutputStreamTest$ParameterizedEncryptDecryptTest" time="0.001"/>
  <testcase name="encryptDecrypt[1677: encryptDecrypt(algorithm=ALG_AES_128_GCM_IV12_TAG16_HKDF_SHA256_ECDSA_P256, byteSize=16, frameSize=15, readLen=17)]" classname="com.amazonaws.encryptionsdk.CryptoOutputStreamTest$ParameterizedEncryptDecryptTest" time="0.001"/>
  <testcase name="encryptDecrypt[1678: encryptDecrypt(algorithm=ALG_AES_128_GCM_IV12_TAG16_HKDF_SHA256_ECDSA_P256, byteSize=16, frameSize=15, readLen=32)]" classname="com.amazonaws.encryptionsdk.CryptoOutputStreamTest$ParameterizedEncryptDecryptTest" time="0"/>
  <testcase name="encryptDecrypt[1679: encryptDecrypt(algorithm=ALG_AES_128_GCM_IV12_TAG16_HKDF_SHA256_ECDSA_P256, byteSize=16, frameSize=15, readLen=1,000,000)]" classname="com.amazonaws.encryptionsdk.CryptoOutputStreamTest$ParameterizedEncryptDecryptTest" time="0.001"/>
  <testcase name="encryptDecrypt[1680: encryptDecrypt(algorithm=ALG_AES_128_GCM_IV12_TAG16_HKDF_SHA256_ECDSA_P256, byteSize=22, frameSize=15, readLen=21)]" classname="com.amazonaws.encryptionsdk.CryptoOutputStreamTest$ParameterizedEncryptDecryptTest" time="0.001"/>
  <testcase name="encryptDecrypt[1681: encryptDecrypt(algorithm=ALG_AES_128_GCM_IV12_TAG16_HKDF_SHA256_ECDSA_P256, byteSize=22, frameSize=15, readLen=22)]" classname="com.amazonaws.encryptionsdk.CryptoOutputStreamTest$ParameterizedEncryptDecryptTest" time="0.001"/>
  <testcase name="encryptDecrypt[1682: encryptDecrypt(algorithm=ALG_AES_128_GCM_IV12_TAG16_HKDF_SHA256_ECDSA_P256, byteSize=22, frameSize=15, readLen=23)]" classname="com.amazonaws.encryptionsdk.CryptoOutputStreamTest$ParameterizedEncryptDecryptTest" time="0.001"/>
  <testcase name="encryptDecrypt[1683: encryptDecrypt(algorithm=ALG_AES_128_GCM_IV12_TAG16_HKDF_SHA256_ECDSA_P256, byteSize=22, frameSize=15, readLen=44)]" classname="com.amazonaws.encryptionsdk.CryptoOutputStreamTest$ParameterizedEncryptDecryptTest" time="0"/>
  <testcase name="encryptDecrypt[1684: encryptDecrypt(algorithm=ALG_AES_128_GCM_IV12_TAG16_HKDF_SHA256_ECDSA_P256, byteSize=22, frameSize=15, readLen=1,000,000)]" classname="com.amazonaws.encryptionsdk.CryptoOutputStreamTest$ParameterizedEncryptDecryptTest" time="0.001"/>
  <testcase name="encryptDecrypt[1685: encryptDecrypt(algorithm=ALG_AES_128_GCM_IV12_TAG16_HKDF_SHA256_ECDSA_P256, byteSize=30, frameSize=15, readLen=29)]" classname="com.amazonaws.encryptionsdk.CryptoOutputStreamTest$ParameterizedEncryptDecryptTest" time="0.001"/>
  <testcase name="encryptDecrypt[1686: encryptDecrypt(algorithm=ALG_AES_128_GCM_IV12_TAG16_HKDF_SHA256_ECDSA_P256, byteSize=30, frameSize=15, readLen=30)]" classname="com.amazonaws.encryptionsdk.CryptoOutputStreamTest$ParameterizedEncryptDecryptTest" time="0.001"/>
  <testcase name="encryptDecrypt[1687: encryptDecrypt(algorithm=ALG_AES_128_GCM_IV12_TAG16_HKDF_SHA256_ECDSA_P256, byteSize=30, frameSize=15, readLen=31)]" classname="com.amazonaws.encryptionsdk.CryptoOutputStreamTest$ParameterizedEncryptDecryptTest" time="0"/>
  <testcase name="encryptDecrypt[1688: encryptDecrypt(algorithm=ALG_AES_128_GCM_IV12_TAG16_HKDF_SHA256_ECDSA_P256, byteSize=30, frameSize=15, readLen=60)]" classname="com.amazonaws.encryptionsdk.CryptoOutputStreamTest$ParameterizedEncryptDecryptTest" time="0.001"/>
  <testcase name="encryptDecrypt[1689: encryptDecrypt(algorithm=ALG_AES_128_GCM_IV12_TAG16_HKDF_SHA256_ECDSA_P256, byteSize=30, frameSize=15, readLen=1,000,000)]" classname="com.amazonaws.encryptionsdk.CryptoOutputStreamTest$ParameterizedEncryptDecryptTest" time="0.001"/>
  <testcase name="encryptDecrypt[1690: encryptDecrypt(algorithm=ALG_AES_128_GCM_IV12_TAG16_HKDF_SHA256_ECDSA_P256, byteSize=1,000,000, frameSize=15, readLen=999,999)]" classname="com.amazonaws.encryptionsdk.CryptoOutputStreamTest$ParameterizedEncryptDecryptTest" time="0.111"/>
  <testcase name="encryptDecrypt[1691: encryptDecrypt(algorithm=ALG_AES_128_GCM_IV12_TAG16_HKDF_SHA256_ECDSA_P256, byteSize=1,000,000, frameSize=15, readLen=1,000,000)]" classname="com.amazonaws.encryptionsdk.CryptoOutputStreamTest$ParameterizedEncryptDecryptTest" time="0.109"/>
  <testcase name="encryptDecrypt[1692: encryptDecrypt(algorithm=ALG_AES_128_GCM_IV12_TAG16_HKDF_SHA256_ECDSA_P256, byteSize=1,000,000, frameSize=15, readLen=1,000,001)]" classname="com.amazonaws.encryptionsdk.CryptoOutputStreamTest$ParameterizedEncryptDecryptTest" time="0.11"/>
  <testcase name="encryptDecrypt[1693: encryptDecrypt(algorithm=ALG_AES_128_GCM_IV12_TAG16_HKDF_SHA256_ECDSA_P256, byteSize=1,000,000, frameSize=15, readLen=2,000,000)]" classname="com.amazonaws.encryptionsdk.CryptoOutputStreamTest$ParameterizedEncryptDecryptTest" time="0.11"/>
  <testcase name="encryptDecrypt[1694: encryptDecrypt(algorithm=ALG_AES_128_GCM_IV12_TAG16_HKDF_SHA256_ECDSA_P256, byteSize=1,000,000, frameSize=15, readLen=1,000,000)]" classname="com.amazonaws.encryptionsdk.CryptoOutputStreamTest$ParameterizedEncryptDecryptTest" time="0.11"/>
  <testcase name="encryptDecrypt[1695: encryptDecrypt(algorithm=ALG_AES_128_GCM_IV12_TAG16_HKDF_SHA256_ECDSA_P256, byteSize=0, frameSize=16, readLen=1)]" classname="com.amazonaws.encryptionsdk.CryptoOutputStreamTest$ParameterizedEncryptDecryptTest" time="0.002"/>
  <testcase name="encryptDecrypt[1696: encryptDecrypt(algorithm=ALG_AES_128_GCM_IV12_TAG16_HKDF_SHA256_ECDSA_P256, byteSize=0, frameSize=16, readLen=1,000,000)]" classname="com.amazonaws.encryptionsdk.CryptoOutputStreamTest$ParameterizedEncryptDecryptTest" time="0.001"/>
  <testcase name="encryptDecrypt[1697: encryptDecrypt(algorithm=ALG_AES_128_GCM_IV12_TAG16_HKDF_SHA256_ECDSA_P256, byteSize=1, frameSize=16, readLen=1)]" classname="com.amazonaws.encryptionsdk.CryptoOutputStreamTest$ParameterizedEncryptDecryptTest" time="0.002"/>
  <testcase name="encryptDecrypt[1698: encryptDecrypt(algorithm=ALG_AES_128_GCM_IV12_TAG16_HKDF_SHA256_ECDSA_P256, byteSize=1, frameSize=16, readLen=2)]" classname="com.amazonaws.encryptionsdk.CryptoOutputStreamTest$ParameterizedEncryptDecryptTest" time="0.001"/>
  <testcase name="encryptDecrypt[1699: encryptDecrypt(algorithm=ALG_AES_128_GCM_IV12_TAG16_HKDF_SHA256_ECDSA_P256, byteSize=1, frameSize=16, readLen=2)]" classname="com.amazonaws.encryptionsdk.CryptoOutputStreamTest$ParameterizedEncryptDecryptTest" time="0.002"/>
  <testcase name="encryptDecrypt[1700: encryptDecrypt(algorithm=ALG_AES_128_GCM_IV12_TAG16_HKDF_SHA256_ECDSA_P256, byteSize=1, frameSize=16, readLen=1,000,000)]" classname="com.amazonaws.encryptionsdk.CryptoOutputStreamTest$ParameterizedEncryptDecryptTest" time="0.001"/>
  <testcase name="encryptDecrypt[1701: encryptDecrypt(algorithm=ALG_AES_128_GCM_IV12_TAG16_HKDF_SHA256_ECDSA_P256, byteSize=15, frameSize=16, readLen=14)]" classname="com.amazonaws.encryptionsdk.CryptoOutputStreamTest$ParameterizedEncryptDecryptTest" time="0"/>
  <testcase name="encryptDecrypt[1702: encryptDecrypt(algorithm=ALG_AES_128_GCM_IV12_TAG16_HKDF_SHA256_ECDSA_P256, byteSize=15, frameSize=16, readLen=15)]" classname="com.amazonaws.encryptionsdk.CryptoOutputStreamTest$ParameterizedEncryptDecryptTest" time="0.001"/>
  <testcase name="encryptDecrypt[1703: encryptDecrypt(algorithm=ALG_AES_128_GCM_IV12_TAG16_HKDF_SHA256_ECDSA_P256, byteSize=15, frameSize=16, readLen=16)]" classname="com.amazonaws.encryptionsdk.CryptoOutputStreamTest$ParameterizedEncryptDecryptTest" time="0.001"/>
  <testcase name="encryptDecrypt[1704: encryptDecrypt(algorithm=ALG_AES_128_GCM_IV12_TAG16_HKDF_SHA256_ECDSA_P256, byteSize=15, frameSize=16, readLen=30)]" classname="com.amazonaws.encryptionsdk.CryptoOutputStreamTest$ParameterizedEncryptDecryptTest" time="0.001"/>
  <testcase name="encryptDecrypt[1705: encryptDecrypt(algorithm=ALG_AES_128_GCM_IV12_TAG16_HKDF_SHA256_ECDSA_P256, byteSize=15, frameSize=16, readLen=1,000,000)]" classname="com.amazonaws.encryptionsdk.CryptoOutputStreamTest$ParameterizedEncryptDecryptTest" time="0.001"/>
  <testcase name="encryptDecrypt[1706: encryptDecrypt(algorithm=ALG_AES_128_GCM_IV12_TAG16_HKDF_SHA256_ECDSA_P256, byteSize=16, frameSize=16, readLen=15)]" classname="com.amazonaws.encryptionsdk.CryptoOutputStreamTest$ParameterizedEncryptDecryptTest" time="0"/>
  <testcase name="encryptDecrypt[1707: encryptDecrypt(algorithm=ALG_AES_128_GCM_IV12_TAG16_HKDF_SHA256_ECDSA_P256, byteSize=16, frameSize=16, readLen=16)]" classname="com.amazonaws.encryptionsdk.CryptoOutputStreamTest$ParameterizedEncryptDecryptTest" time="0.001"/>
  <testcase name="encryptDecrypt[1708: encryptDecrypt(algorithm=ALG_AES_128_GCM_IV12_TAG16_HKDF_SHA256_ECDSA_P256, byteSize=16, frameSize=16, readLen=17)]" classname="com.amazonaws.encryptionsdk.CryptoOutputStreamTest$ParameterizedEncryptDecryptTest" time="0.001"/>
  <testcase name="encryptDecrypt[1709: encryptDecrypt(algorithm=ALG_AES_128_GCM_IV12_TAG16_HKDF_SHA256_ECDSA_P256, byteSize=16, frameSize=16, readLen=32)]" classname="com.amazonaws.encryptionsdk.CryptoOutputStreamTest$ParameterizedEncryptDecryptTest" time="0"/>
  <testcase name="encryptDecrypt[1710: encryptDecrypt(algorithm=ALG_AES_128_GCM_IV12_TAG16_HKDF_SHA256_ECDSA_P256, byteSize=16, frameSize=16, readLen=1,000,000)]" classname="com.amazonaws.encryptionsdk.CryptoOutputStreamTest$ParameterizedEncryptDecryptTest" time="0.001"/>
  <testcase name="encryptDecrypt[1711: encryptDecrypt(algorithm=ALG_AES_128_GCM_IV12_TAG16_HKDF_SHA256_ECDSA_P256, byteSize=17, frameSize=16, readLen=16)]" classname="com.amazonaws.encryptionsdk.CryptoOutputStreamTest$ParameterizedEncryptDecryptTest" time="0.001"/>
  <testcase name="encryptDecrypt[1712: encryptDecrypt(algorithm=ALG_AES_128_GCM_IV12_TAG16_HKDF_SHA256_ECDSA_P256, byteSize=17, frameSize=16, readLen=17)]" classname="com.amazonaws.encryptionsdk.CryptoOutputStreamTest$ParameterizedEncryptDecryptTest" time="0.001"/>
  <testcase name="encryptDecrypt[1713: encryptDecrypt(algorithm=ALG_AES_128_GCM_IV12_TAG16_HKDF_SHA256_ECDSA_P256, byteSize=17, frameSize=16, readLen=18)]" classname="com.amazonaws.encryptionsdk.CryptoOutputStreamTest$ParameterizedEncryptDecryptTest" time="0.001"/>
  <testcase name="encryptDecrypt[1714: encryptDecrypt(algorithm=ALG_AES_128_GCM_IV12_TAG16_HKDF_SHA256_ECDSA_P256, byteSize=17, frameSize=16, readLen=34)]" classname="com.amazonaws.encryptionsdk.CryptoOutputStreamTest$ParameterizedEncryptDecryptTest" time="0"/>
  <testcase name="encryptDecrypt[1715: encryptDecrypt(algorithm=ALG_AES_128_GCM_IV12_TAG16_HKDF_SHA256_ECDSA_P256, byteSize=17, frameSize=16, readLen=1,000,000)]" classname="com.amazonaws.encryptionsdk.CryptoOutputStreamTest$ParameterizedEncryptDecryptTest" time="0.001"/>
  <testcase name="encryptDecrypt[1716: encryptDecrypt(algorithm=ALG_AES_128_GCM_IV12_TAG16_HKDF_SHA256_ECDSA_P256, byteSize=24, frameSize=16, readLen=23)]" classname="com.amazonaws.encryptionsdk.CryptoOutputStreamTest$ParameterizedEncryptDecryptTest" time="0.001"/>
  <testcase name="encryptDecrypt[1717: encryptDecrypt(algorithm=ALG_AES_128_GCM_IV12_TAG16_HKDF_SHA256_ECDSA_P256, byteSize=24, frameSize=16, readLen=24)]" classname="com.amazonaws.encryptionsdk.CryptoOutputStreamTest$ParameterizedEncryptDecryptTest" time="0.001"/>
  <testcase name="encryptDecrypt[1718: encryptDecrypt(algorithm=ALG_AES_128_GCM_IV12_TAG16_HKDF_SHA256_ECDSA_P256, byteSize=24, frameSize=16, readLen=25)]" classname="com.amazonaws.encryptionsdk.CryptoOutputStreamTest$ParameterizedEncryptDecryptTest" time="0"/>
  <testcase name="encryptDecrypt[1719: encryptDecrypt(algorithm=ALG_AES_128_GCM_IV12_TAG16_HKDF_SHA256_ECDSA_P256, byteSize=24, frameSize=16, readLen=48)]" classname="com.amazonaws.encryptionsdk.CryptoOutputStreamTest$ParameterizedEncryptDecryptTest" time="0.001"/>
  <testcase name="encryptDecrypt[1720: encryptDecrypt(algorithm=ALG_AES_128_GCM_IV12_TAG16_HKDF_SHA256_ECDSA_P256, byteSize=24, frameSize=16, readLen=1,000,000)]" classname="com.amazonaws.encryptionsdk.CryptoOutputStreamTest$ParameterizedEncryptDecryptTest" time="0.001"/>
  <testcase name="encryptDecrypt[1721: encryptDecrypt(algorithm=ALG_AES_128_GCM_IV12_TAG16_HKDF_SHA256_ECDSA_P256, byteSize=32, frameSize=16, readLen=31)]" classname="com.amazonaws.encryptionsdk.CryptoOutputStreamTest$ParameterizedEncryptDecryptTest" time="0.001"/>
  <testcase name="encryptDecrypt[1722: encryptDecrypt(algorithm=ALG_AES_128_GCM_IV12_TAG16_HKDF_SHA256_ECDSA_P256, byteSize=32, frameSize=16, readLen=32)]" classname="com.amazonaws.encryptionsdk.CryptoOutputStreamTest$ParameterizedEncryptDecryptTest" time="0"/>
  <testcase name="encryptDecrypt[1723: encryptDecrypt(algorithm=ALG_AES_128_GCM_IV12_TAG16_HKDF_SHA256_ECDSA_P256, byteSize=32, frameSize=16, readLen=33)]" classname="com.amazonaws.encryptionsdk.CryptoOutputStreamTest$ParameterizedEncryptDecryptTest" time="0.001"/>
  <testcase name="encryptDecrypt[1724: encryptDecrypt(algorithm=ALG_AES_128_GCM_IV12_TAG16_HKDF_SHA256_ECDSA_P256, byteSize=32, frameSize=16, readLen=64)]" classname="com.amazonaws.encryptionsdk.CryptoOutputStreamTest$ParameterizedEncryptDecryptTest" time="0.001"/>
  <testcase name="encryptDecrypt[1725: encryptDecrypt(algorithm=ALG_AES_128_GCM_IV12_TAG16_HKDF_SHA256_ECDSA_P256, byteSize=32, frameSize=16, readLen=1,000,000)]" classname="com.amazonaws.encryptionsdk.CryptoOutputStreamTest$ParameterizedEncryptDecryptTest" time="0"/>
  <testcase name="encryptDecrypt[1726: encryptDecrypt(algorithm=ALG_AES_128_GCM_IV12_TAG16_HKDF_SHA256_ECDSA_P256, byteSize=1,000,000, frameSize=16, readLen=999,999)]" classname="com.amazonaws.encryptionsdk.CryptoOutputStreamTest$ParameterizedEncryptDecryptTest" time="0.102"/>
  <testcase name="encryptDecrypt[1727: encryptDecrypt(algorithm=ALG_AES_128_GCM_IV12_TAG16_HKDF_SHA256_ECDSA_P256, byteSize=1,000,000, frameSize=16, readLen=1,000,000)]" classname="com.amazonaws.encryptionsdk.CryptoOutputStreamTest$ParameterizedEncryptDecryptTest" time="0.103"/>
  <testcase name="encryptDecrypt[1728: encryptDecrypt(algorithm=ALG_AES_128_GCM_IV12_TAG16_HKDF_SHA256_ECDSA_P256, byteSize=1,000,000, frameSize=16, readLen=1,000,001)]" classname="com.amazonaws.encryptionsdk.CryptoOutputStreamTest$ParameterizedEncryptDecryptTest" time="0.1"/>
  <testcase name="encryptDecrypt[1729: encryptDecrypt(algorithm=ALG_AES_128_GCM_IV12_TAG16_HKDF_SHA256_ECDSA_P256, byteSize=1,000,000, frameSize=16, readLen=2,000,000)]" classname="com.amazonaws.encryptionsdk.CryptoOutputStreamTest$ParameterizedEncryptDecryptTest" time="0.111"/>
  <testcase name="encryptDecrypt[1730: encryptDecrypt(algorithm=ALG_AES_128_GCM_IV12_TAG16_HKDF_SHA256_ECDSA_P256, byteSize=1,000,000, frameSize=16, readLen=1,000,000)]" classname="com.amazonaws.encryptionsdk.CryptoOutputStreamTest$ParameterizedEncryptDecryptTest" time="0.101"/>
  <testcase name="encryptDecrypt[1731: encryptDecrypt(algorithm=ALG_AES_128_GCM_IV12_TAG16_HKDF_SHA256_ECDSA_P256, byteSize=0, frameSize=17, readLen=1)]" classname="com.amazonaws.encryptionsdk.CryptoOutputStreamTest$ParameterizedEncryptDecryptTest" time="0.002"/>
  <testcase name="encryptDecrypt[1732: encryptDecrypt(algorithm=ALG_AES_128_GCM_IV12_TAG16_HKDF_SHA256_ECDSA_P256, byteSize=0, frameSize=17, readLen=1,000,000)]" classname="com.amazonaws.encryptionsdk.CryptoOutputStreamTest$ParameterizedEncryptDecryptTest" time="0"/>
  <testcase name="encryptDecrypt[1733: encryptDecrypt(algorithm=ALG_AES_128_GCM_IV12_TAG16_HKDF_SHA256_ECDSA_P256, byteSize=1, frameSize=17, readLen=1)]" classname="com.amazonaws.encryptionsdk.CryptoOutputStreamTest$ParameterizedEncryptDecryptTest" time="0.002"/>
  <testcase name="encryptDecrypt[1734: encryptDecrypt(algorithm=ALG_AES_128_GCM_IV12_TAG16_HKDF_SHA256_ECDSA_P256, byteSize=1, frameSize=17, readLen=2)]" classname="com.amazonaws.encryptionsdk.CryptoOutputStreamTest$ParameterizedEncryptDecryptTest" time="0.001"/>
  <testcase name="encryptDecrypt[1735: encryptDecrypt(algorithm=ALG_AES_128_GCM_IV12_TAG16_HKDF_SHA256_ECDSA_P256, byteSize=1, frameSize=17, readLen=2)]" classname="com.amazonaws.encryptionsdk.CryptoOutputStreamTest$ParameterizedEncryptDecryptTest" time="0.001"/>
  <testcase name="encryptDecrypt[1736: encryptDecrypt(algorithm=ALG_AES_128_GCM_IV12_TAG16_HKDF_SHA256_ECDSA_P256, byteSize=1, frameSize=17, readLen=1,000,000)]" classname="com.amazonaws.encryptionsdk.CryptoOutputStreamTest$ParameterizedEncryptDecryptTest" time="0.001"/>
  <testcase name="encryptDecrypt[1737: encryptDecrypt(algorithm=ALG_AES_128_GCM_IV12_TAG16_HKDF_SHA256_ECDSA_P256, byteSize=16, frameSize=17, readLen=15)]" classname="com.amazonaws.encryptionsdk.CryptoOutputStreamTest$ParameterizedEncryptDecryptTest" time="0.001"/>
  <testcase name="encryptDecrypt[1738: encryptDecrypt(algorithm=ALG_AES_128_GCM_IV12_TAG16_HKDF_SHA256_ECDSA_P256, byteSize=16, frameSize=17, readLen=16)]" classname="com.amazonaws.encryptionsdk.CryptoOutputStreamTest$ParameterizedEncryptDecryptTest" time="0.001"/>
  <testcase name="encryptDecrypt[1739: encryptDecrypt(algorithm=ALG_AES_128_GCM_IV12_TAG16_HKDF_SHA256_ECDSA_P256, byteSize=16, frameSize=17, readLen=17)]" classname="com.amazonaws.encryptionsdk.CryptoOutputStreamTest$ParameterizedEncryptDecryptTest" time="0"/>
  <testcase name="encryptDecrypt[1740: encryptDecrypt(algorithm=ALG_AES_128_GCM_IV12_TAG16_HKDF_SHA256_ECDSA_P256, byteSize=16, frameSize=17, readLen=32)]" classname="com.amazonaws.encryptionsdk.CryptoOutputStreamTest$ParameterizedEncryptDecryptTest" time="0.001"/>
  <testcase name="encryptDecrypt[1741: encryptDecrypt(algorithm=ALG_AES_128_GCM_IV12_TAG16_HKDF_SHA256_ECDSA_P256, byteSize=16, frameSize=17, readLen=1,000,000)]" classname="com.amazonaws.encryptionsdk.CryptoOutputStreamTest$ParameterizedEncryptDecryptTest" time="0.001"/>
  <testcase name="encryptDecrypt[1742: encryptDecrypt(algorithm=ALG_AES_128_GCM_IV12_TAG16_HKDF_SHA256_ECDSA_P256, byteSize=17, frameSize=17, readLen=16)]" classname="com.amazonaws.encryptionsdk.CryptoOutputStreamTest$ParameterizedEncryptDecryptTest" time="0.001"/>
  <testcase name="encryptDecrypt[1743: encryptDecrypt(algorithm=ALG_AES_128_GCM_IV12_TAG16_HKDF_SHA256_ECDSA_P256, byteSize=17, frameSize=17, readLen=17)]" classname="com.amazonaws.encryptionsdk.CryptoOutputStreamTest$ParameterizedEncryptDecryptTest" time="0.001"/>
  <testcase name="encryptDecrypt[1744: encryptDecrypt(algorithm=ALG_AES_128_GCM_IV12_TAG16_HKDF_SHA256_ECDSA_P256, byteSize=17, frameSize=17, readLen=18)]" classname="com.amazonaws.encryptionsdk.CryptoOutputStreamTest$ParameterizedEncryptDecryptTest" time="0"/>
  <testcase name="encryptDecrypt[1745: encryptDecrypt(algorithm=ALG_AES_128_GCM_IV12_TAG16_HKDF_SHA256_ECDSA_P256, byteSize=17, frameSize=17, readLen=34)]" classname="com.amazonaws.encryptionsdk.CryptoOutputStreamTest$ParameterizedEncryptDecryptTest" time="0"/>
  <testcase name="encryptDecrypt[1746: encryptDecrypt(algorithm=ALG_AES_128_GCM_IV12_TAG16_HKDF_SHA256_ECDSA_P256, byteSize=17, frameSize=17, readLen=1,000,000)]" classname="com.amazonaws.encryptionsdk.CryptoOutputStreamTest$ParameterizedEncryptDecryptTest" time="0.001"/>
  <testcase name="encryptDecrypt[1747: encryptDecrypt(algorithm=ALG_AES_128_GCM_IV12_TAG16_HKDF_SHA256_ECDSA_P256, byteSize=18, frameSize=17, readLen=17)]" classname="com.amazonaws.encryptionsdk.CryptoOutputStreamTest$ParameterizedEncryptDecryptTest" time="0.001"/>
  <testcase name="encryptDecrypt[1748: encryptDecrypt(algorithm=ALG_AES_128_GCM_IV12_TAG16_HKDF_SHA256_ECDSA_P256, byteSize=18, frameSize=17, readLen=18)]" classname="com.amazonaws.encryptionsdk.CryptoOutputStreamTest$ParameterizedEncryptDecryptTest" time="0.001"/>
  <testcase name="encryptDecrypt[1749: encryptDecrypt(algorithm=ALG_AES_128_GCM_IV12_TAG16_HKDF_SHA256_ECDSA_P256, byteSize=18, frameSize=17, readLen=19)]" classname="com.amazonaws.encryptionsdk.CryptoOutputStreamTest$ParameterizedEncryptDecryptTest" time="0"/>
  <testcase name="encryptDecrypt[1750: encryptDecrypt(algorithm=ALG_AES_128_GCM_IV12_TAG16_HKDF_SHA256_ECDSA_P256, byteSize=18, frameSize=17, readLen=36)]" classname="com.amazonaws.encryptionsdk.CryptoOutputStreamTest$ParameterizedEncryptDecryptTest" time="0.001"/>
  <testcase name="encryptDecrypt[1751: encryptDecrypt(algorithm=ALG_AES_128_GCM_IV12_TAG16_HKDF_SHA256_ECDSA_P256, byteSize=18, frameSize=17, readLen=1,000,000)]" classname="com.amazonaws.encryptionsdk.CryptoOutputStreamTest$ParameterizedEncryptDecryptTest" time="0.001"/>
  <testcase name="encryptDecrypt[1752: encryptDecrypt(algorithm=ALG_AES_128_GCM_IV12_TAG16_HKDF_SHA256_ECDSA_P256, byteSize=25, frameSize=17, readLen=24)]" classname="com.amazonaws.encryptionsdk.CryptoOutputStreamTest$ParameterizedEncryptDecryptTest" time="0.001"/>
  <testcase name="encryptDecrypt[1753: encryptDecrypt(algorithm=ALG_AES_128_GCM_IV12_TAG16_HKDF_SHA256_ECDSA_P256, byteSize=25, frameSize=17, readLen=25)]" classname="com.amazonaws.encryptionsdk.CryptoOutputStreamTest$ParameterizedEncryptDecryptTest" time="0"/>
  <testcase name="encryptDecrypt[1754: encryptDecrypt(algorithm=ALG_AES_128_GCM_IV12_TAG16_HKDF_SHA256_ECDSA_P256, byteSize=25, frameSize=17, readLen=26)]" classname="com.amazonaws.encryptionsdk.CryptoOutputStreamTest$ParameterizedEncryptDecryptTest" time="0.001"/>
  <testcase name="encryptDecrypt[1755: encryptDecrypt(algorithm=ALG_AES_128_GCM_IV12_TAG16_HKDF_SHA256_ECDSA_P256, byteSize=25, frameSize=17, readLen=50)]" classname="com.amazonaws.encryptionsdk.CryptoOutputStreamTest$ParameterizedEncryptDecryptTest" time="0.001"/>
  <testcase name="encryptDecrypt[1756: encryptDecrypt(algorithm=ALG_AES_128_GCM_IV12_TAG16_HKDF_SHA256_ECDSA_P256, byteSize=25, frameSize=17, readLen=1,000,000)]" classname="com.amazonaws.encryptionsdk.CryptoOutputStreamTest$ParameterizedEncryptDecryptTest" time="0.001"/>
  <testcase name="encryptDecrypt[1757: encryptDecrypt(algorithm=ALG_AES_128_GCM_IV12_TAG16_HKDF_SHA256_ECDSA_P256, byteSize=34, frameSize=17, readLen=33)]" classname="com.amazonaws.encryptionsdk.CryptoOutputStreamTest$ParameterizedEncryptDecryptTest" time="0.001"/>
  <testcase name="encryptDecrypt[1758: encryptDecrypt(algorithm=ALG_AES_128_GCM_IV12_TAG16_HKDF_SHA256_ECDSA_P256, byteSize=34, frameSize=17, readLen=34)]" classname="com.amazonaws.encryptionsdk.CryptoOutputStreamTest$ParameterizedEncryptDecryptTest" time="0"/>
  <testcase name="encryptDecrypt[1759: encryptDecrypt(algorithm=ALG_AES_128_GCM_IV12_TAG16_HKDF_SHA256_ECDSA_P256, byteSize=34, frameSize=17, readLen=35)]" classname="com.amazonaws.encryptionsdk.CryptoOutputStreamTest$ParameterizedEncryptDecryptTest" time="0.001"/>
  <testcase name="encryptDecrypt[1760: encryptDecrypt(algorithm=ALG_AES_128_GCM_IV12_TAG16_HKDF_SHA256_ECDSA_P256, byteSize=34, frameSize=17, readLen=68)]" classname="com.amazonaws.encryptionsdk.CryptoOutputStreamTest$ParameterizedEncryptDecryptTest" time="0.001"/>
  <testcase name="encryptDecrypt[1761: encryptDecrypt(algorithm=ALG_AES_128_GCM_IV12_TAG16_HKDF_SHA256_ECDSA_P256, byteSize=34, frameSize=17, readLen=1,000,000)]" classname="com.amazonaws.encryptionsdk.CryptoOutputStreamTest$ParameterizedEncryptDecryptTest" time="0.001"/>
  <testcase name="encryptDecrypt[1762: encryptDecrypt(algorithm=ALG_AES_128_GCM_IV12_TAG16_HKDF_SHA256_ECDSA_P256, byteSize=1,000,000, frameSize=17, readLen=999,999)]" classname="com.amazonaws.encryptionsdk.CryptoOutputStreamTest$ParameterizedEncryptDecryptTest" time="0.104"/>
  <testcase name="encryptDecrypt[1763: encryptDecrypt(algorithm=ALG_AES_128_GCM_IV12_TAG16_HKDF_SHA256_ECDSA_P256, byteSize=1,000,000, frameSize=17, readLen=1,000,000)]" classname="com.amazonaws.encryptionsdk.CryptoOutputStreamTest$ParameterizedEncryptDecryptTest" time="0.1"/>
  <testcase name="encryptDecrypt[1764: encryptDecrypt(algorithm=ALG_AES_128_GCM_IV12_TAG16_HKDF_SHA256_ECDSA_P256, byteSize=1,000,000, frameSize=17, readLen=1,000,001)]" classname="com.amazonaws.encryptionsdk.CryptoOutputStreamTest$ParameterizedEncryptDecryptTest" time="0.099"/>
  <testcase name="encryptDecrypt[1765: encryptDecrypt(algorithm=ALG_AES_128_GCM_IV12_TAG16_HKDF_SHA256_ECDSA_P256, byteSize=1,000,000, frameSize=17, readLen=2,000,000)]" classname="com.amazonaws.encryptionsdk.CryptoOutputStreamTest$ParameterizedEncryptDecryptTest" time="0.102"/>
  <testcase name="encryptDecrypt[1766: encryptDecrypt(algorithm=ALG_AES_128_GCM_IV12_TAG16_HKDF_SHA256_ECDSA_P256, byteSize=1,000,000, frameSize=17, readLen=1,000,000)]" classname="com.amazonaws.encryptionsdk.CryptoOutputStreamTest$ParameterizedEncryptDecryptTest" time="0.101"/>
  <testcase name="encryptDecrypt[1767: encryptDecrypt(algorithm=ALG_AES_128_GCM_IV12_TAG16_HKDF_SHA256_ECDSA_P256, byteSize=0, frameSize=32, readLen=1)]" classname="com.amazonaws.encryptionsdk.CryptoOutputStreamTest$ParameterizedEncryptDecryptTest" time="0.002"/>
  <testcase name="encryptDecrypt[1768: encryptDecrypt(algorithm=ALG_AES_128_GCM_IV12_TAG16_HKDF_SHA256_ECDSA_P256, byteSize=0, frameSize=32, readLen=1,000,000)]" classname="com.amazonaws.encryptionsdk.CryptoOutputStreamTest$ParameterizedEncryptDecryptTest" time="0.001"/>
  <testcase name="encryptDecrypt[1769: encryptDecrypt(algorithm=ALG_AES_128_GCM_IV12_TAG16_HKDF_SHA256_ECDSA_P256, byteSize=1, frameSize=32, readLen=1)]" classname="com.amazonaws.encryptionsdk.CryptoOutputStreamTest$ParameterizedEncryptDecryptTest" time="0.002"/>
  <testcase name="encryptDecrypt[1770: encryptDecrypt(algorithm=ALG_AES_128_GCM_IV12_TAG16_HKDF_SHA256_ECDSA_P256, byteSize=1, frameSize=32, readLen=2)]" classname="com.amazonaws.encryptionsdk.CryptoOutputStreamTest$ParameterizedEncryptDecryptTest" time="0.001"/>
  <testcase name="encryptDecrypt[1771: encryptDecrypt(algorithm=ALG_AES_128_GCM_IV12_TAG16_HKDF_SHA256_ECDSA_P256, byteSize=1, frameSize=32, readLen=2)]" classname="com.amazonaws.encryptionsdk.CryptoOutputStreamTest$ParameterizedEncryptDecryptTest" time="0.002"/>
  <testcase name="encryptDecrypt[1772: encryptDecrypt(algorithm=ALG_AES_128_GCM_IV12_TAG16_HKDF_SHA256_ECDSA_P256, byteSize=1, frameSize=32, readLen=1,000,000)]" classname="com.amazonaws.encryptionsdk.CryptoOutputStreamTest$ParameterizedEncryptDecryptTest" time="0.001"/>
  <testcase name="encryptDecrypt[1773: encryptDecrypt(algorithm=ALG_AES_128_GCM_IV12_TAG16_HKDF_SHA256_ECDSA_P256, byteSize=31, frameSize=32, readLen=30)]" classname="com.amazonaws.encryptionsdk.CryptoOutputStreamTest$ParameterizedEncryptDecryptTest" time="0"/>
  <testcase name="encryptDecrypt[1774: encryptDecrypt(algorithm=ALG_AES_128_GCM_IV12_TAG16_HKDF_SHA256_ECDSA_P256, byteSize=31, frameSize=32, readLen=31)]" classname="com.amazonaws.encryptionsdk.CryptoOutputStreamTest$ParameterizedEncryptDecryptTest" time="0.001"/>
  <testcase name="encryptDecrypt[1775: encryptDecrypt(algorithm=ALG_AES_128_GCM_IV12_TAG16_HKDF_SHA256_ECDSA_P256, byteSize=31, frameSize=32, readLen=32)]" classname="com.amazonaws.encryptionsdk.CryptoOutputStreamTest$ParameterizedEncryptDecryptTest" time="0.001"/>
  <testcase name="encryptDecrypt[1776: encryptDecrypt(algorithm=ALG_AES_128_GCM_IV12_TAG16_HKDF_SHA256_ECDSA_P256, byteSize=31, frameSize=32, readLen=62)]" classname="com.amazonaws.encryptionsdk.CryptoOutputStreamTest$ParameterizedEncryptDecryptTest" time="0"/>
  <testcase name="encryptDecrypt[1777: encryptDecrypt(algorithm=ALG_AES_128_GCM_IV12_TAG16_HKDF_SHA256_ECDSA_P256, byteSize=31, frameSize=32, readLen=1,000,000)]" classname="com.amazonaws.encryptionsdk.CryptoOutputStreamTest$ParameterizedEncryptDecryptTest" time="0.001"/>
  <testcase name="encryptDecrypt[1778: encryptDecrypt(algorithm=ALG_AES_128_GCM_IV12_TAG16_HKDF_SHA256_ECDSA_P256, byteSize=32, frameSize=32, readLen=31)]" classname="com.amazonaws.encryptionsdk.CryptoOutputStreamTest$ParameterizedEncryptDecryptTest" time="0.001"/>
  <testcase name="encryptDecrypt[1779: encryptDecrypt(algorithm=ALG_AES_128_GCM_IV12_TAG16_HKDF_SHA256_ECDSA_P256, byteSize=32, frameSize=32, readLen=32)]" classname="com.amazonaws.encryptionsdk.CryptoOutputStreamTest$ParameterizedEncryptDecryptTest" time="0.001"/>
  <testcase name="encryptDecrypt[1780: encryptDecrypt(algorithm=ALG_AES_128_GCM_IV12_TAG16_HKDF_SHA256_ECDSA_P256, byteSize=32, frameSize=32, readLen=33)]" classname="com.amazonaws.encryptionsdk.CryptoOutputStreamTest$ParameterizedEncryptDecryptTest" time="0"/>
  <testcase name="encryptDecrypt[1781: encryptDecrypt(algorithm=ALG_AES_128_GCM_IV12_TAG16_HKDF_SHA256_ECDSA_P256, byteSize=32, frameSize=32, readLen=64)]" classname="com.amazonaws.encryptionsdk.CryptoOutputStreamTest$ParameterizedEncryptDecryptTest" time="0.001"/>
  <testcase name="encryptDecrypt[1782: encryptDecrypt(algorithm=ALG_AES_128_GCM_IV12_TAG16_HKDF_SHA256_ECDSA_P256, byteSize=32, frameSize=32, readLen=1,000,000)]" classname="com.amazonaws.encryptionsdk.CryptoOutputStreamTest$ParameterizedEncryptDecryptTest" time="0.001"/>
  <testcase name="encryptDecrypt[1783: encryptDecrypt(algorithm=ALG_AES_128_GCM_IV12_TAG16_HKDF_SHA256_ECDSA_P256, byteSize=33, frameSize=32, readLen=32)]" classname="com.amazonaws.encryptionsdk.CryptoOutputStreamTest$ParameterizedEncryptDecryptTest" time="0.001"/>
  <testcase name="encryptDecrypt[1784: encryptDecrypt(algorithm=ALG_AES_128_GCM_IV12_TAG16_HKDF_SHA256_ECDSA_P256, byteSize=33, frameSize=32, readLen=33)]" classname="com.amazonaws.encryptionsdk.CryptoOutputStreamTest$ParameterizedEncryptDecryptTest" time="0"/>
  <testcase name="encryptDecrypt[1785: encryptDecrypt(algorithm=ALG_AES_128_GCM_IV12_TAG16_HKDF_SHA256_ECDSA_P256, byteSize=33, frameSize=32, readLen=34)]" classname="com.amazonaws.encryptionsdk.CryptoOutputStreamTest$ParameterizedEncryptDecryptTest" time="0.001"/>
  <testcase name="encryptDecrypt[1786: encryptDecrypt(algorithm=ALG_AES_128_GCM_IV12_TAG16_HKDF_SHA256_ECDSA_P256, byteSize=33, frameSize=32, readLen=66)]" classname="com.amazonaws.encryptionsdk.CryptoOutputStreamTest$ParameterizedEncryptDecryptTest" time="0.001"/>
  <testcase name="encryptDecrypt[1787: encryptDecrypt(algorithm=ALG_AES_128_GCM_IV12_TAG16_HKDF_SHA256_ECDSA_P256, byteSize=33, frameSize=32, readLen=1,000,000)]" classname="com.amazonaws.encryptionsdk.CryptoOutputStreamTest$ParameterizedEncryptDecryptTest" time="0.001"/>
  <testcase name="encryptDecrypt[1788: encryptDecrypt(algorithm=ALG_AES_128_GCM_IV12_TAG16_HKDF_SHA256_ECDSA_P256, byteSize=48, frameSize=32, readLen=47)]" classname="com.amazonaws.encryptionsdk.CryptoOutputStreamTest$ParameterizedEncryptDecryptTest" time="0.001"/>
  <testcase name="encryptDecrypt[1789: encryptDecrypt(algorithm=ALG_AES_128_GCM_IV12_TAG16_HKDF_SHA256_ECDSA_P256, byteSize=48, frameSize=32, readLen=48)]" classname="com.amazonaws.encryptionsdk.CryptoOutputStreamTest$ParameterizedEncryptDecryptTest" time="0"/>
  <testcase name="encryptDecrypt[1790: encryptDecrypt(algorithm=ALG_AES_128_GCM_IV12_TAG16_HKDF_SHA256_ECDSA_P256, byteSize=48, frameSize=32, readLen=49)]" classname="com.amazonaws.encryptionsdk.CryptoOutputStreamTest$ParameterizedEncryptDecryptTest" time="0.001"/>
  <testcase name="encryptDecrypt[1791: encryptDecrypt(algorithm=ALG_AES_128_GCM_IV12_TAG16_HKDF_SHA256_ECDSA_P256, byteSize=48, frameSize=32, readLen=96)]" classname="com.amazonaws.encryptionsdk.CryptoOutputStreamTest$ParameterizedEncryptDecryptTest" time="0.001"/>
  <testcase name="encryptDecrypt[1792: encryptDecrypt(algorithm=ALG_AES_128_GCM_IV12_TAG16_HKDF_SHA256_ECDSA_P256, byteSize=48, frameSize=32, readLen=1,000,000)]" classname="com.amazonaws.encryptionsdk.CryptoOutputStreamTest$ParameterizedEncryptDecryptTest" time="0.001"/>
  <testcase name="encryptDecrypt[1793: encryptDecrypt(algorithm=ALG_AES_128_GCM_IV12_TAG16_HKDF_SHA256_ECDSA_P256, byteSize=64, frameSize=32, readLen=63)]" classname="com.amazonaws.encryptionsdk.CryptoOutputStreamTest$ParameterizedEncryptDecryptTest" time="0"/>
  <testcase name="encryptDecrypt[1794: encryptDecrypt(algorithm=ALG_AES_128_GCM_IV12_TAG16_HKDF_SHA256_ECDSA_P256, byteSize=64, frameSize=32, readLen=64)]" classname="com.amazonaws.encryptionsdk.CryptoOutputStreamTest$ParameterizedEncryptDecryptTest" time="0.001"/>
  <testcase name="encryptDecrypt[1795: encryptDecrypt(algorithm=ALG_AES_128_GCM_IV12_TAG16_HKDF_SHA256_ECDSA_P256, byteSize=64, frameSize=32, readLen=65)]" classname="com.amazonaws.encryptionsdk.CryptoOutputStreamTest$ParameterizedEncryptDecryptTest" time="0.001"/>
  <testcase name="encryptDecrypt[1796: encryptDecrypt(algorithm=ALG_AES_128_GCM_IV12_TAG16_HKDF_SHA256_ECDSA_P256, byteSize=64, frameSize=32, readLen=128)]" classname="com.amazonaws.encryptionsdk.CryptoOutputStreamTest$ParameterizedEncryptDecryptTest" time="0.001"/>
  <testcase name="encryptDecrypt[1797: encryptDecrypt(algorithm=ALG_AES_128_GCM_IV12_TAG16_HKDF_SHA256_ECDSA_P256, byteSize=64, frameSize=32, readLen=1,000,000)]" classname="com.amazonaws.encryptionsdk.CryptoOutputStreamTest$ParameterizedEncryptDecryptTest" time="0.001"/>
  <testcase name="encryptDecrypt[1798: encryptDecrypt(algorithm=ALG_AES_128_GCM_IV12_TAG16_HKDF_SHA256_ECDSA_P256, byteSize=1,000,000, frameSize=32, readLen=999,999)]" classname="com.amazonaws.encryptionsdk.CryptoOutputStreamTest$ParameterizedEncryptDecryptTest" time="0.061"/>
  <testcase name="encryptDecrypt[1799: encryptDecrypt(algorithm=ALG_AES_128_GCM_IV12_TAG16_HKDF_SHA256_ECDSA_P256, byteSize=1,000,000, frameSize=32, readLen=1,000,000)]" classname="com.amazonaws.encryptionsdk.CryptoOutputStreamTest$ParameterizedEncryptDecryptTest" time="0.06"/>
  <testcase name="encryptDecrypt[1800: encryptDecrypt(algorithm=ALG_AES_128_GCM_IV12_TAG16_HKDF_SHA256_ECDSA_P256, byteSize=1,000,000, frameSize=32, readLen=1,000,001)]" classname="com.amazonaws.encryptionsdk.CryptoOutputStreamTest$ParameterizedEncryptDecryptTest" time="0.06"/>
  <testcase name="encryptDecrypt[1801: encryptDecrypt(algorithm=ALG_AES_128_GCM_IV12_TAG16_HKDF_SHA256_ECDSA_P256, byteSize=1,000,000, frameSize=32, readLen=2,000,000)]" classname="com.amazonaws.encryptionsdk.CryptoOutputStreamTest$ParameterizedEncryptDecryptTest" time="0.06"/>
  <testcase name="encryptDecrypt[1802: encryptDecrypt(algorithm=ALG_AES_128_GCM_IV12_TAG16_HKDF_SHA256_ECDSA_P256, byteSize=1,000,000, frameSize=32, readLen=1,000,000)]" classname="com.amazonaws.encryptionsdk.CryptoOutputStreamTest$ParameterizedEncryptDecryptTest" time="0.061"/>
  <testcase name="encryptDecrypt[1803: encryptDecrypt(algorithm=ALG_AES_128_GCM_IV12_TAG16_HKDF_SHA256_ECDSA_P256, byteSize=0, frameSize=160, readLen=1)]" classname="com.amazonaws.encryptionsdk.CryptoOutputStreamTest$ParameterizedEncryptDecryptTest" time="0.002"/>
  <testcase name="encryptDecrypt[1804: encryptDecrypt(algorithm=ALG_AES_128_GCM_IV12_TAG16_HKDF_SHA256_ECDSA_P256, byteSize=0, frameSize=160, readLen=1,000,000)]" classname="com.amazonaws.encryptionsdk.CryptoOutputStreamTest$ParameterizedEncryptDecryptTest" time="0.001"/>
  <testcase name="encryptDecrypt[1805: encryptDecrypt(algorithm=ALG_AES_128_GCM_IV12_TAG16_HKDF_SHA256_ECDSA_P256, byteSize=1, frameSize=160, readLen=1)]" classname="com.amazonaws.encryptionsdk.CryptoOutputStreamTest$ParameterizedEncryptDecryptTest" time="0.002"/>
  <testcase name="encryptDecrypt[1806: encryptDecrypt(algorithm=ALG_AES_128_GCM_IV12_TAG16_HKDF_SHA256_ECDSA_P256, byteSize=1, frameSize=160, readLen=2)]" classname="com.amazonaws.encryptionsdk.CryptoOutputStreamTest$ParameterizedEncryptDecryptTest" time="0.001"/>
  <testcase name="encryptDecrypt[1807: encryptDecrypt(algorithm=ALG_AES_128_GCM_IV12_TAG16_HKDF_SHA256_ECDSA_P256, byteSize=1, frameSize=160, readLen=2)]" classname="com.amazonaws.encryptionsdk.CryptoOutputStreamTest$ParameterizedEncryptDecryptTest" time="0.002"/>
  <testcase name="encryptDecrypt[1808: encryptDecrypt(algorithm=ALG_AES_128_GCM_IV12_TAG16_HKDF_SHA256_ECDSA_P256, byteSize=1, frameSize=160, readLen=1,000,000)]" classname="com.amazonaws.encryptionsdk.CryptoOutputStreamTest$ParameterizedEncryptDecryptTest" time="0"/>
  <testcase name="encryptDecrypt[1809: encryptDecrypt(algorithm=ALG_AES_128_GCM_IV12_TAG16_HKDF_SHA256_ECDSA_P256, byteSize=159, frameSize=160, readLen=158)]" classname="com.amazonaws.encryptionsdk.CryptoOutputStreamTest$ParameterizedEncryptDecryptTest" time="0.001"/>
  <testcase name="encryptDecrypt[1810: encryptDecrypt(algorithm=ALG_AES_128_GCM_IV12_TAG16_HKDF_SHA256_ECDSA_P256, byteSize=159, frameSize=160, readLen=159)]" classname="com.amazonaws.encryptionsdk.CryptoOutputStreamTest$ParameterizedEncryptDecryptTest" time="0.001"/>
  <testcase name="encryptDecrypt[1811: encryptDecrypt(algorithm=ALG_AES_128_GCM_IV12_TAG16_HKDF_SHA256_ECDSA_P256, byteSize=159, frameSize=160, readLen=160)]" classname="com.amazonaws.encryptionsdk.CryptoOutputStreamTest$ParameterizedEncryptDecryptTest" time="0"/>
  <testcase name="encryptDecrypt[1812: encryptDecrypt(algorithm=ALG_AES_128_GCM_IV12_TAG16_HKDF_SHA256_ECDSA_P256, byteSize=159, frameSize=160, readLen=318)]" classname="com.amazonaws.encryptionsdk.CryptoOutputStreamTest$ParameterizedEncryptDecryptTest" time="0.001"/>
  <testcase name="encryptDecrypt[1813: encryptDecrypt(algorithm=ALG_AES_128_GCM_IV12_TAG16_HKDF_SHA256_ECDSA_P256, byteSize=159, frameSize=160, readLen=1,000,000)]" classname="com.amazonaws.encryptionsdk.CryptoOutputStreamTest$ParameterizedEncryptDecryptTest" time="0.001"/>
  <testcase name="encryptDecrypt[1814: encryptDecrypt(algorithm=ALG_AES_128_GCM_IV12_TAG16_HKDF_SHA256_ECDSA_P256, byteSize=160, frameSize=160, readLen=159)]" classname="com.amazonaws.encryptionsdk.CryptoOutputStreamTest$ParameterizedEncryptDecryptTest" time="0.001"/>
  <testcase name="encryptDecrypt[1815: encryptDecrypt(algorithm=ALG_AES_128_GCM_IV12_TAG16_HKDF_SHA256_ECDSA_P256, byteSize=160, frameSize=160, readLen=160)]" classname="com.amazonaws.encryptionsdk.CryptoOutputStreamTest$ParameterizedEncryptDecryptTest" time="0.001"/>
  <testcase name="encryptDecrypt[1816: encryptDecrypt(algorithm=ALG_AES_128_GCM_IV12_TAG16_HKDF_SHA256_ECDSA_P256, byteSize=160, frameSize=160, readLen=161)]" classname="com.amazonaws.encryptionsdk.CryptoOutputStreamTest$ParameterizedEncryptDecryptTest" time="0"/>
  <testcase name="encryptDecrypt[1817: encryptDecrypt(algorithm=ALG_AES_128_GCM_IV12_TAG16_HKDF_SHA256_ECDSA_P256, byteSize=160, frameSize=160, readLen=320)]" classname="com.amazonaws.encryptionsdk.CryptoOutputStreamTest$ParameterizedEncryptDecryptTest" time="0.001"/>
  <testcase name="encryptDecrypt[1818: encryptDecrypt(algorithm=ALG_AES_128_GCM_IV12_TAG16_HKDF_SHA256_ECDSA_P256, byteSize=160, frameSize=160, readLen=1,000,000)]" classname="com.amazonaws.encryptionsdk.CryptoOutputStreamTest$ParameterizedEncryptDecryptTest" time="0.001"/>
  <testcase name="encryptDecrypt[1819: encryptDecrypt(algorithm=ALG_AES_128_GCM_IV12_TAG16_HKDF_SHA256_ECDSA_P256, byteSize=161, frameSize=160, readLen=160)]" classname="com.amazonaws.encryptionsdk.CryptoOutputStreamTest$ParameterizedEncryptDecryptTest" time="0.001"/>
  <testcase name="encryptDecrypt[1820: encryptDecrypt(algorithm=ALG_AES_128_GCM_IV12_TAG16_HKDF_SHA256_ECDSA_P256, byteSize=161, frameSize=160, readLen=161)]" classname="com.amazonaws.encryptionsdk.CryptoOutputStreamTest$ParameterizedEncryptDecryptTest" time="0.001"/>
  <testcase name="encryptDecrypt[1821: encryptDecrypt(algorithm=ALG_AES_128_GCM_IV12_TAG16_HKDF_SHA256_ECDSA_P256, byteSize=161, frameSize=160, readLen=162)]" classname="com.amazonaws.encryptionsdk.CryptoOutputStreamTest$ParameterizedEncryptDecryptTest" time="0"/>
  <testcase name="encryptDecrypt[1822: encryptDecrypt(algorithm=ALG_AES_128_GCM_IV12_TAG16_HKDF_SHA256_ECDSA_P256, byteSize=161, frameSize=160, readLen=322)]" classname="com.amazonaws.encryptionsdk.CryptoOutputStreamTest$ParameterizedEncryptDecryptTest" time="0.001"/>
  <testcase name="encryptDecrypt[1823: encryptDecrypt(algorithm=ALG_AES_128_GCM_IV12_TAG16_HKDF_SHA256_ECDSA_P256, byteSize=161, frameSize=160, readLen=1,000,000)]" classname="com.amazonaws.encryptionsdk.CryptoOutputStreamTest$ParameterizedEncryptDecryptTest" time="0.001"/>
  <testcase name="encryptDecrypt[1824: encryptDecrypt(algorithm=ALG_AES_128_GCM_IV12_TAG16_HKDF_SHA256_ECDSA_P256, byteSize=240, frameSize=160, readLen=239)]" classname="com.amazonaws.encryptionsdk.CryptoOutputStreamTest$ParameterizedEncryptDecryptTest" time="0.001"/>
  <testcase name="encryptDecrypt[1825: encryptDecrypt(algorithm=ALG_AES_128_GCM_IV12_TAG16_HKDF_SHA256_ECDSA_P256, byteSize=240, frameSize=160, readLen=240)]" classname="com.amazonaws.encryptionsdk.CryptoOutputStreamTest$ParameterizedEncryptDecryptTest" time="0.001"/>
  <testcase name="encryptDecrypt[1826: encryptDecrypt(algorithm=ALG_AES_128_GCM_IV12_TAG16_HKDF_SHA256_ECDSA_P256, byteSize=240, frameSize=160, readLen=241)]" classname="com.amazonaws.encryptionsdk.CryptoOutputStreamTest$ParameterizedEncryptDecryptTest" time="0.001"/>
  <testcase name="encryptDecrypt[1827: encryptDecrypt(algorithm=ALG_AES_128_GCM_IV12_TAG16_HKDF_SHA256_ECDSA_P256, byteSize=240, frameSize=160, readLen=480)]" classname="com.amazonaws.encryptionsdk.CryptoOutputStreamTest$ParameterizedEncryptDecryptTest" time="0.001"/>
  <testcase name="encryptDecrypt[1828: encryptDecrypt(algorithm=ALG_AES_128_GCM_IV12_TAG16_HKDF_SHA256_ECDSA_P256, byteSize=240, frameSize=160, readLen=1,000,000)]" classname="com.amazonaws.encryptionsdk.CryptoOutputStreamTest$ParameterizedEncryptDecryptTest" time="0.001"/>
  <testcase name="encryptDecrypt[1829: encryptDecrypt(algorithm=ALG_AES_128_GCM_IV12_TAG16_HKDF_SHA256_ECDSA_P256, byteSize=320, frameSize=160, readLen=319)]" classname="com.amazonaws.encryptionsdk.CryptoOutputStreamTest$ParameterizedEncryptDecryptTest" time="0.001"/>
  <testcase name="encryptDecrypt[1830: encryptDecrypt(algorithm=ALG_AES_128_GCM_IV12_TAG16_HKDF_SHA256_ECDSA_P256, byteSize=320, frameSize=160, readLen=320)]" classname="com.amazonaws.encryptionsdk.CryptoOutputStreamTest$ParameterizedEncryptDecryptTest" time="0.001"/>
  <testcase name="encryptDecrypt[1831: encryptDecrypt(algorithm=ALG_AES_128_GCM_IV12_TAG16_HKDF_SHA256_ECDSA_P256, byteSize=320, frameSize=160, readLen=321)]" classname="com.amazonaws.encryptionsdk.CryptoOutputStreamTest$ParameterizedEncryptDecryptTest" time="0.001"/>
  <testcase name="encryptDecrypt[1832: encryptDecrypt(algorithm=ALG_AES_128_GCM_IV12_TAG16_HKDF_SHA256_ECDSA_P256, byteSize=320, frameSize=160, readLen=640)]" classname="com.amazonaws.encryptionsdk.CryptoOutputStreamTest$ParameterizedEncryptDecryptTest" time="0.001"/>
  <testcase name="encryptDecrypt[1833: encryptDecrypt(algorithm=ALG_AES_128_GCM_IV12_TAG16_HKDF_SHA256_ECDSA_P256, byteSize=320, frameSize=160, readLen=1,000,000)]" classname="com.amazonaws.encryptionsdk.CryptoOutputStreamTest$ParameterizedEncryptDecryptTest" time="0.001"/>
  <testcase name="encryptDecrypt[1834: encryptDecrypt(algorithm=ALG_AES_128_GCM_IV12_TAG16_HKDF_SHA256_ECDSA_P256, byteSize=1,000,000, frameSize=160, readLen=999,999)]" classname="com.amazonaws.encryptionsdk.CryptoOutputStreamTest$ParameterizedEncryptDecryptTest" time="0.028"/>
  <testcase name="encryptDecrypt[1835: encryptDecrypt(algorithm=ALG_AES_128_GCM_IV12_TAG16_HKDF_SHA256_ECDSA_P256, byteSize=1,000,000, frameSize=160, readLen=1,000,000)]" classname="com.amazonaws.encryptionsdk.CryptoOutputStreamTest$ParameterizedEncryptDecryptTest" time="0.027"/>
  <testcase name="encryptDecrypt[1836: encryptDecrypt(algorithm=ALG_AES_128_GCM_IV12_TAG16_HKDF_SHA256_ECDSA_P256, byteSize=1,000,000, frameSize=160, readLen=1,000,001)]" classname="com.amazonaws.encryptionsdk.CryptoOutputStreamTest$ParameterizedEncryptDecryptTest" time="0.028"/>
  <testcase name="encryptDecrypt[1837: encryptDecrypt(algorithm=ALG_AES_128_GCM_IV12_TAG16_HKDF_SHA256_ECDSA_P256, byteSize=1,000,000, frameSize=160, readLen=2,000,000)]" classname="com.amazonaws.encryptionsdk.CryptoOutputStreamTest$ParameterizedEncryptDecryptTest" time="0.028"/>
  <testcase name="encryptDecrypt[1838: encryptDecrypt(algorithm=ALG_AES_128_GCM_IV12_TAG16_HKDF_SHA256_ECDSA_P256, byteSize=1,000,000, frameSize=160, readLen=1,000,000)]" classname="com.amazonaws.encryptionsdk.CryptoOutputStreamTest$ParameterizedEncryptDecryptTest" time="0.028"/>
  <testcase name="encryptDecrypt[1839: encryptDecrypt(algorithm=ALG_AES_128_GCM_IV12_TAG16_HKDF_SHA256_ECDSA_P256, byteSize=0, frameSize=161, readLen=1)]" classname="com.amazonaws.encryptionsdk.CryptoOutputStreamTest$ParameterizedEncryptDecryptTest" time="0.002"/>
  <testcase name="encryptDecrypt[1840: encryptDecrypt(algorithm=ALG_AES_128_GCM_IV12_TAG16_HKDF_SHA256_ECDSA_P256, byteSize=0, frameSize=161, readLen=1,000,000)]" classname="com.amazonaws.encryptionsdk.CryptoOutputStreamTest$ParameterizedEncryptDecryptTest" time="0.001"/>
  <testcase name="encryptDecrypt[1841: encryptDecrypt(algorithm=ALG_AES_128_GCM_IV12_TAG16_HKDF_SHA256_ECDSA_P256, byteSize=1, frameSize=161, readLen=1)]" classname="com.amazonaws.encryptionsdk.CryptoOutputStreamTest$ParameterizedEncryptDecryptTest" time="0.002"/>
  <testcase name="encryptDecrypt[1842: encryptDecrypt(algorithm=ALG_AES_128_GCM_IV12_TAG16_HKDF_SHA256_ECDSA_P256, byteSize=1, frameSize=161, readLen=2)]" classname="com.amazonaws.encryptionsdk.CryptoOutputStreamTest$ParameterizedEncryptDecryptTest" time="0.001"/>
  <testcase name="encryptDecrypt[1843: encryptDecrypt(algorithm=ALG_AES_128_GCM_IV12_TAG16_HKDF_SHA256_ECDSA_P256, byteSize=1, frameSize=161, readLen=2)]" classname="com.amazonaws.encryptionsdk.CryptoOutputStreamTest$ParameterizedEncryptDecryptTest" time="0.002"/>
  <testcase name="encryptDecrypt[1844: encryptDecrypt(algorithm=ALG_AES_128_GCM_IV12_TAG16_HKDF_SHA256_ECDSA_P256, byteSize=1, frameSize=161, readLen=1,000,000)]" classname="com.amazonaws.encryptionsdk.CryptoOutputStreamTest$ParameterizedEncryptDecryptTest" time="0"/>
  <testcase name="encryptDecrypt[1845: encryptDecrypt(algorithm=ALG_AES_128_GCM_IV12_TAG16_HKDF_SHA256_ECDSA_P256, byteSize=160, frameSize=161, readLen=159)]" classname="com.amazonaws.encryptionsdk.CryptoOutputStreamTest$ParameterizedEncryptDecryptTest" time="0.001"/>
  <testcase name="encryptDecrypt[1846: encryptDecrypt(algorithm=ALG_AES_128_GCM_IV12_TAG16_HKDF_SHA256_ECDSA_P256, byteSize=160, frameSize=161, readLen=160)]" classname="com.amazonaws.encryptionsdk.CryptoOutputStreamTest$ParameterizedEncryptDecryptTest" time="0.001"/>
  <testcase name="encryptDecrypt[1847: encryptDecrypt(algorithm=ALG_AES_128_GCM_IV12_TAG16_HKDF_SHA256_ECDSA_P256, byteSize=160, frameSize=161, readLen=161)]" classname="com.amazonaws.encryptionsdk.CryptoOutputStreamTest$ParameterizedEncryptDecryptTest" time="0"/>
  <testcase name="encryptDecrypt[1848: encryptDecrypt(algorithm=ALG_AES_128_GCM_IV12_TAG16_HKDF_SHA256_ECDSA_P256, byteSize=160, frameSize=161, readLen=320)]" classname="com.amazonaws.encryptionsdk.CryptoOutputStreamTest$ParameterizedEncryptDecryptTest" time="0.001"/>
  <testcase name="encryptDecrypt[1849: encryptDecrypt(algorithm=ALG_AES_128_GCM_IV12_TAG16_HKDF_SHA256_ECDSA_P256, byteSize=160, frameSize=161, readLen=1,000,000)]" classname="com.amazonaws.encryptionsdk.CryptoOutputStreamTest$ParameterizedEncryptDecryptTest" time="0.001"/>
  <testcase name="encryptDecrypt[1850: encryptDecrypt(algorithm=ALG_AES_128_GCM_IV12_TAG16_HKDF_SHA256_ECDSA_P256, byteSize=161, frameSize=161, readLen=160)]" classname="com.amazonaws.encryptionsdk.CryptoOutputStreamTest$ParameterizedEncryptDecryptTest" time="0.001"/>
  <testcase name="encryptDecrypt[1851: encryptDecrypt(algorithm=ALG_AES_128_GCM_IV12_TAG16_HKDF_SHA256_ECDSA_P256, byteSize=161, frameSize=161, readLen=161)]" classname="com.amazonaws.encryptionsdk.CryptoOutputStreamTest$ParameterizedEncryptDecryptTest" time="0.001"/>
  <testcase name="encryptDecrypt[1852: encryptDecrypt(algorithm=ALG_AES_128_GCM_IV12_TAG16_HKDF_SHA256_ECDSA_P256, byteSize=161, frameSize=161, readLen=162)]" classname="com.amazonaws.encryptionsdk.CryptoOutputStreamTest$ParameterizedEncryptDecryptTest" time="0"/>
  <testcase name="encryptDecrypt[1853: encryptDecrypt(algorithm=ALG_AES_128_GCM_IV12_TAG16_HKDF_SHA256_ECDSA_P256, byteSize=161, frameSize=161, readLen=322)]" classname="com.amazonaws.encryptionsdk.CryptoOutputStreamTest$ParameterizedEncryptDecryptTest" time="0.001"/>
  <testcase name="encryptDecrypt[1854: encryptDecrypt(algorithm=ALG_AES_128_GCM_IV12_TAG16_HKDF_SHA256_ECDSA_P256, byteSize=161, frameSize=161, readLen=1,000,000)]" classname="com.amazonaws.encryptionsdk.CryptoOutputStreamTest$ParameterizedEncryptDecryptTest" time="0.001"/>
  <testcase name="encryptDecrypt[1855: encryptDecrypt(algorithm=ALG_AES_128_GCM_IV12_TAG16_HKDF_SHA256_ECDSA_P256, byteSize=162, frameSize=161, readLen=161)]" classname="com.amazonaws.encryptionsdk.CryptoOutputStreamTest$ParameterizedEncryptDecryptTest" time="0.001"/>
  <testcase name="encryptDecrypt[1856: encryptDecrypt(algorithm=ALG_AES_128_GCM_IV12_TAG16_HKDF_SHA256_ECDSA_P256, byteSize=162, frameSize=161, readLen=162)]" classname="com.amazonaws.encryptionsdk.CryptoOutputStreamTest$ParameterizedEncryptDecryptTest" time="0.001"/>
  <testcase name="encryptDecrypt[1857: encryptDecrypt(algorithm=ALG_AES_128_GCM_IV12_TAG16_HKDF_SHA256_ECDSA_P256, byteSize=162, frameSize=161, readLen=163)]" classname="com.amazonaws.encryptionsdk.CryptoOutputStreamTest$ParameterizedEncryptDecryptTest" time="0"/>
  <testcase name="encryptDecrypt[1858: encryptDecrypt(algorithm=ALG_AES_128_GCM_IV12_TAG16_HKDF_SHA256_ECDSA_P256, byteSize=162, frameSize=161, readLen=324)]" classname="com.amazonaws.encryptionsdk.CryptoOutputStreamTest$ParameterizedEncryptDecryptTest" time="0.001"/>
  <testcase name="encryptDecrypt[1859: encryptDecrypt(algorithm=ALG_AES_128_GCM_IV12_TAG16_HKDF_SHA256_ECDSA_P256, byteSize=162, frameSize=161, readLen=1,000,000)]" classname="com.amazonaws.encryptionsdk.CryptoOutputStreamTest$ParameterizedEncryptDecryptTest" time="0.001"/>
  <testcase name="encryptDecrypt[1860: encryptDecrypt(algorithm=ALG_AES_128_GCM_IV12_TAG16_HKDF_SHA256_ECDSA_P256, byteSize=241, frameSize=161, readLen=240)]" classname="com.amazonaws.encryptionsdk.CryptoOutputStreamTest$ParameterizedEncryptDecryptTest" time="0.001"/>
  <testcase name="encryptDecrypt[1861: encryptDecrypt(algorithm=ALG_AES_128_GCM_IV12_TAG16_HKDF_SHA256_ECDSA_P256, byteSize=241, frameSize=161, readLen=241)]" classname="com.amazonaws.encryptionsdk.CryptoOutputStreamTest$ParameterizedEncryptDecryptTest" time="0.001"/>
  <testcase name="encryptDecrypt[1862: encryptDecrypt(algorithm=ALG_AES_128_GCM_IV12_TAG16_HKDF_SHA256_ECDSA_P256, byteSize=241, frameSize=161, readLen=242)]" classname="com.amazonaws.encryptionsdk.CryptoOutputStreamTest$ParameterizedEncryptDecryptTest" time="0.001"/>
  <testcase name="encryptDecrypt[1863: encryptDecrypt(algorithm=ALG_AES_128_GCM_IV12_TAG16_HKDF_SHA256_ECDSA_P256, byteSize=241, frameSize=161, readLen=482)]" classname="com.amazonaws.encryptionsdk.CryptoOutputStreamTest$ParameterizedEncryptDecryptTest" time="0.001"/>
  <testcase name="encryptDecrypt[1864: encryptDecrypt(algorithm=ALG_AES_128_GCM_IV12_TAG16_HKDF_SHA256_ECDSA_P256, byteSize=241, frameSize=161, readLen=1,000,000)]" classname="com.amazonaws.encryptionsdk.CryptoOutputStreamTest$ParameterizedEncryptDecryptTest" time="0.001"/>
  <testcase name="encryptDecrypt[1865: encryptDecrypt(algorithm=ALG_AES_128_GCM_IV12_TAG16_HKDF_SHA256_ECDSA_P256, byteSize=322, frameSize=161, readLen=321)]" classname="com.amazonaws.encryptionsdk.CryptoOutputStreamTest$ParameterizedEncryptDecryptTest" time="0.001"/>
  <testcase name="encryptDecrypt[1866: encryptDecrypt(algorithm=ALG_AES_128_GCM_IV12_TAG16_HKDF_SHA256_ECDSA_P256, byteSize=322, frameSize=161, readLen=322)]" classname="com.amazonaws.encryptionsdk.CryptoOutputStreamTest$ParameterizedEncryptDecryptTest" time="0.001"/>
  <testcase name="encryptDecrypt[1867: encryptDecrypt(algorithm=ALG_AES_128_GCM_IV12_TAG16_HKDF_SHA256_ECDSA_P256, byteSize=322, frameSize=161, readLen=323)]" classname="com.amazonaws.encryptionsdk.CryptoOutputStreamTest$ParameterizedEncryptDecryptTest" time="0.001"/>
  <testcase name="encryptDecrypt[1868: encryptDecrypt(algorithm=ALG_AES_128_GCM_IV12_TAG16_HKDF_SHA256_ECDSA_P256, byteSize=322, frameSize=161, readLen=644)]" classname="com.amazonaws.encryptionsdk.CryptoOutputStreamTest$ParameterizedEncryptDecryptTest" time="0.001"/>
  <testcase name="encryptDecrypt[1869: encryptDecrypt(algorithm=ALG_AES_128_GCM_IV12_TAG16_HKDF_SHA256_ECDSA_P256, byteSize=322, frameSize=161, readLen=1,000,000)]" classname="com.amazonaws.encryptionsdk.CryptoOutputStreamTest$ParameterizedEncryptDecryptTest" time="0.001"/>
  <testcase name="encryptDecrypt[1870: encryptDecrypt(algorithm=ALG_AES_128_GCM_IV12_TAG16_HKDF_SHA256_ECDSA_P256, byteSize=1,000,000, frameSize=161, readLen=999,999)]" classname="com.amazonaws.encryptionsdk.CryptoOutputStreamTest$ParameterizedEncryptDecryptTest" time="0.028"/>
  <testcase name="encryptDecrypt[1871: encryptDecrypt(algorithm=ALG_AES_128_GCM_IV12_TAG16_HKDF_SHA256_ECDSA_P256, byteSize=1,000,000, frameSize=161, readLen=1,000,000)]" classname="com.amazonaws.encryptionsdk.CryptoOutputStreamTest$ParameterizedEncryptDecryptTest" time="0.028"/>
  <testcase name="encryptDecrypt[1872: encryptDecrypt(algorithm=ALG_AES_128_GCM_IV12_TAG16_HKDF_SHA256_ECDSA_P256, byteSize=1,000,000, frameSize=161, readLen=1,000,001)]" classname="com.amazonaws.encryptionsdk.CryptoOutputStreamTest$ParameterizedEncryptDecryptTest" time="0.036"/>
  <testcase name="encryptDecrypt[1873: encryptDecrypt(algorithm=ALG_AES_128_GCM_IV12_TAG16_HKDF_SHA256_ECDSA_P256, byteSize=1,000,000, frameSize=161, readLen=2,000,000)]" classname="com.amazonaws.encryptionsdk.CryptoOutputStreamTest$ParameterizedEncryptDecryptTest" time="0.029"/>
  <testcase name="encryptDecrypt[1874: encryptDecrypt(algorithm=ALG_AES_128_GCM_IV12_TAG16_HKDF_SHA256_ECDSA_P256, byteSize=1,000,000, frameSize=161, readLen=1,000,000)]" classname="com.amazonaws.encryptionsdk.CryptoOutputStreamTest$ParameterizedEncryptDecryptTest" time="0.028"/>
  <testcase name="encryptDecrypt[1875: encryptDecrypt(algorithm=ALG_AES_128_GCM_IV12_TAG16_HKDF_SHA256_ECDSA_P256, byteSize=0, frameSize=4,096, readLen=1)]" classname="com.amazonaws.encryptionsdk.CryptoOutputStreamTest$ParameterizedEncryptDecryptTest" time="0.002"/>
  <testcase name="encryptDecrypt[1876: encryptDecrypt(algorithm=ALG_AES_128_GCM_IV12_TAG16_HKDF_SHA256_ECDSA_P256, byteSize=0, frameSize=4,096, readLen=1,000,000)]" classname="com.amazonaws.encryptionsdk.CryptoOutputStreamTest$ParameterizedEncryptDecryptTest" time="0.001"/>
  <testcase name="encryptDecrypt[1877: encryptDecrypt(algorithm=ALG_AES_128_GCM_IV12_TAG16_HKDF_SHA256_ECDSA_P256, byteSize=1, frameSize=4,096, readLen=1)]" classname="com.amazonaws.encryptionsdk.CryptoOutputStreamTest$ParameterizedEncryptDecryptTest" time="0.002"/>
  <testcase name="encryptDecrypt[1878: encryptDecrypt(algorithm=ALG_AES_128_GCM_IV12_TAG16_HKDF_SHA256_ECDSA_P256, byteSize=1, frameSize=4,096, readLen=2)]" classname="com.amazonaws.encryptionsdk.CryptoOutputStreamTest$ParameterizedEncryptDecryptTest" time="0.001"/>
  <testcase name="encryptDecrypt[1879: encryptDecrypt(algorithm=ALG_AES_128_GCM_IV12_TAG16_HKDF_SHA256_ECDSA_P256, byteSize=1, frameSize=4,096, readLen=2)]" classname="com.amazonaws.encryptionsdk.CryptoOutputStreamTest$ParameterizedEncryptDecryptTest" time="0.002"/>
  <testcase name="encryptDecrypt[1880: encryptDecrypt(algorithm=ALG_AES_128_GCM_IV12_TAG16_HKDF_SHA256_ECDSA_P256, byteSize=1, frameSize=4,096, readLen=1,000,000)]" classname="com.amazonaws.encryptionsdk.CryptoOutputStreamTest$ParameterizedEncryptDecryptTest" time="0.001"/>
  <testcase name="encryptDecrypt[1881: encryptDecrypt(algorithm=ALG_AES_128_GCM_IV12_TAG16_HKDF_SHA256_ECDSA_P256, byteSize=4,095, frameSize=4,096, readLen=4,094)]" classname="com.amazonaws.encryptionsdk.CryptoOutputStreamTest$ParameterizedEncryptDecryptTest" time="0.001"/>
  <testcase name="encryptDecrypt[1882: encryptDecrypt(algorithm=ALG_AES_128_GCM_IV12_TAG16_HKDF_SHA256_ECDSA_P256, byteSize=4,095, frameSize=4,096, readLen=4,095)]" classname="com.amazonaws.encryptionsdk.CryptoOutputStreamTest$ParameterizedEncryptDecryptTest" time="0.001"/>
  <testcase name="encryptDecrypt[1883: encryptDecrypt(algorithm=ALG_AES_128_GCM_IV12_TAG16_HKDF_SHA256_ECDSA_P256, byteSize=4,095, frameSize=4,096, readLen=4,096)]" classname="com.amazonaws.encryptionsdk.CryptoOutputStreamTest$ParameterizedEncryptDecryptTest" time="0.001"/>
  <testcase name="encryptDecrypt[1884: encryptDecrypt(algorithm=ALG_AES_128_GCM_IV12_TAG16_HKDF_SHA256_ECDSA_P256, byteSize=4,095, frameSize=4,096, readLen=8,190)]" classname="com.amazonaws.encryptionsdk.CryptoOutputStreamTest$ParameterizedEncryptDecryptTest" time="0.001"/>
  <testcase name="encryptDecrypt[1885: encryptDecrypt(algorithm=ALG_AES_128_GCM_IV12_TAG16_HKDF_SHA256_ECDSA_P256, byteSize=4,095, frameSize=4,096, readLen=1,000,000)]" classname="com.amazonaws.encryptionsdk.CryptoOutputStreamTest$ParameterizedEncryptDecryptTest" time="0.001"/>
  <testcase name="encryptDecrypt[1886: encryptDecrypt(algorithm=ALG_AES_128_GCM_IV12_TAG16_HKDF_SHA256_ECDSA_P256, byteSize=4,096, frameSize=4,096, readLen=4,095)]" classname="com.amazonaws.encryptionsdk.CryptoOutputStreamTest$ParameterizedEncryptDecryptTest" time="0.001"/>
  <testcase name="encryptDecrypt[1887: encryptDecrypt(algorithm=ALG_AES_128_GCM_IV12_TAG16_HKDF_SHA256_ECDSA_P256, byteSize=4,096, frameSize=4,096, readLen=4,096)]" classname="com.amazonaws.encryptionsdk.CryptoOutputStreamTest$ParameterizedEncryptDecryptTest" time="0.001"/>
  <testcase name="encryptDecrypt[1888: encryptDecrypt(algorithm=ALG_AES_128_GCM_IV12_TAG16_HKDF_SHA256_ECDSA_P256, byteSize=4,096, frameSize=4,096, readLen=4,097)]" classname="com.amazonaws.encryptionsdk.CryptoOutputStreamTest$ParameterizedEncryptDecryptTest" time="0.001"/>
  <testcase name="encryptDecrypt[1889: encryptDecrypt(algorithm=ALG_AES_128_GCM_IV12_TAG16_HKDF_SHA256_ECDSA_P256, byteSize=4,096, frameSize=4,096, readLen=8,192)]" classname="com.amazonaws.encryptionsdk.CryptoOutputStreamTest$ParameterizedEncryptDecryptTest" time="0.001"/>
  <testcase name="encryptDecrypt[1890: encryptDecrypt(algorithm=ALG_AES_128_GCM_IV12_TAG16_HKDF_SHA256_ECDSA_P256, byteSize=4,096, frameSize=4,096, readLen=1,000,000)]" classname="com.amazonaws.encryptionsdk.CryptoOutputStreamTest$ParameterizedEncryptDecryptTest" time="0.001"/>
  <testcase name="encryptDecrypt[1891: encryptDecrypt(algorithm=ALG_AES_128_GCM_IV12_TAG16_HKDF_SHA256_ECDSA_P256, byteSize=4,097, frameSize=4,096, readLen=4,096)]" classname="com.amazonaws.encryptionsdk.CryptoOutputStreamTest$ParameterizedEncryptDecryptTest" time="0.001"/>
  <testcase name="encryptDecrypt[1892: encryptDecrypt(algorithm=ALG_AES_128_GCM_IV12_TAG16_HKDF_SHA256_ECDSA_P256, byteSize=4,097, frameSize=4,096, readLen=4,097)]" classname="com.amazonaws.encryptionsdk.CryptoOutputStreamTest$ParameterizedEncryptDecryptTest" time="0.001"/>
  <testcase name="encryptDecrypt[1893: encryptDecrypt(algorithm=ALG_AES_128_GCM_IV12_TAG16_HKDF_SHA256_ECDSA_P256, byteSize=4,097, frameSize=4,096, readLen=4,098)]" classname="com.amazonaws.encryptionsdk.CryptoOutputStreamTest$ParameterizedEncryptDecryptTest" time="0.001"/>
  <testcase name="encryptDecrypt[1894: encryptDecrypt(algorithm=ALG_AES_128_GCM_IV12_TAG16_HKDF_SHA256_ECDSA_P256, byteSize=4,097, frameSize=4,096, readLen=8,194)]" classname="com.amazonaws.encryptionsdk.CryptoOutputStreamTest$ParameterizedEncryptDecryptTest" time="0.001"/>
  <testcase name="encryptDecrypt[1895: encryptDecrypt(algorithm=ALG_AES_128_GCM_IV12_TAG16_HKDF_SHA256_ECDSA_P256, byteSize=4,097, frameSize=4,096, readLen=1,000,000)]" classname="com.amazonaws.encryptionsdk.CryptoOutputStreamTest$ParameterizedEncryptDecryptTest" time="0.001"/>
  <testcase name="encryptDecrypt[1896: encryptDecrypt(algorithm=ALG_AES_128_GCM_IV12_TAG16_HKDF_SHA256_ECDSA_P256, byteSize=6,144, frameSize=4,096, readLen=6,143)]" classname="com.amazonaws.encryptionsdk.CryptoOutputStreamTest$ParameterizedEncryptDecryptTest" time="0.001"/>
  <testcase name="encryptDecrypt[1897: encryptDecrypt(algorithm=ALG_AES_128_GCM_IV12_TAG16_HKDF_SHA256_ECDSA_P256, byteSize=6,144, frameSize=4,096, readLen=6,144)]" classname="com.amazonaws.encryptionsdk.CryptoOutputStreamTest$ParameterizedEncryptDecryptTest" time="0.001"/>
  <testcase name="encryptDecrypt[1898: encryptDecrypt(algorithm=ALG_AES_128_GCM_IV12_TAG16_HKDF_SHA256_ECDSA_P256, byteSize=6,144, frameSize=4,096, readLen=6,145)]" classname="com.amazonaws.encryptionsdk.CryptoOutputStreamTest$ParameterizedEncryptDecryptTest" time="0.001"/>
  <testcase name="encryptDecrypt[1899: encryptDecrypt(algorithm=ALG_AES_128_GCM_IV12_TAG16_HKDF_SHA256_ECDSA_P256, byteSize=6,144, frameSize=4,096, readLen=12,288)]" classname="com.amazonaws.encryptionsdk.CryptoOutputStreamTest$ParameterizedEncryptDecryptTest" time="0.001"/>
  <testcase name="encryptDecrypt[1900: encryptDecrypt(algorithm=ALG_AES_128_GCM_IV12_TAG16_HKDF_SHA256_ECDSA_P256, byteSize=6,144, frameSize=4,096, readLen=1,000,000)]" classname="com.amazonaws.encryptionsdk.CryptoOutputStreamTest$ParameterizedEncryptDecryptTest" time="0.001"/>
  <testcase name="encryptDecrypt[1901: encryptDecrypt(algorithm=ALG_AES_128_GCM_IV12_TAG16_HKDF_SHA256_ECDSA_P256, byteSize=8,192, frameSize=4,096, readLen=8,191)]" classname="com.amazonaws.encryptionsdk.CryptoOutputStreamTest$ParameterizedEncryptDecryptTest" time="0.001"/>
  <testcase name="encryptDecrypt[1902: encryptDecrypt(algorithm=ALG_AES_128_GCM_IV12_TAG16_HKDF_SHA256_ECDSA_P256, byteSize=8,192, frameSize=4,096, readLen=8,192)]" classname="com.amazonaws.encryptionsdk.CryptoOutputStreamTest$ParameterizedEncryptDecryptTest" time="0.001"/>
  <testcase name="encryptDecrypt[1903: encryptDecrypt(algorithm=ALG_AES_128_GCM_IV12_TAG16_HKDF_SHA256_ECDSA_P256, byteSize=8,192, frameSize=4,096, readLen=8,193)]" classname="com.amazonaws.encryptionsdk.CryptoOutputStreamTest$ParameterizedEncryptDecryptTest" time="0.001"/>
  <testcase name="encryptDecrypt[1904: encryptDecrypt(algorithm=ALG_AES_128_GCM_IV12_TAG16_HKDF_SHA256_ECDSA_P256, byteSize=8,192, frameSize=4,096, readLen=16,384)]" classname="com.amazonaws.encryptionsdk.CryptoOutputStreamTest$ParameterizedEncryptDecryptTest" time="0.001"/>
  <testcase name="encryptDecrypt[1905: encryptDecrypt(algorithm=ALG_AES_128_GCM_IV12_TAG16_HKDF_SHA256_ECDSA_P256, byteSize=8,192, frameSize=4,096, readLen=1,000,000)]" classname="com.amazonaws.encryptionsdk.CryptoOutputStreamTest$ParameterizedEncryptDecryptTest" time="0.001"/>
  <testcase name="encryptDecrypt[1906: encryptDecrypt(algorithm=ALG_AES_128_GCM_IV12_TAG16_HKDF_SHA256_ECDSA_P256, byteSize=1,000,000, frameSize=4,096, readLen=999,999)]" classname="com.amazonaws.encryptionsdk.CryptoOutputStreamTest$ParameterizedEncryptDecryptTest" time="0.02"/>
  <testcase name="encryptDecrypt[1907: encryptDecrypt(algorithm=ALG_AES_128_GCM_IV12_TAG16_HKDF_SHA256_ECDSA_P256, byteSize=1,000,000, frameSize=4,096, readLen=1,000,000)]" classname="com.amazonaws.encryptionsdk.CryptoOutputStreamTest$ParameterizedEncryptDecryptTest" time="0.02"/>
  <testcase name="encryptDecrypt[1908: encryptDecrypt(algorithm=ALG_AES_128_GCM_IV12_TAG16_HKDF_SHA256_ECDSA_P256, byteSize=1,000,000, frameSize=4,096, readLen=1,000,001)]" classname="com.amazonaws.encryptionsdk.CryptoOutputStreamTest$ParameterizedEncryptDecryptTest" time="0.021"/>
  <testcase name="encryptDecrypt[1909: encryptDecrypt(algorithm=ALG_AES_128_GCM_IV12_TAG16_HKDF_SHA256_ECDSA_P256, byteSize=1,000,000, frameSize=4,096, readLen=2,000,000)]" classname="com.amazonaws.encryptionsdk.CryptoOutputStreamTest$ParameterizedEncryptDecryptTest" time="0.019"/>
  <testcase name="encryptDecrypt[1910: encryptDecrypt(algorithm=ALG_AES_128_GCM_IV12_TAG16_HKDF_SHA256_ECDSA_P256, byteSize=1,000,000, frameSize=4,096, readLen=1,000,000)]" classname="com.amazonaws.encryptionsdk.CryptoOutputStreamTest$ParameterizedEncryptDecryptTest" time="0.021"/>
  <testcase name="encryptDecrypt[1911: encryptDecrypt(algorithm=ALG_AES_192_GCM_IV12_TAG16_HKDF_SHA384_ECDSA_P384, byteSize=0, frameSize=0, readLen=1)]" classname="com.amazonaws.encryptionsdk.CryptoOutputStreamTest$ParameterizedEncryptDecryptTest" time="0.003"/>
  <testcase name="encryptDecrypt[1912: encryptDecrypt(algorithm=ALG_AES_192_GCM_IV12_TAG16_HKDF_SHA384_ECDSA_P384, byteSize=0, frameSize=0, readLen=1,000,000)]" classname="com.amazonaws.encryptionsdk.CryptoOutputStreamTest$ParameterizedEncryptDecryptTest" time="0.002"/>
  <testcase name="encryptDecrypt[1913: encryptDecrypt(algorithm=ALG_AES_192_GCM_IV12_TAG16_HKDF_SHA384_ECDSA_P384, byteSize=1, frameSize=0, readLen=1)]" classname="com.amazonaws.encryptionsdk.CryptoOutputStreamTest$ParameterizedEncryptDecryptTest" time="0.003"/>
  <testcase name="encryptDecrypt[1914: encryptDecrypt(algorithm=ALG_AES_192_GCM_IV12_TAG16_HKDF_SHA384_ECDSA_P384, byteSize=1, frameSize=0, readLen=2)]" classname="com.amazonaws.encryptionsdk.CryptoOutputStreamTest$ParameterizedEncryptDecryptTest" time="0.002"/>
  <testcase name="encryptDecrypt[1915: encryptDecrypt(algorithm=ALG_AES_192_GCM_IV12_TAG16_HKDF_SHA384_ECDSA_P384, byteSize=1, frameSize=0, readLen=2)]" classname="com.amazonaws.encryptionsdk.CryptoOutputStreamTest$ParameterizedEncryptDecryptTest" time="0.003"/>
  <testcase name="encryptDecrypt[1916: encryptDecrypt(algorithm=ALG_AES_192_GCM_IV12_TAG16_HKDF_SHA384_ECDSA_P384, byteSize=1, frameSize=0, readLen=1,000,000)]" classname="com.amazonaws.encryptionsdk.CryptoOutputStreamTest$ParameterizedEncryptDecryptTest" time="0.002"/>
  <testcase name="encryptDecrypt[1917: encryptDecrypt(algorithm=ALG_AES_192_GCM_IV12_TAG16_HKDF_SHA384_ECDSA_P384, byteSize=0, frameSize=0, readLen=1)]" classname="com.amazonaws.encryptionsdk.CryptoOutputStreamTest$ParameterizedEncryptDecryptTest" time="0.003"/>
  <testcase name="encryptDecrypt[1918: encryptDecrypt(algorithm=ALG_AES_192_GCM_IV12_TAG16_HKDF_SHA384_ECDSA_P384, byteSize=0, frameSize=0, readLen=1,000,000)]" classname="com.amazonaws.encryptionsdk.CryptoOutputStreamTest$ParameterizedEncryptDecryptTest" time="0.002"/>
  <testcase name="encryptDecrypt[1919: encryptDecrypt(algorithm=ALG_AES_192_GCM_IV12_TAG16_HKDF_SHA384_ECDSA_P384, byteSize=1, frameSize=0, readLen=1)]" classname="com.amazonaws.encryptionsdk.CryptoOutputStreamTest$ParameterizedEncryptDecryptTest" time="0.003"/>
  <testcase name="encryptDecrypt[1920: encryptDecrypt(algorithm=ALG_AES_192_GCM_IV12_TAG16_HKDF_SHA384_ECDSA_P384, byteSize=1, frameSize=0, readLen=2)]" classname="com.amazonaws.encryptionsdk.CryptoOutputStreamTest$ParameterizedEncryptDecryptTest" time="0.003"/>
  <testcase name="encryptDecrypt[1921: encryptDecrypt(algorithm=ALG_AES_192_GCM_IV12_TAG16_HKDF_SHA384_ECDSA_P384, byteSize=1, frameSize=0, readLen=2)]" classname="com.amazonaws.encryptionsdk.CryptoOutputStreamTest$ParameterizedEncryptDecryptTest" time="0.002"/>
  <testcase name="encryptDecrypt[1922: encryptDecrypt(algorithm=ALG_AES_192_GCM_IV12_TAG16_HKDF_SHA384_ECDSA_P384, byteSize=1, frameSize=0, readLen=1,000,000)]" classname="com.amazonaws.encryptionsdk.CryptoOutputStreamTest$ParameterizedEncryptDecryptTest" time="0.002"/>
  <testcase name="encryptDecrypt[1923: encryptDecrypt(algorithm=ALG_AES_192_GCM_IV12_TAG16_HKDF_SHA384_ECDSA_P384, byteSize=0, frameSize=0, readLen=1)]" classname="com.amazonaws.encryptionsdk.CryptoOutputStreamTest$ParameterizedEncryptDecryptTest" time="0.003"/>
  <testcase name="encryptDecrypt[1924: encryptDecrypt(algorithm=ALG_AES_192_GCM_IV12_TAG16_HKDF_SHA384_ECDSA_P384, byteSize=0, frameSize=0, readLen=1,000,000)]" classname="com.amazonaws.encryptionsdk.CryptoOutputStreamTest$ParameterizedEncryptDecryptTest" time="0.003"/>
  <testcase name="encryptDecrypt[1925: encryptDecrypt(algorithm=ALG_AES_192_GCM_IV12_TAG16_HKDF_SHA384_ECDSA_P384, byteSize=0, frameSize=0, readLen=1)]" classname="com.amazonaws.encryptionsdk.CryptoOutputStreamTest$ParameterizedEncryptDecryptTest" time="0.003"/>
  <testcase name="encryptDecrypt[1926: encryptDecrypt(algorithm=ALG_AES_192_GCM_IV12_TAG16_HKDF_SHA384_ECDSA_P384, byteSize=0, frameSize=0, readLen=1,000,000)]" classname="com.amazonaws.encryptionsdk.CryptoOutputStreamTest$ParameterizedEncryptDecryptTest" time="0.002"/>
  <testcase name="encryptDecrypt[1927: encryptDecrypt(algorithm=ALG_AES_192_GCM_IV12_TAG16_HKDF_SHA384_ECDSA_P384, byteSize=1,000,000, frameSize=0, readLen=999,999)]" classname="com.amazonaws.encryptionsdk.CryptoOutputStreamTest$ParameterizedEncryptDecryptTest" time="0.019"/>
  <testcase name="encryptDecrypt[1928: encryptDecrypt(algorithm=ALG_AES_192_GCM_IV12_TAG16_HKDF_SHA384_ECDSA_P384, byteSize=1,000,000, frameSize=0, readLen=1,000,000)]" classname="com.amazonaws.encryptionsdk.CryptoOutputStreamTest$ParameterizedEncryptDecryptTest" time="0.019"/>
  <testcase name="encryptDecrypt[1929: encryptDecrypt(algorithm=ALG_AES_192_GCM_IV12_TAG16_HKDF_SHA384_ECDSA_P384, byteSize=1,000,000, frameSize=0, readLen=1,000,001)]" classname="com.amazonaws.encryptionsdk.CryptoOutputStreamTest$ParameterizedEncryptDecryptTest" time="0.019"/>
  <testcase name="encryptDecrypt[1930: encryptDecrypt(algorithm=ALG_AES_192_GCM_IV12_TAG16_HKDF_SHA384_ECDSA_P384, byteSize=1,000,000, frameSize=0, readLen=2,000,000)]" classname="com.amazonaws.encryptionsdk.CryptoOutputStreamTest$ParameterizedEncryptDecryptTest" time="0.019"/>
  <testcase name="encryptDecrypt[1931: encryptDecrypt(algorithm=ALG_AES_192_GCM_IV12_TAG16_HKDF_SHA384_ECDSA_P384, byteSize=1,000,000, frameSize=0, readLen=1,000,000)]" classname="com.amazonaws.encryptionsdk.CryptoOutputStreamTest$ParameterizedEncryptDecryptTest" time="0.019"/>
  <testcase name="encryptDecrypt[1932: encryptDecrypt(algorithm=ALG_AES_192_GCM_IV12_TAG16_HKDF_SHA384_ECDSA_P384, byteSize=0, frameSize=15, readLen=1)]" classname="com.amazonaws.encryptionsdk.CryptoOutputStreamTest$ParameterizedEncryptDecryptTest" time="0.003"/>
  <testcase name="encryptDecrypt[1933: encryptDecrypt(algorithm=ALG_AES_192_GCM_IV12_TAG16_HKDF_SHA384_ECDSA_P384, byteSize=0, frameSize=15, readLen=1,000,000)]" classname="com.amazonaws.encryptionsdk.CryptoOutputStreamTest$ParameterizedEncryptDecryptTest" time="0.002"/>
  <testcase name="encryptDecrypt[1934: encryptDecrypt(algorithm=ALG_AES_192_GCM_IV12_TAG16_HKDF_SHA384_ECDSA_P384, byteSize=1, frameSize=15, readLen=1)]" classname="com.amazonaws.encryptionsdk.CryptoOutputStreamTest$ParameterizedEncryptDecryptTest" time="0.003"/>
  <testcase name="encryptDecrypt[1935: encryptDecrypt(algorithm=ALG_AES_192_GCM_IV12_TAG16_HKDF_SHA384_ECDSA_P384, byteSize=1, frameSize=15, readLen=2)]" classname="com.amazonaws.encryptionsdk.CryptoOutputStreamTest$ParameterizedEncryptDecryptTest" time="0.002"/>
  <testcase name="encryptDecrypt[1936: encryptDecrypt(algorithm=ALG_AES_192_GCM_IV12_TAG16_HKDF_SHA384_ECDSA_P384, byteSize=1, frameSize=15, readLen=2)]" classname="com.amazonaws.encryptionsdk.CryptoOutputStreamTest$ParameterizedEncryptDecryptTest" time="0.002"/>
  <testcase name="encryptDecrypt[1937: encryptDecrypt(algorithm=ALG_AES_192_GCM_IV12_TAG16_HKDF_SHA384_ECDSA_P384, byteSize=1, frameSize=15, readLen=1,000,000)]" classname="com.amazonaws.encryptionsdk.CryptoOutputStreamTest$ParameterizedEncryptDecryptTest" time="0.003"/>
  <testcase name="encryptDecrypt[1938: encryptDecrypt(algorithm=ALG_AES_192_GCM_IV12_TAG16_HKDF_SHA384_ECDSA_P384, byteSize=14, frameSize=15, readLen=13)]" classname="com.amazonaws.encryptionsdk.CryptoOutputStreamTest$ParameterizedEncryptDecryptTest" time="0.001"/>
  <testcase name="encryptDecrypt[1939: encryptDecrypt(algorithm=ALG_AES_192_GCM_IV12_TAG16_HKDF_SHA384_ECDSA_P384, byteSize=14, frameSize=15, readLen=14)]" classname="com.amazonaws.encryptionsdk.CryptoOutputStreamTest$ParameterizedEncryptDecryptTest" time="0.002"/>
  <testcase name="encryptDecrypt[1940: encryptDecrypt(algorithm=ALG_AES_192_GCM_IV12_TAG16_HKDF_SHA384_ECDSA_P384, byteSize=14, frameSize=15, readLen=15)]" classname="com.amazonaws.encryptionsdk.CryptoOutputStreamTest$ParameterizedEncryptDecryptTest" time="0.002"/>
  <testcase name="encryptDecrypt[1941: encryptDecrypt(algorithm=ALG_AES_192_GCM_IV12_TAG16_HKDF_SHA384_ECDSA_P384, byteSize=14, frameSize=15, readLen=28)]" classname="com.amazonaws.encryptionsdk.CryptoOutputStreamTest$ParameterizedEncryptDecryptTest" time="0.001"/>
  <testcase name="encryptDecrypt[1942: encryptDecrypt(algorithm=ALG_AES_192_GCM_IV12_TAG16_HKDF_SHA384_ECDSA_P384, byteSize=14, frameSize=15, readLen=1,000,000)]" classname="com.amazonaws.encryptionsdk.CryptoOutputStreamTest$ParameterizedEncryptDecryptTest" time="0.003"/>
  <testcase name="encryptDecrypt[1943: encryptDecrypt(algorithm=ALG_AES_192_GCM_IV12_TAG16_HKDF_SHA384_ECDSA_P384, byteSize=15, frameSize=15, readLen=14)]" classname="com.amazonaws.encryptionsdk.CryptoOutputStreamTest$ParameterizedEncryptDecryptTest" time="0.001"/>
  <testcase name="encryptDecrypt[1944: encryptDecrypt(algorithm=ALG_AES_192_GCM_IV12_TAG16_HKDF_SHA384_ECDSA_P384, byteSize=15, frameSize=15, readLen=15)]" classname="com.amazonaws.encryptionsdk.CryptoOutputStreamTest$ParameterizedEncryptDecryptTest" time="0.002"/>
  <testcase name="encryptDecrypt[1945: encryptDecrypt(algorithm=ALG_AES_192_GCM_IV12_TAG16_HKDF_SHA384_ECDSA_P384, byteSize=15, frameSize=15, readLen=16)]" classname="com.amazonaws.encryptionsdk.CryptoOutputStreamTest$ParameterizedEncryptDecryptTest" time="0.001"/>
  <testcase name="encryptDecrypt[1946: encryptDecrypt(algorithm=ALG_AES_192_GCM_IV12_TAG16_HKDF_SHA384_ECDSA_P384, byteSize=15, frameSize=15, readLen=30)]" classname="com.amazonaws.encryptionsdk.CryptoOutputStreamTest$ParameterizedEncryptDecryptTest" time="0.001"/>
  <testcase name="encryptDecrypt[1947: encryptDecrypt(algorithm=ALG_AES_192_GCM_IV12_TAG16_HKDF_SHA384_ECDSA_P384, byteSize=15, frameSize=15, readLen=1,000,000)]" classname="com.amazonaws.encryptionsdk.CryptoOutputStreamTest$ParameterizedEncryptDecryptTest" time="0.003"/>
  <testcase name="encryptDecrypt[1948: encryptDecrypt(algorithm=ALG_AES_192_GCM_IV12_TAG16_HKDF_SHA384_ECDSA_P384, byteSize=16, frameSize=15, readLen=15)]" classname="com.amazonaws.encryptionsdk.CryptoOutputStreamTest$ParameterizedEncryptDecryptTest" time="0.001"/>
  <testcase name="encryptDecrypt[1949: encryptDecrypt(algorithm=ALG_AES_192_GCM_IV12_TAG16_HKDF_SHA384_ECDSA_P384, byteSize=16, frameSize=15, readLen=16)]" classname="com.amazonaws.encryptionsdk.CryptoOutputStreamTest$ParameterizedEncryptDecryptTest" time="0.002"/>
  <testcase name="encryptDecrypt[1950: encryptDecrypt(algorithm=ALG_AES_192_GCM_IV12_TAG16_HKDF_SHA384_ECDSA_P384, byteSize=16, frameSize=15, readLen=17)]" classname="com.amazonaws.encryptionsdk.CryptoOutputStreamTest$ParameterizedEncryptDecryptTest" time="0.001"/>
  <testcase name="encryptDecrypt[1951: encryptDecrypt(algorithm=ALG_AES_192_GCM_IV12_TAG16_HKDF_SHA384_ECDSA_P384, byteSize=16, frameSize=15, readLen=32)]" classname="com.amazonaws.encryptionsdk.CryptoOutputStreamTest$ParameterizedEncryptDecryptTest" time="0.002"/>
  <testcase name="encryptDecrypt[1952: encryptDecrypt(algorithm=ALG_AES_192_GCM_IV12_TAG16_HKDF_SHA384_ECDSA_P384, byteSize=16, frameSize=15, readLen=1,000,000)]" classname="com.amazonaws.encryptionsdk.CryptoOutputStreamTest$ParameterizedEncryptDecryptTest" time="0.003"/>
  <testcase name="encryptDecrypt[1953: encryptDecrypt(algorithm=ALG_AES_192_GCM_IV12_TAG16_HKDF_SHA384_ECDSA_P384, byteSize=22, frameSize=15, readLen=21)]" classname="com.amazonaws.encryptionsdk.CryptoOutputStreamTest$ParameterizedEncryptDecryptTest" time="0.001"/>
  <testcase name="encryptDecrypt[1954: encryptDecrypt(algorithm=ALG_AES_192_GCM_IV12_TAG16_HKDF_SHA384_ECDSA_P384, byteSize=22, frameSize=15, readLen=22)]" classname="com.amazonaws.encryptionsdk.CryptoOutputStreamTest$ParameterizedEncryptDecryptTest" time="0.002"/>
  <testcase name="encryptDecrypt[1955: encryptDecrypt(algorithm=ALG_AES_192_GCM_IV12_TAG16_HKDF_SHA384_ECDSA_P384, byteSize=22, frameSize=15, readLen=23)]" classname="com.amazonaws.encryptionsdk.CryptoOutputStreamTest$ParameterizedEncryptDecryptTest" time="0.001"/>
  <testcase name="encryptDecrypt[1956: encryptDecrypt(algorithm=ALG_AES_192_GCM_IV12_TAG16_HKDF_SHA384_ECDSA_P384, byteSize=22, frameSize=15, readLen=44)]" classname="com.amazonaws.encryptionsdk.CryptoOutputStreamTest$ParameterizedEncryptDecryptTest" time="0.002"/>
  <testcase name="encryptDecrypt[1957: encryptDecrypt(algorithm=ALG_AES_192_GCM_IV12_TAG16_HKDF_SHA384_ECDSA_P384, byteSize=22, frameSize=15, readLen=1,000,000)]" classname="com.amazonaws.encryptionsdk.CryptoOutputStreamTest$ParameterizedEncryptDecryptTest" time="0.002"/>
  <testcase name="encryptDecrypt[1958: encryptDecrypt(algorithm=ALG_AES_192_GCM_IV12_TAG16_HKDF_SHA384_ECDSA_P384, byteSize=30, frameSize=15, readLen=29)]" classname="com.amazonaws.encryptionsdk.CryptoOutputStreamTest$ParameterizedEncryptDecryptTest" time="0.002"/>
  <testcase name="encryptDecrypt[1959: encryptDecrypt(algorithm=ALG_AES_192_GCM_IV12_TAG16_HKDF_SHA384_ECDSA_P384, byteSize=30, frameSize=15, readLen=30)]" classname="com.amazonaws.encryptionsdk.CryptoOutputStreamTest$ParameterizedEncryptDecryptTest" time="0.002"/>
  <testcase name="encryptDecrypt[1960: encryptDecrypt(algorithm=ALG_AES_192_GCM_IV12_TAG16_HKDF_SHA384_ECDSA_P384, byteSize=30, frameSize=15, readLen=31)]" classname="com.amazonaws.encryptionsdk.CryptoOutputStreamTest$ParameterizedEncryptDecryptTest" time="0.001"/>
  <testcase name="encryptDecrypt[1961: encryptDecrypt(algorithm=ALG_AES_192_GCM_IV12_TAG16_HKDF_SHA384_ECDSA_P384, byteSize=30, frameSize=15, readLen=60)]" classname="com.amazonaws.encryptionsdk.CryptoOutputStreamTest$ParameterizedEncryptDecryptTest" time="0.002"/>
  <testcase name="encryptDecrypt[1962: encryptDecrypt(algorithm=ALG_AES_192_GCM_IV12_TAG16_HKDF_SHA384_ECDSA_P384, byteSize=30, frameSize=15, readLen=1,000,000)]" classname="com.amazonaws.encryptionsdk.CryptoOutputStreamTest$ParameterizedEncryptDecryptTest" time="0.002"/>
  <testcase name="encryptDecrypt[1963: encryptDecrypt(algorithm=ALG_AES_192_GCM_IV12_TAG16_HKDF_SHA384_ECDSA_P384, byteSize=1,000,000, frameSize=15, readLen=999,999)]" classname="com.amazonaws.encryptionsdk.CryptoOutputStreamTest$ParameterizedEncryptDecryptTest" time="0.102"/>
  <testcase name="encryptDecrypt[1964: encryptDecrypt(algorithm=ALG_AES_192_GCM_IV12_TAG16_HKDF_SHA384_ECDSA_P384, byteSize=1,000,000, frameSize=15, readLen=1,000,000)]" classname="com.amazonaws.encryptionsdk.CryptoOutputStreamTest$ParameterizedEncryptDecryptTest" time="0.102"/>
  <testcase name="encryptDecrypt[1965: encryptDecrypt(algorithm=ALG_AES_192_GCM_IV12_TAG16_HKDF_SHA384_ECDSA_P384, byteSize=1,000,000, frameSize=15, readLen=1,000,001)]" classname="com.amazonaws.encryptionsdk.CryptoOutputStreamTest$ParameterizedEncryptDecryptTest" time="0.102"/>
  <testcase name="encryptDecrypt[1966: encryptDecrypt(algorithm=ALG_AES_192_GCM_IV12_TAG16_HKDF_SHA384_ECDSA_P384, byteSize=1,000,000, frameSize=15, readLen=2,000,000)]" classname="com.amazonaws.encryptionsdk.CryptoOutputStreamTest$ParameterizedEncryptDecryptTest" time="0.102"/>
  <testcase name="encryptDecrypt[1967: encryptDecrypt(algorithm=ALG_AES_192_GCM_IV12_TAG16_HKDF_SHA384_ECDSA_P384, byteSize=1,000,000, frameSize=15, readLen=1,000,000)]" classname="com.amazonaws.encryptionsdk.CryptoOutputStreamTest$ParameterizedEncryptDecryptTest" time="0.102"/>
  <testcase name="encryptDecrypt[1968: encryptDecrypt(algorithm=ALG_AES_192_GCM_IV12_TAG16_HKDF_SHA384_ECDSA_P384, byteSize=0, frameSize=16, readLen=1)]" classname="com.amazonaws.encryptionsdk.CryptoOutputStreamTest$ParameterizedEncryptDecryptTest" time="0.003"/>
  <testcase name="encryptDecrypt[1969: encryptDecrypt(algorithm=ALG_AES_192_GCM_IV12_TAG16_HKDF_SHA384_ECDSA_P384, byteSize=0, frameSize=16, readLen=1,000,000)]" classname="com.amazonaws.encryptionsdk.CryptoOutputStreamTest$ParameterizedEncryptDecryptTest" time="0.002"/>
  <testcase name="encryptDecrypt[1970: encryptDecrypt(algorithm=ALG_AES_192_GCM_IV12_TAG16_HKDF_SHA384_ECDSA_P384, byteSize=1, frameSize=16, readLen=1)]" classname="com.amazonaws.encryptionsdk.CryptoOutputStreamTest$ParameterizedEncryptDecryptTest" time="0.003"/>
  <testcase name="encryptDecrypt[1971: encryptDecrypt(algorithm=ALG_AES_192_GCM_IV12_TAG16_HKDF_SHA384_ECDSA_P384, byteSize=1, frameSize=16, readLen=2)]" classname="com.amazonaws.encryptionsdk.CryptoOutputStreamTest$ParameterizedEncryptDecryptTest" time="0.002"/>
  <testcase name="encryptDecrypt[1972: encryptDecrypt(algorithm=ALG_AES_192_GCM_IV12_TAG16_HKDF_SHA384_ECDSA_P384, byteSize=1, frameSize=16, readLen=2)]" classname="com.amazonaws.encryptionsdk.CryptoOutputStreamTest$ParameterizedEncryptDecryptTest" time="0.002"/>
  <testcase name="encryptDecrypt[1973: encryptDecrypt(algorithm=ALG_AES_192_GCM_IV12_TAG16_HKDF_SHA384_ECDSA_P384, byteSize=1, frameSize=16, readLen=1,000,000)]" classname="com.amazonaws.encryptionsdk.CryptoOutputStreamTest$ParameterizedEncryptDecryptTest" time="0.003"/>
  <testcase name="encryptDecrypt[1974: encryptDecrypt(algorithm=ALG_AES_192_GCM_IV12_TAG16_HKDF_SHA384_ECDSA_P384, byteSize=15, frameSize=16, readLen=14)]" classname="com.amazonaws.encryptionsdk.CryptoOutputStreamTest$ParameterizedEncryptDecryptTest" time="0.001"/>
  <testcase name="encryptDecrypt[1975: encryptDecrypt(algorithm=ALG_AES_192_GCM_IV12_TAG16_HKDF_SHA384_ECDSA_P384, byteSize=15, frameSize=16, readLen=15)]" classname="com.amazonaws.encryptionsdk.CryptoOutputStreamTest$ParameterizedEncryptDecryptTest" time="0.002"/>
  <testcase name="encryptDecrypt[1976: encryptDecrypt(algorithm=ALG_AES_192_GCM_IV12_TAG16_HKDF_SHA384_ECDSA_P384, byteSize=15, frameSize=16, readLen=16)]" classname="com.amazonaws.encryptionsdk.CryptoOutputStreamTest$ParameterizedEncryptDecryptTest" time="0.002"/>
  <testcase name="encryptDecrypt[1977: encryptDecrypt(algorithm=ALG_AES_192_GCM_IV12_TAG16_HKDF_SHA384_ECDSA_P384, byteSize=15, frameSize=16, readLen=30)]" classname="com.amazonaws.encryptionsdk.CryptoOutputStreamTest$ParameterizedEncryptDecryptTest" time="0.001"/>
  <testcase name="encryptDecrypt[1978: encryptDecrypt(algorithm=ALG_AES_192_GCM_IV12_TAG16_HKDF_SHA384_ECDSA_P384, byteSize=15, frameSize=16, readLen=1,000,000)]" classname="com.amazonaws.encryptionsdk.CryptoOutputStreamTest$ParameterizedEncryptDecryptTest" time="0.003"/>
  <testcase name="encryptDecrypt[1979: encryptDecrypt(algorithm=ALG_AES_192_GCM_IV12_TAG16_HKDF_SHA384_ECDSA_P384, byteSize=16, frameSize=16, readLen=15)]" classname="com.amazonaws.encryptionsdk.CryptoOutputStreamTest$ParameterizedEncryptDecryptTest" time="0.001"/>
  <testcase name="encryptDecrypt[1980: encryptDecrypt(algorithm=ALG_AES_192_GCM_IV12_TAG16_HKDF_SHA384_ECDSA_P384, byteSize=16, frameSize=16, readLen=16)]" classname="com.amazonaws.encryptionsdk.CryptoOutputStreamTest$ParameterizedEncryptDecryptTest" time="0.002"/>
  <testcase name="encryptDecrypt[1981: encryptDecrypt(algorithm=ALG_AES_192_GCM_IV12_TAG16_HKDF_SHA384_ECDSA_P384, byteSize=16, frameSize=16, readLen=17)]" classname="com.amazonaws.encryptionsdk.CryptoOutputStreamTest$ParameterizedEncryptDecryptTest" time="0.001"/>
  <testcase name="encryptDecrypt[1982: encryptDecrypt(algorithm=ALG_AES_192_GCM_IV12_TAG16_HKDF_SHA384_ECDSA_P384, byteSize=16, frameSize=16, readLen=32)]" classname="com.amazonaws.encryptionsdk.CryptoOutputStreamTest$ParameterizedEncryptDecryptTest" time="0.002"/>
  <testcase name="encryptDecrypt[1983: encryptDecrypt(algorithm=ALG_AES_192_GCM_IV12_TAG16_HKDF_SHA384_ECDSA_P384, byteSize=16, frameSize=16, readLen=1,000,000)]" classname="com.amazonaws.encryptionsdk.CryptoOutputStreamTest$ParameterizedEncryptDecryptTest" time="0.003"/>
  <testcase name="encryptDecrypt[1984: encryptDecrypt(algorithm=ALG_AES_192_GCM_IV12_TAG16_HKDF_SHA384_ECDSA_P384, byteSize=17, frameSize=16, readLen=16)]" classname="com.amazonaws.encryptionsdk.CryptoOutputStreamTest$ParameterizedEncryptDecryptTest" time="0.001"/>
  <testcase name="encryptDecrypt[1985: encryptDecrypt(algorithm=ALG_AES_192_GCM_IV12_TAG16_HKDF_SHA384_ECDSA_P384, byteSize=17, frameSize=16, readLen=17)]" classname="com.amazonaws.encryptionsdk.CryptoOutputStreamTest$ParameterizedEncryptDecryptTest" time="0.002"/>
  <testcase name="encryptDecrypt[1986: encryptDecrypt(algorithm=ALG_AES_192_GCM_IV12_TAG16_HKDF_SHA384_ECDSA_P384, byteSize=17, frameSize=16, readLen=18)]" classname="com.amazonaws.encryptionsdk.CryptoOutputStreamTest$ParameterizedEncryptDecryptTest" time="0.001"/>
  <testcase name="encryptDecrypt[1987: encryptDecrypt(algorithm=ALG_AES_192_GCM_IV12_TAG16_HKDF_SHA384_ECDSA_P384, byteSize=17, frameSize=16, readLen=34)]" classname="com.amazonaws.encryptionsdk.CryptoOutputStreamTest$ParameterizedEncryptDecryptTest" time="0.002"/>
  <testcase name="encryptDecrypt[1988: encryptDecrypt(algorithm=ALG_AES_192_GCM_IV12_TAG16_HKDF_SHA384_ECDSA_P384, byteSize=17, frameSize=16, readLen=1,000,000)]" classname="com.amazonaws.encryptionsdk.CryptoOutputStreamTest$ParameterizedEncryptDecryptTest" time="0.002"/>
  <testcase name="encryptDecrypt[1989: encryptDecrypt(algorithm=ALG_AES_192_GCM_IV12_TAG16_HKDF_SHA384_ECDSA_P384, byteSize=24, frameSize=16, readLen=23)]" classname="com.amazonaws.encryptionsdk.CryptoOutputStreamTest$ParameterizedEncryptDecryptTest" time="0.002"/>
  <testcase name="encryptDecrypt[1990: encryptDecrypt(algorithm=ALG_AES_192_GCM_IV12_TAG16_HKDF_SHA384_ECDSA_P384, byteSize=24, frameSize=16, readLen=24)]" classname="com.amazonaws.encryptionsdk.CryptoOutputStreamTest$ParameterizedEncryptDecryptTest" time="0.002"/>
  <testcase name="encryptDecrypt[1991: encryptDecrypt(algorithm=ALG_AES_192_GCM_IV12_TAG16_HKDF_SHA384_ECDSA_P384, byteSize=24, frameSize=16, readLen=25)]" classname="com.amazonaws.encryptionsdk.CryptoOutputStreamTest$ParameterizedEncryptDecryptTest" time="0.001"/>
  <testcase name="encryptDecrypt[1992: encryptDecrypt(algorithm=ALG_AES_192_GCM_IV12_TAG16_HKDF_SHA384_ECDSA_P384, byteSize=24, frameSize=16, readLen=48)]" classname="com.amazonaws.encryptionsdk.CryptoOutputStreamTest$ParameterizedEncryptDecryptTest" time="0.002"/>
  <testcase name="encryptDecrypt[1993: encryptDecrypt(algorithm=ALG_AES_192_GCM_IV12_TAG16_HKDF_SHA384_ECDSA_P384, byteSize=24, frameSize=16, readLen=1,000,000)]" classname="com.amazonaws.encryptionsdk.CryptoOutputStreamTest$ParameterizedEncryptDecryptTest" time="0.002"/>
  <testcase name="encryptDecrypt[1994: encryptDecrypt(algorithm=ALG_AES_192_GCM_IV12_TAG16_HKDF_SHA384_ECDSA_P384, byteSize=32, frameSize=16, readLen=31)]" classname="com.amazonaws.encryptionsdk.CryptoOutputStreamTest$ParameterizedEncryptDecryptTest" time="0.002"/>
  <testcase name="encryptDecrypt[1995: encryptDecrypt(algorithm=ALG_AES_192_GCM_IV12_TAG16_HKDF_SHA384_ECDSA_P384, byteSize=32, frameSize=16, readLen=32)]" classname="com.amazonaws.encryptionsdk.CryptoOutputStreamTest$ParameterizedEncryptDecryptTest" time="0.001"/>
  <testcase name="encryptDecrypt[1996: encryptDecrypt(algorithm=ALG_AES_192_GCM_IV12_TAG16_HKDF_SHA384_ECDSA_P384, byteSize=32, frameSize=16, readLen=33)]" classname="com.amazonaws.encryptionsdk.CryptoOutputStreamTest$ParameterizedEncryptDecryptTest" time="0.001"/>
  <testcase name="encryptDecrypt[1997: encryptDecrypt(algorithm=ALG_AES_192_GCM_IV12_TAG16_HKDF_SHA384_ECDSA_P384, byteSize=32, frameSize=16, readLen=64)]" classname="com.amazonaws.encryptionsdk.CryptoOutputStreamTest$ParameterizedEncryptDecryptTest" time="0.002"/>
  <testcase name="encryptDecrypt[1998: encryptDecrypt(algorithm=ALG_AES_192_GCM_IV12_TAG16_HKDF_SHA384_ECDSA_P384, byteSize=32, frameSize=16, readLen=1,000,000)]" classname="com.amazonaws.encryptionsdk.CryptoOutputStreamTest$ParameterizedEncryptDecryptTest" time="0.002"/>
  <testcase name="encryptDecrypt[1999: encryptDecrypt(algorithm=ALG_AES_192_GCM_IV12_TAG16_HKDF_SHA384_ECDSA_P384, byteSize=1,000,000, frameSize=16, readLen=999,999)]" classname="com.amazonaws.encryptionsdk.CryptoOutputStreamTest$ParameterizedEncryptDecryptTest" time="0.094"/>
  <testcase name="encryptDecrypt[2000: encryptDecrypt(algorithm=ALG_AES_192_GCM_IV12_TAG16_HKDF_SHA384_ECDSA_P384, byteSize=1,000,000, frameSize=16, readLen=1,000,000)]" classname="com.amazonaws.encryptionsdk.CryptoOutputStreamTest$ParameterizedEncryptDecryptTest" time="0.093"/>
  <testcase name="encryptDecrypt[2001: encryptDecrypt(algorithm=ALG_AES_192_GCM_IV12_TAG16_HKDF_SHA384_ECDSA_P384, byteSize=1,000,000, frameSize=16, readLen=1,000,001)]" classname="com.amazonaws.encryptionsdk.CryptoOutputStreamTest$ParameterizedEncryptDecryptTest" time="0.101"/>
  <testcase name="encryptDecrypt[2002: encryptDecrypt(algorithm=ALG_AES_192_GCM_IV12_TAG16_HKDF_SHA384_ECDSA_P384, byteSize=1,000,000, frameSize=16, readLen=2,000,000)]" classname="com.amazonaws.encryptionsdk.CryptoOutputStreamTest$ParameterizedEncryptDecryptTest" time="0.096"/>
  <testcase name="encryptDecrypt[2003: encryptDecrypt(algorithm=ALG_AES_192_GCM_IV12_TAG16_HKDF_SHA384_ECDSA_P384, byteSize=1,000,000, frameSize=16, readLen=1,000,000)]" classname="com.amazonaws.encryptionsdk.CryptoOutputStreamTest$ParameterizedEncryptDecryptTest" time="0.093"/>
  <testcase name="encryptDecrypt[2004: encryptDecrypt(algorithm=ALG_AES_192_GCM_IV12_TAG16_HKDF_SHA384_ECDSA_P384, byteSize=0, frameSize=17, readLen=1)]" classname="com.amazonaws.encryptionsdk.CryptoOutputStreamTest$ParameterizedEncryptDecryptTest" time="0.003"/>
  <testcase name="encryptDecrypt[2005: encryptDecrypt(algorithm=ALG_AES_192_GCM_IV12_TAG16_HKDF_SHA384_ECDSA_P384, byteSize=0, frameSize=17, readLen=1,000,000)]" classname="com.amazonaws.encryptionsdk.CryptoOutputStreamTest$ParameterizedEncryptDecryptTest" time="0.002"/>
  <testcase name="encryptDecrypt[2006: encryptDecrypt(algorithm=ALG_AES_192_GCM_IV12_TAG16_HKDF_SHA384_ECDSA_P384, byteSize=1, frameSize=17, readLen=1)]" classname="com.amazonaws.encryptionsdk.CryptoOutputStreamTest$ParameterizedEncryptDecryptTest" time="0.003"/>
  <testcase name="encryptDecrypt[2007: encryptDecrypt(algorithm=ALG_AES_192_GCM_IV12_TAG16_HKDF_SHA384_ECDSA_P384, byteSize=1, frameSize=17, readLen=2)]" classname="com.amazonaws.encryptionsdk.CryptoOutputStreamTest$ParameterizedEncryptDecryptTest" time="0.003"/>
  <testcase name="encryptDecrypt[2008: encryptDecrypt(algorithm=ALG_AES_192_GCM_IV12_TAG16_HKDF_SHA384_ECDSA_P384, byteSize=1, frameSize=17, readLen=2)]" classname="com.amazonaws.encryptionsdk.CryptoOutputStreamTest$ParameterizedEncryptDecryptTest" time="0.002"/>
  <testcase name="encryptDecrypt[2009: encryptDecrypt(algorithm=ALG_AES_192_GCM_IV12_TAG16_HKDF_SHA384_ECDSA_P384, byteSize=1, frameSize=17, readLen=1,000,000)]" classname="com.amazonaws.encryptionsdk.CryptoOutputStreamTest$ParameterizedEncryptDecryptTest" time="0.002"/>
  <testcase name="encryptDecrypt[2010: encryptDecrypt(algorithm=ALG_AES_192_GCM_IV12_TAG16_HKDF_SHA384_ECDSA_P384, byteSize=16, frameSize=17, readLen=15)]" classname="com.amazonaws.encryptionsdk.CryptoOutputStreamTest$ParameterizedEncryptDecryptTest" time="0.002"/>
  <testcase name="encryptDecrypt[2011: encryptDecrypt(algorithm=ALG_AES_192_GCM_IV12_TAG16_HKDF_SHA384_ECDSA_P384, byteSize=16, frameSize=17, readLen=16)]" classname="com.amazonaws.encryptionsdk.CryptoOutputStreamTest$ParameterizedEncryptDecryptTest" time="0.002"/>
  <testcase name="encryptDecrypt[2012: encryptDecrypt(algorithm=ALG_AES_192_GCM_IV12_TAG16_HKDF_SHA384_ECDSA_P384, byteSize=16, frameSize=17, readLen=17)]" classname="com.amazonaws.encryptionsdk.CryptoOutputStreamTest$ParameterizedEncryptDecryptTest" time="0.001"/>
  <testcase name="encryptDecrypt[2013: encryptDecrypt(algorithm=ALG_AES_192_GCM_IV12_TAG16_HKDF_SHA384_ECDSA_P384, byteSize=16, frameSize=17, readLen=32)]" classname="com.amazonaws.encryptionsdk.CryptoOutputStreamTest$ParameterizedEncryptDecryptTest" time="0.002"/>
  <testcase name="encryptDecrypt[2014: encryptDecrypt(algorithm=ALG_AES_192_GCM_IV12_TAG16_HKDF_SHA384_ECDSA_P384, byteSize=16, frameSize=17, readLen=1,000,000)]" classname="com.amazonaws.encryptionsdk.CryptoOutputStreamTest$ParameterizedEncryptDecryptTest" time="0.002"/>
  <testcase name="encryptDecrypt[2015: encryptDecrypt(algorithm=ALG_AES_192_GCM_IV12_TAG16_HKDF_SHA384_ECDSA_P384, byteSize=17, frameSize=17, readLen=16)]" classname="com.amazonaws.encryptionsdk.CryptoOutputStreamTest$ParameterizedEncryptDecryptTest" time="0.002"/>
  <testcase name="encryptDecrypt[2016: encryptDecrypt(algorithm=ALG_AES_192_GCM_IV12_TAG16_HKDF_SHA384_ECDSA_P384, byteSize=17, frameSize=17, readLen=17)]" classname="com.amazonaws.encryptionsdk.CryptoOutputStreamTest$ParameterizedEncryptDecryptTest" time="0.001"/>
  <testcase name="encryptDecrypt[2017: encryptDecrypt(algorithm=ALG_AES_192_GCM_IV12_TAG16_HKDF_SHA384_ECDSA_P384, byteSize=17, frameSize=17, readLen=18)]" classname="com.amazonaws.encryptionsdk.CryptoOutputStreamTest$ParameterizedEncryptDecryptTest" time="0.002"/>
  <testcase name="encryptDecrypt[2018: encryptDecrypt(algorithm=ALG_AES_192_GCM_IV12_TAG16_HKDF_SHA384_ECDSA_P384, byteSize=17, frameSize=17, readLen=34)]" classname="com.amazonaws.encryptionsdk.CryptoOutputStreamTest$ParameterizedEncryptDecryptTest" time="0.002"/>
  <testcase name="encryptDecrypt[2019: encryptDecrypt(algorithm=ALG_AES_192_GCM_IV12_TAG16_HKDF_SHA384_ECDSA_P384, byteSize=17, frameSize=17, readLen=1,000,000)]" classname="com.amazonaws.encryptionsdk.CryptoOutputStreamTest$ParameterizedEncryptDecryptTest" time="0.002"/>
  <testcase name="encryptDecrypt[2020: encryptDecrypt(algorithm=ALG_AES_192_GCM_IV12_TAG16_HKDF_SHA384_ECDSA_P384, byteSize=18, frameSize=17, readLen=17)]" classname="com.amazonaws.encryptionsdk.CryptoOutputStreamTest$ParameterizedEncryptDecryptTest" time="0.002"/>
  <testcase name="encryptDecrypt[2021: encryptDecrypt(algorithm=ALG_AES_192_GCM_IV12_TAG16_HKDF_SHA384_ECDSA_P384, byteSize=18, frameSize=17, readLen=18)]" classname="com.amazonaws.encryptionsdk.CryptoOutputStreamTest$ParameterizedEncryptDecryptTest" time="0.001"/>
  <testcase name="encryptDecrypt[2022: encryptDecrypt(algorithm=ALG_AES_192_GCM_IV12_TAG16_HKDF_SHA384_ECDSA_P384, byteSize=18, frameSize=17, readLen=19)]" classname="com.amazonaws.encryptionsdk.CryptoOutputStreamTest$ParameterizedEncryptDecryptTest" time="0.002"/>
  <testcase name="encryptDecrypt[2023: encryptDecrypt(algorithm=ALG_AES_192_GCM_IV12_TAG16_HKDF_SHA384_ECDSA_P384, byteSize=18, frameSize=17, readLen=36)]" classname="com.amazonaws.encryptionsdk.CryptoOutputStreamTest$ParameterizedEncryptDecryptTest" time="0.002"/>
  <testcase name="encryptDecrypt[2024: encryptDecrypt(algorithm=ALG_AES_192_GCM_IV12_TAG16_HKDF_SHA384_ECDSA_P384, byteSize=18, frameSize=17, readLen=1,000,000)]" classname="com.amazonaws.encryptionsdk.CryptoOutputStreamTest$ParameterizedEncryptDecryptTest" time="0.002"/>
  <testcase name="encryptDecrypt[2025: encryptDecrypt(algorithm=ALG_AES_192_GCM_IV12_TAG16_HKDF_SHA384_ECDSA_P384, byteSize=25, frameSize=17, readLen=24)]" classname="com.amazonaws.encryptionsdk.CryptoOutputStreamTest$ParameterizedEncryptDecryptTest" time="0.002"/>
  <testcase name="encryptDecrypt[2026: encryptDecrypt(algorithm=ALG_AES_192_GCM_IV12_TAG16_HKDF_SHA384_ECDSA_P384, byteSize=25, frameSize=17, readLen=25)]" classname="com.amazonaws.encryptionsdk.CryptoOutputStreamTest$ParameterizedEncryptDecryptTest" time="0.001"/>
  <testcase name="encryptDecrypt[2027: encryptDecrypt(algorithm=ALG_AES_192_GCM_IV12_TAG16_HKDF_SHA384_ECDSA_P384, byteSize=25, frameSize=17, readLen=26)]" classname="com.amazonaws.encryptionsdk.CryptoOutputStreamTest$ParameterizedEncryptDecryptTest" time="0.002"/>
  <testcase name="encryptDecrypt[2028: encryptDecrypt(algorithm=ALG_AES_192_GCM_IV12_TAG16_HKDF_SHA384_ECDSA_P384, byteSize=25, frameSize=17, readLen=50)]" classname="com.amazonaws.encryptionsdk.CryptoOutputStreamTest$ParameterizedEncryptDecryptTest" time="0.001"/>
  <testcase name="encryptDecrypt[2029: encryptDecrypt(algorithm=ALG_AES_192_GCM_IV12_TAG16_HKDF_SHA384_ECDSA_P384, byteSize=25, frameSize=17, readLen=1,000,000)]" classname="com.amazonaws.encryptionsdk.CryptoOutputStreamTest$ParameterizedEncryptDecryptTest" time="0.003"/>
  <testcase name="encryptDecrypt[2030: encryptDecrypt(algorithm=ALG_AES_192_GCM_IV12_TAG16_HKDF_SHA384_ECDSA_P384, byteSize=34, frameSize=17, readLen=33)]" classname="com.amazonaws.encryptionsdk.CryptoOutputStreamTest$ParameterizedEncryptDecryptTest" time="0.001"/>
  <testcase name="encryptDecrypt[2031: encryptDecrypt(algorithm=ALG_AES_192_GCM_IV12_TAG16_HKDF_SHA384_ECDSA_P384, byteSize=34, frameSize=17, readLen=34)]" classname="com.amazonaws.encryptionsdk.CryptoOutputStreamTest$ParameterizedEncryptDecryptTest" time="0.002"/>
  <testcase name="encryptDecrypt[2032: encryptDecrypt(algorithm=ALG_AES_192_GCM_IV12_TAG16_HKDF_SHA384_ECDSA_P384, byteSize=34, frameSize=17, readLen=35)]" classname="com.amazonaws.encryptionsdk.CryptoOutputStreamTest$ParameterizedEncryptDecryptTest" time="0.002"/>
  <testcase name="encryptDecrypt[2033: encryptDecrypt(algorithm=ALG_AES_192_GCM_IV12_TAG16_HKDF_SHA384_ECDSA_P384, byteSize=34, frameSize=17, readLen=68)]" classname="com.amazonaws.encryptionsdk.CryptoOutputStreamTest$ParameterizedEncryptDecryptTest" time="0.001"/>
  <testcase name="encryptDecrypt[2034: encryptDecrypt(algorithm=ALG_AES_192_GCM_IV12_TAG16_HKDF_SHA384_ECDSA_P384, byteSize=34, frameSize=17, readLen=1,000,000)]" classname="com.amazonaws.encryptionsdk.CryptoOutputStreamTest$ParameterizedEncryptDecryptTest" time="0.003"/>
  <testcase name="encryptDecrypt[2035: encryptDecrypt(algorithm=ALG_AES_192_GCM_IV12_TAG16_HKDF_SHA384_ECDSA_P384, byteSize=1,000,000, frameSize=17, readLen=999,999)]" classname="com.amazonaws.encryptionsdk.CryptoOutputStreamTest$ParameterizedEncryptDecryptTest" time="0.095"/>
  <testcase name="encryptDecrypt[2036: encryptDecrypt(algorithm=ALG_AES_192_GCM_IV12_TAG16_HKDF_SHA384_ECDSA_P384, byteSize=1,000,000, frameSize=17, readLen=1,000,000)]" classname="com.amazonaws.encryptionsdk.CryptoOutputStreamTest$ParameterizedEncryptDecryptTest" time="0.094"/>
  <testcase name="encryptDecrypt[2037: encryptDecrypt(algorithm=ALG_AES_192_GCM_IV12_TAG16_HKDF_SHA384_ECDSA_P384, byteSize=1,000,000, frameSize=17, readLen=1,000,001)]" classname="com.amazonaws.encryptionsdk.CryptoOutputStreamTest$ParameterizedEncryptDecryptTest" time="0.093"/>
  <testcase name="encryptDecrypt[2038: encryptDecrypt(algorithm=ALG_AES_192_GCM_IV12_TAG16_HKDF_SHA384_ECDSA_P384, byteSize=1,000,000, frameSize=17, readLen=2,000,000)]" classname="com.amazonaws.encryptionsdk.CryptoOutputStreamTest$ParameterizedEncryptDecryptTest" time="0.094"/>
  <testcase name="encryptDecrypt[2039: encryptDecrypt(algorithm=ALG_AES_192_GCM_IV12_TAG16_HKDF_SHA384_ECDSA_P384, byteSize=1,000,000, frameSize=17, readLen=1,000,000)]" classname="com.amazonaws.encryptionsdk.CryptoOutputStreamTest$ParameterizedEncryptDecryptTest" time="0.094"/>
  <testcase name="encryptDecrypt[2040: encryptDecrypt(algorithm=ALG_AES_192_GCM_IV12_TAG16_HKDF_SHA384_ECDSA_P384, byteSize=0, frameSize=32, readLen=1)]" classname="com.amazonaws.encryptionsdk.CryptoOutputStreamTest$ParameterizedEncryptDecryptTest" time="0.003"/>
  <testcase name="encryptDecrypt[2041: encryptDecrypt(algorithm=ALG_AES_192_GCM_IV12_TAG16_HKDF_SHA384_ECDSA_P384, byteSize=0, frameSize=32, readLen=1,000,000)]" classname="com.amazonaws.encryptionsdk.CryptoOutputStreamTest$ParameterizedEncryptDecryptTest" time="0.002"/>
  <testcase name="encryptDecrypt[2042: encryptDecrypt(algorithm=ALG_AES_192_GCM_IV12_TAG16_HKDF_SHA384_ECDSA_P384, byteSize=1, frameSize=32, readLen=1)]" classname="com.amazonaws.encryptionsdk.CryptoOutputStreamTest$ParameterizedEncryptDecryptTest" time="0.003"/>
  <testcase name="encryptDecrypt[2043: encryptDecrypt(algorithm=ALG_AES_192_GCM_IV12_TAG16_HKDF_SHA384_ECDSA_P384, byteSize=1, frameSize=32, readLen=2)]" classname="com.amazonaws.encryptionsdk.CryptoOutputStreamTest$ParameterizedEncryptDecryptTest" time="0.002"/>
  <testcase name="encryptDecrypt[2044: encryptDecrypt(algorithm=ALG_AES_192_GCM_IV12_TAG16_HKDF_SHA384_ECDSA_P384, byteSize=1, frameSize=32, readLen=2)]" classname="com.amazonaws.encryptionsdk.CryptoOutputStreamTest$ParameterizedEncryptDecryptTest" time="0.003"/>
  <testcase name="encryptDecrypt[2045: encryptDecrypt(algorithm=ALG_AES_192_GCM_IV12_TAG16_HKDF_SHA384_ECDSA_P384, byteSize=1, frameSize=32, readLen=1,000,000)]" classname="com.amazonaws.encryptionsdk.CryptoOutputStreamTest$ParameterizedEncryptDecryptTest" time="0.002"/>
  <testcase name="encryptDecrypt[2046: encryptDecrypt(algorithm=ALG_AES_192_GCM_IV12_TAG16_HKDF_SHA384_ECDSA_P384, byteSize=31, frameSize=32, readLen=30)]" classname="com.amazonaws.encryptionsdk.CryptoOutputStreamTest$ParameterizedEncryptDecryptTest" time="0.002"/>
  <testcase name="encryptDecrypt[2047: encryptDecrypt(algorithm=ALG_AES_192_GCM_IV12_TAG16_HKDF_SHA384_ECDSA_P384, byteSize=31, frameSize=32, readLen=31)]" classname="com.amazonaws.encryptionsdk.CryptoOutputStreamTest$ParameterizedEncryptDecryptTest" time="0.001"/>
  <testcase name="encryptDecrypt[2048: encryptDecrypt(algorithm=ALG_AES_192_GCM_IV12_TAG16_HKDF_SHA384_ECDSA_P384, byteSize=31, frameSize=32, readLen=32)]" classname="com.amazonaws.encryptionsdk.CryptoOutputStreamTest$ParameterizedEncryptDecryptTest" time="0.002"/>
  <testcase name="encryptDecrypt[2049: encryptDecrypt(algorithm=ALG_AES_192_GCM_IV12_TAG16_HKDF_SHA384_ECDSA_P384, byteSize=31, frameSize=32, readLen=62)]" classname="com.amazonaws.encryptionsdk.CryptoOutputStreamTest$ParameterizedEncryptDecryptTest" time="0.002"/>
  <testcase name="encryptDecrypt[2050: encryptDecrypt(algorithm=ALG_AES_192_GCM_IV12_TAG16_HKDF_SHA384_ECDSA_P384, byteSize=31, frameSize=32, readLen=1,000,000)]" classname="com.amazonaws.encryptionsdk.CryptoOutputStreamTest$ParameterizedEncryptDecryptTest" time="0.002"/>
  <testcase name="encryptDecrypt[2051: encryptDecrypt(algorithm=ALG_AES_192_GCM_IV12_TAG16_HKDF_SHA384_ECDSA_P384, byteSize=32, frameSize=32, readLen=31)]" classname="com.amazonaws.encryptionsdk.CryptoOutputStreamTest$ParameterizedEncryptDecryptTest" time="0.002"/>
  <testcase name="encryptDecrypt[2052: encryptDecrypt(algorithm=ALG_AES_192_GCM_IV12_TAG16_HKDF_SHA384_ECDSA_P384, byteSize=32, frameSize=32, readLen=32)]" classname="com.amazonaws.encryptionsdk.CryptoOutputStreamTest$ParameterizedEncryptDecryptTest" time="0.001"/>
  <testcase name="encryptDecrypt[2053: encryptDecrypt(algorithm=ALG_AES_192_GCM_IV12_TAG16_HKDF_SHA384_ECDSA_P384, byteSize=32, frameSize=32, readLen=33)]" classname="com.amazonaws.encryptionsdk.CryptoOutputStreamTest$ParameterizedEncryptDecryptTest" time="0.002"/>
  <testcase name="encryptDecrypt[2054: encryptDecrypt(algorithm=ALG_AES_192_GCM_IV12_TAG16_HKDF_SHA384_ECDSA_P384, byteSize=32, frameSize=32, readLen=64)]" classname="com.amazonaws.encryptionsdk.CryptoOutputStreamTest$ParameterizedEncryptDecryptTest" time="0.001"/>
  <testcase name="encryptDecrypt[2055: encryptDecrypt(algorithm=ALG_AES_192_GCM_IV12_TAG16_HKDF_SHA384_ECDSA_P384, byteSize=32, frameSize=32, readLen=1,000,000)]" classname="com.amazonaws.encryptionsdk.CryptoOutputStreamTest$ParameterizedEncryptDecryptTest" time="0.003"/>
  <testcase name="encryptDecrypt[2056: encryptDecrypt(algorithm=ALG_AES_192_GCM_IV12_TAG16_HKDF_SHA384_ECDSA_P384, byteSize=33, frameSize=32, readLen=32)]" classname="com.amazonaws.encryptionsdk.CryptoOutputStreamTest$ParameterizedEncryptDecryptTest" time="0.001"/>
  <testcase name="encryptDecrypt[2057: encryptDecrypt(algorithm=ALG_AES_192_GCM_IV12_TAG16_HKDF_SHA384_ECDSA_P384, byteSize=33, frameSize=32, readLen=33)]" classname="com.amazonaws.encryptionsdk.CryptoOutputStreamTest$ParameterizedEncryptDecryptTest" time="0.002"/>
  <testcase name="encryptDecrypt[2058: encryptDecrypt(algorithm=ALG_AES_192_GCM_IV12_TAG16_HKDF_SHA384_ECDSA_P384, byteSize=33, frameSize=32, readLen=34)]" classname="com.amazonaws.encryptionsdk.CryptoOutputStreamTest$ParameterizedEncryptDecryptTest" time="0.002"/>
  <testcase name="encryptDecrypt[2059: encryptDecrypt(algorithm=ALG_AES_192_GCM_IV12_TAG16_HKDF_SHA384_ECDSA_P384, byteSize=33, frameSize=32, readLen=66)]" classname="com.amazonaws.encryptionsdk.CryptoOutputStreamTest$ParameterizedEncryptDecryptTest" time="0.001"/>
  <testcase name="encryptDecrypt[2060: encryptDecrypt(algorithm=ALG_AES_192_GCM_IV12_TAG16_HKDF_SHA384_ECDSA_P384, byteSize=33, frameSize=32, readLen=1,000,000)]" classname="com.amazonaws.encryptionsdk.CryptoOutputStreamTest$ParameterizedEncryptDecryptTest" time="0.003"/>
  <testcase name="encryptDecrypt[2061: encryptDecrypt(algorithm=ALG_AES_192_GCM_IV12_TAG16_HKDF_SHA384_ECDSA_P384, byteSize=48, frameSize=32, readLen=47)]" classname="com.amazonaws.encryptionsdk.CryptoOutputStreamTest$ParameterizedEncryptDecryptTest" time="0.001"/>
  <testcase name="encryptDecrypt[2062: encryptDecrypt(algorithm=ALG_AES_192_GCM_IV12_TAG16_HKDF_SHA384_ECDSA_P384, byteSize=48, frameSize=32, readLen=48)]" classname="com.amazonaws.encryptionsdk.CryptoOutputStreamTest$ParameterizedEncryptDecryptTest" time="0.002"/>
  <testcase name="encryptDecrypt[2063: encryptDecrypt(algorithm=ALG_AES_192_GCM_IV12_TAG16_HKDF_SHA384_ECDSA_P384, byteSize=48, frameSize=32, readLen=49)]" classname="com.amazonaws.encryptionsdk.CryptoOutputStreamTest$ParameterizedEncryptDecryptTest" time="0.001"/>
  <testcase name="encryptDecrypt[2064: encryptDecrypt(algorithm=ALG_AES_192_GCM_IV12_TAG16_HKDF_SHA384_ECDSA_P384, byteSize=48, frameSize=32, readLen=96)]" classname="com.amazonaws.encryptionsdk.CryptoOutputStreamTest$ParameterizedEncryptDecryptTest" time="0.002"/>
  <testcase name="encryptDecrypt[2065: encryptDecrypt(algorithm=ALG_AES_192_GCM_IV12_TAG16_HKDF_SHA384_ECDSA_P384, byteSize=48, frameSize=32, readLen=1,000,000)]" classname="com.amazonaws.encryptionsdk.CryptoOutputStreamTest$ParameterizedEncryptDecryptTest" time="0.002"/>
  <testcase name="encryptDecrypt[2066: encryptDecrypt(algorithm=ALG_AES_192_GCM_IV12_TAG16_HKDF_SHA384_ECDSA_P384, byteSize=64, frameSize=32, readLen=63)]" classname="com.amazonaws.encryptionsdk.CryptoOutputStreamTest$ParameterizedEncryptDecryptTest" time="0.002"/>
  <testcase name="encryptDecrypt[2067: encryptDecrypt(algorithm=ALG_AES_192_GCM_IV12_TAG16_HKDF_SHA384_ECDSA_P384, byteSize=64, frameSize=32, readLen=64)]" classname="com.amazonaws.encryptionsdk.CryptoOutputStreamTest$ParameterizedEncryptDecryptTest" time="0.002"/>
  <testcase name="encryptDecrypt[2068: encryptDecrypt(algorithm=ALG_AES_192_GCM_IV12_TAG16_HKDF_SHA384_ECDSA_P384, byteSize=64, frameSize=32, readLen=65)]" classname="com.amazonaws.encryptionsdk.CryptoOutputStreamTest$ParameterizedEncryptDecryptTest" time="0.001"/>
  <testcase name="encryptDecrypt[2069: encryptDecrypt(algorithm=ALG_AES_192_GCM_IV12_TAG16_HKDF_SHA384_ECDSA_P384, byteSize=64, frameSize=32, readLen=128)]" classname="com.amazonaws.encryptionsdk.CryptoOutputStreamTest$ParameterizedEncryptDecryptTest" time="0.002"/>
  <testcase name="encryptDecrypt[2070: encryptDecrypt(algorithm=ALG_AES_192_GCM_IV12_TAG16_HKDF_SHA384_ECDSA_P384, byteSize=64, frameSize=32, readLen=1,000,000)]" classname="com.amazonaws.encryptionsdk.CryptoOutputStreamTest$ParameterizedEncryptDecryptTest" time="0.002"/>
  <testcase name="encryptDecrypt[2071: encryptDecrypt(algorithm=ALG_AES_192_GCM_IV12_TAG16_HKDF_SHA384_ECDSA_P384, byteSize=1,000,000, frameSize=32, readLen=999,999)]" classname="com.amazonaws.encryptionsdk.CryptoOutputStreamTest$ParameterizedEncryptDecryptTest" time="0.057"/>
  <testcase name="encryptDecrypt[2072: encryptDecrypt(algorithm=ALG_AES_192_GCM_IV12_TAG16_HKDF_SHA384_ECDSA_P384, byteSize=1,000,000, frameSize=32, readLen=1,000,000)]" classname="com.amazonaws.encryptionsdk.CryptoOutputStreamTest$ParameterizedEncryptDecryptTest" time="0.057"/>
  <testcase name="encryptDecrypt[2073: encryptDecrypt(algorithm=ALG_AES_192_GCM_IV12_TAG16_HKDF_SHA384_ECDSA_P384, byteSize=1,000,000, frameSize=32, readLen=1,000,001)]" classname="com.amazonaws.encryptionsdk.CryptoOutputStreamTest$ParameterizedEncryptDecryptTest" time="0.058"/>
  <testcase name="encryptDecrypt[2074: encryptDecrypt(algorithm=ALG_AES_192_GCM_IV12_TAG16_HKDF_SHA384_ECDSA_P384, byteSize=1,000,000, frameSize=32, readLen=2,000,000)]" classname="com.amazonaws.encryptionsdk.CryptoOutputStreamTest$ParameterizedEncryptDecryptTest" time="0.058"/>
  <testcase name="encryptDecrypt[2075: encryptDecrypt(algorithm=ALG_AES_192_GCM_IV12_TAG16_HKDF_SHA384_ECDSA_P384, byteSize=1,000,000, frameSize=32, readLen=1,000,000)]" classname="com.amazonaws.encryptionsdk.CryptoOutputStreamTest$ParameterizedEncryptDecryptTest" time="0.058"/>
  <testcase name="encryptDecrypt[2076: encryptDecrypt(algorithm=ALG_AES_192_GCM_IV12_TAG16_HKDF_SHA384_ECDSA_P384, byteSize=0, frameSize=160, readLen=1)]" classname="com.amazonaws.encryptionsdk.CryptoOutputStreamTest$ParameterizedEncryptDecryptTest" time="0.003"/>
  <testcase name="encryptDecrypt[2077: encryptDecrypt(algorithm=ALG_AES_192_GCM_IV12_TAG16_HKDF_SHA384_ECDSA_P384, byteSize=0, frameSize=160, readLen=1,000,000)]" classname="com.amazonaws.encryptionsdk.CryptoOutputStreamTest$ParameterizedEncryptDecryptTest" time="0.003"/>
  <testcase name="encryptDecrypt[2078: encryptDecrypt(algorithm=ALG_AES_192_GCM_IV12_TAG16_HKDF_SHA384_ECDSA_P384, byteSize=1, frameSize=160, readLen=1)]" classname="com.amazonaws.encryptionsdk.CryptoOutputStreamTest$ParameterizedEncryptDecryptTest" time="0.003"/>
  <testcase name="encryptDecrypt[2079: encryptDecrypt(algorithm=ALG_AES_192_GCM_IV12_TAG16_HKDF_SHA384_ECDSA_P384, byteSize=1, frameSize=160, readLen=2)]" classname="com.amazonaws.encryptionsdk.CryptoOutputStreamTest$ParameterizedEncryptDecryptTest" time="0.002"/>
  <testcase name="encryptDecrypt[2080: encryptDecrypt(algorithm=ALG_AES_192_GCM_IV12_TAG16_HKDF_SHA384_ECDSA_P384, byteSize=1, frameSize=160, readLen=2)]" classname="com.amazonaws.encryptionsdk.CryptoOutputStreamTest$ParameterizedEncryptDecryptTest" time="0.002"/>
  <testcase name="encryptDecrypt[2081: encryptDecrypt(algorithm=ALG_AES_192_GCM_IV12_TAG16_HKDF_SHA384_ECDSA_P384, byteSize=1, frameSize=160, readLen=1,000,000)]" classname="com.amazonaws.encryptionsdk.CryptoOutputStreamTest$ParameterizedEncryptDecryptTest" time="0.003"/>
  <testcase name="encryptDecrypt[2082: encryptDecrypt(algorithm=ALG_AES_192_GCM_IV12_TAG16_HKDF_SHA384_ECDSA_P384, byteSize=159, frameSize=160, readLen=158)]" classname="com.amazonaws.encryptionsdk.CryptoOutputStreamTest$ParameterizedEncryptDecryptTest" time="0.008"/>
  <testcase name="encryptDecrypt[2083: encryptDecrypt(algorithm=ALG_AES_192_GCM_IV12_TAG16_HKDF_SHA384_ECDSA_P384, byteSize=159, frameSize=160, readLen=159)]" classname="com.amazonaws.encryptionsdk.CryptoOutputStreamTest$ParameterizedEncryptDecryptTest" time="0.002"/>
  <testcase name="encryptDecrypt[2084: encryptDecrypt(algorithm=ALG_AES_192_GCM_IV12_TAG16_HKDF_SHA384_ECDSA_P384, byteSize=159, frameSize=160, readLen=160)]" classname="com.amazonaws.encryptionsdk.CryptoOutputStreamTest$ParameterizedEncryptDecryptTest" time="0.001"/>
  <testcase name="encryptDecrypt[2085: encryptDecrypt(algorithm=ALG_AES_192_GCM_IV12_TAG16_HKDF_SHA384_ECDSA_P384, byteSize=159, frameSize=160, readLen=318)]" classname="com.amazonaws.encryptionsdk.CryptoOutputStreamTest$ParameterizedEncryptDecryptTest" time="0.003"/>
  <testcase name="encryptDecrypt[2086: encryptDecrypt(algorithm=ALG_AES_192_GCM_IV12_TAG16_HKDF_SHA384_ECDSA_P384, byteSize=159, frameSize=160, readLen=1,000,000)]" classname="com.amazonaws.encryptionsdk.CryptoOutputStreamTest$ParameterizedEncryptDecryptTest" time="0.002"/>
  <testcase name="encryptDecrypt[2087: encryptDecrypt(algorithm=ALG_AES_192_GCM_IV12_TAG16_HKDF_SHA384_ECDSA_P384, byteSize=160, frameSize=160, readLen=159)]" classname="com.amazonaws.encryptionsdk.CryptoOutputStreamTest$ParameterizedEncryptDecryptTest" time="0.002"/>
  <testcase name="encryptDecrypt[2088: encryptDecrypt(algorithm=ALG_AES_192_GCM_IV12_TAG16_HKDF_SHA384_ECDSA_P384, byteSize=160, frameSize=160, readLen=160)]" classname="com.amazonaws.encryptionsdk.CryptoOutputStreamTest$ParameterizedEncryptDecryptTest" time="0.003"/>
  <testcase name="encryptDecrypt[2089: encryptDecrypt(algorithm=ALG_AES_192_GCM_IV12_TAG16_HKDF_SHA384_ECDSA_P384, byteSize=160, frameSize=160, readLen=161)]" classname="com.amazonaws.encryptionsdk.CryptoOutputStreamTest$ParameterizedEncryptDecryptTest" time="0.002"/>
  <testcase name="encryptDecrypt[2090: encryptDecrypt(algorithm=ALG_AES_192_GCM_IV12_TAG16_HKDF_SHA384_ECDSA_P384, byteSize=160, frameSize=160, readLen=320)]" classname="com.amazonaws.encryptionsdk.CryptoOutputStreamTest$ParameterizedEncryptDecryptTest" time="0.003"/>
  <testcase name="encryptDecrypt[2091: encryptDecrypt(algorithm=ALG_AES_192_GCM_IV12_TAG16_HKDF_SHA384_ECDSA_P384, byteSize=160, frameSize=160, readLen=1,000,000)]" classname="com.amazonaws.encryptionsdk.CryptoOutputStreamTest$ParameterizedEncryptDecryptTest" time="0.002"/>
  <testcase name="encryptDecrypt[2092: encryptDecrypt(algorithm=ALG_AES_192_GCM_IV12_TAG16_HKDF_SHA384_ECDSA_P384, byteSize=161, frameSize=160, readLen=160)]" classname="com.amazonaws.encryptionsdk.CryptoOutputStreamTest$ParameterizedEncryptDecryptTest" time="0.003"/>
  <testcase name="encryptDecrypt[2093: encryptDecrypt(algorithm=ALG_AES_192_GCM_IV12_TAG16_HKDF_SHA384_ECDSA_P384, byteSize=161, frameSize=160, readLen=161)]" classname="com.amazonaws.encryptionsdk.CryptoOutputStreamTest$ParameterizedEncryptDecryptTest" time="0.002"/>
  <testcase name="encryptDecrypt[2094: encryptDecrypt(algorithm=ALG_AES_192_GCM_IV12_TAG16_HKDF_SHA384_ECDSA_P384, byteSize=161, frameSize=160, readLen=162)]" classname="com.amazonaws.encryptionsdk.CryptoOutputStreamTest$ParameterizedEncryptDecryptTest" time="0.003"/>
  <testcase name="encryptDecrypt[2095: encryptDecrypt(algorithm=ALG_AES_192_GCM_IV12_TAG16_HKDF_SHA384_ECDSA_P384, byteSize=161, frameSize=160, readLen=322)]" classname="com.amazonaws.encryptionsdk.CryptoOutputStreamTest$ParameterizedEncryptDecryptTest" time="0.002"/>
  <testcase name="encryptDecrypt[2096: encryptDecrypt(algorithm=ALG_AES_192_GCM_IV12_TAG16_HKDF_SHA384_ECDSA_P384, byteSize=161, frameSize=160, readLen=1,000,000)]" classname="com.amazonaws.encryptionsdk.CryptoOutputStreamTest$ParameterizedEncryptDecryptTest" time="0.003"/>
  <testcase name="encryptDecrypt[2097: encryptDecrypt(algorithm=ALG_AES_192_GCM_IV12_TAG16_HKDF_SHA384_ECDSA_P384, byteSize=240, frameSize=160, readLen=239)]" classname="com.amazonaws.encryptionsdk.CryptoOutputStreamTest$ParameterizedEncryptDecryptTest" time="0.002"/>
  <testcase name="encryptDecrypt[2098: encryptDecrypt(algorithm=ALG_AES_192_GCM_IV12_TAG16_HKDF_SHA384_ECDSA_P384, byteSize=240, frameSize=160, readLen=240)]" classname="com.amazonaws.encryptionsdk.CryptoOutputStreamTest$ParameterizedEncryptDecryptTest" time="0.003"/>
  <testcase name="encryptDecrypt[2099: encryptDecrypt(algorithm=ALG_AES_192_GCM_IV12_TAG16_HKDF_SHA384_ECDSA_P384, byteSize=240, frameSize=160, readLen=241)]" classname="com.amazonaws.encryptionsdk.CryptoOutputStreamTest$ParameterizedEncryptDecryptTest" time="0.002"/>
  <testcase name="encryptDecrypt[2100: encryptDecrypt(algorithm=ALG_AES_192_GCM_IV12_TAG16_HKDF_SHA384_ECDSA_P384, byteSize=240, frameSize=160, readLen=480)]" classname="com.amazonaws.encryptionsdk.CryptoOutputStreamTest$ParameterizedEncryptDecryptTest" time="0.003"/>
  <testcase name="encryptDecrypt[2101: encryptDecrypt(algorithm=ALG_AES_192_GCM_IV12_TAG16_HKDF_SHA384_ECDSA_P384, byteSize=240, frameSize=160, readLen=1,000,000)]" classname="com.amazonaws.encryptionsdk.CryptoOutputStreamTest$ParameterizedEncryptDecryptTest" time="0.002"/>
  <testcase name="encryptDecrypt[2102: encryptDecrypt(algorithm=ALG_AES_192_GCM_IV12_TAG16_HKDF_SHA384_ECDSA_P384, byteSize=320, frameSize=160, readLen=319)]" classname="com.amazonaws.encryptionsdk.CryptoOutputStreamTest$ParameterizedEncryptDecryptTest" time="0.002"/>
  <testcase name="encryptDecrypt[2103: encryptDecrypt(algorithm=ALG_AES_192_GCM_IV12_TAG16_HKDF_SHA384_ECDSA_P384, byteSize=320, frameSize=160, readLen=320)]" classname="com.amazonaws.encryptionsdk.CryptoOutputStreamTest$ParameterizedEncryptDecryptTest" time="0.003"/>
  <testcase name="encryptDecrypt[2104: encryptDecrypt(algorithm=ALG_AES_192_GCM_IV12_TAG16_HKDF_SHA384_ECDSA_P384, byteSize=320, frameSize=160, readLen=321)]" classname="com.amazonaws.encryptionsdk.CryptoOutputStreamTest$ParameterizedEncryptDecryptTest" time="0.003"/>
  <testcase name="encryptDecrypt[2105: encryptDecrypt(algorithm=ALG_AES_192_GCM_IV12_TAG16_HKDF_SHA384_ECDSA_P384, byteSize=320, frameSize=160, readLen=640)]" classname="com.amazonaws.encryptionsdk.CryptoOutputStreamTest$ParameterizedEncryptDecryptTest" time="0.002"/>
  <testcase name="encryptDecrypt[2106: encryptDecrypt(algorithm=ALG_AES_192_GCM_IV12_TAG16_HKDF_SHA384_ECDSA_P384, byteSize=320, frameSize=160, readLen=1,000,000)]" classname="com.amazonaws.encryptionsdk.CryptoOutputStreamTest$ParameterizedEncryptDecryptTest" time="0.003"/>
  <testcase name="encryptDecrypt[2107: encryptDecrypt(algorithm=ALG_AES_192_GCM_IV12_TAG16_HKDF_SHA384_ECDSA_P384, byteSize=1,000,000, frameSize=160, readLen=999,999)]" classname="com.amazonaws.encryptionsdk.CryptoOutputStreamTest$ParameterizedEncryptDecryptTest" time="0.027"/>
  <testcase name="encryptDecrypt[2108: encryptDecrypt(algorithm=ALG_AES_192_GCM_IV12_TAG16_HKDF_SHA384_ECDSA_P384, byteSize=1,000,000, frameSize=160, readLen=1,000,000)]" classname="com.amazonaws.encryptionsdk.CryptoOutputStreamTest$ParameterizedEncryptDecryptTest" time="0.027"/>
  <testcase name="encryptDecrypt[2109: encryptDecrypt(algorithm=ALG_AES_192_GCM_IV12_TAG16_HKDF_SHA384_ECDSA_P384, byteSize=1,000,000, frameSize=160, readLen=1,000,001)]" classname="com.amazonaws.encryptionsdk.CryptoOutputStreamTest$ParameterizedEncryptDecryptTest" time="0.028"/>
  <testcase name="encryptDecrypt[2110: encryptDecrypt(algorithm=ALG_AES_192_GCM_IV12_TAG16_HKDF_SHA384_ECDSA_P384, byteSize=1,000,000, frameSize=160, readLen=2,000,000)]" classname="com.amazonaws.encryptionsdk.CryptoOutputStreamTest$ParameterizedEncryptDecryptTest" time="0.027"/>
  <testcase name="encryptDecrypt[2111: encryptDecrypt(algorithm=ALG_AES_192_GCM_IV12_TAG16_HKDF_SHA384_ECDSA_P384, byteSize=1,000,000, frameSize=160, readLen=1,000,000)]" classname="com.amazonaws.encryptionsdk.CryptoOutputStreamTest$ParameterizedEncryptDecryptTest" time="0.027"/>
  <testcase name="encryptDecrypt[2112: encryptDecrypt(algorithm=ALG_AES_192_GCM_IV12_TAG16_HKDF_SHA384_ECDSA_P384, byteSize=0, frameSize=161, readLen=1)]" classname="com.amazonaws.encryptionsdk.CryptoOutputStreamTest$ParameterizedEncryptDecryptTest" time="0.003"/>
  <testcase name="encryptDecrypt[2113: encryptDecrypt(algorithm=ALG_AES_192_GCM_IV12_TAG16_HKDF_SHA384_ECDSA_P384, byteSize=0, frameSize=161, readLen=1,000,000)]" classname="com.amazonaws.encryptionsdk.CryptoOutputStreamTest$ParameterizedEncryptDecryptTest" time="0.002"/>
  <testcase name="encryptDecrypt[2114: encryptDecrypt(algorithm=ALG_AES_192_GCM_IV12_TAG16_HKDF_SHA384_ECDSA_P384, byteSize=1, frameSize=161, readLen=1)]" classname="com.amazonaws.encryptionsdk.CryptoOutputStreamTest$ParameterizedEncryptDecryptTest" time="0.003"/>
  <testcase name="encryptDecrypt[2115: encryptDecrypt(algorithm=ALG_AES_192_GCM_IV12_TAG16_HKDF_SHA384_ECDSA_P384, byteSize=1, frameSize=161, readLen=2)]" classname="com.amazonaws.encryptionsdk.CryptoOutputStreamTest$ParameterizedEncryptDecryptTest" time="0.002"/>
  <testcase name="encryptDecrypt[2116: encryptDecrypt(algorithm=ALG_AES_192_GCM_IV12_TAG16_HKDF_SHA384_ECDSA_P384, byteSize=1, frameSize=161, readLen=2)]" classname="com.amazonaws.encryptionsdk.CryptoOutputStreamTest$ParameterizedEncryptDecryptTest" time="0.002"/>
  <testcase name="encryptDecrypt[2117: encryptDecrypt(algorithm=ALG_AES_192_GCM_IV12_TAG16_HKDF_SHA384_ECDSA_P384, byteSize=1, frameSize=161, readLen=1,000,000)]" classname="com.amazonaws.encryptionsdk.CryptoOutputStreamTest$ParameterizedEncryptDecryptTest" time="0.002"/>
  <testcase name="encryptDecrypt[2118: encryptDecrypt(algorithm=ALG_AES_192_GCM_IV12_TAG16_HKDF_SHA384_ECDSA_P384, byteSize=160, frameSize=161, readLen=159)]" classname="com.amazonaws.encryptionsdk.CryptoOutputStreamTest$ParameterizedEncryptDecryptTest" time="0.002"/>
  <testcase name="encryptDecrypt[2119: encryptDecrypt(algorithm=ALG_AES_192_GCM_IV12_TAG16_HKDF_SHA384_ECDSA_P384, byteSize=160, frameSize=161, readLen=160)]" classname="com.amazonaws.encryptionsdk.CryptoOutputStreamTest$ParameterizedEncryptDecryptTest" time="0.001"/>
  <testcase name="encryptDecrypt[2120: encryptDecrypt(algorithm=ALG_AES_192_GCM_IV12_TAG16_HKDF_SHA384_ECDSA_P384, byteSize=160, frameSize=161, readLen=161)]" classname="com.amazonaws.encryptionsdk.CryptoOutputStreamTest$ParameterizedEncryptDecryptTest" time="0.002"/>
  <testcase name="encryptDecrypt[2121: encryptDecrypt(algorithm=ALG_AES_192_GCM_IV12_TAG16_HKDF_SHA384_ECDSA_P384, byteSize=160, frameSize=161, readLen=320)]" classname="com.amazonaws.encryptionsdk.CryptoOutputStreamTest$ParameterizedEncryptDecryptTest" time="0.002"/>
  <testcase name="encryptDecrypt[2122: encryptDecrypt(algorithm=ALG_AES_192_GCM_IV12_TAG16_HKDF_SHA384_ECDSA_P384, byteSize=160, frameSize=161, readLen=1,000,000)]" classname="com.amazonaws.encryptionsdk.CryptoOutputStreamTest$ParameterizedEncryptDecryptTest" time="0.003"/>
  <testcase name="encryptDecrypt[2123: encryptDecrypt(algorithm=ALG_AES_192_GCM_IV12_TAG16_HKDF_SHA384_ECDSA_P384, byteSize=161, frameSize=161, readLen=160)]" classname="com.amazonaws.encryptionsdk.CryptoOutputStreamTest$ParameterizedEncryptDecryptTest" time="0.002"/>
  <testcase name="encryptDecrypt[2124: encryptDecrypt(algorithm=ALG_AES_192_GCM_IV12_TAG16_HKDF_SHA384_ECDSA_P384, byteSize=161, frameSize=161, readLen=161)]" classname="com.amazonaws.encryptionsdk.CryptoOutputStreamTest$ParameterizedEncryptDecryptTest" time="0.002"/>
  <testcase name="encryptDecrypt[2125: encryptDecrypt(algorithm=ALG_AES_192_GCM_IV12_TAG16_HKDF_SHA384_ECDSA_P384, byteSize=161, frameSize=161, readLen=162)]" classname="com.amazonaws.encryptionsdk.CryptoOutputStreamTest$ParameterizedEncryptDecryptTest" time="0.003"/>
  <testcase name="encryptDecrypt[2126: encryptDecrypt(algorithm=ALG_AES_192_GCM_IV12_TAG16_HKDF_SHA384_ECDSA_P384, byteSize=161, frameSize=161, readLen=322)]" classname="com.amazonaws.encryptionsdk.CryptoOutputStreamTest$ParameterizedEncryptDecryptTest" time="0.002"/>
  <testcase name="encryptDecrypt[2127: encryptDecrypt(algorithm=ALG_AES_192_GCM_IV12_TAG16_HKDF_SHA384_ECDSA_P384, byteSize=161, frameSize=161, readLen=1,000,000)]" classname="com.amazonaws.encryptionsdk.CryptoOutputStreamTest$ParameterizedEncryptDecryptTest" time="0.003"/>
  <testcase name="encryptDecrypt[2128: encryptDecrypt(algorithm=ALG_AES_192_GCM_IV12_TAG16_HKDF_SHA384_ECDSA_P384, byteSize=162, frameSize=161, readLen=161)]" classname="com.amazonaws.encryptionsdk.CryptoOutputStreamTest$ParameterizedEncryptDecryptTest" time="0.002"/>
  <testcase name="encryptDecrypt[2129: encryptDecrypt(algorithm=ALG_AES_192_GCM_IV12_TAG16_HKDF_SHA384_ECDSA_P384, byteSize=162, frameSize=161, readLen=162)]" classname="com.amazonaws.encryptionsdk.CryptoOutputStreamTest$ParameterizedEncryptDecryptTest" time="0.002"/>
  <testcase name="encryptDecrypt[2130: encryptDecrypt(algorithm=ALG_AES_192_GCM_IV12_TAG16_HKDF_SHA384_ECDSA_P384, byteSize=162, frameSize=161, readLen=163)]" classname="com.amazonaws.encryptionsdk.CryptoOutputStreamTest$ParameterizedEncryptDecryptTest" time="0.002"/>
  <testcase name="encryptDecrypt[2131: encryptDecrypt(algorithm=ALG_AES_192_GCM_IV12_TAG16_HKDF_SHA384_ECDSA_P384, byteSize=162, frameSize=161, readLen=324)]" classname="com.amazonaws.encryptionsdk.CryptoOutputStreamTest$ParameterizedEncryptDecryptTest" time="0.002"/>
  <testcase name="encryptDecrypt[2132: encryptDecrypt(algorithm=ALG_AES_192_GCM_IV12_TAG16_HKDF_SHA384_ECDSA_P384, byteSize=162, frameSize=161, readLen=1,000,000)]" classname="com.amazonaws.encryptionsdk.CryptoOutputStreamTest$ParameterizedEncryptDecryptTest" time="0.003"/>
  <testcase name="encryptDecrypt[2133: encryptDecrypt(algorithm=ALG_AES_192_GCM_IV12_TAG16_HKDF_SHA384_ECDSA_P384, byteSize=241, frameSize=161, readLen=240)]" classname="com.amazonaws.encryptionsdk.CryptoOutputStreamTest$ParameterizedEncryptDecryptTest" time="0.002"/>
  <testcase name="encryptDecrypt[2134: encryptDecrypt(algorithm=ALG_AES_192_GCM_IV12_TAG16_HKDF_SHA384_ECDSA_P384, byteSize=241, frameSize=161, readLen=241)]" classname="com.amazonaws.encryptionsdk.CryptoOutputStreamTest$ParameterizedEncryptDecryptTest" time="0.003"/>
  <testcase name="encryptDecrypt[2135: encryptDecrypt(algorithm=ALG_AES_192_GCM_IV12_TAG16_HKDF_SHA384_ECDSA_P384, byteSize=241, frameSize=161, readLen=242)]" classname="com.amazonaws.encryptionsdk.CryptoOutputStreamTest$ParameterizedEncryptDecryptTest" time="0.002"/>
  <testcase name="encryptDecrypt[2136: encryptDecrypt(algorithm=ALG_AES_192_GCM_IV12_TAG16_HKDF_SHA384_ECDSA_P384, byteSize=241, frameSize=161, readLen=482)]" classname="com.amazonaws.encryptionsdk.CryptoOutputStreamTest$ParameterizedEncryptDecryptTest" time="0.003"/>
  <testcase name="encryptDecrypt[2137: encryptDecrypt(algorithm=ALG_AES_192_GCM_IV12_TAG16_HKDF_SHA384_ECDSA_P384, byteSize=241, frameSize=161, readLen=1,000,000)]" classname="com.amazonaws.encryptionsdk.CryptoOutputStreamTest$ParameterizedEncryptDecryptTest" time="0.002"/>
  <testcase name="encryptDecrypt[2138: encryptDecrypt(algorithm=ALG_AES_192_GCM_IV12_TAG16_HKDF_SHA384_ECDSA_P384, byteSize=322, frameSize=161, readLen=321)]" classname="com.amazonaws.encryptionsdk.CryptoOutputStreamTest$ParameterizedEncryptDecryptTest" time="0.003"/>
  <testcase name="encryptDecrypt[2139: encryptDecrypt(algorithm=ALG_AES_192_GCM_IV12_TAG16_HKDF_SHA384_ECDSA_P384, byteSize=322, frameSize=161, readLen=322)]" classname="com.amazonaws.encryptionsdk.CryptoOutputStreamTest$ParameterizedEncryptDecryptTest" time="0.002"/>
  <testcase name="encryptDecrypt[2140: encryptDecrypt(algorithm=ALG_AES_192_GCM_IV12_TAG16_HKDF_SHA384_ECDSA_P384, byteSize=322, frameSize=161, readLen=323)]" classname="com.amazonaws.encryptionsdk.CryptoOutputStreamTest$ParameterizedEncryptDecryptTest" time="0.003"/>
  <testcase name="encryptDecrypt[2141: encryptDecrypt(algorithm=ALG_AES_192_GCM_IV12_TAG16_HKDF_SHA384_ECDSA_P384, byteSize=322, frameSize=161, readLen=644)]" classname="com.amazonaws.encryptionsdk.CryptoOutputStreamTest$ParameterizedEncryptDecryptTest" time="0.002"/>
  <testcase name="encryptDecrypt[2142: encryptDecrypt(algorithm=ALG_AES_192_GCM_IV12_TAG16_HKDF_SHA384_ECDSA_P384, byteSize=322, frameSize=161, readLen=1,000,000)]" classname="com.amazonaws.encryptionsdk.CryptoOutputStreamTest$ParameterizedEncryptDecryptTest" time="0.003"/>
  <testcase name="encryptDecrypt[2143: encryptDecrypt(algorithm=ALG_AES_192_GCM_IV12_TAG16_HKDF_SHA384_ECDSA_P384, byteSize=1,000,000, frameSize=161, readLen=999,999)]" classname="com.amazonaws.encryptionsdk.CryptoOutputStreamTest$ParameterizedEncryptDecryptTest" time="0.027"/>
  <testcase name="encryptDecrypt[2144: encryptDecrypt(algorithm=ALG_AES_192_GCM_IV12_TAG16_HKDF_SHA384_ECDSA_P384, byteSize=1,000,000, frameSize=161, readLen=1,000,000)]" classname="com.amazonaws.encryptionsdk.CryptoOutputStreamTest$ParameterizedEncryptDecryptTest" time="0.026"/>
  <testcase name="encryptDecrypt[2145: encryptDecrypt(algorithm=ALG_AES_192_GCM_IV12_TAG16_HKDF_SHA384_ECDSA_P384, byteSize=1,000,000, frameSize=161, readLen=1,000,001)]" classname="com.amazonaws.encryptionsdk.CryptoOutputStreamTest$ParameterizedEncryptDecryptTest" time="0.027"/>
  <testcase name="encryptDecrypt[2146: encryptDecrypt(algorithm=ALG_AES_192_GCM_IV12_TAG16_HKDF_SHA384_ECDSA_P384, byteSize=1,000,000, frameSize=161, readLen=2,000,000)]" classname="com.amazonaws.encryptionsdk.CryptoOutputStreamTest$ParameterizedEncryptDecryptTest" time="0.026"/>
  <testcase name="encryptDecrypt[2147: encryptDecrypt(algorithm=ALG_AES_192_GCM_IV12_TAG16_HKDF_SHA384_ECDSA_P384, byteSize=1,000,000, frameSize=161, readLen=1,000,000)]" classname="com.amazonaws.encryptionsdk.CryptoOutputStreamTest$ParameterizedEncryptDecryptTest" time="0.027"/>
  <testcase name="encryptDecrypt[2148: encryptDecrypt(algorithm=ALG_AES_192_GCM_IV12_TAG16_HKDF_SHA384_ECDSA_P384, byteSize=0, frameSize=4,096, readLen=1)]" classname="com.amazonaws.encryptionsdk.CryptoOutputStreamTest$ParameterizedEncryptDecryptTest" time="0.003"/>
  <testcase name="encryptDecrypt[2149: encryptDecrypt(algorithm=ALG_AES_192_GCM_IV12_TAG16_HKDF_SHA384_ECDSA_P384, byteSize=0, frameSize=4,096, readLen=1,000,000)]" classname="com.amazonaws.encryptionsdk.CryptoOutputStreamTest$ParameterizedEncryptDecryptTest" time="0.002"/>
  <testcase name="encryptDecrypt[2150: encryptDecrypt(algorithm=ALG_AES_192_GCM_IV12_TAG16_HKDF_SHA384_ECDSA_P384, byteSize=1, frameSize=4,096, readLen=1)]" classname="com.amazonaws.encryptionsdk.CryptoOutputStreamTest$ParameterizedEncryptDecryptTest" time="0.003"/>
  <testcase name="encryptDecrypt[2151: encryptDecrypt(algorithm=ALG_AES_192_GCM_IV12_TAG16_HKDF_SHA384_ECDSA_P384, byteSize=1, frameSize=4,096, readLen=2)]" classname="com.amazonaws.encryptionsdk.CryptoOutputStreamTest$ParameterizedEncryptDecryptTest" time="0.002"/>
  <testcase name="encryptDecrypt[2152: encryptDecrypt(algorithm=ALG_AES_192_GCM_IV12_TAG16_HKDF_SHA384_ECDSA_P384, byteSize=1, frameSize=4,096, readLen=2)]" classname="com.amazonaws.encryptionsdk.CryptoOutputStreamTest$ParameterizedEncryptDecryptTest" time="0.003"/>
  <testcase name="encryptDecrypt[2153: encryptDecrypt(algorithm=ALG_AES_192_GCM_IV12_TAG16_HKDF_SHA384_ECDSA_P384, byteSize=1, frameSize=4,096, readLen=1,000,000)]" classname="com.amazonaws.encryptionsdk.CryptoOutputStreamTest$ParameterizedEncryptDecryptTest" time="0.002"/>
  <testcase name="encryptDecrypt[2154: encryptDecrypt(algorithm=ALG_AES_192_GCM_IV12_TAG16_HKDF_SHA384_ECDSA_P384, byteSize=4,095, frameSize=4,096, readLen=4,094)]" classname="com.amazonaws.encryptionsdk.CryptoOutputStreamTest$ParameterizedEncryptDecryptTest" time="0.003"/>
  <testcase name="encryptDecrypt[2155: encryptDecrypt(algorithm=ALG_AES_192_GCM_IV12_TAG16_HKDF_SHA384_ECDSA_P384, byteSize=4,095, frameSize=4,096, readLen=4,095)]" classname="com.amazonaws.encryptionsdk.CryptoOutputStreamTest$ParameterizedEncryptDecryptTest" time="0.002"/>
  <testcase name="encryptDecrypt[2156: encryptDecrypt(algorithm=ALG_AES_192_GCM_IV12_TAG16_HKDF_SHA384_ECDSA_P384, byteSize=4,095, frameSize=4,096, readLen=4,096)]" classname="com.amazonaws.encryptionsdk.CryptoOutputStreamTest$ParameterizedEncryptDecryptTest" time="0.002"/>
  <testcase name="encryptDecrypt[2157: encryptDecrypt(algorithm=ALG_AES_192_GCM_IV12_TAG16_HKDF_SHA384_ECDSA_P384, byteSize=4,095, frameSize=4,096, readLen=8,190)]" classname="com.amazonaws.encryptionsdk.CryptoOutputStreamTest$ParameterizedEncryptDecryptTest" time="0.003"/>
  <testcase name="encryptDecrypt[2158: encryptDecrypt(algorithm=ALG_AES_192_GCM_IV12_TAG16_HKDF_SHA384_ECDSA_P384, byteSize=4,095, frameSize=4,096, readLen=1,000,000)]" classname="com.amazonaws.encryptionsdk.CryptoOutputStreamTest$ParameterizedEncryptDecryptTest" time="0.002"/>
  <testcase name="encryptDecrypt[2159: encryptDecrypt(algorithm=ALG_AES_192_GCM_IV12_TAG16_HKDF_SHA384_ECDSA_P384, byteSize=4,096, frameSize=4,096, readLen=4,095)]" classname="com.amazonaws.encryptionsdk.CryptoOutputStreamTest$ParameterizedEncryptDecryptTest" time="0.003"/>
  <testcase name="encryptDecrypt[2160: encryptDecrypt(algorithm=ALG_AES_192_GCM_IV12_TAG16_HKDF_SHA384_ECDSA_P384, byteSize=4,096, frameSize=4,096, readLen=4,096)]" classname="com.amazonaws.encryptionsdk.CryptoOutputStreamTest$ParameterizedEncryptDecryptTest" time="0.002"/>
  <testcase name="encryptDecrypt[2161: encryptDecrypt(algorithm=ALG_AES_192_GCM_IV12_TAG16_HKDF_SHA384_ECDSA_P384, byteSize=4,096, frameSize=4,096, readLen=4,097)]" classname="com.amazonaws.encryptionsdk.CryptoOutputStreamTest$ParameterizedEncryptDecryptTest" time="0.003"/>
  <testcase name="encryptDecrypt[2162: encryptDecrypt(algorithm=ALG_AES_192_GCM_IV12_TAG16_HKDF_SHA384_ECDSA_P384, byteSize=4,096, frameSize=4,096, readLen=8,192)]" classname="com.amazonaws.encryptionsdk.CryptoOutputStreamTest$ParameterizedEncryptDecryptTest" time="0.002"/>
  <testcase name="encryptDecrypt[2163: encryptDecrypt(algorithm=ALG_AES_192_GCM_IV12_TAG16_HKDF_SHA384_ECDSA_P384, byteSize=4,096, frameSize=4,096, readLen=1,000,000)]" classname="com.amazonaws.encryptionsdk.CryptoOutputStreamTest$ParameterizedEncryptDecryptTest" time="0.003"/>
  <testcase name="encryptDecrypt[2164: encryptDecrypt(algorithm=ALG_AES_192_GCM_IV12_TAG16_HKDF_SHA384_ECDSA_P384, byteSize=4,097, frameSize=4,096, readLen=4,096)]" classname="com.amazonaws.encryptionsdk.CryptoOutputStreamTest$ParameterizedEncryptDecryptTest" time="0.002"/>
  <testcase name="encryptDecrypt[2165: encryptDecrypt(algorithm=ALG_AES_192_GCM_IV12_TAG16_HKDF_SHA384_ECDSA_P384, byteSize=4,097, frameSize=4,096, readLen=4,097)]" classname="com.amazonaws.encryptionsdk.CryptoOutputStreamTest$ParameterizedEncryptDecryptTest" time="0.003"/>
  <testcase name="encryptDecrypt[2166: encryptDecrypt(algorithm=ALG_AES_192_GCM_IV12_TAG16_HKDF_SHA384_ECDSA_P384, byteSize=4,097, frameSize=4,096, readLen=4,098)]" classname="com.amazonaws.encryptionsdk.CryptoOutputStreamTest$ParameterizedEncryptDecryptTest" time="0.002"/>
  <testcase name="encryptDecrypt[2167: encryptDecrypt(algorithm=ALG_AES_192_GCM_IV12_TAG16_HKDF_SHA384_ECDSA_P384, byteSize=4,097, frameSize=4,096, readLen=8,194)]" classname="com.amazonaws.encryptionsdk.CryptoOutputStreamTest$ParameterizedEncryptDecryptTest" time="0.003"/>
  <testcase name="encryptDecrypt[2168: encryptDecrypt(algorithm=ALG_AES_192_GCM_IV12_TAG16_HKDF_SHA384_ECDSA_P384, byteSize=4,097, frameSize=4,096, readLen=1,000,000)]" classname="com.amazonaws.encryptionsdk.CryptoOutputStreamTest$ParameterizedEncryptDecryptTest" time="0.002"/>
  <testcase name="encryptDecrypt[2169: encryptDecrypt(algorithm=ALG_AES_192_GCM_IV12_TAG16_HKDF_SHA384_ECDSA_P384, byteSize=6,144, frameSize=4,096, readLen=6,143)]" classname="com.amazonaws.encryptionsdk.CryptoOutputStreamTest$ParameterizedEncryptDecryptTest" time="0.003"/>
  <testcase name="encryptDecrypt[2170: encryptDecrypt(algorithm=ALG_AES_192_GCM_IV12_TAG16_HKDF_SHA384_ECDSA_P384, byteSize=6,144, frameSize=4,096, readLen=6,144)]" classname="com.amazonaws.encryptionsdk.CryptoOutputStreamTest$ParameterizedEncryptDecryptTest" time="0.002"/>
  <testcase name="encryptDecrypt[2171: encryptDecrypt(algorithm=ALG_AES_192_GCM_IV12_TAG16_HKDF_SHA384_ECDSA_P384, byteSize=6,144, frameSize=4,096, readLen=6,145)]" classname="com.amazonaws.encryptionsdk.CryptoOutputStreamTest$ParameterizedEncryptDecryptTest" time="0.003"/>
  <testcase name="encryptDecrypt[2172: encryptDecrypt(algorithm=ALG_AES_192_GCM_IV12_TAG16_HKDF_SHA384_ECDSA_P384, byteSize=6,144, frameSize=4,096, readLen=12,288)]" classname="com.amazonaws.encryptionsdk.CryptoOutputStreamTest$ParameterizedEncryptDecryptTest" time="0.002"/>
  <testcase name="encryptDecrypt[2173: encryptDecrypt(algorithm=ALG_AES_192_GCM_IV12_TAG16_HKDF_SHA384_ECDSA_P384, byteSize=6,144, frameSize=4,096, readLen=1,000,000)]" classname="com.amazonaws.encryptionsdk.CryptoOutputStreamTest$ParameterizedEncryptDecryptTest" time="0.003"/>
  <testcase name="encryptDecrypt[2174: encryptDecrypt(algorithm=ALG_AES_192_GCM_IV12_TAG16_HKDF_SHA384_ECDSA_P384, byteSize=8,192, frameSize=4,096, readLen=8,191)]" classname="com.amazonaws.encryptionsdk.CryptoOutputStreamTest$ParameterizedEncryptDecryptTest" time="0.002"/>
  <testcase name="encryptDecrypt[2175: encryptDecrypt(algorithm=ALG_AES_192_GCM_IV12_TAG16_HKDF_SHA384_ECDSA_P384, byteSize=8,192, frameSize=4,096, readLen=8,192)]" classname="com.amazonaws.encryptionsdk.CryptoOutputStreamTest$ParameterizedEncryptDecryptTest" time="0.003"/>
  <testcase name="encryptDecrypt[2176: encryptDecrypt(algorithm=ALG_AES_192_GCM_IV12_TAG16_HKDF_SHA384_ECDSA_P384, byteSize=8,192, frameSize=4,096, readLen=8,193)]" classname="com.amazonaws.encryptionsdk.CryptoOutputStreamTest$ParameterizedEncryptDecryptTest" time="0.002"/>
  <testcase name="encryptDecrypt[2177: encryptDecrypt(algorithm=ALG_AES_192_GCM_IV12_TAG16_HKDF_SHA384_ECDSA_P384, byteSize=8,192, frameSize=4,096, readLen=16,384)]" classname="com.amazonaws.encryptionsdk.CryptoOutputStreamTest$ParameterizedEncryptDecryptTest" time="0.003"/>
  <testcase name="encryptDecrypt[2178: encryptDecrypt(algorithm=ALG_AES_192_GCM_IV12_TAG16_HKDF_SHA384_ECDSA_P384, byteSize=8,192, frameSize=4,096, readLen=1,000,000)]" classname="com.amazonaws.encryptionsdk.CryptoOutputStreamTest$ParameterizedEncryptDecryptTest" time="0.002"/>
  <testcase name="encryptDecrypt[2179: encryptDecrypt(algorithm=ALG_AES_192_GCM_IV12_TAG16_HKDF_SHA384_ECDSA_P384, byteSize=1,000,000, frameSize=4,096, readLen=999,999)]" classname="com.amazonaws.encryptionsdk.CryptoOutputStreamTest$ParameterizedEncryptDecryptTest" time="0.019"/>
  <testcase name="encryptDecrypt[2180: encryptDecrypt(algorithm=ALG_AES_192_GCM_IV12_TAG16_HKDF_SHA384_ECDSA_P384, byteSize=1,000,000, frameSize=4,096, readLen=1,000,000)]" classname="com.amazonaws.encryptionsdk.CryptoOutputStreamTest$ParameterizedEncryptDecryptTest" time="0.019"/>
  <testcase name="encryptDecrypt[2181: encryptDecrypt(algorithm=ALG_AES_192_GCM_IV12_TAG16_HKDF_SHA384_ECDSA_P384, byteSize=1,000,000, frameSize=4,096, readLen=1,000,001)]" classname="com.amazonaws.encryptionsdk.CryptoOutputStreamTest$ParameterizedEncryptDecryptTest" time="0.019"/>
  <testcase name="encryptDecrypt[2182: encryptDecrypt(algorithm=ALG_AES_192_GCM_IV12_TAG16_HKDF_SHA384_ECDSA_P384, byteSize=1,000,000, frameSize=4,096, readLen=2,000,000)]" classname="com.amazonaws.encryptionsdk.CryptoOutputStreamTest$ParameterizedEncryptDecryptTest" time="0.018"/>
  <testcase name="encryptDecrypt[2183: encryptDecrypt(algorithm=ALG_AES_192_GCM_IV12_TAG16_HKDF_SHA384_ECDSA_P384, byteSize=1,000,000, frameSize=4,096, readLen=1,000,000)]" classname="com.amazonaws.encryptionsdk.CryptoOutputStreamTest$ParameterizedEncryptDecryptTest" time="0.019"/>
  <testcase name="encryptDecrypt[2184: encryptDecrypt(algorithm=ALG_AES_256_GCM_IV12_TAG16_HKDF_SHA384_ECDSA_P384, byteSize=0, frameSize=0, readLen=1)]" classname="com.amazonaws.encryptionsdk.CryptoOutputStreamTest$ParameterizedEncryptDecryptTest" time="0.003"/>
  <testcase name="encryptDecrypt[2185: encryptDecrypt(algorithm=ALG_AES_256_GCM_IV12_TAG16_HKDF_SHA384_ECDSA_P384, byteSize=0, frameSize=0, readLen=1,000,000)]" classname="com.amazonaws.encryptionsdk.CryptoOutputStreamTest$ParameterizedEncryptDecryptTest" time="0.002"/>
  <testcase name="encryptDecrypt[2186: encryptDecrypt(algorithm=ALG_AES_256_GCM_IV12_TAG16_HKDF_SHA384_ECDSA_P384, byteSize=1, frameSize=0, readLen=1)]" classname="com.amazonaws.encryptionsdk.CryptoOutputStreamTest$ParameterizedEncryptDecryptTest" time="0.003"/>
  <testcase name="encryptDecrypt[2187: encryptDecrypt(algorithm=ALG_AES_256_GCM_IV12_TAG16_HKDF_SHA384_ECDSA_P384, byteSize=1, frameSize=0, readLen=2)]" classname="com.amazonaws.encryptionsdk.CryptoOutputStreamTest$ParameterizedEncryptDecryptTest" time="0.002"/>
  <testcase name="encryptDecrypt[2188: encryptDecrypt(algorithm=ALG_AES_256_GCM_IV12_TAG16_HKDF_SHA384_ECDSA_P384, byteSize=1, frameSize=0, readLen=2)]" classname="com.amazonaws.encryptionsdk.CryptoOutputStreamTest$ParameterizedEncryptDecryptTest" time="0.003"/>
  <testcase name="encryptDecrypt[2189: encryptDecrypt(algorithm=ALG_AES_256_GCM_IV12_TAG16_HKDF_SHA384_ECDSA_P384, byteSize=1, frameSize=0, readLen=1,000,000)]" classname="com.amazonaws.encryptionsdk.CryptoOutputStreamTest$ParameterizedEncryptDecryptTest" time="0.002"/>
  <testcase name="encryptDecrypt[2190: encryptDecrypt(algorithm=ALG_AES_256_GCM_IV12_TAG16_HKDF_SHA384_ECDSA_P384, byteSize=0, frameSize=0, readLen=1)]" classname="com.amazonaws.encryptionsdk.CryptoOutputStreamTest$ParameterizedEncryptDecryptTest" time="0.003"/>
  <testcase name="encryptDecrypt[2191: encryptDecrypt(algorithm=ALG_AES_256_GCM_IV12_TAG16_HKDF_SHA384_ECDSA_P384, byteSize=0, frameSize=0, readLen=1,000,000)]" classname="com.amazonaws.encryptionsdk.CryptoOutputStreamTest$ParameterizedEncryptDecryptTest" time="0.003"/>
  <testcase name="encryptDecrypt[2192: encryptDecrypt(algorithm=ALG_AES_256_GCM_IV12_TAG16_HKDF_SHA384_ECDSA_P384, byteSize=1, frameSize=0, readLen=1)]" classname="com.amazonaws.encryptionsdk.CryptoOutputStreamTest$ParameterizedEncryptDecryptTest" time="0.002"/>
  <testcase name="encryptDecrypt[2193: encryptDecrypt(algorithm=ALG_AES_256_GCM_IV12_TAG16_HKDF_SHA384_ECDSA_P384, byteSize=1, frameSize=0, readLen=2)]" classname="com.amazonaws.encryptionsdk.CryptoOutputStreamTest$ParameterizedEncryptDecryptTest" time="0.002"/>
  <testcase name="encryptDecrypt[2194: encryptDecrypt(algorithm=ALG_AES_256_GCM_IV12_TAG16_HKDF_SHA384_ECDSA_P384, byteSize=1, frameSize=0, readLen=2)]" classname="com.amazonaws.encryptionsdk.CryptoOutputStreamTest$ParameterizedEncryptDecryptTest" time="0.002"/>
  <testcase name="encryptDecrypt[2195: encryptDecrypt(algorithm=ALG_AES_256_GCM_IV12_TAG16_HKDF_SHA384_ECDSA_P384, byteSize=1, frameSize=0, readLen=1,000,000)]" classname="com.amazonaws.encryptionsdk.CryptoOutputStreamTest$ParameterizedEncryptDecryptTest" time="0.003"/>
  <testcase name="encryptDecrypt[2196: encryptDecrypt(algorithm=ALG_AES_256_GCM_IV12_TAG16_HKDF_SHA384_ECDSA_P384, byteSize=0, frameSize=0, readLen=1)]" classname="com.amazonaws.encryptionsdk.CryptoOutputStreamTest$ParameterizedEncryptDecryptTest" time="0.002"/>
  <testcase name="encryptDecrypt[2197: encryptDecrypt(algorithm=ALG_AES_256_GCM_IV12_TAG16_HKDF_SHA384_ECDSA_P384, byteSize=0, frameSize=0, readLen=1,000,000)]" classname="com.amazonaws.encryptionsdk.CryptoOutputStreamTest$ParameterizedEncryptDecryptTest" time="0.002"/>
  <testcase name="encryptDecrypt[2198: encryptDecrypt(algorithm=ALG_AES_256_GCM_IV12_TAG16_HKDF_SHA384_ECDSA_P384, byteSize=0, frameSize=0, readLen=1)]" classname="com.amazonaws.encryptionsdk.CryptoOutputStreamTest$ParameterizedEncryptDecryptTest" time="0.003"/>
  <testcase name="encryptDecrypt[2199: encryptDecrypt(algorithm=ALG_AES_256_GCM_IV12_TAG16_HKDF_SHA384_ECDSA_P384, byteSize=0, frameSize=0, readLen=1,000,000)]" classname="com.amazonaws.encryptionsdk.CryptoOutputStreamTest$ParameterizedEncryptDecryptTest" time="0.002"/>
  <testcase name="encryptDecrypt[2200: encryptDecrypt(algorithm=ALG_AES_256_GCM_IV12_TAG16_HKDF_SHA384_ECDSA_P384, byteSize=1,000,000, frameSize=0, readLen=999,999)]" classname="com.amazonaws.encryptionsdk.CryptoOutputStreamTest$ParameterizedEncryptDecryptTest" time="0.019"/>
  <testcase name="encryptDecrypt[2201: encryptDecrypt(algorithm=ALG_AES_256_GCM_IV12_TAG16_HKDF_SHA384_ECDSA_P384, byteSize=1,000,000, frameSize=0, readLen=1,000,000)]" classname="com.amazonaws.encryptionsdk.CryptoOutputStreamTest$ParameterizedEncryptDecryptTest" time="0.02"/>
  <testcase name="encryptDecrypt[2202: encryptDecrypt(algorithm=ALG_AES_256_GCM_IV12_TAG16_HKDF_SHA384_ECDSA_P384, byteSize=1,000,000, frameSize=0, readLen=1,000,001)]" classname="com.amazonaws.encryptionsdk.CryptoOutputStreamTest$ParameterizedEncryptDecryptTest" time="0.018"/>
  <testcase name="encryptDecrypt[2203: encryptDecrypt(algorithm=ALG_AES_256_GCM_IV12_TAG16_HKDF_SHA384_ECDSA_P384, byteSize=1,000,000, frameSize=0, readLen=2,000,000)]" classname="com.amazonaws.encryptionsdk.CryptoOutputStreamTest$ParameterizedEncryptDecryptTest" time="0.019"/>
  <testcase name="encryptDecrypt[2204: encryptDecrypt(algorithm=ALG_AES_256_GCM_IV12_TAG16_HKDF_SHA384_ECDSA_P384, byteSize=1,000,000, frameSize=0, readLen=1,000,000)]" classname="com.amazonaws.encryptionsdk.CryptoOutputStreamTest$ParameterizedEncryptDecryptTest" time="0.019"/>
  <testcase name="encryptDecrypt[2205: encryptDecrypt(algorithm=ALG_AES_256_GCM_IV12_TAG16_HKDF_SHA384_ECDSA_P384, byteSize=0, frameSize=15, readLen=1)]" classname="com.amazonaws.encryptionsdk.CryptoOutputStreamTest$ParameterizedEncryptDecryptTest" time="0.003"/>
  <testcase name="encryptDecrypt[2206: encryptDecrypt(algorithm=ALG_AES_256_GCM_IV12_TAG16_HKDF_SHA384_ECDSA_P384, byteSize=0, frameSize=15, readLen=1,000,000)]" classname="com.amazonaws.encryptionsdk.CryptoOutputStreamTest$ParameterizedEncryptDecryptTest" time="0.002"/>
  <testcase name="encryptDecrypt[2207: encryptDecrypt(algorithm=ALG_AES_256_GCM_IV12_TAG16_HKDF_SHA384_ECDSA_P384, byteSize=1, frameSize=15, readLen=1)]" classname="com.amazonaws.encryptionsdk.CryptoOutputStreamTest$ParameterizedEncryptDecryptTest" time="0.003"/>
  <testcase name="encryptDecrypt[2208: encryptDecrypt(algorithm=ALG_AES_256_GCM_IV12_TAG16_HKDF_SHA384_ECDSA_P384, byteSize=1, frameSize=15, readLen=2)]" classname="com.amazonaws.encryptionsdk.CryptoOutputStreamTest$ParameterizedEncryptDecryptTest" time="0.003"/>
  <testcase name="encryptDecrypt[2209: encryptDecrypt(algorithm=ALG_AES_256_GCM_IV12_TAG16_HKDF_SHA384_ECDSA_P384, byteSize=1, frameSize=15, readLen=2)]" classname="com.amazonaws.encryptionsdk.CryptoOutputStreamTest$ParameterizedEncryptDecryptTest" time="0.002"/>
  <testcase name="encryptDecrypt[2210: encryptDecrypt(algorithm=ALG_AES_256_GCM_IV12_TAG16_HKDF_SHA384_ECDSA_P384, byteSize=1, frameSize=15, readLen=1,000,000)]" classname="com.amazonaws.encryptionsdk.CryptoOutputStreamTest$ParameterizedEncryptDecryptTest" time="0.002"/>
  <testcase name="encryptDecrypt[2211: encryptDecrypt(algorithm=ALG_AES_256_GCM_IV12_TAG16_HKDF_SHA384_ECDSA_P384, byteSize=14, frameSize=15, readLen=13)]" classname="com.amazonaws.encryptionsdk.CryptoOutputStreamTest$ParameterizedEncryptDecryptTest" time="0.002"/>
  <testcase name="encryptDecrypt[2212: encryptDecrypt(algorithm=ALG_AES_256_GCM_IV12_TAG16_HKDF_SHA384_ECDSA_P384, byteSize=14, frameSize=15, readLen=14)]" classname="com.amazonaws.encryptionsdk.CryptoOutputStreamTest$ParameterizedEncryptDecryptTest" time="0.002"/>
  <testcase name="encryptDecrypt[2213: encryptDecrypt(algorithm=ALG_AES_256_GCM_IV12_TAG16_HKDF_SHA384_ECDSA_P384, byteSize=14, frameSize=15, readLen=15)]" classname="com.amazonaws.encryptionsdk.CryptoOutputStreamTest$ParameterizedEncryptDecryptTest" time="0.001"/>
  <testcase name="encryptDecrypt[2214: encryptDecrypt(algorithm=ALG_AES_256_GCM_IV12_TAG16_HKDF_SHA384_ECDSA_P384, byteSize=14, frameSize=15, readLen=28)]" classname="com.amazonaws.encryptionsdk.CryptoOutputStreamTest$ParameterizedEncryptDecryptTest" time="0.002"/>
  <testcase name="encryptDecrypt[2215: encryptDecrypt(algorithm=ALG_AES_256_GCM_IV12_TAG16_HKDF_SHA384_ECDSA_P384, byteSize=14, frameSize=15, readLen=1,000,000)]" classname="com.amazonaws.encryptionsdk.CryptoOutputStreamTest$ParameterizedEncryptDecryptTest" time="0.002"/>
  <testcase name="encryptDecrypt[2216: encryptDecrypt(algorithm=ALG_AES_256_GCM_IV12_TAG16_HKDF_SHA384_ECDSA_P384, byteSize=15, frameSize=15, readLen=14)]" classname="com.amazonaws.encryptionsdk.CryptoOutputStreamTest$ParameterizedEncryptDecryptTest" time="0.001"/>
  <testcase name="encryptDecrypt[2217: encryptDecrypt(algorithm=ALG_AES_256_GCM_IV12_TAG16_HKDF_SHA384_ECDSA_P384, byteSize=15, frameSize=15, readLen=15)]" classname="com.amazonaws.encryptionsdk.CryptoOutputStreamTest$ParameterizedEncryptDecryptTest" time="0.002"/>
  <testcase name="encryptDecrypt[2218: encryptDecrypt(algorithm=ALG_AES_256_GCM_IV12_TAG16_HKDF_SHA384_ECDSA_P384, byteSize=15, frameSize=15, readLen=16)]" classname="com.amazonaws.encryptionsdk.CryptoOutputStreamTest$ParameterizedEncryptDecryptTest" time="0.001"/>
  <testcase name="encryptDecrypt[2219: encryptDecrypt(algorithm=ALG_AES_256_GCM_IV12_TAG16_HKDF_SHA384_ECDSA_P384, byteSize=15, frameSize=15, readLen=30)]" classname="com.amazonaws.encryptionsdk.CryptoOutputStreamTest$ParameterizedEncryptDecryptTest" time="0.002"/>
  <testcase name="encryptDecrypt[2220: encryptDecrypt(algorithm=ALG_AES_256_GCM_IV12_TAG16_HKDF_SHA384_ECDSA_P384, byteSize=15, frameSize=15, readLen=1,000,000)]" classname="com.amazonaws.encryptionsdk.CryptoOutputStreamTest$ParameterizedEncryptDecryptTest" time="0.002"/>
  <testcase name="encryptDecrypt[2221: encryptDecrypt(algorithm=ALG_AES_256_GCM_IV12_TAG16_HKDF_SHA384_ECDSA_P384, byteSize=16, frameSize=15, readLen=15)]" classname="com.amazonaws.encryptionsdk.CryptoOutputStreamTest$ParameterizedEncryptDecryptTest" time="0.002"/>
  <testcase name="encryptDecrypt[2222: encryptDecrypt(algorithm=ALG_AES_256_GCM_IV12_TAG16_HKDF_SHA384_ECDSA_P384, byteSize=16, frameSize=15, readLen=16)]" classname="com.amazonaws.encryptionsdk.CryptoOutputStreamTest$ParameterizedEncryptDecryptTest" time="0.002"/>
  <testcase name="encryptDecrypt[2223: encryptDecrypt(algorithm=ALG_AES_256_GCM_IV12_TAG16_HKDF_SHA384_ECDSA_P384, byteSize=16, frameSize=15, readLen=17)]" classname="com.amazonaws.encryptionsdk.CryptoOutputStreamTest$ParameterizedEncryptDecryptTest" time="0.001"/>
  <testcase name="encryptDecrypt[2224: encryptDecrypt(algorithm=ALG_AES_256_GCM_IV12_TAG16_HKDF_SHA384_ECDSA_P384, byteSize=16, frameSize=15, readLen=32)]" classname="com.amazonaws.encryptionsdk.CryptoOutputStreamTest$ParameterizedEncryptDecryptTest" time="0.002"/>
  <testcase name="encryptDecrypt[2225: encryptDecrypt(algorithm=ALG_AES_256_GCM_IV12_TAG16_HKDF_SHA384_ECDSA_P384, byteSize=16, frameSize=15, readLen=1,000,000)]" classname="com.amazonaws.encryptionsdk.CryptoOutputStreamTest$ParameterizedEncryptDecryptTest" time="0.002"/>
  <testcase name="encryptDecrypt[2226: encryptDecrypt(algorithm=ALG_AES_256_GCM_IV12_TAG16_HKDF_SHA384_ECDSA_P384, byteSize=22, frameSize=15, readLen=21)]" classname="com.amazonaws.encryptionsdk.CryptoOutputStreamTest$ParameterizedEncryptDecryptTest" time="0.002"/>
  <testcase name="encryptDecrypt[2227: encryptDecrypt(algorithm=ALG_AES_256_GCM_IV12_TAG16_HKDF_SHA384_ECDSA_P384, byteSize=22, frameSize=15, readLen=22)]" classname="com.amazonaws.encryptionsdk.CryptoOutputStreamTest$ParameterizedEncryptDecryptTest" time="0.002"/>
  <testcase name="encryptDecrypt[2228: encryptDecrypt(algorithm=ALG_AES_256_GCM_IV12_TAG16_HKDF_SHA384_ECDSA_P384, byteSize=22, frameSize=15, readLen=23)]" classname="com.amazonaws.encryptionsdk.CryptoOutputStreamTest$ParameterizedEncryptDecryptTest" time="0.001"/>
  <testcase name="encryptDecrypt[2229: encryptDecrypt(algorithm=ALG_AES_256_GCM_IV12_TAG16_HKDF_SHA384_ECDSA_P384, byteSize=22, frameSize=15, readLen=44)]" classname="com.amazonaws.encryptionsdk.CryptoOutputStreamTest$ParameterizedEncryptDecryptTest" time="0.002"/>
  <testcase name="encryptDecrypt[2230: encryptDecrypt(algorithm=ALG_AES_256_GCM_IV12_TAG16_HKDF_SHA384_ECDSA_P384, byteSize=22, frameSize=15, readLen=1,000,000)]" classname="com.amazonaws.encryptionsdk.CryptoOutputStreamTest$ParameterizedEncryptDecryptTest" time="0.002"/>
  <testcase name="encryptDecrypt[2231: encryptDecrypt(algorithm=ALG_AES_256_GCM_IV12_TAG16_HKDF_SHA384_ECDSA_P384, byteSize=30, frameSize=15, readLen=29)]" classname="com.amazonaws.encryptionsdk.CryptoOutputStreamTest$ParameterizedEncryptDecryptTest" time="0.002"/>
  <testcase name="encryptDecrypt[2232: encryptDecrypt(algorithm=ALG_AES_256_GCM_IV12_TAG16_HKDF_SHA384_ECDSA_P384, byteSize=30, frameSize=15, readLen=30)]" classname="com.amazonaws.encryptionsdk.CryptoOutputStreamTest$ParameterizedEncryptDecryptTest" time="0.001"/>
  <testcase name="encryptDecrypt[2233: encryptDecrypt(algorithm=ALG_AES_256_GCM_IV12_TAG16_HKDF_SHA384_ECDSA_P384, byteSize=30, frameSize=15, readLen=31)]" classname="com.amazonaws.encryptionsdk.CryptoOutputStreamTest$ParameterizedEncryptDecryptTest" time="0.002"/>
  <testcase name="encryptDecrypt[2234: encryptDecrypt(algorithm=ALG_AES_256_GCM_IV12_TAG16_HKDF_SHA384_ECDSA_P384, byteSize=30, frameSize=15, readLen=60)]" classname="com.amazonaws.encryptionsdk.CryptoOutputStreamTest$ParameterizedEncryptDecryptTest" time="0.001"/>
  <testcase name="encryptDecrypt[2235: encryptDecrypt(algorithm=ALG_AES_256_GCM_IV12_TAG16_HKDF_SHA384_ECDSA_P384, byteSize=30, frameSize=15, readLen=1,000,000)]" classname="com.amazonaws.encryptionsdk.CryptoOutputStreamTest$ParameterizedEncryptDecryptTest" time="0.003"/>
  <testcase name="encryptDecrypt[2236: encryptDecrypt(algorithm=ALG_AES_256_GCM_IV12_TAG16_HKDF_SHA384_ECDSA_P384, byteSize=1,000,000, frameSize=15, readLen=999,999)]" classname="com.amazonaws.encryptionsdk.CryptoOutputStreamTest$ParameterizedEncryptDecryptTest" time="0.107"/>
  <testcase name="encryptDecrypt[2237: encryptDecrypt(algorithm=ALG_AES_256_GCM_IV12_TAG16_HKDF_SHA384_ECDSA_P384, byteSize=1,000,000, frameSize=15, readLen=1,000,000)]" classname="com.amazonaws.encryptionsdk.CryptoOutputStreamTest$ParameterizedEncryptDecryptTest" time="0.104"/>
  <testcase name="encryptDecrypt[2238: encryptDecrypt(algorithm=ALG_AES_256_GCM_IV12_TAG16_HKDF_SHA384_ECDSA_P384, byteSize=1,000,000, frameSize=15, readLen=1,000,001)]" classname="com.amazonaws.encryptionsdk.CryptoOutputStreamTest$ParameterizedEncryptDecryptTest" time="0.105"/>
  <testcase name="encryptDecrypt[2239: encryptDecrypt(algorithm=ALG_AES_256_GCM_IV12_TAG16_HKDF_SHA384_ECDSA_P384, byteSize=1,000,000, frameSize=15, readLen=2,000,000)]" classname="com.amazonaws.encryptionsdk.CryptoOutputStreamTest$ParameterizedEncryptDecryptTest" time="0.103"/>
  <testcase name="encryptDecrypt[2240: encryptDecrypt(algorithm=ALG_AES_256_GCM_IV12_TAG16_HKDF_SHA384_ECDSA_P384, byteSize=1,000,000, frameSize=15, readLen=1,000,000)]" classname="com.amazonaws.encryptionsdk.CryptoOutputStreamTest$ParameterizedEncryptDecryptTest" time="0.104"/>
  <testcase name="encryptDecrypt[2241: encryptDecrypt(algorithm=ALG_AES_256_GCM_IV12_TAG16_HKDF_SHA384_ECDSA_P384, byteSize=0, frameSize=16, readLen=1)]" classname="com.amazonaws.encryptionsdk.CryptoOutputStreamTest$ParameterizedEncryptDecryptTest" time="0.003"/>
  <testcase name="encryptDecrypt[2242: encryptDecrypt(algorithm=ALG_AES_256_GCM_IV12_TAG16_HKDF_SHA384_ECDSA_P384, byteSize=0, frameSize=16, readLen=1,000,000)]" classname="com.amazonaws.encryptionsdk.CryptoOutputStreamTest$ParameterizedEncryptDecryptTest" time="0.002"/>
  <testcase name="encryptDecrypt[2243: encryptDecrypt(algorithm=ALG_AES_256_GCM_IV12_TAG16_HKDF_SHA384_ECDSA_P384, byteSize=1, frameSize=16, readLen=1)]" classname="com.amazonaws.encryptionsdk.CryptoOutputStreamTest$ParameterizedEncryptDecryptTest" time="0.003"/>
  <testcase name="encryptDecrypt[2244: encryptDecrypt(algorithm=ALG_AES_256_GCM_IV12_TAG16_HKDF_SHA384_ECDSA_P384, byteSize=1, frameSize=16, readLen=2)]" classname="com.amazonaws.encryptionsdk.CryptoOutputStreamTest$ParameterizedEncryptDecryptTest" time="0.002"/>
  <testcase name="encryptDecrypt[2245: encryptDecrypt(algorithm=ALG_AES_256_GCM_IV12_TAG16_HKDF_SHA384_ECDSA_P384, byteSize=1, frameSize=16, readLen=2)]" classname="com.amazonaws.encryptionsdk.CryptoOutputStreamTest$ParameterizedEncryptDecryptTest" time="0.002"/>
  <testcase name="encryptDecrypt[2246: encryptDecrypt(algorithm=ALG_AES_256_GCM_IV12_TAG16_HKDF_SHA384_ECDSA_P384, byteSize=1, frameSize=16, readLen=1,000,000)]" classname="com.amazonaws.encryptionsdk.CryptoOutputStreamTest$ParameterizedEncryptDecryptTest" time="0.003"/>
  <testcase name="encryptDecrypt[2247: encryptDecrypt(algorithm=ALG_AES_256_GCM_IV12_TAG16_HKDF_SHA384_ECDSA_P384, byteSize=15, frameSize=16, readLen=14)]" classname="com.amazonaws.encryptionsdk.CryptoOutputStreamTest$ParameterizedEncryptDecryptTest" time="0.001"/>
  <testcase name="encryptDecrypt[2248: encryptDecrypt(algorithm=ALG_AES_256_GCM_IV12_TAG16_HKDF_SHA384_ECDSA_P384, byteSize=15, frameSize=16, readLen=15)]" classname="com.amazonaws.encryptionsdk.CryptoOutputStreamTest$ParameterizedEncryptDecryptTest" time="0.002"/>
  <testcase name="encryptDecrypt[2249: encryptDecrypt(algorithm=ALG_AES_256_GCM_IV12_TAG16_HKDF_SHA384_ECDSA_P384, byteSize=15, frameSize=16, readLen=16)]" classname="com.amazonaws.encryptionsdk.CryptoOutputStreamTest$ParameterizedEncryptDecryptTest" time="0.002"/>
  <testcase name="encryptDecrypt[2250: encryptDecrypt(algorithm=ALG_AES_256_GCM_IV12_TAG16_HKDF_SHA384_ECDSA_P384, byteSize=15, frameSize=16, readLen=30)]" classname="com.amazonaws.encryptionsdk.CryptoOutputStreamTest$ParameterizedEncryptDecryptTest" time="0.001"/>
  <testcase name="encryptDecrypt[2251: encryptDecrypt(algorithm=ALG_AES_256_GCM_IV12_TAG16_HKDF_SHA384_ECDSA_P384, byteSize=15, frameSize=16, readLen=1,000,000)]" classname="com.amazonaws.encryptionsdk.CryptoOutputStreamTest$ParameterizedEncryptDecryptTest" time="0.002"/>
  <testcase name="encryptDecrypt[2252: encryptDecrypt(algorithm=ALG_AES_256_GCM_IV12_TAG16_HKDF_SHA384_ECDSA_P384, byteSize=16, frameSize=16, readLen=15)]" classname="com.amazonaws.encryptionsdk.CryptoOutputStreamTest$ParameterizedEncryptDecryptTest" time="0.002"/>
  <testcase name="encryptDecrypt[2253: encryptDecrypt(algorithm=ALG_AES_256_GCM_IV12_TAG16_HKDF_SHA384_ECDSA_P384, byteSize=16, frameSize=16, readLen=16)]" classname="com.amazonaws.encryptionsdk.CryptoOutputStreamTest$ParameterizedEncryptDecryptTest" time="0.002"/>
  <testcase name="encryptDecrypt[2254: encryptDecrypt(algorithm=ALG_AES_256_GCM_IV12_TAG16_HKDF_SHA384_ECDSA_P384, byteSize=16, frameSize=16, readLen=17)]" classname="com.amazonaws.encryptionsdk.CryptoOutputStreamTest$ParameterizedEncryptDecryptTest" time="0.001"/>
  <testcase name="encryptDecrypt[2255: encryptDecrypt(algorithm=ALG_AES_256_GCM_IV12_TAG16_HKDF_SHA384_ECDSA_P384, byteSize=16, frameSize=16, readLen=32)]" classname="com.amazonaws.encryptionsdk.CryptoOutputStreamTest$ParameterizedEncryptDecryptTest" time="0.002"/>
  <testcase name="encryptDecrypt[2256: encryptDecrypt(algorithm=ALG_AES_256_GCM_IV12_TAG16_HKDF_SHA384_ECDSA_P384, byteSize=16, frameSize=16, readLen=1,000,000)]" classname="com.amazonaws.encryptionsdk.CryptoOutputStreamTest$ParameterizedEncryptDecryptTest" time="0.005"/>
  <testcase name="encryptDecrypt[2257: encryptDecrypt(algorithm=ALG_AES_256_GCM_IV12_TAG16_HKDF_SHA384_ECDSA_P384, byteSize=17, frameSize=16, readLen=16)]" classname="com.amazonaws.encryptionsdk.CryptoOutputStreamTest$ParameterizedEncryptDecryptTest" time="0.001"/>
  <testcase name="encryptDecrypt[2258: encryptDecrypt(algorithm=ALG_AES_256_GCM_IV12_TAG16_HKDF_SHA384_ECDSA_P384, byteSize=17, frameSize=16, readLen=17)]" classname="com.amazonaws.encryptionsdk.CryptoOutputStreamTest$ParameterizedEncryptDecryptTest" time="0.002"/>
  <testcase name="encryptDecrypt[2259: encryptDecrypt(algorithm=ALG_AES_256_GCM_IV12_TAG16_HKDF_SHA384_ECDSA_P384, byteSize=17, frameSize=16, readLen=18)]" classname="com.amazonaws.encryptionsdk.CryptoOutputStreamTest$ParameterizedEncryptDecryptTest" time="0.001"/>
  <testcase name="encryptDecrypt[2260: encryptDecrypt(algorithm=ALG_AES_256_GCM_IV12_TAG16_HKDF_SHA384_ECDSA_P384, byteSize=17, frameSize=16, readLen=34)]" classname="com.amazonaws.encryptionsdk.CryptoOutputStreamTest$ParameterizedEncryptDecryptTest" time="0.001"/>
  <testcase name="encryptDecrypt[2261: encryptDecrypt(algorithm=ALG_AES_256_GCM_IV12_TAG16_HKDF_SHA384_ECDSA_P384, byteSize=17, frameSize=16, readLen=1,000,000)]" classname="com.amazonaws.encryptionsdk.CryptoOutputStreamTest$ParameterizedEncryptDecryptTest" time="0.002"/>
  <testcase name="encryptDecrypt[2262: encryptDecrypt(algorithm=ALG_AES_256_GCM_IV12_TAG16_HKDF_SHA384_ECDSA_P384, byteSize=24, frameSize=16, readLen=23)]" classname="com.amazonaws.encryptionsdk.CryptoOutputStreamTest$ParameterizedEncryptDecryptTest" time="0.002"/>
  <testcase name="encryptDecrypt[2263: encryptDecrypt(algorithm=ALG_AES_256_GCM_IV12_TAG16_HKDF_SHA384_ECDSA_P384, byteSize=24, frameSize=16, readLen=24)]" classname="com.amazonaws.encryptionsdk.CryptoOutputStreamTest$ParameterizedEncryptDecryptTest" time="0.001"/>
  <testcase name="encryptDecrypt[2264: encryptDecrypt(algorithm=ALG_AES_256_GCM_IV12_TAG16_HKDF_SHA384_ECDSA_P384, byteSize=24, frameSize=16, readLen=25)]" classname="com.amazonaws.encryptionsdk.CryptoOutputStreamTest$ParameterizedEncryptDecryptTest" time="0.001"/>
  <testcase name="encryptDecrypt[2265: encryptDecrypt(algorithm=ALG_AES_256_GCM_IV12_TAG16_HKDF_SHA384_ECDSA_P384, byteSize=24, frameSize=16, readLen=48)]" classname="com.amazonaws.encryptionsdk.CryptoOutputStreamTest$ParameterizedEncryptDecryptTest" time="0.002"/>
  <testcase name="encryptDecrypt[2266: encryptDecrypt(algorithm=ALG_AES_256_GCM_IV12_TAG16_HKDF_SHA384_ECDSA_P384, byteSize=24, frameSize=16, readLen=1,000,000)]" classname="com.amazonaws.encryptionsdk.CryptoOutputStreamTest$ParameterizedEncryptDecryptTest" time="0.002"/>
  <testcase name="encryptDecrypt[2267: encryptDecrypt(algorithm=ALG_AES_256_GCM_IV12_TAG16_HKDF_SHA384_ECDSA_P384, byteSize=32, frameSize=16, readLen=31)]" classname="com.amazonaws.encryptionsdk.CryptoOutputStreamTest$ParameterizedEncryptDecryptTest" time="0.002"/>
  <testcase name="encryptDecrypt[2268: encryptDecrypt(algorithm=ALG_AES_256_GCM_IV12_TAG16_HKDF_SHA384_ECDSA_P384, byteSize=32, frameSize=16, readLen=32)]" classname="com.amazonaws.encryptionsdk.CryptoOutputStreamTest$ParameterizedEncryptDecryptTest" time="0.001"/>
  <testcase name="encryptDecrypt[2269: encryptDecrypt(algorithm=ALG_AES_256_GCM_IV12_TAG16_HKDF_SHA384_ECDSA_P384, byteSize=32, frameSize=16, readLen=33)]" classname="com.amazonaws.encryptionsdk.CryptoOutputStreamTest$ParameterizedEncryptDecryptTest" time="0.002"/>
  <testcase name="encryptDecrypt[2270: encryptDecrypt(algorithm=ALG_AES_256_GCM_IV12_TAG16_HKDF_SHA384_ECDSA_P384, byteSize=32, frameSize=16, readLen=64)]" classname="com.amazonaws.encryptionsdk.CryptoOutputStreamTest$ParameterizedEncryptDecryptTest" time="0.001"/>
  <testcase name="encryptDecrypt[2271: encryptDecrypt(algorithm=ALG_AES_256_GCM_IV12_TAG16_HKDF_SHA384_ECDSA_P384, byteSize=32, frameSize=16, readLen=1,000,000)]" classname="com.amazonaws.encryptionsdk.CryptoOutputStreamTest$ParameterizedEncryptDecryptTest" time="0.002"/>
  <testcase name="encryptDecrypt[2272: encryptDecrypt(algorithm=ALG_AES_256_GCM_IV12_TAG16_HKDF_SHA384_ECDSA_P384, byteSize=1,000,000, frameSize=16, readLen=999,999)]" classname="com.amazonaws.encryptionsdk.CryptoOutputStreamTest$ParameterizedEncryptDecryptTest" time="0.095"/>
  <testcase name="encryptDecrypt[2273: encryptDecrypt(algorithm=ALG_AES_256_GCM_IV12_TAG16_HKDF_SHA384_ECDSA_P384, byteSize=1,000,000, frameSize=16, readLen=1,000,000)]" classname="com.amazonaws.encryptionsdk.CryptoOutputStreamTest$ParameterizedEncryptDecryptTest" time="0.096"/>
  <testcase name="encryptDecrypt[2274: encryptDecrypt(algorithm=ALG_AES_256_GCM_IV12_TAG16_HKDF_SHA384_ECDSA_P384, byteSize=1,000,000, frameSize=16, readLen=1,000,001)]" classname="com.amazonaws.encryptionsdk.CryptoOutputStreamTest$ParameterizedEncryptDecryptTest" time="0.095"/>
  <testcase name="encryptDecrypt[2275: encryptDecrypt(algorithm=ALG_AES_256_GCM_IV12_TAG16_HKDF_SHA384_ECDSA_P384, byteSize=1,000,000, frameSize=16, readLen=2,000,000)]" classname="com.amazonaws.encryptionsdk.CryptoOutputStreamTest$ParameterizedEncryptDecryptTest" time="0.096"/>
  <testcase name="encryptDecrypt[2276: encryptDecrypt(algorithm=ALG_AES_256_GCM_IV12_TAG16_HKDF_SHA384_ECDSA_P384, byteSize=1,000,000, frameSize=16, readLen=1,000,000)]" classname="com.amazonaws.encryptionsdk.CryptoOutputStreamTest$ParameterizedEncryptDecryptTest" time="0.094"/>
  <testcase name="encryptDecrypt[2277: encryptDecrypt(algorithm=ALG_AES_256_GCM_IV12_TAG16_HKDF_SHA384_ECDSA_P384, byteSize=0, frameSize=17, readLen=1)]" classname="com.amazonaws.encryptionsdk.CryptoOutputStreamTest$ParameterizedEncryptDecryptTest" time="0.003"/>
  <testcase name="encryptDecrypt[2278: encryptDecrypt(algorithm=ALG_AES_256_GCM_IV12_TAG16_HKDF_SHA384_ECDSA_P384, byteSize=0, frameSize=17, readLen=1,000,000)]" classname="com.amazonaws.encryptionsdk.CryptoOutputStreamTest$ParameterizedEncryptDecryptTest" time="0.003"/>
  <testcase name="encryptDecrypt[2279: encryptDecrypt(algorithm=ALG_AES_256_GCM_IV12_TAG16_HKDF_SHA384_ECDSA_P384, byteSize=1, frameSize=17, readLen=1)]" classname="com.amazonaws.encryptionsdk.CryptoOutputStreamTest$ParameterizedEncryptDecryptTest" time="0.003"/>
  <testcase name="encryptDecrypt[2280: encryptDecrypt(algorithm=ALG_AES_256_GCM_IV12_TAG16_HKDF_SHA384_ECDSA_P384, byteSize=1, frameSize=17, readLen=2)]" classname="com.amazonaws.encryptionsdk.CryptoOutputStreamTest$ParameterizedEncryptDecryptTest" time="0.002"/>
  <testcase name="encryptDecrypt[2281: encryptDecrypt(algorithm=ALG_AES_256_GCM_IV12_TAG16_HKDF_SHA384_ECDSA_P384, byteSize=1, frameSize=17, readLen=2)]" classname="com.amazonaws.encryptionsdk.CryptoOutputStreamTest$ParameterizedEncryptDecryptTest" time="0.002"/>
  <testcase name="encryptDecrypt[2282: encryptDecrypt(algorithm=ALG_AES_256_GCM_IV12_TAG16_HKDF_SHA384_ECDSA_P384, byteSize=1, frameSize=17, readLen=1,000,000)]" classname="com.amazonaws.encryptionsdk.CryptoOutputStreamTest$ParameterizedEncryptDecryptTest" time="0.003"/>
  <testcase name="encryptDecrypt[2283: encryptDecrypt(algorithm=ALG_AES_256_GCM_IV12_TAG16_HKDF_SHA384_ECDSA_P384, byteSize=16, frameSize=17, readLen=15)]" classname="com.amazonaws.encryptionsdk.CryptoOutputStreamTest$ParameterizedEncryptDecryptTest" time="0.001"/>
  <testcase name="encryptDecrypt[2284: encryptDecrypt(algorithm=ALG_AES_256_GCM_IV12_TAG16_HKDF_SHA384_ECDSA_P384, byteSize=16, frameSize=17, readLen=16)]" classname="com.amazonaws.encryptionsdk.CryptoOutputStreamTest$ParameterizedEncryptDecryptTest" time="0.001"/>
  <testcase name="encryptDecrypt[2285: encryptDecrypt(algorithm=ALG_AES_256_GCM_IV12_TAG16_HKDF_SHA384_ECDSA_P384, byteSize=16, frameSize=17, readLen=17)]" classname="com.amazonaws.encryptionsdk.CryptoOutputStreamTest$ParameterizedEncryptDecryptTest" time="0.002"/>
  <testcase name="encryptDecrypt[2286: encryptDecrypt(algorithm=ALG_AES_256_GCM_IV12_TAG16_HKDF_SHA384_ECDSA_P384, byteSize=16, frameSize=17, readLen=32)]" classname="com.amazonaws.encryptionsdk.CryptoOutputStreamTest$ParameterizedEncryptDecryptTest" time="0.001"/>
  <testcase name="encryptDecrypt[2287: encryptDecrypt(algorithm=ALG_AES_256_GCM_IV12_TAG16_HKDF_SHA384_ECDSA_P384, byteSize=16, frameSize=17, readLen=1,000,000)]" classname="com.amazonaws.encryptionsdk.CryptoOutputStreamTest$ParameterizedEncryptDecryptTest" time="0.003"/>
  <testcase name="encryptDecrypt[2288: encryptDecrypt(algorithm=ALG_AES_256_GCM_IV12_TAG16_HKDF_SHA384_ECDSA_P384, byteSize=17, frameSize=17, readLen=16)]" classname="com.amazonaws.encryptionsdk.CryptoOutputStreamTest$ParameterizedEncryptDecryptTest" time="0.002"/>
  <testcase name="encryptDecrypt[2289: encryptDecrypt(algorithm=ALG_AES_256_GCM_IV12_TAG16_HKDF_SHA384_ECDSA_P384, byteSize=17, frameSize=17, readLen=17)]" classname="com.amazonaws.encryptionsdk.CryptoOutputStreamTest$ParameterizedEncryptDecryptTest" time="0.001"/>
  <testcase name="encryptDecrypt[2290: encryptDecrypt(algorithm=ALG_AES_256_GCM_IV12_TAG16_HKDF_SHA384_ECDSA_P384, byteSize=17, frameSize=17, readLen=18)]" classname="com.amazonaws.encryptionsdk.CryptoOutputStreamTest$ParameterizedEncryptDecryptTest" time="0.002"/>
  <testcase name="encryptDecrypt[2291: encryptDecrypt(algorithm=ALG_AES_256_GCM_IV12_TAG16_HKDF_SHA384_ECDSA_P384, byteSize=17, frameSize=17, readLen=34)]" classname="com.amazonaws.encryptionsdk.CryptoOutputStreamTest$ParameterizedEncryptDecryptTest" time="0.001"/>
  <testcase name="encryptDecrypt[2292: encryptDecrypt(algorithm=ALG_AES_256_GCM_IV12_TAG16_HKDF_SHA384_ECDSA_P384, byteSize=17, frameSize=17, readLen=1,000,000)]" classname="com.amazonaws.encryptionsdk.CryptoOutputStreamTest$ParameterizedEncryptDecryptTest" time="0.003"/>
  <testcase name="encryptDecrypt[2293: encryptDecrypt(algorithm=ALG_AES_256_GCM_IV12_TAG16_HKDF_SHA384_ECDSA_P384, byteSize=18, frameSize=17, readLen=17)]" classname="com.amazonaws.encryptionsdk.CryptoOutputStreamTest$ParameterizedEncryptDecryptTest" time="0.002"/>
  <testcase name="encryptDecrypt[2294: encryptDecrypt(algorithm=ALG_AES_256_GCM_IV12_TAG16_HKDF_SHA384_ECDSA_P384, byteSize=18, frameSize=17, readLen=18)]" classname="com.amazonaws.encryptionsdk.CryptoOutputStreamTest$ParameterizedEncryptDecryptTest" time="0.001"/>
  <testcase name="encryptDecrypt[2295: encryptDecrypt(algorithm=ALG_AES_256_GCM_IV12_TAG16_HKDF_SHA384_ECDSA_P384, byteSize=18, frameSize=17, readLen=19)]" classname="com.amazonaws.encryptionsdk.CryptoOutputStreamTest$ParameterizedEncryptDecryptTest" time="0.002"/>
  <testcase name="encryptDecrypt[2296: encryptDecrypt(algorithm=ALG_AES_256_GCM_IV12_TAG16_HKDF_SHA384_ECDSA_P384, byteSize=18, frameSize=17, readLen=36)]" classname="com.amazonaws.encryptionsdk.CryptoOutputStreamTest$ParameterizedEncryptDecryptTest" time="0.001"/>
  <testcase name="encryptDecrypt[2297: encryptDecrypt(algorithm=ALG_AES_256_GCM_IV12_TAG16_HKDF_SHA384_ECDSA_P384, byteSize=18, frameSize=17, readLen=1,000,000)]" classname="com.amazonaws.encryptionsdk.CryptoOutputStreamTest$ParameterizedEncryptDecryptTest" time="0.003"/>
  <testcase name="encryptDecrypt[2298: encryptDecrypt(algorithm=ALG_AES_256_GCM_IV12_TAG16_HKDF_SHA384_ECDSA_P384, byteSize=25, frameSize=17, readLen=24)]" classname="com.amazonaws.encryptionsdk.CryptoOutputStreamTest$ParameterizedEncryptDecryptTest" time="0.001"/>
  <testcase name="encryptDecrypt[2299: encryptDecrypt(algorithm=ALG_AES_256_GCM_IV12_TAG16_HKDF_SHA384_ECDSA_P384, byteSize=25, frameSize=17, readLen=25)]" classname="com.amazonaws.encryptionsdk.CryptoOutputStreamTest$ParameterizedEncryptDecryptTest" time="0.002"/>
  <testcase name="encryptDecrypt[2300: encryptDecrypt(algorithm=ALG_AES_256_GCM_IV12_TAG16_HKDF_SHA384_ECDSA_P384, byteSize=25, frameSize=17, readLen=26)]" classname="com.amazonaws.encryptionsdk.CryptoOutputStreamTest$ParameterizedEncryptDecryptTest" time="0.002"/>
  <testcase name="encryptDecrypt[2301: encryptDecrypt(algorithm=ALG_AES_256_GCM_IV12_TAG16_HKDF_SHA384_ECDSA_P384, byteSize=25, frameSize=17, readLen=50)]" classname="com.amazonaws.encryptionsdk.CryptoOutputStreamTest$ParameterizedEncryptDecryptTest" time="0.001"/>
  <testcase name="encryptDecrypt[2302: encryptDecrypt(algorithm=ALG_AES_256_GCM_IV12_TAG16_HKDF_SHA384_ECDSA_P384, byteSize=25, frameSize=17, readLen=1,000,000)]" classname="com.amazonaws.encryptionsdk.CryptoOutputStreamTest$ParameterizedEncryptDecryptTest" time="0.003"/>
  <testcase name="encryptDecrypt[2303: encryptDecrypt(algorithm=ALG_AES_256_GCM_IV12_TAG16_HKDF_SHA384_ECDSA_P384, byteSize=34, frameSize=17, readLen=33)]" classname="com.amazonaws.encryptionsdk.CryptoOutputStreamTest$ParameterizedEncryptDecryptTest" time="0.001"/>
  <testcase name="encryptDecrypt[2304: encryptDecrypt(algorithm=ALG_AES_256_GCM_IV12_TAG16_HKDF_SHA384_ECDSA_P384, byteSize=34, frameSize=17, readLen=34)]" classname="com.amazonaws.encryptionsdk.CryptoOutputStreamTest$ParameterizedEncryptDecryptTest" time="0.002"/>
  <testcase name="encryptDecrypt[2305: encryptDecrypt(algorithm=ALG_AES_256_GCM_IV12_TAG16_HKDF_SHA384_ECDSA_P384, byteSize=34, frameSize=17, readLen=35)]" classname="com.amazonaws.encryptionsdk.CryptoOutputStreamTest$ParameterizedEncryptDecryptTest" time="0.001"/>
  <testcase name="encryptDecrypt[2306: encryptDecrypt(algorithm=ALG_AES_256_GCM_IV12_TAG16_HKDF_SHA384_ECDSA_P384, byteSize=34, frameSize=17, readLen=68)]" classname="com.amazonaws.encryptionsdk.CryptoOutputStreamTest$ParameterizedEncryptDecryptTest" time="0.002"/>
  <testcase name="encryptDecrypt[2307: encryptDecrypt(algorithm=ALG_AES_256_GCM_IV12_TAG16_HKDF_SHA384_ECDSA_P384, byteSize=34, frameSize=17, readLen=1,000,000)]" classname="com.amazonaws.encryptionsdk.CryptoOutputStreamTest$ParameterizedEncryptDecryptTest" time="0.002"/>
  <testcase name="encryptDecrypt[2308: encryptDecrypt(algorithm=ALG_AES_256_GCM_IV12_TAG16_HKDF_SHA384_ECDSA_P384, byteSize=1,000,000, frameSize=17, readLen=999,999)]" classname="com.amazonaws.encryptionsdk.CryptoOutputStreamTest$ParameterizedEncryptDecryptTest" time="0.098"/>
  <testcase name="encryptDecrypt[2309: encryptDecrypt(algorithm=ALG_AES_256_GCM_IV12_TAG16_HKDF_SHA384_ECDSA_P384, byteSize=1,000,000, frameSize=17, readLen=1,000,000)]" classname="com.amazonaws.encryptionsdk.CryptoOutputStreamTest$ParameterizedEncryptDecryptTest" time="0.1"/>
  <testcase name="encryptDecrypt[2310: encryptDecrypt(algorithm=ALG_AES_256_GCM_IV12_TAG16_HKDF_SHA384_ECDSA_P384, byteSize=1,000,000, frameSize=17, readLen=1,000,001)]" classname="com.amazonaws.encryptionsdk.CryptoOutputStreamTest$ParameterizedEncryptDecryptTest" time="0.098"/>
  <testcase name="encryptDecrypt[2311: encryptDecrypt(algorithm=ALG_AES_256_GCM_IV12_TAG16_HKDF_SHA384_ECDSA_P384, byteSize=1,000,000, frameSize=17, readLen=2,000,000)]" classname="com.amazonaws.encryptionsdk.CryptoOutputStreamTest$ParameterizedEncryptDecryptTest" time="0.097"/>
  <testcase name="encryptDecrypt[2312: encryptDecrypt(algorithm=ALG_AES_256_GCM_IV12_TAG16_HKDF_SHA384_ECDSA_P384, byteSize=1,000,000, frameSize=17, readLen=1,000,000)]" classname="com.amazonaws.encryptionsdk.CryptoOutputStreamTest$ParameterizedEncryptDecryptTest" time="0.096"/>
  <testcase name="encryptDecrypt[2313: encryptDecrypt(algorithm=ALG_AES_256_GCM_IV12_TAG16_HKDF_SHA384_ECDSA_P384, byteSize=0, frameSize=32, readLen=1)]" classname="com.amazonaws.encryptionsdk.CryptoOutputStreamTest$ParameterizedEncryptDecryptTest" time="0.003"/>
  <testcase name="encryptDecrypt[2314: encryptDecrypt(algorithm=ALG_AES_256_GCM_IV12_TAG16_HKDF_SHA384_ECDSA_P384, byteSize=0, frameSize=32, readLen=1,000,000)]" classname="com.amazonaws.encryptionsdk.CryptoOutputStreamTest$ParameterizedEncryptDecryptTest" time="0.002"/>
  <testcase name="encryptDecrypt[2315: encryptDecrypt(algorithm=ALG_AES_256_GCM_IV12_TAG16_HKDF_SHA384_ECDSA_P384, byteSize=1, frameSize=32, readLen=1)]" classname="com.amazonaws.encryptionsdk.CryptoOutputStreamTest$ParameterizedEncryptDecryptTest" time="0.003"/>
  <testcase name="encryptDecrypt[2316: encryptDecrypt(algorithm=ALG_AES_256_GCM_IV12_TAG16_HKDF_SHA384_ECDSA_P384, byteSize=1, frameSize=32, readLen=2)]" classname="com.amazonaws.encryptionsdk.CryptoOutputStreamTest$ParameterizedEncryptDecryptTest" time="0.002"/>
  <testcase name="encryptDecrypt[2317: encryptDecrypt(algorithm=ALG_AES_256_GCM_IV12_TAG16_HKDF_SHA384_ECDSA_P384, byteSize=1, frameSize=32, readLen=2)]" classname="com.amazonaws.encryptionsdk.CryptoOutputStreamTest$ParameterizedEncryptDecryptTest" time="0.003"/>
  <testcase name="encryptDecrypt[2318: encryptDecrypt(algorithm=ALG_AES_256_GCM_IV12_TAG16_HKDF_SHA384_ECDSA_P384, byteSize=1, frameSize=32, readLen=1,000,000)]" classname="com.amazonaws.encryptionsdk.CryptoOutputStreamTest$ParameterizedEncryptDecryptTest" time="0.002"/>
  <testcase name="encryptDecrypt[2319: encryptDecrypt(algorithm=ALG_AES_256_GCM_IV12_TAG16_HKDF_SHA384_ECDSA_P384, byteSize=31, frameSize=32, readLen=30)]" classname="com.amazonaws.encryptionsdk.CryptoOutputStreamTest$ParameterizedEncryptDecryptTest" time="0.002"/>
  <testcase name="encryptDecrypt[2320: encryptDecrypt(algorithm=ALG_AES_256_GCM_IV12_TAG16_HKDF_SHA384_ECDSA_P384, byteSize=31, frameSize=32, readLen=31)]" classname="com.amazonaws.encryptionsdk.CryptoOutputStreamTest$ParameterizedEncryptDecryptTest" time="0.001"/>
  <testcase name="encryptDecrypt[2321: encryptDecrypt(algorithm=ALG_AES_256_GCM_IV12_TAG16_HKDF_SHA384_ECDSA_P384, byteSize=31, frameSize=32, readLen=32)]" classname="com.amazonaws.encryptionsdk.CryptoOutputStreamTest$ParameterizedEncryptDecryptTest" time="0.002"/>
  <testcase name="encryptDecrypt[2322: encryptDecrypt(algorithm=ALG_AES_256_GCM_IV12_TAG16_HKDF_SHA384_ECDSA_P384, byteSize=31, frameSize=32, readLen=62)]" classname="com.amazonaws.encryptionsdk.CryptoOutputStreamTest$ParameterizedEncryptDecryptTest" time="0.001"/>
  <testcase name="encryptDecrypt[2323: encryptDecrypt(algorithm=ALG_AES_256_GCM_IV12_TAG16_HKDF_SHA384_ECDSA_P384, byteSize=31, frameSize=32, readLen=1,000,000)]" classname="com.amazonaws.encryptionsdk.CryptoOutputStreamTest$ParameterizedEncryptDecryptTest" time="0.003"/>
  <testcase name="encryptDecrypt[2324: encryptDecrypt(algorithm=ALG_AES_256_GCM_IV12_TAG16_HKDF_SHA384_ECDSA_P384, byteSize=32, frameSize=32, readLen=31)]" classname="com.amazonaws.encryptionsdk.CryptoOutputStreamTest$ParameterizedEncryptDecryptTest" time="0.002"/>
  <testcase name="encryptDecrypt[2325: encryptDecrypt(algorithm=ALG_AES_256_GCM_IV12_TAG16_HKDF_SHA384_ECDSA_P384, byteSize=32, frameSize=32, readLen=32)]" classname="com.amazonaws.encryptionsdk.CryptoOutputStreamTest$ParameterizedEncryptDecryptTest" time="0.001"/>
  <testcase name="encryptDecrypt[2326: encryptDecrypt(algorithm=ALG_AES_256_GCM_IV12_TAG16_HKDF_SHA384_ECDSA_P384, byteSize=32, frameSize=32, readLen=33)]" classname="com.amazonaws.encryptionsdk.CryptoOutputStreamTest$ParameterizedEncryptDecryptTest" time="0.002"/>
  <testcase name="encryptDecrypt[2327: encryptDecrypt(algorithm=ALG_AES_256_GCM_IV12_TAG16_HKDF_SHA384_ECDSA_P384, byteSize=32, frameSize=32, readLen=64)]" classname="com.amazonaws.encryptionsdk.CryptoOutputStreamTest$ParameterizedEncryptDecryptTest" time="0.001"/>
  <testcase name="encryptDecrypt[2328: encryptDecrypt(algorithm=ALG_AES_256_GCM_IV12_TAG16_HKDF_SHA384_ECDSA_P384, byteSize=32, frameSize=32, readLen=1,000,000)]" classname="com.amazonaws.encryptionsdk.CryptoOutputStreamTest$ParameterizedEncryptDecryptTest" time="0.003"/>
  <testcase name="encryptDecrypt[2329: encryptDecrypt(algorithm=ALG_AES_256_GCM_IV12_TAG16_HKDF_SHA384_ECDSA_P384, byteSize=33, frameSize=32, readLen=32)]" classname="com.amazonaws.encryptionsdk.CryptoOutputStreamTest$ParameterizedEncryptDecryptTest" time="0.002"/>
  <testcase name="encryptDecrypt[2330: encryptDecrypt(algorithm=ALG_AES_256_GCM_IV12_TAG16_HKDF_SHA384_ECDSA_P384, byteSize=33, frameSize=32, readLen=33)]" classname="com.amazonaws.encryptionsdk.CryptoOutputStreamTest$ParameterizedEncryptDecryptTest" time="0.001"/>
  <testcase name="encryptDecrypt[2331: encryptDecrypt(algorithm=ALG_AES_256_GCM_IV12_TAG16_HKDF_SHA384_ECDSA_P384, byteSize=33, frameSize=32, readLen=34)]" classname="com.amazonaws.encryptionsdk.CryptoOutputStreamTest$ParameterizedEncryptDecryptTest" time="0.002"/>
  <testcase name="encryptDecrypt[2332: encryptDecrypt(algorithm=ALG_AES_256_GCM_IV12_TAG16_HKDF_SHA384_ECDSA_P384, byteSize=33, frameSize=32, readLen=66)]" classname="com.amazonaws.encryptionsdk.CryptoOutputStreamTest$ParameterizedEncryptDecryptTest" time="0.001"/>
  <testcase name="encryptDecrypt[2333: encryptDecrypt(algorithm=ALG_AES_256_GCM_IV12_TAG16_HKDF_SHA384_ECDSA_P384, byteSize=33, frameSize=32, readLen=1,000,000)]" classname="com.amazonaws.encryptionsdk.CryptoOutputStreamTest$ParameterizedEncryptDecryptTest" time="0.003"/>
  <testcase name="encryptDecrypt[2334: encryptDecrypt(algorithm=ALG_AES_256_GCM_IV12_TAG16_HKDF_SHA384_ECDSA_P384, byteSize=48, frameSize=32, readLen=47)]" classname="com.amazonaws.encryptionsdk.CryptoOutputStreamTest$ParameterizedEncryptDecryptTest" time="0.001"/>
  <testcase name="encryptDecrypt[2335: encryptDecrypt(algorithm=ALG_AES_256_GCM_IV12_TAG16_HKDF_SHA384_ECDSA_P384, byteSize=48, frameSize=32, readLen=48)]" classname="com.amazonaws.encryptionsdk.CryptoOutputStreamTest$ParameterizedEncryptDecryptTest" time="0.002"/>
  <testcase name="encryptDecrypt[2336: encryptDecrypt(algorithm=ALG_AES_256_GCM_IV12_TAG16_HKDF_SHA384_ECDSA_P384, byteSize=48, frameSize=32, readLen=49)]" classname="com.amazonaws.encryptionsdk.CryptoOutputStreamTest$ParameterizedEncryptDecryptTest" time="0.001"/>
  <testcase name="encryptDecrypt[2337: encryptDecrypt(algorithm=ALG_AES_256_GCM_IV12_TAG16_HKDF_SHA384_ECDSA_P384, byteSize=48, frameSize=32, readLen=96)]" classname="com.amazonaws.encryptionsdk.CryptoOutputStreamTest$ParameterizedEncryptDecryptTest" time="0.002"/>
  <testcase name="encryptDecrypt[2338: encryptDecrypt(algorithm=ALG_AES_256_GCM_IV12_TAG16_HKDF_SHA384_ECDSA_P384, byteSize=48, frameSize=32, readLen=1,000,000)]" classname="com.amazonaws.encryptionsdk.CryptoOutputStreamTest$ParameterizedEncryptDecryptTest" time="0.002"/>
  <testcase name="encryptDecrypt[2339: encryptDecrypt(algorithm=ALG_AES_256_GCM_IV12_TAG16_HKDF_SHA384_ECDSA_P384, byteSize=64, frameSize=32, readLen=63)]" classname="com.amazonaws.encryptionsdk.CryptoOutputStreamTest$ParameterizedEncryptDecryptTest" time="0.002"/>
  <testcase name="encryptDecrypt[2340: encryptDecrypt(algorithm=ALG_AES_256_GCM_IV12_TAG16_HKDF_SHA384_ECDSA_P384, byteSize=64, frameSize=32, readLen=64)]" classname="com.amazonaws.encryptionsdk.CryptoOutputStreamTest$ParameterizedEncryptDecryptTest" time="0.001"/>
  <testcase name="encryptDecrypt[2341: encryptDecrypt(algorithm=ALG_AES_256_GCM_IV12_TAG16_HKDF_SHA384_ECDSA_P384, byteSize=64, frameSize=32, readLen=65)]" classname="com.amazonaws.encryptionsdk.CryptoOutputStreamTest$ParameterizedEncryptDecryptTest" time="0.002"/>
  <testcase name="encryptDecrypt[2342: encryptDecrypt(algorithm=ALG_AES_256_GCM_IV12_TAG16_HKDF_SHA384_ECDSA_P384, byteSize=64, frameSize=32, readLen=128)]" classname="com.amazonaws.encryptionsdk.CryptoOutputStreamTest$ParameterizedEncryptDecryptTest" time="0.001"/>
  <testcase name="encryptDecrypt[2343: encryptDecrypt(algorithm=ALG_AES_256_GCM_IV12_TAG16_HKDF_SHA384_ECDSA_P384, byteSize=64, frameSize=32, readLen=1,000,000)]" classname="com.amazonaws.encryptionsdk.CryptoOutputStreamTest$ParameterizedEncryptDecryptTest" time="0.005"/>
  <testcase name="encryptDecrypt[2344: encryptDecrypt(algorithm=ALG_AES_256_GCM_IV12_TAG16_HKDF_SHA384_ECDSA_P384, byteSize=1,000,000, frameSize=32, readLen=999,999)]" classname="com.amazonaws.encryptionsdk.CryptoOutputStreamTest$ParameterizedEncryptDecryptTest" time="0.057"/>
  <testcase name="encryptDecrypt[2345: encryptDecrypt(algorithm=ALG_AES_256_GCM_IV12_TAG16_HKDF_SHA384_ECDSA_P384, byteSize=1,000,000, frameSize=32, readLen=1,000,000)]" classname="com.amazonaws.encryptionsdk.CryptoOutputStreamTest$ParameterizedEncryptDecryptTest" time="0.057"/>
  <testcase name="encryptDecrypt[2346: encryptDecrypt(algorithm=ALG_AES_256_GCM_IV12_TAG16_HKDF_SHA384_ECDSA_P384, byteSize=1,000,000, frameSize=32, readLen=1,000,001)]" classname="com.amazonaws.encryptionsdk.CryptoOutputStreamTest$ParameterizedEncryptDecryptTest" time="0.057"/>
  <testcase name="encryptDecrypt[2347: encryptDecrypt(algorithm=ALG_AES_256_GCM_IV12_TAG16_HKDF_SHA384_ECDSA_P384, byteSize=1,000,000, frameSize=32, readLen=2,000,000)]" classname="com.amazonaws.encryptionsdk.CryptoOutputStreamTest$ParameterizedEncryptDecryptTest" time="0.057"/>
  <testcase name="encryptDecrypt[2348: encryptDecrypt(algorithm=ALG_AES_256_GCM_IV12_TAG16_HKDF_SHA384_ECDSA_P384, byteSize=1,000,000, frameSize=32, readLen=1,000,000)]" classname="com.amazonaws.encryptionsdk.CryptoOutputStreamTest$ParameterizedEncryptDecryptTest" time="0.056"/>
  <testcase name="encryptDecrypt[2349: encryptDecrypt(algorithm=ALG_AES_256_GCM_IV12_TAG16_HKDF_SHA384_ECDSA_P384, byteSize=0, frameSize=160, readLen=1)]" classname="com.amazonaws.encryptionsdk.CryptoOutputStreamTest$ParameterizedEncryptDecryptTest" time="0.003"/>
  <testcase name="encryptDecrypt[2350: encryptDecrypt(algorithm=ALG_AES_256_GCM_IV12_TAG16_HKDF_SHA384_ECDSA_P384, byteSize=0, frameSize=160, readLen=1,000,000)]" classname="com.amazonaws.encryptionsdk.CryptoOutputStreamTest$ParameterizedEncryptDecryptTest" time="0.003"/>
  <testcase name="encryptDecrypt[2351: encryptDecrypt(algorithm=ALG_AES_256_GCM_IV12_TAG16_HKDF_SHA384_ECDSA_P384, byteSize=1, frameSize=160, readLen=1)]" classname="com.amazonaws.encryptionsdk.CryptoOutputStreamTest$ParameterizedEncryptDecryptTest" time="0.003"/>
  <testcase name="encryptDecrypt[2352: encryptDecrypt(algorithm=ALG_AES_256_GCM_IV12_TAG16_HKDF_SHA384_ECDSA_P384, byteSize=1, frameSize=160, readLen=2)]" classname="com.amazonaws.encryptionsdk.CryptoOutputStreamTest$ParameterizedEncryptDecryptTest" time="0.002"/>
  <testcase name="encryptDecrypt[2353: encryptDecrypt(algorithm=ALG_AES_256_GCM_IV12_TAG16_HKDF_SHA384_ECDSA_P384, byteSize=1, frameSize=160, readLen=2)]" classname="com.amazonaws.encryptionsdk.CryptoOutputStreamTest$ParameterizedEncryptDecryptTest" time="0.002"/>
  <testcase name="encryptDecrypt[2354: encryptDecrypt(algorithm=ALG_AES_256_GCM_IV12_TAG16_HKDF_SHA384_ECDSA_P384, byteSize=1, frameSize=160, readLen=1,000,000)]" classname="com.amazonaws.encryptionsdk.CryptoOutputStreamTest$ParameterizedEncryptDecryptTest" time="0.003"/>
  <testcase name="encryptDecrypt[2355: encryptDecrypt(algorithm=ALG_AES_256_GCM_IV12_TAG16_HKDF_SHA384_ECDSA_P384, byteSize=159, frameSize=160, readLen=158)]" classname="com.amazonaws.encryptionsdk.CryptoOutputStreamTest$ParameterizedEncryptDecryptTest" time="0.001"/>
  <testcase name="encryptDecrypt[2356: encryptDecrypt(algorithm=ALG_AES_256_GCM_IV12_TAG16_HKDF_SHA384_ECDSA_P384, byteSize=159, frameSize=160, readLen=159)]" classname="com.amazonaws.encryptionsdk.CryptoOutputStreamTest$ParameterizedEncryptDecryptTest" time="0.002"/>
  <testcase name="encryptDecrypt[2357: encryptDecrypt(algorithm=ALG_AES_256_GCM_IV12_TAG16_HKDF_SHA384_ECDSA_P384, byteSize=159, frameSize=160, readLen=160)]" classname="com.amazonaws.encryptionsdk.CryptoOutputStreamTest$ParameterizedEncryptDecryptTest" time="0.001"/>
  <testcase name="encryptDecrypt[2358: encryptDecrypt(algorithm=ALG_AES_256_GCM_IV12_TAG16_HKDF_SHA384_ECDSA_P384, byteSize=159, frameSize=160, readLen=318)]" classname="com.amazonaws.encryptionsdk.CryptoOutputStreamTest$ParameterizedEncryptDecryptTest" time="0.003"/>
  <testcase name="encryptDecrypt[2359: encryptDecrypt(algorithm=ALG_AES_256_GCM_IV12_TAG16_HKDF_SHA384_ECDSA_P384, byteSize=159, frameSize=160, readLen=1,000,000)]" classname="com.amazonaws.encryptionsdk.CryptoOutputStreamTest$ParameterizedEncryptDecryptTest" time="0.002"/>
  <testcase name="encryptDecrypt[2360: encryptDecrypt(algorithm=ALG_AES_256_GCM_IV12_TAG16_HKDF_SHA384_ECDSA_P384, byteSize=160, frameSize=160, readLen=159)]" classname="com.amazonaws.encryptionsdk.CryptoOutputStreamTest$ParameterizedEncryptDecryptTest" time="0.003"/>
  <testcase name="encryptDecrypt[2361: encryptDecrypt(algorithm=ALG_AES_256_GCM_IV12_TAG16_HKDF_SHA384_ECDSA_P384, byteSize=160, frameSize=160, readLen=160)]" classname="com.amazonaws.encryptionsdk.CryptoOutputStreamTest$ParameterizedEncryptDecryptTest" time="0.002"/>
  <testcase name="encryptDecrypt[2362: encryptDecrypt(algorithm=ALG_AES_256_GCM_IV12_TAG16_HKDF_SHA384_ECDSA_P384, byteSize=160, frameSize=160, readLen=161)]" classname="com.amazonaws.encryptionsdk.CryptoOutputStreamTest$ParameterizedEncryptDecryptTest" time="0.003"/>
  <testcase name="encryptDecrypt[2363: encryptDecrypt(algorithm=ALG_AES_256_GCM_IV12_TAG16_HKDF_SHA384_ECDSA_P384, byteSize=160, frameSize=160, readLen=320)]" classname="com.amazonaws.encryptionsdk.CryptoOutputStreamTest$ParameterizedEncryptDecryptTest" time="0.002"/>
  <testcase name="encryptDecrypt[2364: encryptDecrypt(algorithm=ALG_AES_256_GCM_IV12_TAG16_HKDF_SHA384_ECDSA_P384, byteSize=160, frameSize=160, readLen=1,000,000)]" classname="com.amazonaws.encryptionsdk.CryptoOutputStreamTest$ParameterizedEncryptDecryptTest" time="0.003"/>
  <testcase name="encryptDecrypt[2365: encryptDecrypt(algorithm=ALG_AES_256_GCM_IV12_TAG16_HKDF_SHA384_ECDSA_P384, byteSize=161, frameSize=160, readLen=160)]" classname="com.amazonaws.encryptionsdk.CryptoOutputStreamTest$ParameterizedEncryptDecryptTest" time="0.002"/>
  <testcase name="encryptDecrypt[2366: encryptDecrypt(algorithm=ALG_AES_256_GCM_IV12_TAG16_HKDF_SHA384_ECDSA_P384, byteSize=161, frameSize=160, readLen=161)]" classname="com.amazonaws.encryptionsdk.CryptoOutputStreamTest$ParameterizedEncryptDecryptTest" time="0.002"/>
  <testcase name="encryptDecrypt[2367: encryptDecrypt(algorithm=ALG_AES_256_GCM_IV12_TAG16_HKDF_SHA384_ECDSA_P384, byteSize=161, frameSize=160, readLen=162)]" classname="com.amazonaws.encryptionsdk.CryptoOutputStreamTest$ParameterizedEncryptDecryptTest" time="0.003"/>
  <testcase name="encryptDecrypt[2368: encryptDecrypt(algorithm=ALG_AES_256_GCM_IV12_TAG16_HKDF_SHA384_ECDSA_P384, byteSize=161, frameSize=160, readLen=322)]" classname="com.amazonaws.encryptionsdk.CryptoOutputStreamTest$ParameterizedEncryptDecryptTest" time="0.002"/>
  <testcase name="encryptDecrypt[2369: encryptDecrypt(algorithm=ALG_AES_256_GCM_IV12_TAG16_HKDF_SHA384_ECDSA_P384, byteSize=161, frameSize=160, readLen=1,000,000)]" classname="com.amazonaws.encryptionsdk.CryptoOutputStreamTest$ParameterizedEncryptDecryptTest" time="0.003"/>
  <testcase name="encryptDecrypt[2370: encryptDecrypt(algorithm=ALG_AES_256_GCM_IV12_TAG16_HKDF_SHA384_ECDSA_P384, byteSize=240, frameSize=160, readLen=239)]" classname="com.amazonaws.encryptionsdk.CryptoOutputStreamTest$ParameterizedEncryptDecryptTest" time="0.002"/>
  <testcase name="encryptDecrypt[2371: encryptDecrypt(algorithm=ALG_AES_256_GCM_IV12_TAG16_HKDF_SHA384_ECDSA_P384, byteSize=240, frameSize=160, readLen=240)]" classname="com.amazonaws.encryptionsdk.CryptoOutputStreamTest$ParameterizedEncryptDecryptTest" time="0.003"/>
  <testcase name="encryptDecrypt[2372: encryptDecrypt(algorithm=ALG_AES_256_GCM_IV12_TAG16_HKDF_SHA384_ECDSA_P384, byteSize=240, frameSize=160, readLen=241)]" classname="com.amazonaws.encryptionsdk.CryptoOutputStreamTest$ParameterizedEncryptDecryptTest" time="0.002"/>
  <testcase name="encryptDecrypt[2373: encryptDecrypt(algorithm=ALG_AES_256_GCM_IV12_TAG16_HKDF_SHA384_ECDSA_P384, byteSize=240, frameSize=160, readLen=480)]" classname="com.amazonaws.encryptionsdk.CryptoOutputStreamTest$ParameterizedEncryptDecryptTest" time="0.003"/>
  <testcase name="encryptDecrypt[2374: encryptDecrypt(algorithm=ALG_AES_256_GCM_IV12_TAG16_HKDF_SHA384_ECDSA_P384, byteSize=240, frameSize=160, readLen=1,000,000)]" classname="com.amazonaws.encryptionsdk.CryptoOutputStreamTest$ParameterizedEncryptDecryptTest" time="0.002"/>
  <testcase name="encryptDecrypt[2375: encryptDecrypt(algorithm=ALG_AES_256_GCM_IV12_TAG16_HKDF_SHA384_ECDSA_P384, byteSize=320, frameSize=160, readLen=319)]" classname="com.amazonaws.encryptionsdk.CryptoOutputStreamTest$ParameterizedEncryptDecryptTest" time="0.002"/>
  <testcase name="encryptDecrypt[2376: encryptDecrypt(algorithm=ALG_AES_256_GCM_IV12_TAG16_HKDF_SHA384_ECDSA_P384, byteSize=320, frameSize=160, readLen=320)]" classname="com.amazonaws.encryptionsdk.CryptoOutputStreamTest$ParameterizedEncryptDecryptTest" time="0.003"/>
  <testcase name="encryptDecrypt[2377: encryptDecrypt(algorithm=ALG_AES_256_GCM_IV12_TAG16_HKDF_SHA384_ECDSA_P384, byteSize=320, frameSize=160, readLen=321)]" classname="com.amazonaws.encryptionsdk.CryptoOutputStreamTest$ParameterizedEncryptDecryptTest" time="0.002"/>
  <testcase name="encryptDecrypt[2378: encryptDecrypt(algorithm=ALG_AES_256_GCM_IV12_TAG16_HKDF_SHA384_ECDSA_P384, byteSize=320, frameSize=160, readLen=640)]" classname="com.amazonaws.encryptionsdk.CryptoOutputStreamTest$ParameterizedEncryptDecryptTest" time="0.003"/>
  <testcase name="encryptDecrypt[2379: encryptDecrypt(algorithm=ALG_AES_256_GCM_IV12_TAG16_HKDF_SHA384_ECDSA_P384, byteSize=320, frameSize=160, readLen=1,000,000)]" classname="com.amazonaws.encryptionsdk.CryptoOutputStreamTest$ParameterizedEncryptDecryptTest" time="0.002"/>
  <testcase name="encryptDecrypt[2380: encryptDecrypt(algorithm=ALG_AES_256_GCM_IV12_TAG16_HKDF_SHA384_ECDSA_P384, byteSize=1,000,000, frameSize=160, readLen=999,999)]" classname="com.amazonaws.encryptionsdk.CryptoOutputStreamTest$ParameterizedEncryptDecryptTest" time="0.026"/>
  <testcase name="encryptDecrypt[2381: encryptDecrypt(algorithm=ALG_AES_256_GCM_IV12_TAG16_HKDF_SHA384_ECDSA_P384, byteSize=1,000,000, frameSize=160, readLen=1,000,000)]" classname="com.amazonaws.encryptionsdk.CryptoOutputStreamTest$ParameterizedEncryptDecryptTest" time="0.026"/>
  <testcase name="encryptDecrypt[2382: encryptDecrypt(algorithm=ALG_AES_256_GCM_IV12_TAG16_HKDF_SHA384_ECDSA_P384, byteSize=1,000,000, frameSize=160, readLen=1,000,001)]" classname="com.amazonaws.encryptionsdk.CryptoOutputStreamTest$ParameterizedEncryptDecryptTest" time="0.026"/>
  <testcase name="encryptDecrypt[2383: encryptDecrypt(algorithm=ALG_AES_256_GCM_IV12_TAG16_HKDF_SHA384_ECDSA_P384, byteSize=1,000,000, frameSize=160, readLen=2,000,000)]" classname="com.amazonaws.encryptionsdk.CryptoOutputStreamTest$ParameterizedEncryptDecryptTest" time="0.026"/>
  <testcase name="encryptDecrypt[2384: encryptDecrypt(algorithm=ALG_AES_256_GCM_IV12_TAG16_HKDF_SHA384_ECDSA_P384, byteSize=1,000,000, frameSize=160, readLen=1,000,000)]" classname="com.amazonaws.encryptionsdk.CryptoOutputStreamTest$ParameterizedEncryptDecryptTest" time="0.026"/>
  <testcase name="encryptDecrypt[2385: encryptDecrypt(algorithm=ALG_AES_256_GCM_IV12_TAG16_HKDF_SHA384_ECDSA_P384, byteSize=0, frameSize=161, readLen=1)]" classname="com.amazonaws.encryptionsdk.CryptoOutputStreamTest$ParameterizedEncryptDecryptTest" time="0.003"/>
  <testcase name="encryptDecrypt[2386: encryptDecrypt(algorithm=ALG_AES_256_GCM_IV12_TAG16_HKDF_SHA384_ECDSA_P384, byteSize=0, frameSize=161, readLen=1,000,000)]" classname="com.amazonaws.encryptionsdk.CryptoOutputStreamTest$ParameterizedEncryptDecryptTest" time="0.002"/>
  <testcase name="encryptDecrypt[2387: encryptDecrypt(algorithm=ALG_AES_256_GCM_IV12_TAG16_HKDF_SHA384_ECDSA_P384, byteSize=1, frameSize=161, readLen=1)]" classname="com.amazonaws.encryptionsdk.CryptoOutputStreamTest$ParameterizedEncryptDecryptTest" time="0.003"/>
  <testcase name="encryptDecrypt[2388: encryptDecrypt(algorithm=ALG_AES_256_GCM_IV12_TAG16_HKDF_SHA384_ECDSA_P384, byteSize=1, frameSize=161, readLen=2)]" classname="com.amazonaws.encryptionsdk.CryptoOutputStreamTest$ParameterizedEncryptDecryptTest" time="0.002"/>
  <testcase name="encryptDecrypt[2389: encryptDecrypt(algorithm=ALG_AES_256_GCM_IV12_TAG16_HKDF_SHA384_ECDSA_P384, byteSize=1, frameSize=161, readLen=2)]" classname="com.amazonaws.encryptionsdk.CryptoOutputStreamTest$ParameterizedEncryptDecryptTest" time="0.002"/>
  <testcase name="encryptDecrypt[2390: encryptDecrypt(algorithm=ALG_AES_256_GCM_IV12_TAG16_HKDF_SHA384_ECDSA_P384, byteSize=1, frameSize=161, readLen=1,000,000)]" classname="com.amazonaws.encryptionsdk.CryptoOutputStreamTest$ParameterizedEncryptDecryptTest" time="0.002"/>
  <testcase name="encryptDecrypt[2391: encryptDecrypt(algorithm=ALG_AES_256_GCM_IV12_TAG16_HKDF_SHA384_ECDSA_P384, byteSize=160, frameSize=161, readLen=159)]" classname="com.amazonaws.encryptionsdk.CryptoOutputStreamTest$ParameterizedEncryptDecryptTest" time="0.001"/>
  <testcase name="encryptDecrypt[2392: encryptDecrypt(algorithm=ALG_AES_256_GCM_IV12_TAG16_HKDF_SHA384_ECDSA_P384, byteSize=160, frameSize=161, readLen=160)]" classname="com.amazonaws.encryptionsdk.CryptoOutputStreamTest$ParameterizedEncryptDecryptTest" time="0.001"/>
  <testcase name="encryptDecrypt[2393: encryptDecrypt(algorithm=ALG_AES_256_GCM_IV12_TAG16_HKDF_SHA384_ECDSA_P384, byteSize=160, frameSize=161, readLen=161)]" classname="com.amazonaws.encryptionsdk.CryptoOutputStreamTest$ParameterizedEncryptDecryptTest" time="0.002"/>
  <testcase name="encryptDecrypt[2394: encryptDecrypt(algorithm=ALG_AES_256_GCM_IV12_TAG16_HKDF_SHA384_ECDSA_P384, byteSize=160, frameSize=161, readLen=320)]" classname="com.amazonaws.encryptionsdk.CryptoOutputStreamTest$ParameterizedEncryptDecryptTest" time="0.002"/>
  <testcase name="encryptDecrypt[2395: encryptDecrypt(algorithm=ALG_AES_256_GCM_IV12_TAG16_HKDF_SHA384_ECDSA_P384, byteSize=160, frameSize=161, readLen=1,000,000)]" classname="com.amazonaws.encryptionsdk.CryptoOutputStreamTest$ParameterizedEncryptDecryptTest" time="0.003"/>
  <testcase name="encryptDecrypt[2396: encryptDecrypt(algorithm=ALG_AES_256_GCM_IV12_TAG16_HKDF_SHA384_ECDSA_P384, byteSize=161, frameSize=161, readLen=160)]" classname="com.amazonaws.encryptionsdk.CryptoOutputStreamTest$ParameterizedEncryptDecryptTest" time="0.002"/>
  <testcase name="encryptDecrypt[2397: encryptDecrypt(algorithm=ALG_AES_256_GCM_IV12_TAG16_HKDF_SHA384_ECDSA_P384, byteSize=161, frameSize=161, readLen=161)]" classname="com.amazonaws.encryptionsdk.CryptoOutputStreamTest$ParameterizedEncryptDecryptTest" time="0.002"/>
  <testcase name="encryptDecrypt[2398: encryptDecrypt(algorithm=ALG_AES_256_GCM_IV12_TAG16_HKDF_SHA384_ECDSA_P384, byteSize=161, frameSize=161, readLen=162)]" classname="com.amazonaws.encryptionsdk.CryptoOutputStreamTest$ParameterizedEncryptDecryptTest" time="0.003"/>
  <testcase name="encryptDecrypt[2399: encryptDecrypt(algorithm=ALG_AES_256_GCM_IV12_TAG16_HKDF_SHA384_ECDSA_P384, byteSize=161, frameSize=161, readLen=322)]" classname="com.amazonaws.encryptionsdk.CryptoOutputStreamTest$ParameterizedEncryptDecryptTest" time="0.002"/>
  <testcase name="encryptDecrypt[2400: encryptDecrypt(algorithm=ALG_AES_256_GCM_IV12_TAG16_HKDF_SHA384_ECDSA_P384, byteSize=161, frameSize=161, readLen=1,000,000)]" classname="com.amazonaws.encryptionsdk.CryptoOutputStreamTest$ParameterizedEncryptDecryptTest" time="0.003"/>
  <testcase name="encryptDecrypt[2401: encryptDecrypt(algorithm=ALG_AES_256_GCM_IV12_TAG16_HKDF_SHA384_ECDSA_P384, byteSize=162, frameSize=161, readLen=161)]" classname="com.amazonaws.encryptionsdk.CryptoOutputStreamTest$ParameterizedEncryptDecryptTest" time="0.002"/>
  <testcase name="encryptDecrypt[2402: encryptDecrypt(algorithm=ALG_AES_256_GCM_IV12_TAG16_HKDF_SHA384_ECDSA_P384, byteSize=162, frameSize=161, readLen=162)]" classname="com.amazonaws.encryptionsdk.CryptoOutputStreamTest$ParameterizedEncryptDecryptTest" time="0.002"/>
  <testcase name="encryptDecrypt[2403: encryptDecrypt(algorithm=ALG_AES_256_GCM_IV12_TAG16_HKDF_SHA384_ECDSA_P384, byteSize=162, frameSize=161, readLen=163)]" classname="com.amazonaws.encryptionsdk.CryptoOutputStreamTest$ParameterizedEncryptDecryptTest" time="0.002"/>
  <testcase name="encryptDecrypt[2404: encryptDecrypt(algorithm=ALG_AES_256_GCM_IV12_TAG16_HKDF_SHA384_ECDSA_P384, byteSize=162, frameSize=161, readLen=324)]" classname="com.amazonaws.encryptionsdk.CryptoOutputStreamTest$ParameterizedEncryptDecryptTest" time="0.002"/>
  <testcase name="encryptDecrypt[2405: encryptDecrypt(algorithm=ALG_AES_256_GCM_IV12_TAG16_HKDF_SHA384_ECDSA_P384, byteSize=162, frameSize=161, readLen=1,000,000)]" classname="com.amazonaws.encryptionsdk.CryptoOutputStreamTest$ParameterizedEncryptDecryptTest" time="0.003"/>
  <testcase name="encryptDecrypt[2406: encryptDecrypt(algorithm=ALG_AES_256_GCM_IV12_TAG16_HKDF_SHA384_ECDSA_P384, byteSize=241, frameSize=161, readLen=240)]" classname="com.amazonaws.encryptionsdk.CryptoOutputStreamTest$ParameterizedEncryptDecryptTest" time="0.002"/>
  <testcase name="encryptDecrypt[2407: encryptDecrypt(algorithm=ALG_AES_256_GCM_IV12_TAG16_HKDF_SHA384_ECDSA_P384, byteSize=241, frameSize=161, readLen=241)]" classname="com.amazonaws.encryptionsdk.CryptoOutputStreamTest$ParameterizedEncryptDecryptTest" time="0.003"/>
  <testcase name="encryptDecrypt[2408: encryptDecrypt(algorithm=ALG_AES_256_GCM_IV12_TAG16_HKDF_SHA384_ECDSA_P384, byteSize=241, frameSize=161, readLen=242)]" classname="com.amazonaws.encryptionsdk.CryptoOutputStreamTest$ParameterizedEncryptDecryptTest" time="0.002"/>
  <testcase name="encryptDecrypt[2409: encryptDecrypt(algorithm=ALG_AES_256_GCM_IV12_TAG16_HKDF_SHA384_ECDSA_P384, byteSize=241, frameSize=161, readLen=482)]" classname="com.amazonaws.encryptionsdk.CryptoOutputStreamTest$ParameterizedEncryptDecryptTest" time="0.002"/>
  <testcase name="encryptDecrypt[2410: encryptDecrypt(algorithm=ALG_AES_256_GCM_IV12_TAG16_HKDF_SHA384_ECDSA_P384, byteSize=241, frameSize=161, readLen=1,000,000)]" classname="com.amazonaws.encryptionsdk.CryptoOutputStreamTest$ParameterizedEncryptDecryptTest" time="0.003"/>
  <testcase name="encryptDecrypt[2411: encryptDecrypt(algorithm=ALG_AES_256_GCM_IV12_TAG16_HKDF_SHA384_ECDSA_P384, byteSize=322, frameSize=161, readLen=321)]" classname="com.amazonaws.encryptionsdk.CryptoOutputStreamTest$ParameterizedEncryptDecryptTest" time="0.002"/>
  <testcase name="encryptDecrypt[2412: encryptDecrypt(algorithm=ALG_AES_256_GCM_IV12_TAG16_HKDF_SHA384_ECDSA_P384, byteSize=322, frameSize=161, readLen=322)]" classname="com.amazonaws.encryptionsdk.CryptoOutputStreamTest$ParameterizedEncryptDecryptTest" time="0.003"/>
  <testcase name="encryptDecrypt[2413: encryptDecrypt(algorithm=ALG_AES_256_GCM_IV12_TAG16_HKDF_SHA384_ECDSA_P384, byteSize=322, frameSize=161, readLen=323)]" classname="com.amazonaws.encryptionsdk.CryptoOutputStreamTest$ParameterizedEncryptDecryptTest" time="0.002"/>
  <testcase name="encryptDecrypt[2414: encryptDecrypt(algorithm=ALG_AES_256_GCM_IV12_TAG16_HKDF_SHA384_ECDSA_P384, byteSize=322, frameSize=161, readLen=644)]" classname="com.amazonaws.encryptionsdk.CryptoOutputStreamTest$ParameterizedEncryptDecryptTest" time="0.003"/>
  <testcase name="encryptDecrypt[2415: encryptDecrypt(algorithm=ALG_AES_256_GCM_IV12_TAG16_HKDF_SHA384_ECDSA_P384, byteSize=322, frameSize=161, readLen=1,000,000)]" classname="com.amazonaws.encryptionsdk.CryptoOutputStreamTest$ParameterizedEncryptDecryptTest" time="0.002"/>
  <testcase name="encryptDecrypt[2416: encryptDecrypt(algorithm=ALG_AES_256_GCM_IV12_TAG16_HKDF_SHA384_ECDSA_P384, byteSize=1,000,000, frameSize=161, readLen=999,999)]" classname="com.amazonaws.encryptionsdk.CryptoOutputStreamTest$ParameterizedEncryptDecryptTest" time="0.026"/>
  <testcase name="encryptDecrypt[2417: encryptDecrypt(algorithm=ALG_AES_256_GCM_IV12_TAG16_HKDF_SHA384_ECDSA_P384, byteSize=1,000,000, frameSize=161, readLen=1,000,000)]" classname="com.amazonaws.encryptionsdk.CryptoOutputStreamTest$ParameterizedEncryptDecryptTest" time="0.027"/>
  <testcase name="encryptDecrypt[2418: encryptDecrypt(algorithm=ALG_AES_256_GCM_IV12_TAG16_HKDF_SHA384_ECDSA_P384, byteSize=1,000,000, frameSize=161, readLen=1,000,001)]" classname="com.amazonaws.encryptionsdk.CryptoOutputStreamTest$ParameterizedEncryptDecryptTest" time="0.026"/>
  <testcase name="encryptDecrypt[2419: encryptDecrypt(algorithm=ALG_AES_256_GCM_IV12_TAG16_HKDF_SHA384_ECDSA_P384, byteSize=1,000,000, frameSize=161, readLen=2,000,000)]" classname="com.amazonaws.encryptionsdk.CryptoOutputStreamTest$ParameterizedEncryptDecryptTest" time="0.028"/>
  <testcase name="encryptDecrypt[2420: encryptDecrypt(algorithm=ALG_AES_256_GCM_IV12_TAG16_HKDF_SHA384_ECDSA_P384, byteSize=1,000,000, frameSize=161, readLen=1,000,000)]" classname="com.amazonaws.encryptionsdk.CryptoOutputStreamTest$ParameterizedEncryptDecryptTest" time="0.029"/>
  <testcase name="encryptDecrypt[2421: encryptDecrypt(algorithm=ALG_AES_256_GCM_IV12_TAG16_HKDF_SHA384_ECDSA_P384, byteSize=0, frameSize=4,096, readLen=1)]" classname="com.amazonaws.encryptionsdk.CryptoOutputStreamTest$ParameterizedEncryptDecryptTest" time="0.003"/>
  <testcase name="encryptDecrypt[2422: encryptDecrypt(algorithm=ALG_AES_256_GCM_IV12_TAG16_HKDF_SHA384_ECDSA_P384, byteSize=0, frameSize=4,096, readLen=1,000,000)]" classname="com.amazonaws.encryptionsdk.CryptoOutputStreamTest$ParameterizedEncryptDecryptTest" time="0.002"/>
  <testcase name="encryptDecrypt[2423: encryptDecrypt(algorithm=ALG_AES_256_GCM_IV12_TAG16_HKDF_SHA384_ECDSA_P384, byteSize=1, frameSize=4,096, readLen=1)]" classname="com.amazonaws.encryptionsdk.CryptoOutputStreamTest$ParameterizedEncryptDecryptTest" time="0.003"/>
  <testcase name="encryptDecrypt[2424: encryptDecrypt(algorithm=ALG_AES_256_GCM_IV12_TAG16_HKDF_SHA384_ECDSA_P384, byteSize=1, frameSize=4,096, readLen=2)]" classname="com.amazonaws.encryptionsdk.CryptoOutputStreamTest$ParameterizedEncryptDecryptTest" time="0.003"/>
  <testcase name="encryptDecrypt[2425: encryptDecrypt(algorithm=ALG_AES_256_GCM_IV12_TAG16_HKDF_SHA384_ECDSA_P384, byteSize=1, frameSize=4,096, readLen=2)]" classname="com.amazonaws.encryptionsdk.CryptoOutputStreamTest$ParameterizedEncryptDecryptTest" time="0.002"/>
  <testcase name="encryptDecrypt[2426: encryptDecrypt(algorithm=ALG_AES_256_GCM_IV12_TAG16_HKDF_SHA384_ECDSA_P384, byteSize=1, frameSize=4,096, readLen=1,000,000)]" classname="com.amazonaws.encryptionsdk.CryptoOutputStreamTest$ParameterizedEncryptDecryptTest" time="0.003"/>
  <testcase name="encryptDecrypt[2427: encryptDecrypt(algorithm=ALG_AES_256_GCM_IV12_TAG16_HKDF_SHA384_ECDSA_P384, byteSize=4,095, frameSize=4,096, readLen=4,094)]" classname="com.amazonaws.encryptionsdk.CryptoOutputStreamTest$ParameterizedEncryptDecryptTest" time="0.003"/>
  <testcase name="encryptDecrypt[2428: encryptDecrypt(algorithm=ALG_AES_256_GCM_IV12_TAG16_HKDF_SHA384_ECDSA_P384, byteSize=4,095, frameSize=4,096, readLen=4,095)]" classname="com.amazonaws.encryptionsdk.CryptoOutputStreamTest$ParameterizedEncryptDecryptTest" time="0.002"/>
  <testcase name="encryptDecrypt[2429: encryptDecrypt(algorithm=ALG_AES_256_GCM_IV12_TAG16_HKDF_SHA384_ECDSA_P384, byteSize=4,095, frameSize=4,096, readLen=4,096)]" classname="com.amazonaws.encryptionsdk.CryptoOutputStreamTest$ParameterizedEncryptDecryptTest" time="0.003"/>
  <testcase name="encryptDecrypt[2430: encryptDecrypt(algorithm=ALG_AES_256_GCM_IV12_TAG16_HKDF_SHA384_ECDSA_P384, byteSize=4,095, frameSize=4,096, readLen=8,190)]" classname="com.amazonaws.encryptionsdk.CryptoOutputStreamTest$ParameterizedEncryptDecryptTest" time="0.002"/>
  <testcase name="encryptDecrypt[2431: encryptDecrypt(algorithm=ALG_AES_256_GCM_IV12_TAG16_HKDF_SHA384_ECDSA_P384, byteSize=4,095, frameSize=4,096, readLen=1,000,000)]" classname="com.amazonaws.encryptionsdk.CryptoOutputStreamTest$ParameterizedEncryptDecryptTest" time="0.003"/>
  <testcase name="encryptDecrypt[2432: encryptDecrypt(algorithm=ALG_AES_256_GCM_IV12_TAG16_HKDF_SHA384_ECDSA_P384, byteSize=4,096, frameSize=4,096, readLen=4,095)]" classname="com.amazonaws.encryptionsdk.CryptoOutputStreamTest$ParameterizedEncryptDecryptTest" time="0.003"/>
  <testcase name="encryptDecrypt[2433: encryptDecrypt(algorithm=ALG_AES_256_GCM_IV12_TAG16_HKDF_SHA384_ECDSA_P384, byteSize=4,096, frameSize=4,096, readLen=4,096)]" classname="com.amazonaws.encryptionsdk.CryptoOutputStreamTest$ParameterizedEncryptDecryptTest" time="0.003"/>
  <testcase name="encryptDecrypt[2434: encryptDecrypt(algorithm=ALG_AES_256_GCM_IV12_TAG16_HKDF_SHA384_ECDSA_P384, byteSize=4,096, frameSize=4,096, readLen=4,097)]" classname="com.amazonaws.encryptionsdk.CryptoOutputStreamTest$ParameterizedEncryptDecryptTest" time="0.002"/>
  <testcase name="encryptDecrypt[2435: encryptDecrypt(algorithm=ALG_AES_256_GCM_IV12_TAG16_HKDF_SHA384_ECDSA_P384, byteSize=4,096, frameSize=4,096, readLen=8,192)]" classname="com.amazonaws.encryptionsdk.CryptoOutputStreamTest$ParameterizedEncryptDecryptTest" time="0.003"/>
  <testcase name="encryptDecrypt[2436: encryptDecrypt(algorithm=ALG_AES_256_GCM_IV12_TAG16_HKDF_SHA384_ECDSA_P384, byteSize=4,096, frameSize=4,096, readLen=1,000,000)]" classname="com.amazonaws.encryptionsdk.CryptoOutputStreamTest$ParameterizedEncryptDecryptTest" time="0.003"/>
  <testcase name="encryptDecrypt[2437: encryptDecrypt(algorithm=ALG_AES_256_GCM_IV12_TAG16_HKDF_SHA384_ECDSA_P384, byteSize=4,097, frameSize=4,096, readLen=4,096)]" classname="com.amazonaws.encryptionsdk.CryptoOutputStreamTest$ParameterizedEncryptDecryptTest" time="0.002"/>
  <testcase name="encryptDecrypt[2438: encryptDecrypt(algorithm=ALG_AES_256_GCM_IV12_TAG16_HKDF_SHA384_ECDSA_P384, byteSize=4,097, frameSize=4,096, readLen=4,097)]" classname="com.amazonaws.encryptionsdk.CryptoOutputStreamTest$ParameterizedEncryptDecryptTest" time="0.003"/>
  <testcase name="encryptDecrypt[2439: encryptDecrypt(algorithm=ALG_AES_256_GCM_IV12_TAG16_HKDF_SHA384_ECDSA_P384, byteSize=4,097, frameSize=4,096, readLen=4,098)]" classname="com.amazonaws.encryptionsdk.CryptoOutputStreamTest$ParameterizedEncryptDecryptTest" time="0.003"/>
  <testcase name="encryptDecrypt[2440: encryptDecrypt(algorithm=ALG_AES_256_GCM_IV12_TAG16_HKDF_SHA384_ECDSA_P384, byteSize=4,097, frameSize=4,096, readLen=8,194)]" classname="com.amazonaws.encryptionsdk.CryptoOutputStreamTest$ParameterizedEncryptDecryptTest" time="0.003"/>
  <testcase name="encryptDecrypt[2441: encryptDecrypt(algorithm=ALG_AES_256_GCM_IV12_TAG16_HKDF_SHA384_ECDSA_P384, byteSize=4,097, frameSize=4,096, readLen=1,000,000)]" classname="com.amazonaws.encryptionsdk.CryptoOutputStreamTest$ParameterizedEncryptDecryptTest" time="0.002"/>
  <testcase name="encryptDecrypt[2442: encryptDecrypt(algorithm=ALG_AES_256_GCM_IV12_TAG16_HKDF_SHA384_ECDSA_P384, byteSize=6,144, frameSize=4,096, readLen=6,143)]" classname="com.amazonaws.encryptionsdk.CryptoOutputStreamTest$ParameterizedEncryptDecryptTest" time="0.003"/>
  <testcase name="encryptDecrypt[2443: encryptDecrypt(algorithm=ALG_AES_256_GCM_IV12_TAG16_HKDF_SHA384_ECDSA_P384, byteSize=6,144, frameSize=4,096, readLen=6,144)]" classname="com.amazonaws.encryptionsdk.CryptoOutputStreamTest$ParameterizedEncryptDecryptTest" time="0.003"/>
  <testcase name="encryptDecrypt[2444: encryptDecrypt(algorithm=ALG_AES_256_GCM_IV12_TAG16_HKDF_SHA384_ECDSA_P384, byteSize=6,144, frameSize=4,096, readLen=6,145)]" classname="com.amazonaws.encryptionsdk.CryptoOutputStreamTest$ParameterizedEncryptDecryptTest" time="0.002"/>
  <testcase name="encryptDecrypt[2445: encryptDecrypt(algorithm=ALG_AES_256_GCM_IV12_TAG16_HKDF_SHA384_ECDSA_P384, byteSize=6,144, frameSize=4,096, readLen=12,288)]" classname="com.amazonaws.encryptionsdk.CryptoOutputStreamTest$ParameterizedEncryptDecryptTest" time="0.003"/>
  <testcase name="encryptDecrypt[2446: encryptDecrypt(algorithm=ALG_AES_256_GCM_IV12_TAG16_HKDF_SHA384_ECDSA_P384, byteSize=6,144, frameSize=4,096, readLen=1,000,000)]" classname="com.amazonaws.encryptionsdk.CryptoOutputStreamTest$ParameterizedEncryptDecryptTest" time="0.003"/>
  <testcase name="encryptDecrypt[2447: encryptDecrypt(algorithm=ALG_AES_256_GCM_IV12_TAG16_HKDF_SHA384_ECDSA_P384, byteSize=8,192, frameSize=4,096, readLen=8,191)]" classname="com.amazonaws.encryptionsdk.CryptoOutputStreamTest$ParameterizedEncryptDecryptTest" time="0.002"/>
  <testcase name="encryptDecrypt[2448: encryptDecrypt(algorithm=ALG_AES_256_GCM_IV12_TAG16_HKDF_SHA384_ECDSA_P384, byteSize=8,192, frameSize=4,096, readLen=8,192)]" classname="com.amazonaws.encryptionsdk.CryptoOutputStreamTest$ParameterizedEncryptDecryptTest" time="0.003"/>
  <testcase name="encryptDecrypt[2449: encryptDecrypt(algorithm=ALG_AES_256_GCM_IV12_TAG16_HKDF_SHA384_ECDSA_P384, byteSize=8,192, frameSize=4,096, readLen=8,193)]" classname="com.amazonaws.encryptionsdk.CryptoOutputStreamTest$ParameterizedEncryptDecryptTest" time="0.003"/>
  <testcase name="encryptDecrypt[2450: encryptDecrypt(algorithm=ALG_AES_256_GCM_IV12_TAG16_HKDF_SHA384_ECDSA_P384, byteSize=8,192, frameSize=4,096, readLen=16,384)]" classname="com.amazonaws.encryptionsdk.CryptoOutputStreamTest$ParameterizedEncryptDecryptTest" time="0.003"/>
  <testcase name="encryptDecrypt[2451: encryptDecrypt(algorithm=ALG_AES_256_GCM_IV12_TAG16_HKDF_SHA384_ECDSA_P384, byteSize=8,192, frameSize=4,096, readLen=1,000,000)]" classname="com.amazonaws.encryptionsdk.CryptoOutputStreamTest$ParameterizedEncryptDecryptTest" time="0.002"/>
  <testcase name="encryptDecrypt[2452: encryptDecrypt(algorithm=ALG_AES_256_GCM_IV12_TAG16_HKDF_SHA384_ECDSA_P384, byteSize=1,000,000, frameSize=4,096, readLen=999,999)]" classname="com.amazonaws.encryptionsdk.CryptoOutputStreamTest$ParameterizedEncryptDecryptTest" time="0.02"/>
  <testcase name="encryptDecrypt[2453: encryptDecrypt(algorithm=ALG_AES_256_GCM_IV12_TAG16_HKDF_SHA384_ECDSA_P384, byteSize=1,000,000, frameSize=4,096, readLen=1,000,000)]" classname="com.amazonaws.encryptionsdk.CryptoOutputStreamTest$ParameterizedEncryptDecryptTest" time="0.02"/>
  <testcase name="encryptDecrypt[2454: encryptDecrypt(algorithm=ALG_AES_256_GCM_IV12_TAG16_HKDF_SHA384_ECDSA_P384, byteSize=1,000,000, frameSize=4,096, readLen=1,000,001)]" classname="com.amazonaws.encryptionsdk.CryptoOutputStreamTest$ParameterizedEncryptDecryptTest" time="0.02"/>
  <testcase name="encryptDecrypt[2455: encryptDecrypt(algorithm=ALG_AES_256_GCM_IV12_TAG16_HKDF_SHA384_ECDSA_P384, byteSize=1,000,000, frameSize=4,096, readLen=2,000,000)]" classname="com.amazonaws.encryptionsdk.CryptoOutputStreamTest$ParameterizedEncryptDecryptTest" time="0.02"/>
  <testcase name="encryptDecrypt[2456: encryptDecrypt(algorithm=ALG_AES_256_GCM_IV12_TAG16_HKDF_SHA384_ECDSA_P384, byteSize=1,000,000, frameSize=4,096, readLen=1,000,000)]" classname="com.amazonaws.encryptionsdk.CryptoOutputStreamTest$ParameterizedEncryptDecryptTest" time="0.02"/>
  <testcase name="decrypt_whenTrailingSigMissing_throwsException" classname="com.amazonaws.encryptionsdk.DefaultCryptoMaterialsManagerTest" time="0.003"/>
  <testcase name="encrypt_forwardsPlaintextWhenAvailable" classname="com.amazonaws.encryptionsdk.DefaultCryptoMaterialsManagerTest" time="0.016">
    <error message="&#10;Mockito cannot mock this class: class com.amazonaws.encryptionsdk.internal.StaticMasterKey.&#10;&#10;Mockito can only mock non-private &amp; non-final classes.&#10;If you&apos;re not sure why you&apos;re getting this error, please report to the mailing list.&#10;&#10;&#10;Java               : 11&#10;JVM vendor name    : Oracle Corporation&#10;JVM vendor version : 11.0.8+10-LTS&#10;JVM name           : Java HotSpot(TM) 64-Bit Server VM&#10;JVM version        : 11.0.8+10-LTS&#10;JVM info           : mixed mode&#10;OS name            : Linux&#10;OS version         : 4.15.0-106-generic&#10;&#10;&#10;Underlying exception : java.lang.UnsupportedOperationException: Cannot define class using reflection" type="org.mockito.exceptions.base.MockitoException"><![CDATA[org.mockito.exceptions.base.MockitoException: 

Mockito cannot mock this class: class com.amazonaws.encryptionsdk.internal.StaticMasterKey.

Mockito can only mock non-private & non-final classes.
If you're not sure why you're getting this error, please report to the mailing list.


Java               : 11
JVM vendor name    : Oracle Corporation
JVM vendor version : 11.0.8+10-LTS
JVM name           : Java HotSpot(TM) 64-Bit Server VM
JVM version        : 11.0.8+10-LTS
JVM info           : mixed mode
OS name            : Linux
OS version         : 4.15.0-106-generic


Underlying exception : java.lang.UnsupportedOperationException: Cannot define class using reflection
	at com.amazonaws.encryptionsdk.DefaultCryptoMaterialsManagerTest.encrypt_forwardsPlaintextWhenAvailable(DefaultCryptoMaterialsManagerTest.java:149)
Caused by: java.lang.UnsupportedOperationException: Cannot define class using reflection
	at com.amazonaws.encryptionsdk.DefaultCryptoMaterialsManagerTest.encrypt_forwardsPlaintextWhenAvailable(DefaultCryptoMaterialsManagerTest.java:149)
Caused by: java.lang.IllegalArgumentException: Unknown Java version: 11
]]></error>
  </testcase>
  <testcase name="encrypt_setsStreamingWhenNoSizeAvailable" classname="com.amazonaws.encryptionsdk.DefaultCryptoMaterialsManagerTest" time="0.015">
    <error message="&#10;Mockito cannot mock this class: class com.amazonaws.encryptionsdk.internal.StaticMasterKey.&#10;&#10;Mockito can only mock non-private &amp; non-final classes.&#10;If you&apos;re not sure why you&apos;re getting this error, please report to the mailing list.&#10;&#10;&#10;Java               : 11&#10;JVM vendor name    : Oracle Corporation&#10;JVM vendor version : 11.0.8+10-LTS&#10;JVM name           : Java HotSpot(TM) 64-Bit Server VM&#10;JVM version        : 11.0.8+10-LTS&#10;JVM info           : mixed mode&#10;OS name            : Linux&#10;OS version         : 4.15.0-106-generic&#10;&#10;&#10;Underlying exception : java.lang.UnsupportedOperationException: Cannot define class using reflection" type="org.mockito.exceptions.base.MockitoException"><![CDATA[org.mockito.exceptions.base.MockitoException: 

Mockito cannot mock this class: class com.amazonaws.encryptionsdk.internal.StaticMasterKey.

Mockito can only mock non-private & non-final classes.
If you're not sure why you're getting this error, please report to the mailing list.


Java               : 11
JVM vendor name    : Oracle Corporation
JVM vendor version : 11.0.8+10-LTS
JVM name           : Java HotSpot(TM) 64-Bit Server VM
JVM version        : 11.0.8+10-LTS
JVM info           : mixed mode
OS name            : Linux
OS version         : 4.15.0-106-generic


Underlying exception : java.lang.UnsupportedOperationException: Cannot define class using reflection
	at com.amazonaws.encryptionsdk.DefaultCryptoMaterialsManagerTest.encrypt_setsStreamingWhenNoSizeAvailable(DefaultCryptoMaterialsManagerTest.java:181)
Caused by: java.lang.UnsupportedOperationException: Cannot define class using reflection
	at com.amazonaws.encryptionsdk.DefaultCryptoMaterialsManagerTest.encrypt_setsStreamingWhenNoSizeAvailable(DefaultCryptoMaterialsManagerTest.java:181)
Caused by: java.lang.IllegalArgumentException: Unknown Java version: 11
]]></error>
  </testcase>
  <testcase name="encrypt_noSignatureKeyOnUnsignedAlgo" classname="com.amazonaws.encryptionsdk.DefaultCryptoMaterialsManagerTest" time="0"/>
  <testcase name="decrypt_testSimpleRoundTrip" classname="com.amazonaws.encryptionsdk.DefaultCryptoMaterialsManagerTest" time="0.009"/>
  <testcase name="encrypt_hasSignatureKeyForSignedAlgo" classname="com.amazonaws.encryptionsdk.DefaultCryptoMaterialsManagerTest" time="0.001"/>
  <testcase name="encrypt_testBasicFunctionality" classname="com.amazonaws.encryptionsdk.DefaultCryptoMaterialsManagerTest" time="0"/>
  <testcase name="encrypt_whenECContextKeyPresent_throws" classname="com.amazonaws.encryptionsdk.DefaultCryptoMaterialsManagerTest" time="0"/>
  <testcase name="encrypt_whenNoMasterKeys_throws" classname="com.amazonaws.encryptionsdk.DefaultCryptoMaterialsManagerTest" time="0.001"/>
  <testcase name="encrypt_dispatchesMultipleMasterKeys" classname="com.amazonaws.encryptionsdk.DefaultCryptoMaterialsManagerTest" time="0.015">
    <error message="&#10;Mockito cannot mock this class: class com.amazonaws.encryptionsdk.internal.StaticMasterKey.&#10;&#10;Mockito can only mock non-private &amp; non-final classes.&#10;If you&apos;re not sure why you&apos;re getting this error, please report to the mailing list.&#10;&#10;&#10;Java               : 11&#10;JVM vendor name    : Oracle Corporation&#10;JVM vendor version : 11.0.8+10-LTS&#10;JVM name           : Java HotSpot(TM) 64-Bit Server VM&#10;JVM version        : 11.0.8+10-LTS&#10;JVM info           : mixed mode&#10;OS name            : Linux&#10;OS version         : 4.15.0-106-generic&#10;&#10;&#10;Underlying exception : java.lang.UnsupportedOperationException: Cannot define class using reflection" type="org.mockito.exceptions.base.MockitoException"><![CDATA[org.mockito.exceptions.base.MockitoException: 

Mockito cannot mock this class: class com.amazonaws.encryptionsdk.internal.StaticMasterKey.

Mockito can only mock non-private & non-final classes.
If you're not sure why you're getting this error, please report to the mailing list.


Java               : 11
JVM vendor name    : Oracle Corporation
JVM vendor version : 11.0.8+10-LTS
JVM name           : Java HotSpot(TM) 64-Bit Server VM
JVM version        : 11.0.8+10-LTS
JVM info           : mixed mode
OS name            : Linux
OS version         : 4.15.0-106-generic


Underlying exception : java.lang.UnsupportedOperationException: Cannot define class using reflection
	at com.amazonaws.encryptionsdk.DefaultCryptoMaterialsManagerTest.encrypt_dispatchesMultipleMasterKeys(DefaultCryptoMaterialsManagerTest.java:105)
Caused by: java.lang.UnsupportedOperationException: Cannot define class using reflection
	at com.amazonaws.encryptionsdk.DefaultCryptoMaterialsManagerTest.encrypt_dispatchesMultipleMasterKeys(DefaultCryptoMaterialsManagerTest.java:105)
Caused by: java.lang.IllegalArgumentException: Unknown Java version: 11
]]></error>
  </testcase>
  <testcase name="decrypt_onDecryptFailure" classname="com.amazonaws.encryptionsdk.DefaultCryptoMaterialsManagerTest" time="0.014">
    <error message="Unexpected exception, expected&lt;com.amazonaws.encryptionsdk.exception.CannotUnwrapDataKeyException&gt; but was&lt;org.mockito.exceptions.base.MockitoException&gt;" type="java.lang.Exception"><![CDATA[java.lang.Exception: Unexpected exception, expected<com.amazonaws.encryptionsdk.exception.CannotUnwrapDataKeyException> but was<org.mockito.exceptions.base.MockitoException>
	at com.amazonaws.encryptionsdk.DefaultCryptoMaterialsManagerTest.decrypt_onDecryptFailure(DefaultCryptoMaterialsManagerTest.java:280)
Caused by: java.lang.UnsupportedOperationException: Cannot define class using reflection
	at com.amazonaws.encryptionsdk.DefaultCryptoMaterialsManagerTest.decrypt_onDecryptFailure(DefaultCryptoMaterialsManagerTest.java:280)
Caused by: java.lang.IllegalArgumentException: Unknown Java version: 11
]]></error>
  </testcase>
  <testcase name="encrypt_forwardsPlaintextSizeWhenAvailable" classname="com.amazonaws.encryptionsdk.DefaultCryptoMaterialsManagerTest" time="0.015">
    <error message="&#10;Mockito cannot mock this class: class com.amazonaws.encryptionsdk.internal.StaticMasterKey.&#10;&#10;Mockito can only mock non-private &amp; non-final classes.&#10;If you&apos;re not sure why you&apos;re getting this error, please report to the mailing list.&#10;&#10;&#10;Java               : 11&#10;JVM vendor name    : Oracle Corporation&#10;JVM vendor version : 11.0.8+10-LTS&#10;JVM name           : Java HotSpot(TM) 64-Bit Server VM&#10;JVM version        : 11.0.8+10-LTS&#10;JVM info           : mixed mode&#10;OS name            : Linux&#10;OS version         : 4.15.0-106-generic&#10;&#10;&#10;Underlying exception : java.lang.UnsupportedOperationException: Cannot define class using reflection" type="org.mockito.exceptions.base.MockitoException"><![CDATA[org.mockito.exceptions.base.MockitoException: 

Mockito cannot mock this class: class com.amazonaws.encryptionsdk.internal.StaticMasterKey.

Mockito can only mock non-private & non-final classes.
If you're not sure why you're getting this error, please report to the mailing list.


Java               : 11
JVM vendor name    : Oracle Corporation
JVM vendor version : 11.0.8+10-LTS
JVM name           : Java HotSpot(TM) 64-Bit Server VM
JVM version        : 11.0.8+10-LTS
JVM info           : mixed mode
OS name            : Linux
OS version         : 4.15.0-106-generic


Underlying exception : java.lang.UnsupportedOperationException: Cannot define class using reflection
	at com.amazonaws.encryptionsdk.DefaultCryptoMaterialsManagerTest.encrypt_forwardsPlaintextSizeWhenAvailable(DefaultCryptoMaterialsManagerTest.java:165)
Caused by: java.lang.UnsupportedOperationException: Cannot define class using reflection
	at com.amazonaws.encryptionsdk.DefaultCryptoMaterialsManagerTest.encrypt_forwardsPlaintextSizeWhenAvailable(DefaultCryptoMaterialsManagerTest.java:165)
Caused by: java.lang.IllegalArgumentException: Unknown Java version: 11
]]></error>
  </testcase>
  <testcase name="testDecryptPath" classname="com.amazonaws.encryptionsdk.caching.NullCryptoMaterialsCacheTest" time="0.002"/>
  <testcase name="testEncryptPath" classname="com.amazonaws.encryptionsdk.caching.NullCryptoMaterialsCacheTest" time="0"/>
  <testcase name="pythonTestVecs" classname="com.amazonaws.encryptionsdk.caching.CacheIdentifierTests" time="0.008">
    <error message="&#10;Mockito cannot mock this class: interface com.amazonaws.encryptionsdk.caching.CryptoMaterialsCache.&#10;&#10;Mockito can only mock non-private &amp; non-final classes.&#10;If you&apos;re not sure why you&apos;re getting this error, please report to the mailing list.&#10;&#10;&#10;Java               : 11&#10;JVM vendor name    : Oracle Corporation&#10;JVM vendor version : 11.0.8+10-LTS&#10;JVM name           : Java HotSpot(TM) 64-Bit Server VM&#10;JVM version        : 11.0.8+10-LTS&#10;JVM info           : mixed mode&#10;OS name            : Linux&#10;OS version         : 4.15.0-106-generic&#10;&#10;&#10;Underlying exception : java.lang.UnsupportedOperationException: Cannot define class using reflection" type="org.mockito.exceptions.base.MockitoException"><![CDATA[org.mockito.exceptions.base.MockitoException: 

Mockito cannot mock this class: interface com.amazonaws.encryptionsdk.caching.CryptoMaterialsCache.

Mockito can only mock non-private & non-final classes.
If you're not sure why you're getting this error, please report to the mailing list.


Java               : 11
JVM vendor name    : Oracle Corporation
JVM vendor version : 11.0.8+10-LTS
JVM name           : Java HotSpot(TM) 64-Bit Server VM
JVM version        : 11.0.8+10-LTS
JVM info           : mixed mode
OS name            : Linux
OS version         : 4.15.0-106-generic


Underlying exception : java.lang.UnsupportedOperationException: Cannot define class using reflection
	at com.amazonaws.encryptionsdk.caching.CacheIdentifierTests.getCMM(CacheIdentifierTests.java:191)
	at com.amazonaws.encryptionsdk.caching.CacheIdentifierTests.assertEncryptId(CacheIdentifierTests.java:98)
	at com.amazonaws.encryptionsdk.caching.CacheIdentifierTests.pythonTestVecs(CacheIdentifierTests.java:53)
Caused by: java.lang.UnsupportedOperationException: Cannot define class using reflection
	at com.amazonaws.encryptionsdk.caching.CacheIdentifierTests.getCMM(CacheIdentifierTests.java:191)
	at com.amazonaws.encryptionsdk.caching.CacheIdentifierTests.assertEncryptId(CacheIdentifierTests.java:98)
	at com.amazonaws.encryptionsdk.caching.CacheIdentifierTests.pythonTestVecs(CacheIdentifierTests.java:53)
Caused by: java.lang.IllegalArgumentException: Unknown Java version: 11
]]></error>
  </testcase>
  <testcase name="decryptDigestTestVector" classname="com.amazonaws.encryptionsdk.caching.CacheIdentifierTests" time="0.005">
    <error message="&#10;Mockito cannot mock this class: interface com.amazonaws.encryptionsdk.caching.CryptoMaterialsCache.&#10;&#10;Mockito can only mock non-private &amp; non-final classes.&#10;If you&apos;re not sure why you&apos;re getting this error, please report to the mailing list.&#10;&#10;&#10;Java               : 11&#10;JVM vendor name    : Oracle Corporation&#10;JVM vendor version : 11.0.8+10-LTS&#10;JVM name           : Java HotSpot(TM) 64-Bit Server VM&#10;JVM version        : 11.0.8+10-LTS&#10;JVM info           : mixed mode&#10;OS name            : Linux&#10;OS version         : 4.15.0-106-generic&#10;&#10;&#10;Underlying exception : java.lang.UnsupportedOperationException: Cannot define class using reflection" type="org.mockito.exceptions.base.MockitoException"><![CDATA[org.mockito.exceptions.base.MockitoException: 

Mockito cannot mock this class: interface com.amazonaws.encryptionsdk.caching.CryptoMaterialsCache.

Mockito can only mock non-private & non-final classes.
If you're not sure why you're getting this error, please report to the mailing list.


Java               : 11
JVM vendor name    : Oracle Corporation
JVM vendor version : 11.0.8+10-LTS
JVM name           : Java HotSpot(TM) 64-Bit Server VM
JVM version        : 11.0.8+10-LTS
JVM info           : mixed mode
OS name            : Linux
OS version         : 4.15.0-106-generic


Underlying exception : java.lang.UnsupportedOperationException: Cannot define class using reflection
	at com.amazonaws.encryptionsdk.caching.CacheIdentifierTests.getCMM(CacheIdentifierTests.java:191)
	at com.amazonaws.encryptionsdk.caching.CacheIdentifierTests.decryptDigestTestVector(CacheIdentifierTests.java:164)
Caused by: java.lang.UnsupportedOperationException: Cannot define class using reflection
	at com.amazonaws.encryptionsdk.caching.CacheIdentifierTests.getCMM(CacheIdentifierTests.java:191)
	at com.amazonaws.encryptionsdk.caching.CacheIdentifierTests.decryptDigestTestVector(CacheIdentifierTests.java:164)
Caused by: java.lang.IllegalArgumentException: Unknown Java version: 11
]]></error>
  </testcase>
  <testcase name="encryptDigestTestVector" classname="com.amazonaws.encryptionsdk.caching.CacheIdentifierTests" time="0.005">
    <error message="&#10;Mockito cannot mock this class: interface com.amazonaws.encryptionsdk.caching.CryptoMaterialsCache.&#10;&#10;Mockito can only mock non-private &amp; non-final classes.&#10;If you&apos;re not sure why you&apos;re getting this error, please report to the mailing list.&#10;&#10;&#10;Java               : 11&#10;JVM vendor name    : Oracle Corporation&#10;JVM vendor version : 11.0.8+10-LTS&#10;JVM name           : Java HotSpot(TM) 64-Bit Server VM&#10;JVM version        : 11.0.8+10-LTS&#10;JVM info           : mixed mode&#10;OS name            : Linux&#10;OS version         : 4.15.0-106-generic&#10;&#10;&#10;Underlying exception : java.lang.UnsupportedOperationException: Cannot define class using reflection" type="org.mockito.exceptions.base.MockitoException"><![CDATA[org.mockito.exceptions.base.MockitoException: 

Mockito cannot mock this class: interface com.amazonaws.encryptionsdk.caching.CryptoMaterialsCache.

Mockito can only mock non-private & non-final classes.
If you're not sure why you're getting this error, please report to the mailing list.


Java               : 11
JVM vendor name    : Oracle Corporation
JVM vendor version : 11.0.8+10-LTS
JVM name           : Java HotSpot(TM) 64-Bit Server VM
JVM version        : 11.0.8+10-LTS
JVM info           : mixed mode
OS name            : Linux
OS version         : 4.15.0-106-generic


Underlying exception : java.lang.UnsupportedOperationException: Cannot define class using reflection
	at com.amazonaws.encryptionsdk.caching.CacheIdentifierTests.getCMM(CacheIdentifierTests.java:191)
	at com.amazonaws.encryptionsdk.caching.CacheIdentifierTests.encryptDigestTestVector(CacheIdentifierTests.java:113)
Caused by: java.lang.UnsupportedOperationException: Cannot define class using reflection
	at com.amazonaws.encryptionsdk.caching.CacheIdentifierTests.getCMM(CacheIdentifierTests.java:191)
	at com.amazonaws.encryptionsdk.caching.CacheIdentifierTests.encryptDigestTestVector(CacheIdentifierTests.java:113)
Caused by: java.lang.IllegalArgumentException: Unknown Java version: 11
]]></error>
  </testcase>
  <testcase name="testBuilderValidation" classname="com.amazonaws.encryptionsdk.caching.CachingCryptoMaterialsManagerTest" time="0.006">
    <error message="&#10;Mockito cannot mock this class: interface com.amazonaws.encryptionsdk.caching.CryptoMaterialsCache.&#10;&#10;Mockito can only mock non-private &amp; non-final classes.&#10;If you&apos;re not sure why you&apos;re getting this error, please report to the mailing list.&#10;&#10;&#10;Java               : 11&#10;JVM vendor name    : Oracle Corporation&#10;JVM vendor version : 11.0.8+10-LTS&#10;JVM name           : Java HotSpot(TM) 64-Bit Server VM&#10;JVM version        : 11.0.8+10-LTS&#10;JVM info           : mixed mode&#10;OS name            : Linux&#10;OS version         : 4.15.0-106-generic&#10;&#10;&#10;Underlying exception : java.lang.UnsupportedOperationException: Cannot define class using reflection" type="org.mockito.exceptions.base.MockitoException"><![CDATA[org.mockito.exceptions.base.MockitoException: 

Mockito cannot mock this class: interface com.amazonaws.encryptionsdk.caching.CryptoMaterialsCache.

Mockito can only mock non-private & non-final classes.
If you're not sure why you're getting this error, please report to the mailing list.


Java               : 11
JVM vendor name    : Oracle Corporation
JVM vendor version : 11.0.8+10-LTS
JVM name           : Java HotSpot(TM) 64-Bit Server VM
JVM version        : 11.0.8+10-LTS
JVM info           : mixed mode
OS name            : Linux
OS version         : 4.15.0-106-generic


Underlying exception : java.lang.UnsupportedOperationException: Cannot define class using reflection
	at com.amazonaws.encryptionsdk.caching.CachingCryptoMaterialsManagerTest.setUp(CachingCryptoMaterialsManagerTest.java:47)
Caused by: java.lang.UnsupportedOperationException: Cannot define class using reflection
	at com.amazonaws.encryptionsdk.caching.CachingCryptoMaterialsManagerTest.setUp(CachingCryptoMaterialsManagerTest.java:47)
Caused by: java.lang.IllegalArgumentException: Unknown Java version: 11
]]></error>
  </testcase>
  <testcase name="whenCacheIsEmpty_performsCacheMiss" classname="com.amazonaws.encryptionsdk.caching.CachingCryptoMaterialsManagerTest" time="0.005">
    <error message="&#10;Mockito cannot mock this class: interface com.amazonaws.encryptionsdk.caching.CryptoMaterialsCache.&#10;&#10;Mockito can only mock non-private &amp; non-final classes.&#10;If you&apos;re not sure why you&apos;re getting this error, please report to the mailing list.&#10;&#10;&#10;Java               : 11&#10;JVM vendor name    : Oracle Corporation&#10;JVM vendor version : 11.0.8+10-LTS&#10;JVM name           : Java HotSpot(TM) 64-Bit Server VM&#10;JVM version        : 11.0.8+10-LTS&#10;JVM info           : mixed mode&#10;OS name            : Linux&#10;OS version         : 4.15.0-106-generic&#10;&#10;&#10;Underlying exception : java.lang.UnsupportedOperationException: Cannot define class using reflection" type="org.mockito.exceptions.base.MockitoException"><![CDATA[org.mockito.exceptions.base.MockitoException: 

Mockito cannot mock this class: interface com.amazonaws.encryptionsdk.caching.CryptoMaterialsCache.

Mockito can only mock non-private & non-final classes.
If you're not sure why you're getting this error, please report to the mailing list.


Java               : 11
JVM vendor name    : Oracle Corporation
JVM vendor version : 11.0.8+10-LTS
JVM name           : Java HotSpot(TM) 64-Bit Server VM
JVM version        : 11.0.8+10-LTS
JVM info           : mixed mode
OS name            : Linux
OS version         : 4.15.0-106-generic


Underlying exception : java.lang.UnsupportedOperationException: Cannot define class using reflection
	at com.amazonaws.encryptionsdk.caching.CachingCryptoMaterialsManagerTest.setUp(CachingCryptoMaterialsManagerTest.java:47)
Caused by: java.lang.UnsupportedOperationException: Cannot define class using reflection
	at com.amazonaws.encryptionsdk.caching.CachingCryptoMaterialsManagerTest.setUp(CachingCryptoMaterialsManagerTest.java:47)
Caused by: java.lang.IllegalArgumentException: Unknown Java version: 11
]]></error>
  </testcase>
  <testcase name="whenCacheMisses_correctHintAndUsagePassed" classname="com.amazonaws.encryptionsdk.caching.CachingCryptoMaterialsManagerTest" time="0.005">
    <error message="&#10;Mockito cannot mock this class: interface com.amazonaws.encryptionsdk.caching.CryptoMaterialsCache.&#10;&#10;Mockito can only mock non-private &amp; non-final classes.&#10;If you&apos;re not sure why you&apos;re getting this error, please report to the mailing list.&#10;&#10;&#10;Java               : 11&#10;JVM vendor name    : Oracle Corporation&#10;JVM vendor version : 11.0.8+10-LTS&#10;JVM name           : Java HotSpot(TM) 64-Bit Server VM&#10;JVM version        : 11.0.8+10-LTS&#10;JVM info           : mixed mode&#10;OS name            : Linux&#10;OS version         : 4.15.0-106-generic&#10;&#10;&#10;Underlying exception : java.lang.UnsupportedOperationException: Cannot define class using reflection" type="org.mockito.exceptions.base.MockitoException"><![CDATA[org.mockito.exceptions.base.MockitoException: 

Mockito cannot mock this class: interface com.amazonaws.encryptionsdk.caching.CryptoMaterialsCache.

Mockito can only mock non-private & non-final classes.
If you're not sure why you're getting this error, please report to the mailing list.


Java               : 11
JVM vendor name    : Oracle Corporation
JVM vendor version : 11.0.8+10-LTS
JVM name           : Java HotSpot(TM) 64-Bit Server VM
JVM version        : 11.0.8+10-LTS
JVM info           : mixed mode
OS name            : Linux
OS version         : 4.15.0-106-generic


Underlying exception : java.lang.UnsupportedOperationException: Cannot define class using reflection
	at com.amazonaws.encryptionsdk.caching.CachingCryptoMaterialsManagerTest.setUp(CachingCryptoMaterialsManagerTest.java:47)
Caused by: java.lang.UnsupportedOperationException: Cannot define class using reflection
	at com.amazonaws.encryptionsdk.caching.CachingCryptoMaterialsManagerTest.setUp(CachingCryptoMaterialsManagerTest.java:47)
Caused by: java.lang.IllegalArgumentException: Unknown Java version: 11
]]></error>
  </testcase>
  <testcase name="whenCacheEntryIsExhausted_byMessageLimit_performsCacheMiss" classname="com.amazonaws.encryptionsdk.caching.CachingCryptoMaterialsManagerTest" time="0.007">
    <error message="&#10;Mockito cannot mock this class: interface com.amazonaws.encryptionsdk.caching.CryptoMaterialsCache.&#10;&#10;Mockito can only mock non-private &amp; non-final classes.&#10;If you&apos;re not sure why you&apos;re getting this error, please report to the mailing list.&#10;&#10;&#10;Java               : 11&#10;JVM vendor name    : Oracle Corporation&#10;JVM vendor version : 11.0.8+10-LTS&#10;JVM name           : Java HotSpot(TM) 64-Bit Server VM&#10;JVM version        : 11.0.8+10-LTS&#10;JVM info           : mixed mode&#10;OS name            : Linux&#10;OS version         : 4.15.0-106-generic&#10;&#10;&#10;Underlying exception : java.lang.UnsupportedOperationException: Cannot define class using reflection" type="org.mockito.exceptions.base.MockitoException"><![CDATA[org.mockito.exceptions.base.MockitoException: 

Mockito cannot mock this class: interface com.amazonaws.encryptionsdk.caching.CryptoMaterialsCache.

Mockito can only mock non-private & non-final classes.
If you're not sure why you're getting this error, please report to the mailing list.


Java               : 11
JVM vendor name    : Oracle Corporation
JVM vendor version : 11.0.8+10-LTS
JVM name           : Java HotSpot(TM) 64-Bit Server VM
JVM version        : 11.0.8+10-LTS
JVM info           : mixed mode
OS name            : Linux
OS version         : 4.15.0-106-generic


Underlying exception : java.lang.UnsupportedOperationException: Cannot define class using reflection
	at com.amazonaws.encryptionsdk.caching.CachingCryptoMaterialsManagerTest.setUp(CachingCryptoMaterialsManagerTest.java:47)
Caused by: java.lang.UnsupportedOperationException: Cannot define class using reflection
	at com.amazonaws.encryptionsdk.caching.CachingCryptoMaterialsManagerTest.setUp(CachingCryptoMaterialsManagerTest.java:47)
Caused by: java.lang.IllegalArgumentException: Unknown Java version: 11
]]></error>
  </testcase>
  <testcase name="whenStreaming_cacheMiss_withNoSizeHint_doesNotCache" classname="com.amazonaws.encryptionsdk.caching.CachingCryptoMaterialsManagerTest" time="0.004">
    <error message="&#10;Mockito cannot mock this class: interface com.amazonaws.encryptionsdk.caching.CryptoMaterialsCache.&#10;&#10;Mockito can only mock non-private &amp; non-final classes.&#10;If you&apos;re not sure why you&apos;re getting this error, please report to the mailing list.&#10;&#10;&#10;Java               : 11&#10;JVM vendor name    : Oracle Corporation&#10;JVM vendor version : 11.0.8+10-LTS&#10;JVM name           : Java HotSpot(TM) 64-Bit Server VM&#10;JVM version        : 11.0.8+10-LTS&#10;JVM info           : mixed mode&#10;OS name            : Linux&#10;OS version         : 4.15.0-106-generic&#10;&#10;&#10;Underlying exception : java.lang.UnsupportedOperationException: Cannot define class using reflection" type="org.mockito.exceptions.base.MockitoException"><![CDATA[org.mockito.exceptions.base.MockitoException: 

Mockito cannot mock this class: interface com.amazonaws.encryptionsdk.caching.CryptoMaterialsCache.

Mockito can only mock non-private & non-final classes.
If you're not sure why you're getting this error, please report to the mailing list.


Java               : 11
JVM vendor name    : Oracle Corporation
JVM vendor version : 11.0.8+10-LTS
JVM name           : Java HotSpot(TM) 64-Bit Server VM
JVM version        : 11.0.8+10-LTS
JVM info           : mixed mode
OS name            : Linux
OS version         : 4.15.0-106-generic


Underlying exception : java.lang.UnsupportedOperationException: Cannot define class using reflection
	at com.amazonaws.encryptionsdk.caching.CachingCryptoMaterialsManagerTest.setUp(CachingCryptoMaterialsManagerTest.java:47)
Caused by: java.lang.UnsupportedOperationException: Cannot define class using reflection
	at com.amazonaws.encryptionsdk.caching.CachingCryptoMaterialsManagerTest.setUp(CachingCryptoMaterialsManagerTest.java:47)
Caused by: java.lang.IllegalArgumentException: Unknown Java version: 11
]]></error>
  </testcase>
  <testcase name="whenBuilderReused_uniquePartitionSet" classname="com.amazonaws.encryptionsdk.caching.CachingCryptoMaterialsManagerTest" time="0.005">
    <error message="&#10;Mockito cannot mock this class: interface com.amazonaws.encryptionsdk.caching.CryptoMaterialsCache.&#10;&#10;Mockito can only mock non-private &amp; non-final classes.&#10;If you&apos;re not sure why you&apos;re getting this error, please report to the mailing list.&#10;&#10;&#10;Java               : 11&#10;JVM vendor name    : Oracle Corporation&#10;JVM vendor version : 11.0.8+10-LTS&#10;JVM name           : Java HotSpot(TM) 64-Bit Server VM&#10;JVM version        : 11.0.8+10-LTS&#10;JVM info           : mixed mode&#10;OS name            : Linux&#10;OS version         : 4.15.0-106-generic&#10;&#10;&#10;Underlying exception : java.lang.UnsupportedOperationException: Cannot define class using reflection" type="org.mockito.exceptions.base.MockitoException"><![CDATA[org.mockito.exceptions.base.MockitoException: 

Mockito cannot mock this class: interface com.amazonaws.encryptionsdk.caching.CryptoMaterialsCache.

Mockito can only mock non-private & non-final classes.
If you're not sure why you're getting this error, please report to the mailing list.


Java               : 11
JVM vendor name    : Oracle Corporation
JVM vendor version : 11.0.8+10-LTS
JVM name           : Java HotSpot(TM) 64-Bit Server VM
JVM version        : 11.0.8+10-LTS
JVM info           : mixed mode
OS name            : Linux
OS version         : 4.15.0-106-generic


Underlying exception : java.lang.UnsupportedOperationException: Cannot define class using reflection
	at com.amazonaws.encryptionsdk.caching.CachingCryptoMaterialsManagerTest.setUp(CachingCryptoMaterialsManagerTest.java:47)
Caused by: java.lang.UnsupportedOperationException: Cannot define class using reflection
	at com.amazonaws.encryptionsdk.caching.CachingCryptoMaterialsManagerTest.setUp(CachingCryptoMaterialsManagerTest.java:47)
Caused by: java.lang.IllegalArgumentException: Unknown Java version: 11
]]></error>
  </testcase>
  <testcase name="whenDecryptCacheMisses_correctHintPassed" classname="com.amazonaws.encryptionsdk.caching.CachingCryptoMaterialsManagerTest" time="0.004">
    <error message="&#10;Mockito cannot mock this class: interface com.amazonaws.encryptionsdk.caching.CryptoMaterialsCache.&#10;&#10;Mockito can only mock non-private &amp; non-final classes.&#10;If you&apos;re not sure why you&apos;re getting this error, please report to the mailing list.&#10;&#10;&#10;Java               : 11&#10;JVM vendor name    : Oracle Corporation&#10;JVM vendor version : 11.0.8+10-LTS&#10;JVM name           : Java HotSpot(TM) 64-Bit Server VM&#10;JVM version        : 11.0.8+10-LTS&#10;JVM info           : mixed mode&#10;OS name            : Linux&#10;OS version         : 4.15.0-106-generic&#10;&#10;&#10;Underlying exception : java.lang.UnsupportedOperationException: Cannot define class using reflection" type="org.mockito.exceptions.base.MockitoException"><![CDATA[org.mockito.exceptions.base.MockitoException: 

Mockito cannot mock this class: interface com.amazonaws.encryptionsdk.caching.CryptoMaterialsCache.

Mockito can only mock non-private & non-final classes.
If you're not sure why you're getting this error, please report to the mailing list.


Java               : 11
JVM vendor name    : Oracle Corporation
JVM vendor version : 11.0.8+10-LTS
JVM name           : Java HotSpot(TM) 64-Bit Server VM
JVM version        : 11.0.8+10-LTS
JVM info           : mixed mode
OS name            : Linux
OS version         : 4.15.0-106-generic


Underlying exception : java.lang.UnsupportedOperationException: Cannot define class using reflection
	at com.amazonaws.encryptionsdk.caching.CachingCryptoMaterialsManagerTest.setUp(CachingCryptoMaterialsManagerTest.java:47)
Caused by: java.lang.UnsupportedOperationException: Cannot define class using reflection
	at com.amazonaws.encryptionsdk.caching.CachingCryptoMaterialsManagerTest.setUp(CachingCryptoMaterialsManagerTest.java:47)
Caused by: java.lang.IllegalArgumentException: Unknown Java version: 11
]]></error>
  </testcase>
  <testcase name="whenInitialUsageExceedsLimit_cacheIsBypassed" classname="com.amazonaws.encryptionsdk.caching.CachingCryptoMaterialsManagerTest" time="0.005">
    <error message="&#10;Mockito cannot mock this class: interface com.amazonaws.encryptionsdk.caching.CryptoMaterialsCache.&#10;&#10;Mockito can only mock non-private &amp; non-final classes.&#10;If you&apos;re not sure why you&apos;re getting this error, please report to the mailing list.&#10;&#10;&#10;Java               : 11&#10;JVM vendor name    : Oracle Corporation&#10;JVM vendor version : 11.0.8+10-LTS&#10;JVM name           : Java HotSpot(TM) 64-Bit Server VM&#10;JVM version        : 11.0.8+10-LTS&#10;JVM info           : mixed mode&#10;OS name            : Linux&#10;OS version         : 4.15.0-106-generic&#10;&#10;&#10;Underlying exception : java.lang.UnsupportedOperationException: Cannot define class using reflection" type="org.mockito.exceptions.base.MockitoException"><![CDATA[org.mockito.exceptions.base.MockitoException: 

Mockito cannot mock this class: interface com.amazonaws.encryptionsdk.caching.CryptoMaterialsCache.

Mockito can only mock non-private & non-final classes.
If you're not sure why you're getting this error, please report to the mailing list.


Java               : 11
JVM vendor name    : Oracle Corporation
JVM vendor version : 11.0.8+10-LTS
JVM name           : Java HotSpot(TM) 64-Bit Server VM
JVM version        : 11.0.8+10-LTS
JVM info           : mixed mode
OS name            : Linux
OS version         : 4.15.0-106-generic


Underlying exception : java.lang.UnsupportedOperationException: Cannot define class using reflection
	at com.amazonaws.encryptionsdk.caching.CachingCryptoMaterialsManagerTest.setUp(CachingCryptoMaterialsManagerTest.java:47)
Caused by: java.lang.UnsupportedOperationException: Cannot define class using reflection
	at com.amazonaws.encryptionsdk.caching.CachingCryptoMaterialsManagerTest.setUp(CachingCryptoMaterialsManagerTest.java:47)
Caused by: java.lang.IllegalArgumentException: Unknown Java version: 11
]]></error>
  </testcase>
  <testcase name="whenDecrypting_andEntryExpired_cacheMiss" classname="com.amazonaws.encryptionsdk.caching.CachingCryptoMaterialsManagerTest" time="0.004">
    <error message="&#10;Mockito cannot mock this class: interface com.amazonaws.encryptionsdk.caching.CryptoMaterialsCache.&#10;&#10;Mockito can only mock non-private &amp; non-final classes.&#10;If you&apos;re not sure why you&apos;re getting this error, please report to the mailing list.&#10;&#10;&#10;Java               : 11&#10;JVM vendor name    : Oracle Corporation&#10;JVM vendor version : 11.0.8+10-LTS&#10;JVM name           : Java HotSpot(TM) 64-Bit Server VM&#10;JVM version        : 11.0.8+10-LTS&#10;JVM info           : mixed mode&#10;OS name            : Linux&#10;OS version         : 4.15.0-106-generic&#10;&#10;&#10;Underlying exception : java.lang.UnsupportedOperationException: Cannot define class using reflection" type="org.mockito.exceptions.base.MockitoException"><![CDATA[org.mockito.exceptions.base.MockitoException: 

Mockito cannot mock this class: interface com.amazonaws.encryptionsdk.caching.CryptoMaterialsCache.

Mockito can only mock non-private & non-final classes.
If you're not sure why you're getting this error, please report to the mailing list.


Java               : 11
JVM vendor name    : Oracle Corporation
JVM vendor version : 11.0.8+10-LTS
JVM name           : Java HotSpot(TM) 64-Bit Server VM
JVM version        : 11.0.8+10-LTS
JVM info           : mixed mode
OS name            : Linux
OS version         : 4.15.0-106-generic


Underlying exception : java.lang.UnsupportedOperationException: Cannot define class using reflection
	at com.amazonaws.encryptionsdk.caching.CachingCryptoMaterialsManagerTest.setUp(CachingCryptoMaterialsManagerTest.java:47)
Caused by: java.lang.UnsupportedOperationException: Cannot define class using reflection
	at com.amazonaws.encryptionsdk.caching.CachingCryptoMaterialsManagerTest.setUp(CachingCryptoMaterialsManagerTest.java:47)
Caused by: java.lang.IllegalArgumentException: Unknown Java version: 11
]]></error>
  </testcase>
  <testcase name="whenEncryptCacheEntryIsExpired_performsCacheMiss" classname="com.amazonaws.encryptionsdk.caching.CachingCryptoMaterialsManagerTest" time="0.004">
    <error message="&#10;Mockito cannot mock this class: interface com.amazonaws.encryptionsdk.caching.CryptoMaterialsCache.&#10;&#10;Mockito can only mock non-private &amp; non-final classes.&#10;If you&apos;re not sure why you&apos;re getting this error, please report to the mailing list.&#10;&#10;&#10;Java               : 11&#10;JVM vendor name    : Oracle Corporation&#10;JVM vendor version : 11.0.8+10-LTS&#10;JVM name           : Java HotSpot(TM) 64-Bit Server VM&#10;JVM version        : 11.0.8+10-LTS&#10;JVM info           : mixed mode&#10;OS name            : Linux&#10;OS version         : 4.15.0-106-generic&#10;&#10;&#10;Underlying exception : java.lang.UnsupportedOperationException: Cannot define class using reflection" type="org.mockito.exceptions.base.MockitoException"><![CDATA[org.mockito.exceptions.base.MockitoException: 

Mockito cannot mock this class: interface com.amazonaws.encryptionsdk.caching.CryptoMaterialsCache.

Mockito can only mock non-private & non-final classes.
If you're not sure why you're getting this error, please report to the mailing list.


Java               : 11
JVM vendor name    : Oracle Corporation
JVM vendor version : 11.0.8+10-LTS
JVM name           : Java HotSpot(TM) 64-Bit Server VM
JVM version        : 11.0.8+10-LTS
JVM info           : mixed mode
OS name            : Linux
OS version         : 4.15.0-106-generic


Underlying exception : java.lang.UnsupportedOperationException: Cannot define class using reflection
	at com.amazonaws.encryptionsdk.caching.CachingCryptoMaterialsManagerTest.setUp(CachingCryptoMaterialsManagerTest.java:47)
Caused by: java.lang.UnsupportedOperationException: Cannot define class using reflection
	at com.amazonaws.encryptionsdk.caching.CachingCryptoMaterialsManagerTest.setUp(CachingCryptoMaterialsManagerTest.java:47)
Caused by: java.lang.IllegalArgumentException: Unknown Java version: 11
]]></error>
  </testcase>
  <testcase name="whenAlgorithmIsUncachable_resultNotStoredInCache" classname="com.amazonaws.encryptionsdk.caching.CachingCryptoMaterialsManagerTest" time="0.004">
    <error message="&#10;Mockito cannot mock this class: interface com.amazonaws.encryptionsdk.caching.CryptoMaterialsCache.&#10;&#10;Mockito can only mock non-private &amp; non-final classes.&#10;If you&apos;re not sure why you&apos;re getting this error, please report to the mailing list.&#10;&#10;&#10;Java               : 11&#10;JVM vendor name    : Oracle Corporation&#10;JVM vendor version : 11.0.8+10-LTS&#10;JVM name           : Java HotSpot(TM) 64-Bit Server VM&#10;JVM version        : 11.0.8+10-LTS&#10;JVM info           : mixed mode&#10;OS name            : Linux&#10;OS version         : 4.15.0-106-generic&#10;&#10;&#10;Underlying exception : java.lang.UnsupportedOperationException: Cannot define class using reflection" type="org.mockito.exceptions.base.MockitoException"><![CDATA[org.mockito.exceptions.base.MockitoException: 

Mockito cannot mock this class: interface com.amazonaws.encryptionsdk.caching.CryptoMaterialsCache.

Mockito can only mock non-private & non-final classes.
If you're not sure why you're getting this error, please report to the mailing list.


Java               : 11
JVM vendor name    : Oracle Corporation
JVM vendor version : 11.0.8+10-LTS
JVM name           : Java HotSpot(TM) 64-Bit Server VM
JVM version        : 11.0.8+10-LTS
JVM info           : mixed mode
OS name            : Linux
OS version         : 4.15.0-106-generic


Underlying exception : java.lang.UnsupportedOperationException: Cannot define class using reflection
	at com.amazonaws.encryptionsdk.caching.CachingCryptoMaterialsManagerTest.setUp(CachingCryptoMaterialsManagerTest.java:47)
Caused by: java.lang.UnsupportedOperationException: Cannot define class using reflection
	at com.amazonaws.encryptionsdk.caching.CachingCryptoMaterialsManagerTest.setUp(CachingCryptoMaterialsManagerTest.java:47)
Caused by: java.lang.IllegalArgumentException: Unknown Java version: 11
]]></error>
  </testcase>
  <testcase name="whenCacheEntryIsExhausted_byByteLimit_performsCacheMiss" classname="com.amazonaws.encryptionsdk.caching.CachingCryptoMaterialsManagerTest" time="0.004">
    <error message="&#10;Mockito cannot mock this class: interface com.amazonaws.encryptionsdk.caching.CryptoMaterialsCache.&#10;&#10;Mockito can only mock non-private &amp; non-final classes.&#10;If you&apos;re not sure why you&apos;re getting this error, please report to the mailing list.&#10;&#10;&#10;Java               : 11&#10;JVM vendor name    : Oracle Corporation&#10;JVM vendor version : 11.0.8+10-LTS&#10;JVM name           : Java HotSpot(TM) 64-Bit Server VM&#10;JVM version        : 11.0.8+10-LTS&#10;JVM info           : mixed mode&#10;OS name            : Linux&#10;OS version         : 4.15.0-106-generic&#10;&#10;&#10;Underlying exception : java.lang.UnsupportedOperationException: Cannot define class using reflection" type="org.mockito.exceptions.base.MockitoException"><![CDATA[org.mockito.exceptions.base.MockitoException: 

Mockito cannot mock this class: interface com.amazonaws.encryptionsdk.caching.CryptoMaterialsCache.

Mockito can only mock non-private & non-final classes.
If you're not sure why you're getting this error, please report to the mailing list.


Java               : 11
JVM vendor name    : Oracle Corporation
JVM vendor version : 11.0.8+10-LTS
JVM name           : Java HotSpot(TM) 64-Bit Server VM
JVM version        : 11.0.8+10-LTS
JVM info           : mixed mode
OS name            : Linux
OS version         : 4.15.0-106-generic


Underlying exception : java.lang.UnsupportedOperationException: Cannot define class using reflection
	at com.amazonaws.encryptionsdk.caching.CachingCryptoMaterialsManagerTest.setUp(CachingCryptoMaterialsManagerTest.java:47)
Caused by: java.lang.UnsupportedOperationException: Cannot define class using reflection
	at com.amazonaws.encryptionsdk.caching.CachingCryptoMaterialsManagerTest.setUp(CachingCryptoMaterialsManagerTest.java:47)
Caused by: java.lang.IllegalArgumentException: Unknown Java version: 11
]]></error>
  </testcase>
  <testcase name="whenDecrypting_cacheHit" classname="com.amazonaws.encryptionsdk.caching.CachingCryptoMaterialsManagerTest" time="0.005">
    <error message="&#10;Mockito cannot mock this class: interface com.amazonaws.encryptionsdk.caching.CryptoMaterialsCache.&#10;&#10;Mockito can only mock non-private &amp; non-final classes.&#10;If you&apos;re not sure why you&apos;re getting this error, please report to the mailing list.&#10;&#10;&#10;Java               : 11&#10;JVM vendor name    : Oracle Corporation&#10;JVM vendor version : 11.0.8+10-LTS&#10;JVM name           : Java HotSpot(TM) 64-Bit Server VM&#10;JVM version        : 11.0.8+10-LTS&#10;JVM info           : mixed mode&#10;OS name            : Linux&#10;OS version         : 4.15.0-106-generic&#10;&#10;&#10;Underlying exception : java.lang.UnsupportedOperationException: Cannot define class using reflection" type="org.mockito.exceptions.base.MockitoException"><![CDATA[org.mockito.exceptions.base.MockitoException: 

Mockito cannot mock this class: interface com.amazonaws.encryptionsdk.caching.CryptoMaterialsCache.

Mockito can only mock non-private & non-final classes.
If you're not sure why you're getting this error, please report to the mailing list.


Java               : 11
JVM vendor name    : Oracle Corporation
JVM vendor version : 11.0.8+10-LTS
JVM name           : Java HotSpot(TM) 64-Bit Server VM
JVM version        : 11.0.8+10-LTS
JVM info           : mixed mode
OS name            : Linux
OS version         : 4.15.0-106-generic


Underlying exception : java.lang.UnsupportedOperationException: Cannot define class using reflection
	at com.amazonaws.encryptionsdk.caching.CachingCryptoMaterialsManagerTest.setUp(CachingCryptoMaterialsManagerTest.java:47)
Caused by: java.lang.UnsupportedOperationException: Cannot define class using reflection
	at com.amazonaws.encryptionsdk.caching.CachingCryptoMaterialsManagerTest.setUp(CachingCryptoMaterialsManagerTest.java:47)
Caused by: java.lang.IllegalArgumentException: Unknown Java version: 11
]]></error>
  </testcase>
  <testcase name="whenMKPPassed_itIsUsed" classname="com.amazonaws.encryptionsdk.caching.CachingCryptoMaterialsManagerTest" time="0.005">
    <error message="&#10;Mockito cannot mock this class: interface com.amazonaws.encryptionsdk.caching.CryptoMaterialsCache.&#10;&#10;Mockito can only mock non-private &amp; non-final classes.&#10;If you&apos;re not sure why you&apos;re getting this error, please report to the mailing list.&#10;&#10;&#10;Java               : 11&#10;JVM vendor name    : Oracle Corporation&#10;JVM vendor version : 11.0.8+10-LTS&#10;JVM name           : Java HotSpot(TM) 64-Bit Server VM&#10;JVM version        : 11.0.8+10-LTS&#10;JVM info           : mixed mode&#10;OS name            : Linux&#10;OS version         : 4.15.0-106-generic&#10;&#10;&#10;Underlying exception : java.lang.UnsupportedOperationException: Cannot define class using reflection" type="org.mockito.exceptions.base.MockitoException"><![CDATA[org.mockito.exceptions.base.MockitoException: 

Mockito cannot mock this class: interface com.amazonaws.encryptionsdk.caching.CryptoMaterialsCache.

Mockito can only mock non-private & non-final classes.
If you're not sure why you're getting this error, please report to the mailing list.


Java               : 11
JVM vendor name    : Oracle Corporation
JVM vendor version : 11.0.8+10-LTS
JVM name           : Java HotSpot(TM) 64-Bit Server VM
JVM version        : 11.0.8+10-LTS
JVM info           : mixed mode
OS name            : Linux
OS version         : 4.15.0-106-generic


Underlying exception : java.lang.UnsupportedOperationException: Cannot define class using reflection
	at com.amazonaws.encryptionsdk.caching.CachingCryptoMaterialsManagerTest.setUp(CachingCryptoMaterialsManagerTest.java:47)
Caused by: java.lang.UnsupportedOperationException: Cannot define class using reflection
	at com.amazonaws.encryptionsdk.caching.CachingCryptoMaterialsManagerTest.setUp(CachingCryptoMaterialsManagerTest.java:47)
Caused by: java.lang.IllegalArgumentException: Unknown Java version: 11
]]></error>
  </testcase>
  <testcase name="whenCacheHasEntry_performsCacheHit" classname="com.amazonaws.encryptionsdk.caching.CachingCryptoMaterialsManagerTest" time="0.005">
    <error message="&#10;Mockito cannot mock this class: interface com.amazonaws.encryptionsdk.caching.CryptoMaterialsCache.&#10;&#10;Mockito can only mock non-private &amp; non-final classes.&#10;If you&apos;re not sure why you&apos;re getting this error, please report to the mailing list.&#10;&#10;&#10;Java               : 11&#10;JVM vendor name    : Oracle Corporation&#10;JVM vendor version : 11.0.8+10-LTS&#10;JVM name           : Java HotSpot(TM) 64-Bit Server VM&#10;JVM version        : 11.0.8+10-LTS&#10;JVM info           : mixed mode&#10;OS name            : Linux&#10;OS version         : 4.15.0-106-generic&#10;&#10;&#10;Underlying exception : java.lang.UnsupportedOperationException: Cannot define class using reflection" type="org.mockito.exceptions.base.MockitoException"><![CDATA[org.mockito.exceptions.base.MockitoException: 

Mockito cannot mock this class: interface com.amazonaws.encryptionsdk.caching.CryptoMaterialsCache.

Mockito can only mock non-private & non-final classes.
If you're not sure why you're getting this error, please report to the mailing list.


Java               : 11
JVM vendor name    : Oracle Corporation
JVM vendor version : 11.0.8+10-LTS
JVM name           : Java HotSpot(TM) 64-Bit Server VM
JVM version        : 11.0.8+10-LTS
JVM info           : mixed mode
OS name            : Linux
OS version         : 4.15.0-106-generic


Underlying exception : java.lang.UnsupportedOperationException: Cannot define class using reflection
	at com.amazonaws.encryptionsdk.caching.CachingCryptoMaterialsManagerTest.setUp(CachingCryptoMaterialsManagerTest.java:47)
Caused by: java.lang.UnsupportedOperationException: Cannot define class using reflection
	at com.amazonaws.encryptionsdk.caching.CachingCryptoMaterialsManagerTest.setUp(CachingCryptoMaterialsManagerTest.java:47)
Caused by: java.lang.IllegalArgumentException: Unknown Java version: 11
]]></error>
  </testcase>
  <testcase name="whenDecrypting_cacheMiss" classname="com.amazonaws.encryptionsdk.caching.CachingCryptoMaterialsManagerTest" time="0.005">
    <error message="&#10;Mockito cannot mock this class: interface com.amazonaws.encryptionsdk.caching.CryptoMaterialsCache.&#10;&#10;Mockito can only mock non-private &amp; non-final classes.&#10;If you&apos;re not sure why you&apos;re getting this error, please report to the mailing list.&#10;&#10;&#10;Java               : 11&#10;JVM vendor name    : Oracle Corporation&#10;JVM vendor version : 11.0.8+10-LTS&#10;JVM name           : Java HotSpot(TM) 64-Bit Server VM&#10;JVM version        : 11.0.8+10-LTS&#10;JVM info           : mixed mode&#10;OS name            : Linux&#10;OS version         : 4.15.0-106-generic&#10;&#10;&#10;Underlying exception : java.lang.UnsupportedOperationException: Cannot define class using reflection" type="org.mockito.exceptions.base.MockitoException"><![CDATA[org.mockito.exceptions.base.MockitoException: 

Mockito cannot mock this class: interface com.amazonaws.encryptionsdk.caching.CryptoMaterialsCache.

Mockito can only mock non-private & non-final classes.
If you're not sure why you're getting this error, please report to the mailing list.


Java               : 11
JVM vendor name    : Oracle Corporation
JVM vendor version : 11.0.8+10-LTS
JVM name           : Java HotSpot(TM) 64-Bit Server VM
JVM version        : 11.0.8+10-LTS
JVM info           : mixed mode
OS name            : Linux
OS version         : 4.15.0-106-generic


Underlying exception : java.lang.UnsupportedOperationException: Cannot define class using reflection
	at com.amazonaws.encryptionsdk.caching.CachingCryptoMaterialsManagerTest.setUp(CachingCryptoMaterialsManagerTest.java:47)
Caused by: java.lang.UnsupportedOperationException: Cannot define class using reflection
	at com.amazonaws.encryptionsdk.caching.CachingCryptoMaterialsManagerTest.setUp(CachingCryptoMaterialsManagerTest.java:47)
Caused by: java.lang.IllegalArgumentException: Unknown Java version: 11
]]></error>
  </testcase>
  <testcase name="whenManyEncryptEntriesAdded_LRUIsRespected" classname="com.amazonaws.encryptionsdk.caching.LocalCryptoMaterialsCacheTest" time="0.004"/>
  <testcase name="whenTTLExceeded_decryptEntriesAreEvicted" classname="com.amazonaws.encryptionsdk.caching.LocalCryptoMaterialsCacheTest" time="0.001"/>
  <testcase name="whenManyDecryptEntriesAdded_LRURespected" classname="com.amazonaws.encryptionsdk.caching.LocalCryptoMaterialsCacheTest" time="0.004"/>
  <testcase name="whenNoEntriesInCache_noEntriesReturned" classname="com.amazonaws.encryptionsdk.caching.LocalCryptoMaterialsCacheTest" time="0"/>
  <testcase name="whenManyEntriesExpireAtOnce_expiredDecryptEntriesStillNotReturned" classname="com.amazonaws.encryptionsdk.caching.LocalCryptoMaterialsCacheTest" time="0.04"/>
  <testcase name="whenManyEncryptEntriesAdded_andEntryInvalidated_LRUIsRespected" classname="com.amazonaws.encryptionsdk.caching.LocalCryptoMaterialsCacheTest" time="0.002"/>
  <testcase name="whenInitialUsagePassed_itIsRetained" classname="com.amazonaws.encryptionsdk.caching.LocalCryptoMaterialsCacheTest" time="0"/>
  <testcase name="whenAccessed_decryptEntryTTLNotReset" classname="com.amazonaws.encryptionsdk.caching.LocalCryptoMaterialsCacheTest" time="0.001"/>
  <testcase name="whenAccessed_encryptEntryTTLNotReset" classname="com.amazonaws.encryptionsdk.caching.LocalCryptoMaterialsCacheTest" time="0"/>
  <testcase name="testDecryptInvalidate" classname="com.amazonaws.encryptionsdk.caching.LocalCryptoMaterialsCacheTest" time="0.001"/>
  <testcase name="testDecryptEntryCreationTime" classname="com.amazonaws.encryptionsdk.caching.LocalCryptoMaterialsCacheTest" time="0"/>
  <testcase name="testUsageStatsCtorValidation" classname="com.amazonaws.encryptionsdk.caching.LocalCryptoMaterialsCacheTest" time="0.001"/>
  <testcase name="whenTTLExceeded_encryptEntriesAreEvicted" classname="com.amazonaws.encryptionsdk.caching.LocalCryptoMaterialsCacheTest" time="0.001"/>
  <testcase name="whenManyEncryptEntriesAdded_andEntriesTouched_LRUIsRespected" classname="com.amazonaws.encryptionsdk.caching.LocalCryptoMaterialsCacheTest" time="0.002"/>
  <testcase name="whenManyEntriesExpireAtOnce_expiredEncryptEntriesStillNotReturned" classname="com.amazonaws.encryptionsdk.caching.LocalCryptoMaterialsCacheTest" time="0.036"/>
  <testcase name="whenEncryptEntriesAdded_theyCanBeRetrieved" classname="com.amazonaws.encryptionsdk.caching.LocalCryptoMaterialsCacheTest" time="0.002"/>
  <testcase name="testCacheEntryBehavior" classname="com.amazonaws.encryptionsdk.caching.LocalCryptoMaterialsCacheTest" time="0"/>
  <testcase name="whenEntriesAddedToDecryptCache_correctEntriesReturned" classname="com.amazonaws.encryptionsdk.caching.LocalCryptoMaterialsCacheTest" time="0.001"/>
  <testcase name="whenIdentifiersDifferInLowOrderBytes_theyAreNotConsideredEquivalent" classname="com.amazonaws.encryptionsdk.caching.LocalCryptoMaterialsCacheTest" time="0"/>
  <testcase name="test" classname="com.amazonaws.encryptionsdk.caching.LocalCryptoMaterialsCacheThreadStormTest" time="10.013"/>
  <testcase name="testSaturatingAdd" classname="com.amazonaws.encryptionsdk.UtilsTest" time="0"/>
  <testcase name="compareObjectIdentityTest" classname="com.amazonaws.encryptionsdk.UtilsTest" time="0"/>
  <testcase name="compareObjectIdentity_handlesHashCodeCollisions" classname="com.amazonaws.encryptionsdk.UtilsTest" time="0.286"/>
  <testcase name="testLegacyGrantTokenPassthrough" classname="com.amazonaws.encryptionsdk.kms.KMSProviderBuilderMockTests" time="0.297">
    <error message="&#10;Mockito cannot mock this class: class com.amazonaws.encryptionsdk.kms.MockKMSClient.&#10;&#10;Mockito can only mock non-private &amp; non-final classes.&#10;If you&apos;re not sure why you&apos;re getting this error, please report to the mailing list.&#10;&#10;&#10;Java               : 11&#10;JVM vendor name    : Oracle Corporation&#10;JVM vendor version : 11.0.8+10-LTS&#10;JVM name           : Java HotSpot(TM) 64-Bit Server VM&#10;JVM version        : 11.0.8+10-LTS&#10;JVM info           : mixed mode&#10;OS name            : Linux&#10;OS version         : 4.15.0-106-generic&#10;&#10;&#10;Underlying exception : java.lang.UnsupportedOperationException: Cannot define class using reflection" type="org.mockito.exceptions.base.MockitoException"><![CDATA[org.mockito.exceptions.base.MockitoException: 

Mockito cannot mock this class: class com.amazonaws.encryptionsdk.kms.MockKMSClient.

Mockito can only mock non-private & non-final classes.
If you're not sure why you're getting this error, please report to the mailing list.


Java               : 11
JVM vendor name    : Oracle Corporation
JVM vendor version : 11.0.8+10-LTS
JVM name           : Java HotSpot(TM) 64-Bit Server VM
JVM version        : 11.0.8+10-LTS
JVM info           : mixed mode
OS name            : Linux
OS version         : 4.15.0-106-generic


Underlying exception : java.lang.UnsupportedOperationException: Cannot define class using reflection
	at com.amazonaws.encryptionsdk.kms.KMSProviderBuilderMockTests.testLegacyGrantTokenPassthrough(KMSProviderBuilderMockTests.java:184)
Caused by: java.lang.UnsupportedOperationException: Cannot define class using reflection
	at com.amazonaws.encryptionsdk.kms.KMSProviderBuilderMockTests.testLegacyGrantTokenPassthrough(KMSProviderBuilderMockTests.java:184)
Caused by: java.lang.IllegalArgumentException: Unknown Java version: 11
]]></error>
  </testcase>
  <testcase name="testGrantTokenPassthrough_usingMKsetCall" classname="com.amazonaws.encryptionsdk.kms.KMSProviderBuilderMockTests" time="0.047">
    <error message="&#10;Mockito cannot mock this class: class com.amazonaws.encryptionsdk.kms.MockKMSClient.&#10;&#10;Mockito can only mock non-private &amp; non-final classes.&#10;If you&apos;re not sure why you&apos;re getting this error, please report to the mailing list.&#10;&#10;&#10;Java               : 11&#10;JVM vendor name    : Oracle Corporation&#10;JVM vendor version : 11.0.8+10-LTS&#10;JVM name           : Java HotSpot(TM) 64-Bit Server VM&#10;JVM version        : 11.0.8+10-LTS&#10;JVM info           : mixed mode&#10;OS name            : Linux&#10;OS version         : 4.15.0-106-generic&#10;&#10;&#10;Underlying exception : java.lang.UnsupportedOperationException: Cannot define class using reflection" type="org.mockito.exceptions.base.MockitoException"><![CDATA[org.mockito.exceptions.base.MockitoException: 

Mockito cannot mock this class: class com.amazonaws.encryptionsdk.kms.MockKMSClient.

Mockito can only mock non-private & non-final classes.
If you're not sure why you're getting this error, please report to the mailing list.


Java               : 11
JVM vendor name    : Oracle Corporation
JVM vendor version : 11.0.8+10-LTS
JVM name           : Java HotSpot(TM) 64-Bit Server VM
JVM version        : 11.0.8+10-LTS
JVM info           : mixed mode
OS name            : Linux
OS version         : 4.15.0-106-generic


Underlying exception : java.lang.UnsupportedOperationException: Cannot define class using reflection
	at com.amazonaws.encryptionsdk.kms.KMSProviderBuilderMockTests.testGrantTokenPassthrough_usingMKsetCall(KMSProviderBuilderMockTests.java:85)
Caused by: java.lang.UnsupportedOperationException: Cannot define class using reflection
	at com.amazonaws.encryptionsdk.kms.KMSProviderBuilderMockTests.testGrantTokenPassthrough_usingMKsetCall(KMSProviderBuilderMockTests.java:85)
Caused by: java.lang.IllegalArgumentException: Unknown Java version: 11
]]></error>
  </testcase>
  <testcase name="testBareAliasMapping_withLegacyCtor" classname="com.amazonaws.encryptionsdk.kms.KMSProviderBuilderMockTests" time="0.044">
    <error message="&#10;Mockito cannot mock this class: class com.amazonaws.encryptionsdk.kms.MockKMSClient.&#10;&#10;Mockito can only mock non-private &amp; non-final classes.&#10;If you&apos;re not sure why you&apos;re getting this error, please report to the mailing list.&#10;&#10;&#10;Java               : 11&#10;JVM vendor name    : Oracle Corporation&#10;JVM vendor version : 11.0.8+10-LTS&#10;JVM name           : Java HotSpot(TM) 64-Bit Server VM&#10;JVM version        : 11.0.8+10-LTS&#10;JVM info           : mixed mode&#10;OS name            : Linux&#10;OS version         : 4.15.0-106-generic&#10;&#10;&#10;Underlying exception : java.lang.UnsupportedOperationException: Cannot define class using reflection" type="org.mockito.exceptions.base.MockitoException"><![CDATA[org.mockito.exceptions.base.MockitoException: 

Mockito cannot mock this class: class com.amazonaws.encryptionsdk.kms.MockKMSClient.

Mockito can only mock non-private & non-final classes.
If you're not sure why you're getting this error, please report to the mailing list.


Java               : 11
JVM vendor name    : Oracle Corporation
JVM vendor version : 11.0.8+10-LTS
JVM name           : Java HotSpot(TM) 64-Bit Server VM
JVM version        : 11.0.8+10-LTS
JVM info           : mixed mode
OS name            : Linux
OS version         : 4.15.0-106-generic


Underlying exception : java.lang.UnsupportedOperationException: Cannot define class using reflection
	at com.amazonaws.encryptionsdk.kms.KMSProviderBuilderMockTests.testBareAliasMapping_withLegacyCtor(KMSProviderBuilderMockTests.java:65)
Caused by: java.lang.UnsupportedOperationException: Cannot define class using reflection
	at com.amazonaws.encryptionsdk.kms.KMSProviderBuilderMockTests.testBareAliasMapping_withLegacyCtor(KMSProviderBuilderMockTests.java:65)
Caused by: java.lang.IllegalArgumentException: Unknown Java version: 11
]]></error>
  </testcase>
  <testcase name="testUserAgentPassthrough" classname="com.amazonaws.encryptionsdk.kms.KMSProviderBuilderMockTests" time="0.042">
    <error message="&#10;Mockito cannot mock this class: class com.amazonaws.encryptionsdk.kms.MockKMSClient.&#10;&#10;Mockito can only mock non-private &amp; non-final classes.&#10;If you&apos;re not sure why you&apos;re getting this error, please report to the mailing list.&#10;&#10;&#10;Java               : 11&#10;JVM vendor name    : Oracle Corporation&#10;JVM vendor version : 11.0.8+10-LTS&#10;JVM name           : Java HotSpot(TM) 64-Bit Server VM&#10;JVM version        : 11.0.8+10-LTS&#10;JVM info           : mixed mode&#10;OS name            : Linux&#10;OS version         : 4.15.0-106-generic&#10;&#10;&#10;Underlying exception : java.lang.UnsupportedOperationException: Cannot define class using reflection" type="org.mockito.exceptions.base.MockitoException"><![CDATA[org.mockito.exceptions.base.MockitoException: 

Mockito cannot mock this class: class com.amazonaws.encryptionsdk.kms.MockKMSClient.

Mockito can only mock non-private & non-final classes.
If you're not sure why you're getting this error, please report to the mailing list.


Java               : 11
JVM vendor name    : Oracle Corporation
JVM vendor version : 11.0.8+10-LTS
JVM name           : Java HotSpot(TM) 64-Bit Server VM
JVM version        : 11.0.8+10-LTS
JVM info           : mixed mode
OS name            : Linux
OS version         : 4.15.0-106-generic


Underlying exception : java.lang.UnsupportedOperationException: Cannot define class using reflection
	at com.amazonaws.encryptionsdk.kms.KMSProviderBuilderMockTests.testUserAgentPassthrough(KMSProviderBuilderMockTests.java:210)
Caused by: java.lang.UnsupportedOperationException: Cannot define class using reflection
	at com.amazonaws.encryptionsdk.kms.KMSProviderBuilderMockTests.testUserAgentPassthrough(KMSProviderBuilderMockTests.java:210)
Caused by: java.lang.IllegalArgumentException: Unknown Java version: 11
]]></error>
  </testcase>
  <testcase name="testBareAliasMapping" classname="com.amazonaws.encryptionsdk.kms.KMSProviderBuilderMockTests" time="0.042">
    <error message="&#10;Mockito cannot mock this class: class com.amazonaws.encryptionsdk.kms.MockKMSClient.&#10;&#10;Mockito can only mock non-private &amp; non-final classes.&#10;If you&apos;re not sure why you&apos;re getting this error, please report to the mailing list.&#10;&#10;&#10;Java               : 11&#10;JVM vendor name    : Oracle Corporation&#10;JVM vendor version : 11.0.8+10-LTS&#10;JVM name           : Java HotSpot(TM) 64-Bit Server VM&#10;JVM version        : 11.0.8+10-LTS&#10;JVM info           : mixed mode&#10;OS name            : Linux&#10;OS version         : 4.15.0-106-generic&#10;&#10;&#10;Underlying exception : java.lang.UnsupportedOperationException: Cannot define class using reflection" type="org.mockito.exceptions.base.MockitoException"><![CDATA[org.mockito.exceptions.base.MockitoException: 

Mockito cannot mock this class: class com.amazonaws.encryptionsdk.kms.MockKMSClient.

Mockito can only mock non-private & non-final classes.
If you're not sure why you're getting this error, please report to the mailing list.


Java               : 11
JVM vendor name    : Oracle Corporation
JVM vendor version : 11.0.8+10-LTS
JVM name           : Java HotSpot(TM) 64-Bit Server VM
JVM version        : 11.0.8+10-LTS
JVM info           : mixed mode
OS name            : Linux
OS version         : 4.15.0-106-generic


Underlying exception : java.lang.UnsupportedOperationException: Cannot define class using reflection
	at com.amazonaws.encryptionsdk.kms.KMSProviderBuilderMockTests.testBareAliasMapping(KMSProviderBuilderMockTests.java:43)
Caused by: java.lang.UnsupportedOperationException: Cannot define class using reflection
	at com.amazonaws.encryptionsdk.kms.KMSProviderBuilderMockTests.testBareAliasMapping(KMSProviderBuilderMockTests.java:43)
Caused by: java.lang.IllegalArgumentException: Unknown Java version: 11
]]></error>
  </testcase>
  <testcase name="testGrantTokenPassthrough_usingMKPWithers" classname="com.amazonaws.encryptionsdk.kms.KMSProviderBuilderMockTests" time="0.042">
    <error message="&#10;Mockito cannot mock this class: class com.amazonaws.encryptionsdk.kms.MockKMSClient.&#10;&#10;Mockito can only mock non-private &amp; non-final classes.&#10;If you&apos;re not sure why you&apos;re getting this error, please report to the mailing list.&#10;&#10;&#10;Java               : 11&#10;JVM vendor name    : Oracle Corporation&#10;JVM vendor version : 11.0.8+10-LTS&#10;JVM name           : Java HotSpot(TM) 64-Bit Server VM&#10;JVM version        : 11.0.8+10-LTS&#10;JVM info           : mixed mode&#10;OS name            : Linux&#10;OS version         : 4.15.0-106-generic&#10;&#10;&#10;Underlying exception : java.lang.UnsupportedOperationException: Cannot define class using reflection" type="org.mockito.exceptions.base.MockitoException"><![CDATA[org.mockito.exceptions.base.MockitoException: 

Mockito cannot mock this class: class com.amazonaws.encryptionsdk.kms.MockKMSClient.

Mockito can only mock non-private & non-final classes.
If you're not sure why you're getting this error, please report to the mailing list.


Java               : 11
JVM vendor name    : Oracle Corporation
JVM vendor version : 11.0.8+10-LTS
JVM name           : Java HotSpot(TM) 64-Bit Server VM
JVM version        : 11.0.8+10-LTS
JVM info           : mixed mode
OS name            : Linux
OS version         : 4.15.0-106-generic


Underlying exception : java.lang.UnsupportedOperationException: Cannot define class using reflection
	at com.amazonaws.encryptionsdk.kms.KMSProviderBuilderMockTests.testGrantTokenPassthrough_usingMKPWithers(KMSProviderBuilderMockTests.java:136)
Caused by: java.lang.UnsupportedOperationException: Cannot define class using reflection
	at com.amazonaws.encryptionsdk.kms.KMSProviderBuilderMockTests.testGrantTokenPassthrough_usingMKPWithers(KMSProviderBuilderMockTests.java:136)
Caused by: java.lang.IllegalArgumentException: Unknown Java version: 11
]]></error>
  </testcase>
  <testcase name="testGetInstanceAsymmetricInvalidWrappingAlgorithm" classname="com.amazonaws.encryptionsdk.jce.JceMasterKeyTest" time="0"/>
  <testcase name="testGetInstanceMixedCasing" classname="com.amazonaws.encryptionsdk.jce.JceMasterKeyTest" time="0"/>
  <testcase name="testGetInstanceAllLowercase" classname="com.amazonaws.encryptionsdk.jce.JceMasterKeyTest" time="0"/>
  <testcase name="testGetInstanceInvalidWrappingAlgorithm" classname="com.amazonaws.encryptionsdk.jce.JceMasterKeyTest" time="0"/>
  <testcase name="testGetInstanceAsymmetricAllLowercase" classname="com.amazonaws.encryptionsdk.jce.JceMasterKeyTest" time="0"/>
  <testcase name="testGetInstanceAsymmetricMixedCasing" classname="com.amazonaws.encryptionsdk.jce.JceMasterKeyTest" time="0"/>
</testsuite>