<?xml version="1.0" encoding="UTF-8"?>
<testsuite xmlns:xsi="http://www.w3.org/2001/XMLSchema-instance" xsi:schemaLocation="https://maven.apache.org/surefire/maven-surefire-plugin/xsd/surefire-test-report.xsd" name="org.springframework.data.mapping.model.ClassGeneratingPropertyAccessorFactoryDatatypeTests" time="0.515" tests="272" errors="0" skipped="0" failures="0">
  <properties>
    <property name="java.runtime.name" value="OpenJDK Runtime Environment"/>
    <property name="sun.boot.library.path" value="/usr/lib/jvm/java-8-openjdk-amd64/jre/lib/amd64"/>
    <property name="java.vm.version" value="25.252-b09"/>
    <property name="java.vm.vendor" value="Private Build"/>
    <property name="maven.multiModuleProjectDirectory" value="/home/june/npex_data/benchmarks-bears/Bears-88-buggy"/>
    <property name="java.vendor.url" value="http://java.oracle.com/"/>
    <property name="path.separator" value=":"/>
    <property name="guice.disable.misplaced.annotation.check" value="true"/>
    <property name="java.vm.name" value="OpenJDK 64-Bit Server VM"/>
    <property name="file.encoding.pkg" value="sun.io"/>
    <property name="user.country" value="US"/>
    <property name="sun.java.launcher" value="SUN_STANDARD"/>
    <property name="sun.os.patch.level" value="unknown"/>
    <property name="java.vm.specification.name" value="Java Virtual Machine Specification"/>
    <property name="user.dir" value="/media/4tb/npex/npex_data/benchmarks-bears/Bears-88-buggy"/>
    <property name="java.runtime.version" value="1.8.0_252-8u252-b09-1~18.04-b09"/>
    <property name="java.awt.graphicsenv" value="sun.awt.X11GraphicsEnvironment"/>
    <property name="java.endorsed.dirs" value="/usr/lib/jvm/java-8-openjdk-amd64/jre/lib/endorsed"/>
    <property name="os.arch" value="amd64"/>
    <property name="java.io.tmpdir" value="/tmp"/>
    <property name="line.separator" value="&#10;"/>
    <property name="java.vm.specification.vendor" value="Oracle Corporation"/>
    <property name="os.name" value="Linux"/>
    <property name="classworlds.conf" value="/usr/share/maven/bin/m2.conf"/>
    <property name="sun.jnu.encoding" value="UTF-8"/>
    <property name="java.library.path" value="/usr/java/packages/lib/amd64:/usr/lib/x86_64-linux-gnu/jni:/lib/x86_64-linux-gnu:/usr/lib/x86_64-linux-gnu:/usr/lib/jni:/lib:/usr/lib"/>
    <property name="maven.conf" value="/usr/share/maven/conf"/>
    <property name="java.specification.name" value="Java Platform API Specification"/>
    <property name="java.class.version" value="52.0"/>
    <property name="sun.management.compiler" value="HotSpot 64-Bit Tiered Compilers"/>
    <property name="os.version" value="4.15.0-106-generic"/>
    <property name="library.jansi.path" value="/usr/share/maven/lib/jansi-native"/>
    <property name="user.home" value="/home/june"/>
    <property name="user.timezone" value="Asia/Seoul"/>
    <property name="java.awt.printerjob" value="sun.print.PSPrinterJob"/>
    <property name="java.specification.version" value="1.8"/>
    <property name="file.encoding" value="UTF-8"/>
    <property name="user.name" value="june"/>
    <property name="java.class.path" value="/usr/share/maven/boot/plexus-classworlds-2.x.jar"/>
    <property name="java.vm.specification.version" value="1.8"/>
    <property name="sun.arch.data.model" value="64"/>
    <property name="java.home" value="/usr/lib/jvm/java-8-openjdk-amd64/jre"/>
    <property name="sun.java.command" value="org.codehaus.plexus.classworlds.launcher.Launcher test"/>
    <property name="java.specification.vendor" value="Oracle Corporation"/>
    <property name="user.language" value="en"/>
    <property name="awt.toolkit" value="sun.awt.X11.XToolkit"/>
    <property name="java.vm.info" value="mixed mode"/>
    <property name="java.version" value="1.8.0_252"/>
    <property name="java.ext.dirs" value="/usr/lib/jvm/java-8-openjdk-amd64/jre/lib/ext:/usr/java/packages/lib/ext"/>
    <property name="securerandom.source" value="file:/dev/./urandom"/>
    <property name="sun.boot.class.path" value="/usr/lib/jvm/java-8-openjdk-amd64/jre/lib/resources.jar:/usr/lib/jvm/java-8-openjdk-amd64/jre/lib/rt.jar:/usr/lib/jvm/java-8-openjdk-amd64/jre/lib/sunrsasign.jar:/usr/lib/jvm/java-8-openjdk-amd64/jre/lib/jsse.jar:/usr/lib/jvm/java-8-openjdk-amd64/jre/lib/jce.jar:/usr/lib/jvm/java-8-openjdk-amd64/jre/lib/charsets.jar:/usr/lib/jvm/java-8-openjdk-amd64/jre/lib/jfr.jar:/usr/lib/jvm/java-8-openjdk-amd64/jre/classes"/>
    <property name="java.vendor" value="Private Build"/>
    <property name="maven.home" value="/usr/share/maven"/>
    <property name="file.separator" value="/"/>
    <property name="java.vendor.url.bug" value="http://bugreport.sun.com/bugreport/"/>
    <property name="sun.cpu.endian" value="little"/>
    <property name="sun.io.unicode.encoding" value="UnicodeLittle"/>
    <property name="sun.cpu.isalist" value=""/>
  </properties>
  <testcase name="shouldSetAndGetProperty[FieldAccess/primitiveInteger]" classname="org.springframework.data.mapping.model.ClassGeneratingPropertyAccessorFactoryDatatypeTests" time="0.009"/>
  <testcase name="shouldUseClassPropertyAccessorFactory[FieldAccess/primitiveInteger]" classname="org.springframework.data.mapping.model.ClassGeneratingPropertyAccessorFactoryDatatypeTests" time="0.001"/>
  <testcase name="shouldSetAndGetProperty[PropertyAccess/primitiveInteger]" classname="org.springframework.data.mapping.model.ClassGeneratingPropertyAccessorFactoryDatatypeTests" time="0.009"/>
  <testcase name="shouldUseClassPropertyAccessorFactory[PropertyAccess/primitiveInteger]" classname="org.springframework.data.mapping.model.ClassGeneratingPropertyAccessorFactoryDatatypeTests" time="0.001"/>
  <testcase name="shouldSetAndGetProperty[PrivateFinalFieldAccess/primitiveInteger]" classname="org.springframework.data.mapping.model.ClassGeneratingPropertyAccessorFactoryDatatypeTests" time="0.019"/>
  <testcase name="shouldUseClassPropertyAccessorFactory[PrivateFinalFieldAccess/primitiveInteger]" classname="org.springframework.data.mapping.model.ClassGeneratingPropertyAccessorFactoryDatatypeTests" time="0.001"/>
  <testcase name="shouldSetAndGetProperty[PrivateFinalPropertyAccess/primitiveInteger]" classname="org.springframework.data.mapping.model.ClassGeneratingPropertyAccessorFactoryDatatypeTests" time="0.016"/>
  <testcase name="shouldUseClassPropertyAccessorFactory[PrivateFinalPropertyAccess/primitiveInteger]" classname="org.springframework.data.mapping.model.ClassGeneratingPropertyAccessorFactoryDatatypeTests" time="0.001"/>
  <testcase name="shouldSetAndGetProperty[FieldAccess/primitiveIntegerArray]" classname="org.springframework.data.mapping.model.ClassGeneratingPropertyAccessorFactoryDatatypeTests" time="0.003"/>
  <testcase name="shouldUseClassPropertyAccessorFactory[FieldAccess/primitiveIntegerArray]" classname="org.springframework.data.mapping.model.ClassGeneratingPropertyAccessorFactoryDatatypeTests" time="0"/>
  <testcase name="shouldSetAndGetProperty[PropertyAccess/primitiveIntegerArray]" classname="org.springframework.data.mapping.model.ClassGeneratingPropertyAccessorFactoryDatatypeTests" time="0.003"/>
  <testcase name="shouldUseClassPropertyAccessorFactory[PropertyAccess/primitiveIntegerArray]" classname="org.springframework.data.mapping.model.ClassGeneratingPropertyAccessorFactoryDatatypeTests" time="0.001"/>
  <testcase name="shouldSetAndGetProperty[PrivateFinalFieldAccess/primitiveIntegerArray]" classname="org.springframework.data.mapping.model.ClassGeneratingPropertyAccessorFactoryDatatypeTests" time="0.006"/>
  <testcase name="shouldUseClassPropertyAccessorFactory[PrivateFinalFieldAccess/primitiveIntegerArray]" classname="org.springframework.data.mapping.model.ClassGeneratingPropertyAccessorFactoryDatatypeTests" time="0.001"/>
  <testcase name="shouldSetAndGetProperty[PrivateFinalPropertyAccess/primitiveIntegerArray]" classname="org.springframework.data.mapping.model.ClassGeneratingPropertyAccessorFactoryDatatypeTests" time="0.008"/>
  <testcase name="shouldUseClassPropertyAccessorFactory[PrivateFinalPropertyAccess/primitiveIntegerArray]" classname="org.springframework.data.mapping.model.ClassGeneratingPropertyAccessorFactoryDatatypeTests" time="0.001"/>
  <testcase name="shouldSetAndGetProperty[FieldAccess/boxedInteger]" classname="org.springframework.data.mapping.model.ClassGeneratingPropertyAccessorFactoryDatatypeTests" time="0.003"/>
  <testcase name="shouldUseClassPropertyAccessorFactory[FieldAccess/boxedInteger]" classname="org.springframework.data.mapping.model.ClassGeneratingPropertyAccessorFactoryDatatypeTests" time="0"/>
  <testcase name="shouldSetAndGetProperty[PropertyAccess/boxedInteger]" classname="org.springframework.data.mapping.model.ClassGeneratingPropertyAccessorFactoryDatatypeTests" time="0.002"/>
  <testcase name="shouldUseClassPropertyAccessorFactory[PropertyAccess/boxedInteger]" classname="org.springframework.data.mapping.model.ClassGeneratingPropertyAccessorFactoryDatatypeTests" time="0"/>
  <testcase name="shouldSetAndGetProperty[PrivateFinalFieldAccess/boxedInteger]" classname="org.springframework.data.mapping.model.ClassGeneratingPropertyAccessorFactoryDatatypeTests" time="0.004"/>
  <testcase name="shouldUseClassPropertyAccessorFactory[PrivateFinalFieldAccess/boxedInteger]" classname="org.springframework.data.mapping.model.ClassGeneratingPropertyAccessorFactoryDatatypeTests" time="0.001"/>
  <testcase name="shouldSetAndGetProperty[PrivateFinalPropertyAccess/boxedInteger]" classname="org.springframework.data.mapping.model.ClassGeneratingPropertyAccessorFactoryDatatypeTests" time="0.007"/>
  <testcase name="shouldUseClassPropertyAccessorFactory[PrivateFinalPropertyAccess/boxedInteger]" classname="org.springframework.data.mapping.model.ClassGeneratingPropertyAccessorFactoryDatatypeTests" time="0.001"/>
  <testcase name="shouldSetAndGetProperty[FieldAccess/boxedIntegerArray]" classname="org.springframework.data.mapping.model.ClassGeneratingPropertyAccessorFactoryDatatypeTests" time="0.001"/>
  <testcase name="shouldUseClassPropertyAccessorFactory[FieldAccess/boxedIntegerArray]" classname="org.springframework.data.mapping.model.ClassGeneratingPropertyAccessorFactoryDatatypeTests" time="0.001"/>
  <testcase name="shouldSetAndGetProperty[PropertyAccess/boxedIntegerArray]" classname="org.springframework.data.mapping.model.ClassGeneratingPropertyAccessorFactoryDatatypeTests" time="0.002"/>
  <testcase name="shouldUseClassPropertyAccessorFactory[PropertyAccess/boxedIntegerArray]" classname="org.springframework.data.mapping.model.ClassGeneratingPropertyAccessorFactoryDatatypeTests" time="0"/>
  <testcase name="shouldSetAndGetProperty[PrivateFinalFieldAccess/boxedIntegerArray]" classname="org.springframework.data.mapping.model.ClassGeneratingPropertyAccessorFactoryDatatypeTests" time="0.005"/>
  <testcase name="shouldUseClassPropertyAccessorFactory[PrivateFinalFieldAccess/boxedIntegerArray]" classname="org.springframework.data.mapping.model.ClassGeneratingPropertyAccessorFactoryDatatypeTests" time="0"/>
  <testcase name="shouldSetAndGetProperty[PrivateFinalPropertyAccess/boxedIntegerArray]" classname="org.springframework.data.mapping.model.ClassGeneratingPropertyAccessorFactoryDatatypeTests" time="0.008"/>
  <testcase name="shouldUseClassPropertyAccessorFactory[PrivateFinalPropertyAccess/boxedIntegerArray]" classname="org.springframework.data.mapping.model.ClassGeneratingPropertyAccessorFactoryDatatypeTests" time="0.001"/>
  <testcase name="shouldSetAndGetProperty[FieldAccess/primitiveShort]" classname="org.springframework.data.mapping.model.ClassGeneratingPropertyAccessorFactoryDatatypeTests" time="0.002"/>
  <testcase name="shouldUseClassPropertyAccessorFactory[FieldAccess/primitiveShort]" classname="org.springframework.data.mapping.model.ClassGeneratingPropertyAccessorFactoryDatatypeTests" time="0"/>
  <testcase name="shouldSetAndGetProperty[PropertyAccess/primitiveShort]" classname="org.springframework.data.mapping.model.ClassGeneratingPropertyAccessorFactoryDatatypeTests" time="0.002"/>
  <testcase name="shouldUseClassPropertyAccessorFactory[PropertyAccess/primitiveShort]" classname="org.springframework.data.mapping.model.ClassGeneratingPropertyAccessorFactoryDatatypeTests" time="0.001"/>
  <testcase name="shouldSetAndGetProperty[PrivateFinalFieldAccess/primitiveShort]" classname="org.springframework.data.mapping.model.ClassGeneratingPropertyAccessorFactoryDatatypeTests" time="0.003"/>
  <testcase name="shouldUseClassPropertyAccessorFactory[PrivateFinalFieldAccess/primitiveShort]" classname="org.springframework.data.mapping.model.ClassGeneratingPropertyAccessorFactoryDatatypeTests" time="0.001"/>
  <testcase name="shouldSetAndGetProperty[PrivateFinalPropertyAccess/primitiveShort]" classname="org.springframework.data.mapping.model.ClassGeneratingPropertyAccessorFactoryDatatypeTests" time="0.006"/>
  <testcase name="shouldUseClassPropertyAccessorFactory[PrivateFinalPropertyAccess/primitiveShort]" classname="org.springframework.data.mapping.model.ClassGeneratingPropertyAccessorFactoryDatatypeTests" time="0.001"/>
  <testcase name="shouldSetAndGetProperty[FieldAccess/primitiveShortArray]" classname="org.springframework.data.mapping.model.ClassGeneratingPropertyAccessorFactoryDatatypeTests" time="0.001"/>
  <testcase name="shouldUseClassPropertyAccessorFactory[FieldAccess/primitiveShortArray]" classname="org.springframework.data.mapping.model.ClassGeneratingPropertyAccessorFactoryDatatypeTests" time="0.001"/>
  <testcase name="shouldSetAndGetProperty[PropertyAccess/primitiveShortArray]" classname="org.springframework.data.mapping.model.ClassGeneratingPropertyAccessorFactoryDatatypeTests" time="0.001"/>
  <testcase name="shouldUseClassPropertyAccessorFactory[PropertyAccess/primitiveShortArray]" classname="org.springframework.data.mapping.model.ClassGeneratingPropertyAccessorFactoryDatatypeTests" time="0.001"/>
  <testcase name="shouldSetAndGetProperty[PrivateFinalFieldAccess/primitiveShortArray]" classname="org.springframework.data.mapping.model.ClassGeneratingPropertyAccessorFactoryDatatypeTests" time="0.003"/>
  <testcase name="shouldUseClassPropertyAccessorFactory[PrivateFinalFieldAccess/primitiveShortArray]" classname="org.springframework.data.mapping.model.ClassGeneratingPropertyAccessorFactoryDatatypeTests" time="0"/>
  <testcase name="shouldSetAndGetProperty[PrivateFinalPropertyAccess/primitiveShortArray]" classname="org.springframework.data.mapping.model.ClassGeneratingPropertyAccessorFactoryDatatypeTests" time="0.007"/>
  <testcase name="shouldUseClassPropertyAccessorFactory[PrivateFinalPropertyAccess/primitiveShortArray]" classname="org.springframework.data.mapping.model.ClassGeneratingPropertyAccessorFactoryDatatypeTests" time="0.001"/>
  <testcase name="shouldSetAndGetProperty[FieldAccess/boxedShort]" classname="org.springframework.data.mapping.model.ClassGeneratingPropertyAccessorFactoryDatatypeTests" time="0.001"/>
  <testcase name="shouldUseClassPropertyAccessorFactory[FieldAccess/boxedShort]" classname="org.springframework.data.mapping.model.ClassGeneratingPropertyAccessorFactoryDatatypeTests" time="0"/>
  <testcase name="shouldSetAndGetProperty[PropertyAccess/boxedShort]" classname="org.springframework.data.mapping.model.ClassGeneratingPropertyAccessorFactoryDatatypeTests" time="0.002"/>
  <testcase name="shouldUseClassPropertyAccessorFactory[PropertyAccess/boxedShort]" classname="org.springframework.data.mapping.model.ClassGeneratingPropertyAccessorFactoryDatatypeTests" time="0.001"/>
  <testcase name="shouldSetAndGetProperty[PrivateFinalFieldAccess/boxedShort]" classname="org.springframework.data.mapping.model.ClassGeneratingPropertyAccessorFactoryDatatypeTests" time="0.003"/>
  <testcase name="shouldUseClassPropertyAccessorFactory[PrivateFinalFieldAccess/boxedShort]" classname="org.springframework.data.mapping.model.ClassGeneratingPropertyAccessorFactoryDatatypeTests" time="0.001"/>
  <testcase name="shouldSetAndGetProperty[PrivateFinalPropertyAccess/boxedShort]" classname="org.springframework.data.mapping.model.ClassGeneratingPropertyAccessorFactoryDatatypeTests" time="0.006"/>
  <testcase name="shouldUseClassPropertyAccessorFactory[PrivateFinalPropertyAccess/boxedShort]" classname="org.springframework.data.mapping.model.ClassGeneratingPropertyAccessorFactoryDatatypeTests" time="0.001"/>
  <testcase name="shouldSetAndGetProperty[FieldAccess/boxedShortArray]" classname="org.springframework.data.mapping.model.ClassGeneratingPropertyAccessorFactoryDatatypeTests" time="0.001"/>
  <testcase name="shouldUseClassPropertyAccessorFactory[FieldAccess/boxedShortArray]" classname="org.springframework.data.mapping.model.ClassGeneratingPropertyAccessorFactoryDatatypeTests" time="0"/>
  <testcase name="shouldSetAndGetProperty[PropertyAccess/boxedShortArray]" classname="org.springframework.data.mapping.model.ClassGeneratingPropertyAccessorFactoryDatatypeTests" time="0.002"/>
  <testcase name="shouldUseClassPropertyAccessorFactory[PropertyAccess/boxedShortArray]" classname="org.springframework.data.mapping.model.ClassGeneratingPropertyAccessorFactoryDatatypeTests" time="0.001"/>
  <testcase name="shouldSetAndGetProperty[PrivateFinalFieldAccess/boxedShortArray]" classname="org.springframework.data.mapping.model.ClassGeneratingPropertyAccessorFactoryDatatypeTests" time="0.003"/>
  <testcase name="shouldUseClassPropertyAccessorFactory[PrivateFinalFieldAccess/boxedShortArray]" classname="org.springframework.data.mapping.model.ClassGeneratingPropertyAccessorFactoryDatatypeTests" time="0"/>
  <testcase name="shouldSetAndGetProperty[PrivateFinalPropertyAccess/boxedShortArray]" classname="org.springframework.data.mapping.model.ClassGeneratingPropertyAccessorFactoryDatatypeTests" time="0.006"/>
  <testcase name="shouldUseClassPropertyAccessorFactory[PrivateFinalPropertyAccess/boxedShortArray]" classname="org.springframework.data.mapping.model.ClassGeneratingPropertyAccessorFactoryDatatypeTests" time="0.001"/>
  <testcase name="shouldSetAndGetProperty[FieldAccess/primitiveByte]" classname="org.springframework.data.mapping.model.ClassGeneratingPropertyAccessorFactoryDatatypeTests" time="0.001"/>
  <testcase name="shouldUseClassPropertyAccessorFactory[FieldAccess/primitiveByte]" classname="org.springframework.data.mapping.model.ClassGeneratingPropertyAccessorFactoryDatatypeTests" time="0.001"/>
  <testcase name="shouldSetAndGetProperty[PropertyAccess/primitiveByte]" classname="org.springframework.data.mapping.model.ClassGeneratingPropertyAccessorFactoryDatatypeTests" time="0.002"/>
  <testcase name="shouldUseClassPropertyAccessorFactory[PropertyAccess/primitiveByte]" classname="org.springframework.data.mapping.model.ClassGeneratingPropertyAccessorFactoryDatatypeTests" time="0"/>
  <testcase name="shouldSetAndGetProperty[PrivateFinalFieldAccess/primitiveByte]" classname="org.springframework.data.mapping.model.ClassGeneratingPropertyAccessorFactoryDatatypeTests" time="0.004"/>
  <testcase name="shouldUseClassPropertyAccessorFactory[PrivateFinalFieldAccess/primitiveByte]" classname="org.springframework.data.mapping.model.ClassGeneratingPropertyAccessorFactoryDatatypeTests" time="0"/>
  <testcase name="shouldSetAndGetProperty[PrivateFinalPropertyAccess/primitiveByte]" classname="org.springframework.data.mapping.model.ClassGeneratingPropertyAccessorFactoryDatatypeTests" time="0.006"/>
  <testcase name="shouldUseClassPropertyAccessorFactory[PrivateFinalPropertyAccess/primitiveByte]" classname="org.springframework.data.mapping.model.ClassGeneratingPropertyAccessorFactoryDatatypeTests" time="0"/>
  <testcase name="shouldSetAndGetProperty[FieldAccess/primitiveByteArray]" classname="org.springframework.data.mapping.model.ClassGeneratingPropertyAccessorFactoryDatatypeTests" time="0.002"/>
  <testcase name="shouldUseClassPropertyAccessorFactory[FieldAccess/primitiveByteArray]" classname="org.springframework.data.mapping.model.ClassGeneratingPropertyAccessorFactoryDatatypeTests" time="0"/>
  <testcase name="shouldSetAndGetProperty[PropertyAccess/primitiveByteArray]" classname="org.springframework.data.mapping.model.ClassGeneratingPropertyAccessorFactoryDatatypeTests" time="0.002"/>
  <testcase name="shouldUseClassPropertyAccessorFactory[PropertyAccess/primitiveByteArray]" classname="org.springframework.data.mapping.model.ClassGeneratingPropertyAccessorFactoryDatatypeTests" time="0"/>
  <testcase name="shouldSetAndGetProperty[PrivateFinalFieldAccess/primitiveByteArray]" classname="org.springframework.data.mapping.model.ClassGeneratingPropertyAccessorFactoryDatatypeTests" time="0.004"/>
  <testcase name="shouldUseClassPropertyAccessorFactory[PrivateFinalFieldAccess/primitiveByteArray]" classname="org.springframework.data.mapping.model.ClassGeneratingPropertyAccessorFactoryDatatypeTests" time="0"/>
  <testcase name="shouldSetAndGetProperty[PrivateFinalPropertyAccess/primitiveByteArray]" classname="org.springframework.data.mapping.model.ClassGeneratingPropertyAccessorFactoryDatatypeTests" time="0.006"/>
  <testcase name="shouldUseClassPropertyAccessorFactory[PrivateFinalPropertyAccess/primitiveByteArray]" classname="org.springframework.data.mapping.model.ClassGeneratingPropertyAccessorFactoryDatatypeTests" time="0"/>
  <testcase name="shouldSetAndGetProperty[FieldAccess/boxedByte]" classname="org.springframework.data.mapping.model.ClassGeneratingPropertyAccessorFactoryDatatypeTests" time="0.002"/>
  <testcase name="shouldUseClassPropertyAccessorFactory[FieldAccess/boxedByte]" classname="org.springframework.data.mapping.model.ClassGeneratingPropertyAccessorFactoryDatatypeTests" time="0"/>
  <testcase name="shouldSetAndGetProperty[PropertyAccess/boxedByte]" classname="org.springframework.data.mapping.model.ClassGeneratingPropertyAccessorFactoryDatatypeTests" time="0.002"/>
  <testcase name="shouldUseClassPropertyAccessorFactory[PropertyAccess/boxedByte]" classname="org.springframework.data.mapping.model.ClassGeneratingPropertyAccessorFactoryDatatypeTests" time="0.001"/>
  <testcase name="shouldSetAndGetProperty[PrivateFinalFieldAccess/boxedByte]" classname="org.springframework.data.mapping.model.ClassGeneratingPropertyAccessorFactoryDatatypeTests" time="0.003"/>
  <testcase name="shouldUseClassPropertyAccessorFactory[PrivateFinalFieldAccess/boxedByte]" classname="org.springframework.data.mapping.model.ClassGeneratingPropertyAccessorFactoryDatatypeTests" time="0"/>
  <testcase name="shouldSetAndGetProperty[PrivateFinalPropertyAccess/boxedByte]" classname="org.springframework.data.mapping.model.ClassGeneratingPropertyAccessorFactoryDatatypeTests" time="0.005"/>
  <testcase name="shouldUseClassPropertyAccessorFactory[PrivateFinalPropertyAccess/boxedByte]" classname="org.springframework.data.mapping.model.ClassGeneratingPropertyAccessorFactoryDatatypeTests" time="0.001"/>
  <testcase name="shouldSetAndGetProperty[FieldAccess/boxedByteArray]" classname="org.springframework.data.mapping.model.ClassGeneratingPropertyAccessorFactoryDatatypeTests" time="0.001"/>
  <testcase name="shouldUseClassPropertyAccessorFactory[FieldAccess/boxedByteArray]" classname="org.springframework.data.mapping.model.ClassGeneratingPropertyAccessorFactoryDatatypeTests" time="0"/>
  <testcase name="shouldSetAndGetProperty[PropertyAccess/boxedByteArray]" classname="org.springframework.data.mapping.model.ClassGeneratingPropertyAccessorFactoryDatatypeTests" time="0.002"/>
  <testcase name="shouldUseClassPropertyAccessorFactory[PropertyAccess/boxedByteArray]" classname="org.springframework.data.mapping.model.ClassGeneratingPropertyAccessorFactoryDatatypeTests" time="0"/>
  <testcase name="shouldSetAndGetProperty[PrivateFinalFieldAccess/boxedByteArray]" classname="org.springframework.data.mapping.model.ClassGeneratingPropertyAccessorFactoryDatatypeTests" time="0.004"/>
  <testcase name="shouldUseClassPropertyAccessorFactory[PrivateFinalFieldAccess/boxedByteArray]" classname="org.springframework.data.mapping.model.ClassGeneratingPropertyAccessorFactoryDatatypeTests" time="0"/>
  <testcase name="shouldSetAndGetProperty[PrivateFinalPropertyAccess/boxedByteArray]" classname="org.springframework.data.mapping.model.ClassGeneratingPropertyAccessorFactoryDatatypeTests" time="0.006"/>
  <testcase name="shouldUseClassPropertyAccessorFactory[PrivateFinalPropertyAccess/boxedByteArray]" classname="org.springframework.data.mapping.model.ClassGeneratingPropertyAccessorFactoryDatatypeTests" time="0.001"/>
  <testcase name="shouldSetAndGetProperty[FieldAccess/primitiveChar]" classname="org.springframework.data.mapping.model.ClassGeneratingPropertyAccessorFactoryDatatypeTests" time="0.001"/>
  <testcase name="shouldUseClassPropertyAccessorFactory[FieldAccess/primitiveChar]" classname="org.springframework.data.mapping.model.ClassGeneratingPropertyAccessorFactoryDatatypeTests" time="0"/>
  <testcase name="shouldSetAndGetProperty[PropertyAccess/primitiveChar]" classname="org.springframework.data.mapping.model.ClassGeneratingPropertyAccessorFactoryDatatypeTests" time="0.002"/>
  <testcase name="shouldUseClassPropertyAccessorFactory[PropertyAccess/primitiveChar]" classname="org.springframework.data.mapping.model.ClassGeneratingPropertyAccessorFactoryDatatypeTests" time="0.001"/>
  <testcase name="shouldSetAndGetProperty[PrivateFinalFieldAccess/primitiveChar]" classname="org.springframework.data.mapping.model.ClassGeneratingPropertyAccessorFactoryDatatypeTests" time="0.003"/>
  <testcase name="shouldUseClassPropertyAccessorFactory[PrivateFinalFieldAccess/primitiveChar]" classname="org.springframework.data.mapping.model.ClassGeneratingPropertyAccessorFactoryDatatypeTests" time="0"/>
  <testcase name="shouldSetAndGetProperty[PrivateFinalPropertyAccess/primitiveChar]" classname="org.springframework.data.mapping.model.ClassGeneratingPropertyAccessorFactoryDatatypeTests" time="0.005"/>
  <testcase name="shouldUseClassPropertyAccessorFactory[PrivateFinalPropertyAccess/primitiveChar]" classname="org.springframework.data.mapping.model.ClassGeneratingPropertyAccessorFactoryDatatypeTests" time="0"/>
  <testcase name="shouldSetAndGetProperty[FieldAccess/primitiveCharArray]" classname="org.springframework.data.mapping.model.ClassGeneratingPropertyAccessorFactoryDatatypeTests" time="0.001"/>
  <testcase name="shouldUseClassPropertyAccessorFactory[FieldAccess/primitiveCharArray]" classname="org.springframework.data.mapping.model.ClassGeneratingPropertyAccessorFactoryDatatypeTests" time="0.001"/>
  <testcase name="shouldSetAndGetProperty[PropertyAccess/primitiveCharArray]" classname="org.springframework.data.mapping.model.ClassGeneratingPropertyAccessorFactoryDatatypeTests" time="0.002"/>
  <testcase name="shouldUseClassPropertyAccessorFactory[PropertyAccess/primitiveCharArray]" classname="org.springframework.data.mapping.model.ClassGeneratingPropertyAccessorFactoryDatatypeTests" time="0"/>
  <testcase name="shouldSetAndGetProperty[PrivateFinalFieldAccess/primitiveCharArray]" classname="org.springframework.data.mapping.model.ClassGeneratingPropertyAccessorFactoryDatatypeTests" time="0.003"/>
  <testcase name="shouldUseClassPropertyAccessorFactory[PrivateFinalFieldAccess/primitiveCharArray]" classname="org.springframework.data.mapping.model.ClassGeneratingPropertyAccessorFactoryDatatypeTests" time="0"/>
  <testcase name="shouldSetAndGetProperty[PrivateFinalPropertyAccess/primitiveCharArray]" classname="org.springframework.data.mapping.model.ClassGeneratingPropertyAccessorFactoryDatatypeTests" time="0.005"/>
  <testcase name="shouldUseClassPropertyAccessorFactory[PrivateFinalPropertyAccess/primitiveCharArray]" classname="org.springframework.data.mapping.model.ClassGeneratingPropertyAccessorFactoryDatatypeTests" time="0"/>
  <testcase name="shouldSetAndGetProperty[FieldAccess/boxedChar]" classname="org.springframework.data.mapping.model.ClassGeneratingPropertyAccessorFactoryDatatypeTests" time="0.002"/>
  <testcase name="shouldUseClassPropertyAccessorFactory[FieldAccess/boxedChar]" classname="org.springframework.data.mapping.model.ClassGeneratingPropertyAccessorFactoryDatatypeTests" time="0"/>
  <testcase name="shouldSetAndGetProperty[PropertyAccess/boxedChar]" classname="org.springframework.data.mapping.model.ClassGeneratingPropertyAccessorFactoryDatatypeTests" time="0.001"/>
  <testcase name="shouldUseClassPropertyAccessorFactory[PropertyAccess/boxedChar]" classname="org.springframework.data.mapping.model.ClassGeneratingPropertyAccessorFactoryDatatypeTests" time="0.001"/>
  <testcase name="shouldSetAndGetProperty[PrivateFinalFieldAccess/boxedChar]" classname="org.springframework.data.mapping.model.ClassGeneratingPropertyAccessorFactoryDatatypeTests" time="0.003"/>
  <testcase name="shouldUseClassPropertyAccessorFactory[PrivateFinalFieldAccess/boxedChar]" classname="org.springframework.data.mapping.model.ClassGeneratingPropertyAccessorFactoryDatatypeTests" time="0"/>
  <testcase name="shouldSetAndGetProperty[PrivateFinalPropertyAccess/boxedChar]" classname="org.springframework.data.mapping.model.ClassGeneratingPropertyAccessorFactoryDatatypeTests" time="0.005"/>
  <testcase name="shouldUseClassPropertyAccessorFactory[PrivateFinalPropertyAccess/boxedChar]" classname="org.springframework.data.mapping.model.ClassGeneratingPropertyAccessorFactoryDatatypeTests" time="0"/>
  <testcase name="shouldSetAndGetProperty[FieldAccess/boxedCharArray]" classname="org.springframework.data.mapping.model.ClassGeneratingPropertyAccessorFactoryDatatypeTests" time="0.001"/>
  <testcase name="shouldUseClassPropertyAccessorFactory[FieldAccess/boxedCharArray]" classname="org.springframework.data.mapping.model.ClassGeneratingPropertyAccessorFactoryDatatypeTests" time="0"/>
  <testcase name="shouldSetAndGetProperty[PropertyAccess/boxedCharArray]" classname="org.springframework.data.mapping.model.ClassGeneratingPropertyAccessorFactoryDatatypeTests" time="0.001"/>
  <testcase name="shouldUseClassPropertyAccessorFactory[PropertyAccess/boxedCharArray]" classname="org.springframework.data.mapping.model.ClassGeneratingPropertyAccessorFactoryDatatypeTests" time="0.001"/>
  <testcase name="shouldSetAndGetProperty[PrivateFinalFieldAccess/boxedCharArray]" classname="org.springframework.data.mapping.model.ClassGeneratingPropertyAccessorFactoryDatatypeTests" time="0.003"/>
  <testcase name="shouldUseClassPropertyAccessorFactory[PrivateFinalFieldAccess/boxedCharArray]" classname="org.springframework.data.mapping.model.ClassGeneratingPropertyAccessorFactoryDatatypeTests" time="0"/>
  <testcase name="shouldSetAndGetProperty[PrivateFinalPropertyAccess/boxedCharArray]" classname="org.springframework.data.mapping.model.ClassGeneratingPropertyAccessorFactoryDatatypeTests" time="0.005"/>
  <testcase name="shouldUseClassPropertyAccessorFactory[PrivateFinalPropertyAccess/boxedCharArray]" classname="org.springframework.data.mapping.model.ClassGeneratingPropertyAccessorFactoryDatatypeTests" time="0.001"/>
  <testcase name="shouldSetAndGetProperty[FieldAccess/primitiveBoolean]" classname="org.springframework.data.mapping.model.ClassGeneratingPropertyAccessorFactoryDatatypeTests" time="0.001"/>
  <testcase name="shouldUseClassPropertyAccessorFactory[FieldAccess/primitiveBoolean]" classname="org.springframework.data.mapping.model.ClassGeneratingPropertyAccessorFactoryDatatypeTests" time="0"/>
  <testcase name="shouldSetAndGetProperty[PropertyAccess/primitiveBoolean]" classname="org.springframework.data.mapping.model.ClassGeneratingPropertyAccessorFactoryDatatypeTests" time="0.002"/>
  <testcase name="shouldUseClassPropertyAccessorFactory[PropertyAccess/primitiveBoolean]" classname="org.springframework.data.mapping.model.ClassGeneratingPropertyAccessorFactoryDatatypeTests" time="0"/>
  <testcase name="shouldSetAndGetProperty[PrivateFinalFieldAccess/primitiveBoolean]" classname="org.springframework.data.mapping.model.ClassGeneratingPropertyAccessorFactoryDatatypeTests" time="0.003"/>
  <testcase name="shouldUseClassPropertyAccessorFactory[PrivateFinalFieldAccess/primitiveBoolean]" classname="org.springframework.data.mapping.model.ClassGeneratingPropertyAccessorFactoryDatatypeTests" time="0"/>
  <testcase name="shouldSetAndGetProperty[PrivateFinalPropertyAccess/primitiveBoolean]" classname="org.springframework.data.mapping.model.ClassGeneratingPropertyAccessorFactoryDatatypeTests" time="0.005"/>
  <testcase name="shouldUseClassPropertyAccessorFactory[PrivateFinalPropertyAccess/primitiveBoolean]" classname="org.springframework.data.mapping.model.ClassGeneratingPropertyAccessorFactoryDatatypeTests" time="0"/>
  <testcase name="shouldSetAndGetProperty[FieldAccess/primitiveBooleanArray]" classname="org.springframework.data.mapping.model.ClassGeneratingPropertyAccessorFactoryDatatypeTests" time="0.001"/>
  <testcase name="shouldUseClassPropertyAccessorFactory[FieldAccess/primitiveBooleanArray]" classname="org.springframework.data.mapping.model.ClassGeneratingPropertyAccessorFactoryDatatypeTests" time="0.001"/>
  <testcase name="shouldSetAndGetProperty[PropertyAccess/primitiveBooleanArray]" classname="org.springframework.data.mapping.model.ClassGeneratingPropertyAccessorFactoryDatatypeTests" time="0.001"/>
  <testcase name="shouldUseClassPropertyAccessorFactory[PropertyAccess/primitiveBooleanArray]" classname="org.springframework.data.mapping.model.ClassGeneratingPropertyAccessorFactoryDatatypeTests" time="0.001"/>
  <testcase name="shouldSetAndGetProperty[PrivateFinalFieldAccess/primitiveBooleanArray]" classname="org.springframework.data.mapping.model.ClassGeneratingPropertyAccessorFactoryDatatypeTests" time="0.002"/>
  <testcase name="shouldUseClassPropertyAccessorFactory[PrivateFinalFieldAccess/primitiveBooleanArray]" classname="org.springframework.data.mapping.model.ClassGeneratingPropertyAccessorFactoryDatatypeTests" time="0.001"/>
  <testcase name="shouldSetAndGetProperty[PrivateFinalPropertyAccess/primitiveBooleanArray]" classname="org.springframework.data.mapping.model.ClassGeneratingPropertyAccessorFactoryDatatypeTests" time="0.005"/>
  <testcase name="shouldUseClassPropertyAccessorFactory[PrivateFinalPropertyAccess/primitiveBooleanArray]" classname="org.springframework.data.mapping.model.ClassGeneratingPropertyAccessorFactoryDatatypeTests" time="0"/>
  <testcase name="shouldSetAndGetProperty[FieldAccess/boxedBoolean]" classname="org.springframework.data.mapping.model.ClassGeneratingPropertyAccessorFactoryDatatypeTests" time="0.001"/>
  <testcase name="shouldUseClassPropertyAccessorFactory[FieldAccess/boxedBoolean]" classname="org.springframework.data.mapping.model.ClassGeneratingPropertyAccessorFactoryDatatypeTests" time="0.001"/>
  <testcase name="shouldSetAndGetProperty[PropertyAccess/boxedBoolean]" classname="org.springframework.data.mapping.model.ClassGeneratingPropertyAccessorFactoryDatatypeTests" time="0.001"/>
  <testcase name="shouldUseClassPropertyAccessorFactory[PropertyAccess/boxedBoolean]" classname="org.springframework.data.mapping.model.ClassGeneratingPropertyAccessorFactoryDatatypeTests" time="0.001"/>
  <testcase name="shouldSetAndGetProperty[PrivateFinalFieldAccess/boxedBoolean]" classname="org.springframework.data.mapping.model.ClassGeneratingPropertyAccessorFactoryDatatypeTests" time="0.002"/>
  <testcase name="shouldUseClassPropertyAccessorFactory[PrivateFinalFieldAccess/boxedBoolean]" classname="org.springframework.data.mapping.model.ClassGeneratingPropertyAccessorFactoryDatatypeTests" time="0.001"/>
  <testcase name="shouldSetAndGetProperty[PrivateFinalPropertyAccess/boxedBoolean]" classname="org.springframework.data.mapping.model.ClassGeneratingPropertyAccessorFactoryDatatypeTests" time="0.004"/>
  <testcase name="shouldUseClassPropertyAccessorFactory[PrivateFinalPropertyAccess/boxedBoolean]" classname="org.springframework.data.mapping.model.ClassGeneratingPropertyAccessorFactoryDatatypeTests" time="0.001"/>
  <testcase name="shouldSetAndGetProperty[FieldAccess/boxedBooleanArray]" classname="org.springframework.data.mapping.model.ClassGeneratingPropertyAccessorFactoryDatatypeTests" time="0.001"/>
  <testcase name="shouldUseClassPropertyAccessorFactory[FieldAccess/boxedBooleanArray]" classname="org.springframework.data.mapping.model.ClassGeneratingPropertyAccessorFactoryDatatypeTests" time="0"/>
  <testcase name="shouldSetAndGetProperty[PropertyAccess/boxedBooleanArray]" classname="org.springframework.data.mapping.model.ClassGeneratingPropertyAccessorFactoryDatatypeTests" time="0.002"/>
  <testcase name="shouldUseClassPropertyAccessorFactory[PropertyAccess/boxedBooleanArray]" classname="org.springframework.data.mapping.model.ClassGeneratingPropertyAccessorFactoryDatatypeTests" time="0"/>
  <testcase name="shouldSetAndGetProperty[PrivateFinalFieldAccess/boxedBooleanArray]" classname="org.springframework.data.mapping.model.ClassGeneratingPropertyAccessorFactoryDatatypeTests" time="0.003"/>
  <testcase name="shouldUseClassPropertyAccessorFactory[PrivateFinalFieldAccess/boxedBooleanArray]" classname="org.springframework.data.mapping.model.ClassGeneratingPropertyAccessorFactoryDatatypeTests" time="0.001"/>
  <testcase name="shouldSetAndGetProperty[PrivateFinalPropertyAccess/boxedBooleanArray]" classname="org.springframework.data.mapping.model.ClassGeneratingPropertyAccessorFactoryDatatypeTests" time="0.005"/>
  <testcase name="shouldUseClassPropertyAccessorFactory[PrivateFinalPropertyAccess/boxedBooleanArray]" classname="org.springframework.data.mapping.model.ClassGeneratingPropertyAccessorFactoryDatatypeTests" time="0"/>
  <testcase name="shouldSetAndGetProperty[FieldAccess/primitiveFloat]" classname="org.springframework.data.mapping.model.ClassGeneratingPropertyAccessorFactoryDatatypeTests" time="0.002"/>
  <testcase name="shouldUseClassPropertyAccessorFactory[FieldAccess/primitiveFloat]" classname="org.springframework.data.mapping.model.ClassGeneratingPropertyAccessorFactoryDatatypeTests" time="0"/>
  <testcase name="shouldSetAndGetProperty[PropertyAccess/primitiveFloat]" classname="org.springframework.data.mapping.model.ClassGeneratingPropertyAccessorFactoryDatatypeTests" time="0.002"/>
  <testcase name="shouldUseClassPropertyAccessorFactory[PropertyAccess/primitiveFloat]" classname="org.springframework.data.mapping.model.ClassGeneratingPropertyAccessorFactoryDatatypeTests" time="0"/>
  <testcase name="shouldSetAndGetProperty[PrivateFinalFieldAccess/primitiveFloat]" classname="org.springframework.data.mapping.model.ClassGeneratingPropertyAccessorFactoryDatatypeTests" time="0.006"/>
  <testcase name="shouldUseClassPropertyAccessorFactory[PrivateFinalFieldAccess/primitiveFloat]" classname="org.springframework.data.mapping.model.ClassGeneratingPropertyAccessorFactoryDatatypeTests" time="0"/>
  <testcase name="shouldSetAndGetProperty[PrivateFinalPropertyAccess/primitiveFloat]" classname="org.springframework.data.mapping.model.ClassGeneratingPropertyAccessorFactoryDatatypeTests" time="0.005"/>
  <testcase name="shouldUseClassPropertyAccessorFactory[PrivateFinalPropertyAccess/primitiveFloat]" classname="org.springframework.data.mapping.model.ClassGeneratingPropertyAccessorFactoryDatatypeTests" time="0.001"/>
  <testcase name="shouldSetAndGetProperty[FieldAccess/primitiveFloatArray]" classname="org.springframework.data.mapping.model.ClassGeneratingPropertyAccessorFactoryDatatypeTests" time="0.001"/>
  <testcase name="shouldUseClassPropertyAccessorFactory[FieldAccess/primitiveFloatArray]" classname="org.springframework.data.mapping.model.ClassGeneratingPropertyAccessorFactoryDatatypeTests" time="0"/>
  <testcase name="shouldSetAndGetProperty[PropertyAccess/primitiveFloatArray]" classname="org.springframework.data.mapping.model.ClassGeneratingPropertyAccessorFactoryDatatypeTests" time="0.001"/>
  <testcase name="shouldUseClassPropertyAccessorFactory[PropertyAccess/primitiveFloatArray]" classname="org.springframework.data.mapping.model.ClassGeneratingPropertyAccessorFactoryDatatypeTests" time="0"/>
  <testcase name="shouldSetAndGetProperty[PrivateFinalFieldAccess/primitiveFloatArray]" classname="org.springframework.data.mapping.model.ClassGeneratingPropertyAccessorFactoryDatatypeTests" time="0.003"/>
  <testcase name="shouldUseClassPropertyAccessorFactory[PrivateFinalFieldAccess/primitiveFloatArray]" classname="org.springframework.data.mapping.model.ClassGeneratingPropertyAccessorFactoryDatatypeTests" time="0.001"/>
  <testcase name="shouldSetAndGetProperty[PrivateFinalPropertyAccess/primitiveFloatArray]" classname="org.springframework.data.mapping.model.ClassGeneratingPropertyAccessorFactoryDatatypeTests" time="0.004"/>
  <testcase name="shouldUseClassPropertyAccessorFactory[PrivateFinalPropertyAccess/primitiveFloatArray]" classname="org.springframework.data.mapping.model.ClassGeneratingPropertyAccessorFactoryDatatypeTests" time="0.001"/>
  <testcase name="shouldSetAndGetProperty[FieldAccess/boxedFloat]" classname="org.springframework.data.mapping.model.ClassGeneratingPropertyAccessorFactoryDatatypeTests" time="0.001"/>
  <testcase name="shouldUseClassPropertyAccessorFactory[FieldAccess/boxedFloat]" classname="org.springframework.data.mapping.model.ClassGeneratingPropertyAccessorFactoryDatatypeTests" time="0"/>
  <testcase name="shouldSetAndGetProperty[PropertyAccess/boxedFloat]" classname="org.springframework.data.mapping.model.ClassGeneratingPropertyAccessorFactoryDatatypeTests" time="0.002"/>
  <testcase name="shouldUseClassPropertyAccessorFactory[PropertyAccess/boxedFloat]" classname="org.springframework.data.mapping.model.ClassGeneratingPropertyAccessorFactoryDatatypeTests" time="0"/>
  <testcase name="shouldSetAndGetProperty[PrivateFinalFieldAccess/boxedFloat]" classname="org.springframework.data.mapping.model.ClassGeneratingPropertyAccessorFactoryDatatypeTests" time="0.003"/>
  <testcase name="shouldUseClassPropertyAccessorFactory[PrivateFinalFieldAccess/boxedFloat]" classname="org.springframework.data.mapping.model.ClassGeneratingPropertyAccessorFactoryDatatypeTests" time="0"/>
  <testcase name="shouldSetAndGetProperty[PrivateFinalPropertyAccess/boxedFloat]" classname="org.springframework.data.mapping.model.ClassGeneratingPropertyAccessorFactoryDatatypeTests" time="0.005"/>
  <testcase name="shouldUseClassPropertyAccessorFactory[PrivateFinalPropertyAccess/boxedFloat]" classname="org.springframework.data.mapping.model.ClassGeneratingPropertyAccessorFactoryDatatypeTests" time="0"/>
  <testcase name="shouldSetAndGetProperty[FieldAccess/boxedFloatArray]" classname="org.springframework.data.mapping.model.ClassGeneratingPropertyAccessorFactoryDatatypeTests" time="0.002"/>
  <testcase name="shouldUseClassPropertyAccessorFactory[FieldAccess/boxedFloatArray]" classname="org.springframework.data.mapping.model.ClassGeneratingPropertyAccessorFactoryDatatypeTests" time="0"/>
  <testcase name="shouldSetAndGetProperty[PropertyAccess/boxedFloatArray]" classname="org.springframework.data.mapping.model.ClassGeneratingPropertyAccessorFactoryDatatypeTests" time="0.001"/>
  <testcase name="shouldUseClassPropertyAccessorFactory[PropertyAccess/boxedFloatArray]" classname="org.springframework.data.mapping.model.ClassGeneratingPropertyAccessorFactoryDatatypeTests" time="0.001"/>
  <testcase name="shouldSetAndGetProperty[PrivateFinalFieldAccess/boxedFloatArray]" classname="org.springframework.data.mapping.model.ClassGeneratingPropertyAccessorFactoryDatatypeTests" time="0.002"/>
  <testcase name="shouldUseClassPropertyAccessorFactory[PrivateFinalFieldAccess/boxedFloatArray]" classname="org.springframework.data.mapping.model.ClassGeneratingPropertyAccessorFactoryDatatypeTests" time="0.001"/>
  <testcase name="shouldSetAndGetProperty[PrivateFinalPropertyAccess/boxedFloatArray]" classname="org.springframework.data.mapping.model.ClassGeneratingPropertyAccessorFactoryDatatypeTests" time="0.004"/>
  <testcase name="shouldUseClassPropertyAccessorFactory[PrivateFinalPropertyAccess/boxedFloatArray]" classname="org.springframework.data.mapping.model.ClassGeneratingPropertyAccessorFactoryDatatypeTests" time="0.001"/>
  <testcase name="shouldSetAndGetProperty[FieldAccess/primitiveDouble]" classname="org.springframework.data.mapping.model.ClassGeneratingPropertyAccessorFactoryDatatypeTests" time="0.001"/>
  <testcase name="shouldUseClassPropertyAccessorFactory[FieldAccess/primitiveDouble]" classname="org.springframework.data.mapping.model.ClassGeneratingPropertyAccessorFactoryDatatypeTests" time="0"/>
  <testcase name="shouldSetAndGetProperty[PropertyAccess/primitiveDouble]" classname="org.springframework.data.mapping.model.ClassGeneratingPropertyAccessorFactoryDatatypeTests" time="0.002"/>
  <testcase name="shouldUseClassPropertyAccessorFactory[PropertyAccess/primitiveDouble]" classname="org.springframework.data.mapping.model.ClassGeneratingPropertyAccessorFactoryDatatypeTests" time="0"/>
  <testcase name="shouldSetAndGetProperty[PrivateFinalFieldAccess/primitiveDouble]" classname="org.springframework.data.mapping.model.ClassGeneratingPropertyAccessorFactoryDatatypeTests" time="0.005"/>
  <testcase name="shouldUseClassPropertyAccessorFactory[PrivateFinalFieldAccess/primitiveDouble]" classname="org.springframework.data.mapping.model.ClassGeneratingPropertyAccessorFactoryDatatypeTests" time="0"/>
  <testcase name="shouldSetAndGetProperty[PrivateFinalPropertyAccess/primitiveDouble]" classname="org.springframework.data.mapping.model.ClassGeneratingPropertyAccessorFactoryDatatypeTests" time="0.004"/>
  <testcase name="shouldUseClassPropertyAccessorFactory[PrivateFinalPropertyAccess/primitiveDouble]" classname="org.springframework.data.mapping.model.ClassGeneratingPropertyAccessorFactoryDatatypeTests" time="0.001"/>
  <testcase name="shouldSetAndGetProperty[FieldAccess/primitiveDoubleArray]" classname="org.springframework.data.mapping.model.ClassGeneratingPropertyAccessorFactoryDatatypeTests" time="0.001"/>
  <testcase name="shouldUseClassPropertyAccessorFactory[FieldAccess/primitiveDoubleArray]" classname="org.springframework.data.mapping.model.ClassGeneratingPropertyAccessorFactoryDatatypeTests" time="0"/>
  <testcase name="shouldSetAndGetProperty[PropertyAccess/primitiveDoubleArray]" classname="org.springframework.data.mapping.model.ClassGeneratingPropertyAccessorFactoryDatatypeTests" time="0.001"/>
  <testcase name="shouldUseClassPropertyAccessorFactory[PropertyAccess/primitiveDoubleArray]" classname="org.springframework.data.mapping.model.ClassGeneratingPropertyAccessorFactoryDatatypeTests" time="0.001"/>
  <testcase name="shouldSetAndGetProperty[PrivateFinalFieldAccess/primitiveDoubleArray]" classname="org.springframework.data.mapping.model.ClassGeneratingPropertyAccessorFactoryDatatypeTests" time="0.002"/>
  <testcase name="shouldUseClassPropertyAccessorFactory[PrivateFinalFieldAccess/primitiveDoubleArray]" classname="org.springframework.data.mapping.model.ClassGeneratingPropertyAccessorFactoryDatatypeTests" time="0.001"/>
  <testcase name="shouldSetAndGetProperty[PrivateFinalPropertyAccess/primitiveDoubleArray]" classname="org.springframework.data.mapping.model.ClassGeneratingPropertyAccessorFactoryDatatypeTests" time="0.005"/>
  <testcase name="shouldUseClassPropertyAccessorFactory[PrivateFinalPropertyAccess/primitiveDoubleArray]" classname="org.springframework.data.mapping.model.ClassGeneratingPropertyAccessorFactoryDatatypeTests" time="0"/>
  <testcase name="shouldSetAndGetProperty[FieldAccess/boxedDouble]" classname="org.springframework.data.mapping.model.ClassGeneratingPropertyAccessorFactoryDatatypeTests" time="0.001"/>
  <testcase name="shouldUseClassPropertyAccessorFactory[FieldAccess/boxedDouble]" classname="org.springframework.data.mapping.model.ClassGeneratingPropertyAccessorFactoryDatatypeTests" time="0.001"/>
  <testcase name="shouldSetAndGetProperty[PropertyAccess/boxedDouble]" classname="org.springframework.data.mapping.model.ClassGeneratingPropertyAccessorFactoryDatatypeTests" time="0.001"/>
  <testcase name="shouldUseClassPropertyAccessorFactory[PropertyAccess/boxedDouble]" classname="org.springframework.data.mapping.model.ClassGeneratingPropertyAccessorFactoryDatatypeTests" time="0"/>
  <testcase name="shouldSetAndGetProperty[PrivateFinalFieldAccess/boxedDouble]" classname="org.springframework.data.mapping.model.ClassGeneratingPropertyAccessorFactoryDatatypeTests" time="0.003"/>
  <testcase name="shouldUseClassPropertyAccessorFactory[PrivateFinalFieldAccess/boxedDouble]" classname="org.springframework.data.mapping.model.ClassGeneratingPropertyAccessorFactoryDatatypeTests" time="0"/>
  <testcase name="shouldSetAndGetProperty[PrivateFinalPropertyAccess/boxedDouble]" classname="org.springframework.data.mapping.model.ClassGeneratingPropertyAccessorFactoryDatatypeTests" time="0.005"/>
  <testcase name="shouldUseClassPropertyAccessorFactory[PrivateFinalPropertyAccess/boxedDouble]" classname="org.springframework.data.mapping.model.ClassGeneratingPropertyAccessorFactoryDatatypeTests" time="0"/>
  <testcase name="shouldSetAndGetProperty[FieldAccess/boxedDoubleArray]" classname="org.springframework.data.mapping.model.ClassGeneratingPropertyAccessorFactoryDatatypeTests" time="0.001"/>
  <testcase name="shouldUseClassPropertyAccessorFactory[FieldAccess/boxedDoubleArray]" classname="org.springframework.data.mapping.model.ClassGeneratingPropertyAccessorFactoryDatatypeTests" time="0"/>
  <testcase name="shouldSetAndGetProperty[PropertyAccess/boxedDoubleArray]" classname="org.springframework.data.mapping.model.ClassGeneratingPropertyAccessorFactoryDatatypeTests" time="0.001"/>
  <testcase name="shouldUseClassPropertyAccessorFactory[PropertyAccess/boxedDoubleArray]" classname="org.springframework.data.mapping.model.ClassGeneratingPropertyAccessorFactoryDatatypeTests" time="0.001"/>
  <testcase name="shouldSetAndGetProperty[PrivateFinalFieldAccess/boxedDoubleArray]" classname="org.springframework.data.mapping.model.ClassGeneratingPropertyAccessorFactoryDatatypeTests" time="0.002"/>
  <testcase name="shouldUseClassPropertyAccessorFactory[PrivateFinalFieldAccess/boxedDoubleArray]" classname="org.springframework.data.mapping.model.ClassGeneratingPropertyAccessorFactoryDatatypeTests" time="0"/>
  <testcase name="shouldSetAndGetProperty[PrivateFinalPropertyAccess/boxedDoubleArray]" classname="org.springframework.data.mapping.model.ClassGeneratingPropertyAccessorFactoryDatatypeTests" time="0.004"/>
  <testcase name="shouldUseClassPropertyAccessorFactory[PrivateFinalPropertyAccess/boxedDoubleArray]" classname="org.springframework.data.mapping.model.ClassGeneratingPropertyAccessorFactoryDatatypeTests" time="0.001"/>
  <testcase name="shouldSetAndGetProperty[FieldAccess/primitiveLong]" classname="org.springframework.data.mapping.model.ClassGeneratingPropertyAccessorFactoryDatatypeTests" time="0.001"/>
  <testcase name="shouldUseClassPropertyAccessorFactory[FieldAccess/primitiveLong]" classname="org.springframework.data.mapping.model.ClassGeneratingPropertyAccessorFactoryDatatypeTests" time="0"/>
  <testcase name="shouldSetAndGetProperty[PropertyAccess/primitiveLong]" classname="org.springframework.data.mapping.model.ClassGeneratingPropertyAccessorFactoryDatatypeTests" time="0.001"/>
  <testcase name="shouldUseClassPropertyAccessorFactory[PropertyAccess/primitiveLong]" classname="org.springframework.data.mapping.model.ClassGeneratingPropertyAccessorFactoryDatatypeTests" time="0.001"/>
  <testcase name="shouldSetAndGetProperty[PrivateFinalFieldAccess/primitiveLong]" classname="org.springframework.data.mapping.model.ClassGeneratingPropertyAccessorFactoryDatatypeTests" time="0.004"/>
  <testcase name="shouldUseClassPropertyAccessorFactory[PrivateFinalFieldAccess/primitiveLong]" classname="org.springframework.data.mapping.model.ClassGeneratingPropertyAccessorFactoryDatatypeTests" time="0.001"/>
  <testcase name="shouldSetAndGetProperty[PrivateFinalPropertyAccess/primitiveLong]" classname="org.springframework.data.mapping.model.ClassGeneratingPropertyAccessorFactoryDatatypeTests" time="0.004"/>
  <testcase name="shouldUseClassPropertyAccessorFactory[PrivateFinalPropertyAccess/primitiveLong]" classname="org.springframework.data.mapping.model.ClassGeneratingPropertyAccessorFactoryDatatypeTests" time="0.001"/>
  <testcase name="shouldSetAndGetProperty[FieldAccess/primitiveLongArray]" classname="org.springframework.data.mapping.model.ClassGeneratingPropertyAccessorFactoryDatatypeTests" time="0"/>
  <testcase name="shouldUseClassPropertyAccessorFactory[FieldAccess/primitiveLongArray]" classname="org.springframework.data.mapping.model.ClassGeneratingPropertyAccessorFactoryDatatypeTests" time="0"/>
  <testcase name="shouldSetAndGetProperty[PropertyAccess/primitiveLongArray]" classname="org.springframework.data.mapping.model.ClassGeneratingPropertyAccessorFactoryDatatypeTests" time="0.001"/>
  <testcase name="shouldUseClassPropertyAccessorFactory[PropertyAccess/primitiveLongArray]" classname="org.springframework.data.mapping.model.ClassGeneratingPropertyAccessorFactoryDatatypeTests" time="0"/>
  <testcase name="shouldSetAndGetProperty[PrivateFinalFieldAccess/primitiveLongArray]" classname="org.springframework.data.mapping.model.ClassGeneratingPropertyAccessorFactoryDatatypeTests" time="0.003"/>
  <testcase name="shouldUseClassPropertyAccessorFactory[PrivateFinalFieldAccess/primitiveLongArray]" classname="org.springframework.data.mapping.model.ClassGeneratingPropertyAccessorFactoryDatatypeTests" time="0"/>
  <testcase name="shouldSetAndGetProperty[PrivateFinalPropertyAccess/primitiveLongArray]" classname="org.springframework.data.mapping.model.ClassGeneratingPropertyAccessorFactoryDatatypeTests" time="0.005"/>
  <testcase name="shouldUseClassPropertyAccessorFactory[PrivateFinalPropertyAccess/primitiveLongArray]" classname="org.springframework.data.mapping.model.ClassGeneratingPropertyAccessorFactoryDatatypeTests" time="0"/>
  <testcase name="shouldSetAndGetProperty[FieldAccess/boxedLong]" classname="org.springframework.data.mapping.model.ClassGeneratingPropertyAccessorFactoryDatatypeTests" time="0.001"/>
  <testcase name="shouldUseClassPropertyAccessorFactory[FieldAccess/boxedLong]" classname="org.springframework.data.mapping.model.ClassGeneratingPropertyAccessorFactoryDatatypeTests" time="0"/>
  <testcase name="shouldSetAndGetProperty[PropertyAccess/boxedLong]" classname="org.springframework.data.mapping.model.ClassGeneratingPropertyAccessorFactoryDatatypeTests" time="0.001"/>
  <testcase name="shouldUseClassPropertyAccessorFactory[PropertyAccess/boxedLong]" classname="org.springframework.data.mapping.model.ClassGeneratingPropertyAccessorFactoryDatatypeTests" time="0.001"/>
  <testcase name="shouldSetAndGetProperty[PrivateFinalFieldAccess/boxedLong]" classname="org.springframework.data.mapping.model.ClassGeneratingPropertyAccessorFactoryDatatypeTests" time="0.002"/>
  <testcase name="shouldUseClassPropertyAccessorFactory[PrivateFinalFieldAccess/boxedLong]" classname="org.springframework.data.mapping.model.ClassGeneratingPropertyAccessorFactoryDatatypeTests" time="0.001"/>
  <testcase name="shouldSetAndGetProperty[PrivateFinalPropertyAccess/boxedLong]" classname="org.springframework.data.mapping.model.ClassGeneratingPropertyAccessorFactoryDatatypeTests" time="0.004"/>
  <testcase name="shouldUseClassPropertyAccessorFactory[PrivateFinalPropertyAccess/boxedLong]" classname="org.springframework.data.mapping.model.ClassGeneratingPropertyAccessorFactoryDatatypeTests" time="0.001"/>
  <testcase name="shouldSetAndGetProperty[FieldAccess/boxedLongArray]" classname="org.springframework.data.mapping.model.ClassGeneratingPropertyAccessorFactoryDatatypeTests" time="0.001"/>
  <testcase name="shouldUseClassPropertyAccessorFactory[FieldAccess/boxedLongArray]" classname="org.springframework.data.mapping.model.ClassGeneratingPropertyAccessorFactoryDatatypeTests" time="0"/>
  <testcase name="shouldSetAndGetProperty[PropertyAccess/boxedLongArray]" classname="org.springframework.data.mapping.model.ClassGeneratingPropertyAccessorFactoryDatatypeTests" time="0.001"/>
  <testcase name="shouldUseClassPropertyAccessorFactory[PropertyAccess/boxedLongArray]" classname="org.springframework.data.mapping.model.ClassGeneratingPropertyAccessorFactoryDatatypeTests" time="0.001"/>
  <testcase name="shouldSetAndGetProperty[PrivateFinalFieldAccess/boxedLongArray]" classname="org.springframework.data.mapping.model.ClassGeneratingPropertyAccessorFactoryDatatypeTests" time="0.003"/>
  <testcase name="shouldUseClassPropertyAccessorFactory[PrivateFinalFieldAccess/boxedLongArray]" classname="org.springframework.data.mapping.model.ClassGeneratingPropertyAccessorFactoryDatatypeTests" time="0"/>
  <testcase name="shouldSetAndGetProperty[PrivateFinalPropertyAccess/boxedLongArray]" classname="org.springframework.data.mapping.model.ClassGeneratingPropertyAccessorFactoryDatatypeTests" time="0.005"/>
  <testcase name="shouldUseClassPropertyAccessorFactory[PrivateFinalPropertyAccess/boxedLongArray]" classname="org.springframework.data.mapping.model.ClassGeneratingPropertyAccessorFactoryDatatypeTests" time="0"/>
  <testcase name="shouldSetAndGetProperty[FieldAccess/string]" classname="org.springframework.data.mapping.model.ClassGeneratingPropertyAccessorFactoryDatatypeTests" time="0.001"/>
  <testcase name="shouldUseClassPropertyAccessorFactory[FieldAccess/string]" classname="org.springframework.data.mapping.model.ClassGeneratingPropertyAccessorFactoryDatatypeTests" time="0"/>
  <testcase name="shouldSetAndGetProperty[PropertyAccess/string]" classname="org.springframework.data.mapping.model.ClassGeneratingPropertyAccessorFactoryDatatypeTests" time="0.001"/>
  <testcase name="shouldUseClassPropertyAccessorFactory[PropertyAccess/string]" classname="org.springframework.data.mapping.model.ClassGeneratingPropertyAccessorFactoryDatatypeTests" time="0.001"/>
  <testcase name="shouldSetAndGetProperty[PrivateFinalFieldAccess/string]" classname="org.springframework.data.mapping.model.ClassGeneratingPropertyAccessorFactoryDatatypeTests" time="0.002"/>
  <testcase name="shouldUseClassPropertyAccessorFactory[PrivateFinalFieldAccess/string]" classname="org.springframework.data.mapping.model.ClassGeneratingPropertyAccessorFactoryDatatypeTests" time="0"/>
  <testcase name="shouldSetAndGetProperty[PrivateFinalPropertyAccess/string]" classname="org.springframework.data.mapping.model.ClassGeneratingPropertyAccessorFactoryDatatypeTests" time="0.004"/>
  <testcase name="shouldUseClassPropertyAccessorFactory[PrivateFinalPropertyAccess/string]" classname="org.springframework.data.mapping.model.ClassGeneratingPropertyAccessorFactoryDatatypeTests" time="0.001"/>
  <testcase name="shouldSetAndGetProperty[FieldAccess/stringArray]" classname="org.springframework.data.mapping.model.ClassGeneratingPropertyAccessorFactoryDatatypeTests" time="0.001"/>
  <testcase name="shouldUseClassPropertyAccessorFactory[FieldAccess/stringArray]" classname="org.springframework.data.mapping.model.ClassGeneratingPropertyAccessorFactoryDatatypeTests" time="0"/>
  <testcase name="shouldSetAndGetProperty[PropertyAccess/stringArray]" classname="org.springframework.data.mapping.model.ClassGeneratingPropertyAccessorFactoryDatatypeTests" time="0.001"/>
  <testcase name="shouldUseClassPropertyAccessorFactory[PropertyAccess/stringArray]" classname="org.springframework.data.mapping.model.ClassGeneratingPropertyAccessorFactoryDatatypeTests" time="0.001"/>
  <testcase name="shouldSetAndGetProperty[PrivateFinalFieldAccess/stringArray]" classname="org.springframework.data.mapping.model.ClassGeneratingPropertyAccessorFactoryDatatypeTests" time="0.002"/>
  <testcase name="shouldUseClassPropertyAccessorFactory[PrivateFinalFieldAccess/stringArray]" classname="org.springframework.data.mapping.model.ClassGeneratingPropertyAccessorFactoryDatatypeTests" time="0"/>
  <testcase name="shouldSetAndGetProperty[PrivateFinalPropertyAccess/stringArray]" classname="org.springframework.data.mapping.model.ClassGeneratingPropertyAccessorFactoryDatatypeTests" time="0.004"/>
  <testcase name="shouldUseClassPropertyAccessorFactory[PrivateFinalPropertyAccess/stringArray]" classname="org.springframework.data.mapping.model.ClassGeneratingPropertyAccessorFactoryDatatypeTests" time="0"/>
</testsuite>