<?xml version="1.0" encoding="UTF-8"?>
<testsuite xmlns:xsi="http://www.w3.org/2001/XMLSchema-instance" xsi:noNamespaceSchemaLocation="https://maven.apache.org/surefire/maven-surefire-plugin/xsd/surefire-test-report.xsd" name="io.lettuce.core.dynamic.output.OutputRegistryUnitTests" time="0.001" tests="7" errors="0" skipped="0" failures="0">
  <properties>
    <property name="awt.toolkit" value="sun.awt.X11.XToolkit"/>
    <property name="file.encoding.pkg" value="sun.io"/>
    <property name="java.specification.version" value="1.8"/>
    <property name="sun.cpu.isalist" value=""/>
    <property name="sun.jnu.encoding" value="UTF-8"/>
    <property name="java.class.path" value="/media/4tb/npex/npex_data/benchmarks-bears/Bears-225-buggy/target/test-classes:/media/4tb/npex/npex_data/benchmarks-bears/Bears-225-buggy/target/classes:/home/june/.m2/repository/io/projectreactor/reactor-core/3.2.0.RELEASE/reactor-core-3.2.0.RELEASE.jar:/home/june/.m2/repository/org/reactivestreams/reactive-streams/1.0.2/reactive-streams-1.0.2.jar:/home/june/.m2/repository/io/netty/netty-common/4.1.29.Final/netty-common-4.1.29.Final.jar:/home/june/.m2/repository/io/netty/netty-transport/4.1.29.Final/netty-transport-4.1.29.Final.jar:/home/june/.m2/repository/io/netty/netty-buffer/4.1.29.Final/netty-buffer-4.1.29.Final.jar:/home/june/.m2/repository/io/netty/netty-resolver/4.1.29.Final/netty-resolver-4.1.29.Final.jar:/home/june/.m2/repository/io/netty/netty-handler/4.1.29.Final/netty-handler-4.1.29.Final.jar:/home/june/.m2/repository/io/netty/netty-codec/4.1.29.Final/netty-codec-4.1.29.Final.jar:/home/june/.m2/repository/io/netty/netty-transport-native-epoll/4.1.29.Final/netty-transport-native-epoll-4.1.29.Final-linux-x86_64.jar:/home/june/.m2/repository/io/netty/netty-transport-native-unix-common/4.1.29.Final/netty-transport-native-unix-common-4.1.29.Final.jar:/home/june/.m2/repository/io/netty/netty-transport-native-kqueue/4.1.29.Final/netty-transport-native-kqueue-4.1.29.Final-osx-x86_64.jar:/home/june/.m2/repository/io/netty/netty-tcnative/1.1.33.Fork26/netty-tcnative-1.1.33.Fork26-linux-x86_64.jar:/home/june/.m2/repository/org/apache/commons/commons-pool2/2.6.0/commons-pool2-2.6.0.jar:/home/june/.m2/repository/org/latencyutils/LatencyUtils/2.0.3/LatencyUtils-2.0.3.jar:/home/june/.m2/repository/org/hdrhistogram/HdrHistogram/2.1.10/HdrHistogram-2.1.10.jar:/home/june/.m2/repository/io/zipkin/brave/brave/5.2.0/brave-5.2.0.jar:/home/june/.m2/repository/io/zipkin/zipkin2/zipkin/2.10.4/zipkin-2.10.4.jar:/home/june/.m2/repository/io/zipkin/reporter2/zipkin-reporter/2.7.7/zipkin-reporter-2.7.7.jar:/home/june/.m2/repository/io/reactivex/rxjava/1.3.8/rxjava-1.3.8.jar:/home/june/.m2/repository/io/reactivex/rxjava-reactive-streams/1.2.1/rxjava-reactive-streams-1.2.1.jar:/home/june/.m2/repository/io/reactivex/rxjava2/rxjava/2.2.2/rxjava-2.2.2.jar:/home/june/.m2/repository/org/springframework/spring-beans/4.3.19.RELEASE/spring-beans-4.3.19.RELEASE.jar:/home/june/.m2/repository/org/springframework/spring-context/4.3.19.RELEASE/spring-context-4.3.19.RELEASE.jar:/home/june/.m2/repository/org/springframework/spring-core/4.3.19.RELEASE/spring-core-4.3.19.RELEASE.jar:/home/june/.m2/repository/commons-logging/commons-logging/1.2/commons-logging-1.2.jar:/home/june/.m2/repository/org/springframework/spring-aop/4.3.19.RELEASE/spring-aop-4.3.19.RELEASE.jar:/home/june/.m2/repository/javax/inject/javax.inject/1/javax.inject-1.jar:/home/june/.m2/repository/javax/enterprise/cdi-api/2.0/cdi-api-2.0.jar:/home/june/.m2/repository/javax/el/javax.el-api/3.0.0/javax.el-api-3.0.0.jar:/home/june/.m2/repository/javax/interceptor/javax.interceptor-api/1.2/javax.interceptor-api-1.2.jar:/home/june/.m2/repository/com/google/code/findbugs/jsr305/3.0.1/jsr305-3.0.1.jar:/home/june/.m2/repository/junit/junit/4.12/junit-4.12.jar:/home/june/.m2/repository/org/hamcrest/hamcrest-core/1.3/hamcrest-core-1.3.jar:/home/june/.m2/repository/org/junit/jupiter/junit-jupiter-api/5.3.1/junit-jupiter-api-5.3.1.jar:/home/june/.m2/repository/org/apiguardian/apiguardian-api/1.0.0/apiguardian-api-1.0.0.jar:/home/june/.m2/repository/org/opentest4j/opentest4j/1.1.1/opentest4j-1.1.1.jar:/home/june/.m2/repository/org/junit/platform/junit-platform-commons/1.3.1/junit-platform-commons-1.3.1.jar:/home/june/.m2/repository/org/junit/jupiter/junit-jupiter-params/5.3.1/junit-jupiter-params-5.3.1.jar:/home/june/.m2/repository/io/projectreactor/reactor-test/3.2.0.RELEASE/reactor-test-3.2.0.RELEASE.jar:/home/june/.m2/repository/com/googlecode/multithreadedtc/multithreadedtc/1.01/multithreadedtc-1.01.jar:/home/june/.m2/repository/org/mockito/mockito-core/2.22.0/mockito-core-2.22.0.jar:/home/june/.m2/repository/net/bytebuddy/byte-buddy/1.8.21/byte-buddy-1.8.21.jar:/home/june/.m2/repository/net/bytebuddy/byte-buddy-agent/1.8.21/byte-buddy-agent-1.8.21.jar:/home/june/.m2/repository/org/objenesis/objenesis/2.6/objenesis-2.6.jar:/home/june/.m2/repository/org/mockito/mockito-junit-jupiter/2.22.0/mockito-junit-jupiter-2.22.0.jar:/home/june/.m2/repository/org/apache/openwebbeans/openwebbeans-se/2.0.6/openwebbeans-se-2.0.6.jar:/home/june/.m2/repository/org/apache/openwebbeans/openwebbeans-impl/2.0.6/openwebbeans-impl-2.0.6.jar:/home/june/.m2/repository/org/apache/xbean/xbean-finder-shaded/4.8/xbean-finder-shaded-4.8.jar:/home/june/.m2/repository/org/apache/xbean/xbean-asm6-shaded/4.8/xbean-asm6-shaded-4.8.jar:/home/june/.m2/repository/org/apache/openwebbeans/openwebbeans-spi/2.0.6/openwebbeans-spi-2.0.6.jar:/home/june/.m2/repository/javax/annotation/javax.annotation-api/1.3.2/javax.annotation-api-1.3.2.jar:/home/june/.m2/repository/javax/servlet/javax.servlet-api/3.1.0/javax.servlet-api-3.1.0.jar:/home/june/.m2/repository/org/assertj/assertj-core/3.11.1/assertj-core-3.11.1.jar:/home/june/.m2/repository/org/apache/logging/log4j/log4j-core/2.11.0/log4j-core-2.11.0.jar:/home/june/.m2/repository/org/apache/logging/log4j/log4j-api/2.11.0/log4j-api-2.11.0.jar:/home/june/.m2/repository/org/apache/logging/log4j/log4j-slf4j-impl/2.11.0/log4j-slf4j-impl-2.11.0.jar:/home/june/.m2/repository/org/slf4j/slf4j-api/1.8.0-alpha2/slf4j-api-1.8.0-alpha2.jar:/home/june/.m2/repository/org/slf4j/jcl-over-slf4j/1.7.25/jcl-over-slf4j-1.7.25.jar:/home/june/.m2/repository/org/springframework/spring-test/4.3.19.RELEASE/spring-test-4.3.19.RELEASE.jar:/home/june/.m2/repository/org/springframework/spring-expression/4.3.19.RELEASE/spring-expression-4.3.19.RELEASE.jar:/home/june/.m2/repository/org/reactivestreams/reactive-streams-tck/1.0.0/reactive-streams-tck-1.0.0.jar:/home/june/.m2/repository/org/reactivestreams/reactive-streams-examples/1.0.0/reactive-streams-examples-1.0.0.jar:/home/june/.m2/repository/org/testng/testng/5.14.10/testng-5.14.10.jar:/home/june/.m2/repository/org/beanshell/bsh/2.0b4/bsh-2.0b4.jar:/home/june/.m2/repository/com/beust/jcommander/1.12/jcommander-1.12.jar:/home/june/.m2/repository/org/yaml/snakeyaml/1.6/snakeyaml-1.6.jar:/home/june/.m2/repository/org/hamcrest/hamcrest-library/1.3/hamcrest-library-1.3.jar:/home/june/.m2/repository/com/github/javaparser/javaparser-core/3.6.3/javaparser-core-3.6.3.jar:/home/june/.m2/repository/org/apache/commons/commons-lang3/3.8/commons-lang3-3.8.jar:/home/june/.m2/repository/org/junit/jupiter/junit-jupiter-engine/5.3.1/junit-jupiter-engine-5.3.1.jar:/home/june/.m2/repository/org/junit/platform/junit-platform-engine/1.3.1/junit-platform-engine-1.3.1.jar:/home/june/.m2/repository/org/junit/vintage/junit-vintage-engine/5.3.1/junit-vintage-engine-5.3.1.jar:/home/june/.m2/repository/org/apache/maven/surefire/surefire-testng-utils/2.22.0/surefire-testng-utils-2.22.0.jar:/home/june/.m2/repository/org/apache/maven/surefire/surefire-grouper/2.22.0/surefire-grouper-2.22.0.jar:"/>
    <property name="java.vm.vendor" value="Private Build"/>
    <property name="sun.arch.data.model" value="64"/>
    <property name="java.vendor.url" value="http://java.oracle.com/"/>
    <property name="user.timezone" value=""/>
    <property name="java.vm.specification.version" value="1.8"/>
    <property name="os.name" value="Linux"/>
    <property name="user.country" value="US"/>
    <property name="sun.java.launcher" value="SUN_STANDARD"/>
    <property name="sun.boot.library.path" value="/usr/lib/jvm/java-8-openjdk-amd64/jre/lib/amd64"/>
    <property name="sun.java.command" value="/media/4tb/npex/npex_data/benchmarks-bears/Bears-225-buggy/target/surefire/surefirebooter4262676246620754068.jar /media/4tb/npex/npex_data/benchmarks-bears/Bears-225-buggy/target/surefire 2020-10-01T13-23-27_652-jvmRun1 surefire7332056153821294692tmp surefire_05229854566047037441tmp"/>
    <property name="surefire.test.class.path" value="/media/4tb/npex/npex_data/benchmarks-bears/Bears-225-buggy/target/test-classes:/media/4tb/npex/npex_data/benchmarks-bears/Bears-225-buggy/target/classes:/home/june/.m2/repository/io/projectreactor/reactor-core/3.2.0.RELEASE/reactor-core-3.2.0.RELEASE.jar:/home/june/.m2/repository/org/reactivestreams/reactive-streams/1.0.2/reactive-streams-1.0.2.jar:/home/june/.m2/repository/io/netty/netty-common/4.1.29.Final/netty-common-4.1.29.Final.jar:/home/june/.m2/repository/io/netty/netty-transport/4.1.29.Final/netty-transport-4.1.29.Final.jar:/home/june/.m2/repository/io/netty/netty-buffer/4.1.29.Final/netty-buffer-4.1.29.Final.jar:/home/june/.m2/repository/io/netty/netty-resolver/4.1.29.Final/netty-resolver-4.1.29.Final.jar:/home/june/.m2/repository/io/netty/netty-handler/4.1.29.Final/netty-handler-4.1.29.Final.jar:/home/june/.m2/repository/io/netty/netty-codec/4.1.29.Final/netty-codec-4.1.29.Final.jar:/home/june/.m2/repository/io/netty/netty-transport-native-epoll/4.1.29.Final/netty-transport-native-epoll-4.1.29.Final-linux-x86_64.jar:/home/june/.m2/repository/io/netty/netty-transport-native-unix-common/4.1.29.Final/netty-transport-native-unix-common-4.1.29.Final.jar:/home/june/.m2/repository/io/netty/netty-transport-native-kqueue/4.1.29.Final/netty-transport-native-kqueue-4.1.29.Final-osx-x86_64.jar:/home/june/.m2/repository/io/netty/netty-tcnative/1.1.33.Fork26/netty-tcnative-1.1.33.Fork26-linux-x86_64.jar:/home/june/.m2/repository/org/apache/commons/commons-pool2/2.6.0/commons-pool2-2.6.0.jar:/home/june/.m2/repository/org/latencyutils/LatencyUtils/2.0.3/LatencyUtils-2.0.3.jar:/home/june/.m2/repository/org/hdrhistogram/HdrHistogram/2.1.10/HdrHistogram-2.1.10.jar:/home/june/.m2/repository/io/zipkin/brave/brave/5.2.0/brave-5.2.0.jar:/home/june/.m2/repository/io/zipkin/zipkin2/zipkin/2.10.4/zipkin-2.10.4.jar:/home/june/.m2/repository/io/zipkin/reporter2/zipkin-reporter/2.7.7/zipkin-reporter-2.7.7.jar:/home/june/.m2/repository/io/reactivex/rxjava/1.3.8/rxjava-1.3.8.jar:/home/june/.m2/repository/io/reactivex/rxjava-reactive-streams/1.2.1/rxjava-reactive-streams-1.2.1.jar:/home/june/.m2/repository/io/reactivex/rxjava2/rxjava/2.2.2/rxjava-2.2.2.jar:/home/june/.m2/repository/org/springframework/spring-beans/4.3.19.RELEASE/spring-beans-4.3.19.RELEASE.jar:/home/june/.m2/repository/org/springframework/spring-context/4.3.19.RELEASE/spring-context-4.3.19.RELEASE.jar:/home/june/.m2/repository/org/springframework/spring-core/4.3.19.RELEASE/spring-core-4.3.19.RELEASE.jar:/home/june/.m2/repository/commons-logging/commons-logging/1.2/commons-logging-1.2.jar:/home/june/.m2/repository/org/springframework/spring-aop/4.3.19.RELEASE/spring-aop-4.3.19.RELEASE.jar:/home/june/.m2/repository/javax/inject/javax.inject/1/javax.inject-1.jar:/home/june/.m2/repository/javax/enterprise/cdi-api/2.0/cdi-api-2.0.jar:/home/june/.m2/repository/javax/el/javax.el-api/3.0.0/javax.el-api-3.0.0.jar:/home/june/.m2/repository/javax/interceptor/javax.interceptor-api/1.2/javax.interceptor-api-1.2.jar:/home/june/.m2/repository/com/google/code/findbugs/jsr305/3.0.1/jsr305-3.0.1.jar:/home/june/.m2/repository/junit/junit/4.12/junit-4.12.jar:/home/june/.m2/repository/org/hamcrest/hamcrest-core/1.3/hamcrest-core-1.3.jar:/home/june/.m2/repository/org/junit/jupiter/junit-jupiter-api/5.3.1/junit-jupiter-api-5.3.1.jar:/home/june/.m2/repository/org/apiguardian/apiguardian-api/1.0.0/apiguardian-api-1.0.0.jar:/home/june/.m2/repository/org/opentest4j/opentest4j/1.1.1/opentest4j-1.1.1.jar:/home/june/.m2/repository/org/junit/platform/junit-platform-commons/1.3.1/junit-platform-commons-1.3.1.jar:/home/june/.m2/repository/org/junit/jupiter/junit-jupiter-params/5.3.1/junit-jupiter-params-5.3.1.jar:/home/june/.m2/repository/io/projectreactor/reactor-test/3.2.0.RELEASE/reactor-test-3.2.0.RELEASE.jar:/home/june/.m2/repository/com/googlecode/multithreadedtc/multithreadedtc/1.01/multithreadedtc-1.01.jar:/home/june/.m2/repository/org/mockito/mockito-core/2.22.0/mockito-core-2.22.0.jar:/home/june/.m2/repository/net/bytebuddy/byte-buddy/1.8.21/byte-buddy-1.8.21.jar:/home/june/.m2/repository/net/bytebuddy/byte-buddy-agent/1.8.21/byte-buddy-agent-1.8.21.jar:/home/june/.m2/repository/org/objenesis/objenesis/2.6/objenesis-2.6.jar:/home/june/.m2/repository/org/mockito/mockito-junit-jupiter/2.22.0/mockito-junit-jupiter-2.22.0.jar:/home/june/.m2/repository/org/apache/openwebbeans/openwebbeans-se/2.0.6/openwebbeans-se-2.0.6.jar:/home/june/.m2/repository/org/apache/openwebbeans/openwebbeans-impl/2.0.6/openwebbeans-impl-2.0.6.jar:/home/june/.m2/repository/org/apache/xbean/xbean-finder-shaded/4.8/xbean-finder-shaded-4.8.jar:/home/june/.m2/repository/org/apache/xbean/xbean-asm6-shaded/4.8/xbean-asm6-shaded-4.8.jar:/home/june/.m2/repository/org/apache/openwebbeans/openwebbeans-spi/2.0.6/openwebbeans-spi-2.0.6.jar:/home/june/.m2/repository/javax/annotation/javax.annotation-api/1.3.2/javax.annotation-api-1.3.2.jar:/home/june/.m2/repository/javax/servlet/javax.servlet-api/3.1.0/javax.servlet-api-3.1.0.jar:/home/june/.m2/repository/org/assertj/assertj-core/3.11.1/assertj-core-3.11.1.jar:/home/june/.m2/repository/org/apache/logging/log4j/log4j-core/2.11.0/log4j-core-2.11.0.jar:/home/june/.m2/repository/org/apache/logging/log4j/log4j-api/2.11.0/log4j-api-2.11.0.jar:/home/june/.m2/repository/org/apache/logging/log4j/log4j-slf4j-impl/2.11.0/log4j-slf4j-impl-2.11.0.jar:/home/june/.m2/repository/org/slf4j/slf4j-api/1.8.0-alpha2/slf4j-api-1.8.0-alpha2.jar:/home/june/.m2/repository/org/slf4j/jcl-over-slf4j/1.7.25/jcl-over-slf4j-1.7.25.jar:/home/june/.m2/repository/org/springframework/spring-test/4.3.19.RELEASE/spring-test-4.3.19.RELEASE.jar:/home/june/.m2/repository/org/springframework/spring-expression/4.3.19.RELEASE/spring-expression-4.3.19.RELEASE.jar:/home/june/.m2/repository/org/reactivestreams/reactive-streams-tck/1.0.0/reactive-streams-tck-1.0.0.jar:/home/june/.m2/repository/org/reactivestreams/reactive-streams-examples/1.0.0/reactive-streams-examples-1.0.0.jar:/home/june/.m2/repository/org/testng/testng/5.14.10/testng-5.14.10.jar:/home/june/.m2/repository/org/beanshell/bsh/2.0b4/bsh-2.0b4.jar:/home/june/.m2/repository/com/beust/jcommander/1.12/jcommander-1.12.jar:/home/june/.m2/repository/org/yaml/snakeyaml/1.6/snakeyaml-1.6.jar:/home/june/.m2/repository/org/hamcrest/hamcrest-library/1.3/hamcrest-library-1.3.jar:/home/june/.m2/repository/com/github/javaparser/javaparser-core/3.6.3/javaparser-core-3.6.3.jar:/home/june/.m2/repository/org/apache/commons/commons-lang3/3.8/commons-lang3-3.8.jar:/home/june/.m2/repository/org/junit/jupiter/junit-jupiter-engine/5.3.1/junit-jupiter-engine-5.3.1.jar:/home/june/.m2/repository/org/junit/platform/junit-platform-engine/1.3.1/junit-platform-engine-1.3.1.jar:/home/june/.m2/repository/org/junit/vintage/junit-vintage-engine/5.3.1/junit-vintage-engine-5.3.1.jar:/home/june/.m2/repository/org/apache/maven/surefire/surefire-testng-utils/2.22.0/surefire-testng-utils-2.22.0.jar:/home/june/.m2/repository/org/apache/maven/surefire/surefire-grouper/2.22.0/surefire-grouper-2.22.0.jar:"/>
    <property name="sun.cpu.endian" value="little"/>
    <property name="io.netty.eventLoopThreads" value="4"/>
    <property name="user.home" value="/home/june"/>
    <property name="user.language" value="en"/>
    <property name="java.specification.vendor" value="Oracle Corporation"/>
    <property name="java.home" value="/usr/lib/jvm/java-8-openjdk-amd64/jre"/>
    <property name="basedir" value="/media/4tb/npex/npex_data/benchmarks-bears/Bears-225-buggy"/>
    <property name="file.separator" value="/"/>
    <property name="line.separator" value="&#10;"/>
    <property name="java.vm.specification.vendor" value="Oracle Corporation"/>
    <property name="java.specification.name" value="Java Platform API Specification"/>
    <property name="java.awt.graphicsenv" value="sun.awt.X11GraphicsEnvironment"/>
    <property name="surefire.real.class.path" value="/media/4tb/npex/npex_data/benchmarks-bears/Bears-225-buggy/target/surefire/surefirebooter4262676246620754068.jar:/home/june/.m2/repository/org/jacoco/org.jacoco.agent/0.8.2/org.jacoco.agent-0.8.2-runtime.jar"/>
    <property name="sun.boot.class.path" value="/usr/lib/jvm/java-8-openjdk-amd64/jre/lib/resources.jar:/usr/lib/jvm/java-8-openjdk-amd64/jre/lib/rt.jar:/usr/lib/jvm/java-8-openjdk-amd64/jre/lib/sunrsasign.jar:/usr/lib/jvm/java-8-openjdk-amd64/jre/lib/jsse.jar:/usr/lib/jvm/java-8-openjdk-amd64/jre/lib/jce.jar:/usr/lib/jvm/java-8-openjdk-amd64/jre/lib/charsets.jar:/usr/lib/jvm/java-8-openjdk-amd64/jre/lib/jfr.jar:/usr/lib/jvm/java-8-openjdk-amd64/jre/classes"/>
    <property name="sun.management.compiler" value="HotSpot 64-Bit Tiered Compilers"/>
    <property name="java.runtime.version" value="1.8.0_252-8u252-b09-1~18.04-b09"/>
    <property name="user.name" value="june"/>
    <property name="path.separator" value=":"/>
    <property name="os.version" value="4.15.0-106-generic"/>
    <property name="java.endorsed.dirs" value="/usr/lib/jvm/java-8-openjdk-amd64/jre/lib/endorsed"/>
    <property name="java.runtime.name" value="OpenJDK Runtime Environment"/>
    <property name="file.encoding" value="UTF-8"/>
    <property name="java.vm.name" value="OpenJDK 64-Bit Server VM"/>
    <property name="localRepository" value="/home/june/.m2/repository"/>
    <property name="java.vendor.url.bug" value="http://bugreport.sun.com/bugreport/"/>
    <property name="java.io.tmpdir" value="/tmp"/>
    <property name="java.version" value="1.8.0_252"/>
    <property name="user.dir" value="/media/4tb/npex/npex_data/benchmarks-bears/Bears-225-buggy"/>
    <property name="os.arch" value="amd64"/>
    <property name="java.vm.specification.name" value="Java Virtual Machine Specification"/>
    <property name="java.awt.printerjob" value="sun.print.PSPrinterJob"/>
    <property name="sun.os.patch.level" value="unknown"/>
    <property name="java.library.path" value="/usr/java/packages/lib/amd64:/usr/lib/x86_64-linux-gnu/jni:/lib/x86_64-linux-gnu:/usr/lib/x86_64-linux-gnu:/usr/lib/jni:/lib:/usr/lib"/>
    <property name="java.vm.info" value="mixed mode"/>
    <property name="java.vendor" value="Private Build"/>
    <property name="java.vm.version" value="25.252-b09"/>
    <property name="java.ext.dirs" value="/usr/lib/jvm/java-8-openjdk-amd64/jre/lib/ext:/usr/java/packages/lib/ext"/>
    <property name="sun.io.unicode.encoding" value="UnicodeLittle"/>
    <property name="java.class.version" value="52.0"/>
  </properties>
  <testcase name="getStringListOutputType" classname="io.lettuce.core.dynamic.output.OutputRegistryUnitTests" time="0"/>
  <testcase name="customizedValueOutput" classname="io.lettuce.core.dynamic.output.OutputRegistryUnitTests" time="0"/>
  <testcase name="streamingTypeOfKeyOuputWithCodecIsAssignableFromString" classname="io.lettuce.core.dynamic.output.OutputRegistryUnitTests" time="0"/>
  <testcase name="componentTypeOfKeyListOuputWithCodecIsAssignableFromListOfString" classname="io.lettuce.core.dynamic.output.OutputRegistryUnitTests" time="0.001"/>
  <testcase name="getKeyOutputType" classname="io.lettuce.core.dynamic.output.OutputRegistryUnitTests" time="0"/>
  <testcase name="componentTypeOfKeyOuputWithCodecIsAssignableFromString" classname="io.lettuce.core.dynamic.output.OutputRegistryUnitTests" time="0"/>
  <testcase name="streamingTypeOfKeyListOuputWithCodecIsAssignableFromListOfString" classname="io.lettuce.core.dynamic.output.OutputRegistryUnitTests" time="0"/>
</testsuite>