<?xml version="1.0" encoding="UTF-8" ?>
<testsuite tests="1" failures="0" name="hu.oe.nik.szfmv.automatedcar.sensors.UltrasonicSensorTest" time="0.009" errors="1" skipped="0">
  <properties>
    <property name="java.runtime.name" value="OpenJDK Runtime Environment"/>
    <property name="sun.boot.library.path" value="/usr/lib/jvm/java-8-openjdk-amd64/jre/lib/amd64"/>
    <property name="java.vm.version" value="25.252-b09"/>
    <property name="java.vm.vendor" value="Private Build"/>
    <property name="maven.multiModuleProjectDirectory" value="/media/4tb/npex/npex_data/benchmarks-bears/Bears-189-buggy"/>
    <property name="java.vendor.url" value="http://java.oracle.com/"/>
    <property name="path.separator" value=":"/>
    <property name="guice.disable.misplaced.annotation.check" value="true"/>
    <property name="java.vm.name" value="OpenJDK 64-Bit Server VM"/>
    <property name="file.encoding.pkg" value="sun.io"/>
    <property name="sun.java.launcher" value="SUN_STANDARD"/>
    <property name="sun.os.patch.level" value="unknown"/>
    <property name="test" value="UltrasonicSensorTest#testNearestObjectDimensions"/>
    <property name="java.vm.specification.name" value="Java Virtual Machine Specification"/>
    <property name="user.dir" value="/media/4tb/npex/npex_data/benchmarks-bears/Bears-189-buggy"/>
    <property name="java.runtime.version" value="1.8.0_252-8u252-b09-1~18.04-b09"/>
    <property name="java.awt.graphicsenv" value="sun.awt.X11GraphicsEnvironment"/>
    <property name="java.endorsed.dirs" value="/usr/lib/jvm/java-8-openjdk-amd64/jre/lib/endorsed"/>
    <property name="os.arch" value="amd64"/>
    <property name="java.io.tmpdir" value="/tmp"/>
    <property name="line.separator" value="
"/>
    <property name="java.vm.specification.vendor" value="Oracle Corporation"/>
    <property name="os.name" value="Linux"/>
    <property name="classworlds.conf" value="/usr/share/maven/bin/m2.conf"/>
    <property name="sun.jnu.encoding" value="UTF-8"/>
    <property name="java.library.path" value="/usr/java/packages/lib/amd64:/usr/lib/x86_64-linux-gnu/jni:/lib/x86_64-linux-gnu:/usr/lib/x86_64-linux-gnu:/usr/lib/jni:/lib:/usr/lib"/>
    <property name="maven.conf" value="/usr/share/maven/conf"/>
    <property name="java.specification.name" value="Java Platform API Specification"/>
    <property name="java.class.version" value="52.0"/>
    <property name="sun.management.compiler" value="HotSpot 64-Bit Tiered Compilers"/>
    <property name="os.version" value="4.15.0-106-generic"/>
    <property name="library.jansi.path" value="/usr/share/maven/lib/jansi-native"/>
    <property name="user.home" value="/home/june"/>
    <property name="user.timezone" value="Asia/Seoul"/>
    <property name="java.awt.printerjob" value="sun.print.PSPrinterJob"/>
    <property name="java.specification.version" value="1.8"/>
    <property name="file.encoding" value="UTF-8"/>
    <property name="user.name" value="june"/>
    <property name="java.class.path" value="/usr/share/maven/boot/plexus-classworlds-2.x.jar"/>
    <property name="failIfNoTests" value="false"/>
    <property name="java.vm.specification.version" value="1.8"/>
    <property name="sun.arch.data.model" value="64"/>
    <property name="java.home" value="/usr/lib/jvm/java-8-openjdk-amd64/jre"/>
    <property name="sun.java.command" value="org.codehaus.plexus.classworlds.launcher.Launcher clean test -Dtest=UltrasonicSensorTest#testNearestObjectDimensions -DfailIfNoTests=false"/>
    <property name="java.specification.vendor" value="Oracle Corporation"/>
    <property name="user.language" value="en"/>
    <property name="awt.toolkit" value="sun.awt.X11.XToolkit"/>
    <property name="java.vm.info" value="mixed mode"/>
    <property name="java.version" value="1.8.0_252"/>
    <property name="java.ext.dirs" value="/usr/lib/jvm/java-8-openjdk-amd64/jre/lib/ext:/usr/java/packages/lib/ext"/>
    <property name="securerandom.source" value="file:/dev/./urandom"/>
    <property name="sun.boot.class.path" value="/usr/lib/jvm/java-8-openjdk-amd64/jre/lib/resources.jar:/usr/lib/jvm/java-8-openjdk-amd64/jre/lib/rt.jar:/usr/lib/jvm/java-8-openjdk-amd64/jre/lib/sunrsasign.jar:/usr/lib/jvm/java-8-openjdk-amd64/jre/lib/jsse.jar:/usr/lib/jvm/java-8-openjdk-amd64/jre/lib/jce.jar:/usr/lib/jvm/java-8-openjdk-amd64/jre/lib/charsets.jar:/usr/lib/jvm/java-8-openjdk-amd64/jre/lib/jfr.jar:/usr/lib/jvm/java-8-openjdk-amd64/jre/classes"/>
    <property name="java.vendor" value="Private Build"/>
    <property name="maven.home" value="/usr/share/maven"/>
    <property name="file.separator" value="/"/>
    <property name="java.vendor.url.bug" value="http://bugreport.sun.com/bugreport/"/>
    <property name="sun.cpu.endian" value="little"/>
    <property name="sun.io.unicode.encoding" value="UnicodeLittle"/>
    <property name="sun.cpu.isalist" value=""/>
  </properties>
  <testcase classname="hu.oe.nik.szfmv.automatedcar.sensors.UltrasonicSensorTest" name="testNearestObjectDimensions" time="0.009">
    <error type="java.lang.NullPointerException">java.lang.NullPointerException
	at hu.oe.nik.szfmv.detector.classes.Detector.getTheObjectsWhichAreInTheTriangle(Detector.java:56)
	at hu.oe.nik.szfmv.detector.classes.Detector.getCollidableObjects(Detector.java:100)
	at hu.oe.nik.szfmv.automatedcar.sensors.UltrasonicSensor.getNearestObject(UltrasonicSensor.java:112)
	at hu.oe.nik.szfmv.automatedcar.sensors.UltrasonicSensor.getNearestObjectDimensions(UltrasonicSensor.java:157)
	at hu.oe.nik.szfmv.automatedcar.sensors.UltrasonicSensorTest.testNearestObjectDimensions(UltrasonicSensorTest.java:76)
	at sun.reflect.NativeMethodAccessorImpl.invoke0(Native Method)
	at sun.reflect.NativeMethodAccessorImpl.invoke(NativeMethodAccessorImpl.java:62)
	at sun.reflect.DelegatingMethodAccessorImpl.invoke(DelegatingMethodAccessorImpl.java:43)
	at java.lang.reflect.Method.invoke(Method.java:498)
	at org.junit.runners.model.FrameworkMethod$1.runReflectiveCall(FrameworkMethod.java:47)
	at org.junit.internal.runners.model.ReflectiveCallable.run(ReflectiveCallable.java:12)
	at org.junit.runners.model.FrameworkMethod.invokeExplosively(FrameworkMethod.java:44)
	at org.junit.internal.runners.statements.InvokeMethod.evaluate(InvokeMethod.java:17)
	at org.junit.internal.runners.statements.RunBefores.evaluate(RunBefores.java:26)
	at org.junit.runners.ParentRunner.runLeaf(ParentRunner.java:271)
	at org.junit.runners.BlockJUnit4ClassRunner.runChild(BlockJUnit4ClassRunner.java:70)
	at org.junit.runners.BlockJUnit4ClassRunner.runChild(BlockJUnit4ClassRunner.java:50)
	at org.junit.runners.ParentRunner$3.run(ParentRunner.java:238)
	at org.junit.runners.ParentRunner$1.schedule(ParentRunner.java:63)
	at org.junit.runners.ParentRunner.runChildren(ParentRunner.java:236)
	at org.junit.runners.ParentRunner.access$000(ParentRunner.java:53)
	at org.junit.runners.ParentRunner$2.evaluate(ParentRunner.java:229)
	at org.junit.runners.ParentRunner.run(ParentRunner.java:309)
	at org.apache.maven.surefire.junit4.JUnit4Provider.execute(JUnit4Provider.java:242)
	at org.apache.maven.surefire.junit4.JUnit4Provider.executeTestSet(JUnit4Provider.java:137)
	at org.apache.maven.surefire.junit4.JUnit4Provider.invoke(JUnit4Provider.java:112)
	at sun.reflect.NativeMethodAccessorImpl.invoke0(Native Method)
	at sun.reflect.NativeMethodAccessorImpl.invoke(NativeMethodAccessorImpl.java:62)
	at sun.reflect.DelegatingMethodAccessorImpl.invoke(DelegatingMethodAccessorImpl.java:43)
	at java.lang.reflect.Method.invoke(Method.java:498)
	at org.apache.maven.surefire.util.ReflectionUtils.invokeMethodWithArray(ReflectionUtils.java:189)
	at org.apache.maven.surefire.booter.ProviderFactory$ProviderProxy.invoke(ProviderFactory.java:165)
	at org.apache.maven.surefire.booter.ProviderFactory.invokeProvider(ProviderFactory.java:85)
	at org.apache.maven.surefire.booter.ForkedBooter.runSuitesInProcess(ForkedBooter.java:115)
	at org.apache.maven.surefire.booter.ForkedBooter.main(ForkedBooter.java:75)
</error>
    <system-out>[CALLSITE] Filepath: /media/4tb/npex/npex_data/benchmarks-bears/Bears-189-buggy/src/main/java/hu/oe/nik/szfmv/environment/World.java, Line: 28, Element: build
[ENTRY] Filepath: /media/4tb/npex/npex_data/benchmarks-bears/Bears-189-buggy/src/main/java/hu/oe/nik/szfmv/environment/World.java, Line: 61, Element: build
[CALLSITE] Filepath: /media/4tb/npex/npex_data/benchmarks-bears/Bears-189-buggy/src/main/java/hu/oe/nik/szfmv/environment/World.java, Line: 63, Element: build
[ENTRY] Filepath: /media/4tb/npex/npex_data/benchmarks-bears/Bears-189-buggy/src/main/java/hu/oe/nik/szfmv/environment/XmlToModelConverter.java, Line: 37, Element: build
[CALLSITE] Filepath: /media/4tb/npex/npex_data/benchmarks-bears/Bears-189-buggy/src/main/java/hu/oe/nik/szfmv/environment/XmlToModelConverter.java, Line: 39, Element: loadReferencePoints
[ENTRY] Filepath: /media/4tb/npex/npex_data/benchmarks-bears/Bears-189-buggy/src/main/java/hu/oe/nik/szfmv/environment/models/Road.java, Line: 110, Element: loadReferencePoints
[CALLSITE] Filepath: /media/4tb/npex/npex_data/benchmarks-bears/Bears-189-buggy/src/main/java/hu/oe/nik/szfmv/environment/models/Road.java, Line: 112, Element: loadReferencePoints
[ENTRY] Filepath: /media/4tb/npex/npex_data/benchmarks-bears/Bears-189-buggy/src/main/java/hu/oe/nik/szfmv/visualization/DrawUtils.java, Line: 29, Element: loadReferencePoints
[CALLSITE] Filepath: /media/4tb/npex/npex_data/benchmarks-bears/Bears-189-buggy/src/main/java/hu/oe/nik/szfmv/visualization/DrawUtils.java, Line: 31, Element: clear
[CALLSITE] Filepath: /media/4tb/npex/npex_data/benchmarks-bears/Bears-189-buggy/src/main/java/hu/oe/nik/szfmv/visualization/DrawUtils.java, Line: 32, Element: newInstance
[CALLSITE] Filepath: /media/4tb/npex/npex_data/benchmarks-bears/Bears-189-buggy/src/main/java/hu/oe/nik/szfmv/visualization/DrawUtils.java, Line: 33, Element: newDocumentBuilder
[CALLSITE] Filepath: /media/4tb/npex/npex_data/benchmarks-bears/Bears-189-buggy/src/main/java/hu/oe/nik/szfmv/visualization/DrawUtils.java, Line: 34, Element: parse
[CALLSITE] Filepath: /media/4tb/npex/npex_data/benchmarks-bears/Bears-189-buggy/src/main/java/hu/oe/nik/szfmv/visualization/DrawUtils.java, Line: 36, Element: getElementsByTagName
[CALLSITE] Filepath: /media/4tb/npex/npex_data/benchmarks-bears/Bears-189-buggy/src/main/java/hu/oe/nik/szfmv/visualization/DrawUtils.java, Line: 37, Element: getLength
[CALLSITE] Filepath: /media/4tb/npex/npex_data/benchmarks-bears/Bears-189-buggy/src/main/java/hu/oe/nik/szfmv/visualization/DrawUtils.java, Line: 38, Element: item
[CALLSITE] Filepath: /media/4tb/npex/npex_data/benchmarks-bears/Bears-189-buggy/src/main/java/hu/oe/nik/szfmv/visualization/DrawUtils.java, Line: 39, Element: getAttribute
[CALLSITE] Filepath: /media/4tb/npex/npex_data/benchmarks-bears/Bears-189-buggy/src/main/java/hu/oe/nik/szfmv/visualization/DrawUtils.java, Line: 40, Element: getChildNodes
[CALLSITE] Filepath: /media/4tb/npex/npex_data/benchmarks-bears/Bears-189-buggy/src/main/java/hu/oe/nik/szfmv/visualization/DrawUtils.java, Line: 40, Element: item
[CALLSITE] Filepath: /media/4tb/npex/npex_data/benchmarks-bears/Bears-189-buggy/src/main/java/hu/oe/nik/szfmv/visualization/DrawUtils.java, Line: 42, Element: getAttribute
[CALLSITE] Filepath: /media/4tb/npex/npex_data/benchmarks-bears/Bears-189-buggy/src/main/java/hu/oe/nik/szfmv/visualization/DrawUtils.java, Line: 42, Element: parseInt
[CALLSITE] Filepath: /media/4tb/npex/npex_data/benchmarks-bears/Bears-189-buggy/src/main/java/hu/oe/nik/szfmv/visualization/DrawUtils.java, Line: 43, Element: getAttribute
[CALLSITE] Filepath: /media/4tb/npex/npex_data/benchmarks-bears/Bears-189-buggy/src/main/java/hu/oe/nik/szfmv/visualization/DrawUtils.java, Line: 43, Element: parseInt
[CALLSITE] Filepath: /media/4tb/npex/npex_data/benchmarks-bears/Bears-189-buggy/src/main/java/hu/oe/nik/szfmv/visualization/DrawUtils.java, Line: 46, Element: put
[CALLSITE] Filepath: /media/4tb/npex/npex_data/benchmarks-bears/Bears-189-buggy/src/main/java/hu/oe/nik/szfmv/visualization/DrawUtils.java, Line: 38, Element: item
[CALLSITE] Filepath: /media/4tb/npex/npex_data/benchmarks-bears/Bears-189-buggy/src/main/java/hu/oe/nik/szfmv/visualization/DrawUtils.java, Line: 39, Element: getAttribute
[CALLSITE] Filepath: /media/4tb/npex/npex_data/benchmarks-bears/Bears-189-buggy/src/main/java/hu/oe/nik/szfmv/visualization/DrawUtils.java, Line: 40, Element: getChildNodes
[CALLSITE] Filepath: /media/4tb/npex/npex_data/benchmarks-bears/Bears-189-buggy/src/main/java/hu/oe/nik/szfmv/visualization/DrawUtils.java, Line: 40, Element: item
[CALLSITE] Filepath: /media/4tb/npex/npex_data/benchmarks-bears/Bears-189-buggy/src/main/java/hu/oe/nik/szfmv/visualization/DrawUtils.java, Line: 42, Element: getAttribute
[CALLSITE] Filepath: /media/4tb/npex/npex_data/benchmarks-bears/Bears-189-buggy/src/main/java/hu/oe/nik/szfmv/visualization/DrawUtils.java, Line: 42, Element: parseInt
[CALLSITE] Filepath: /media/4tb/npex/npex_data/benchmarks-bears/Bears-189-buggy/src/main/java/hu/oe/nik/szfmv/visualization/DrawUtils.java, Line: 43, Element: getAttribute
[CALLSITE] Filepath: /media/4tb/npex/npex_data/benchmarks-bears/Bears-189-buggy/src/main/java/hu/oe/nik/szfmv/visualization/DrawUtils.java, Line: 43, Element: parseInt
[CALLSITE] Filepath: /media/4tb/npex/npex_data/benchmarks-bears/Bears-189-buggy/src/main/java/hu/oe/nik/szfmv/visualization/DrawUtils.java, Line: 46, Element: put
[CALLSITE] Filepath: /media/4tb/npex/npex_data/benchmarks-bears/Bears-189-buggy/src/main/java/hu/oe/nik/szfmv/visualization/DrawUtils.java, Line: 38, Element: item
[CALLSITE] Filepath: /media/4tb/npex/npex_data/benchmarks-bears/Bears-189-buggy/src/main/java/hu/oe/nik/szfmv/visualization/DrawUtils.java, Line: 39, Element: getAttribute
[CALLSITE] Filepath: /media/4tb/npex/npex_data/benchmarks-bears/Bears-189-buggy/src/main/java/hu/oe/nik/szfmv/visualization/DrawUtils.java, Line: 40, Element: getChildNodes
[CALLSITE] Filepath: /media/4tb/npex/npex_data/benchmarks-bears/Bears-189-buggy/src/main/java/hu/oe/nik/szfmv/visualization/DrawUtils.java, Line: 40, Element: item
[CALLSITE] Filepath: /media/4tb/npex/npex_data/benchmarks-bears/Bears-189-buggy/src/main/java/hu/oe/nik/szfmv/visualization/DrawUtils.java, Line: 42, Element: getAttribute
[CALLSITE] Filepath: /media/4tb/npex/npex_data/benchmarks-bears/Bears-189-buggy/src/main/java/hu/oe/nik/szfmv/visualization/DrawUtils.java, Line: 42, Element: parseInt
[CALLSITE] Filepath: /media/4tb/npex/npex_data/benchmarks-bears/Bears-189-buggy/src/main/java/hu/oe/nik/szfmv/visualization/DrawUtils.java, Line: 43, Element: getAttribute
[CALLSITE] Filepath: /media/4tb/npex/npex_data/benchmarks-bears/Bears-189-buggy/src/main/java/hu/oe/nik/szfmv/visualization/DrawUtils.java, Line: 43, Element: parseInt
[CALLSITE] Filepath: /media/4tb/npex/npex_data/benchmarks-bears/Bears-189-buggy/src/main/java/hu/oe/nik/szfmv/visualization/DrawUtils.java, Line: 46, Element: put
[CALLSITE] Filepath: /media/4tb/npex/npex_data/benchmarks-bears/Bears-189-buggy/src/main/java/hu/oe/nik/szfmv/visualization/DrawUtils.java, Line: 38, Element: item
[CALLSITE] Filepath: /media/4tb/npex/npex_data/benchmarks-bears/Bears-189-buggy/src/main/java/hu/oe/nik/szfmv/visualization/DrawUtils.java, Line: 39, Element: getAttribute
[CALLSITE] Filepath: /media/4tb/npex/npex_data/benchmarks-bears/Bears-189-buggy/src/main/java/hu/oe/nik/szfmv/visualization/DrawUtils.java, Line: 40, Element: getChildNodes
[CALLSITE] Filepath: /media/4tb/npex/npex_data/benchmarks-bears/Bears-189-buggy/src/main/java/hu/oe/nik/szfmv/visualization/DrawUtils.java, Line: 40, Element: item
[CALLSITE] Filepath: /media/4tb/npex/npex_data/benchmarks-bears/Bears-189-buggy/src/main/java/hu/oe/nik/szfmv/visualization/DrawUtils.java, Line: 42, Element: getAttribute
[CALLSITE] Filepath: /media/4tb/npex/npex_data/benchmarks-bears/Bears-189-buggy/src/main/java/hu/oe/nik/szfmv/visualization/DrawUtils.java, Line: 42, Element: parseInt
[CALLSITE] Filepath: /media/4tb/npex/npex_data/benchmarks-bears/Bears-189-buggy/src/main/java/hu/oe/nik/szfmv/visualization/DrawUtils.java, Line: 43, Element: getAttribute
[CALLSITE] Filepath: /media/4tb/npex/npex_data/benchmarks-bears/Bears-189-buggy/src/main/java/hu/oe/nik/szfmv/visualization/DrawUtils.java, Line: 43, Element: parseInt
[CALLSITE] Filepath: /media/4tb/npex/npex_data/benchmarks-bears/Bears-189-buggy/src/main/java/hu/oe/nik/szfmv/visualization/DrawUtils.java, Line: 46, Element: put
[CALLSITE] Filepath: /media/4tb/npex/npex_data/benchmarks-bears/Bears-189-buggy/src/main/java/hu/oe/nik/szfmv/visualization/DrawUtils.java, Line: 38, Element: item
[CALLSITE] Filepath: /media/4tb/npex/npex_data/benchmarks-bears/Bears-189-buggy/src/main/java/hu/oe/nik/szfmv/visualization/DrawUtils.java, Line: 39, Element: getAttribute
[CALLSITE] Filepath: /media/4tb/npex/npex_data/benchmarks-bears/Bears-189-buggy/src/main/java/hu/oe/nik/szfmv/visualization/DrawUtils.java, Line: 40, Element: getChildNodes
[CALLSITE] Filepath: /media/4tb/npex/npex_data/benchmarks-bears/Bears-189-buggy/src/main/java/hu/oe/nik/szfmv/visualization/DrawUtils.java, Line: 40, Element: item
[CALLSITE] Filepath: /media/4tb/npex/npex_data/benchmarks-bears/Bears-189-buggy/src/main/java/hu/oe/nik/szfmv/visualization/DrawUtils.java, Line: 42, Element: getAttribute
[CALLSITE] Filepath: /media/4tb/npex/npex_data/benchmarks-bears/Bears-189-buggy/src/main/java/hu/oe/nik/szfmv/visualization/DrawUtils.java, Line: 42, Element: parseInt
[CALLSITE] Filepath: /media/4tb/npex/npex_data/benchmarks-bears/Bears-189-buggy/src/main/java/hu/oe/nik/szfmv/visualization/DrawUtils.java, Line: 43, Element: getAttribute
[CALLSITE] Filepath: /media/4tb/npex/npex_data/benchmarks-bears/Bears-189-buggy/src/main/java/hu/oe/nik/szfmv/visualization/DrawUtils.java, Line: 43, Element: parseInt
[CALLSITE] Filepath: /media/4tb/npex/npex_data/benchmarks-bears/Bears-189-buggy/src/main/java/hu/oe/nik/szfmv/visualization/DrawUtils.java, Line: 46, Element: put
[CALLSITE] Filepath: /media/4tb/npex/npex_data/benchmarks-bears/Bears-189-buggy/src/main/java/hu/oe/nik/szfmv/visualization/DrawUtils.java, Line: 38, Element: item
[CALLSITE] Filepath: /media/4tb/npex/npex_data/benchmarks-bears/Bears-189-buggy/src/main/java/hu/oe/nik/szfmv/visualization/DrawUtils.java, Line: 39, Element: getAttribute
[CALLSITE] Filepath: /media/4tb/npex/npex_data/benchmarks-bears/Bears-189-buggy/src/main/java/hu/oe/nik/szfmv/visualization/DrawUtils.java, Line: 40, Element: getChildNodes
[CALLSITE] Filepath: /media/4tb/npex/npex_data/benchmarks-bears/Bears-189-buggy/src/main/java/hu/oe/nik/szfmv/visualization/DrawUtils.java, Line: 40, Element: item
[CALLSITE] Filepath: /media/4tb/npex/npex_data/benchmarks-bears/Bears-189-buggy/src/main/java/hu/oe/nik/szfmv/visualization/DrawUtils.java, Line: 42, Element: getAttribute
[CALLSITE] Filepath: /media/4tb/npex/npex_data/benchmarks-bears/Bears-189-buggy/src/main/java/hu/oe/nik/szfmv/visualization/DrawUtils.java, Line: 42, Element: parseInt
[CALLSITE] Filepath: /media/4tb/npex/npex_data/benchmarks-bears/Bears-189-buggy/src/main/java/hu/oe/nik/szfmv/visualization/DrawUtils.java, Line: 43, Element: getAttribute
[CALLSITE] Filepath: /media/4tb/npex/npex_data/benchmarks-bears/Bears-189-buggy/src/main/java/hu/oe/nik/szfmv/visualization/DrawUtils.java, Line: 43, Element: parseInt
[CALLSITE] Filepath: /media/4tb/npex/npex_data/benchmarks-bears/Bears-189-buggy/src/main/java/hu/oe/nik/szfmv/visualization/DrawUtils.java, Line: 46, Element: put
[CALLSITE] Filepath: /media/4tb/npex/npex_data/benchmarks-bears/Bears-189-buggy/src/main/java/hu/oe/nik/szfmv/visualization/DrawUtils.java, Line: 38, Element: item
[CALLSITE] Filepath: /media/4tb/npex/npex_data/benchmarks-bears/Bears-189-buggy/src/main/java/hu/oe/nik/szfmv/visualization/DrawUtils.java, Line: 39, Element: getAttribute
[CALLSITE] Filepath: /media/4tb/npex/npex_data/benchmarks-bears/Bears-189-buggy/src/main/java/hu/oe/nik/szfmv/visualization/DrawUtils.java, Line: 40, Element: getChildNodes
[CALLSITE] Filepath: /media/4tb/npex/npex_data/benchmarks-bears/Bears-189-buggy/src/main/java/hu/oe/nik/szfmv/visualization/DrawUtils.java, Line: 40, Element: item
[CALLSITE] Filepath: /media/4tb/npex/npex_data/benchmarks-bears/Bears-189-buggy/src/main/java/hu/oe/nik/szfmv/visualization/DrawUtils.java, Line: 42, Element: getAttribute
[CALLSITE] Filepath: /media/4tb/npex/npex_data/benchmarks-bears/Bears-189-buggy/src/main/java/hu/oe/nik/szfmv/visualization/DrawUtils.java, Line: 42, Element: parseInt
[CALLSITE] Filepath: /media/4tb/npex/npex_data/benchmarks-bears/Bears-189-buggy/src/main/java/hu/oe/nik/szfmv/visualization/DrawUtils.java, Line: 43, Element: getAttribute
[CALLSITE] Filepath: /media/4tb/npex/npex_data/benchmarks-bears/Bears-189-buggy/src/main/java/hu/oe/nik/szfmv/visualization/DrawUtils.java, Line: 43, Element: parseInt
[CALLSITE] Filepath: /media/4tb/npex/npex_data/benchmarks-bears/Bears-189-buggy/src/main/java/hu/oe/nik/szfmv/visualization/DrawUtils.java, Line: 46, Element: put
[CALLSITE] Filepath: /media/4tb/npex/npex_data/benchmarks-bears/Bears-189-buggy/src/main/java/hu/oe/nik/szfmv/visualization/DrawUtils.java, Line: 38, Element: item
[CALLSITE] Filepath: /media/4tb/npex/npex_data/benchmarks-bears/Bears-189-buggy/src/main/java/hu/oe/nik/szfmv/visualization/DrawUtils.java, Line: 39, Element: getAttribute
[CALLSITE] Filepath: /media/4tb/npex/npex_data/benchmarks-bears/Bears-189-buggy/src/main/java/hu/oe/nik/szfmv/visualization/DrawUtils.java, Line: 40, Element: getChildNodes
[CALLSITE] Filepath: /media/4tb/npex/npex_data/benchmarks-bears/Bears-189-buggy/src/main/java/hu/oe/nik/szfmv/visualization/DrawUtils.java, Line: 40, Element: item
[CALLSITE] Filepath: /media/4tb/npex/npex_data/benchmarks-bears/Bears-189-buggy/src/main/java/hu/oe/nik/szfmv/visualization/DrawUtils.java, Line: 42, Element: getAttribute
[CALLSITE] Filepath: /media/4tb/npex/npex_data/benchmarks-bears/Bears-189-buggy/src/main/java/hu/oe/nik/szfmv/visualization/DrawUtils.java, Line: 42, Element: parseInt
[CALLSITE] Filepath: /media/4tb/npex/npex_data/benchmarks-bears/Bears-189-buggy/src/main/java/hu/oe/nik/szfmv/visualization/DrawUtils.java, Line: 43, Element: getAttribute
[CALLSITE] Filepath: /media/4tb/npex/npex_data/benchmarks-bears/Bears-189-buggy/src/main/java/hu/oe/nik/szfmv/visualization/DrawUtils.java, Line: 43, Element: parseInt
[CALLSITE] Filepath: /media/4tb/npex/npex_data/benchmarks-bears/Bears-189-buggy/src/main/java/hu/oe/nik/szfmv/visualization/DrawUtils.java, Line: 46, Element: put
[CALLSITE] Filepath: /media/4tb/npex/npex_data/benchmarks-bears/Bears-189-buggy/src/main/java/hu/oe/nik/szfmv/visualization/DrawUtils.java, Line: 38, Element: item
[CALLSITE] Filepath: /media/4tb/npex/npex_data/benchmarks-bears/Bears-189-buggy/src/main/java/hu/oe/nik/szfmv/visualization/DrawUtils.java, Line: 39, Element: getAttribute
[CALLSITE] Filepath: /media/4tb/npex/npex_data/benchmarks-bears/Bears-189-buggy/src/main/java/hu/oe/nik/szfmv/visualization/DrawUtils.java, Line: 40, Element: getChildNodes
[CALLSITE] Filepath: /media/4tb/npex/npex_data/benchmarks-bears/Bears-189-buggy/src/main/java/hu/oe/nik/szfmv/visualization/DrawUtils.java, Line: 40, Element: item
[CALLSITE] Filepath: /media/4tb/npex/npex_data/benchmarks-bears/Bears-189-buggy/src/main/java/hu/oe/nik/szfmv/visualization/DrawUtils.java, Line: 42, Element: getAttribute
[CALLSITE] Filepath: /media/4tb/npex/npex_data/benchmarks-bears/Bears-189-buggy/src/main/java/hu/oe/nik/szfmv/visualization/DrawUtils.java, Line: 42, Element: parseInt
[CALLSITE] Filepath: /media/4tb/npex/npex_data/benchmarks-bears/Bears-189-buggy/src/main/java/hu/oe/nik/szfmv/visualization/DrawUtils.java, Line: 43, Element: getAttribute
[CALLSITE] Filepath: /media/4tb/npex/npex_data/benchmarks-bears/Bears-189-buggy/src/main/java/hu/oe/nik/szfmv/visualization/DrawUtils.java, Line: 43, Element: parseInt
[CALLSITE] Filepath: /media/4tb/npex/npex_data/benchmarks-bears/Bears-189-buggy/src/main/java/hu/oe/nik/szfmv/visualization/DrawUtils.java, Line: 46, Element: put
[CALLSITE] Filepath: /media/4tb/npex/npex_data/benchmarks-bears/Bears-189-buggy/src/main/java/hu/oe/nik/szfmv/visualization/DrawUtils.java, Line: 38, Element: item
[CALLSITE] Filepath: /media/4tb/npex/npex_data/benchmarks-bears/Bears-189-buggy/src/main/java/hu/oe/nik/szfmv/visualization/DrawUtils.java, Line: 39, Element: getAttribute
[CALLSITE] Filepath: /media/4tb/npex/npex_data/benchmarks-bears/Bears-189-buggy/src/main/java/hu/oe/nik/szfmv/visualization/DrawUtils.java, Line: 40, Element: getChildNodes
[CALLSITE] Filepath: /media/4tb/npex/npex_data/benchmarks-bears/Bears-189-buggy/src/main/java/hu/oe/nik/szfmv/visualization/DrawUtils.java, Line: 40, Element: item
[CALLSITE] Filepath: /media/4tb/npex/npex_data/benchmarks-bears/Bears-189-buggy/src/main/java/hu/oe/nik/szfmv/visualization/DrawUtils.java, Line: 42, Element: getAttribute
[CALLSITE] Filepath: /media/4tb/npex/npex_data/benchmarks-bears/Bears-189-buggy/src/main/java/hu/oe/nik/szfmv/visualization/DrawUtils.java, Line: 42, Element: parseInt
[CALLSITE] Filepath: /media/4tb/npex/npex_data/benchmarks-bears/Bears-189-buggy/src/main/java/hu/oe/nik/szfmv/visualization/DrawUtils.java, Line: 43, Element: getAttribute
[CALLSITE] Filepath: /media/4tb/npex/npex_data/benchmarks-bears/Bears-189-buggy/src/main/java/hu/oe/nik/szfmv/visualization/DrawUtils.java, Line: 43, Element: parseInt
[CALLSITE] Filepath: /media/4tb/npex/npex_data/benchmarks-bears/Bears-189-buggy/src/main/java/hu/oe/nik/szfmv/visualization/DrawUtils.java, Line: 46, Element: put
[CALLSITE] Filepath: /media/4tb/npex/npex_data/benchmarks-bears/Bears-189-buggy/src/main/java/hu/oe/nik/szfmv/visualization/DrawUtils.java, Line: 38, Element: item
[CALLSITE] Filepath: /media/4tb/npex/npex_data/benchmarks-bears/Bears-189-buggy/src/main/java/hu/oe/nik/szfmv/visualization/DrawUtils.java, Line: 39, Element: getAttribute
[CALLSITE] Filepath: /media/4tb/npex/npex_data/benchmarks-bears/Bears-189-buggy/src/main/java/hu/oe/nik/szfmv/visualization/DrawUtils.java, Line: 40, Element: getChildNodes
[CALLSITE] Filepath: /media/4tb/npex/npex_data/benchmarks-bears/Bears-189-buggy/src/main/java/hu/oe/nik/szfmv/visualization/DrawUtils.java, Line: 40, Element: item
[CALLSITE] Filepath: /media/4tb/npex/npex_data/benchmarks-bears/Bears-189-buggy/src/main/java/hu/oe/nik/szfmv/visualization/DrawUtils.java, Line: 42, Element: getAttribute
[CALLSITE] Filepath: /media/4tb/npex/npex_data/benchmarks-bears/Bears-189-buggy/src/main/java/hu/oe/nik/szfmv/visualization/DrawUtils.java, Line: 42, Element: parseInt
[CALLSITE] Filepath: /media/4tb/npex/npex_data/benchmarks-bears/Bears-189-buggy/src/main/java/hu/oe/nik/szfmv/visualization/DrawUtils.java, Line: 43, Element: getAttribute
[CALLSITE] Filepath: /media/4tb/npex/npex_data/benchmarks-bears/Bears-189-buggy/src/main/java/hu/oe/nik/szfmv/visualization/DrawUtils.java, Line: 43, Element: parseInt
[CALLSITE] Filepath: /media/4tb/npex/npex_data/benchmarks-bears/Bears-189-buggy/src/main/java/hu/oe/nik/szfmv/visualization/DrawUtils.java, Line: 46, Element: put
[CALLSITE] Filepath: /media/4tb/npex/npex_data/benchmarks-bears/Bears-189-buggy/src/main/java/hu/oe/nik/szfmv/environment/XmlToModelConverter.java, Line: 43, Element: newInstance
[CALLSITE] Filepath: /media/4tb/npex/npex_data/benchmarks-bears/Bears-189-buggy/src/main/java/hu/oe/nik/szfmv/environment/XmlToModelConverter.java, Line: 44, Element: newDocumentBuilder
[CALLSITE] Filepath: /media/4tb/npex/npex_data/benchmarks-bears/Bears-189-buggy/src/main/java/hu/oe/nik/szfmv/environment/XmlToModelConverter.java, Line: 45, Element: parse
[CALLSITE] Filepath: /media/4tb/npex/npex_data/benchmarks-bears/Bears-189-buggy/src/main/java/hu/oe/nik/szfmv/environment/XmlToModelConverter.java, Line: 47, Element: getElementsByTagName
[CALLSITE] Filepath: /media/4tb/npex/npex_data/benchmarks-bears/Bears-189-buggy/src/main/java/hu/oe/nik/szfmv/environment/XmlToModelConverter.java, Line: 49, Element: getLength
[CALLSITE] Filepath: /media/4tb/npex/npex_data/benchmarks-bears/Bears-189-buggy/src/main/java/hu/oe/nik/szfmv/environment/XmlToModelConverter.java, Line: 50, Element: item
[CALLSITE] Filepath: /media/4tb/npex/npex_data/benchmarks-bears/Bears-189-buggy/src/main/java/hu/oe/nik/szfmv/environment/XmlToModelConverter.java, Line: 52, Element: readValueFromXml
[CALLSITE] Filepath: /media/4tb/npex/npex_data/benchmarks-bears/Bears-189-buggy/src/main/java/hu/oe/nik/szfmv/environment/XmlToModelConverter.java, Line: 52, Element: add
[ENTRY] Filepath: /media/4tb/npex/npex_data/benchmarks-bears/Bears-189-buggy/src/main/java/hu/oe/nik/szfmv/environment/XmlToModelConverter.java, Line: 67, Element: readValueFromXml
[CALLSITE] Filepath: /media/4tb/npex/npex_data/benchmarks-bears/Bears-189-buggy/src/main/java/hu/oe/nik/szfmv/environment/XmlToModelConverter.java, Line: 72, Element: getAttribute
[CALLSITE] Filepath: /media/4tb/npex/npex_data/benchmarks-bears/Bears-189-buggy/src/main/java/hu/oe/nik/szfmv/environment/XmlToModelConverter.java, Line: 75, Element: getChildNodes
[CALLSITE] Filepath: /media/4tb/npex/npex_data/benchmarks-bears/Bears-189-buggy/src/main/java/hu/oe/nik/szfmv/environment/XmlToModelConverter.java, Line: 76, Element: getLength
[CALLSITE] Filepath: /media/4tb/npex/npex_data/benchmarks-bears/Bears-189-buggy/src/main/java/hu/oe/nik/szfmv/environment/XmlToModelConverter.java, Line: 77, Element: item
[CALLSITE] Filepath: /media/4tb/npex/npex_data/benchmarks-bears/Bears-189-buggy/src/main/java/hu/oe/nik/szfmv/environment/XmlToModelConverter.java, Line: 77, Element: getNodeName
[CALLSITE] Filepath: /media/4tb/npex/npex_data/benchmarks-bears/Bears-189-buggy/src/main/java/hu/oe/nik/szfmv/environment/XmlToModelConverter.java, Line: 77, Element: item
[CALLSITE] Filepath: /media/4tb/npex/npex_data/benchmarks-bears/Bears-189-buggy/src/main/java/hu/oe/nik/szfmv/environment/XmlToModelConverter.java, Line: 77, Element: getNodeName
[CALLSITE] Filepath: /media/4tb/npex/npex_data/benchmarks-bears/Bears-189-buggy/src/main/java/hu/oe/nik/szfmv/environment/XmlToModelConverter.java, Line: 79, Element: item
[CALLSITE] Filepath: /media/4tb/npex/npex_data/benchmarks-bears/Bears-189-buggy/src/main/java/hu/oe/nik/szfmv/environment/XmlToModelConverter.java, Line: 77, Element: item
[CALLSITE] Filepath: /media/4tb/npex/npex_data/benchmarks-bears/Bears-189-buggy/src/main/java/hu/oe/nik/szfmv/environment/XmlToModelConverter.java, Line: 77, Element: getNodeName
[CALLSITE] Filepath: /media/4tb/npex/npex_data/benchmarks-bears/Bears-189-buggy/src/main/java/hu/oe/nik/szfmv/environment/XmlToModelConverter.java, Line: 77, Element: item
[CALLSITE] Filepath: /media/4tb/npex/npex_data/benchmarks-bears/Bears-189-buggy/src/main/java/hu/oe/nik/szfmv/environment/XmlToModelConverter.java, Line: 77, Element: getNodeName
[CALLSITE] Filepath: /media/4tb/npex/npex_data/benchmarks-bears/Bears-189-buggy/src/main/java/hu/oe/nik/szfmv/environment/XmlToModelConverter.java, Line: 82, Element: item
[CALLSITE] Filepath: /media/4tb/npex/npex_data/benchmarks-bears/Bears-189-buggy/src/main/java/hu/oe/nik/szfmv/environment/XmlToModelConverter.java, Line: 77, Element: item
[CALLSITE] Filepath: /media/4tb/npex/npex_data/benchmarks-bears/Bears-189-buggy/src/main/java/hu/oe/nik/szfmv/environment/XmlToModelConverter.java, Line: 77, Element: getNodeName
[CALLSITE] Filepath: /media/4tb/npex/npex_data/benchmarks-bears/Bears-189-buggy/src/main/java/hu/oe/nik/szfmv/environment/XmlToModelConverter.java, Line: 77, Element: item
[CALLSITE] Filepath: /media/4tb/npex/npex_data/benchmarks-bears/Bears-189-buggy/src/main/java/hu/oe/nik/szfmv/environment/XmlToModelConverter.java, Line: 77, Element: getNodeName
[CALLSITE] Filepath: /media/4tb/npex/npex_data/benchmarks-bears/Bears-189-buggy/src/main/java/hu/oe/nik/szfmv/environment/XmlToModelConverter.java, Line: 77, Element: item
[CALLSITE] Filepath: /media/4tb/npex/npex_data/benchmarks-bears/Bears-189-buggy/src/main/java/hu/oe/nik/szfmv/environment/XmlToModelConverter.java, Line: 77, Element: getNodeName
[CALLSITE] Filepath: /media/4tb/npex/npex_data/benchmarks-bears/Bears-189-buggy/src/main/java/hu/oe/nik/szfmv/environment/XmlToModelConverter.java, Line: 77, Element: item
[CALLSITE] Filepath: /media/4tb/npex/npex_data/benchmarks-bears/Bears-189-buggy/src/main/java/hu/oe/nik/szfmv/environment/XmlToModelConverter.java, Line: 77, Element: getNodeName
[CALLSITE] Filepath: /media/4tb/npex/npex_data/benchmarks-bears/Bears-189-buggy/src/main/java/hu/oe/nik/szfmv/environment/XmlToModelConverter.java, Line: 77, Element: item
[CALLSITE] Filepath: /media/4tb/npex/npex_data/benchmarks-bears/Bears-189-buggy/src/main/java/hu/oe/nik/szfmv/environment/XmlToModelConverter.java, Line: 77, Element: getNodeName
[CALLSITE] Filepath: /media/4tb/npex/npex_data/benchmarks-bears/Bears-189-buggy/src/main/java/hu/oe/nik/szfmv/environment/XmlToModelConverter.java, Line: 77, Element: item
[CALLSITE] Filepath: /media/4tb/npex/npex_data/benchmarks-bears/Bears-189-buggy/src/main/java/hu/oe/nik/szfmv/environment/XmlToModelConverter.java, Line: 77, Element: getNodeName
[CALLSITE] Filepath: /media/4tb/npex/npex_data/benchmarks-bears/Bears-189-buggy/src/main/java/hu/oe/nik/szfmv/environment/XmlToModelConverter.java, Line: 77, Element: item
[CALLSITE] Filepath: /media/4tb/npex/npex_data/benchmarks-bears/Bears-189-buggy/src/main/java/hu/oe/nik/szfmv/environment/XmlToModelConverter.java, Line: 77, Element: getNodeName
[CALLSITE] Filepath: /media/4tb/npex/npex_data/benchmarks-bears/Bears-189-buggy/src/main/java/hu/oe/nik/szfmv/environment/XmlToModelConverter.java, Line: 91, Element: createObjectFromType
[ENTRY] Filepath: /media/4tb/npex/npex_data/benchmarks-bears/Bears-189-buggy/src/main/java/hu/oe/nik/szfmv/environment/XmlToModelConverter.java, Line: 118, Element: createObjectFromType
[CALLSITE] Filepath: /media/4tb/npex/npex_data/benchmarks-bears/Bears-189-buggy/src/main/java/hu/oe/nik/szfmv/environment/XmlToModelConverter.java, Line: 122, Element: indexOf
[CALLSITE] Filepath: /media/4tb/npex/npex_data/benchmarks-bears/Bears-189-buggy/src/main/java/hu/oe/nik/szfmv/environment/XmlToModelConverter.java, Line: 123, Element: indexOf
[CALLSITE] Filepath: /media/4tb/npex/npex_data/benchmarks-bears/Bears-189-buggy/src/main/java/hu/oe/nik/szfmv/environment/XmlToModelConverter.java, Line: 123, Element: substring
[CALLSITE] Filepath: /media/4tb/npex/npex_data/benchmarks-bears/Bears-189-buggy/src/main/java/hu/oe/nik/szfmv/environment/models/Road.java, Line: 92, Element: hashMapInit
[ENTRY] Filepath: /media/4tb/npex/npex_data/benchmarks-bears/Bears-189-buggy/src/main/java/hu/oe/nik/szfmv/environment/models/Road.java, Line: 95, Element: hashMapInit
[CALLSITE] Filepath: /media/4tb/npex/npex_data/benchmarks-bears/Bears-189-buggy/src/main/java/hu/oe/nik/szfmv/environment/models/Road.java, Line: 96, Element: put
[CALLSITE] Filepath: /media/4tb/npex/npex_data/benchmarks-bears/Bears-189-buggy/src/main/java/hu/oe/nik/szfmv/environment/models/Road.java, Line: 97, Element: put
[CALLSITE] Filepath: /media/4tb/npex/npex_data/benchmarks-bears/Bears-189-buggy/src/main/java/hu/oe/nik/szfmv/environment/models/Road.java, Line: 98, Element: put
[CALLSITE] Filepath: /media/4tb/npex/npex_data/benchmarks-bears/Bears-189-buggy/src/main/java/hu/oe/nik/szfmv/environment/models/Road.java, Line: 99, Element: put
[CALLSITE] Filepath: /media/4tb/npex/npex_data/benchmarks-bears/Bears-189-buggy/src/main/java/hu/oe/nik/szfmv/environment/models/Road.java, Line: 100, Element: put
[CALLSITE] Filepath: /media/4tb/npex/npex_data/benchmarks-bears/Bears-189-buggy/src/main/java/hu/oe/nik/szfmv/environment/models/Road.java, Line: 101, Element: put
[CALLSITE] Filepath: /media/4tb/npex/npex_data/benchmarks-bears/Bears-189-buggy/src/main/java/hu/oe/nik/szfmv/environment/models/Road.java, Line: 102, Element: put
[CALLSITE] Filepath: /media/4tb/npex/npex_data/benchmarks-bears/Bears-189-buggy/src/main/java/hu/oe/nik/szfmv/environment/models/Road.java, Line: 103, Element: put
[CALLSITE] Filepath: /media/4tb/npex/npex_data/benchmarks-bears/Bears-189-buggy/src/main/java/hu/oe/nik/szfmv/environment/models/Road.java, Line: 104, Element: put
[CALLSITE] Filepath: /media/4tb/npex/npex_data/benchmarks-bears/Bears-189-buggy/src/main/java/hu/oe/nik/szfmv/environment/XmlToModelConverter.java, Line: 93, Element: setImageFileName
[ENTRY] Filepath: /media/4tb/npex/npex_data/benchmarks-bears/Bears-189-buggy/src/main/java/hu/oe/nik/szfmv/environment/WorldObject.java, Line: 92, Element: setImageFileName
[CALLSITE] Filepath: /media/4tb/npex/npex_data/benchmarks-bears/Bears-189-buggy/src/main/java/hu/oe/nik/szfmv/environment/XmlToModelConverter.java, Line: 96, Element: generateDimens
[ENTRY] Filepath: /media/4tb/npex/npex_data/benchmarks-bears/Bears-189-buggy/src/main/java/hu/oe/nik/szfmv/environment/WorldObject.java, Line: 101, Element: generateDimens
[CALLSITE] Filepath: /media/4tb/npex/npex_data/benchmarks-bears/Bears-189-buggy/src/main/java/hu/oe/nik/szfmv/environment/WorldObject.java, Line: 103, Element: read
[ENTRY] Filepath: /media/4tb/npex/npex_data/benchmarks-bears/Bears-189-buggy/src/main/java/hu/oe/nik/szfmv/environment/WorldObject.java, Line: 80, Element: getImageFileName
[CALLSITE] Filepath: /media/4tb/npex/npex_data/benchmarks-bears/Bears-189-buggy/src/main/java/hu/oe/nik/szfmv/environment/WorldObject.java, Line: 107, Element: getWidth
[CALLSITE] Filepath: /media/4tb/npex/npex_data/benchmarks-bears/Bears-189-buggy/src/main/java/hu/oe/nik/szfmv/environment/WorldObject.java, Line: 108, Element: getHeight
[CALLSITE] Filepath: /media/4tb/npex/npex_data/benchmarks-bears/Bears-189-buggy/src/main/java/hu/oe/nik/szfmv/environment/XmlToModelConverter.java, Line: 99, Element: getPointsFromPositionElement
[ENTRY] Filepath: /media/4tb/npex/npex_data/benchmarks-bears/Bears-189-buggy/src/main/java/hu/oe/nik/szfmv/environment/XmlToModelConverter.java, Line: 154, Element: getPointsFromPositionElement
[CALLSITE] Filepath: /media/4tb/npex/npex_data/benchmarks-bears/Bears-189-buggy/src/main/java/hu/oe/nik/szfmv/environment/XmlToModelConverter.java, Line: 160, Element: getAttribute
[CALLSITE] Filepath: /media/4tb/npex/npex_data/benchmarks-bears/Bears-189-buggy/src/main/java/hu/oe/nik/szfmv/environment/XmlToModelConverter.java, Line: 160, Element: parseInt
[CALLSITE] Filepath: /media/4tb/npex/npex_data/benchmarks-bears/Bears-189-buggy/src/main/java/hu/oe/nik/szfmv/environment/XmlToModelConverter.java, Line: 161, Element: getAttribute
[CALLSITE] Filepath: /media/4tb/npex/npex_data/benchmarks-bears/Bears-189-buggy/src/main/java/hu/oe/nik/szfmv/environment/XmlToModelConverter.java, Line: 161, Element: parseInt
[CALLSITE] Filepath: /media/4tb/npex/npex_data/benchmarks-bears/Bears-189-buggy/src/main/java/hu/oe/nik/szfmv/environment/XmlToModelConverter.java, Line: 100, Element: setX
[ENTRY] Filepath: /media/4tb/npex/npex_data/benchmarks-bears/Bears-189-buggy/src/main/java/hu/oe/nik/szfmv/environment/WorldObject.java, Line: 48, Element: setX
[CALLSITE] Filepath: /media/4tb/npex/npex_data/benchmarks-bears/Bears-189-buggy/src/main/java/hu/oe/nik/szfmv/environment/XmlToModelConverter.java, Line: 101, Element: setY
[ENTRY] Filepath: /media/4tb/npex/npex_data/benchmarks-bears/Bears-189-buggy/src/main/java/hu/oe/nik/szfmv/environment/WorldObject.java, Line: 56, Element: setY
[CALLSITE] Filepath: /media/4tb/npex/npex_data/benchmarks-bears/Bears-189-buggy/src/main/java/hu/oe/nik/szfmv/environment/XmlToModelConverter.java, Line: 104, Element: getRotacionFromTransformElement
[CALLSITE] Filepath: /media/4tb/npex/npex_data/benchmarks-bears/Bears-189-buggy/src/main/java/hu/oe/nik/szfmv/environment/XmlToModelConverter.java, Line: 104, Element: setRotation
[ENTRY] Filepath: /media/4tb/npex/npex_data/benchmarks-bears/Bears-189-buggy/src/main/java/hu/oe/nik/szfmv/environment/XmlToModelConverter.java, Line: 173, Element: getRotacionFromTransformElement
[CALLSITE] Filepath: /media/4tb/npex/npex_data/benchmarks-bears/Bears-189-buggy/src/main/java/hu/oe/nik/szfmv/environment/XmlToModelConverter.java, Line: 182, Element: getAttribute
[CALLSITE] Filepath: /media/4tb/npex/npex_data/benchmarks-bears/Bears-189-buggy/src/main/java/hu/oe/nik/szfmv/environment/XmlToModelConverter.java, Line: 182, Element: parseDouble
[CALLSITE] Filepath: /media/4tb/npex/npex_data/benchmarks-bears/Bears-189-buggy/src/main/java/hu/oe/nik/szfmv/environment/XmlToModelConverter.java, Line: 183, Element: getAttribute
[CALLSITE] Filepath: /media/4tb/npex/npex_data/benchmarks-bears/Bears-189-buggy/src/main/java/hu/oe/nik/szfmv/environment/XmlToModelConverter.java, Line: 183, Element: parseDouble
[CALLSITE] Filepath: /media/4tb/npex/npex_data/benchmarks-bears/Bears-189-buggy/src/main/java/hu/oe/nik/szfmv/environment/XmlToModelConverter.java, Line: 184, Element: getAttribute
[CALLSITE] Filepath: /media/4tb/npex/npex_data/benchmarks-bears/Bears-189-buggy/src/main/java/hu/oe/nik/szfmv/environment/XmlToModelConverter.java, Line: 184, Element: parseDouble
[CALLSITE] Filepath: /media/4tb/npex/npex_data/benchmarks-bears/Bears-189-buggy/src/main/java/hu/oe/nik/szfmv/environment/XmlToModelConverter.java, Line: 185, Element: getAttribute
[CALLSITE] Filepath: /media/4tb/npex/npex_data/benchmarks-bears/Bears-189-buggy/src/main/java/hu/oe/nik/szfmv/environment/XmlToModelConverter.java, Line: 185, Element: parseDouble
[CALLSITE] Filepath: /media/4tb/npex/npex_data/benchmarks-bears/Bears-189-buggy/src/main/java/hu/oe/nik/szfmv/environment/XmlToModelConverter.java, Line: 187, Element: convertMatrixToRadians
[ENTRY] Filepath: /media/4tb/npex/npex_data/benchmarks-bears/Bears-189-buggy/src/main/java/hu/oe/nik/szfmv/common/Utils.java, Line: 40, Element: convertMatrixToRadians
[CALLSITE] Filepath: /media/4tb/npex/npex_data/benchmarks-bears/Bears-189-buggy/src/main/java/hu/oe/nik/szfmv/common/Utils.java, Line: 41, Element: atan2
[ENTRY] Filepath: /media/4tb/npex/npex_data/benchmarks-bears/Bears-189-buggy/src/main/java/hu/oe/nik/szfmv/environment/WorldObject.java, Line: 88, Element: setRotation
[CALLSITE] Filepath: /media/4tb/npex/npex_data/benchmarks-bears/Bears-189-buggy/src/main/java/hu/oe/nik/szfmv/environment/XmlToModelConverter.java, Line: 107, Element: generateShape
[ENTRY] Filepath: /media/4tb/npex/npex_data/benchmarks-bears/Bears-189-buggy/src/main/java/hu/oe/nik/szfmv/environment/models/Road.java, Line: 119, Element: generateShape
[CALLSITE] Filepath: /media/4tb/npex/npex_data/benchmarks-bears/Bears-189-buggy/src/main/java/hu/oe/nik/szfmv/environment/models/Road.java, Line: 122, Element: get
[CALLSITE] Filepath: /media/4tb/npex/npex_data/benchmarks-bears/Bears-189-buggy/src/main/java/hu/oe/nik/szfmv/environment/models/Road.java, Line: 125, Element: getRotation
[CALLSITE] Filepath: /media/4tb/npex/npex_data/benchmarks-bears/Bears-189-buggy/src/main/java/hu/oe/nik/szfmv/environment/models/Road.java, Line: 125, Element: getX
[CALLSITE] Filepath: /media/4tb/npex/npex_data/benchmarks-bears/Bears-189-buggy/src/main/java/hu/oe/nik/szfmv/environment/models/Road.java, Line: 125, Element: getWidth
[CALLSITE] Filepath: /media/4tb/npex/npex_data/benchmarks-bears/Bears-189-buggy/src/main/java/hu/oe/nik/szfmv/environment/models/Road.java, Line: 125, Element: rotate
[ENTRY] Filepath: /media/4tb/npex/npex_data/benchmarks-bears/Bears-189-buggy/src/main/java/hu/oe/nik/szfmv/environment/WorldObject.java, Line: 76, Element: getRotation
[ENTRY] Filepath: /media/4tb/npex/npex_data/benchmarks-bears/Bears-189-buggy/src/main/java/hu/oe/nik/szfmv/environment/WorldObject.java, Line: 44, Element: getX
[ENTRY] Filepath: /media/4tb/npex/npex_data/benchmarks-bears/Bears-189-buggy/src/main/java/hu/oe/nik/szfmv/environment/WorldObject.java, Line: 60, Element: getWidth
[ENTRY] Filepath: /media/4tb/npex/npex_data/benchmarks-bears/Bears-189-buggy/src/main/java/hu/oe/nik/szfmv/environment/WorldObject.java, Line: 52, Element: getY
[ENTRY] Filepath: /media/4tb/npex/npex_data/benchmarks-bears/Bears-189-buggy/src/main/java/hu/oe/nik/szfmv/environment/WorldObject.java, Line: 64, Element: getHeight
[CALLSITE] Filepath: /media/4tb/npex/npex_data/benchmarks-bears/Bears-189-buggy/src/main/java/hu/oe/nik/szfmv/environment/models/Road.java, Line: 131, Element: get
[CALLSITE] Filepath: /media/4tb/npex/npex_data/benchmarks-bears/Bears-189-buggy/src/main/java/hu/oe/nik/szfmv/environment/models/Road.java, Line: 131, Element: createTransformedShape
[CALLSITE] Filepath: /media/4tb/npex/npex_data/benchmarks-bears/Bears-189-buggy/src/main/java/hu/oe/nik/szfmv/environment/models/Road.java, Line: 135, Element: generateShape
[ENTRY] Filepath: /media/4tb/npex/npex_data/benchmarks-bears/Bears-189-buggy/src/main/java/hu/oe/nik/szfmv/environment/WorldObject.java, Line: 117, Element: generateShape
[CALLSITE] Filepath: /media/4tb/npex/npex_data/benchmarks-bears/Bears-189-buggy/src/main/java/hu/oe/nik/szfmv/environment/WorldObject.java, Line: 119, Element: getRotation
[CALLSITE] Filepath: /media/4tb/npex/npex_data/benchmarks-bears/Bears-189-buggy/src/main/java/hu/oe/nik/szfmv/environment/WorldObject.java, Line: 119, Element: getX
[CALLSITE] Filepath: /media/4tb/npex/npex_data/benchmarks-bears/Bears-189-buggy/src/main/java/hu/oe/nik/szfmv/environment/WorldObject.java, Line: 119, Element: getY
[CALLSITE] Filepath: /media/4tb/npex/npex_data/benchmarks-bears/Bears-189-buggy/src/main/java/hu/oe/nik/szfmv/environment/WorldObject.java, Line: 119, Element: rotate
[ENTRY] Filepath: /media/4tb/npex/npex_data/benchmarks-bears/Bears-189-buggy/src/main/java/hu/oe/nik/szfmv/environment/WorldObject.java, Line: 76, Element: getRotation
[ENTRY] Filepath: /media/4tb/npex/npex_data/benchmarks-bears/Bears-189-buggy/src/main/java/hu/oe/nik/szfmv/environment/WorldObject.java, Line: 44, Element: getX
[ENTRY] Filepath: /media/4tb/npex/npex_data/benchmarks-bears/Bears-189-buggy/src/main/java/hu/oe/nik/szfmv/environment/WorldObject.java, Line: 52, Element: getY
[CALLSITE] Filepath: /media/4tb/npex/npex_data/benchmarks-bears/Bears-189-buggy/src/main/java/hu/oe/nik/szfmv/environment/WorldObject.java, Line: 120, Element: isInstance
[CALLSITE] Filepath: /media/4tb/npex/npex_data/benchmarks-bears/Bears-189-buggy/src/main/java/hu/oe/nik/szfmv/environment/WorldObject.java, Line: 121, Element: createTransformedShape
[ENTRY] Filepath: /media/4tb/npex/npex_data/benchmarks-bears/Bears-189-buggy/src/main/java/hu/oe/nik/szfmv/environment/WorldObject.java, Line: 44, Element: getX
[ENTRY] Filepath: /media/4tb/npex/npex_data/benchmarks-bears/Bears-189-buggy/src/main/java/hu/oe/nik/szfmv/environment/WorldObject.java, Line: 52, Element: getY
[ENTRY] Filepath: /media/4tb/npex/npex_data/benchmarks-bears/Bears-189-buggy/src/main/java/hu/oe/nik/szfmv/environment/WorldObject.java, Line: 60, Element: getWidth
[ENTRY] Filepath: /media/4tb/npex/npex_data/benchmarks-bears/Bears-189-buggy/src/main/java/hu/oe/nik/szfmv/environment/WorldObject.java, Line: 64, Element: getHeight
[CALLSITE] Filepath: /media/4tb/npex/npex_data/benchmarks-bears/Bears-189-buggy/src/main/java/hu/oe/nik/szfmv/environment/XmlToModelConverter.java, Line: 109, Element: toString
[CALLSITE] Filepath: /media/4tb/npex/npex_data/benchmarks-bears/Bears-189-buggy/src/main/java/hu/oe/nik/szfmv/environment/XmlToModelConverter.java, Line: 109, Element: debug
[ENTRY] Filepath: /media/4tb/npex/npex_data/benchmarks-bears/Bears-189-buggy/src/main/java/hu/oe/nik/szfmv/environment/WorldObject.java, Line: 135, Element: toString
[CALLSITE] Filepath: /media/4tb/npex/npex_data/benchmarks-bears/Bears-189-buggy/src/main/java/hu/oe/nik/szfmv/environment/XmlToModelConverter.java, Line: 50, Element: item
[CALLSITE] Filepath: /media/4tb/npex/npex_data/benchmarks-bears/Bears-189-buggy/src/main/java/hu/oe/nik/szfmv/environment/XmlToModelConverter.java, Line: 52, Element: readValueFromXml
[CALLSITE] Filepath: /media/4tb/npex/npex_data/benchmarks-bears/Bears-189-buggy/src/main/java/hu/oe/nik/szfmv/environment/XmlToModelConverter.java, Line: 52, Element: add
[ENTRY] Filepath: /media/4tb/npex/npex_data/benchmarks-bears/Bears-189-buggy/src/main/java/hu/oe/nik/szfmv/environment/XmlToModelConverter.java, Line: 67, Element: readValueFromXml
[CALLSITE] Filepath: /media/4tb/npex/npex_data/benchmarks-bears/Bears-189-buggy/src/main/java/hu/oe/nik/szfmv/environment/XmlToModelConverter.java, Line: 72, Element: getAttribute
[CALLSITE] Filepath: /media/4tb/npex/npex_data/benchmarks-bears/Bears-189-buggy/src/main/java/hu/oe/nik/szfmv/environment/XmlToModelConverter.java, Line: 75, Element: getChildNodes
[CALLSITE] Filepath: /media/4tb/npex/npex_data/benchmarks-bears/Bears-189-buggy/src/main/java/hu/oe/nik/szfmv/environment/XmlToModelConverter.java, Line: 76, Element: getLength
[CALLSITE] Filepath: /media/4tb/npex/npex_data/benchmarks-bears/Bears-189-buggy/src/main/java/hu/oe/nik/szfmv/environment/XmlToModelConverter.java, Line: 77, Element: item
[CALLSITE] Filepath: /media/4tb/npex/npex_data/benchmarks-bears/Bears-189-buggy/src/main/java/hu/oe/nik/szfmv/environment/XmlToModelConverter.java, Line: 77, Element: getNodeName
[CALLSITE] Filepath: /media/4tb/npex/npex_data/benchmarks-bears/Bears-189-buggy/src/main/java/hu/oe/nik/szfmv/environment/XmlToModelConverter.java, Line: 77, Element: item
[CALLSITE] Filepath: /media/4tb/npex/npex_data/benchmarks-bears/Bears-189-buggy/src/main/java/hu/oe/nik/szfmv/environment/XmlToModelConverter.java, Line: 77, Element: getNodeName
[CALLSITE] Filepath: /media/4tb/npex/npex_data/benchmarks-bears/Bears-189-buggy/src/main/java/hu/oe/nik/szfmv/environment/XmlToModelConverter.java, Line: 79, Element: item
[CALLSITE] Filepath: /media/4tb/npex/npex_data/benchmarks-bears/Bears-189-buggy/src/main/java/hu/oe/nik/szfmv/environment/XmlToModelConverter.java, Line: 77, Element: item
[CALLSITE] Filepath: /media/4tb/npex/npex_data/benchmarks-bears/Bears-189-buggy/src/main/java/hu/oe/nik/szfmv/environment/XmlToModelConverter.java, Line: 77, Element: getNodeName
[CALLSITE] Filepath: /media/4tb/npex/npex_data/benchmarks-bears/Bears-189-buggy/src/main/java/hu/oe/nik/szfmv/environment/XmlToModelConverter.java, Line: 77, Element: item
[CALLSITE] Filepath: /media/4tb/npex/npex_data/benchmarks-bears/Bears-189-buggy/src/main/java/hu/oe/nik/szfmv/environment/XmlToModelConverter.java, Line: 77, Element: getNodeName
[CALLSITE] Filepath: /media/4tb/npex/npex_data/benchmarks-bears/Bears-189-buggy/src/main/java/hu/oe/nik/szfmv/environment/XmlToModelConverter.java, Line: 82, Element: item
[CALLSITE] Filepath: /media/4tb/npex/npex_data/benchmarks-bears/Bears-189-buggy/src/main/java/hu/oe/nik/szfmv/environment/XmlToModelConverter.java, Line: 77, Element: item
[CALLSITE] Filepath: /media/4tb/npex/npex_data/benchmarks-bears/Bears-189-buggy/src/main/java/hu/oe/nik/szfmv/environment/XmlToModelConverter.java, Line: 77, Element: getNodeName
[CALLSITE] Filepath: /media/4tb/npex/npex_data/benchmarks-bears/Bears-189-buggy/src/main/java/hu/oe/nik/szfmv/environment/XmlToModelConverter.java, Line: 77, Element: item
[CALLSITE] Filepath: /media/4tb/npex/npex_data/benchmarks-bears/Bears-189-buggy/src/main/java/hu/oe/nik/szfmv/environment/XmlToModelConverter.java, Line: 77, Element: getNodeName
[CALLSITE] Filepath: /media/4tb/npex/npex_data/benchmarks-bears/Bears-189-buggy/src/main/java/hu/oe/nik/szfmv/environment/XmlToModelConverter.java, Line: 77, Element: item
[CALLSITE] Filepath: /media/4tb/npex/npex_data/benchmarks-bears/Bears-189-buggy/src/main/java/hu/oe/nik/szfmv/environment/XmlToModelConverter.java, Line: 77, Element: getNodeName
[CALLSITE] Filepath: /media/4tb/npex/npex_data/benchmarks-bears/Bears-189-buggy/src/main/java/hu/oe/nik/szfmv/environment/XmlToModelConverter.java, Line: 77, Element: item
[CALLSITE] Filepath: /media/4tb/npex/npex_data/benchmarks-bears/Bears-189-buggy/src/main/java/hu/oe/nik/szfmv/environment/XmlToModelConverter.java, Line: 77, Element: getNodeName
[CALLSITE] Filepath: /media/4tb/npex/npex_data/benchmarks-bears/Bears-189-buggy/src/main/java/hu/oe/nik/szfmv/environment/XmlToModelConverter.java, Line: 77, Element: item
[CALLSITE] Filepath: /media/4tb/npex/npex_data/benchmarks-bears/Bears-189-buggy/src/main/java/hu/oe/nik/szfmv/environment/XmlToModelConverter.java, Line: 77, Element: getNodeName
[CALLSITE] Filepath: /media/4tb/npex/npex_data/benchmarks-bears/Bears-189-buggy/src/main/java/hu/oe/nik/szfmv/environment/XmlToModelConverter.java, Line: 77, Element: item
[CALLSITE] Filepath: /media/4tb/npex/npex_data/benchmarks-bears/Bears-189-buggy/src/main/java/hu/oe/nik/szfmv/environment/XmlToModelConverter.java, Line: 77, Element: getNodeName
[CALLSITE] Filepath: /media/4tb/npex/npex_data/benchmarks-bears/Bears-189-buggy/src/main/java/hu/oe/nik/szfmv/environment/XmlToModelConverter.java, Line: 77, Element: item
[CALLSITE] Filepath: /media/4tb/npex/npex_data/benchmarks-bears/Bears-189-buggy/src/main/java/hu/oe/nik/szfmv/environment/XmlToModelConverter.java, Line: 77, Element: getNodeName
[CALLSITE] Filepath: /media/4tb/npex/npex_data/benchmarks-bears/Bears-189-buggy/src/main/java/hu/oe/nik/szfmv/environment/XmlToModelConverter.java, Line: 91, Element: createObjectFromType
[ENTRY] Filepath: /media/4tb/npex/npex_data/benchmarks-bears/Bears-189-buggy/src/main/java/hu/oe/nik/szfmv/environment/XmlToModelConverter.java, Line: 118, Element: createObjectFromType
[CALLSITE] Filepath: /media/4tb/npex/npex_data/benchmarks-bears/Bears-189-buggy/src/main/java/hu/oe/nik/szfmv/environment/XmlToModelConverter.java, Line: 122, Element: indexOf
[CALLSITE] Filepath: /media/4tb/npex/npex_data/benchmarks-bears/Bears-189-buggy/src/main/java/hu/oe/nik/szfmv/environment/XmlToModelConverter.java, Line: 123, Element: indexOf
[CALLSITE] Filepath: /media/4tb/npex/npex_data/benchmarks-bears/Bears-189-buggy/src/main/java/hu/oe/nik/szfmv/environment/XmlToModelConverter.java, Line: 123, Element: substring
[CALLSITE] Filepath: /media/4tb/npex/npex_data/benchmarks-bears/Bears-189-buggy/src/main/java/hu/oe/nik/szfmv/environment/models/Road.java, Line: 92, Element: hashMapInit
[ENTRY] Filepath: /media/4tb/npex/npex_data/benchmarks-bears/Bears-189-buggy/src/main/java/hu/oe/nik/szfmv/environment/models/Road.java, Line: 95, Element: hashMapInit
[CALLSITE] Filepath: /media/4tb/npex/npex_data/benchmarks-bears/Bears-189-buggy/src/main/java/hu/oe/nik/szfmv/environment/models/Road.java, Line: 96, Element: put
[CALLSITE] Filepath: /media/4tb/npex/npex_data/benchmarks-bears/Bears-189-buggy/src/main/java/hu/oe/nik/szfmv/environment/models/Road.java, Line: 97, Element: put
[CALLSITE] Filepath: /media/4tb/npex/npex_data/benchmarks-bears/Bears-189-buggy/src/main/java/hu/oe/nik/szfmv/environment/models/Road.java, Line: 98, Element: put
[CALLSITE] Filepath: /media/4tb/npex/npex_data/benchmarks-bears/Bears-189-buggy/src/main/java/hu/oe/nik/szfmv/environment/models/Road.java, Line: 99, Element: put
[CALLSITE] Filepath: /media/4tb/npex/npex_data/benchmarks-bears/Bears-189-buggy/src/main/java/hu/oe/nik/szfmv/environment/models/Road.java, Line: 100, Element: put
[CALLSITE] Filepath: /media/4tb/npex/npex_data/benchmarks-bears/Bears-189-buggy/src/main/java/hu/oe/nik/szfmv/environment/models/Road.java, Line: 101, Element: put
[CALLSITE] Filepath: /media/4tb/npex/npex_data/benchmarks-bears/Bears-189-buggy/src/main/java/hu/oe/nik/szfmv/environment/models/Road.java, Line: 102, Element: put
[CALLSITE] Filepath: /media/4tb/npex/npex_data/benchmarks-bears/Bears-189-buggy/src/main/java/hu/oe/nik/szfmv/environment/models/Road.java, Line: 103, Element: put
[CALLSITE] Filepath: /media/4tb/npex/npex_data/benchmarks-bears/Bears-189-buggy/src/main/java/hu/oe/nik/szfmv/environment/models/Road.java, Line: 104, Element: put
[CALLSITE] Filepath: /media/4tb/npex/npex_data/benchmarks-bears/Bears-189-buggy/src/main/java/hu/oe/nik/szfmv/environment/XmlToModelConverter.java, Line: 93, Element: setImageFileName
[ENTRY] Filepath: /media/4tb/npex/npex_data/benchmarks-bears/Bears-189-buggy/src/main/java/hu/oe/nik/szfmv/environment/WorldObject.java, Line: 92, Element: setImageFileName
[CALLSITE] Filepath: /media/4tb/npex/npex_data/benchmarks-bears/Bears-189-buggy/src/main/java/hu/oe/nik/szfmv/environment/XmlToModelConverter.java, Line: 96, Element: generateDimens
[ENTRY] Filepath: /media/4tb/npex/npex_data/benchmarks-bears/Bears-189-buggy/src/main/java/hu/oe/nik/szfmv/environment/WorldObject.java, Line: 101, Element: generateDimens
[CALLSITE] Filepath: /media/4tb/npex/npex_data/benchmarks-bears/Bears-189-buggy/src/main/java/hu/oe/nik/szfmv/environment/WorldObject.java, Line: 103, Element: read
[ENTRY] Filepath: /media/4tb/npex/npex_data/benchmarks-bears/Bears-189-buggy/src/main/java/hu/oe/nik/szfmv/environment/WorldObject.java, Line: 80, Element: getImageFileName
[CALLSITE] Filepath: /media/4tb/npex/npex_data/benchmarks-bears/Bears-189-buggy/src/main/java/hu/oe/nik/szfmv/environment/WorldObject.java, Line: 107, Element: getWidth
[CALLSITE] Filepath: /media/4tb/npex/npex_data/benchmarks-bears/Bears-189-buggy/src/main/java/hu/oe/nik/szfmv/environment/WorldObject.java, Line: 108, Element: getHeight
[CALLSITE] Filepath: /media/4tb/npex/npex_data/benchmarks-bears/Bears-189-buggy/src/main/java/hu/oe/nik/szfmv/environment/XmlToModelConverter.java, Line: 99, Element: getPointsFromPositionElement
[ENTRY] Filepath: /media/4tb/npex/npex_data/benchmarks-bears/Bears-189-buggy/src/main/java/hu/oe/nik/szfmv/environment/XmlToModelConverter.java, Line: 154, Element: getPointsFromPositionElement
[CALLSITE] Filepath: /media/4tb/npex/npex_data/benchmarks-bears/Bears-189-buggy/src/main/java/hu/oe/nik/szfmv/environment/XmlToModelConverter.java, Line: 160, Element: getAttribute
[CALLSITE] Filepath: /media/4tb/npex/npex_data/benchmarks-bears/Bears-189-buggy/src/main/java/hu/oe/nik/szfmv/environment/XmlToModelConverter.java, Line: 160, Element: parseInt
[CALLSITE] Filepath: /media/4tb/npex/npex_data/benchmarks-bears/Bears-189-buggy/src/main/java/hu/oe/nik/szfmv/environment/XmlToModelConverter.java, Line: 161, Element: getAttribute
[CALLSITE] Filepath: /media/4tb/npex/npex_data/benchmarks-bears/Bears-189-buggy/src/main/java/hu/oe/nik/szfmv/environment/XmlToModelConverter.java, Line: 161, Element: parseInt
[CALLSITE] Filepath: /media/4tb/npex/npex_data/benchmarks-bears/Bears-189-buggy/src/main/java/hu/oe/nik/szfmv/environment/XmlToModelConverter.java, Line: 100, Element: setX
[ENTRY] Filepath: /media/4tb/npex/npex_data/benchmarks-bears/Bears-189-buggy/src/main/java/hu/oe/nik/szfmv/environment/WorldObject.java, Line: 48, Element: setX
[CALLSITE] Filepath: /media/4tb/npex/npex_data/benchmarks-bears/Bears-189-buggy/src/main/java/hu/oe/nik/szfmv/environment/XmlToModelConverter.java, Line: 101, Element: setY
[ENTRY] Filepath: /media/4tb/npex/npex_data/benchmarks-bears/Bears-189-buggy/src/main/java/hu/oe/nik/szfmv/environment/WorldObject.java, Line: 56, Element: setY
[CALLSITE] Filepath: /media/4tb/npex/npex_data/benchmarks-bears/Bears-189-buggy/src/main/java/hu/oe/nik/szfmv/environment/XmlToModelConverter.java, Line: 104, Element: getRotacionFromTransformElement
[CALLSITE] Filepath: /media/4tb/npex/npex_data/benchmarks-bears/Bears-189-buggy/src/main/java/hu/oe/nik/szfmv/environment/XmlToModelConverter.java, Line: 104, Element: setRotation
[ENTRY] Filepath: /media/4tb/npex/npex_data/benchmarks-bears/Bears-189-buggy/src/main/java/hu/oe/nik/szfmv/environment/XmlToModelConverter.java, Line: 173, Element: getRotacionFromTransformElement
[CALLSITE] Filepath: /media/4tb/npex/npex_data/benchmarks-bears/Bears-189-buggy/src/main/java/hu/oe/nik/szfmv/environment/XmlToModelConverter.java, Line: 182, Element: getAttribute
[CALLSITE] Filepath: /media/4tb/npex/npex_data/benchmarks-bears/Bears-189-buggy/src/main/java/hu/oe/nik/szfmv/environment/XmlToModelConverter.java, Line: 182, Element: parseDouble
[CALLSITE] Filepath: /media/4tb/npex/npex_data/benchmarks-bears/Bears-189-buggy/src/main/java/hu/oe/nik/szfmv/environment/XmlToModelConverter.java, Line: 183, Element: getAttribute
[CALLSITE] Filepath: /media/4tb/npex/npex_data/benchmarks-bears/Bears-189-buggy/src/main/java/hu/oe/nik/szfmv/environment/XmlToModelConverter.java, Line: 183, Element: parseDouble
[CALLSITE] Filepath: /media/4tb/npex/npex_data/benchmarks-bears/Bears-189-buggy/src/main/java/hu/oe/nik/szfmv/environment/XmlToModelConverter.java, Line: 184, Element: getAttribute
[CALLSITE] Filepath: /media/4tb/npex/npex_data/benchmarks-bears/Bears-189-buggy/src/main/java/hu/oe/nik/szfmv/environment/XmlToModelConverter.java, Line: 184, Element: parseDouble
[CALLSITE] Filepath: /media/4tb/npex/npex_data/benchmarks-bears/Bears-189-buggy/src/main/java/hu/oe/nik/szfmv/environment/XmlToModelConverter.java, Line: 185, Element: getAttribute
[CALLSITE] Filepath: /media/4tb/npex/npex_data/benchmarks-bears/Bears-189-buggy/src/main/java/hu/oe/nik/szfmv/environment/XmlToModelConverter.java, Line: 185, Element: parseDouble
[CALLSITE] Filepath: /media/4tb/npex/npex_data/benchmarks-bears/Bears-189-buggy/src/main/java/hu/oe/nik/szfmv/environment/XmlToModelConverter.java, Line: 187, Element: convertMatrixToRadians
[ENTRY] Filepath: /media/4tb/npex/npex_data/benchmarks-bears/Bears-189-buggy/src/main/java/hu/oe/nik/szfmv/common/Utils.java, Line: 40, Element: convertMatrixToRadians
[CALLSITE] Filepath: /media/4tb/npex/npex_data/benchmarks-bears/Bears-189-buggy/src/main/java/hu/oe/nik/szfmv/common/Utils.java, Line: 41, Element: atan2
[ENTRY] Filepath: /media/4tb/npex/npex_data/benchmarks-bears/Bears-189-buggy/src/main/java/hu/oe/nik/szfmv/environment/WorldObject.java, Line: 88, Element: setRotation
[CALLSITE] Filepath: /media/4tb/npex/npex_data/benchmarks-bears/Bears-189-buggy/src/main/java/hu/oe/nik/szfmv/environment/XmlToModelConverter.java, Line: 107, Element: generateShape
[ENTRY] Filepath: /media/4tb/npex/npex_data/benchmarks-bears/Bears-189-buggy/src/main/java/hu/oe/nik/szfmv/environment/models/Road.java, Line: 119, Element: generateShape
[CALLSITE] Filepath: /media/4tb/npex/npex_data/benchmarks-bears/Bears-189-buggy/src/main/java/hu/oe/nik/szfmv/environment/models/Road.java, Line: 122, Element: get
[CALLSITE] Filepath: /media/4tb/npex/npex_data/benchmarks-bears/Bears-189-buggy/src/main/java/hu/oe/nik/szfmv/environment/models/Road.java, Line: 128, Element: getX
[CALLSITE] Filepath: /media/4tb/npex/npex_data/benchmarks-bears/Bears-189-buggy/src/main/java/hu/oe/nik/szfmv/environment/models/Road.java, Line: 128, Element: getX
[CALLSITE] Filepath: /media/4tb/npex/npex_data/benchmarks-bears/Bears-189-buggy/src/main/java/hu/oe/nik/szfmv/environment/models/Road.java, Line: 128, Element: getY
[CALLSITE] Filepath: /media/4tb/npex/npex_data/benchmarks-bears/Bears-189-buggy/src/main/java/hu/oe/nik/szfmv/environment/models/Road.java, Line: 128, Element: getY
[CALLSITE] Filepath: /media/4tb/npex/npex_data/benchmarks-bears/Bears-189-buggy/src/main/java/hu/oe/nik/szfmv/environment/models/Road.java, Line: 128, Element: translate
[ENTRY] Filepath: /media/4tb/npex/npex_data/benchmarks-bears/Bears-189-buggy/src/main/java/hu/oe/nik/szfmv/environment/WorldObject.java, Line: 44, Element: getX
[ENTRY] Filepath: /media/4tb/npex/npex_data/benchmarks-bears/Bears-189-buggy/src/main/java/hu/oe/nik/szfmv/environment/WorldObject.java, Line: 52, Element: getY
[CALLSITE] Filepath: /media/4tb/npex/npex_data/benchmarks-bears/Bears-189-buggy/src/main/java/hu/oe/nik/szfmv/environment/models/Road.java, Line: 129, Element: getRotation
[CALLSITE] Filepath: /media/4tb/npex/npex_data/benchmarks-bears/Bears-189-buggy/src/main/java/hu/oe/nik/szfmv/environment/models/Road.java, Line: 129, Element: getX
[CALLSITE] Filepath: /media/4tb/npex/npex_data/benchmarks-bears/Bears-189-buggy/src/main/java/hu/oe/nik/szfmv/environment/models/Road.java, Line: 129, Element: getY
[CALLSITE] Filepath: /media/4tb/npex/npex_data/benchmarks-bears/Bears-189-buggy/src/main/java/hu/oe/nik/szfmv/environment/models/Road.java, Line: 129, Element: rotate
[ENTRY] Filepath: /media/4tb/npex/npex_data/benchmarks-bears/Bears-189-buggy/src/main/java/hu/oe/nik/szfmv/environment/WorldObject.java, Line: 76, Element: getRotation
[CALLSITE] Filepath: /media/4tb/npex/npex_data/benchmarks-bears/Bears-189-buggy/src/main/java/hu/oe/nik/szfmv/environment/models/Road.java, Line: 131, Element: get
[CALLSITE] Filepath: /media/4tb/npex/npex_data/benchmarks-bears/Bears-189-buggy/src/main/java/hu/oe/nik/szfmv/environment/models/Road.java, Line: 131, Element: createTransformedShape
[CALLSITE] Filepath: /media/4tb/npex/npex_data/benchmarks-bears/Bears-189-buggy/src/main/java/hu/oe/nik/szfmv/environment/XmlToModelConverter.java, Line: 109, Element: toString
[CALLSITE] Filepath: /media/4tb/npex/npex_data/benchmarks-bears/Bears-189-buggy/src/main/java/hu/oe/nik/szfmv/environment/XmlToModelConverter.java, Line: 109, Element: debug
[ENTRY] Filepath: /media/4tb/npex/npex_data/benchmarks-bears/Bears-189-buggy/src/main/java/hu/oe/nik/szfmv/environment/WorldObject.java, Line: 135, Element: toString
[CALLSITE] Filepath: /media/4tb/npex/npex_data/benchmarks-bears/Bears-189-buggy/src/main/java/hu/oe/nik/szfmv/environment/XmlToModelConverter.java, Line: 50, Element: item
[CALLSITE] Filepath: /media/4tb/npex/npex_data/benchmarks-bears/Bears-189-buggy/src/main/java/hu/oe/nik/szfmv/environment/XmlToModelConverter.java, Line: 52, Element: readValueFromXml
[CALLSITE] Filepath: /media/4tb/npex/npex_data/benchmarks-bears/Bears-189-buggy/src/main/java/hu/oe/nik/szfmv/environment/XmlToModelConverter.java, Line: 52, Element: add
[ENTRY] Filepath: /media/4tb/npex/npex_data/benchmarks-bears/Bears-189-buggy/src/main/java/hu/oe/nik/szfmv/environment/XmlToModelConverter.java, Line: 67, Element: readValueFromXml
[CALLSITE] Filepath: /media/4tb/npex/npex_data/benchmarks-bears/Bears-189-buggy/src/main/java/hu/oe/nik/szfmv/environment/XmlToModelConverter.java, Line: 72, Element: getAttribute
[CALLSITE] Filepath: /media/4tb/npex/npex_data/benchmarks-bears/Bears-189-buggy/src/main/java/hu/oe/nik/szfmv/environment/XmlToModelConverter.java, Line: 75, Element: getChildNodes
[CALLSITE] Filepath: /media/4tb/npex/npex_data/benchmarks-bears/Bears-189-buggy/src/main/java/hu/oe/nik/szfmv/environment/XmlToModelConverter.java, Line: 76, Element: getLength
[CALLSITE] Filepath: /media/4tb/npex/npex_data/benchmarks-bears/Bears-189-buggy/src/main/java/hu/oe/nik/szfmv/environment/XmlToModelConverter.java, Line: 77, Element: item
[CALLSITE] Filepath: /media/4tb/npex/npex_data/benchmarks-bears/Bears-189-buggy/src/main/java/hu/oe/nik/szfmv/environment/XmlToModelConverter.java, Line: 77, Element: getNodeName
[CALLSITE] Filepath: /media/4tb/npex/npex_data/benchmarks-bears/Bears-189-buggy/src/main/java/hu/oe/nik/szfmv/environment/XmlToModelConverter.java, Line: 77, Element: item
[CALLSITE] Filepath: /media/4tb/npex/npex_data/benchmarks-bears/Bears-189-buggy/src/main/java/hu/oe/nik/szfmv/environment/XmlToModelConverter.java, Line: 77, Element: getNodeName
[CALLSITE] Filepath: /media/4tb/npex/npex_data/benchmarks-bears/Bears-189-buggy/src/main/java/hu/oe/nik/szfmv/environment/XmlToModelConverter.java, Line: 79, Element: item
[CALLSITE] Filepath: /media/4tb/npex/npex_data/benchmarks-bears/Bears-189-buggy/src/main/java/hu/oe/nik/szfmv/environment/XmlToModelConverter.java, Line: 77, Element: item
[CALLSITE] Filepath: /media/4tb/npex/npex_data/benchmarks-bears/Bears-189-buggy/src/main/java/hu/oe/nik/szfmv/environment/XmlToModelConverter.java, Line: 77, Element: getNodeName
[CALLSITE] Filepath: /media/4tb/npex/npex_data/benchmarks-bears/Bears-189-buggy/src/main/java/hu/oe/nik/szfmv/environment/XmlToModelConverter.java, Line: 77, Element: item
[CALLSITE] Filepath: /media/4tb/npex/npex_data/benchmarks-bears/Bears-189-buggy/src/main/java/hu/oe/nik/szfmv/environment/XmlToModelConverter.java, Line: 77, Element: getNodeName
[CALLSITE] Filepath: /media/4tb/npex/npex_data/benchmarks-bears/Bears-189-buggy/src/main/java/hu/oe/nik/szfmv/environment/XmlToModelConverter.java, Line: 82, Element: item
[CALLSITE] Filepath: /media/4tb/npex/npex_data/benchmarks-bears/Bears-189-buggy/src/main/java/hu/oe/nik/szfmv/environment/XmlToModelConverter.java, Line: 77, Element: item
[CALLSITE] Filepath: /media/4tb/npex/npex_data/benchmarks-bears/Bears-189-buggy/src/main/java/hu/oe/nik/szfmv/environment/XmlToModelConverter.java, Line: 77, Element: getNodeName
[CALLSITE] Filepath: /media/4tb/npex/npex_data/benchmarks-bears/Bears-189-buggy/src/main/java/hu/oe/nik/szfmv/environment/XmlToModelConverter.java, Line: 77, Element: item
[CALLSITE] Filepath: /media/4tb/npex/npex_data/benchmarks-bears/Bears-189-buggy/src/main/java/hu/oe/nik/szfmv/environment/XmlToModelConverter.java, Line: 77, Element: getNodeName
[CALLSITE] Filepath: /media/4tb/npex/npex_data/benchmarks-bears/Bears-189-buggy/src/main/java/hu/oe/nik/szfmv/environment/XmlToModelConverter.java, Line: 77, Element: item
[CALLSITE] Filepath: /media/4tb/npex/npex_data/benchmarks-bears/Bears-189-buggy/src/main/java/hu/oe/nik/szfmv/environment/XmlToModelConverter.java, Line: 77, Element: getNodeName
[CALLSITE] Filepath: /media/4tb/npex/npex_data/benchmarks-bears/Bears-189-buggy/src/main/java/hu/oe/nik/szfmv/environment/XmlToModelConverter.java, Line: 77, Element: item
[CALLSITE] Filepath: /media/4tb/npex/npex_data/benchmarks-bears/Bears-189-buggy/src/main/java/hu/oe/nik/szfmv/environment/XmlToModelConverter.java, Line: 77, Element: getNodeName
[CALLSITE] Filepath: /media/4tb/npex/npex_data/benchmarks-bears/Bears-189-buggy/src/main/java/hu/oe/nik/szfmv/environment/XmlToModelConverter.java, Line: 77, Element: item
[CALLSITE] Filepath: /media/4tb/npex/npex_data/benchmarks-bears/Bears-189-buggy/src/main/java/hu/oe/nik/szfmv/environment/XmlToModelConverter.java, Line: 77, Element: getNodeName
[CALLSITE] Filepath: /media/4tb/npex/npex_data/benchmarks-bears/Bears-189-buggy/src/main/java/hu/oe/nik/szfmv/environment/XmlToModelConverter.java, Line: 77, Element: item
[CALLSITE] Filepath: /media/4tb/npex/npex_data/benchmarks-bears/Bears-189-buggy/src/main/java/hu/oe/nik/szfmv/environment/XmlToModelConverter.java, Line: 77, Element: getNodeName
[CALLSITE] Filepath: /media/4tb/npex/npex_data/benchmarks-bears/Bears-189-buggy/src/main/java/hu/oe/nik/szfmv/environment/XmlToModelConverter.java, Line: 77, Element: item
[CALLSITE] Filepath: /media/4tb/npex/npex_data/benchmarks-bears/Bears-189-buggy/src/main/java/hu/oe/nik/szfmv/environment/XmlToModelConverter.java, Line: 77, Element: getNodeName
[CALLSITE] Filepath: /media/4tb/npex/npex_data/benchmarks-bears/Bears-189-buggy/src/main/java/hu/oe/nik/szfmv/environment/XmlToModelConverter.java, Line: 91, Element: createObjectFromType
[ENTRY] Filepath: /media/4tb/npex/npex_data/benchmarks-bears/Bears-189-buggy/src/main/java/hu/oe/nik/szfmv/environment/XmlToModelConverter.java, Line: 118, Element: createObjectFromType
[CALLSITE] Filepath: /media/4tb/npex/npex_data/benchmarks-bears/Bears-189-buggy/src/main/java/hu/oe/nik/szfmv/environment/XmlToModelConverter.java, Line: 122, Element: indexOf
[CALLSITE] Filepath: /media/4tb/npex/npex_data/benchmarks-bears/Bears-189-buggy/src/main/java/hu/oe/nik/szfmv/environment/XmlToModelConverter.java, Line: 123, Element: indexOf
[CALLSITE] Filepath: /media/4tb/npex/npex_data/benchmarks-bears/Bears-189-buggy/src/main/java/hu/oe/nik/szfmv/environment/XmlToModelConverter.java, Line: 123, Element: substring
[CALLSITE] Filepath: /media/4tb/npex/npex_data/benchmarks-bears/Bears-189-buggy/src/main/java/hu/oe/nik/szfmv/environment/models/Road.java, Line: 92, Element: hashMapInit
[ENTRY] Filepath: /media/4tb/npex/npex_data/benchmarks-bears/Bears-189-buggy/src/main/java/hu/oe/nik/szfmv/environment/models/Road.java, Line: 95, Element: hashMapInit
[CALLSITE] Filepath: /media/4tb/npex/npex_data/benchmarks-bears/Bears-189-buggy/src/main/java/hu/oe/nik/szfmv/environment/models/Road.java, Line: 96, Element: put
[CALLSITE] Filepath: /media/4tb/npex/npex_data/benchmarks-bears/Bears-189-buggy/src/main/java/hu/oe/nik/szfmv/environment/models/Road.java, Line: 97, Element: put
[CALLSITE] Filepath: /media/4tb/npex/npex_data/benchmarks-bears/Bears-189-buggy/src/main/java/hu/oe/nik/szfmv/environment/models/Road.java, Line: 98, Element: put
[CALLSITE] Filepath: /media/4tb/npex/npex_data/benchmarks-bears/Bears-189-buggy/src/main/java/hu/oe/nik/szfmv/environment/models/Road.java, Line: 99, Element: put
[CALLSITE] Filepath: /media/4tb/npex/npex_data/benchmarks-bears/Bears-189-buggy/src/main/java/hu/oe/nik/szfmv/environment/models/Road.java, Line: 100, Element: put
[CALLSITE] Filepath: /media/4tb/npex/npex_data/benchmarks-bears/Bears-189-buggy/src/main/java/hu/oe/nik/szfmv/environment/models/Road.java, Line: 101, Element: put
[CALLSITE] Filepath: /media/4tb/npex/npex_data/benchmarks-bears/Bears-189-buggy/src/main/java/hu/oe/nik/szfmv/environment/models/Road.java, Line: 102, Element: put
[CALLSITE] Filepath: /media/4tb/npex/npex_data/benchmarks-bears/Bears-189-buggy/src/main/java/hu/oe/nik/szfmv/environment/models/Road.java, Line: 103, Element: put
[CALLSITE] Filepath: /media/4tb/npex/npex_data/benchmarks-bears/Bears-189-buggy/src/main/java/hu/oe/nik/szfmv/environment/models/Road.java, Line: 104, Element: put
[CALLSITE] Filepath: /media/4tb/npex/npex_data/benchmarks-bears/Bears-189-buggy/src/main/java/hu/oe/nik/szfmv/environment/XmlToModelConverter.java, Line: 93, Element: setImageFileName
[ENTRY] Filepath: /media/4tb/npex/npex_data/benchmarks-bears/Bears-189-buggy/src/main/java/hu/oe/nik/szfmv/environment/WorldObject.java, Line: 92, Element: setImageFileName
[CALLSITE] Filepath: /media/4tb/npex/npex_data/benchmarks-bears/Bears-189-buggy/src/main/java/hu/oe/nik/szfmv/environment/XmlToModelConverter.java, Line: 96, Element: generateDimens
[ENTRY] Filepath: /media/4tb/npex/npex_data/benchmarks-bears/Bears-189-buggy/src/main/java/hu/oe/nik/szfmv/environment/WorldObject.java, Line: 101, Element: generateDimens
[CALLSITE] Filepath: /media/4tb/npex/npex_data/benchmarks-bears/Bears-189-buggy/src/main/java/hu/oe/nik/szfmv/environment/WorldObject.java, Line: 103, Element: read
[ENTRY] Filepath: /media/4tb/npex/npex_data/benchmarks-bears/Bears-189-buggy/src/main/java/hu/oe/nik/szfmv/environment/WorldObject.java, Line: 80, Element: getImageFileName
[CALLSITE] Filepath: /media/4tb/npex/npex_data/benchmarks-bears/Bears-189-buggy/src/main/java/hu/oe/nik/szfmv/environment/WorldObject.java, Line: 107, Element: getWidth
[CALLSITE] Filepath: /media/4tb/npex/npex_data/benchmarks-bears/Bears-189-buggy/src/main/java/hu/oe/nik/szfmv/environment/WorldObject.java, Line: 108, Element: getHeight
[CALLSITE] Filepath: /media/4tb/npex/npex_data/benchmarks-bears/Bears-189-buggy/src/main/java/hu/oe/nik/szfmv/environment/XmlToModelConverter.java, Line: 99, Element: getPointsFromPositionElement
[ENTRY] Filepath: /media/4tb/npex/npex_data/benchmarks-bears/Bears-189-buggy/src/main/java/hu/oe/nik/szfmv/environment/XmlToModelConverter.java, Line: 154, Element: getPointsFromPositionElement
[CALLSITE] Filepath: /media/4tb/npex/npex_data/benchmarks-bears/Bears-189-buggy/src/main/java/hu/oe/nik/szfmv/environment/XmlToModelConverter.java, Line: 160, Element: getAttribute
[CALLSITE] Filepath: /media/4tb/npex/npex_data/benchmarks-bears/Bears-189-buggy/src/main/java/hu/oe/nik/szfmv/environment/XmlToModelConverter.java, Line: 160, Element: parseInt
[CALLSITE] Filepath: /media/4tb/npex/npex_data/benchmarks-bears/Bears-189-buggy/src/main/java/hu/oe/nik/szfmv/environment/XmlToModelConverter.java, Line: 161, Element: getAttribute
[CALLSITE] Filepath: /media/4tb/npex/npex_data/benchmarks-bears/Bears-189-buggy/src/main/java/hu/oe/nik/szfmv/environment/XmlToModelConverter.java, Line: 161, Element: parseInt
[CALLSITE] Filepath: /media/4tb/npex/npex_data/benchmarks-bears/Bears-189-buggy/src/main/java/hu/oe/nik/szfmv/environment/XmlToModelConverter.java, Line: 100, Element: setX
[ENTRY] Filepath: /media/4tb/npex/npex_data/benchmarks-bears/Bears-189-buggy/src/main/java/hu/oe/nik/szfmv/environment/WorldObject.java, Line: 48, Element: setX
[CALLSITE] Filepath: /media/4tb/npex/npex_data/benchmarks-bears/Bears-189-buggy/src/main/java/hu/oe/nik/szfmv/environment/XmlToModelConverter.java, Line: 101, Element: setY
[ENTRY] Filepath: /media/4tb/npex/npex_data/benchmarks-bears/Bears-189-buggy/src/main/java/hu/oe/nik/szfmv/environment/WorldObject.java, Line: 56, Element: setY
[CALLSITE] Filepath: /media/4tb/npex/npex_data/benchmarks-bears/Bears-189-buggy/src/main/java/hu/oe/nik/szfmv/environment/XmlToModelConverter.java, Line: 104, Element: getRotacionFromTransformElement
[CALLSITE] Filepath: /media/4tb/npex/npex_data/benchmarks-bears/Bears-189-buggy/src/main/java/hu/oe/nik/szfmv/environment/XmlToModelConverter.java, Line: 104, Element: setRotation
[ENTRY] Filepath: /media/4tb/npex/npex_data/benchmarks-bears/Bears-189-buggy/src/main/java/hu/oe/nik/szfmv/environment/XmlToModelConverter.java, Line: 173, Element: getRotacionFromTransformElement
[CALLSITE] Filepath: /media/4tb/npex/npex_data/benchmarks-bears/Bears-189-buggy/src/main/java/hu/oe/nik/szfmv/environment/XmlToModelConverter.java, Line: 182, Element: getAttribute
[CALLSITE] Filepath: /media/4tb/npex/npex_data/benchmarks-bears/Bears-189-buggy/src/main/java/hu/oe/nik/szfmv/environment/XmlToModelConverter.java, Line: 182, Element: parseDouble
[CALLSITE] Filepath: /media/4tb/npex/npex_data/benchmarks-bears/Bears-189-buggy/src/main/java/hu/oe/nik/szfmv/environment/XmlToModelConverter.java, Line: 183, Element: getAttribute
[CALLSITE] Filepath: /media/4tb/npex/npex_data/benchmarks-bears/Bears-189-buggy/src/main/java/hu/oe/nik/szfmv/environment/XmlToModelConverter.java, Line: 183, Element: parseDouble
[CALLSITE] Filepath: /media/4tb/npex/npex_data/benchmarks-bears/Bears-189-buggy/src/main/java/hu/oe/nik/szfmv/environment/XmlToModelConverter.java, Line: 184, Element: getAttribute
[CALLSITE] Filepath: /media/4tb/npex/npex_data/benchmarks-bears/Bears-189-buggy/src/main/java/hu/oe/nik/szfmv/environment/XmlToModelConverter.java, Line: 184, Element: parseDouble
[CALLSITE] Filepath: /media/4tb/npex/npex_data/benchmarks-bears/Bears-189-buggy/src/main/java/hu/oe/nik/szfmv/environment/XmlToModelConverter.java, Line: 185, Element: getAttribute
[CALLSITE] Filepath: /media/4tb/npex/npex_data/benchmarks-bears/Bears-189-buggy/src/main/java/hu/oe/nik/szfmv/environment/XmlToModelConverter.java, Line: 185, Element: parseDouble
[CALLSITE] Filepath: /media/4tb/npex/npex_data/benchmarks-bears/Bears-189-buggy/src/main/java/hu/oe/nik/szfmv/environment/XmlToModelConverter.java, Line: 187, Element: convertMatrixToRadians
[ENTRY] Filepath: /media/4tb/npex/npex_data/benchmarks-bears/Bears-189-buggy/src/main/java/hu/oe/nik/szfmv/common/Utils.java, Line: 40, Element: convertMatrixToRadians
[CALLSITE] Filepath: /media/4tb/npex/npex_data/benchmarks-bears/Bears-189-buggy/src/main/java/hu/oe/nik/szfmv/common/Utils.java, Line: 41, Element: atan2
[ENTRY] Filepath: /media/4tb/npex/npex_data/benchmarks-bears/Bears-189-buggy/src/main/java/hu/oe/nik/szfmv/environment/WorldObject.java, Line: 88, Element: setRotation
[CALLSITE] Filepath: /media/4tb/npex/npex_data/benchmarks-bears/Bears-189-buggy/src/main/java/hu/oe/nik/szfmv/environment/XmlToModelConverter.java, Line: 107, Element: generateShape
[ENTRY] Filepath: /media/4tb/npex/npex_data/benchmarks-bears/Bears-189-buggy/src/main/java/hu/oe/nik/szfmv/environment/models/Road.java, Line: 119, Element: generateShape
[CALLSITE] Filepath: /media/4tb/npex/npex_data/benchmarks-bears/Bears-189-buggy/src/main/java/hu/oe/nik/szfmv/environment/models/Road.java, Line: 122, Element: get
[CALLSITE] Filepath: /media/4tb/npex/npex_data/benchmarks-bears/Bears-189-buggy/src/main/java/hu/oe/nik/szfmv/environment/models/Road.java, Line: 125, Element: getRotation
[CALLSITE] Filepath: /media/4tb/npex/npex_data/benchmarks-bears/Bears-189-buggy/src/main/java/hu/oe/nik/szfmv/environment/models/Road.java, Line: 125, Element: getX
[CALLSITE] Filepath: /media/4tb/npex/npex_data/benchmarks-bears/Bears-189-buggy/src/main/java/hu/oe/nik/szfmv/environment/models/Road.java, Line: 125, Element: getWidth
[CALLSITE] Filepath: /media/4tb/npex/npex_data/benchmarks-bears/Bears-189-buggy/src/main/java/hu/oe/nik/szfmv/environment/models/Road.java, Line: 125, Element: rotate
[ENTRY] Filepath: /media/4tb/npex/npex_data/benchmarks-bears/Bears-189-buggy/src/main/java/hu/oe/nik/szfmv/environment/WorldObject.java, Line: 76, Element: getRotation
[ENTRY] Filepath: /media/4tb/npex/npex_data/benchmarks-bears/Bears-189-buggy/src/main/java/hu/oe/nik/szfmv/environment/WorldObject.java, Line: 44, Element: getX
[ENTRY] Filepath: /media/4tb/npex/npex_data/benchmarks-bears/Bears-189-buggy/src/main/java/hu/oe/nik/szfmv/environment/WorldObject.java, Line: 60, Element: getWidth
[ENTRY] Filepath: /media/4tb/npex/npex_data/benchmarks-bears/Bears-189-buggy/src/main/java/hu/oe/nik/szfmv/environment/WorldObject.java, Line: 52, Element: getY
[ENTRY] Filepath: /media/4tb/npex/npex_data/benchmarks-bears/Bears-189-buggy/src/main/java/hu/oe/nik/szfmv/environment/WorldObject.java, Line: 64, Element: getHeight
[CALLSITE] Filepath: /media/4tb/npex/npex_data/benchmarks-bears/Bears-189-buggy/src/main/java/hu/oe/nik/szfmv/environment/models/Road.java, Line: 131, Element: get
[CALLSITE] Filepath: /media/4tb/npex/npex_data/benchmarks-bears/Bears-189-buggy/src/main/java/hu/oe/nik/szfmv/environment/models/Road.java, Line: 131, Element: createTransformedShape
[CALLSITE] Filepath: /media/4tb/npex/npex_data/benchmarks-bears/Bears-189-buggy/src/main/java/hu/oe/nik/szfmv/environment/models/Road.java, Line: 135, Element: generateShape
[ENTRY] Filepath: /media/4tb/npex/npex_data/benchmarks-bears/Bears-189-buggy/src/main/java/hu/oe/nik/szfmv/environment/WorldObject.java, Line: 117, Element: generateShape
[CALLSITE] Filepath: /media/4tb/npex/npex_data/benchmarks-bears/Bears-189-buggy/src/main/java/hu/oe/nik/szfmv/environment/WorldObject.java, Line: 119, Element: getRotation
[CALLSITE] Filepath: /media/4tb/npex/npex_data/benchmarks-bears/Bears-189-buggy/src/main/java/hu/oe/nik/szfmv/environment/WorldObject.java, Line: 119, Element: getX
[CALLSITE] Filepath: /media/4tb/npex/npex_data/benchmarks-bears/Bears-189-buggy/src/main/java/hu/oe/nik/szfmv/environment/WorldObject.java, Line: 119, Element: getY
[CALLSITE] Filepath: /media/4tb/npex/npex_data/benchmarks-bears/Bears-189-buggy/src/main/java/hu/oe/nik/szfmv/environment/WorldObject.java, Line: 119, Element: rotate
[ENTRY] Filepath: /media/4tb/npex/npex_data/benchmarks-bears/Bears-189-buggy/src/main/java/hu/oe/nik/szfmv/environment/WorldObject.java, Line: 76, Element: getRotation
[ENTRY] Filepath: /media/4tb/npex/npex_data/benchmarks-bears/Bears-189-buggy/src/main/java/hu/oe/nik/szfmv/environment/WorldObject.java, Line: 44, Element: getX
[ENTRY] Filepath: /media/4tb/npex/npex_data/benchmarks-bears/Bears-189-buggy/src/main/java/hu/oe/nik/szfmv/environment/WorldObject.java, Line: 52, Element: getY
[CALLSITE] Filepath: /media/4tb/npex/npex_data/benchmarks-bears/Bears-189-buggy/src/main/java/hu/oe/nik/szfmv/environment/WorldObject.java, Line: 120, Element: isInstance
[CALLSITE] Filepath: /media/4tb/npex/npex_data/benchmarks-bears/Bears-189-buggy/src/main/java/hu/oe/nik/szfmv/environment/WorldObject.java, Line: 121, Element: createTransformedShape
[ENTRY] Filepath: /media/4tb/npex/npex_data/benchmarks-bears/Bears-189-buggy/src/main/java/hu/oe/nik/szfmv/environment/WorldObject.java, Line: 44, Element: getX
[ENTRY] Filepath: /media/4tb/npex/npex_data/benchmarks-bears/Bears-189-buggy/src/main/java/hu/oe/nik/szfmv/environment/WorldObject.java, Line: 52, Element: getY
[ENTRY] Filepath: /media/4tb/npex/npex_data/benchmarks-bears/Bears-189-buggy/src/main/java/hu/oe/nik/szfmv/environment/WorldObject.java, Line: 60, Element: getWidth
[ENTRY] Filepath: /media/4tb/npex/npex_data/benchmarks-bears/Bears-189-buggy/src/main/java/hu/oe/nik/szfmv/environment/WorldObject.java, Line: 64, Element: getHeight
[CALLSITE] Filepath: /media/4tb/npex/npex_data/benchmarks-bears/Bears-189-buggy/src/main/java/hu/oe/nik/szfmv/environment/XmlToModelConverter.java, Line: 109, Element: toString
[CALLSITE] Filepath: /media/4tb/npex/npex_data/benchmarks-bears/Bears-189-buggy/src/main/java/hu/oe/nik/szfmv/environment/XmlToModelConverter.java, Line: 109, Element: debug
[ENTRY] Filepath: /media/4tb/npex/npex_data/benchmarks-bears/Bears-189-buggy/src/main/java/hu/oe/nik/szfmv/environment/WorldObject.java, Line: 135, Element: toString
[CALLSITE] Filepath: /media/4tb/npex/npex_data/benchmarks-bears/Bears-189-buggy/src/main/java/hu/oe/nik/szfmv/environment/XmlToModelConverter.java, Line: 50, Element: item
[CALLSITE] Filepath: /media/4tb/npex/npex_data/benchmarks-bears/Bears-189-buggy/src/main/java/hu/oe/nik/szfmv/environment/XmlToModelConverter.java, Line: 52, Element: readValueFromXml
[CALLSITE] Filepath: /media/4tb/npex/npex_data/benchmarks-bears/Bears-189-buggy/src/main/java/hu/oe/nik/szfmv/environment/XmlToModelConverter.java, Line: 52, Element: add
[ENTRY] Filepath: /media/4tb/npex/npex_data/benchmarks-bears/Bears-189-buggy/src/main/java/hu/oe/nik/szfmv/environment/XmlToModelConverter.java, Line: 67, Element: readValueFromXml
[CALLSITE] Filepath: /media/4tb/npex/npex_data/benchmarks-bears/Bears-189-buggy/src/main/java/hu/oe/nik/szfmv/environment/XmlToModelConverter.java, Line: 72, Element: getAttribute
[CALLSITE] Filepath: /media/4tb/npex/npex_data/benchmarks-bears/Bears-189-buggy/src/main/java/hu/oe/nik/szfmv/environment/XmlToModelConverter.java, Line: 75, Element: getChildNodes
[CALLSITE] Filepath: /media/4tb/npex/npex_data/benchmarks-bears/Bears-189-buggy/src/main/java/hu/oe/nik/szfmv/environment/XmlToModelConverter.java, Line: 76, Element: getLength
[CALLSITE] Filepath: /media/4tb/npex/npex_data/benchmarks-bears/Bears-189-buggy/src/main/java/hu/oe/nik/szfmv/environment/XmlToModelConverter.java, Line: 77, Element: item
[CALLSITE] Filepath: /media/4tb/npex/npex_data/benchmarks-bears/Bears-189-buggy/src/main/java/hu/oe/nik/szfmv/environment/XmlToModelConverter.java, Line: 77, Element: getNodeName
[CALLSITE] Filepath: /media/4tb/npex/npex_data/benchmarks-bears/Bears-189-buggy/src/main/java/hu/oe/nik/szfmv/environment/XmlToModelConverter.java, Line: 77, Element: item
[CALLSITE] Filepath: /media/4tb/npex/npex_data/benchmarks-bears/Bears-189-buggy/src/main/java/hu/oe/nik/szfmv/environment/XmlToModelConverter.java, Line: 77, Element: getNodeName
[CALLSITE] Filepath: /media/4tb/npex/npex_data/benchmarks-bears/Bears-189-buggy/src/main/java/hu/oe/nik/szfmv/environment/XmlToModelConverter.java, Line: 79, Element: item
[CALLSITE] Filepath: /media/4tb/npex/npex_data/benchmarks-bears/Bears-189-buggy/src/main/java/hu/oe/nik/szfmv/environment/XmlToModelConverter.java, Line: 77, Element: item
[CALLSITE] Filepath: /media/4tb/npex/npex_data/benchmarks-bears/Bears-189-buggy/src/main/java/hu/oe/nik/szfmv/environment/XmlToModelConverter.java, Line: 77, Element: getNodeName
[CALLSITE] Filepath: /media/4tb/npex/npex_data/benchmarks-bears/Bears-189-buggy/src/main/java/hu/oe/nik/szfmv/environment/XmlToModelConverter.java, Line: 77, Element: item
[CALLSITE] Filepath: /media/4tb/npex/npex_data/benchmarks-bears/Bears-189-buggy/src/main/java/hu/oe/nik/szfmv/environment/XmlToModelConverter.java, Line: 77, Element: getNodeName
[CALLSITE] Filepath: /media/4tb/npex/npex_data/benchmarks-bears/Bears-189-buggy/src/main/java/hu/oe/nik/szfmv/environment/XmlToModelConverter.java, Line: 82, Element: item
[CALLSITE] Filepath: /media/4tb/npex/npex_data/benchmarks-bears/Bears-189-buggy/src/main/java/hu/oe/nik/szfmv/environment/XmlToModelConverter.java, Line: 77, Element: item
[CALLSITE] Filepath: /media/4tb/npex/npex_data/benchmarks-bears/Bears-189-buggy/src/main/java/hu/oe/nik/szfmv/environment/XmlToModelConverter.java, Line: 77, Element: getNodeName
[CALLSITE] Filepath: /media/4tb/npex/npex_data/benchmarks-bears/Bears-189-buggy/src/main/java/hu/oe/nik/szfmv/environment/XmlToModelConverter.java, Line: 77, Element: item
[CALLSITE] Filepath: /media/4tb/npex/npex_data/benchmarks-bears/Bears-189-buggy/src/main/java/hu/oe/nik/szfmv/environment/XmlToModelConverter.java, Line: 77, Element: getNodeName
[CALLSITE] Filepath: /media/4tb/npex/npex_data/benchmarks-bears/Bears-189-buggy/src/main/java/hu/oe/nik/szfmv/environment/XmlToModelConverter.java, Line: 77, Element: item
[CALLSITE] Filepath: /media/4tb/npex/npex_data/benchmarks-bears/Bears-189-buggy/src/main/java/hu/oe/nik/szfmv/environment/XmlToModelConverter.java, Line: 77, Element: getNodeName
[CALLSITE] Filepath: /media/4tb/npex/npex_data/benchmarks-bears/Bears-189-buggy/src/main/java/hu/oe/nik/szfmv/environment/XmlToModelConverter.java, Line: 77, Element: item
[CALLSITE] Filepath: /media/4tb/npex/npex_data/benchmarks-bears/Bears-189-buggy/src/main/java/hu/oe/nik/szfmv/environment/XmlToModelConverter.java, Line: 77, Element: getNodeName
[CALLSITE] Filepath: /media/4tb/npex/npex_data/benchmarks-bears/Bears-189-buggy/src/main/java/hu/oe/nik/szfmv/environment/XmlToModelConverter.java, Line: 77, Element: item
[CALLSITE] Filepath: /media/4tb/npex/npex_data/benchmarks-bears/Bears-189-buggy/src/main/java/hu/oe/nik/szfmv/environment/XmlToModelConverter.java, Line: 77, Element: getNodeName
[CALLSITE] Filepath: /media/4tb/npex/npex_data/benchmarks-bears/Bears-189-buggy/src/main/java/hu/oe/nik/szfmv/environment/XmlToModelConverter.java, Line: 77, Element: item
[CALLSITE] Filepath: /media/4tb/npex/npex_data/benchmarks-bears/Bears-189-buggy/src/main/java/hu/oe/nik/szfmv/environment/XmlToModelConverter.java, Line: 77, Element: getNodeName
[CALLSITE] Filepath: /media/4tb/npex/npex_data/benchmarks-bears/Bears-189-buggy/src/main/java/hu/oe/nik/szfmv/environment/XmlToModelConverter.java, Line: 77, Element: item
[CALLSITE] Filepath: /media/4tb/npex/npex_data/benchmarks-bears/Bears-189-buggy/src/main/java/hu/oe/nik/szfmv/environment/XmlToModelConverter.java, Line: 77, Element: getNodeName
[CALLSITE] Filepath: /media/4tb/npex/npex_data/benchmarks-bears/Bears-189-buggy/src/main/java/hu/oe/nik/szfmv/environment/XmlToModelConverter.java, Line: 91, Element: createObjectFromType
[ENTRY] Filepath: /media/4tb/npex/npex_data/benchmarks-bears/Bears-189-buggy/src/main/java/hu/oe/nik/szfmv/environment/XmlToModelConverter.java, Line: 118, Element: createObjectFromType
[CALLSITE] Filepath: /media/4tb/npex/npex_data/benchmarks-bears/Bears-189-buggy/src/main/java/hu/oe/nik/szfmv/environment/XmlToModelConverter.java, Line: 122, Element: indexOf
[CALLSITE] Filepath: /media/4tb/npex/npex_data/benchmarks-bears/Bears-189-buggy/src/main/java/hu/oe/nik/szfmv/environment/XmlToModelConverter.java, Line: 123, Element: indexOf
[CALLSITE] Filepath: /media/4tb/npex/npex_data/benchmarks-bears/Bears-189-buggy/src/main/java/hu/oe/nik/szfmv/environment/XmlToModelConverter.java, Line: 123, Element: substring
[CALLSITE] Filepath: /media/4tb/npex/npex_data/benchmarks-bears/Bears-189-buggy/src/main/java/hu/oe/nik/szfmv/environment/models/Road.java, Line: 92, Element: hashMapInit
[ENTRY] Filepath: /media/4tb/npex/npex_data/benchmarks-bears/Bears-189-buggy/src/main/java/hu/oe/nik/szfmv/environment/models/Road.java, Line: 95, Element: hashMapInit
[CALLSITE] Filepath: /media/4tb/npex/npex_data/benchmarks-bears/Bears-189-buggy/src/main/java/hu/oe/nik/szfmv/environment/models/Road.java, Line: 96, Element: put
[CALLSITE] Filepath: /media/4tb/npex/npex_data/benchmarks-bears/Bears-189-buggy/src/main/java/hu/oe/nik/szfmv/environment/models/Road.java, Line: 97, Element: put
[CALLSITE] Filepath: /media/4tb/npex/npex_data/benchmarks-bears/Bears-189-buggy/src/main/java/hu/oe/nik/szfmv/environment/models/Road.java, Line: 98, Element: put
[CALLSITE] Filepath: /media/4tb/npex/npex_data/benchmarks-bears/Bears-189-buggy/src/main/java/hu/oe/nik/szfmv/environment/models/Road.java, Line: 99, Element: put
[CALLSITE] Filepath: /media/4tb/npex/npex_data/benchmarks-bears/Bears-189-buggy/src/main/java/hu/oe/nik/szfmv/environment/models/Road.java, Line: 100, Element: put
[CALLSITE] Filepath: /media/4tb/npex/npex_data/benchmarks-bears/Bears-189-buggy/src/main/java/hu/oe/nik/szfmv/environment/models/Road.java, Line: 101, Element: put
[CALLSITE] Filepath: /media/4tb/npex/npex_data/benchmarks-bears/Bears-189-buggy/src/main/java/hu/oe/nik/szfmv/environment/models/Road.java, Line: 102, Element: put
[CALLSITE] Filepath: /media/4tb/npex/npex_data/benchmarks-bears/Bears-189-buggy/src/main/java/hu/oe/nik/szfmv/environment/models/Road.java, Line: 103, Element: put
[CALLSITE] Filepath: /media/4tb/npex/npex_data/benchmarks-bears/Bears-189-buggy/src/main/java/hu/oe/nik/szfmv/environment/models/Road.java, Line: 104, Element: put
[CALLSITE] Filepath: /media/4tb/npex/npex_data/benchmarks-bears/Bears-189-buggy/src/main/java/hu/oe/nik/szfmv/environment/XmlToModelConverter.java, Line: 93, Element: setImageFileName
[ENTRY] Filepath: /media/4tb/npex/npex_data/benchmarks-bears/Bears-189-buggy/src/main/java/hu/oe/nik/szfmv/environment/WorldObject.java, Line: 92, Element: setImageFileName
[CALLSITE] Filepath: /media/4tb/npex/npex_data/benchmarks-bears/Bears-189-buggy/src/main/java/hu/oe/nik/szfmv/environment/XmlToModelConverter.java, Line: 96, Element: generateDimens
[ENTRY] Filepath: /media/4tb/npex/npex_data/benchmarks-bears/Bears-189-buggy/src/main/java/hu/oe/nik/szfmv/environment/WorldObject.java, Line: 101, Element: generateDimens
[CALLSITE] Filepath: /media/4tb/npex/npex_data/benchmarks-bears/Bears-189-buggy/src/main/java/hu/oe/nik/szfmv/environment/WorldObject.java, Line: 103, Element: read
[ENTRY] Filepath: /media/4tb/npex/npex_data/benchmarks-bears/Bears-189-buggy/src/main/java/hu/oe/nik/szfmv/environment/WorldObject.java, Line: 80, Element: getImageFileName
[CALLSITE] Filepath: /media/4tb/npex/npex_data/benchmarks-bears/Bears-189-buggy/src/main/java/hu/oe/nik/szfmv/environment/WorldObject.java, Line: 107, Element: getWidth
[CALLSITE] Filepath: /media/4tb/npex/npex_data/benchmarks-bears/Bears-189-buggy/src/main/java/hu/oe/nik/szfmv/environment/WorldObject.java, Line: 108, Element: getHeight
[CALLSITE] Filepath: /media/4tb/npex/npex_data/benchmarks-bears/Bears-189-buggy/src/main/java/hu/oe/nik/szfmv/environment/XmlToModelConverter.java, Line: 99, Element: getPointsFromPositionElement
[ENTRY] Filepath: /media/4tb/npex/npex_data/benchmarks-bears/Bears-189-buggy/src/main/java/hu/oe/nik/szfmv/environment/XmlToModelConverter.java, Line: 154, Element: getPointsFromPositionElement
[CALLSITE] Filepath: /media/4tb/npex/npex_data/benchmarks-bears/Bears-189-buggy/src/main/java/hu/oe/nik/szfmv/environment/XmlToModelConverter.java, Line: 160, Element: getAttribute
[CALLSITE] Filepath: /media/4tb/npex/npex_data/benchmarks-bears/Bears-189-buggy/src/main/java/hu/oe/nik/szfmv/environment/XmlToModelConverter.java, Line: 160, Element: parseInt
[CALLSITE] Filepath: /media/4tb/npex/npex_data/benchmarks-bears/Bears-189-buggy/src/main/java/hu/oe/nik/szfmv/environment/XmlToModelConverter.java, Line: 161, Element: getAttribute
[CALLSITE] Filepath: /media/4tb/npex/npex_data/benchmarks-bears/Bears-189-buggy/src/main/java/hu/oe/nik/szfmv/environment/XmlToModelConverter.java, Line: 161, Element: parseInt
[CALLSITE] Filepath: /media/4tb/npex/npex_data/benchmarks-bears/Bears-189-buggy/src/main/java/hu/oe/nik/szfmv/environment/XmlToModelConverter.java, Line: 100, Element: setX
[ENTRY] Filepath: /media/4tb/npex/npex_data/benchmarks-bears/Bears-189-buggy/src/main/java/hu/oe/nik/szfmv/environment/WorldObject.java, Line: 48, Element: setX
[CALLSITE] Filepath: /media/4tb/npex/npex_data/benchmarks-bears/Bears-189-buggy/src/main/java/hu/oe/nik/szfmv/environment/XmlToModelConverter.java, Line: 101, Element: setY
[ENTRY] Filepath: /media/4tb/npex/npex_data/benchmarks-bears/Bears-189-buggy/src/main/java/hu/oe/nik/szfmv/environment/WorldObject.java, Line: 56, Element: setY
[CALLSITE] Filepath: /media/4tb/npex/npex_data/benchmarks-bears/Bears-189-buggy/src/main/java/hu/oe/nik/szfmv/environment/XmlToModelConverter.java, Line: 104, Element: getRotacionFromTransformElement
[CALLSITE] Filepath: /media/4tb/npex/npex_data/benchmarks-bears/Bears-189-buggy/src/main/java/hu/oe/nik/szfmv/environment/XmlToModelConverter.java, Line: 104, Element: setRotation
[ENTRY] Filepath: /media/4tb/npex/npex_data/benchmarks-bears/Bears-189-buggy/src/main/java/hu/oe/nik/szfmv/environment/XmlToModelConverter.java, Line: 173, Element: getRotacionFromTransformElement
[CALLSITE] Filepath: /media/4tb/npex/npex_data/benchmarks-bears/Bears-189-buggy/src/main/java/hu/oe/nik/szfmv/environment/XmlToModelConverter.java, Line: 182, Element: getAttribute
[CALLSITE] Filepath: /media/4tb/npex/npex_data/benchmarks-bears/Bears-189-buggy/src/main/java/hu/oe/nik/szfmv/environment/XmlToModelConverter.java, Line: 182, Element: parseDouble
[CALLSITE] Filepath: /media/4tb/npex/npex_data/benchmarks-bears/Bears-189-buggy/src/main/java/hu/oe/nik/szfmv/environment/XmlToModelConverter.java, Line: 183, Element: getAttribute
[CALLSITE] Filepath: /media/4tb/npex/npex_data/benchmarks-bears/Bears-189-buggy/src/main/java/hu/oe/nik/szfmv/environment/XmlToModelConverter.java, Line: 183, Element: parseDouble
[CALLSITE] Filepath: /media/4tb/npex/npex_data/benchmarks-bears/Bears-189-buggy/src/main/java/hu/oe/nik/szfmv/environment/XmlToModelConverter.java, Line: 184, Element: getAttribute
[CALLSITE] Filepath: /media/4tb/npex/npex_data/benchmarks-bears/Bears-189-buggy/src/main/java/hu/oe/nik/szfmv/environment/XmlToModelConverter.java, Line: 184, Element: parseDouble
[CALLSITE] Filepath: /media/4tb/npex/npex_data/benchmarks-bears/Bears-189-buggy/src/main/java/hu/oe/nik/szfmv/environment/XmlToModelConverter.java, Line: 185, Element: getAttribute
[CALLSITE] Filepath: /media/4tb/npex/npex_data/benchmarks-bears/Bears-189-buggy/src/main/java/hu/oe/nik/szfmv/environment/XmlToModelConverter.java, Line: 185, Element: parseDouble
[CALLSITE] Filepath: /media/4tb/npex/npex_data/benchmarks-bears/Bears-189-buggy/src/main/java/hu/oe/nik/szfmv/environment/XmlToModelConverter.java, Line: 187, Element: convertMatrixToRadians
[ENTRY] Filepath: /media/4tb/npex/npex_data/benchmarks-bears/Bears-189-buggy/src/main/java/hu/oe/nik/szfmv/common/Utils.java, Line: 40, Element: convertMatrixToRadians
[CALLSITE] Filepath: /media/4tb/npex/npex_data/benchmarks-bears/Bears-189-buggy/src/main/java/hu/oe/nik/szfmv/common/Utils.java, Line: 41, Element: atan2
[ENTRY] Filepath: /media/4tb/npex/npex_data/benchmarks-bears/Bears-189-buggy/src/main/java/hu/oe/nik/szfmv/environment/WorldObject.java, Line: 88, Element: setRotation
[CALLSITE] Filepath: /media/4tb/npex/npex_data/benchmarks-bears/Bears-189-buggy/src/main/java/hu/oe/nik/szfmv/environment/XmlToModelConverter.java, Line: 107, Element: generateShape
[ENTRY] Filepath: /media/4tb/npex/npex_data/benchmarks-bears/Bears-189-buggy/src/main/java/hu/oe/nik/szfmv/environment/models/Road.java, Line: 119, Element: generateShape
[CALLSITE] Filepath: /media/4tb/npex/npex_data/benchmarks-bears/Bears-189-buggy/src/main/java/hu/oe/nik/szfmv/environment/models/Road.java, Line: 122, Element: get
[CALLSITE] Filepath: /media/4tb/npex/npex_data/benchmarks-bears/Bears-189-buggy/src/main/java/hu/oe/nik/szfmv/environment/models/Road.java, Line: 125, Element: getRotation
[CALLSITE] Filepath: /media/4tb/npex/npex_data/benchmarks-bears/Bears-189-buggy/src/main/java/hu/oe/nik/szfmv/environment/models/Road.java, Line: 125, Element: getX
[CALLSITE] Filepath: /media/4tb/npex/npex_data/benchmarks-bears/Bears-189-buggy/src/main/java/hu/oe/nik/szfmv/environment/models/Road.java, Line: 125, Element: getWidth
[CALLSITE] Filepath: /media/4tb/npex/npex_data/benchmarks-bears/Bears-189-buggy/src/main/java/hu/oe/nik/szfmv/environment/models/Road.java, Line: 125, Element: rotate
[ENTRY] Filepath: /media/4tb/npex/npex_data/benchmarks-bears/Bears-189-buggy/src/main/java/hu/oe/nik/szfmv/environment/WorldObject.java, Line: 76, Element: getRotation
[ENTRY] Filepath: /media/4tb/npex/npex_data/benchmarks-bears/Bears-189-buggy/src/main/java/hu/oe/nik/szfmv/environment/WorldObject.java, Line: 44, Element: getX
[ENTRY] Filepath: /media/4tb/npex/npex_data/benchmarks-bears/Bears-189-buggy/src/main/java/hu/oe/nik/szfmv/environment/WorldObject.java, Line: 60, Element: getWidth
[ENTRY] Filepath: /media/4tb/npex/npex_data/benchmarks-bears/Bears-189-buggy/src/main/java/hu/oe/nik/szfmv/environment/WorldObject.java, Line: 52, Element: getY
[ENTRY] Filepath: /media/4tb/npex/npex_data/benchmarks-bears/Bears-189-buggy/src/main/java/hu/oe/nik/szfmv/environment/WorldObject.java, Line: 64, Element: getHeight
[CALLSITE] Filepath: /media/4tb/npex/npex_data/benchmarks-bears/Bears-189-buggy/src/main/java/hu/oe/nik/szfmv/environment/models/Road.java, Line: 131, Element: get
[CALLSITE] Filepath: /media/4tb/npex/npex_data/benchmarks-bears/Bears-189-buggy/src/main/java/hu/oe/nik/szfmv/environment/models/Road.java, Line: 131, Element: createTransformedShape
[CALLSITE] Filepath: /media/4tb/npex/npex_data/benchmarks-bears/Bears-189-buggy/src/main/java/hu/oe/nik/szfmv/environment/models/Road.java, Line: 135, Element: generateShape
[ENTRY] Filepath: /media/4tb/npex/npex_data/benchmarks-bears/Bears-189-buggy/src/main/java/hu/oe/nik/szfmv/environment/WorldObject.java, Line: 117, Element: generateShape
[CALLSITE] Filepath: /media/4tb/npex/npex_data/benchmarks-bears/Bears-189-buggy/src/main/java/hu/oe/nik/szfmv/environment/WorldObject.java, Line: 119, Element: getRotation
[CALLSITE] Filepath: /media/4tb/npex/npex_data/benchmarks-bears/Bears-189-buggy/src/main/java/hu/oe/nik/szfmv/environment/WorldObject.java, Line: 119, Element: getX
[CALLSITE] Filepath: /media/4tb/npex/npex_data/benchmarks-bears/Bears-189-buggy/src/main/java/hu/oe/nik/szfmv/environment/WorldObject.java, Line: 119, Element: getY
[CALLSITE] Filepath: /media/4tb/npex/npex_data/benchmarks-bears/Bears-189-buggy/src/main/java/hu/oe/nik/szfmv/environment/WorldObject.java, Line: 119, Element: rotate
[ENTRY] Filepath: /media/4tb/npex/npex_data/benchmarks-bears/Bears-189-buggy/src/main/java/hu/oe/nik/szfmv/environment/WorldObject.java, Line: 76, Element: getRotation
[ENTRY] Filepath: /media/4tb/npex/npex_data/benchmarks-bears/Bears-189-buggy/src/main/java/hu/oe/nik/szfmv/environment/WorldObject.java, Line: 44, Element: getX
[ENTRY] Filepath: /media/4tb/npex/npex_data/benchmarks-bears/Bears-189-buggy/src/main/java/hu/oe/nik/szfmv/environment/WorldObject.java, Line: 52, Element: getY
[CALLSITE] Filepath: /media/4tb/npex/npex_data/benchmarks-bears/Bears-189-buggy/src/main/java/hu/oe/nik/szfmv/environment/WorldObject.java, Line: 120, Element: isInstance
[CALLSITE] Filepath: /media/4tb/npex/npex_data/benchmarks-bears/Bears-189-buggy/src/main/java/hu/oe/nik/szfmv/environment/WorldObject.java, Line: 121, Element: createTransformedShape
[ENTRY] Filepath: /media/4tb/npex/npex_data/benchmarks-bears/Bears-189-buggy/src/main/java/hu/oe/nik/szfmv/environment/WorldObject.java, Line: 44, Element: getX
[ENTRY] Filepath: /media/4tb/npex/npex_data/benchmarks-bears/Bears-189-buggy/src/main/java/hu/oe/nik/szfmv/environment/WorldObject.java, Line: 52, Element: getY
[ENTRY] Filepath: /media/4tb/npex/npex_data/benchmarks-bears/Bears-189-buggy/src/main/java/hu/oe/nik/szfmv/environment/WorldObject.java, Line: 60, Element: getWidth
[ENTRY] Filepath: /media/4tb/npex/npex_data/benchmarks-bears/Bears-189-buggy/src/main/java/hu/oe/nik/szfmv/environment/WorldObject.java, Line: 64, Element: getHeight
[CALLSITE] Filepath: /media/4tb/npex/npex_data/benchmarks-bears/Bears-189-buggy/src/main/java/hu/oe/nik/szfmv/environment/XmlToModelConverter.java, Line: 109, Element: toString
[CALLSITE] Filepath: /media/4tb/npex/npex_data/benchmarks-bears/Bears-189-buggy/src/main/java/hu/oe/nik/szfmv/environment/XmlToModelConverter.java, Line: 109, Element: debug
[ENTRY] Filepath: /media/4tb/npex/npex_data/benchmarks-bears/Bears-189-buggy/src/main/java/hu/oe/nik/szfmv/environment/WorldObject.java, Line: 135, Element: toString
[CALLSITE] Filepath: /media/4tb/npex/npex_data/benchmarks-bears/Bears-189-buggy/src/main/java/hu/oe/nik/szfmv/environment/XmlToModelConverter.java, Line: 50, Element: item
[CALLSITE] Filepath: /media/4tb/npex/npex_data/benchmarks-bears/Bears-189-buggy/src/main/java/hu/oe/nik/szfmv/environment/XmlToModelConverter.java, Line: 52, Element: readValueFromXml
[CALLSITE] Filepath: /media/4tb/npex/npex_data/benchmarks-bears/Bears-189-buggy/src/main/java/hu/oe/nik/szfmv/environment/XmlToModelConverter.java, Line: 52, Element: add
[ENTRY] Filepath: /media/4tb/npex/npex_data/benchmarks-bears/Bears-189-buggy/src/main/java/hu/oe/nik/szfmv/environment/XmlToModelConverter.java, Line: 67, Element: readValueFromXml
[CALLSITE] Filepath: /media/4tb/npex/npex_data/benchmarks-bears/Bears-189-buggy/src/main/java/hu/oe/nik/szfmv/environment/XmlToModelConverter.java, Line: 72, Element: getAttribute
[CALLSITE] Filepath: /media/4tb/npex/npex_data/benchmarks-bears/Bears-189-buggy/src/main/java/hu/oe/nik/szfmv/environment/XmlToModelConverter.java, Line: 75, Element: getChildNodes
[CALLSITE] Filepath: /media/4tb/npex/npex_data/benchmarks-bears/Bears-189-buggy/src/main/java/hu/oe/nik/szfmv/environment/XmlToModelConverter.java, Line: 76, Element: getLength
[CALLSITE] Filepath: /media/4tb/npex/npex_data/benchmarks-bears/Bears-189-buggy/src/main/java/hu/oe/nik/szfmv/environment/XmlToModelConverter.java, Line: 77, Element: item
[CALLSITE] Filepath: /media/4tb/npex/npex_data/benchmarks-bears/Bears-189-buggy/src/main/java/hu/oe/nik/szfmv/environment/XmlToModelConverter.java, Line: 77, Element: getNodeName
[CALLSITE] Filepath: /media/4tb/npex/npex_data/benchmarks-bears/Bears-189-buggy/src/main/java/hu/oe/nik/szfmv/environment/XmlToModelConverter.java, Line: 77, Element: item
[CALLSITE] Filepath: /media/4tb/npex/npex_data/benchmarks-bears/Bears-189-buggy/src/main/java/hu/oe/nik/szfmv/environment/XmlToModelConverter.java, Line: 77, Element: getNodeName
[CALLSITE] Filepath: /media/4tb/npex/npex_data/benchmarks-bears/Bears-189-buggy/src/main/java/hu/oe/nik/szfmv/environment/XmlToModelConverter.java, Line: 79, Element: item
[CALLSITE] Filepath: /media/4tb/npex/npex_data/benchmarks-bears/Bears-189-buggy/src/main/java/hu/oe/nik/szfmv/environment/XmlToModelConverter.java, Line: 77, Element: item
[CALLSITE] Filepath: /media/4tb/npex/npex_data/benchmarks-bears/Bears-189-buggy/src/main/java/hu/oe/nik/szfmv/environment/XmlToModelConverter.java, Line: 77, Element: getNodeName
[CALLSITE] Filepath: /media/4tb/npex/npex_data/benchmarks-bears/Bears-189-buggy/src/main/java/hu/oe/nik/szfmv/environment/XmlToModelConverter.java, Line: 77, Element: item
[CALLSITE] Filepath: /media/4tb/npex/npex_data/benchmarks-bears/Bears-189-buggy/src/main/java/hu/oe/nik/szfmv/environment/XmlToModelConverter.java, Line: 77, Element: getNodeName
[CALLSITE] Filepath: /media/4tb/npex/npex_data/benchmarks-bears/Bears-189-buggy/src/main/java/hu/oe/nik/szfmv/environment/XmlToModelConverter.java, Line: 82, Element: item
[CALLSITE] Filepath: /media/4tb/npex/npex_data/benchmarks-bears/Bears-189-buggy/src/main/java/hu/oe/nik/szfmv/environment/XmlToModelConverter.java, Line: 77, Element: item
[CALLSITE] Filepath: /media/4tb/npex/npex_data/benchmarks-bears/Bears-189-buggy/src/main/java/hu/oe/nik/szfmv/environment/XmlToModelConverter.java, Line: 77, Element: getNodeName
[CALLSITE] Filepath: /media/4tb/npex/npex_data/benchmarks-bears/Bears-189-buggy/src/main/java/hu/oe/nik/szfmv/environment/XmlToModelConverter.java, Line: 77, Element: item
[CALLSITE] Filepath: /media/4tb/npex/npex_data/benchmarks-bears/Bears-189-buggy/src/main/java/hu/oe/nik/szfmv/environment/XmlToModelConverter.java, Line: 77, Element: getNodeName
[CALLSITE] Filepath: /media/4tb/npex/npex_data/benchmarks-bears/Bears-189-buggy/src/main/java/hu/oe/nik/szfmv/environment/XmlToModelConverter.java, Line: 77, Element: item
[CALLSITE] Filepath: /media/4tb/npex/npex_data/benchmarks-bears/Bears-189-buggy/src/main/java/hu/oe/nik/szfmv/environment/XmlToModelConverter.java, Line: 77, Element: getNodeName
[CALLSITE] Filepath: /media/4tb/npex/npex_data/benchmarks-bears/Bears-189-buggy/src/main/java/hu/oe/nik/szfmv/environment/XmlToModelConverter.java, Line: 77, Element: item
[CALLSITE] Filepath: /media/4tb/npex/npex_data/benchmarks-bears/Bears-189-buggy/src/main/java/hu/oe/nik/szfmv/environment/XmlToModelConverter.java, Line: 77, Element: getNodeName
[CALLSITE] Filepath: /media/4tb/npex/npex_data/benchmarks-bears/Bears-189-buggy/src/main/java/hu/oe/nik/szfmv/environment/XmlToModelConverter.java, Line: 77, Element: item
[CALLSITE] Filepath: /media/4tb/npex/npex_data/benchmarks-bears/Bears-189-buggy/src/main/java/hu/oe/nik/szfmv/environment/XmlToModelConverter.java, Line: 77, Element: getNodeName
[CALLSITE] Filepath: /media/4tb/npex/npex_data/benchmarks-bears/Bears-189-buggy/src/main/java/hu/oe/nik/szfmv/environment/XmlToModelConverter.java, Line: 77, Element: item
[CALLSITE] Filepath: /media/4tb/npex/npex_data/benchmarks-bears/Bears-189-buggy/src/main/java/hu/oe/nik/szfmv/environment/XmlToModelConverter.java, Line: 77, Element: getNodeName
[CALLSITE] Filepath: /media/4tb/npex/npex_data/benchmarks-bears/Bears-189-buggy/src/main/java/hu/oe/nik/szfmv/environment/XmlToModelConverter.java, Line: 77, Element: item
[CALLSITE] Filepath: /media/4tb/npex/npex_data/benchmarks-bears/Bears-189-buggy/src/main/java/hu/oe/nik/szfmv/environment/XmlToModelConverter.java, Line: 77, Element: getNodeName
[CALLSITE] Filepath: /media/4tb/npex/npex_data/benchmarks-bears/Bears-189-buggy/src/main/java/hu/oe/nik/szfmv/environment/XmlToModelConverter.java, Line: 91, Element: createObjectFromType
[ENTRY] Filepath: /media/4tb/npex/npex_data/benchmarks-bears/Bears-189-buggy/src/main/java/hu/oe/nik/szfmv/environment/XmlToModelConverter.java, Line: 118, Element: createObjectFromType
[CALLSITE] Filepath: /media/4tb/npex/npex_data/benchmarks-bears/Bears-189-buggy/src/main/java/hu/oe/nik/szfmv/environment/XmlToModelConverter.java, Line: 122, Element: indexOf
[CALLSITE] Filepath: /media/4tb/npex/npex_data/benchmarks-bears/Bears-189-buggy/src/main/java/hu/oe/nik/szfmv/environment/XmlToModelConverter.java, Line: 123, Element: indexOf
[CALLSITE] Filepath: /media/4tb/npex/npex_data/benchmarks-bears/Bears-189-buggy/src/main/java/hu/oe/nik/szfmv/environment/XmlToModelConverter.java, Line: 123, Element: substring
[CALLSITE] Filepath: /media/4tb/npex/npex_data/benchmarks-bears/Bears-189-buggy/src/main/java/hu/oe/nik/szfmv/environment/models/Road.java, Line: 92, Element: hashMapInit
[ENTRY] Filepath: /media/4tb/npex/npex_data/benchmarks-bears/Bears-189-buggy/src/main/java/hu/oe/nik/szfmv/environment/models/Road.java, Line: 95, Element: hashMapInit
[CALLSITE] Filepath: /media/4tb/npex/npex_data/benchmarks-bears/Bears-189-buggy/src/main/java/hu/oe/nik/szfmv/environment/models/Road.java, Line: 96, Element: put
[CALLSITE] Filepath: /media/4tb/npex/npex_data/benchmarks-bears/Bears-189-buggy/src/main/java/hu/oe/nik/szfmv/environment/models/Road.java, Line: 97, Element: put
[CALLSITE] Filepath: /media/4tb/npex/npex_data/benchmarks-bears/Bears-189-buggy/src/main/java/hu/oe/nik/szfmv/environment/models/Road.java, Line: 98, Element: put
[CALLSITE] Filepath: /media/4tb/npex/npex_data/benchmarks-bears/Bears-189-buggy/src/main/java/hu/oe/nik/szfmv/environment/models/Road.java, Line: 99, Element: put
[CALLSITE] Filepath: /media/4tb/npex/npex_data/benchmarks-bears/Bears-189-buggy/src/main/java/hu/oe/nik/szfmv/environment/models/Road.java, Line: 100, Element: put
[CALLSITE] Filepath: /media/4tb/npex/npex_data/benchmarks-bears/Bears-189-buggy/src/main/java/hu/oe/nik/szfmv/environment/models/Road.java, Line: 101, Element: put
[CALLSITE] Filepath: /media/4tb/npex/npex_data/benchmarks-bears/Bears-189-buggy/src/main/java/hu/oe/nik/szfmv/environment/models/Road.java, Line: 102, Element: put
[CALLSITE] Filepath: /media/4tb/npex/npex_data/benchmarks-bears/Bears-189-buggy/src/main/java/hu/oe/nik/szfmv/environment/models/Road.java, Line: 103, Element: put
[CALLSITE] Filepath: /media/4tb/npex/npex_data/benchmarks-bears/Bears-189-buggy/src/main/java/hu/oe/nik/szfmv/environment/models/Road.java, Line: 104, Element: put
[CALLSITE] Filepath: /media/4tb/npex/npex_data/benchmarks-bears/Bears-189-buggy/src/main/java/hu/oe/nik/szfmv/environment/XmlToModelConverter.java, Line: 93, Element: setImageFileName
[ENTRY] Filepath: /media/4tb/npex/npex_data/benchmarks-bears/Bears-189-buggy/src/main/java/hu/oe/nik/szfmv/environment/WorldObject.java, Line: 92, Element: setImageFileName
[CALLSITE] Filepath: /media/4tb/npex/npex_data/benchmarks-bears/Bears-189-buggy/src/main/java/hu/oe/nik/szfmv/environment/XmlToModelConverter.java, Line: 96, Element: generateDimens
[ENTRY] Filepath: /media/4tb/npex/npex_data/benchmarks-bears/Bears-189-buggy/src/main/java/hu/oe/nik/szfmv/environment/WorldObject.java, Line: 101, Element: generateDimens
[CALLSITE] Filepath: /media/4tb/npex/npex_data/benchmarks-bears/Bears-189-buggy/src/main/java/hu/oe/nik/szfmv/environment/WorldObject.java, Line: 103, Element: read
[ENTRY] Filepath: /media/4tb/npex/npex_data/benchmarks-bears/Bears-189-buggy/src/main/java/hu/oe/nik/szfmv/environment/WorldObject.java, Line: 80, Element: getImageFileName
[CALLSITE] Filepath: /media/4tb/npex/npex_data/benchmarks-bears/Bears-189-buggy/src/main/java/hu/oe/nik/szfmv/environment/WorldObject.java, Line: 107, Element: getWidth
[CALLSITE] Filepath: /media/4tb/npex/npex_data/benchmarks-bears/Bears-189-buggy/src/main/java/hu/oe/nik/szfmv/environment/WorldObject.java, Line: 108, Element: getHeight
[CALLSITE] Filepath: /media/4tb/npex/npex_data/benchmarks-bears/Bears-189-buggy/src/main/java/hu/oe/nik/szfmv/environment/XmlToModelConverter.java, Line: 99, Element: getPointsFromPositionElement
[ENTRY] Filepath: /media/4tb/npex/npex_data/benchmarks-bears/Bears-189-buggy/src/main/java/hu/oe/nik/szfmv/environment/XmlToModelConverter.java, Line: 154, Element: getPointsFromPositionElement
[CALLSITE] Filepath: /media/4tb/npex/npex_data/benchmarks-bears/Bears-189-buggy/src/main/java/hu/oe/nik/szfmv/environment/XmlToModelConverter.java, Line: 160, Element: getAttribute
[CALLSITE] Filepath: /media/4tb/npex/npex_data/benchmarks-bears/Bears-189-buggy/src/main/java/hu/oe/nik/szfmv/environment/XmlToModelConverter.java, Line: 160, Element: parseInt
[CALLSITE] Filepath: /media/4tb/npex/npex_data/benchmarks-bears/Bears-189-buggy/src/main/java/hu/oe/nik/szfmv/environment/XmlToModelConverter.java, Line: 161, Element: getAttribute
[CALLSITE] Filepath: /media/4tb/npex/npex_data/benchmarks-bears/Bears-189-buggy/src/main/java/hu/oe/nik/szfmv/environment/XmlToModelConverter.java, Line: 161, Element: parseInt
[CALLSITE] Filepath: /media/4tb/npex/npex_data/benchmarks-bears/Bears-189-buggy/src/main/java/hu/oe/nik/szfmv/environment/XmlToModelConverter.java, Line: 100, Element: setX
[ENTRY] Filepath: /media/4tb/npex/npex_data/benchmarks-bears/Bears-189-buggy/src/main/java/hu/oe/nik/szfmv/environment/WorldObject.java, Line: 48, Element: setX
[CALLSITE] Filepath: /media/4tb/npex/npex_data/benchmarks-bears/Bears-189-buggy/src/main/java/hu/oe/nik/szfmv/environment/XmlToModelConverter.java, Line: 101, Element: setY
[ENTRY] Filepath: /media/4tb/npex/npex_data/benchmarks-bears/Bears-189-buggy/src/main/java/hu/oe/nik/szfmv/environment/WorldObject.java, Line: 56, Element: setY
[CALLSITE] Filepath: /media/4tb/npex/npex_data/benchmarks-bears/Bears-189-buggy/src/main/java/hu/oe/nik/szfmv/environment/XmlToModelConverter.java, Line: 104, Element: getRotacionFromTransformElement
[CALLSITE] Filepath: /media/4tb/npex/npex_data/benchmarks-bears/Bears-189-buggy/src/main/java/hu/oe/nik/szfmv/environment/XmlToModelConverter.java, Line: 104, Element: setRotation
[ENTRY] Filepath: /media/4tb/npex/npex_data/benchmarks-bears/Bears-189-buggy/src/main/java/hu/oe/nik/szfmv/environment/XmlToModelConverter.java, Line: 173, Element: getRotacionFromTransformElement
[CALLSITE] Filepath: /media/4tb/npex/npex_data/benchmarks-bears/Bears-189-buggy/src/main/java/hu/oe/nik/szfmv/environment/XmlToModelConverter.java, Line: 182, Element: getAttribute
[CALLSITE] Filepath: /media/4tb/npex/npex_data/benchmarks-bears/Bears-189-buggy/src/main/java/hu/oe/nik/szfmv/environment/XmlToModelConverter.java, Line: 182, Element: parseDouble
[CALLSITE] Filepath: /media/4tb/npex/npex_data/benchmarks-bears/Bears-189-buggy/src/main/java/hu/oe/nik/szfmv/environment/XmlToModelConverter.java, Line: 183, Element: getAttribute
[CALLSITE] Filepath: /media/4tb/npex/npex_data/benchmarks-bears/Bears-189-buggy/src/main/java/hu/oe/nik/szfmv/environment/XmlToModelConverter.java, Line: 183, Element: parseDouble
[CALLSITE] Filepath: /media/4tb/npex/npex_data/benchmarks-bears/Bears-189-buggy/src/main/java/hu/oe/nik/szfmv/environment/XmlToModelConverter.java, Line: 184, Element: getAttribute
[CALLSITE] Filepath: /media/4tb/npex/npex_data/benchmarks-bears/Bears-189-buggy/src/main/java/hu/oe/nik/szfmv/environment/XmlToModelConverter.java, Line: 184, Element: parseDouble
[CALLSITE] Filepath: /media/4tb/npex/npex_data/benchmarks-bears/Bears-189-buggy/src/main/java/hu/oe/nik/szfmv/environment/XmlToModelConverter.java, Line: 185, Element: getAttribute
[CALLSITE] Filepath: /media/4tb/npex/npex_data/benchmarks-bears/Bears-189-buggy/src/main/java/hu/oe/nik/szfmv/environment/XmlToModelConverter.java, Line: 185, Element: parseDouble
[CALLSITE] Filepath: /media/4tb/npex/npex_data/benchmarks-bears/Bears-189-buggy/src/main/java/hu/oe/nik/szfmv/environment/XmlToModelConverter.java, Line: 187, Element: convertMatrixToRadians
[ENTRY] Filepath: /media/4tb/npex/npex_data/benchmarks-bears/Bears-189-buggy/src/main/java/hu/oe/nik/szfmv/common/Utils.java, Line: 40, Element: convertMatrixToRadians
[CALLSITE] Filepath: /media/4tb/npex/npex_data/benchmarks-bears/Bears-189-buggy/src/main/java/hu/oe/nik/szfmv/common/Utils.java, Line: 41, Element: atan2
[ENTRY] Filepath: /media/4tb/npex/npex_data/benchmarks-bears/Bears-189-buggy/src/main/java/hu/oe/nik/szfmv/environment/WorldObject.java, Line: 88, Element: setRotation
[CALLSITE] Filepath: /media/4tb/npex/npex_data/benchmarks-bears/Bears-189-buggy/src/main/java/hu/oe/nik/szfmv/environment/XmlToModelConverter.java, Line: 107, Element: generateShape
[ENTRY] Filepath: /media/4tb/npex/npex_data/benchmarks-bears/Bears-189-buggy/src/main/java/hu/oe/nik/szfmv/environment/models/Road.java, Line: 119, Element: generateShape
[CALLSITE] Filepath: /media/4tb/npex/npex_data/benchmarks-bears/Bears-189-buggy/src/main/java/hu/oe/nik/szfmv/environment/models/Road.java, Line: 122, Element: get
[CALLSITE] Filepath: /media/4tb/npex/npex_data/benchmarks-bears/Bears-189-buggy/src/main/java/hu/oe/nik/szfmv/environment/models/Road.java, Line: 125, Element: getRotation
[CALLSITE] Filepath: /media/4tb/npex/npex_data/benchmarks-bears/Bears-189-buggy/src/main/java/hu/oe/nik/szfmv/environment/models/Road.java, Line: 125, Element: getX
[CALLSITE] Filepath: /media/4tb/npex/npex_data/benchmarks-bears/Bears-189-buggy/src/main/java/hu/oe/nik/szfmv/environment/models/Road.java, Line: 125, Element: getWidth
[CALLSITE] Filepath: /media/4tb/npex/npex_data/benchmarks-bears/Bears-189-buggy/src/main/java/hu/oe/nik/szfmv/environment/models/Road.java, Line: 125, Element: rotate
[ENTRY] Filepath: /media/4tb/npex/npex_data/benchmarks-bears/Bears-189-buggy/src/main/java/hu/oe/nik/szfmv/environment/WorldObject.java, Line: 76, Element: getRotation
[ENTRY] Filepath: /media/4tb/npex/npex_data/benchmarks-bears/Bears-189-buggy/src/main/java/hu/oe/nik/szfmv/environment/WorldObject.java, Line: 44, Element: getX
[ENTRY] Filepath: /media/4tb/npex/npex_data/benchmarks-bears/Bears-189-buggy/src/main/java/hu/oe/nik/szfmv/environment/WorldObject.java, Line: 60, Element: getWidth
[ENTRY] Filepath: /media/4tb/npex/npex_data/benchmarks-bears/Bears-189-buggy/src/main/java/hu/oe/nik/szfmv/environment/WorldObject.java, Line: 52, Element: getY
[ENTRY] Filepath: /media/4tb/npex/npex_data/benchmarks-bears/Bears-189-buggy/src/main/java/hu/oe/nik/szfmv/environment/WorldObject.java, Line: 64, Element: getHeight
[CALLSITE] Filepath: /media/4tb/npex/npex_data/benchmarks-bears/Bears-189-buggy/src/main/java/hu/oe/nik/szfmv/environment/models/Road.java, Line: 131, Element: get
[CALLSITE] Filepath: /media/4tb/npex/npex_data/benchmarks-bears/Bears-189-buggy/src/main/java/hu/oe/nik/szfmv/environment/models/Road.java, Line: 131, Element: createTransformedShape
[CALLSITE] Filepath: /media/4tb/npex/npex_data/benchmarks-bears/Bears-189-buggy/src/main/java/hu/oe/nik/szfmv/environment/models/Road.java, Line: 135, Element: generateShape
[ENTRY] Filepath: /media/4tb/npex/npex_data/benchmarks-bears/Bears-189-buggy/src/main/java/hu/oe/nik/szfmv/environment/WorldObject.java, Line: 117, Element: generateShape
[CALLSITE] Filepath: /media/4tb/npex/npex_data/benchmarks-bears/Bears-189-buggy/src/main/java/hu/oe/nik/szfmv/environment/WorldObject.java, Line: 119, Element: getRotation
[CALLSITE] Filepath: /media/4tb/npex/npex_data/benchmarks-bears/Bears-189-buggy/src/main/java/hu/oe/nik/szfmv/environment/WorldObject.java, Line: 119, Element: getX
[CALLSITE] Filepath: /media/4tb/npex/npex_data/benchmarks-bears/Bears-189-buggy/src/main/java/hu/oe/nik/szfmv/environment/WorldObject.java, Line: 119, Element: getY
[CALLSITE] Filepath: /media/4tb/npex/npex_data/benchmarks-bears/Bears-189-buggy/src/main/java/hu/oe/nik/szfmv/environment/WorldObject.java, Line: 119, Element: rotate
[ENTRY] Filepath: /media/4tb/npex/npex_data/benchmarks-bears/Bears-189-buggy/src/main/java/hu/oe/nik/szfmv/environment/WorldObject.java, Line: 76, Element: getRotation
[ENTRY] Filepath: /media/4tb/npex/npex_data/benchmarks-bears/Bears-189-buggy/src/main/java/hu/oe/nik/szfmv/environment/WorldObject.java, Line: 44, Element: getX
[ENTRY] Filepath: /media/4tb/npex/npex_data/benchmarks-bears/Bears-189-buggy/src/main/java/hu/oe/nik/szfmv/environment/WorldObject.java, Line: 52, Element: getY
[CALLSITE] Filepath: /media/4tb/npex/npex_data/benchmarks-bears/Bears-189-buggy/src/main/java/hu/oe/nik/szfmv/environment/WorldObject.java, Line: 120, Element: isInstance
[CALLSITE] Filepath: /media/4tb/npex/npex_data/benchmarks-bears/Bears-189-buggy/src/main/java/hu/oe/nik/szfmv/environment/WorldObject.java, Line: 121, Element: createTransformedShape
[ENTRY] Filepath: /media/4tb/npex/npex_data/benchmarks-bears/Bears-189-buggy/src/main/java/hu/oe/nik/szfmv/environment/WorldObject.java, Line: 44, Element: getX
[ENTRY] Filepath: /media/4tb/npex/npex_data/benchmarks-bears/Bears-189-buggy/src/main/java/hu/oe/nik/szfmv/environment/WorldObject.java, Line: 52, Element: getY
[ENTRY] Filepath: /media/4tb/npex/npex_data/benchmarks-bears/Bears-189-buggy/src/main/java/hu/oe/nik/szfmv/environment/WorldObject.java, Line: 60, Element: getWidth
[ENTRY] Filepath: /media/4tb/npex/npex_data/benchmarks-bears/Bears-189-buggy/src/main/java/hu/oe/nik/szfmv/environment/WorldObject.java, Line: 64, Element: getHeight
[CALLSITE] Filepath: /media/4tb/npex/npex_data/benchmarks-bears/Bears-189-buggy/src/main/java/hu/oe/nik/szfmv/environment/XmlToModelConverter.java, Line: 109, Element: toString
[CALLSITE] Filepath: /media/4tb/npex/npex_data/benchmarks-bears/Bears-189-buggy/src/main/java/hu/oe/nik/szfmv/environment/XmlToModelConverter.java, Line: 109, Element: debug
[ENTRY] Filepath: /media/4tb/npex/npex_data/benchmarks-bears/Bears-189-buggy/src/main/java/hu/oe/nik/szfmv/environment/WorldObject.java, Line: 135, Element: toString
[CALLSITE] Filepath: /media/4tb/npex/npex_data/benchmarks-bears/Bears-189-buggy/src/main/java/hu/oe/nik/szfmv/environment/XmlToModelConverter.java, Line: 50, Element: item
[CALLSITE] Filepath: /media/4tb/npex/npex_data/benchmarks-bears/Bears-189-buggy/src/main/java/hu/oe/nik/szfmv/environment/XmlToModelConverter.java, Line: 52, Element: readValueFromXml
[CALLSITE] Filepath: /media/4tb/npex/npex_data/benchmarks-bears/Bears-189-buggy/src/main/java/hu/oe/nik/szfmv/environment/XmlToModelConverter.java, Line: 52, Element: add
[ENTRY] Filepath: /media/4tb/npex/npex_data/benchmarks-bears/Bears-189-buggy/src/main/java/hu/oe/nik/szfmv/environment/XmlToModelConverter.java, Line: 67, Element: readValueFromXml
[CALLSITE] Filepath: /media/4tb/npex/npex_data/benchmarks-bears/Bears-189-buggy/src/main/java/hu/oe/nik/szfmv/environment/XmlToModelConverter.java, Line: 72, Element: getAttribute
[CALLSITE] Filepath: /media/4tb/npex/npex_data/benchmarks-bears/Bears-189-buggy/src/main/java/hu/oe/nik/szfmv/environment/XmlToModelConverter.java, Line: 75, Element: getChildNodes
[CALLSITE] Filepath: /media/4tb/npex/npex_data/benchmarks-bears/Bears-189-buggy/src/main/java/hu/oe/nik/szfmv/environment/XmlToModelConverter.java, Line: 76, Element: getLength
[CALLSITE] Filepath: /media/4tb/npex/npex_data/benchmarks-bears/Bears-189-buggy/src/main/java/hu/oe/nik/szfmv/environment/XmlToModelConverter.java, Line: 77, Element: item
[CALLSITE] Filepath: /media/4tb/npex/npex_data/benchmarks-bears/Bears-189-buggy/src/main/java/hu/oe/nik/szfmv/environment/XmlToModelConverter.java, Line: 77, Element: getNodeName
[CALLSITE] Filepath: /media/4tb/npex/npex_data/benchmarks-bears/Bears-189-buggy/src/main/java/hu/oe/nik/szfmv/environment/XmlToModelConverter.java, Line: 77, Element: item
[CALLSITE] Filepath: /media/4tb/npex/npex_data/benchmarks-bears/Bears-189-buggy/src/main/java/hu/oe/nik/szfmv/environment/XmlToModelConverter.java, Line: 77, Element: getNodeName
[CALLSITE] Filepath: /media/4tb/npex/npex_data/benchmarks-bears/Bears-189-buggy/src/main/java/hu/oe/nik/szfmv/environment/XmlToModelConverter.java, Line: 79, Element: item
[CALLSITE] Filepath: /media/4tb/npex/npex_data/benchmarks-bears/Bears-189-buggy/src/main/java/hu/oe/nik/szfmv/environment/XmlToModelConverter.java, Line: 77, Element: item
[CALLSITE] Filepath: /media/4tb/npex/npex_data/benchmarks-bears/Bears-189-buggy/src/main/java/hu/oe/nik/szfmv/environment/XmlToModelConverter.java, Line: 77, Element: getNodeName
[CALLSITE] Filepath: /media/4tb/npex/npex_data/benchmarks-bears/Bears-189-buggy/src/main/java/hu/oe/nik/szfmv/environment/XmlToModelConverter.java, Line: 77, Element: item
[CALLSITE] Filepath: /media/4tb/npex/npex_data/benchmarks-bears/Bears-189-buggy/src/main/java/hu/oe/nik/szfmv/environment/XmlToModelConverter.java, Line: 77, Element: getNodeName
[CALLSITE] Filepath: /media/4tb/npex/npex_data/benchmarks-bears/Bears-189-buggy/src/main/java/hu/oe/nik/szfmv/environment/XmlToModelConverter.java, Line: 82, Element: item
[CALLSITE] Filepath: /media/4tb/npex/npex_data/benchmarks-bears/Bears-189-buggy/src/main/java/hu/oe/nik/szfmv/environment/XmlToModelConverter.java, Line: 77, Element: item
[CALLSITE] Filepath: /media/4tb/npex/npex_data/benchmarks-bears/Bears-189-buggy/src/main/java/hu/oe/nik/szfmv/environment/XmlToModelConverter.java, Line: 77, Element: getNodeName
[CALLSITE] Filepath: /media/4tb/npex/npex_data/benchmarks-bears/Bears-189-buggy/src/main/java/hu/oe/nik/szfmv/environment/XmlToModelConverter.java, Line: 77, Element: item
[CALLSITE] Filepath: /media/4tb/npex/npex_data/benchmarks-bears/Bears-189-buggy/src/main/java/hu/oe/nik/szfmv/environment/XmlToModelConverter.java, Line: 77, Element: getNodeName
[CALLSITE] Filepath: /media/4tb/npex/npex_data/benchmarks-bears/Bears-189-buggy/src/main/java/hu/oe/nik/szfmv/environment/XmlToModelConverter.java, Line: 77, Element: item
[CALLSITE] Filepath: /media/4tb/npex/npex_data/benchmarks-bears/Bears-189-buggy/src/main/java/hu/oe/nik/szfmv/environment/XmlToModelConverter.java, Line: 77, Element: getNodeName
[CALLSITE] Filepath: /media/4tb/npex/npex_data/benchmarks-bears/Bears-189-buggy/src/main/java/hu/oe/nik/szfmv/environment/XmlToModelConverter.java, Line: 77, Element: item
[CALLSITE] Filepath: /media/4tb/npex/npex_data/benchmarks-bears/Bears-189-buggy/src/main/java/hu/oe/nik/szfmv/environment/XmlToModelConverter.java, Line: 77, Element: getNodeName
[CALLSITE] Filepath: /media/4tb/npex/npex_data/benchmarks-bears/Bears-189-buggy/src/main/java/hu/oe/nik/szfmv/environment/XmlToModelConverter.java, Line: 77, Element: item
[CALLSITE] Filepath: /media/4tb/npex/npex_data/benchmarks-bears/Bears-189-buggy/src/main/java/hu/oe/nik/szfmv/environment/XmlToModelConverter.java, Line: 77, Element: getNodeName
[CALLSITE] Filepath: /media/4tb/npex/npex_data/benchmarks-bears/Bears-189-buggy/src/main/java/hu/oe/nik/szfmv/environment/XmlToModelConverter.java, Line: 77, Element: item
[CALLSITE] Filepath: /media/4tb/npex/npex_data/benchmarks-bears/Bears-189-buggy/src/main/java/hu/oe/nik/szfmv/environment/XmlToModelConverter.java, Line: 77, Element: getNodeName
[CALLSITE] Filepath: /media/4tb/npex/npex_data/benchmarks-bears/Bears-189-buggy/src/main/java/hu/oe/nik/szfmv/environment/XmlToModelConverter.java, Line: 77, Element: item
[CALLSITE] Filepath: /media/4tb/npex/npex_data/benchmarks-bears/Bears-189-buggy/src/main/java/hu/oe/nik/szfmv/environment/XmlToModelConverter.java, Line: 77, Element: getNodeName
[CALLSITE] Filepath: /media/4tb/npex/npex_data/benchmarks-bears/Bears-189-buggy/src/main/java/hu/oe/nik/szfmv/environment/XmlToModelConverter.java, Line: 91, Element: createObjectFromType
[ENTRY] Filepath: /media/4tb/npex/npex_data/benchmarks-bears/Bears-189-buggy/src/main/java/hu/oe/nik/szfmv/environment/XmlToModelConverter.java, Line: 118, Element: createObjectFromType
[CALLSITE] Filepath: /media/4tb/npex/npex_data/benchmarks-bears/Bears-189-buggy/src/main/java/hu/oe/nik/szfmv/environment/XmlToModelConverter.java, Line: 122, Element: indexOf
[CALLSITE] Filepath: /media/4tb/npex/npex_data/benchmarks-bears/Bears-189-buggy/src/main/java/hu/oe/nik/szfmv/environment/XmlToModelConverter.java, Line: 123, Element: indexOf
[CALLSITE] Filepath: /media/4tb/npex/npex_data/benchmarks-bears/Bears-189-buggy/src/main/java/hu/oe/nik/szfmv/environment/XmlToModelConverter.java, Line: 123, Element: substring
[CALLSITE] Filepath: /media/4tb/npex/npex_data/benchmarks-bears/Bears-189-buggy/src/main/java/hu/oe/nik/szfmv/environment/models/Road.java, Line: 92, Element: hashMapInit
[ENTRY] Filepath: /media/4tb/npex/npex_data/benchmarks-bears/Bears-189-buggy/src/main/java/hu/oe/nik/szfmv/environment/models/Road.java, Line: 95, Element: hashMapInit
[CALLSITE] Filepath: /media/4tb/npex/npex_data/benchmarks-bears/Bears-189-buggy/src/main/java/hu/oe/nik/szfmv/environment/models/Road.java, Line: 96, Element: put
[CALLSITE] Filepath: /media/4tb/npex/npex_data/benchmarks-bears/Bears-189-buggy/src/main/java/hu/oe/nik/szfmv/environment/models/Road.java, Line: 97, Element: put
[CALLSITE] Filepath: /media/4tb/npex/npex_data/benchmarks-bears/Bears-189-buggy/src/main/java/hu/oe/nik/szfmv/environment/models/Road.java, Line: 98, Element: put
[CALLSITE] Filepath: /media/4tb/npex/npex_data/benchmarks-bears/Bears-189-buggy/src/main/java/hu/oe/nik/szfmv/environment/models/Road.java, Line: 99, Element: put
[CALLSITE] Filepath: /media/4tb/npex/npex_data/benchmarks-bears/Bears-189-buggy/src/main/java/hu/oe/nik/szfmv/environment/models/Road.java, Line: 100, Element: put
[CALLSITE] Filepath: /media/4tb/npex/npex_data/benchmarks-bears/Bears-189-buggy/src/main/java/hu/oe/nik/szfmv/environment/models/Road.java, Line: 101, Element: put
[CALLSITE] Filepath: /media/4tb/npex/npex_data/benchmarks-bears/Bears-189-buggy/src/main/java/hu/oe/nik/szfmv/environment/models/Road.java, Line: 102, Element: put
[CALLSITE] Filepath: /media/4tb/npex/npex_data/benchmarks-bears/Bears-189-buggy/src/main/java/hu/oe/nik/szfmv/environment/models/Road.java, Line: 103, Element: put
[CALLSITE] Filepath: /media/4tb/npex/npex_data/benchmarks-bears/Bears-189-buggy/src/main/java/hu/oe/nik/szfmv/environment/models/Road.java, Line: 104, Element: put
[CALLSITE] Filepath: /media/4tb/npex/npex_data/benchmarks-bears/Bears-189-buggy/src/main/java/hu/oe/nik/szfmv/environment/XmlToModelConverter.java, Line: 93, Element: setImageFileName
[ENTRY] Filepath: /media/4tb/npex/npex_data/benchmarks-bears/Bears-189-buggy/src/main/java/hu/oe/nik/szfmv/environment/WorldObject.java, Line: 92, Element: setImageFileName
[CALLSITE] Filepath: /media/4tb/npex/npex_data/benchmarks-bears/Bears-189-buggy/src/main/java/hu/oe/nik/szfmv/environment/XmlToModelConverter.java, Line: 96, Element: generateDimens
[ENTRY] Filepath: /media/4tb/npex/npex_data/benchmarks-bears/Bears-189-buggy/src/main/java/hu/oe/nik/szfmv/environment/WorldObject.java, Line: 101, Element: generateDimens
[CALLSITE] Filepath: /media/4tb/npex/npex_data/benchmarks-bears/Bears-189-buggy/src/main/java/hu/oe/nik/szfmv/environment/WorldObject.java, Line: 103, Element: read
[ENTRY] Filepath: /media/4tb/npex/npex_data/benchmarks-bears/Bears-189-buggy/src/main/java/hu/oe/nik/szfmv/environment/WorldObject.java, Line: 80, Element: getImageFileName
[CALLSITE] Filepath: /media/4tb/npex/npex_data/benchmarks-bears/Bears-189-buggy/src/main/java/hu/oe/nik/szfmv/environment/WorldObject.java, Line: 107, Element: getWidth
[CALLSITE] Filepath: /media/4tb/npex/npex_data/benchmarks-bears/Bears-189-buggy/src/main/java/hu/oe/nik/szfmv/environment/WorldObject.java, Line: 108, Element: getHeight
[CALLSITE] Filepath: /media/4tb/npex/npex_data/benchmarks-bears/Bears-189-buggy/src/main/java/hu/oe/nik/szfmv/environment/XmlToModelConverter.java, Line: 99, Element: getPointsFromPositionElement
[ENTRY] Filepath: /media/4tb/npex/npex_data/benchmarks-bears/Bears-189-buggy/src/main/java/hu/oe/nik/szfmv/environment/XmlToModelConverter.java, Line: 154, Element: getPointsFromPositionElement
[CALLSITE] Filepath: /media/4tb/npex/npex_data/benchmarks-bears/Bears-189-buggy/src/main/java/hu/oe/nik/szfmv/environment/XmlToModelConverter.java, Line: 160, Element: getAttribute
[CALLSITE] Filepath: /media/4tb/npex/npex_data/benchmarks-bears/Bears-189-buggy/src/main/java/hu/oe/nik/szfmv/environment/XmlToModelConverter.java, Line: 160, Element: parseInt
[CALLSITE] Filepath: /media/4tb/npex/npex_data/benchmarks-bears/Bears-189-buggy/src/main/java/hu/oe/nik/szfmv/environment/XmlToModelConverter.java, Line: 161, Element: getAttribute
[CALLSITE] Filepath: /media/4tb/npex/npex_data/benchmarks-bears/Bears-189-buggy/src/main/java/hu/oe/nik/szfmv/environment/XmlToModelConverter.java, Line: 161, Element: parseInt
[CALLSITE] Filepath: /media/4tb/npex/npex_data/benchmarks-bears/Bears-189-buggy/src/main/java/hu/oe/nik/szfmv/environment/XmlToModelConverter.java, Line: 100, Element: setX
[ENTRY] Filepath: /media/4tb/npex/npex_data/benchmarks-bears/Bears-189-buggy/src/main/java/hu/oe/nik/szfmv/environment/WorldObject.java, Line: 48, Element: setX
[CALLSITE] Filepath: /media/4tb/npex/npex_data/benchmarks-bears/Bears-189-buggy/src/main/java/hu/oe/nik/szfmv/environment/XmlToModelConverter.java, Line: 101, Element: setY
[ENTRY] Filepath: /media/4tb/npex/npex_data/benchmarks-bears/Bears-189-buggy/src/main/java/hu/oe/nik/szfmv/environment/WorldObject.java, Line: 56, Element: setY
[CALLSITE] Filepath: /media/4tb/npex/npex_data/benchmarks-bears/Bears-189-buggy/src/main/java/hu/oe/nik/szfmv/environment/XmlToModelConverter.java, Line: 104, Element: getRotacionFromTransformElement
[CALLSITE] Filepath: /media/4tb/npex/npex_data/benchmarks-bears/Bears-189-buggy/src/main/java/hu/oe/nik/szfmv/environment/XmlToModelConverter.java, Line: 104, Element: setRotation
[ENTRY] Filepath: /media/4tb/npex/npex_data/benchmarks-bears/Bears-189-buggy/src/main/java/hu/oe/nik/szfmv/environment/XmlToModelConverter.java, Line: 173, Element: getRotacionFromTransformElement
[CALLSITE] Filepath: /media/4tb/npex/npex_data/benchmarks-bears/Bears-189-buggy/src/main/java/hu/oe/nik/szfmv/environment/XmlToModelConverter.java, Line: 182, Element: getAttribute
[CALLSITE] Filepath: /media/4tb/npex/npex_data/benchmarks-bears/Bears-189-buggy/src/main/java/hu/oe/nik/szfmv/environment/XmlToModelConverter.java, Line: 182, Element: parseDouble
[CALLSITE] Filepath: /media/4tb/npex/npex_data/benchmarks-bears/Bears-189-buggy/src/main/java/hu/oe/nik/szfmv/environment/XmlToModelConverter.java, Line: 183, Element: getAttribute
[CALLSITE] Filepath: /media/4tb/npex/npex_data/benchmarks-bears/Bears-189-buggy/src/main/java/hu/oe/nik/szfmv/environment/XmlToModelConverter.java, Line: 183, Element: parseDouble
[CALLSITE] Filepath: /media/4tb/npex/npex_data/benchmarks-bears/Bears-189-buggy/src/main/java/hu/oe/nik/szfmv/environment/XmlToModelConverter.java, Line: 184, Element: getAttribute
[CALLSITE] Filepath: /media/4tb/npex/npex_data/benchmarks-bears/Bears-189-buggy/src/main/java/hu/oe/nik/szfmv/environment/XmlToModelConverter.java, Line: 184, Element: parseDouble
[CALLSITE] Filepath: /media/4tb/npex/npex_data/benchmarks-bears/Bears-189-buggy/src/main/java/hu/oe/nik/szfmv/environment/XmlToModelConverter.java, Line: 185, Element: getAttribute
[CALLSITE] Filepath: /media/4tb/npex/npex_data/benchmarks-bears/Bears-189-buggy/src/main/java/hu/oe/nik/szfmv/environment/XmlToModelConverter.java, Line: 185, Element: parseDouble
[CALLSITE] Filepath: /media/4tb/npex/npex_data/benchmarks-bears/Bears-189-buggy/src/main/java/hu/oe/nik/szfmv/environment/XmlToModelConverter.java, Line: 187, Element: convertMatrixToRadians
[ENTRY] Filepath: /media/4tb/npex/npex_data/benchmarks-bears/Bears-189-buggy/src/main/java/hu/oe/nik/szfmv/common/Utils.java, Line: 40, Element: convertMatrixToRadians
[CALLSITE] Filepath: /media/4tb/npex/npex_data/benchmarks-bears/Bears-189-buggy/src/main/java/hu/oe/nik/szfmv/common/Utils.java, Line: 41, Element: atan2
[ENTRY] Filepath: /media/4tb/npex/npex_data/benchmarks-bears/Bears-189-buggy/src/main/java/hu/oe/nik/szfmv/environment/WorldObject.java, Line: 88, Element: setRotation
[CALLSITE] Filepath: /media/4tb/npex/npex_data/benchmarks-bears/Bears-189-buggy/src/main/java/hu/oe/nik/szfmv/environment/XmlToModelConverter.java, Line: 107, Element: generateShape
[ENTRY] Filepath: /media/4tb/npex/npex_data/benchmarks-bears/Bears-189-buggy/src/main/java/hu/oe/nik/szfmv/environment/models/Road.java, Line: 119, Element: generateShape
[CALLSITE] Filepath: /media/4tb/npex/npex_data/benchmarks-bears/Bears-189-buggy/src/main/java/hu/oe/nik/szfmv/environment/models/Road.java, Line: 122, Element: get
[CALLSITE] Filepath: /media/4tb/npex/npex_data/benchmarks-bears/Bears-189-buggy/src/main/java/hu/oe/nik/szfmv/environment/models/Road.java, Line: 125, Element: getRotation
[CALLSITE] Filepath: /media/4tb/npex/npex_data/benchmarks-bears/Bears-189-buggy/src/main/java/hu/oe/nik/szfmv/environment/models/Road.java, Line: 125, Element: getX
[CALLSITE] Filepath: /media/4tb/npex/npex_data/benchmarks-bears/Bears-189-buggy/src/main/java/hu/oe/nik/szfmv/environment/models/Road.java, Line: 125, Element: getWidth
[CALLSITE] Filepath: /media/4tb/npex/npex_data/benchmarks-bears/Bears-189-buggy/src/main/java/hu/oe/nik/szfmv/environment/models/Road.java, Line: 125, Element: rotate
[ENTRY] Filepath: /media/4tb/npex/npex_data/benchmarks-bears/Bears-189-buggy/src/main/java/hu/oe/nik/szfmv/environment/WorldObject.java, Line: 76, Element: getRotation
[ENTRY] Filepath: /media/4tb/npex/npex_data/benchmarks-bears/Bears-189-buggy/src/main/java/hu/oe/nik/szfmv/environment/WorldObject.java, Line: 44, Element: getX
[ENTRY] Filepath: /media/4tb/npex/npex_data/benchmarks-bears/Bears-189-buggy/src/main/java/hu/oe/nik/szfmv/environment/WorldObject.java, Line: 60, Element: getWidth
[ENTRY] Filepath: /media/4tb/npex/npex_data/benchmarks-bears/Bears-189-buggy/src/main/java/hu/oe/nik/szfmv/environment/WorldObject.java, Line: 52, Element: getY
[ENTRY] Filepath: /media/4tb/npex/npex_data/benchmarks-bears/Bears-189-buggy/src/main/java/hu/oe/nik/szfmv/environment/WorldObject.java, Line: 64, Element: getHeight
[CALLSITE] Filepath: /media/4tb/npex/npex_data/benchmarks-bears/Bears-189-buggy/src/main/java/hu/oe/nik/szfmv/environment/models/Road.java, Line: 131, Element: get
[CALLSITE] Filepath: /media/4tb/npex/npex_data/benchmarks-bears/Bears-189-buggy/src/main/java/hu/oe/nik/szfmv/environment/models/Road.java, Line: 131, Element: createTransformedShape
[CALLSITE] Filepath: /media/4tb/npex/npex_data/benchmarks-bears/Bears-189-buggy/src/main/java/hu/oe/nik/szfmv/environment/models/Road.java, Line: 135, Element: generateShape
[ENTRY] Filepath: /media/4tb/npex/npex_data/benchmarks-bears/Bears-189-buggy/src/main/java/hu/oe/nik/szfmv/environment/WorldObject.java, Line: 117, Element: generateShape
[CALLSITE] Filepath: /media/4tb/npex/npex_data/benchmarks-bears/Bears-189-buggy/src/main/java/hu/oe/nik/szfmv/environment/WorldObject.java, Line: 119, Element: getRotation
[CALLSITE] Filepath: /media/4tb/npex/npex_data/benchmarks-bears/Bears-189-buggy/src/main/java/hu/oe/nik/szfmv/environment/WorldObject.java, Line: 119, Element: getX
[CALLSITE] Filepath: /media/4tb/npex/npex_data/benchmarks-bears/Bears-189-buggy/src/main/java/hu/oe/nik/szfmv/environment/WorldObject.java, Line: 119, Element: getY
[CALLSITE] Filepath: /media/4tb/npex/npex_data/benchmarks-bears/Bears-189-buggy/src/main/java/hu/oe/nik/szfmv/environment/WorldObject.java, Line: 119, Element: rotate
[ENTRY] Filepath: /media/4tb/npex/npex_data/benchmarks-bears/Bears-189-buggy/src/main/java/hu/oe/nik/szfmv/environment/WorldObject.java, Line: 76, Element: getRotation
[ENTRY] Filepath: /media/4tb/npex/npex_data/benchmarks-bears/Bears-189-buggy/src/main/java/hu/oe/nik/szfmv/environment/WorldObject.java, Line: 44, Element: getX
[ENTRY] Filepath: /media/4tb/npex/npex_data/benchmarks-bears/Bears-189-buggy/src/main/java/hu/oe/nik/szfmv/environment/WorldObject.java, Line: 52, Element: getY
[CALLSITE] Filepath: /media/4tb/npex/npex_data/benchmarks-bears/Bears-189-buggy/src/main/java/hu/oe/nik/szfmv/environment/WorldObject.java, Line: 120, Element: isInstance
[CALLSITE] Filepath: /media/4tb/npex/npex_data/benchmarks-bears/Bears-189-buggy/src/main/java/hu/oe/nik/szfmv/environment/WorldObject.java, Line: 121, Element: createTransformedShape
[ENTRY] Filepath: /media/4tb/npex/npex_data/benchmarks-bears/Bears-189-buggy/src/main/java/hu/oe/nik/szfmv/environment/WorldObject.java, Line: 44, Element: getX
[ENTRY] Filepath: /media/4tb/npex/npex_data/benchmarks-bears/Bears-189-buggy/src/main/java/hu/oe/nik/szfmv/environment/WorldObject.java, Line: 52, Element: getY
[ENTRY] Filepath: /media/4tb/npex/npex_data/benchmarks-bears/Bears-189-buggy/src/main/java/hu/oe/nik/szfmv/environment/WorldObject.java, Line: 60, Element: getWidth
[ENTRY] Filepath: /media/4tb/npex/npex_data/benchmarks-bears/Bears-189-buggy/src/main/java/hu/oe/nik/szfmv/environment/WorldObject.java, Line: 64, Element: getHeight
[CALLSITE] Filepath: /media/4tb/npex/npex_data/benchmarks-bears/Bears-189-buggy/src/main/java/hu/oe/nik/szfmv/environment/XmlToModelConverter.java, Line: 109, Element: toString
[CALLSITE] Filepath: /media/4tb/npex/npex_data/benchmarks-bears/Bears-189-buggy/src/main/java/hu/oe/nik/szfmv/environment/XmlToModelConverter.java, Line: 109, Element: debug
[ENTRY] Filepath: /media/4tb/npex/npex_data/benchmarks-bears/Bears-189-buggy/src/main/java/hu/oe/nik/szfmv/environment/WorldObject.java, Line: 135, Element: toString
[CALLSITE] Filepath: /media/4tb/npex/npex_data/benchmarks-bears/Bears-189-buggy/src/main/java/hu/oe/nik/szfmv/environment/XmlToModelConverter.java, Line: 50, Element: item
[CALLSITE] Filepath: /media/4tb/npex/npex_data/benchmarks-bears/Bears-189-buggy/src/main/java/hu/oe/nik/szfmv/environment/XmlToModelConverter.java, Line: 52, Element: readValueFromXml
[CALLSITE] Filepath: /media/4tb/npex/npex_data/benchmarks-bears/Bears-189-buggy/src/main/java/hu/oe/nik/szfmv/environment/XmlToModelConverter.java, Line: 52, Element: add
[ENTRY] Filepath: /media/4tb/npex/npex_data/benchmarks-bears/Bears-189-buggy/src/main/java/hu/oe/nik/szfmv/environment/XmlToModelConverter.java, Line: 67, Element: readValueFromXml
[CALLSITE] Filepath: /media/4tb/npex/npex_data/benchmarks-bears/Bears-189-buggy/src/main/java/hu/oe/nik/szfmv/environment/XmlToModelConverter.java, Line: 72, Element: getAttribute
[CALLSITE] Filepath: /media/4tb/npex/npex_data/benchmarks-bears/Bears-189-buggy/src/main/java/hu/oe/nik/szfmv/environment/XmlToModelConverter.java, Line: 75, Element: getChildNodes
[CALLSITE] Filepath: /media/4tb/npex/npex_data/benchmarks-bears/Bears-189-buggy/src/main/java/hu/oe/nik/szfmv/environment/XmlToModelConverter.java, Line: 76, Element: getLength
[CALLSITE] Filepath: /media/4tb/npex/npex_data/benchmarks-bears/Bears-189-buggy/src/main/java/hu/oe/nik/szfmv/environment/XmlToModelConverter.java, Line: 77, Element: item
[CALLSITE] Filepath: /media/4tb/npex/npex_data/benchmarks-bears/Bears-189-buggy/src/main/java/hu/oe/nik/szfmv/environment/XmlToModelConverter.java, Line: 77, Element: getNodeName
[CALLSITE] Filepath: /media/4tb/npex/npex_data/benchmarks-bears/Bears-189-buggy/src/main/java/hu/oe/nik/szfmv/environment/XmlToModelConverter.java, Line: 77, Element: item
[CALLSITE] Filepath: /media/4tb/npex/npex_data/benchmarks-bears/Bears-189-buggy/src/main/java/hu/oe/nik/szfmv/environment/XmlToModelConverter.java, Line: 77, Element: getNodeName
[CALLSITE] Filepath: /media/4tb/npex/npex_data/benchmarks-bears/Bears-189-buggy/src/main/java/hu/oe/nik/szfmv/environment/XmlToModelConverter.java, Line: 79, Element: item
[CALLSITE] Filepath: /media/4tb/npex/npex_data/benchmarks-bears/Bears-189-buggy/src/main/java/hu/oe/nik/szfmv/environment/XmlToModelConverter.java, Line: 77, Element: item
[CALLSITE] Filepath: /media/4tb/npex/npex_data/benchmarks-bears/Bears-189-buggy/src/main/java/hu/oe/nik/szfmv/environment/XmlToModelConverter.java, Line: 77, Element: getNodeName
[CALLSITE] Filepath: /media/4tb/npex/npex_data/benchmarks-bears/Bears-189-buggy/src/main/java/hu/oe/nik/szfmv/environment/XmlToModelConverter.java, Line: 77, Element: item
[CALLSITE] Filepath: /media/4tb/npex/npex_data/benchmarks-bears/Bears-189-buggy/src/main/java/hu/oe/nik/szfmv/environment/XmlToModelConverter.java, Line: 77, Element: getNodeName
[CALLSITE] Filepath: /media/4tb/npex/npex_data/benchmarks-bears/Bears-189-buggy/src/main/java/hu/oe/nik/szfmv/environment/XmlToModelConverter.java, Line: 82, Element: item
[CALLSITE] Filepath: /media/4tb/npex/npex_data/benchmarks-bears/Bears-189-buggy/src/main/java/hu/oe/nik/szfmv/environment/XmlToModelConverter.java, Line: 77, Element: item
[CALLSITE] Filepath: /media/4tb/npex/npex_data/benchmarks-bears/Bears-189-buggy/src/main/java/hu/oe/nik/szfmv/environment/XmlToModelConverter.java, Line: 77, Element: getNodeName
[CALLSITE] Filepath: /media/4tb/npex/npex_data/benchmarks-bears/Bears-189-buggy/src/main/java/hu/oe/nik/szfmv/environment/XmlToModelConverter.java, Line: 77, Element: item
[CALLSITE] Filepath: /media/4tb/npex/npex_data/benchmarks-bears/Bears-189-buggy/src/main/java/hu/oe/nik/szfmv/environment/XmlToModelConverter.java, Line: 77, Element: getNodeName
[CALLSITE] Filepath: /media/4tb/npex/npex_data/benchmarks-bears/Bears-189-buggy/src/main/java/hu/oe/nik/szfmv/environment/XmlToModelConverter.java, Line: 77, Element: item
[CALLSITE] Filepath: /media/4tb/npex/npex_data/benchmarks-bears/Bears-189-buggy/src/main/java/hu/oe/nik/szfmv/environment/XmlToModelConverter.java, Line: 77, Element: getNodeName
[CALLSITE] Filepath: /media/4tb/npex/npex_data/benchmarks-bears/Bears-189-buggy/src/main/java/hu/oe/nik/szfmv/environment/XmlToModelConverter.java, Line: 77, Element: item
[CALLSITE] Filepath: /media/4tb/npex/npex_data/benchmarks-bears/Bears-189-buggy/src/main/java/hu/oe/nik/szfmv/environment/XmlToModelConverter.java, Line: 77, Element: getNodeName
[CALLSITE] Filepath: /media/4tb/npex/npex_data/benchmarks-bears/Bears-189-buggy/src/main/java/hu/oe/nik/szfmv/environment/XmlToModelConverter.java, Line: 77, Element: item
[CALLSITE] Filepath: /media/4tb/npex/npex_data/benchmarks-bears/Bears-189-buggy/src/main/java/hu/oe/nik/szfmv/environment/XmlToModelConverter.java, Line: 77, Element: getNodeName
[CALLSITE] Filepath: /media/4tb/npex/npex_data/benchmarks-bears/Bears-189-buggy/src/main/java/hu/oe/nik/szfmv/environment/XmlToModelConverter.java, Line: 77, Element: item
[CALLSITE] Filepath: /media/4tb/npex/npex_data/benchmarks-bears/Bears-189-buggy/src/main/java/hu/oe/nik/szfmv/environment/XmlToModelConverter.java, Line: 77, Element: getNodeName
[CALLSITE] Filepath: /media/4tb/npex/npex_data/benchmarks-bears/Bears-189-buggy/src/main/java/hu/oe/nik/szfmv/environment/XmlToModelConverter.java, Line: 77, Element: item
[CALLSITE] Filepath: /media/4tb/npex/npex_data/benchmarks-bears/Bears-189-buggy/src/main/java/hu/oe/nik/szfmv/environment/XmlToModelConverter.java, Line: 77, Element: getNodeName
[CALLSITE] Filepath: /media/4tb/npex/npex_data/benchmarks-bears/Bears-189-buggy/src/main/java/hu/oe/nik/szfmv/environment/XmlToModelConverter.java, Line: 91, Element: createObjectFromType
[ENTRY] Filepath: /media/4tb/npex/npex_data/benchmarks-bears/Bears-189-buggy/src/main/java/hu/oe/nik/szfmv/environment/XmlToModelConverter.java, Line: 118, Element: createObjectFromType
[CALLSITE] Filepath: /media/4tb/npex/npex_data/benchmarks-bears/Bears-189-buggy/src/main/java/hu/oe/nik/szfmv/environment/XmlToModelConverter.java, Line: 122, Element: indexOf
[CALLSITE] Filepath: /media/4tb/npex/npex_data/benchmarks-bears/Bears-189-buggy/src/main/java/hu/oe/nik/szfmv/environment/XmlToModelConverter.java, Line: 123, Element: indexOf
[CALLSITE] Filepath: /media/4tb/npex/npex_data/benchmarks-bears/Bears-189-buggy/src/main/java/hu/oe/nik/szfmv/environment/XmlToModelConverter.java, Line: 123, Element: substring
[CALLSITE] Filepath: /media/4tb/npex/npex_data/benchmarks-bears/Bears-189-buggy/src/main/java/hu/oe/nik/szfmv/environment/models/Road.java, Line: 92, Element: hashMapInit
[ENTRY] Filepath: /media/4tb/npex/npex_data/benchmarks-bears/Bears-189-buggy/src/main/java/hu/oe/nik/szfmv/environment/models/Road.java, Line: 95, Element: hashMapInit
[CALLSITE] Filepath: /media/4tb/npex/npex_data/benchmarks-bears/Bears-189-buggy/src/main/java/hu/oe/nik/szfmv/environment/models/Road.java, Line: 96, Element: put
[CALLSITE] Filepath: /media/4tb/npex/npex_data/benchmarks-bears/Bears-189-buggy/src/main/java/hu/oe/nik/szfmv/environment/models/Road.java, Line: 97, Element: put
[CALLSITE] Filepath: /media/4tb/npex/npex_data/benchmarks-bears/Bears-189-buggy/src/main/java/hu/oe/nik/szfmv/environment/models/Road.java, Line: 98, Element: put
[CALLSITE] Filepath: /media/4tb/npex/npex_data/benchmarks-bears/Bears-189-buggy/src/main/java/hu/oe/nik/szfmv/environment/models/Road.java, Line: 99, Element: put
[CALLSITE] Filepath: /media/4tb/npex/npex_data/benchmarks-bears/Bears-189-buggy/src/main/java/hu/oe/nik/szfmv/environment/models/Road.java, Line: 100, Element: put
[CALLSITE] Filepath: /media/4tb/npex/npex_data/benchmarks-bears/Bears-189-buggy/src/main/java/hu/oe/nik/szfmv/environment/models/Road.java, Line: 101, Element: put
[CALLSITE] Filepath: /media/4tb/npex/npex_data/benchmarks-bears/Bears-189-buggy/src/main/java/hu/oe/nik/szfmv/environment/models/Road.java, Line: 102, Element: put
[CALLSITE] Filepath: /media/4tb/npex/npex_data/benchmarks-bears/Bears-189-buggy/src/main/java/hu/oe/nik/szfmv/environment/models/Road.java, Line: 103, Element: put
[CALLSITE] Filepath: /media/4tb/npex/npex_data/benchmarks-bears/Bears-189-buggy/src/main/java/hu/oe/nik/szfmv/environment/models/Road.java, Line: 104, Element: put
[CALLSITE] Filepath: /media/4tb/npex/npex_data/benchmarks-bears/Bears-189-buggy/src/main/java/hu/oe/nik/szfmv/environment/XmlToModelConverter.java, Line: 93, Element: setImageFileName
[ENTRY] Filepath: /media/4tb/npex/npex_data/benchmarks-bears/Bears-189-buggy/src/main/java/hu/oe/nik/szfmv/environment/WorldObject.java, Line: 92, Element: setImageFileName
[CALLSITE] Filepath: /media/4tb/npex/npex_data/benchmarks-bears/Bears-189-buggy/src/main/java/hu/oe/nik/szfmv/environment/XmlToModelConverter.java, Line: 96, Element: generateDimens
[ENTRY] Filepath: /media/4tb/npex/npex_data/benchmarks-bears/Bears-189-buggy/src/main/java/hu/oe/nik/szfmv/environment/WorldObject.java, Line: 101, Element: generateDimens
[CALLSITE] Filepath: /media/4tb/npex/npex_data/benchmarks-bears/Bears-189-buggy/src/main/java/hu/oe/nik/szfmv/environment/WorldObject.java, Line: 103, Element: read
[ENTRY] Filepath: /media/4tb/npex/npex_data/benchmarks-bears/Bears-189-buggy/src/main/java/hu/oe/nik/szfmv/environment/WorldObject.java, Line: 80, Element: getImageFileName
[CALLSITE] Filepath: /media/4tb/npex/npex_data/benchmarks-bears/Bears-189-buggy/src/main/java/hu/oe/nik/szfmv/environment/WorldObject.java, Line: 107, Element: getWidth
[CALLSITE] Filepath: /media/4tb/npex/npex_data/benchmarks-bears/Bears-189-buggy/src/main/java/hu/oe/nik/szfmv/environment/WorldObject.java, Line: 108, Element: getHeight
[CALLSITE] Filepath: /media/4tb/npex/npex_data/benchmarks-bears/Bears-189-buggy/src/main/java/hu/oe/nik/szfmv/environment/XmlToModelConverter.java, Line: 99, Element: getPointsFromPositionElement
[ENTRY] Filepath: /media/4tb/npex/npex_data/benchmarks-bears/Bears-189-buggy/src/main/java/hu/oe/nik/szfmv/environment/XmlToModelConverter.java, Line: 154, Element: getPointsFromPositionElement
[CALLSITE] Filepath: /media/4tb/npex/npex_data/benchmarks-bears/Bears-189-buggy/src/main/java/hu/oe/nik/szfmv/environment/XmlToModelConverter.java, Line: 160, Element: getAttribute
[CALLSITE] Filepath: /media/4tb/npex/npex_data/benchmarks-bears/Bears-189-buggy/src/main/java/hu/oe/nik/szfmv/environment/XmlToModelConverter.java, Line: 160, Element: parseInt
[CALLSITE] Filepath: /media/4tb/npex/npex_data/benchmarks-bears/Bears-189-buggy/src/main/java/hu/oe/nik/szfmv/environment/XmlToModelConverter.java, Line: 161, Element: getAttribute
[CALLSITE] Filepath: /media/4tb/npex/npex_data/benchmarks-bears/Bears-189-buggy/src/main/java/hu/oe/nik/szfmv/environment/XmlToModelConverter.java, Line: 161, Element: parseInt
[CALLSITE] Filepath: /media/4tb/npex/npex_data/benchmarks-bears/Bears-189-buggy/src/main/java/hu/oe/nik/szfmv/environment/XmlToModelConverter.java, Line: 100, Element: setX
[ENTRY] Filepath: /media/4tb/npex/npex_data/benchmarks-bears/Bears-189-buggy/src/main/java/hu/oe/nik/szfmv/environment/WorldObject.java, Line: 48, Element: setX
[CALLSITE] Filepath: /media/4tb/npex/npex_data/benchmarks-bears/Bears-189-buggy/src/main/java/hu/oe/nik/szfmv/environment/XmlToModelConverter.java, Line: 101, Element: setY
[ENTRY] Filepath: /media/4tb/npex/npex_data/benchmarks-bears/Bears-189-buggy/src/main/java/hu/oe/nik/szfmv/environment/WorldObject.java, Line: 56, Element: setY
[CALLSITE] Filepath: /media/4tb/npex/npex_data/benchmarks-bears/Bears-189-buggy/src/main/java/hu/oe/nik/szfmv/environment/XmlToModelConverter.java, Line: 104, Element: getRotacionFromTransformElement
[CALLSITE] Filepath: /media/4tb/npex/npex_data/benchmarks-bears/Bears-189-buggy/src/main/java/hu/oe/nik/szfmv/environment/XmlToModelConverter.java, Line: 104, Element: setRotation
[ENTRY] Filepath: /media/4tb/npex/npex_data/benchmarks-bears/Bears-189-buggy/src/main/java/hu/oe/nik/szfmv/environment/XmlToModelConverter.java, Line: 173, Element: getRotacionFromTransformElement
[CALLSITE] Filepath: /media/4tb/npex/npex_data/benchmarks-bears/Bears-189-buggy/src/main/java/hu/oe/nik/szfmv/environment/XmlToModelConverter.java, Line: 182, Element: getAttribute
[CALLSITE] Filepath: /media/4tb/npex/npex_data/benchmarks-bears/Bears-189-buggy/src/main/java/hu/oe/nik/szfmv/environment/XmlToModelConverter.java, Line: 182, Element: parseDouble
[CALLSITE] Filepath: /media/4tb/npex/npex_data/benchmarks-bears/Bears-189-buggy/src/main/java/hu/oe/nik/szfmv/environment/XmlToModelConverter.java, Line: 183, Element: getAttribute
[CALLSITE] Filepath: /media/4tb/npex/npex_data/benchmarks-bears/Bears-189-buggy/src/main/java/hu/oe/nik/szfmv/environment/XmlToModelConverter.java, Line: 183, Element: parseDouble
[CALLSITE] Filepath: /media/4tb/npex/npex_data/benchmarks-bears/Bears-189-buggy/src/main/java/hu/oe/nik/szfmv/environment/XmlToModelConverter.java, Line: 184, Element: getAttribute
[CALLSITE] Filepath: /media/4tb/npex/npex_data/benchmarks-bears/Bears-189-buggy/src/main/java/hu/oe/nik/szfmv/environment/XmlToModelConverter.java, Line: 184, Element: parseDouble
[CALLSITE] Filepath: /media/4tb/npex/npex_data/benchmarks-bears/Bears-189-buggy/src/main/java/hu/oe/nik/szfmv/environment/XmlToModelConverter.java, Line: 185, Element: getAttribute
[CALLSITE] Filepath: /media/4tb/npex/npex_data/benchmarks-bears/Bears-189-buggy/src/main/java/hu/oe/nik/szfmv/environment/XmlToModelConverter.java, Line: 185, Element: parseDouble
[CALLSITE] Filepath: /media/4tb/npex/npex_data/benchmarks-bears/Bears-189-buggy/src/main/java/hu/oe/nik/szfmv/environment/XmlToModelConverter.java, Line: 187, Element: convertMatrixToRadians
[ENTRY] Filepath: /media/4tb/npex/npex_data/benchmarks-bears/Bears-189-buggy/src/main/java/hu/oe/nik/szfmv/common/Utils.java, Line: 40, Element: convertMatrixToRadians
[CALLSITE] Filepath: /media/4tb/npex/npex_data/benchmarks-bears/Bears-189-buggy/src/main/java/hu/oe/nik/szfmv/common/Utils.java, Line: 41, Element: atan2
[ENTRY] Filepath: /media/4tb/npex/npex_data/benchmarks-bears/Bears-189-buggy/src/main/java/hu/oe/nik/szfmv/environment/WorldObject.java, Line: 88, Element: setRotation
[CALLSITE] Filepath: /media/4tb/npex/npex_data/benchmarks-bears/Bears-189-buggy/src/main/java/hu/oe/nik/szfmv/environment/XmlToModelConverter.java, Line: 107, Element: generateShape
[ENTRY] Filepath: /media/4tb/npex/npex_data/benchmarks-bears/Bears-189-buggy/src/main/java/hu/oe/nik/szfmv/environment/models/Road.java, Line: 119, Element: generateShape
[CALLSITE] Filepath: /media/4tb/npex/npex_data/benchmarks-bears/Bears-189-buggy/src/main/java/hu/oe/nik/szfmv/environment/models/Road.java, Line: 122, Element: get
[CALLSITE] Filepath: /media/4tb/npex/npex_data/benchmarks-bears/Bears-189-buggy/src/main/java/hu/oe/nik/szfmv/environment/models/Road.java, Line: 128, Element: getX
[CALLSITE] Filepath: /media/4tb/npex/npex_data/benchmarks-bears/Bears-189-buggy/src/main/java/hu/oe/nik/szfmv/environment/models/Road.java, Line: 128, Element: getX
[CALLSITE] Filepath: /media/4tb/npex/npex_data/benchmarks-bears/Bears-189-buggy/src/main/java/hu/oe/nik/szfmv/environment/models/Road.java, Line: 128, Element: getY
[CALLSITE] Filepath: /media/4tb/npex/npex_data/benchmarks-bears/Bears-189-buggy/src/main/java/hu/oe/nik/szfmv/environment/models/Road.java, Line: 128, Element: getY
[CALLSITE] Filepath: /media/4tb/npex/npex_data/benchmarks-bears/Bears-189-buggy/src/main/java/hu/oe/nik/szfmv/environment/models/Road.java, Line: 128, Element: translate
[ENTRY] Filepath: /media/4tb/npex/npex_data/benchmarks-bears/Bears-189-buggy/src/main/java/hu/oe/nik/szfmv/environment/WorldObject.java, Line: 44, Element: getX
[ENTRY] Filepath: /media/4tb/npex/npex_data/benchmarks-bears/Bears-189-buggy/src/main/java/hu/oe/nik/szfmv/environment/WorldObject.java, Line: 52, Element: getY
[CALLSITE] Filepath: /media/4tb/npex/npex_data/benchmarks-bears/Bears-189-buggy/src/main/java/hu/oe/nik/szfmv/environment/models/Road.java, Line: 129, Element: getRotation
[CALLSITE] Filepath: /media/4tb/npex/npex_data/benchmarks-bears/Bears-189-buggy/src/main/java/hu/oe/nik/szfmv/environment/models/Road.java, Line: 129, Element: getX
[CALLSITE] Filepath: /media/4tb/npex/npex_data/benchmarks-bears/Bears-189-buggy/src/main/java/hu/oe/nik/szfmv/environment/models/Road.java, Line: 129, Element: getY
[CALLSITE] Filepath: /media/4tb/npex/npex_data/benchmarks-bears/Bears-189-buggy/src/main/java/hu/oe/nik/szfmv/environment/models/Road.java, Line: 129, Element: rotate
[ENTRY] Filepath: /media/4tb/npex/npex_data/benchmarks-bears/Bears-189-buggy/src/main/java/hu/oe/nik/szfmv/environment/WorldObject.java, Line: 76, Element: getRotation
[CALLSITE] Filepath: /media/4tb/npex/npex_data/benchmarks-bears/Bears-189-buggy/src/main/java/hu/oe/nik/szfmv/environment/models/Road.java, Line: 131, Element: get
[CALLSITE] Filepath: /media/4tb/npex/npex_data/benchmarks-bears/Bears-189-buggy/src/main/java/hu/oe/nik/szfmv/environment/models/Road.java, Line: 131, Element: createTransformedShape
[CALLSITE] Filepath: /media/4tb/npex/npex_data/benchmarks-bears/Bears-189-buggy/src/main/java/hu/oe/nik/szfmv/environment/XmlToModelConverter.java, Line: 109, Element: toString
[CALLSITE] Filepath: /media/4tb/npex/npex_data/benchmarks-bears/Bears-189-buggy/src/main/java/hu/oe/nik/szfmv/environment/XmlToModelConverter.java, Line: 109, Element: debug
[ENTRY] Filepath: /media/4tb/npex/npex_data/benchmarks-bears/Bears-189-buggy/src/main/java/hu/oe/nik/szfmv/environment/WorldObject.java, Line: 135, Element: toString
[CALLSITE] Filepath: /media/4tb/npex/npex_data/benchmarks-bears/Bears-189-buggy/src/main/java/hu/oe/nik/szfmv/environment/XmlToModelConverter.java, Line: 50, Element: item
[CALLSITE] Filepath: /media/4tb/npex/npex_data/benchmarks-bears/Bears-189-buggy/src/main/java/hu/oe/nik/szfmv/environment/XmlToModelConverter.java, Line: 52, Element: readValueFromXml
[CALLSITE] Filepath: /media/4tb/npex/npex_data/benchmarks-bears/Bears-189-buggy/src/main/java/hu/oe/nik/szfmv/environment/XmlToModelConverter.java, Line: 52, Element: add
[ENTRY] Filepath: /media/4tb/npex/npex_data/benchmarks-bears/Bears-189-buggy/src/main/java/hu/oe/nik/szfmv/environment/XmlToModelConverter.java, Line: 67, Element: readValueFromXml
[CALLSITE] Filepath: /media/4tb/npex/npex_data/benchmarks-bears/Bears-189-buggy/src/main/java/hu/oe/nik/szfmv/environment/XmlToModelConverter.java, Line: 72, Element: getAttribute
[CALLSITE] Filepath: /media/4tb/npex/npex_data/benchmarks-bears/Bears-189-buggy/src/main/java/hu/oe/nik/szfmv/environment/XmlToModelConverter.java, Line: 75, Element: getChildNodes
[CALLSITE] Filepath: /media/4tb/npex/npex_data/benchmarks-bears/Bears-189-buggy/src/main/java/hu/oe/nik/szfmv/environment/XmlToModelConverter.java, Line: 76, Element: getLength
[CALLSITE] Filepath: /media/4tb/npex/npex_data/benchmarks-bears/Bears-189-buggy/src/main/java/hu/oe/nik/szfmv/environment/XmlToModelConverter.java, Line: 77, Element: item
[CALLSITE] Filepath: /media/4tb/npex/npex_data/benchmarks-bears/Bears-189-buggy/src/main/java/hu/oe/nik/szfmv/environment/XmlToModelConverter.java, Line: 77, Element: getNodeName
[CALLSITE] Filepath: /media/4tb/npex/npex_data/benchmarks-bears/Bears-189-buggy/src/main/java/hu/oe/nik/szfmv/environment/XmlToModelConverter.java, Line: 77, Element: item
[CALLSITE] Filepath: /media/4tb/npex/npex_data/benchmarks-bears/Bears-189-buggy/src/main/java/hu/oe/nik/szfmv/environment/XmlToModelConverter.java, Line: 77, Element: getNodeName
[CALLSITE] Filepath: /media/4tb/npex/npex_data/benchmarks-bears/Bears-189-buggy/src/main/java/hu/oe/nik/szfmv/environment/XmlToModelConverter.java, Line: 79, Element: item
[CALLSITE] Filepath: /media/4tb/npex/npex_data/benchmarks-bears/Bears-189-buggy/src/main/java/hu/oe/nik/szfmv/environment/XmlToModelConverter.java, Line: 77, Element: item
[CALLSITE] Filepath: /media/4tb/npex/npex_data/benchmarks-bears/Bears-189-buggy/src/main/java/hu/oe/nik/szfmv/environment/XmlToModelConverter.java, Line: 77, Element: getNodeName
[CALLSITE] Filepath: /media/4tb/npex/npex_data/benchmarks-bears/Bears-189-buggy/src/main/java/hu/oe/nik/szfmv/environment/XmlToModelConverter.java, Line: 77, Element: item
[CALLSITE] Filepath: /media/4tb/npex/npex_data/benchmarks-bears/Bears-189-buggy/src/main/java/hu/oe/nik/szfmv/environment/XmlToModelConverter.java, Line: 77, Element: getNodeName
[CALLSITE] Filepath: /media/4tb/npex/npex_data/benchmarks-bears/Bears-189-buggy/src/main/java/hu/oe/nik/szfmv/environment/XmlToModelConverter.java, Line: 82, Element: item
[CALLSITE] Filepath: /media/4tb/npex/npex_data/benchmarks-bears/Bears-189-buggy/src/main/java/hu/oe/nik/szfmv/environment/XmlToModelConverter.java, Line: 77, Element: item
[CALLSITE] Filepath: /media/4tb/npex/npex_data/benchmarks-bears/Bears-189-buggy/src/main/java/hu/oe/nik/szfmv/environment/XmlToModelConverter.java, Line: 77, Element: getNodeName
[CALLSITE] Filepath: /media/4tb/npex/npex_data/benchmarks-bears/Bears-189-buggy/src/main/java/hu/oe/nik/szfmv/environment/XmlToModelConverter.java, Line: 77, Element: item
[CALLSITE] Filepath: /media/4tb/npex/npex_data/benchmarks-bears/Bears-189-buggy/src/main/java/hu/oe/nik/szfmv/environment/XmlToModelConverter.java, Line: 77, Element: getNodeName
[CALLSITE] Filepath: /media/4tb/npex/npex_data/benchmarks-bears/Bears-189-buggy/src/main/java/hu/oe/nik/szfmv/environment/XmlToModelConverter.java, Line: 77, Element: item
[CALLSITE] Filepath: /media/4tb/npex/npex_data/benchmarks-bears/Bears-189-buggy/src/main/java/hu/oe/nik/szfmv/environment/XmlToModelConverter.java, Line: 77, Element: getNodeName
[CALLSITE] Filepath: /media/4tb/npex/npex_data/benchmarks-bears/Bears-189-buggy/src/main/java/hu/oe/nik/szfmv/environment/XmlToModelConverter.java, Line: 77, Element: item
[CALLSITE] Filepath: /media/4tb/npex/npex_data/benchmarks-bears/Bears-189-buggy/src/main/java/hu/oe/nik/szfmv/environment/XmlToModelConverter.java, Line: 77, Element: getNodeName
[CALLSITE] Filepath: /media/4tb/npex/npex_data/benchmarks-bears/Bears-189-buggy/src/main/java/hu/oe/nik/szfmv/environment/XmlToModelConverter.java, Line: 77, Element: item
[CALLSITE] Filepath: /media/4tb/npex/npex_data/benchmarks-bears/Bears-189-buggy/src/main/java/hu/oe/nik/szfmv/environment/XmlToModelConverter.java, Line: 77, Element: getNodeName
[CALLSITE] Filepath: /media/4tb/npex/npex_data/benchmarks-bears/Bears-189-buggy/src/main/java/hu/oe/nik/szfmv/environment/XmlToModelConverter.java, Line: 77, Element: item
[CALLSITE] Filepath: /media/4tb/npex/npex_data/benchmarks-bears/Bears-189-buggy/src/main/java/hu/oe/nik/szfmv/environment/XmlToModelConverter.java, Line: 77, Element: getNodeName
[CALLSITE] Filepath: /media/4tb/npex/npex_data/benchmarks-bears/Bears-189-buggy/src/main/java/hu/oe/nik/szfmv/environment/XmlToModelConverter.java, Line: 77, Element: item
[CALLSITE] Filepath: /media/4tb/npex/npex_data/benchmarks-bears/Bears-189-buggy/src/main/java/hu/oe/nik/szfmv/environment/XmlToModelConverter.java, Line: 77, Element: getNodeName
[CALLSITE] Filepath: /media/4tb/npex/npex_data/benchmarks-bears/Bears-189-buggy/src/main/java/hu/oe/nik/szfmv/environment/XmlToModelConverter.java, Line: 91, Element: createObjectFromType
[ENTRY] Filepath: /media/4tb/npex/npex_data/benchmarks-bears/Bears-189-buggy/src/main/java/hu/oe/nik/szfmv/environment/XmlToModelConverter.java, Line: 118, Element: createObjectFromType
[CALLSITE] Filepath: /media/4tb/npex/npex_data/benchmarks-bears/Bears-189-buggy/src/main/java/hu/oe/nik/szfmv/environment/XmlToModelConverter.java, Line: 122, Element: indexOf
[CALLSITE] Filepath: /media/4tb/npex/npex_data/benchmarks-bears/Bears-189-buggy/src/main/java/hu/oe/nik/szfmv/environment/XmlToModelConverter.java, Line: 123, Element: indexOf
[CALLSITE] Filepath: /media/4tb/npex/npex_data/benchmarks-bears/Bears-189-buggy/src/main/java/hu/oe/nik/szfmv/environment/XmlToModelConverter.java, Line: 123, Element: substring
[CALLSITE] Filepath: /media/4tb/npex/npex_data/benchmarks-bears/Bears-189-buggy/src/main/java/hu/oe/nik/szfmv/environment/models/Road.java, Line: 92, Element: hashMapInit
[ENTRY] Filepath: /media/4tb/npex/npex_data/benchmarks-bears/Bears-189-buggy/src/main/java/hu/oe/nik/szfmv/environment/models/Road.java, Line: 95, Element: hashMapInit
[CALLSITE] Filepath: /media/4tb/npex/npex_data/benchmarks-bears/Bears-189-buggy/src/main/java/hu/oe/nik/szfmv/environment/models/Road.java, Line: 96, Element: put
[CALLSITE] Filepath: /media/4tb/npex/npex_data/benchmarks-bears/Bears-189-buggy/src/main/java/hu/oe/nik/szfmv/environment/models/Road.java, Line: 97, Element: put
[CALLSITE] Filepath: /media/4tb/npex/npex_data/benchmarks-bears/Bears-189-buggy/src/main/java/hu/oe/nik/szfmv/environment/models/Road.java, Line: 98, Element: put
[CALLSITE] Filepath: /media/4tb/npex/npex_data/benchmarks-bears/Bears-189-buggy/src/main/java/hu/oe/nik/szfmv/environment/models/Road.java, Line: 99, Element: put
[CALLSITE] Filepath: /media/4tb/npex/npex_data/benchmarks-bears/Bears-189-buggy/src/main/java/hu/oe/nik/szfmv/environment/models/Road.java, Line: 100, Element: put
[CALLSITE] Filepath: /media/4tb/npex/npex_data/benchmarks-bears/Bears-189-buggy/src/main/java/hu/oe/nik/szfmv/environment/models/Road.java, Line: 101, Element: put
[CALLSITE] Filepath: /media/4tb/npex/npex_data/benchmarks-bears/Bears-189-buggy/src/main/java/hu/oe/nik/szfmv/environment/models/Road.java, Line: 102, Element: put
[CALLSITE] Filepath: /media/4tb/npex/npex_data/benchmarks-bears/Bears-189-buggy/src/main/java/hu/oe/nik/szfmv/environment/models/Road.java, Line: 103, Element: put
[CALLSITE] Filepath: /media/4tb/npex/npex_data/benchmarks-bears/Bears-189-buggy/src/main/java/hu/oe/nik/szfmv/environment/models/Road.java, Line: 104, Element: put
[CALLSITE] Filepath: /media/4tb/npex/npex_data/benchmarks-bears/Bears-189-buggy/src/main/java/hu/oe/nik/szfmv/environment/XmlToModelConverter.java, Line: 93, Element: setImageFileName
[ENTRY] Filepath: /media/4tb/npex/npex_data/benchmarks-bears/Bears-189-buggy/src/main/java/hu/oe/nik/szfmv/environment/WorldObject.java, Line: 92, Element: setImageFileName
[CALLSITE] Filepath: /media/4tb/npex/npex_data/benchmarks-bears/Bears-189-buggy/src/main/java/hu/oe/nik/szfmv/environment/XmlToModelConverter.java, Line: 96, Element: generateDimens
[ENTRY] Filepath: /media/4tb/npex/npex_data/benchmarks-bears/Bears-189-buggy/src/main/java/hu/oe/nik/szfmv/environment/WorldObject.java, Line: 101, Element: generateDimens
[CALLSITE] Filepath: /media/4tb/npex/npex_data/benchmarks-bears/Bears-189-buggy/src/main/java/hu/oe/nik/szfmv/environment/WorldObject.java, Line: 103, Element: read
[ENTRY] Filepath: /media/4tb/npex/npex_data/benchmarks-bears/Bears-189-buggy/src/main/java/hu/oe/nik/szfmv/environment/WorldObject.java, Line: 80, Element: getImageFileName
[CALLSITE] Filepath: /media/4tb/npex/npex_data/benchmarks-bears/Bears-189-buggy/src/main/java/hu/oe/nik/szfmv/environment/WorldObject.java, Line: 107, Element: getWidth
[CALLSITE] Filepath: /media/4tb/npex/npex_data/benchmarks-bears/Bears-189-buggy/src/main/java/hu/oe/nik/szfmv/environment/WorldObject.java, Line: 108, Element: getHeight
[CALLSITE] Filepath: /media/4tb/npex/npex_data/benchmarks-bears/Bears-189-buggy/src/main/java/hu/oe/nik/szfmv/environment/XmlToModelConverter.java, Line: 99, Element: getPointsFromPositionElement
[ENTRY] Filepath: /media/4tb/npex/npex_data/benchmarks-bears/Bears-189-buggy/src/main/java/hu/oe/nik/szfmv/environment/XmlToModelConverter.java, Line: 154, Element: getPointsFromPositionElement
[CALLSITE] Filepath: /media/4tb/npex/npex_data/benchmarks-bears/Bears-189-buggy/src/main/java/hu/oe/nik/szfmv/environment/XmlToModelConverter.java, Line: 160, Element: getAttribute
[CALLSITE] Filepath: /media/4tb/npex/npex_data/benchmarks-bears/Bears-189-buggy/src/main/java/hu/oe/nik/szfmv/environment/XmlToModelConverter.java, Line: 160, Element: parseInt
[CALLSITE] Filepath: /media/4tb/npex/npex_data/benchmarks-bears/Bears-189-buggy/src/main/java/hu/oe/nik/szfmv/environment/XmlToModelConverter.java, Line: 161, Element: getAttribute
[CALLSITE] Filepath: /media/4tb/npex/npex_data/benchmarks-bears/Bears-189-buggy/src/main/java/hu/oe/nik/szfmv/environment/XmlToModelConverter.java, Line: 161, Element: parseInt
[CALLSITE] Filepath: /media/4tb/npex/npex_data/benchmarks-bears/Bears-189-buggy/src/main/java/hu/oe/nik/szfmv/environment/XmlToModelConverter.java, Line: 100, Element: setX
[ENTRY] Filepath: /media/4tb/npex/npex_data/benchmarks-bears/Bears-189-buggy/src/main/java/hu/oe/nik/szfmv/environment/WorldObject.java, Line: 48, Element: setX
[CALLSITE] Filepath: /media/4tb/npex/npex_data/benchmarks-bears/Bears-189-buggy/src/main/java/hu/oe/nik/szfmv/environment/XmlToModelConverter.java, Line: 101, Element: setY
[ENTRY] Filepath: /media/4tb/npex/npex_data/benchmarks-bears/Bears-189-buggy/src/main/java/hu/oe/nik/szfmv/environment/WorldObject.java, Line: 56, Element: setY
[CALLSITE] Filepath: /media/4tb/npex/npex_data/benchmarks-bears/Bears-189-buggy/src/main/java/hu/oe/nik/szfmv/environment/XmlToModelConverter.java, Line: 104, Element: getRotacionFromTransformElement
[CALLSITE] Filepath: /media/4tb/npex/npex_data/benchmarks-bears/Bears-189-buggy/src/main/java/hu/oe/nik/szfmv/environment/XmlToModelConverter.java, Line: 104, Element: setRotation
[ENTRY] Filepath: /media/4tb/npex/npex_data/benchmarks-bears/Bears-189-buggy/src/main/java/hu/oe/nik/szfmv/environment/XmlToModelConverter.java, Line: 173, Element: getRotacionFromTransformElement
[CALLSITE] Filepath: /media/4tb/npex/npex_data/benchmarks-bears/Bears-189-buggy/src/main/java/hu/oe/nik/szfmv/environment/XmlToModelConverter.java, Line: 182, Element: getAttribute
[CALLSITE] Filepath: /media/4tb/npex/npex_data/benchmarks-bears/Bears-189-buggy/src/main/java/hu/oe/nik/szfmv/environment/XmlToModelConverter.java, Line: 182, Element: parseDouble
[CALLSITE] Filepath: /media/4tb/npex/npex_data/benchmarks-bears/Bears-189-buggy/src/main/java/hu/oe/nik/szfmv/environment/XmlToModelConverter.java, Line: 183, Element: getAttribute
[CALLSITE] Filepath: /media/4tb/npex/npex_data/benchmarks-bears/Bears-189-buggy/src/main/java/hu/oe/nik/szfmv/environment/XmlToModelConverter.java, Line: 183, Element: parseDouble
[CALLSITE] Filepath: /media/4tb/npex/npex_data/benchmarks-bears/Bears-189-buggy/src/main/java/hu/oe/nik/szfmv/environment/XmlToModelConverter.java, Line: 184, Element: getAttribute
[CALLSITE] Filepath: /media/4tb/npex/npex_data/benchmarks-bears/Bears-189-buggy/src/main/java/hu/oe/nik/szfmv/environment/XmlToModelConverter.java, Line: 184, Element: parseDouble
[CALLSITE] Filepath: /media/4tb/npex/npex_data/benchmarks-bears/Bears-189-buggy/src/main/java/hu/oe/nik/szfmv/environment/XmlToModelConverter.java, Line: 185, Element: getAttribute
[CALLSITE] Filepath: /media/4tb/npex/npex_data/benchmarks-bears/Bears-189-buggy/src/main/java/hu/oe/nik/szfmv/environment/XmlToModelConverter.java, Line: 185, Element: parseDouble
[CALLSITE] Filepath: /media/4tb/npex/npex_data/benchmarks-bears/Bears-189-buggy/src/main/java/hu/oe/nik/szfmv/environment/XmlToModelConverter.java, Line: 187, Element: convertMatrixToRadians
[ENTRY] Filepath: /media/4tb/npex/npex_data/benchmarks-bears/Bears-189-buggy/src/main/java/hu/oe/nik/szfmv/common/Utils.java, Line: 40, Element: convertMatrixToRadians
[CALLSITE] Filepath: /media/4tb/npex/npex_data/benchmarks-bears/Bears-189-buggy/src/main/java/hu/oe/nik/szfmv/common/Utils.java, Line: 41, Element: atan2
[ENTRY] Filepath: /media/4tb/npex/npex_data/benchmarks-bears/Bears-189-buggy/src/main/java/hu/oe/nik/szfmv/environment/WorldObject.java, Line: 88, Element: setRotation
[CALLSITE] Filepath: /media/4tb/npex/npex_data/benchmarks-bears/Bears-189-buggy/src/main/java/hu/oe/nik/szfmv/environment/XmlToModelConverter.java, Line: 107, Element: generateShape
[ENTRY] Filepath: /media/4tb/npex/npex_data/benchmarks-bears/Bears-189-buggy/src/main/java/hu/oe/nik/szfmv/environment/models/Road.java, Line: 119, Element: generateShape
[CALLSITE] Filepath: /media/4tb/npex/npex_data/benchmarks-bears/Bears-189-buggy/src/main/java/hu/oe/nik/szfmv/environment/models/Road.java, Line: 122, Element: get
[CALLSITE] Filepath: /media/4tb/npex/npex_data/benchmarks-bears/Bears-189-buggy/src/main/java/hu/oe/nik/szfmv/environment/models/Road.java, Line: 125, Element: getRotation
[CALLSITE] Filepath: /media/4tb/npex/npex_data/benchmarks-bears/Bears-189-buggy/src/main/java/hu/oe/nik/szfmv/environment/models/Road.java, Line: 125, Element: getX
[CALLSITE] Filepath: /media/4tb/npex/npex_data/benchmarks-bears/Bears-189-buggy/src/main/java/hu/oe/nik/szfmv/environment/models/Road.java, Line: 125, Element: getWidth
[CALLSITE] Filepath: /media/4tb/npex/npex_data/benchmarks-bears/Bears-189-buggy/src/main/java/hu/oe/nik/szfmv/environment/models/Road.java, Line: 125, Element: rotate
[ENTRY] Filepath: /media/4tb/npex/npex_data/benchmarks-bears/Bears-189-buggy/src/main/java/hu/oe/nik/szfmv/environment/WorldObject.java, Line: 76, Element: getRotation
[ENTRY] Filepath: /media/4tb/npex/npex_data/benchmarks-bears/Bears-189-buggy/src/main/java/hu/oe/nik/szfmv/environment/WorldObject.java, Line: 44, Element: getX
[ENTRY] Filepath: /media/4tb/npex/npex_data/benchmarks-bears/Bears-189-buggy/src/main/java/hu/oe/nik/szfmv/environment/WorldObject.java, Line: 60, Element: getWidth
[ENTRY] Filepath: /media/4tb/npex/npex_data/benchmarks-bears/Bears-189-buggy/src/main/java/hu/oe/nik/szfmv/environment/WorldObject.java, Line: 52, Element: getY
[ENTRY] Filepath: /media/4tb/npex/npex_data/benchmarks-bears/Bears-189-buggy/src/main/java/hu/oe/nik/szfmv/environment/WorldObject.java, Line: 64, Element: getHeight
[CALLSITE] Filepath: /media/4tb/npex/npex_data/benchmarks-bears/Bears-189-buggy/src/main/java/hu/oe/nik/szfmv/environment/models/Road.java, Line: 131, Element: get
[CALLSITE] Filepath: /media/4tb/npex/npex_data/benchmarks-bears/Bears-189-buggy/src/main/java/hu/oe/nik/szfmv/environment/models/Road.java, Line: 131, Element: createTransformedShape
[CALLSITE] Filepath: /media/4tb/npex/npex_data/benchmarks-bears/Bears-189-buggy/src/main/java/hu/oe/nik/szfmv/environment/models/Road.java, Line: 135, Element: generateShape
[ENTRY] Filepath: /media/4tb/npex/npex_data/benchmarks-bears/Bears-189-buggy/src/main/java/hu/oe/nik/szfmv/environment/WorldObject.java, Line: 117, Element: generateShape
[CALLSITE] Filepath: /media/4tb/npex/npex_data/benchmarks-bears/Bears-189-buggy/src/main/java/hu/oe/nik/szfmv/environment/WorldObject.java, Line: 119, Element: getRotation
[CALLSITE] Filepath: /media/4tb/npex/npex_data/benchmarks-bears/Bears-189-buggy/src/main/java/hu/oe/nik/szfmv/environment/WorldObject.java, Line: 119, Element: getX
[CALLSITE] Filepath: /media/4tb/npex/npex_data/benchmarks-bears/Bears-189-buggy/src/main/java/hu/oe/nik/szfmv/environment/WorldObject.java, Line: 119, Element: getY
[CALLSITE] Filepath: /media/4tb/npex/npex_data/benchmarks-bears/Bears-189-buggy/src/main/java/hu/oe/nik/szfmv/environment/WorldObject.java, Line: 119, Element: rotate
[ENTRY] Filepath: /media/4tb/npex/npex_data/benchmarks-bears/Bears-189-buggy/src/main/java/hu/oe/nik/szfmv/environment/WorldObject.java, Line: 76, Element: getRotation
[ENTRY] Filepath: /media/4tb/npex/npex_data/benchmarks-bears/Bears-189-buggy/src/main/java/hu/oe/nik/szfmv/environment/WorldObject.java, Line: 44, Element: getX
[ENTRY] Filepath: /media/4tb/npex/npex_data/benchmarks-bears/Bears-189-buggy/src/main/java/hu/oe/nik/szfmv/environment/WorldObject.java, Line: 52, Element: getY
[CALLSITE] Filepath: /media/4tb/npex/npex_data/benchmarks-bears/Bears-189-buggy/src/main/java/hu/oe/nik/szfmv/environment/WorldObject.java, Line: 120, Element: isInstance
[CALLSITE] Filepath: /media/4tb/npex/npex_data/benchmarks-bears/Bears-189-buggy/src/main/java/hu/oe/nik/szfmv/environment/WorldObject.java, Line: 121, Element: createTransformedShape
[ENTRY] Filepath: /media/4tb/npex/npex_data/benchmarks-bears/Bears-189-buggy/src/main/java/hu/oe/nik/szfmv/environment/WorldObject.java, Line: 44, Element: getX
[ENTRY] Filepath: /media/4tb/npex/npex_data/benchmarks-bears/Bears-189-buggy/src/main/java/hu/oe/nik/szfmv/environment/WorldObject.java, Line: 52, Element: getY
[ENTRY] Filepath: /media/4tb/npex/npex_data/benchmarks-bears/Bears-189-buggy/src/main/java/hu/oe/nik/szfmv/environment/WorldObject.java, Line: 60, Element: getWidth
[ENTRY] Filepath: /media/4tb/npex/npex_data/benchmarks-bears/Bears-189-buggy/src/main/java/hu/oe/nik/szfmv/environment/WorldObject.java, Line: 64, Element: getHeight
[CALLSITE] Filepath: /media/4tb/npex/npex_data/benchmarks-bears/Bears-189-buggy/src/main/java/hu/oe/nik/szfmv/environment/XmlToModelConverter.java, Line: 109, Element: toString
[CALLSITE] Filepath: /media/4tb/npex/npex_data/benchmarks-bears/Bears-189-buggy/src/main/java/hu/oe/nik/szfmv/environment/XmlToModelConverter.java, Line: 109, Element: debug
[ENTRY] Filepath: /media/4tb/npex/npex_data/benchmarks-bears/Bears-189-buggy/src/main/java/hu/oe/nik/szfmv/environment/WorldObject.java, Line: 135, Element: toString
[CALLSITE] Filepath: /media/4tb/npex/npex_data/benchmarks-bears/Bears-189-buggy/src/main/java/hu/oe/nik/szfmv/environment/XmlToModelConverter.java, Line: 50, Element: item
[CALLSITE] Filepath: /media/4tb/npex/npex_data/benchmarks-bears/Bears-189-buggy/src/main/java/hu/oe/nik/szfmv/environment/XmlToModelConverter.java, Line: 52, Element: readValueFromXml
[CALLSITE] Filepath: /media/4tb/npex/npex_data/benchmarks-bears/Bears-189-buggy/src/main/java/hu/oe/nik/szfmv/environment/XmlToModelConverter.java, Line: 52, Element: add
[ENTRY] Filepath: /media/4tb/npex/npex_data/benchmarks-bears/Bears-189-buggy/src/main/java/hu/oe/nik/szfmv/environment/XmlToModelConverter.java, Line: 67, Element: readValueFromXml
[CALLSITE] Filepath: /media/4tb/npex/npex_data/benchmarks-bears/Bears-189-buggy/src/main/java/hu/oe/nik/szfmv/environment/XmlToModelConverter.java, Line: 72, Element: getAttribute
[CALLSITE] Filepath: /media/4tb/npex/npex_data/benchmarks-bears/Bears-189-buggy/src/main/java/hu/oe/nik/szfmv/environment/XmlToModelConverter.java, Line: 75, Element: getChildNodes
[CALLSITE] Filepath: /media/4tb/npex/npex_data/benchmarks-bears/Bears-189-buggy/src/main/java/hu/oe/nik/szfmv/environment/XmlToModelConverter.java, Line: 76, Element: getLength
[CALLSITE] Filepath: /media/4tb/npex/npex_data/benchmarks-bears/Bears-189-buggy/src/main/java/hu/oe/nik/szfmv/environment/XmlToModelConverter.java, Line: 77, Element: item
[CALLSITE] Filepath: /media/4tb/npex/npex_data/benchmarks-bears/Bears-189-buggy/src/main/java/hu/oe/nik/szfmv/environment/XmlToModelConverter.java, Line: 77, Element: getNodeName
[CALLSITE] Filepath: /media/4tb/npex/npex_data/benchmarks-bears/Bears-189-buggy/src/main/java/hu/oe/nik/szfmv/environment/XmlToModelConverter.java, Line: 77, Element: item
[CALLSITE] Filepath: /media/4tb/npex/npex_data/benchmarks-bears/Bears-189-buggy/src/main/java/hu/oe/nik/szfmv/environment/XmlToModelConverter.java, Line: 77, Element: getNodeName
[CALLSITE] Filepath: /media/4tb/npex/npex_data/benchmarks-bears/Bears-189-buggy/src/main/java/hu/oe/nik/szfmv/environment/XmlToModelConverter.java, Line: 79, Element: item
[CALLSITE] Filepath: /media/4tb/npex/npex_data/benchmarks-bears/Bears-189-buggy/src/main/java/hu/oe/nik/szfmv/environment/XmlToModelConverter.java, Line: 77, Element: item
[CALLSITE] Filepath: /media/4tb/npex/npex_data/benchmarks-bears/Bears-189-buggy/src/main/java/hu/oe/nik/szfmv/environment/XmlToModelConverter.java, Line: 77, Element: getNodeName
[CALLSITE] Filepath: /media/4tb/npex/npex_data/benchmarks-bears/Bears-189-buggy/src/main/java/hu/oe/nik/szfmv/environment/XmlToModelConverter.java, Line: 77, Element: item
[CALLSITE] Filepath: /media/4tb/npex/npex_data/benchmarks-bears/Bears-189-buggy/src/main/java/hu/oe/nik/szfmv/environment/XmlToModelConverter.java, Line: 77, Element: getNodeName
[CALLSITE] Filepath: /media/4tb/npex/npex_data/benchmarks-bears/Bears-189-buggy/src/main/java/hu/oe/nik/szfmv/environment/XmlToModelConverter.java, Line: 82, Element: item
[CALLSITE] Filepath: /media/4tb/npex/npex_data/benchmarks-bears/Bears-189-buggy/src/main/java/hu/oe/nik/szfmv/environment/XmlToModelConverter.java, Line: 77, Element: item
[CALLSITE] Filepath: /media/4tb/npex/npex_data/benchmarks-bears/Bears-189-buggy/src/main/java/hu/oe/nik/szfmv/environment/XmlToModelConverter.java, Line: 77, Element: getNodeName
[CALLSITE] Filepath: /media/4tb/npex/npex_data/benchmarks-bears/Bears-189-buggy/src/main/java/hu/oe/nik/szfmv/environment/XmlToModelConverter.java, Line: 77, Element: item
[CALLSITE] Filepath: /media/4tb/npex/npex_data/benchmarks-bears/Bears-189-buggy/src/main/java/hu/oe/nik/szfmv/environment/XmlToModelConverter.java, Line: 77, Element: getNodeName
[CALLSITE] Filepath: /media/4tb/npex/npex_data/benchmarks-bears/Bears-189-buggy/src/main/java/hu/oe/nik/szfmv/environment/XmlToModelConverter.java, Line: 77, Element: item
[CALLSITE] Filepath: /media/4tb/npex/npex_data/benchmarks-bears/Bears-189-buggy/src/main/java/hu/oe/nik/szfmv/environment/XmlToModelConverter.java, Line: 77, Element: getNodeName
[CALLSITE] Filepath: /media/4tb/npex/npex_data/benchmarks-bears/Bears-189-buggy/src/main/java/hu/oe/nik/szfmv/environment/XmlToModelConverter.java, Line: 77, Element: item
[CALLSITE] Filepath: /media/4tb/npex/npex_data/benchmarks-bears/Bears-189-buggy/src/main/java/hu/oe/nik/szfmv/environment/XmlToModelConverter.java, Line: 77, Element: getNodeName
[CALLSITE] Filepath: /media/4tb/npex/npex_data/benchmarks-bears/Bears-189-buggy/src/main/java/hu/oe/nik/szfmv/environment/XmlToModelConverter.java, Line: 77, Element: item
[CALLSITE] Filepath: /media/4tb/npex/npex_data/benchmarks-bears/Bears-189-buggy/src/main/java/hu/oe/nik/szfmv/environment/XmlToModelConverter.java, Line: 77, Element: getNodeName
[CALLSITE] Filepath: /media/4tb/npex/npex_data/benchmarks-bears/Bears-189-buggy/src/main/java/hu/oe/nik/szfmv/environment/XmlToModelConverter.java, Line: 77, Element: item
[CALLSITE] Filepath: /media/4tb/npex/npex_data/benchmarks-bears/Bears-189-buggy/src/main/java/hu/oe/nik/szfmv/environment/XmlToModelConverter.java, Line: 77, Element: getNodeName
[CALLSITE] Filepath: /media/4tb/npex/npex_data/benchmarks-bears/Bears-189-buggy/src/main/java/hu/oe/nik/szfmv/environment/XmlToModelConverter.java, Line: 77, Element: item
[CALLSITE] Filepath: /media/4tb/npex/npex_data/benchmarks-bears/Bears-189-buggy/src/main/java/hu/oe/nik/szfmv/environment/XmlToModelConverter.java, Line: 77, Element: getNodeName
[CALLSITE] Filepath: /media/4tb/npex/npex_data/benchmarks-bears/Bears-189-buggy/src/main/java/hu/oe/nik/szfmv/environment/XmlToModelConverter.java, Line: 91, Element: createObjectFromType
[ENTRY] Filepath: /media/4tb/npex/npex_data/benchmarks-bears/Bears-189-buggy/src/main/java/hu/oe/nik/szfmv/environment/XmlToModelConverter.java, Line: 118, Element: createObjectFromType
[CALLSITE] Filepath: /media/4tb/npex/npex_data/benchmarks-bears/Bears-189-buggy/src/main/java/hu/oe/nik/szfmv/environment/XmlToModelConverter.java, Line: 122, Element: indexOf
[CALLSITE] Filepath: /media/4tb/npex/npex_data/benchmarks-bears/Bears-189-buggy/src/main/java/hu/oe/nik/szfmv/environment/XmlToModelConverter.java, Line: 123, Element: indexOf
[CALLSITE] Filepath: /media/4tb/npex/npex_data/benchmarks-bears/Bears-189-buggy/src/main/java/hu/oe/nik/szfmv/environment/XmlToModelConverter.java, Line: 123, Element: substring
[CALLSITE] Filepath: /media/4tb/npex/npex_data/benchmarks-bears/Bears-189-buggy/src/main/java/hu/oe/nik/szfmv/environment/models/Road.java, Line: 92, Element: hashMapInit
[ENTRY] Filepath: /media/4tb/npex/npex_data/benchmarks-bears/Bears-189-buggy/src/main/java/hu/oe/nik/szfmv/environment/models/Road.java, Line: 95, Element: hashMapInit
[CALLSITE] Filepath: /media/4tb/npex/npex_data/benchmarks-bears/Bears-189-buggy/src/main/java/hu/oe/nik/szfmv/environment/models/Road.java, Line: 96, Element: put
[CALLSITE] Filepath: /media/4tb/npex/npex_data/benchmarks-bears/Bears-189-buggy/src/main/java/hu/oe/nik/szfmv/environment/models/Road.java, Line: 97, Element: put
[CALLSITE] Filepath: /media/4tb/npex/npex_data/benchmarks-bears/Bears-189-buggy/src/main/java/hu/oe/nik/szfmv/environment/models/Road.java, Line: 98, Element: put
[CALLSITE] Filepath: /media/4tb/npex/npex_data/benchmarks-bears/Bears-189-buggy/src/main/java/hu/oe/nik/szfmv/environment/models/Road.java, Line: 99, Element: put
[CALLSITE] Filepath: /media/4tb/npex/npex_data/benchmarks-bears/Bears-189-buggy/src/main/java/hu/oe/nik/szfmv/environment/models/Road.java, Line: 100, Element: put
[CALLSITE] Filepath: /media/4tb/npex/npex_data/benchmarks-bears/Bears-189-buggy/src/main/java/hu/oe/nik/szfmv/environment/models/Road.java, Line: 101, Element: put
[CALLSITE] Filepath: /media/4tb/npex/npex_data/benchmarks-bears/Bears-189-buggy/src/main/java/hu/oe/nik/szfmv/environment/models/Road.java, Line: 102, Element: put
[CALLSITE] Filepath: /media/4tb/npex/npex_data/benchmarks-bears/Bears-189-buggy/src/main/java/hu/oe/nik/szfmv/environment/models/Road.java, Line: 103, Element: put
[CALLSITE] Filepath: /media/4tb/npex/npex_data/benchmarks-bears/Bears-189-buggy/src/main/java/hu/oe/nik/szfmv/environment/models/Road.java, Line: 104, Element: put
[CALLSITE] Filepath: /media/4tb/npex/npex_data/benchmarks-bears/Bears-189-buggy/src/main/java/hu/oe/nik/szfmv/environment/XmlToModelConverter.java, Line: 93, Element: setImageFileName
[ENTRY] Filepath: /media/4tb/npex/npex_data/benchmarks-bears/Bears-189-buggy/src/main/java/hu/oe/nik/szfmv/environment/WorldObject.java, Line: 92, Element: setImageFileName
[CALLSITE] Filepath: /media/4tb/npex/npex_data/benchmarks-bears/Bears-189-buggy/src/main/java/hu/oe/nik/szfmv/environment/XmlToModelConverter.java, Line: 96, Element: generateDimens
[ENTRY] Filepath: /media/4tb/npex/npex_data/benchmarks-bears/Bears-189-buggy/src/main/java/hu/oe/nik/szfmv/environment/WorldObject.java, Line: 101, Element: generateDimens
[CALLSITE] Filepath: /media/4tb/npex/npex_data/benchmarks-bears/Bears-189-buggy/src/main/java/hu/oe/nik/szfmv/environment/WorldObject.java, Line: 103, Element: read
[ENTRY] Filepath: /media/4tb/npex/npex_data/benchmarks-bears/Bears-189-buggy/src/main/java/hu/oe/nik/szfmv/environment/WorldObject.java, Line: 80, Element: getImageFileName
[CALLSITE] Filepath: /media/4tb/npex/npex_data/benchmarks-bears/Bears-189-buggy/src/main/java/hu/oe/nik/szfmv/environment/WorldObject.java, Line: 107, Element: getWidth
[CALLSITE] Filepath: /media/4tb/npex/npex_data/benchmarks-bears/Bears-189-buggy/src/main/java/hu/oe/nik/szfmv/environment/WorldObject.java, Line: 108, Element: getHeight
[CALLSITE] Filepath: /media/4tb/npex/npex_data/benchmarks-bears/Bears-189-buggy/src/main/java/hu/oe/nik/szfmv/environment/XmlToModelConverter.java, Line: 99, Element: getPointsFromPositionElement
[ENTRY] Filepath: /media/4tb/npex/npex_data/benchmarks-bears/Bears-189-buggy/src/main/java/hu/oe/nik/szfmv/environment/XmlToModelConverter.java, Line: 154, Element: getPointsFromPositionElement
[CALLSITE] Filepath: /media/4tb/npex/npex_data/benchmarks-bears/Bears-189-buggy/src/main/java/hu/oe/nik/szfmv/environment/XmlToModelConverter.java, Line: 160, Element: getAttribute
[CALLSITE] Filepath: /media/4tb/npex/npex_data/benchmarks-bears/Bears-189-buggy/src/main/java/hu/oe/nik/szfmv/environment/XmlToModelConverter.java, Line: 160, Element: parseInt
[CALLSITE] Filepath: /media/4tb/npex/npex_data/benchmarks-bears/Bears-189-buggy/src/main/java/hu/oe/nik/szfmv/environment/XmlToModelConverter.java, Line: 161, Element: getAttribute
[CALLSITE] Filepath: /media/4tb/npex/npex_data/benchmarks-bears/Bears-189-buggy/src/main/java/hu/oe/nik/szfmv/environment/XmlToModelConverter.java, Line: 161, Element: parseInt
[CALLSITE] Filepath: /media/4tb/npex/npex_data/benchmarks-bears/Bears-189-buggy/src/main/java/hu/oe/nik/szfmv/environment/XmlToModelConverter.java, Line: 100, Element: setX
[ENTRY] Filepath: /media/4tb/npex/npex_data/benchmarks-bears/Bears-189-buggy/src/main/java/hu/oe/nik/szfmv/environment/WorldObject.java, Line: 48, Element: setX
[CALLSITE] Filepath: /media/4tb/npex/npex_data/benchmarks-bears/Bears-189-buggy/src/main/java/hu/oe/nik/szfmv/environment/XmlToModelConverter.java, Line: 101, Element: setY
[ENTRY] Filepath: /media/4tb/npex/npex_data/benchmarks-bears/Bears-189-buggy/src/main/java/hu/oe/nik/szfmv/environment/WorldObject.java, Line: 56, Element: setY
[CALLSITE] Filepath: /media/4tb/npex/npex_data/benchmarks-bears/Bears-189-buggy/src/main/java/hu/oe/nik/szfmv/environment/XmlToModelConverter.java, Line: 104, Element: getRotacionFromTransformElement
[CALLSITE] Filepath: /media/4tb/npex/npex_data/benchmarks-bears/Bears-189-buggy/src/main/java/hu/oe/nik/szfmv/environment/XmlToModelConverter.java, Line: 104, Element: setRotation
[ENTRY] Filepath: /media/4tb/npex/npex_data/benchmarks-bears/Bears-189-buggy/src/main/java/hu/oe/nik/szfmv/environment/XmlToModelConverter.java, Line: 173, Element: getRotacionFromTransformElement
[CALLSITE] Filepath: /media/4tb/npex/npex_data/benchmarks-bears/Bears-189-buggy/src/main/java/hu/oe/nik/szfmv/environment/XmlToModelConverter.java, Line: 182, Element: getAttribute
[CALLSITE] Filepath: /media/4tb/npex/npex_data/benchmarks-bears/Bears-189-buggy/src/main/java/hu/oe/nik/szfmv/environment/XmlToModelConverter.java, Line: 182, Element: parseDouble
[CALLSITE] Filepath: /media/4tb/npex/npex_data/benchmarks-bears/Bears-189-buggy/src/main/java/hu/oe/nik/szfmv/environment/XmlToModelConverter.java, Line: 183, Element: getAttribute
[CALLSITE] Filepath: /media/4tb/npex/npex_data/benchmarks-bears/Bears-189-buggy/src/main/java/hu/oe/nik/szfmv/environment/XmlToModelConverter.java, Line: 183, Element: parseDouble
[CALLSITE] Filepath: /media/4tb/npex/npex_data/benchmarks-bears/Bears-189-buggy/src/main/java/hu/oe/nik/szfmv/environment/XmlToModelConverter.java, Line: 184, Element: getAttribute
[CALLSITE] Filepath: /media/4tb/npex/npex_data/benchmarks-bears/Bears-189-buggy/src/main/java/hu/oe/nik/szfmv/environment/XmlToModelConverter.java, Line: 184, Element: parseDouble
[CALLSITE] Filepath: /media/4tb/npex/npex_data/benchmarks-bears/Bears-189-buggy/src/main/java/hu/oe/nik/szfmv/environment/XmlToModelConverter.java, Line: 185, Element: getAttribute
[CALLSITE] Filepath: /media/4tb/npex/npex_data/benchmarks-bears/Bears-189-buggy/src/main/java/hu/oe/nik/szfmv/environment/XmlToModelConverter.java, Line: 185, Element: parseDouble
[CALLSITE] Filepath: /media/4tb/npex/npex_data/benchmarks-bears/Bears-189-buggy/src/main/java/hu/oe/nik/szfmv/environment/XmlToModelConverter.java, Line: 187, Element: convertMatrixToRadians
[ENTRY] Filepath: /media/4tb/npex/npex_data/benchmarks-bears/Bears-189-buggy/src/main/java/hu/oe/nik/szfmv/common/Utils.java, Line: 40, Element: convertMatrixToRadians
[CALLSITE] Filepath: /media/4tb/npex/npex_data/benchmarks-bears/Bears-189-buggy/src/main/java/hu/oe/nik/szfmv/common/Utils.java, Line: 41, Element: atan2
[ENTRY] Filepath: /media/4tb/npex/npex_data/benchmarks-bears/Bears-189-buggy/src/main/java/hu/oe/nik/szfmv/environment/WorldObject.java, Line: 88, Element: setRotation
[CALLSITE] Filepath: /media/4tb/npex/npex_data/benchmarks-bears/Bears-189-buggy/src/main/java/hu/oe/nik/szfmv/environment/XmlToModelConverter.java, Line: 107, Element: generateShape
[ENTRY] Filepath: /media/4tb/npex/npex_data/benchmarks-bears/Bears-189-buggy/src/main/java/hu/oe/nik/szfmv/environment/models/Road.java, Line: 119, Element: generateShape
[CALLSITE] Filepath: /media/4tb/npex/npex_data/benchmarks-bears/Bears-189-buggy/src/main/java/hu/oe/nik/szfmv/environment/models/Road.java, Line: 122, Element: get
[CALLSITE] Filepath: /media/4tb/npex/npex_data/benchmarks-bears/Bears-189-buggy/src/main/java/hu/oe/nik/szfmv/environment/models/Road.java, Line: 128, Element: getX
[CALLSITE] Filepath: /media/4tb/npex/npex_data/benchmarks-bears/Bears-189-buggy/src/main/java/hu/oe/nik/szfmv/environment/models/Road.java, Line: 128, Element: getX
[CALLSITE] Filepath: /media/4tb/npex/npex_data/benchmarks-bears/Bears-189-buggy/src/main/java/hu/oe/nik/szfmv/environment/models/Road.java, Line: 128, Element: getY
[CALLSITE] Filepath: /media/4tb/npex/npex_data/benchmarks-bears/Bears-189-buggy/src/main/java/hu/oe/nik/szfmv/environment/models/Road.java, Line: 128, Element: getY
[CALLSITE] Filepath: /media/4tb/npex/npex_data/benchmarks-bears/Bears-189-buggy/src/main/java/hu/oe/nik/szfmv/environment/models/Road.java, Line: 128, Element: translate
[ENTRY] Filepath: /media/4tb/npex/npex_data/benchmarks-bears/Bears-189-buggy/src/main/java/hu/oe/nik/szfmv/environment/WorldObject.java, Line: 44, Element: getX
[ENTRY] Filepath: /media/4tb/npex/npex_data/benchmarks-bears/Bears-189-buggy/src/main/java/hu/oe/nik/szfmv/environment/WorldObject.java, Line: 52, Element: getY
[CALLSITE] Filepath: /media/4tb/npex/npex_data/benchmarks-bears/Bears-189-buggy/src/main/java/hu/oe/nik/szfmv/environment/models/Road.java, Line: 129, Element: getRotation
[CALLSITE] Filepath: /media/4tb/npex/npex_data/benchmarks-bears/Bears-189-buggy/src/main/java/hu/oe/nik/szfmv/environment/models/Road.java, Line: 129, Element: getX
[CALLSITE] Filepath: /media/4tb/npex/npex_data/benchmarks-bears/Bears-189-buggy/src/main/java/hu/oe/nik/szfmv/environment/models/Road.java, Line: 129, Element: getY
[CALLSITE] Filepath: /media/4tb/npex/npex_data/benchmarks-bears/Bears-189-buggy/src/main/java/hu/oe/nik/szfmv/environment/models/Road.java, Line: 129, Element: rotate
[ENTRY] Filepath: /media/4tb/npex/npex_data/benchmarks-bears/Bears-189-buggy/src/main/java/hu/oe/nik/szfmv/environment/WorldObject.java, Line: 76, Element: getRotation
[CALLSITE] Filepath: /media/4tb/npex/npex_data/benchmarks-bears/Bears-189-buggy/src/main/java/hu/oe/nik/szfmv/environment/models/Road.java, Line: 131, Element: get
[CALLSITE] Filepath: /media/4tb/npex/npex_data/benchmarks-bears/Bears-189-buggy/src/main/java/hu/oe/nik/szfmv/environment/models/Road.java, Line: 131, Element: createTransformedShape
[CALLSITE] Filepath: /media/4tb/npex/npex_data/benchmarks-bears/Bears-189-buggy/src/main/java/hu/oe/nik/szfmv/environment/XmlToModelConverter.java, Line: 109, Element: toString
[CALLSITE] Filepath: /media/4tb/npex/npex_data/benchmarks-bears/Bears-189-buggy/src/main/java/hu/oe/nik/szfmv/environment/XmlToModelConverter.java, Line: 109, Element: debug
[ENTRY] Filepath: /media/4tb/npex/npex_data/benchmarks-bears/Bears-189-buggy/src/main/java/hu/oe/nik/szfmv/environment/WorldObject.java, Line: 135, Element: toString
[CALLSITE] Filepath: /media/4tb/npex/npex_data/benchmarks-bears/Bears-189-buggy/src/main/java/hu/oe/nik/szfmv/environment/XmlToModelConverter.java, Line: 50, Element: item
[CALLSITE] Filepath: /media/4tb/npex/npex_data/benchmarks-bears/Bears-189-buggy/src/main/java/hu/oe/nik/szfmv/environment/XmlToModelConverter.java, Line: 52, Element: readValueFromXml
[CALLSITE] Filepath: /media/4tb/npex/npex_data/benchmarks-bears/Bears-189-buggy/src/main/java/hu/oe/nik/szfmv/environment/XmlToModelConverter.java, Line: 52, Element: add
[ENTRY] Filepath: /media/4tb/npex/npex_data/benchmarks-bears/Bears-189-buggy/src/main/java/hu/oe/nik/szfmv/environment/XmlToModelConverter.java, Line: 67, Element: readValueFromXml
[CALLSITE] Filepath: /media/4tb/npex/npex_data/benchmarks-bears/Bears-189-buggy/src/main/java/hu/oe/nik/szfmv/environment/XmlToModelConverter.java, Line: 72, Element: getAttribute
[CALLSITE] Filepath: /media/4tb/npex/npex_data/benchmarks-bears/Bears-189-buggy/src/main/java/hu/oe/nik/szfmv/environment/XmlToModelConverter.java, Line: 75, Element: getChildNodes
[CALLSITE] Filepath: /media/4tb/npex/npex_data/benchmarks-bears/Bears-189-buggy/src/main/java/hu/oe/nik/szfmv/environment/XmlToModelConverter.java, Line: 76, Element: getLength
[CALLSITE] Filepath: /media/4tb/npex/npex_data/benchmarks-bears/Bears-189-buggy/src/main/java/hu/oe/nik/szfmv/environment/XmlToModelConverter.java, Line: 77, Element: item
[CALLSITE] Filepath: /media/4tb/npex/npex_data/benchmarks-bears/Bears-189-buggy/src/main/java/hu/oe/nik/szfmv/environment/XmlToModelConverter.java, Line: 77, Element: getNodeName
[CALLSITE] Filepath: /media/4tb/npex/npex_data/benchmarks-bears/Bears-189-buggy/src/main/java/hu/oe/nik/szfmv/environment/XmlToModelConverter.java, Line: 77, Element: item
[CALLSITE] Filepath: /media/4tb/npex/npex_data/benchmarks-bears/Bears-189-buggy/src/main/java/hu/oe/nik/szfmv/environment/XmlToModelConverter.java, Line: 77, Element: getNodeName
[CALLSITE] Filepath: /media/4tb/npex/npex_data/benchmarks-bears/Bears-189-buggy/src/main/java/hu/oe/nik/szfmv/environment/XmlToModelConverter.java, Line: 79, Element: item
[CALLSITE] Filepath: /media/4tb/npex/npex_data/benchmarks-bears/Bears-189-buggy/src/main/java/hu/oe/nik/szfmv/environment/XmlToModelConverter.java, Line: 77, Element: item
[CALLSITE] Filepath: /media/4tb/npex/npex_data/benchmarks-bears/Bears-189-buggy/src/main/java/hu/oe/nik/szfmv/environment/XmlToModelConverter.java, Line: 77, Element: getNodeName
[CALLSITE] Filepath: /media/4tb/npex/npex_data/benchmarks-bears/Bears-189-buggy/src/main/java/hu/oe/nik/szfmv/environment/XmlToModelConverter.java, Line: 77, Element: item
[CALLSITE] Filepath: /media/4tb/npex/npex_data/benchmarks-bears/Bears-189-buggy/src/main/java/hu/oe/nik/szfmv/environment/XmlToModelConverter.java, Line: 77, Element: getNodeName
[CALLSITE] Filepath: /media/4tb/npex/npex_data/benchmarks-bears/Bears-189-buggy/src/main/java/hu/oe/nik/szfmv/environment/XmlToModelConverter.java, Line: 82, Element: item
[CALLSITE] Filepath: /media/4tb/npex/npex_data/benchmarks-bears/Bears-189-buggy/src/main/java/hu/oe/nik/szfmv/environment/XmlToModelConverter.java, Line: 77, Element: item
[CALLSITE] Filepath: /media/4tb/npex/npex_data/benchmarks-bears/Bears-189-buggy/src/main/java/hu/oe/nik/szfmv/environment/XmlToModelConverter.java, Line: 77, Element: getNodeName
[CALLSITE] Filepath: /media/4tb/npex/npex_data/benchmarks-bears/Bears-189-buggy/src/main/java/hu/oe/nik/szfmv/environment/XmlToModelConverter.java, Line: 77, Element: item
[CALLSITE] Filepath: /media/4tb/npex/npex_data/benchmarks-bears/Bears-189-buggy/src/main/java/hu/oe/nik/szfmv/environment/XmlToModelConverter.java, Line: 77, Element: getNodeName
[CALLSITE] Filepath: /media/4tb/npex/npex_data/benchmarks-bears/Bears-189-buggy/src/main/java/hu/oe/nik/szfmv/environment/XmlToModelConverter.java, Line: 77, Element: item
[CALLSITE] Filepath: /media/4tb/npex/npex_data/benchmarks-bears/Bears-189-buggy/src/main/java/hu/oe/nik/szfmv/environment/XmlToModelConverter.java, Line: 77, Element: getNodeName
[CALLSITE] Filepath: /media/4tb/npex/npex_data/benchmarks-bears/Bears-189-buggy/src/main/java/hu/oe/nik/szfmv/environment/XmlToModelConverter.java, Line: 77, Element: item
[CALLSITE] Filepath: /media/4tb/npex/npex_data/benchmarks-bears/Bears-189-buggy/src/main/java/hu/oe/nik/szfmv/environment/XmlToModelConverter.java, Line: 77, Element: getNodeName
[CALLSITE] Filepath: /media/4tb/npex/npex_data/benchmarks-bears/Bears-189-buggy/src/main/java/hu/oe/nik/szfmv/environment/XmlToModelConverter.java, Line: 77, Element: item
[CALLSITE] Filepath: /media/4tb/npex/npex_data/benchmarks-bears/Bears-189-buggy/src/main/java/hu/oe/nik/szfmv/environment/XmlToModelConverter.java, Line: 77, Element: getNodeName
[CALLSITE] Filepath: /media/4tb/npex/npex_data/benchmarks-bears/Bears-189-buggy/src/main/java/hu/oe/nik/szfmv/environment/XmlToModelConverter.java, Line: 77, Element: item
[CALLSITE] Filepath: /media/4tb/npex/npex_data/benchmarks-bears/Bears-189-buggy/src/main/java/hu/oe/nik/szfmv/environment/XmlToModelConverter.java, Line: 77, Element: getNodeName
[CALLSITE] Filepath: /media/4tb/npex/npex_data/benchmarks-bears/Bears-189-buggy/src/main/java/hu/oe/nik/szfmv/environment/XmlToModelConverter.java, Line: 77, Element: item
[CALLSITE] Filepath: /media/4tb/npex/npex_data/benchmarks-bears/Bears-189-buggy/src/main/java/hu/oe/nik/szfmv/environment/XmlToModelConverter.java, Line: 77, Element: getNodeName
[CALLSITE] Filepath: /media/4tb/npex/npex_data/benchmarks-bears/Bears-189-buggy/src/main/java/hu/oe/nik/szfmv/environment/XmlToModelConverter.java, Line: 91, Element: createObjectFromType
[ENTRY] Filepath: /media/4tb/npex/npex_data/benchmarks-bears/Bears-189-buggy/src/main/java/hu/oe/nik/szfmv/environment/XmlToModelConverter.java, Line: 118, Element: createObjectFromType
[CALLSITE] Filepath: /media/4tb/npex/npex_data/benchmarks-bears/Bears-189-buggy/src/main/java/hu/oe/nik/szfmv/environment/XmlToModelConverter.java, Line: 122, Element: indexOf
[CALLSITE] Filepath: /media/4tb/npex/npex_data/benchmarks-bears/Bears-189-buggy/src/main/java/hu/oe/nik/szfmv/environment/XmlToModelConverter.java, Line: 123, Element: indexOf
[CALLSITE] Filepath: /media/4tb/npex/npex_data/benchmarks-bears/Bears-189-buggy/src/main/java/hu/oe/nik/szfmv/environment/XmlToModelConverter.java, Line: 123, Element: substring
[CALLSITE] Filepath: /media/4tb/npex/npex_data/benchmarks-bears/Bears-189-buggy/src/main/java/hu/oe/nik/szfmv/environment/models/Road.java, Line: 92, Element: hashMapInit
[ENTRY] Filepath: /media/4tb/npex/npex_data/benchmarks-bears/Bears-189-buggy/src/main/java/hu/oe/nik/szfmv/environment/models/Road.java, Line: 95, Element: hashMapInit
[CALLSITE] Filepath: /media/4tb/npex/npex_data/benchmarks-bears/Bears-189-buggy/src/main/java/hu/oe/nik/szfmv/environment/models/Road.java, Line: 96, Element: put
[CALLSITE] Filepath: /media/4tb/npex/npex_data/benchmarks-bears/Bears-189-buggy/src/main/java/hu/oe/nik/szfmv/environment/models/Road.java, Line: 97, Element: put
[CALLSITE] Filepath: /media/4tb/npex/npex_data/benchmarks-bears/Bears-189-buggy/src/main/java/hu/oe/nik/szfmv/environment/models/Road.java, Line: 98, Element: put
[CALLSITE] Filepath: /media/4tb/npex/npex_data/benchmarks-bears/Bears-189-buggy/src/main/java/hu/oe/nik/szfmv/environment/models/Road.java, Line: 99, Element: put
[CALLSITE] Filepath: /media/4tb/npex/npex_data/benchmarks-bears/Bears-189-buggy/src/main/java/hu/oe/nik/szfmv/environment/models/Road.java, Line: 100, Element: put
[CALLSITE] Filepath: /media/4tb/npex/npex_data/benchmarks-bears/Bears-189-buggy/src/main/java/hu/oe/nik/szfmv/environment/models/Road.java, Line: 101, Element: put
[CALLSITE] Filepath: /media/4tb/npex/npex_data/benchmarks-bears/Bears-189-buggy/src/main/java/hu/oe/nik/szfmv/environment/models/Road.java, Line: 102, Element: put
[CALLSITE] Filepath: /media/4tb/npex/npex_data/benchmarks-bears/Bears-189-buggy/src/main/java/hu/oe/nik/szfmv/environment/models/Road.java, Line: 103, Element: put
[CALLSITE] Filepath: /media/4tb/npex/npex_data/benchmarks-bears/Bears-189-buggy/src/main/java/hu/oe/nik/szfmv/environment/models/Road.java, Line: 104, Element: put
[CALLSITE] Filepath: /media/4tb/npex/npex_data/benchmarks-bears/Bears-189-buggy/src/main/java/hu/oe/nik/szfmv/environment/XmlToModelConverter.java, Line: 93, Element: setImageFileName
[ENTRY] Filepath: /media/4tb/npex/npex_data/benchmarks-bears/Bears-189-buggy/src/main/java/hu/oe/nik/szfmv/environment/WorldObject.java, Line: 92, Element: setImageFileName
[CALLSITE] Filepath: /media/4tb/npex/npex_data/benchmarks-bears/Bears-189-buggy/src/main/java/hu/oe/nik/szfmv/environment/XmlToModelConverter.java, Line: 96, Element: generateDimens
[ENTRY] Filepath: /media/4tb/npex/npex_data/benchmarks-bears/Bears-189-buggy/src/main/java/hu/oe/nik/szfmv/environment/WorldObject.java, Line: 101, Element: generateDimens
[CALLSITE] Filepath: /media/4tb/npex/npex_data/benchmarks-bears/Bears-189-buggy/src/main/java/hu/oe/nik/szfmv/environment/WorldObject.java, Line: 103, Element: read
[ENTRY] Filepath: /media/4tb/npex/npex_data/benchmarks-bears/Bears-189-buggy/src/main/java/hu/oe/nik/szfmv/environment/WorldObject.java, Line: 80, Element: getImageFileName
[CALLSITE] Filepath: /media/4tb/npex/npex_data/benchmarks-bears/Bears-189-buggy/src/main/java/hu/oe/nik/szfmv/environment/WorldObject.java, Line: 107, Element: getWidth
[CALLSITE] Filepath: /media/4tb/npex/npex_data/benchmarks-bears/Bears-189-buggy/src/main/java/hu/oe/nik/szfmv/environment/WorldObject.java, Line: 108, Element: getHeight
[CALLSITE] Filepath: /media/4tb/npex/npex_data/benchmarks-bears/Bears-189-buggy/src/main/java/hu/oe/nik/szfmv/environment/XmlToModelConverter.java, Line: 99, Element: getPointsFromPositionElement
[ENTRY] Filepath: /media/4tb/npex/npex_data/benchmarks-bears/Bears-189-buggy/src/main/java/hu/oe/nik/szfmv/environment/XmlToModelConverter.java, Line: 154, Element: getPointsFromPositionElement
[CALLSITE] Filepath: /media/4tb/npex/npex_data/benchmarks-bears/Bears-189-buggy/src/main/java/hu/oe/nik/szfmv/environment/XmlToModelConverter.java, Line: 160, Element: getAttribute
[CALLSITE] Filepath: /media/4tb/npex/npex_data/benchmarks-bears/Bears-189-buggy/src/main/java/hu/oe/nik/szfmv/environment/XmlToModelConverter.java, Line: 160, Element: parseInt
[CALLSITE] Filepath: /media/4tb/npex/npex_data/benchmarks-bears/Bears-189-buggy/src/main/java/hu/oe/nik/szfmv/environment/XmlToModelConverter.java, Line: 161, Element: getAttribute
[CALLSITE] Filepath: /media/4tb/npex/npex_data/benchmarks-bears/Bears-189-buggy/src/main/java/hu/oe/nik/szfmv/environment/XmlToModelConverter.java, Line: 161, Element: parseInt
[CALLSITE] Filepath: /media/4tb/npex/npex_data/benchmarks-bears/Bears-189-buggy/src/main/java/hu/oe/nik/szfmv/environment/XmlToModelConverter.java, Line: 100, Element: setX
[ENTRY] Filepath: /media/4tb/npex/npex_data/benchmarks-bears/Bears-189-buggy/src/main/java/hu/oe/nik/szfmv/environment/WorldObject.java, Line: 48, Element: setX
[CALLSITE] Filepath: /media/4tb/npex/npex_data/benchmarks-bears/Bears-189-buggy/src/main/java/hu/oe/nik/szfmv/environment/XmlToModelConverter.java, Line: 101, Element: setY
[ENTRY] Filepath: /media/4tb/npex/npex_data/benchmarks-bears/Bears-189-buggy/src/main/java/hu/oe/nik/szfmv/environment/WorldObject.java, Line: 56, Element: setY
[CALLSITE] Filepath: /media/4tb/npex/npex_data/benchmarks-bears/Bears-189-buggy/src/main/java/hu/oe/nik/szfmv/environment/XmlToModelConverter.java, Line: 104, Element: getRotacionFromTransformElement
[CALLSITE] Filepath: /media/4tb/npex/npex_data/benchmarks-bears/Bears-189-buggy/src/main/java/hu/oe/nik/szfmv/environment/XmlToModelConverter.java, Line: 104, Element: setRotation
[ENTRY] Filepath: /media/4tb/npex/npex_data/benchmarks-bears/Bears-189-buggy/src/main/java/hu/oe/nik/szfmv/environment/XmlToModelConverter.java, Line: 173, Element: getRotacionFromTransformElement
[CALLSITE] Filepath: /media/4tb/npex/npex_data/benchmarks-bears/Bears-189-buggy/src/main/java/hu/oe/nik/szfmv/environment/XmlToModelConverter.java, Line: 182, Element: getAttribute
[CALLSITE] Filepath: /media/4tb/npex/npex_data/benchmarks-bears/Bears-189-buggy/src/main/java/hu/oe/nik/szfmv/environment/XmlToModelConverter.java, Line: 182, Element: parseDouble
[CALLSITE] Filepath: /media/4tb/npex/npex_data/benchmarks-bears/Bears-189-buggy/src/main/java/hu/oe/nik/szfmv/environment/XmlToModelConverter.java, Line: 183, Element: getAttribute
[CALLSITE] Filepath: /media/4tb/npex/npex_data/benchmarks-bears/Bears-189-buggy/src/main/java/hu/oe/nik/szfmv/environment/XmlToModelConverter.java, Line: 183, Element: parseDouble
[CALLSITE] Filepath: /media/4tb/npex/npex_data/benchmarks-bears/Bears-189-buggy/src/main/java/hu/oe/nik/szfmv/environment/XmlToModelConverter.java, Line: 184, Element: getAttribute
[CALLSITE] Filepath: /media/4tb/npex/npex_data/benchmarks-bears/Bears-189-buggy/src/main/java/hu/oe/nik/szfmv/environment/XmlToModelConverter.java, Line: 184, Element: parseDouble
[CALLSITE] Filepath: /media/4tb/npex/npex_data/benchmarks-bears/Bears-189-buggy/src/main/java/hu/oe/nik/szfmv/environment/XmlToModelConverter.java, Line: 185, Element: getAttribute
[CALLSITE] Filepath: /media/4tb/npex/npex_data/benchmarks-bears/Bears-189-buggy/src/main/java/hu/oe/nik/szfmv/environment/XmlToModelConverter.java, Line: 185, Element: parseDouble
[CALLSITE] Filepath: /media/4tb/npex/npex_data/benchmarks-bears/Bears-189-buggy/src/main/java/hu/oe/nik/szfmv/environment/XmlToModelConverter.java, Line: 187, Element: convertMatrixToRadians
[ENTRY] Filepath: /media/4tb/npex/npex_data/benchmarks-bears/Bears-189-buggy/src/main/java/hu/oe/nik/szfmv/common/Utils.java, Line: 40, Element: convertMatrixToRadians
[CALLSITE] Filepath: /media/4tb/npex/npex_data/benchmarks-bears/Bears-189-buggy/src/main/java/hu/oe/nik/szfmv/common/Utils.java, Line: 41, Element: atan2
[ENTRY] Filepath: /media/4tb/npex/npex_data/benchmarks-bears/Bears-189-buggy/src/main/java/hu/oe/nik/szfmv/environment/WorldObject.java, Line: 88, Element: setRotation
[CALLSITE] Filepath: /media/4tb/npex/npex_data/benchmarks-bears/Bears-189-buggy/src/main/java/hu/oe/nik/szfmv/environment/XmlToModelConverter.java, Line: 107, Element: generateShape
[ENTRY] Filepath: /media/4tb/npex/npex_data/benchmarks-bears/Bears-189-buggy/src/main/java/hu/oe/nik/szfmv/environment/models/Road.java, Line: 119, Element: generateShape
[CALLSITE] Filepath: /media/4tb/npex/npex_data/benchmarks-bears/Bears-189-buggy/src/main/java/hu/oe/nik/szfmv/environment/models/Road.java, Line: 122, Element: get
[CALLSITE] Filepath: /media/4tb/npex/npex_data/benchmarks-bears/Bears-189-buggy/src/main/java/hu/oe/nik/szfmv/environment/models/Road.java, Line: 125, Element: getRotation
[CALLSITE] Filepath: /media/4tb/npex/npex_data/benchmarks-bears/Bears-189-buggy/src/main/java/hu/oe/nik/szfmv/environment/models/Road.java, Line: 125, Element: getX
[CALLSITE] Filepath: /media/4tb/npex/npex_data/benchmarks-bears/Bears-189-buggy/src/main/java/hu/oe/nik/szfmv/environment/models/Road.java, Line: 125, Element: getWidth
[CALLSITE] Filepath: /media/4tb/npex/npex_data/benchmarks-bears/Bears-189-buggy/src/main/java/hu/oe/nik/szfmv/environment/models/Road.java, Line: 125, Element: rotate
[ENTRY] Filepath: /media/4tb/npex/npex_data/benchmarks-bears/Bears-189-buggy/src/main/java/hu/oe/nik/szfmv/environment/WorldObject.java, Line: 76, Element: getRotation
[ENTRY] Filepath: /media/4tb/npex/npex_data/benchmarks-bears/Bears-189-buggy/src/main/java/hu/oe/nik/szfmv/environment/WorldObject.java, Line: 44, Element: getX
[ENTRY] Filepath: /media/4tb/npex/npex_data/benchmarks-bears/Bears-189-buggy/src/main/java/hu/oe/nik/szfmv/environment/WorldObject.java, Line: 60, Element: getWidth
[ENTRY] Filepath: /media/4tb/npex/npex_data/benchmarks-bears/Bears-189-buggy/src/main/java/hu/oe/nik/szfmv/environment/WorldObject.java, Line: 52, Element: getY
[ENTRY] Filepath: /media/4tb/npex/npex_data/benchmarks-bears/Bears-189-buggy/src/main/java/hu/oe/nik/szfmv/environment/WorldObject.java, Line: 64, Element: getHeight
[CALLSITE] Filepath: /media/4tb/npex/npex_data/benchmarks-bears/Bears-189-buggy/src/main/java/hu/oe/nik/szfmv/environment/models/Road.java, Line: 131, Element: get
[CALLSITE] Filepath: /media/4tb/npex/npex_data/benchmarks-bears/Bears-189-buggy/src/main/java/hu/oe/nik/szfmv/environment/models/Road.java, Line: 131, Element: createTransformedShape
[CALLSITE] Filepath: /media/4tb/npex/npex_data/benchmarks-bears/Bears-189-buggy/src/main/java/hu/oe/nik/szfmv/environment/models/Road.java, Line: 135, Element: generateShape
[ENTRY] Filepath: /media/4tb/npex/npex_data/benchmarks-bears/Bears-189-buggy/src/main/java/hu/oe/nik/szfmv/environment/WorldObject.java, Line: 117, Element: generateShape
[CALLSITE] Filepath: /media/4tb/npex/npex_data/benchmarks-bears/Bears-189-buggy/src/main/java/hu/oe/nik/szfmv/environment/WorldObject.java, Line: 119, Element: getRotation
[CALLSITE] Filepath: /media/4tb/npex/npex_data/benchmarks-bears/Bears-189-buggy/src/main/java/hu/oe/nik/szfmv/environment/WorldObject.java, Line: 119, Element: getX
[CALLSITE] Filepath: /media/4tb/npex/npex_data/benchmarks-bears/Bears-189-buggy/src/main/java/hu/oe/nik/szfmv/environment/WorldObject.java, Line: 119, Element: getY
[CALLSITE] Filepath: /media/4tb/npex/npex_data/benchmarks-bears/Bears-189-buggy/src/main/java/hu/oe/nik/szfmv/environment/WorldObject.java, Line: 119, Element: rotate
[ENTRY] Filepath: /media/4tb/npex/npex_data/benchmarks-bears/Bears-189-buggy/src/main/java/hu/oe/nik/szfmv/environment/WorldObject.java, Line: 76, Element: getRotation
[ENTRY] Filepath: /media/4tb/npex/npex_data/benchmarks-bears/Bears-189-buggy/src/main/java/hu/oe/nik/szfmv/environment/WorldObject.java, Line: 44, Element: getX
[ENTRY] Filepath: /media/4tb/npex/npex_data/benchmarks-bears/Bears-189-buggy/src/main/java/hu/oe/nik/szfmv/environment/WorldObject.java, Line: 52, Element: getY
[CALLSITE] Filepath: /media/4tb/npex/npex_data/benchmarks-bears/Bears-189-buggy/src/main/java/hu/oe/nik/szfmv/environment/WorldObject.java, Line: 120, Element: isInstance
[CALLSITE] Filepath: /media/4tb/npex/npex_data/benchmarks-bears/Bears-189-buggy/src/main/java/hu/oe/nik/szfmv/environment/WorldObject.java, Line: 121, Element: createTransformedShape
[ENTRY] Filepath: /media/4tb/npex/npex_data/benchmarks-bears/Bears-189-buggy/src/main/java/hu/oe/nik/szfmv/environment/WorldObject.java, Line: 44, Element: getX
[ENTRY] Filepath: /media/4tb/npex/npex_data/benchmarks-bears/Bears-189-buggy/src/main/java/hu/oe/nik/szfmv/environment/WorldObject.java, Line: 52, Element: getY
[ENTRY] Filepath: /media/4tb/npex/npex_data/benchmarks-bears/Bears-189-buggy/src/main/java/hu/oe/nik/szfmv/environment/WorldObject.java, Line: 60, Element: getWidth
[ENTRY] Filepath: /media/4tb/npex/npex_data/benchmarks-bears/Bears-189-buggy/src/main/java/hu/oe/nik/szfmv/environment/WorldObject.java, Line: 64, Element: getHeight
[CALLSITE] Filepath: /media/4tb/npex/npex_data/benchmarks-bears/Bears-189-buggy/src/main/java/hu/oe/nik/szfmv/environment/XmlToModelConverter.java, Line: 109, Element: toString
[CALLSITE] Filepath: /media/4tb/npex/npex_data/benchmarks-bears/Bears-189-buggy/src/main/java/hu/oe/nik/szfmv/environment/XmlToModelConverter.java, Line: 109, Element: debug
[ENTRY] Filepath: /media/4tb/npex/npex_data/benchmarks-bears/Bears-189-buggy/src/main/java/hu/oe/nik/szfmv/environment/WorldObject.java, Line: 135, Element: toString
[CALLSITE] Filepath: /media/4tb/npex/npex_data/benchmarks-bears/Bears-189-buggy/src/main/java/hu/oe/nik/szfmv/environment/XmlToModelConverter.java, Line: 50, Element: item
[CALLSITE] Filepath: /media/4tb/npex/npex_data/benchmarks-bears/Bears-189-buggy/src/main/java/hu/oe/nik/szfmv/environment/XmlToModelConverter.java, Line: 52, Element: readValueFromXml
[CALLSITE] Filepath: /media/4tb/npex/npex_data/benchmarks-bears/Bears-189-buggy/src/main/java/hu/oe/nik/szfmv/environment/XmlToModelConverter.java, Line: 52, Element: add
[ENTRY] Filepath: /media/4tb/npex/npex_data/benchmarks-bears/Bears-189-buggy/src/main/java/hu/oe/nik/szfmv/environment/XmlToModelConverter.java, Line: 67, Element: readValueFromXml
[CALLSITE] Filepath: /media/4tb/npex/npex_data/benchmarks-bears/Bears-189-buggy/src/main/java/hu/oe/nik/szfmv/environment/XmlToModelConverter.java, Line: 72, Element: getAttribute
[CALLSITE] Filepath: /media/4tb/npex/npex_data/benchmarks-bears/Bears-189-buggy/src/main/java/hu/oe/nik/szfmv/environment/XmlToModelConverter.java, Line: 75, Element: getChildNodes
[CALLSITE] Filepath: /media/4tb/npex/npex_data/benchmarks-bears/Bears-189-buggy/src/main/java/hu/oe/nik/szfmv/environment/XmlToModelConverter.java, Line: 76, Element: getLength
[CALLSITE] Filepath: /media/4tb/npex/npex_data/benchmarks-bears/Bears-189-buggy/src/main/java/hu/oe/nik/szfmv/environment/XmlToModelConverter.java, Line: 77, Element: item
[CALLSITE] Filepath: /media/4tb/npex/npex_data/benchmarks-bears/Bears-189-buggy/src/main/java/hu/oe/nik/szfmv/environment/XmlToModelConverter.java, Line: 77, Element: getNodeName
[CALLSITE] Filepath: /media/4tb/npex/npex_data/benchmarks-bears/Bears-189-buggy/src/main/java/hu/oe/nik/szfmv/environment/XmlToModelConverter.java, Line: 77, Element: item
[CALLSITE] Filepath: /media/4tb/npex/npex_data/benchmarks-bears/Bears-189-buggy/src/main/java/hu/oe/nik/szfmv/environment/XmlToModelConverter.java, Line: 77, Element: getNodeName
[CALLSITE] Filepath: /media/4tb/npex/npex_data/benchmarks-bears/Bears-189-buggy/src/main/java/hu/oe/nik/szfmv/environment/XmlToModelConverter.java, Line: 79, Element: item
[CALLSITE] Filepath: /media/4tb/npex/npex_data/benchmarks-bears/Bears-189-buggy/src/main/java/hu/oe/nik/szfmv/environment/XmlToModelConverter.java, Line: 77, Element: item
[CALLSITE] Filepath: /media/4tb/npex/npex_data/benchmarks-bears/Bears-189-buggy/src/main/java/hu/oe/nik/szfmv/environment/XmlToModelConverter.java, Line: 77, Element: getNodeName
[CALLSITE] Filepath: /media/4tb/npex/npex_data/benchmarks-bears/Bears-189-buggy/src/main/java/hu/oe/nik/szfmv/environment/XmlToModelConverter.java, Line: 77, Element: item
[CALLSITE] Filepath: /media/4tb/npex/npex_data/benchmarks-bears/Bears-189-buggy/src/main/java/hu/oe/nik/szfmv/environment/XmlToModelConverter.java, Line: 77, Element: getNodeName
[CALLSITE] Filepath: /media/4tb/npex/npex_data/benchmarks-bears/Bears-189-buggy/src/main/java/hu/oe/nik/szfmv/environment/XmlToModelConverter.java, Line: 82, Element: item
[CALLSITE] Filepath: /media/4tb/npex/npex_data/benchmarks-bears/Bears-189-buggy/src/main/java/hu/oe/nik/szfmv/environment/XmlToModelConverter.java, Line: 77, Element: item
[CALLSITE] Filepath: /media/4tb/npex/npex_data/benchmarks-bears/Bears-189-buggy/src/main/java/hu/oe/nik/szfmv/environment/XmlToModelConverter.java, Line: 77, Element: getNodeName
[CALLSITE] Filepath: /media/4tb/npex/npex_data/benchmarks-bears/Bears-189-buggy/src/main/java/hu/oe/nik/szfmv/environment/XmlToModelConverter.java, Line: 77, Element: item
[CALLSITE] Filepath: /media/4tb/npex/npex_data/benchmarks-bears/Bears-189-buggy/src/main/java/hu/oe/nik/szfmv/environment/XmlToModelConverter.java, Line: 77, Element: getNodeName
[CALLSITE] Filepath: /media/4tb/npex/npex_data/benchmarks-bears/Bears-189-buggy/src/main/java/hu/oe/nik/szfmv/environment/XmlToModelConverter.java, Line: 77, Element: item
[CALLSITE] Filepath: /media/4tb/npex/npex_data/benchmarks-bears/Bears-189-buggy/src/main/java/hu/oe/nik/szfmv/environment/XmlToModelConverter.java, Line: 77, Element: getNodeName
[CALLSITE] Filepath: /media/4tb/npex/npex_data/benchmarks-bears/Bears-189-buggy/src/main/java/hu/oe/nik/szfmv/environment/XmlToModelConverter.java, Line: 77, Element: item
[CALLSITE] Filepath: /media/4tb/npex/npex_data/benchmarks-bears/Bears-189-buggy/src/main/java/hu/oe/nik/szfmv/environment/XmlToModelConverter.java, Line: 77, Element: getNodeName
[CALLSITE] Filepath: /media/4tb/npex/npex_data/benchmarks-bears/Bears-189-buggy/src/main/java/hu/oe/nik/szfmv/environment/XmlToModelConverter.java, Line: 77, Element: item
[CALLSITE] Filepath: /media/4tb/npex/npex_data/benchmarks-bears/Bears-189-buggy/src/main/java/hu/oe/nik/szfmv/environment/XmlToModelConverter.java, Line: 77, Element: getNodeName
[CALLSITE] Filepath: /media/4tb/npex/npex_data/benchmarks-bears/Bears-189-buggy/src/main/java/hu/oe/nik/szfmv/environment/XmlToModelConverter.java, Line: 77, Element: item
[CALLSITE] Filepath: /media/4tb/npex/npex_data/benchmarks-bears/Bears-189-buggy/src/main/java/hu/oe/nik/szfmv/environment/XmlToModelConverter.java, Line: 77, Element: getNodeName
[CALLSITE] Filepath: /media/4tb/npex/npex_data/benchmarks-bears/Bears-189-buggy/src/main/java/hu/oe/nik/szfmv/environment/XmlToModelConverter.java, Line: 77, Element: item
[CALLSITE] Filepath: /media/4tb/npex/npex_data/benchmarks-bears/Bears-189-buggy/src/main/java/hu/oe/nik/szfmv/environment/XmlToModelConverter.java, Line: 77, Element: getNodeName
[CALLSITE] Filepath: /media/4tb/npex/npex_data/benchmarks-bears/Bears-189-buggy/src/main/java/hu/oe/nik/szfmv/environment/XmlToModelConverter.java, Line: 91, Element: createObjectFromType
[ENTRY] Filepath: /media/4tb/npex/npex_data/benchmarks-bears/Bears-189-buggy/src/main/java/hu/oe/nik/szfmv/environment/XmlToModelConverter.java, Line: 118, Element: createObjectFromType
[CALLSITE] Filepath: /media/4tb/npex/npex_data/benchmarks-bears/Bears-189-buggy/src/main/java/hu/oe/nik/szfmv/environment/XmlToModelConverter.java, Line: 122, Element: indexOf
[CALLSITE] Filepath: /media/4tb/npex/npex_data/benchmarks-bears/Bears-189-buggy/src/main/java/hu/oe/nik/szfmv/environment/XmlToModelConverter.java, Line: 123, Element: indexOf
[CALLSITE] Filepath: /media/4tb/npex/npex_data/benchmarks-bears/Bears-189-buggy/src/main/java/hu/oe/nik/szfmv/environment/XmlToModelConverter.java, Line: 123, Element: substring
[CALLSITE] Filepath: /media/4tb/npex/npex_data/benchmarks-bears/Bears-189-buggy/src/main/java/hu/oe/nik/szfmv/environment/models/Road.java, Line: 92, Element: hashMapInit
[ENTRY] Filepath: /media/4tb/npex/npex_data/benchmarks-bears/Bears-189-buggy/src/main/java/hu/oe/nik/szfmv/environment/models/Road.java, Line: 95, Element: hashMapInit
[CALLSITE] Filepath: /media/4tb/npex/npex_data/benchmarks-bears/Bears-189-buggy/src/main/java/hu/oe/nik/szfmv/environment/models/Road.java, Line: 96, Element: put
[CALLSITE] Filepath: /media/4tb/npex/npex_data/benchmarks-bears/Bears-189-buggy/src/main/java/hu/oe/nik/szfmv/environment/models/Road.java, Line: 97, Element: put
[CALLSITE] Filepath: /media/4tb/npex/npex_data/benchmarks-bears/Bears-189-buggy/src/main/java/hu/oe/nik/szfmv/environment/models/Road.java, Line: 98, Element: put
[CALLSITE] Filepath: /media/4tb/npex/npex_data/benchmarks-bears/Bears-189-buggy/src/main/java/hu/oe/nik/szfmv/environment/models/Road.java, Line: 99, Element: put
[CALLSITE] Filepath: /media/4tb/npex/npex_data/benchmarks-bears/Bears-189-buggy/src/main/java/hu/oe/nik/szfmv/environment/models/Road.java, Line: 100, Element: put
[CALLSITE] Filepath: /media/4tb/npex/npex_data/benchmarks-bears/Bears-189-buggy/src/main/java/hu/oe/nik/szfmv/environment/models/Road.java, Line: 101, Element: put
[CALLSITE] Filepath: /media/4tb/npex/npex_data/benchmarks-bears/Bears-189-buggy/src/main/java/hu/oe/nik/szfmv/environment/models/Road.java, Line: 102, Element: put
[CALLSITE] Filepath: /media/4tb/npex/npex_data/benchmarks-bears/Bears-189-buggy/src/main/java/hu/oe/nik/szfmv/environment/models/Road.java, Line: 103, Element: put
[CALLSITE] Filepath: /media/4tb/npex/npex_data/benchmarks-bears/Bears-189-buggy/src/main/java/hu/oe/nik/szfmv/environment/models/Road.java, Line: 104, Element: put
[CALLSITE] Filepath: /media/4tb/npex/npex_data/benchmarks-bears/Bears-189-buggy/src/main/java/hu/oe/nik/szfmv/environment/XmlToModelConverter.java, Line: 93, Element: setImageFileName
[ENTRY] Filepath: /media/4tb/npex/npex_data/benchmarks-bears/Bears-189-buggy/src/main/java/hu/oe/nik/szfmv/environment/WorldObject.java, Line: 92, Element: setImageFileName
[CALLSITE] Filepath: /media/4tb/npex/npex_data/benchmarks-bears/Bears-189-buggy/src/main/java/hu/oe/nik/szfmv/environment/XmlToModelConverter.java, Line: 96, Element: generateDimens
[ENTRY] Filepath: /media/4tb/npex/npex_data/benchmarks-bears/Bears-189-buggy/src/main/java/hu/oe/nik/szfmv/environment/WorldObject.java, Line: 101, Element: generateDimens
[CALLSITE] Filepath: /media/4tb/npex/npex_data/benchmarks-bears/Bears-189-buggy/src/main/java/hu/oe/nik/szfmv/environment/WorldObject.java, Line: 103, Element: read
[ENTRY] Filepath: /media/4tb/npex/npex_data/benchmarks-bears/Bears-189-buggy/src/main/java/hu/oe/nik/szfmv/environment/WorldObject.java, Line: 80, Element: getImageFileName
[CALLSITE] Filepath: /media/4tb/npex/npex_data/benchmarks-bears/Bears-189-buggy/src/main/java/hu/oe/nik/szfmv/environment/WorldObject.java, Line: 107, Element: getWidth
[CALLSITE] Filepath: /media/4tb/npex/npex_data/benchmarks-bears/Bears-189-buggy/src/main/java/hu/oe/nik/szfmv/environment/WorldObject.java, Line: 108, Element: getHeight
[CALLSITE] Filepath: /media/4tb/npex/npex_data/benchmarks-bears/Bears-189-buggy/src/main/java/hu/oe/nik/szfmv/environment/XmlToModelConverter.java, Line: 99, Element: getPointsFromPositionElement
[ENTRY] Filepath: /media/4tb/npex/npex_data/benchmarks-bears/Bears-189-buggy/src/main/java/hu/oe/nik/szfmv/environment/XmlToModelConverter.java, Line: 154, Element: getPointsFromPositionElement
[CALLSITE] Filepath: /media/4tb/npex/npex_data/benchmarks-bears/Bears-189-buggy/src/main/java/hu/oe/nik/szfmv/environment/XmlToModelConverter.java, Line: 160, Element: getAttribute
[CALLSITE] Filepath: /media/4tb/npex/npex_data/benchmarks-bears/Bears-189-buggy/src/main/java/hu/oe/nik/szfmv/environment/XmlToModelConverter.java, Line: 160, Element: parseInt
[CALLSITE] Filepath: /media/4tb/npex/npex_data/benchmarks-bears/Bears-189-buggy/src/main/java/hu/oe/nik/szfmv/environment/XmlToModelConverter.java, Line: 161, Element: getAttribute
[CALLSITE] Filepath: /media/4tb/npex/npex_data/benchmarks-bears/Bears-189-buggy/src/main/java/hu/oe/nik/szfmv/environment/XmlToModelConverter.java, Line: 161, Element: parseInt
[CALLSITE] Filepath: /media/4tb/npex/npex_data/benchmarks-bears/Bears-189-buggy/src/main/java/hu/oe/nik/szfmv/environment/XmlToModelConverter.java, Line: 100, Element: setX
[ENTRY] Filepath: /media/4tb/npex/npex_data/benchmarks-bears/Bears-189-buggy/src/main/java/hu/oe/nik/szfmv/environment/WorldObject.java, Line: 48, Element: setX
[CALLSITE] Filepath: /media/4tb/npex/npex_data/benchmarks-bears/Bears-189-buggy/src/main/java/hu/oe/nik/szfmv/environment/XmlToModelConverter.java, Line: 101, Element: setY
[ENTRY] Filepath: /media/4tb/npex/npex_data/benchmarks-bears/Bears-189-buggy/src/main/java/hu/oe/nik/szfmv/environment/WorldObject.java, Line: 56, Element: setY
[CALLSITE] Filepath: /media/4tb/npex/npex_data/benchmarks-bears/Bears-189-buggy/src/main/java/hu/oe/nik/szfmv/environment/XmlToModelConverter.java, Line: 104, Element: getRotacionFromTransformElement
[CALLSITE] Filepath: /media/4tb/npex/npex_data/benchmarks-bears/Bears-189-buggy/src/main/java/hu/oe/nik/szfmv/environment/XmlToModelConverter.java, Line: 104, Element: setRotation
[ENTRY] Filepath: /media/4tb/npex/npex_data/benchmarks-bears/Bears-189-buggy/src/main/java/hu/oe/nik/szfmv/environment/XmlToModelConverter.java, Line: 173, Element: getRotacionFromTransformElement
[CALLSITE] Filepath: /media/4tb/npex/npex_data/benchmarks-bears/Bears-189-buggy/src/main/java/hu/oe/nik/szfmv/environment/XmlToModelConverter.java, Line: 182, Element: getAttribute
[CALLSITE] Filepath: /media/4tb/npex/npex_data/benchmarks-bears/Bears-189-buggy/src/main/java/hu/oe/nik/szfmv/environment/XmlToModelConverter.java, Line: 182, Element: parseDouble
[CALLSITE] Filepath: /media/4tb/npex/npex_data/benchmarks-bears/Bears-189-buggy/src/main/java/hu/oe/nik/szfmv/environment/XmlToModelConverter.java, Line: 183, Element: getAttribute
[CALLSITE] Filepath: /media/4tb/npex/npex_data/benchmarks-bears/Bears-189-buggy/src/main/java/hu/oe/nik/szfmv/environment/XmlToModelConverter.java, Line: 183, Element: parseDouble
[CALLSITE] Filepath: /media/4tb/npex/npex_data/benchmarks-bears/Bears-189-buggy/src/main/java/hu/oe/nik/szfmv/environment/XmlToModelConverter.java, Line: 184, Element: getAttribute
[CALLSITE] Filepath: /media/4tb/npex/npex_data/benchmarks-bears/Bears-189-buggy/src/main/java/hu/oe/nik/szfmv/environment/XmlToModelConverter.java, Line: 184, Element: parseDouble
[CALLSITE] Filepath: /media/4tb/npex/npex_data/benchmarks-bears/Bears-189-buggy/src/main/java/hu/oe/nik/szfmv/environment/XmlToModelConverter.java, Line: 185, Element: getAttribute
[CALLSITE] Filepath: /media/4tb/npex/npex_data/benchmarks-bears/Bears-189-buggy/src/main/java/hu/oe/nik/szfmv/environment/XmlToModelConverter.java, Line: 185, Element: parseDouble
[CALLSITE] Filepath: /media/4tb/npex/npex_data/benchmarks-bears/Bears-189-buggy/src/main/java/hu/oe/nik/szfmv/environment/XmlToModelConverter.java, Line: 187, Element: convertMatrixToRadians
[ENTRY] Filepath: /media/4tb/npex/npex_data/benchmarks-bears/Bears-189-buggy/src/main/java/hu/oe/nik/szfmv/common/Utils.java, Line: 40, Element: convertMatrixToRadians
[CALLSITE] Filepath: /media/4tb/npex/npex_data/benchmarks-bears/Bears-189-buggy/src/main/java/hu/oe/nik/szfmv/common/Utils.java, Line: 41, Element: atan2
[ENTRY] Filepath: /media/4tb/npex/npex_data/benchmarks-bears/Bears-189-buggy/src/main/java/hu/oe/nik/szfmv/environment/WorldObject.java, Line: 88, Element: setRotation
[CALLSITE] Filepath: /media/4tb/npex/npex_data/benchmarks-bears/Bears-189-buggy/src/main/java/hu/oe/nik/szfmv/environment/XmlToModelConverter.java, Line: 107, Element: generateShape
[ENTRY] Filepath: /media/4tb/npex/npex_data/benchmarks-bears/Bears-189-buggy/src/main/java/hu/oe/nik/szfmv/environment/models/Road.java, Line: 119, Element: generateShape
[CALLSITE] Filepath: /media/4tb/npex/npex_data/benchmarks-bears/Bears-189-buggy/src/main/java/hu/oe/nik/szfmv/environment/models/Road.java, Line: 122, Element: get
[CALLSITE] Filepath: /media/4tb/npex/npex_data/benchmarks-bears/Bears-189-buggy/src/main/java/hu/oe/nik/szfmv/environment/models/Road.java, Line: 125, Element: getRotation
[CALLSITE] Filepath: /media/4tb/npex/npex_data/benchmarks-bears/Bears-189-buggy/src/main/java/hu/oe/nik/szfmv/environment/models/Road.java, Line: 125, Element: getX
[CALLSITE] Filepath: /media/4tb/npex/npex_data/benchmarks-bears/Bears-189-buggy/src/main/java/hu/oe/nik/szfmv/environment/models/Road.java, Line: 125, Element: getWidth
[CALLSITE] Filepath: /media/4tb/npex/npex_data/benchmarks-bears/Bears-189-buggy/src/main/java/hu/oe/nik/szfmv/environment/models/Road.java, Line: 125, Element: rotate
[ENTRY] Filepath: /media/4tb/npex/npex_data/benchmarks-bears/Bears-189-buggy/src/main/java/hu/oe/nik/szfmv/environment/WorldObject.java, Line: 76, Element: getRotation
[ENTRY] Filepath: /media/4tb/npex/npex_data/benchmarks-bears/Bears-189-buggy/src/main/java/hu/oe/nik/szfmv/environment/WorldObject.java, Line: 44, Element: getX
[ENTRY] Filepath: /media/4tb/npex/npex_data/benchmarks-bears/Bears-189-buggy/src/main/java/hu/oe/nik/szfmv/environment/WorldObject.java, Line: 60, Element: getWidth
[ENTRY] Filepath: /media/4tb/npex/npex_data/benchmarks-bears/Bears-189-buggy/src/main/java/hu/oe/nik/szfmv/environment/WorldObject.java, Line: 52, Element: getY
[ENTRY] Filepath: /media/4tb/npex/npex_data/benchmarks-bears/Bears-189-buggy/src/main/java/hu/oe/nik/szfmv/environment/WorldObject.java, Line: 64, Element: getHeight
[CALLSITE] Filepath: /media/4tb/npex/npex_data/benchmarks-bears/Bears-189-buggy/src/main/java/hu/oe/nik/szfmv/environment/models/Road.java, Line: 131, Element: get
[CALLSITE] Filepath: /media/4tb/npex/npex_data/benchmarks-bears/Bears-189-buggy/src/main/java/hu/oe/nik/szfmv/environment/models/Road.java, Line: 131, Element: createTransformedShape
[CALLSITE] Filepath: /media/4tb/npex/npex_data/benchmarks-bears/Bears-189-buggy/src/main/java/hu/oe/nik/szfmv/environment/models/Road.java, Line: 135, Element: generateShape
[ENTRY] Filepath: /media/4tb/npex/npex_data/benchmarks-bears/Bears-189-buggy/src/main/java/hu/oe/nik/szfmv/environment/WorldObject.java, Line: 117, Element: generateShape
[CALLSITE] Filepath: /media/4tb/npex/npex_data/benchmarks-bears/Bears-189-buggy/src/main/java/hu/oe/nik/szfmv/environment/WorldObject.java, Line: 119, Element: getRotation
[CALLSITE] Filepath: /media/4tb/npex/npex_data/benchmarks-bears/Bears-189-buggy/src/main/java/hu/oe/nik/szfmv/environment/WorldObject.java, Line: 119, Element: getX
[CALLSITE] Filepath: /media/4tb/npex/npex_data/benchmarks-bears/Bears-189-buggy/src/main/java/hu/oe/nik/szfmv/environment/WorldObject.java, Line: 119, Element: getY
[CALLSITE] Filepath: /media/4tb/npex/npex_data/benchmarks-bears/Bears-189-buggy/src/main/java/hu/oe/nik/szfmv/environment/WorldObject.java, Line: 119, Element: rotate
[ENTRY] Filepath: /media/4tb/npex/npex_data/benchmarks-bears/Bears-189-buggy/src/main/java/hu/oe/nik/szfmv/environment/WorldObject.java, Line: 76, Element: getRotation
[ENTRY] Filepath: /media/4tb/npex/npex_data/benchmarks-bears/Bears-189-buggy/src/main/java/hu/oe/nik/szfmv/environment/WorldObject.java, Line: 44, Element: getX
[ENTRY] Filepath: /media/4tb/npex/npex_data/benchmarks-bears/Bears-189-buggy/src/main/java/hu/oe/nik/szfmv/environment/WorldObject.java, Line: 52, Element: getY
[CALLSITE] Filepath: /media/4tb/npex/npex_data/benchmarks-bears/Bears-189-buggy/src/main/java/hu/oe/nik/szfmv/environment/WorldObject.java, Line: 120, Element: isInstance
[CALLSITE] Filepath: /media/4tb/npex/npex_data/benchmarks-bears/Bears-189-buggy/src/main/java/hu/oe/nik/szfmv/environment/WorldObject.java, Line: 121, Element: createTransformedShape
[ENTRY] Filepath: /media/4tb/npex/npex_data/benchmarks-bears/Bears-189-buggy/src/main/java/hu/oe/nik/szfmv/environment/WorldObject.java, Line: 44, Element: getX
[ENTRY] Filepath: /media/4tb/npex/npex_data/benchmarks-bears/Bears-189-buggy/src/main/java/hu/oe/nik/szfmv/environment/WorldObject.java, Line: 52, Element: getY
[ENTRY] Filepath: /media/4tb/npex/npex_data/benchmarks-bears/Bears-189-buggy/src/main/java/hu/oe/nik/szfmv/environment/WorldObject.java, Line: 60, Element: getWidth
[ENTRY] Filepath: /media/4tb/npex/npex_data/benchmarks-bears/Bears-189-buggy/src/main/java/hu/oe/nik/szfmv/environment/WorldObject.java, Line: 64, Element: getHeight
[CALLSITE] Filepath: /media/4tb/npex/npex_data/benchmarks-bears/Bears-189-buggy/src/main/java/hu/oe/nik/szfmv/environment/XmlToModelConverter.java, Line: 109, Element: toString
[CALLSITE] Filepath: /media/4tb/npex/npex_data/benchmarks-bears/Bears-189-buggy/src/main/java/hu/oe/nik/szfmv/environment/XmlToModelConverter.java, Line: 109, Element: debug
[ENTRY] Filepath: /media/4tb/npex/npex_data/benchmarks-bears/Bears-189-buggy/src/main/java/hu/oe/nik/szfmv/environment/WorldObject.java, Line: 135, Element: toString
[CALLSITE] Filepath: /media/4tb/npex/npex_data/benchmarks-bears/Bears-189-buggy/src/main/java/hu/oe/nik/szfmv/environment/XmlToModelConverter.java, Line: 50, Element: item
[CALLSITE] Filepath: /media/4tb/npex/npex_data/benchmarks-bears/Bears-189-buggy/src/main/java/hu/oe/nik/szfmv/environment/XmlToModelConverter.java, Line: 52, Element: readValueFromXml
[CALLSITE] Filepath: /media/4tb/npex/npex_data/benchmarks-bears/Bears-189-buggy/src/main/java/hu/oe/nik/szfmv/environment/XmlToModelConverter.java, Line: 52, Element: add
[ENTRY] Filepath: /media/4tb/npex/npex_data/benchmarks-bears/Bears-189-buggy/src/main/java/hu/oe/nik/szfmv/environment/XmlToModelConverter.java, Line: 67, Element: readValueFromXml
[CALLSITE] Filepath: /media/4tb/npex/npex_data/benchmarks-bears/Bears-189-buggy/src/main/java/hu/oe/nik/szfmv/environment/XmlToModelConverter.java, Line: 72, Element: getAttribute
[CALLSITE] Filepath: /media/4tb/npex/npex_data/benchmarks-bears/Bears-189-buggy/src/main/java/hu/oe/nik/szfmv/environment/XmlToModelConverter.java, Line: 75, Element: getChildNodes
[CALLSITE] Filepath: /media/4tb/npex/npex_data/benchmarks-bears/Bears-189-buggy/src/main/java/hu/oe/nik/szfmv/environment/XmlToModelConverter.java, Line: 76, Element: getLength
[CALLSITE] Filepath: /media/4tb/npex/npex_data/benchmarks-bears/Bears-189-buggy/src/main/java/hu/oe/nik/szfmv/environment/XmlToModelConverter.java, Line: 77, Element: item
[CALLSITE] Filepath: /media/4tb/npex/npex_data/benchmarks-bears/Bears-189-buggy/src/main/java/hu/oe/nik/szfmv/environment/XmlToModelConverter.java, Line: 77, Element: getNodeName
[CALLSITE] Filepath: /media/4tb/npex/npex_data/benchmarks-bears/Bears-189-buggy/src/main/java/hu/oe/nik/szfmv/environment/XmlToModelConverter.java, Line: 77, Element: item
[CALLSITE] Filepath: /media/4tb/npex/npex_data/benchmarks-bears/Bears-189-buggy/src/main/java/hu/oe/nik/szfmv/environment/XmlToModelConverter.java, Line: 77, Element: getNodeName
[CALLSITE] Filepath: /media/4tb/npex/npex_data/benchmarks-bears/Bears-189-buggy/src/main/java/hu/oe/nik/szfmv/environment/XmlToModelConverter.java, Line: 79, Element: item
[CALLSITE] Filepath: /media/4tb/npex/npex_data/benchmarks-bears/Bears-189-buggy/src/main/java/hu/oe/nik/szfmv/environment/XmlToModelConverter.java, Line: 77, Element: item
[CALLSITE] Filepath: /media/4tb/npex/npex_data/benchmarks-bears/Bears-189-buggy/src/main/java/hu/oe/nik/szfmv/environment/XmlToModelConverter.java, Line: 77, Element: getNodeName
[CALLSITE] Filepath: /media/4tb/npex/npex_data/benchmarks-bears/Bears-189-buggy/src/main/java/hu/oe/nik/szfmv/environment/XmlToModelConverter.java, Line: 77, Element: item
[CALLSITE] Filepath: /media/4tb/npex/npex_data/benchmarks-bears/Bears-189-buggy/src/main/java/hu/oe/nik/szfmv/environment/XmlToModelConverter.java, Line: 77, Element: getNodeName
[CALLSITE] Filepath: /media/4tb/npex/npex_data/benchmarks-bears/Bears-189-buggy/src/main/java/hu/oe/nik/szfmv/environment/XmlToModelConverter.java, Line: 82, Element: item
[CALLSITE] Filepath: /media/4tb/npex/npex_data/benchmarks-bears/Bears-189-buggy/src/main/java/hu/oe/nik/szfmv/environment/XmlToModelConverter.java, Line: 77, Element: item
[CALLSITE] Filepath: /media/4tb/npex/npex_data/benchmarks-bears/Bears-189-buggy/src/main/java/hu/oe/nik/szfmv/environment/XmlToModelConverter.java, Line: 77, Element: getNodeName
[CALLSITE] Filepath: /media/4tb/npex/npex_data/benchmarks-bears/Bears-189-buggy/src/main/java/hu/oe/nik/szfmv/environment/XmlToModelConverter.java, Line: 77, Element: item
[CALLSITE] Filepath: /media/4tb/npex/npex_data/benchmarks-bears/Bears-189-buggy/src/main/java/hu/oe/nik/szfmv/environment/XmlToModelConverter.java, Line: 77, Element: getNodeName
[CALLSITE] Filepath: /media/4tb/npex/npex_data/benchmarks-bears/Bears-189-buggy/src/main/java/hu/oe/nik/szfmv/environment/XmlToModelConverter.java, Line: 77, Element: item
[CALLSITE] Filepath: /media/4tb/npex/npex_data/benchmarks-bears/Bears-189-buggy/src/main/java/hu/oe/nik/szfmv/environment/XmlToModelConverter.java, Line: 77, Element: getNodeName
[CALLSITE] Filepath: /media/4tb/npex/npex_data/benchmarks-bears/Bears-189-buggy/src/main/java/hu/oe/nik/szfmv/environment/XmlToModelConverter.java, Line: 77, Element: item
[CALLSITE] Filepath: /media/4tb/npex/npex_data/benchmarks-bears/Bears-189-buggy/src/main/java/hu/oe/nik/szfmv/environment/XmlToModelConverter.java, Line: 77, Element: getNodeName
[CALLSITE] Filepath: /media/4tb/npex/npex_data/benchmarks-bears/Bears-189-buggy/src/main/java/hu/oe/nik/szfmv/environment/XmlToModelConverter.java, Line: 77, Element: item
[CALLSITE] Filepath: /media/4tb/npex/npex_data/benchmarks-bears/Bears-189-buggy/src/main/java/hu/oe/nik/szfmv/environment/XmlToModelConverter.java, Line: 77, Element: getNodeName
[CALLSITE] Filepath: /media/4tb/npex/npex_data/benchmarks-bears/Bears-189-buggy/src/main/java/hu/oe/nik/szfmv/environment/XmlToModelConverter.java, Line: 77, Element: item
[CALLSITE] Filepath: /media/4tb/npex/npex_data/benchmarks-bears/Bears-189-buggy/src/main/java/hu/oe/nik/szfmv/environment/XmlToModelConverter.java, Line: 77, Element: getNodeName
[CALLSITE] Filepath: /media/4tb/npex/npex_data/benchmarks-bears/Bears-189-buggy/src/main/java/hu/oe/nik/szfmv/environment/XmlToModelConverter.java, Line: 77, Element: item
[CALLSITE] Filepath: /media/4tb/npex/npex_data/benchmarks-bears/Bears-189-buggy/src/main/java/hu/oe/nik/szfmv/environment/XmlToModelConverter.java, Line: 77, Element: getNodeName
[CALLSITE] Filepath: /media/4tb/npex/npex_data/benchmarks-bears/Bears-189-buggy/src/main/java/hu/oe/nik/szfmv/environment/XmlToModelConverter.java, Line: 91, Element: createObjectFromType
[ENTRY] Filepath: /media/4tb/npex/npex_data/benchmarks-bears/Bears-189-buggy/src/main/java/hu/oe/nik/szfmv/environment/XmlToModelConverter.java, Line: 118, Element: createObjectFromType
[CALLSITE] Filepath: /media/4tb/npex/npex_data/benchmarks-bears/Bears-189-buggy/src/main/java/hu/oe/nik/szfmv/environment/XmlToModelConverter.java, Line: 122, Element: indexOf
[CALLSITE] Filepath: /media/4tb/npex/npex_data/benchmarks-bears/Bears-189-buggy/src/main/java/hu/oe/nik/szfmv/environment/XmlToModelConverter.java, Line: 123, Element: indexOf
[CALLSITE] Filepath: /media/4tb/npex/npex_data/benchmarks-bears/Bears-189-buggy/src/main/java/hu/oe/nik/szfmv/environment/XmlToModelConverter.java, Line: 123, Element: substring
[CALLSITE] Filepath: /media/4tb/npex/npex_data/benchmarks-bears/Bears-189-buggy/src/main/java/hu/oe/nik/szfmv/environment/models/Road.java, Line: 92, Element: hashMapInit
[ENTRY] Filepath: /media/4tb/npex/npex_data/benchmarks-bears/Bears-189-buggy/src/main/java/hu/oe/nik/szfmv/environment/models/Road.java, Line: 95, Element: hashMapInit
[CALLSITE] Filepath: /media/4tb/npex/npex_data/benchmarks-bears/Bears-189-buggy/src/main/java/hu/oe/nik/szfmv/environment/models/Road.java, Line: 96, Element: put
[CALLSITE] Filepath: /media/4tb/npex/npex_data/benchmarks-bears/Bears-189-buggy/src/main/java/hu/oe/nik/szfmv/environment/models/Road.java, Line: 97, Element: put
[CALLSITE] Filepath: /media/4tb/npex/npex_data/benchmarks-bears/Bears-189-buggy/src/main/java/hu/oe/nik/szfmv/environment/models/Road.java, Line: 98, Element: put
[CALLSITE] Filepath: /media/4tb/npex/npex_data/benchmarks-bears/Bears-189-buggy/src/main/java/hu/oe/nik/szfmv/environment/models/Road.java, Line: 99, Element: put
[CALLSITE] Filepath: /media/4tb/npex/npex_data/benchmarks-bears/Bears-189-buggy/src/main/java/hu/oe/nik/szfmv/environment/models/Road.java, Line: 100, Element: put
[CALLSITE] Filepath: /media/4tb/npex/npex_data/benchmarks-bears/Bears-189-buggy/src/main/java/hu/oe/nik/szfmv/environment/models/Road.java, Line: 101, Element: put
[CALLSITE] Filepath: /media/4tb/npex/npex_data/benchmarks-bears/Bears-189-buggy/src/main/java/hu/oe/nik/szfmv/environment/models/Road.java, Line: 102, Element: put
[CALLSITE] Filepath: /media/4tb/npex/npex_data/benchmarks-bears/Bears-189-buggy/src/main/java/hu/oe/nik/szfmv/environment/models/Road.java, Line: 103, Element: put
[CALLSITE] Filepath: /media/4tb/npex/npex_data/benchmarks-bears/Bears-189-buggy/src/main/java/hu/oe/nik/szfmv/environment/models/Road.java, Line: 104, Element: put
[CALLSITE] Filepath: /media/4tb/npex/npex_data/benchmarks-bears/Bears-189-buggy/src/main/java/hu/oe/nik/szfmv/environment/XmlToModelConverter.java, Line: 93, Element: setImageFileName
[ENTRY] Filepath: /media/4tb/npex/npex_data/benchmarks-bears/Bears-189-buggy/src/main/java/hu/oe/nik/szfmv/environment/WorldObject.java, Line: 92, Element: setImageFileName
[CALLSITE] Filepath: /media/4tb/npex/npex_data/benchmarks-bears/Bears-189-buggy/src/main/java/hu/oe/nik/szfmv/environment/XmlToModelConverter.java, Line: 96, Element: generateDimens
[ENTRY] Filepath: /media/4tb/npex/npex_data/benchmarks-bears/Bears-189-buggy/src/main/java/hu/oe/nik/szfmv/environment/WorldObject.java, Line: 101, Element: generateDimens
[CALLSITE] Filepath: /media/4tb/npex/npex_data/benchmarks-bears/Bears-189-buggy/src/main/java/hu/oe/nik/szfmv/environment/WorldObject.java, Line: 103, Element: read
[ENTRY] Filepath: /media/4tb/npex/npex_data/benchmarks-bears/Bears-189-buggy/src/main/java/hu/oe/nik/szfmv/environment/WorldObject.java, Line: 80, Element: getImageFileName
[CALLSITE] Filepath: /media/4tb/npex/npex_data/benchmarks-bears/Bears-189-buggy/src/main/java/hu/oe/nik/szfmv/environment/WorldObject.java, Line: 107, Element: getWidth
[CALLSITE] Filepath: /media/4tb/npex/npex_data/benchmarks-bears/Bears-189-buggy/src/main/java/hu/oe/nik/szfmv/environment/WorldObject.java, Line: 108, Element: getHeight
[CALLSITE] Filepath: /media/4tb/npex/npex_data/benchmarks-bears/Bears-189-buggy/src/main/java/hu/oe/nik/szfmv/environment/XmlToModelConverter.java, Line: 99, Element: getPointsFromPositionElement
[ENTRY] Filepath: /media/4tb/npex/npex_data/benchmarks-bears/Bears-189-buggy/src/main/java/hu/oe/nik/szfmv/environment/XmlToModelConverter.java, Line: 154, Element: getPointsFromPositionElement
[CALLSITE] Filepath: /media/4tb/npex/npex_data/benchmarks-bears/Bears-189-buggy/src/main/java/hu/oe/nik/szfmv/environment/XmlToModelConverter.java, Line: 160, Element: getAttribute
[CALLSITE] Filepath: /media/4tb/npex/npex_data/benchmarks-bears/Bears-189-buggy/src/main/java/hu/oe/nik/szfmv/environment/XmlToModelConverter.java, Line: 160, Element: parseInt
[CALLSITE] Filepath: /media/4tb/npex/npex_data/benchmarks-bears/Bears-189-buggy/src/main/java/hu/oe/nik/szfmv/environment/XmlToModelConverter.java, Line: 161, Element: getAttribute
[CALLSITE] Filepath: /media/4tb/npex/npex_data/benchmarks-bears/Bears-189-buggy/src/main/java/hu/oe/nik/szfmv/environment/XmlToModelConverter.java, Line: 161, Element: parseInt
[CALLSITE] Filepath: /media/4tb/npex/npex_data/benchmarks-bears/Bears-189-buggy/src/main/java/hu/oe/nik/szfmv/environment/XmlToModelConverter.java, Line: 100, Element: setX
[ENTRY] Filepath: /media/4tb/npex/npex_data/benchmarks-bears/Bears-189-buggy/src/main/java/hu/oe/nik/szfmv/environment/WorldObject.java, Line: 48, Element: setX
[CALLSITE] Filepath: /media/4tb/npex/npex_data/benchmarks-bears/Bears-189-buggy/src/main/java/hu/oe/nik/szfmv/environment/XmlToModelConverter.java, Line: 101, Element: setY
[ENTRY] Filepath: /media/4tb/npex/npex_data/benchmarks-bears/Bears-189-buggy/src/main/java/hu/oe/nik/szfmv/environment/WorldObject.java, Line: 56, Element: setY
[CALLSITE] Filepath: /media/4tb/npex/npex_data/benchmarks-bears/Bears-189-buggy/src/main/java/hu/oe/nik/szfmv/environment/XmlToModelConverter.java, Line: 104, Element: getRotacionFromTransformElement
[CALLSITE] Filepath: /media/4tb/npex/npex_data/benchmarks-bears/Bears-189-buggy/src/main/java/hu/oe/nik/szfmv/environment/XmlToModelConverter.java, Line: 104, Element: setRotation
[ENTRY] Filepath: /media/4tb/npex/npex_data/benchmarks-bears/Bears-189-buggy/src/main/java/hu/oe/nik/szfmv/environment/XmlToModelConverter.java, Line: 173, Element: getRotacionFromTransformElement
[CALLSITE] Filepath: /media/4tb/npex/npex_data/benchmarks-bears/Bears-189-buggy/src/main/java/hu/oe/nik/szfmv/environment/XmlToModelConverter.java, Line: 182, Element: getAttribute
[CALLSITE] Filepath: /media/4tb/npex/npex_data/benchmarks-bears/Bears-189-buggy/src/main/java/hu/oe/nik/szfmv/environment/XmlToModelConverter.java, Line: 182, Element: parseDouble
[CALLSITE] Filepath: /media/4tb/npex/npex_data/benchmarks-bears/Bears-189-buggy/src/main/java/hu/oe/nik/szfmv/environment/XmlToModelConverter.java, Line: 183, Element: getAttribute
[CALLSITE] Filepath: /media/4tb/npex/npex_data/benchmarks-bears/Bears-189-buggy/src/main/java/hu/oe/nik/szfmv/environment/XmlToModelConverter.java, Line: 183, Element: parseDouble
[CALLSITE] Filepath: /media/4tb/npex/npex_data/benchmarks-bears/Bears-189-buggy/src/main/java/hu/oe/nik/szfmv/environment/XmlToModelConverter.java, Line: 184, Element: getAttribute
[CALLSITE] Filepath: /media/4tb/npex/npex_data/benchmarks-bears/Bears-189-buggy/src/main/java/hu/oe/nik/szfmv/environment/XmlToModelConverter.java, Line: 184, Element: parseDouble
[CALLSITE] Filepath: /media/4tb/npex/npex_data/benchmarks-bears/Bears-189-buggy/src/main/java/hu/oe/nik/szfmv/environment/XmlToModelConverter.java, Line: 185, Element: getAttribute
[CALLSITE] Filepath: /media/4tb/npex/npex_data/benchmarks-bears/Bears-189-buggy/src/main/java/hu/oe/nik/szfmv/environment/XmlToModelConverter.java, Line: 185, Element: parseDouble
[CALLSITE] Filepath: /media/4tb/npex/npex_data/benchmarks-bears/Bears-189-buggy/src/main/java/hu/oe/nik/szfmv/environment/XmlToModelConverter.java, Line: 187, Element: convertMatrixToRadians
[ENTRY] Filepath: /media/4tb/npex/npex_data/benchmarks-bears/Bears-189-buggy/src/main/java/hu/oe/nik/szfmv/common/Utils.java, Line: 40, Element: convertMatrixToRadians
[CALLSITE] Filepath: /media/4tb/npex/npex_data/benchmarks-bears/Bears-189-buggy/src/main/java/hu/oe/nik/szfmv/common/Utils.java, Line: 41, Element: atan2
[ENTRY] Filepath: /media/4tb/npex/npex_data/benchmarks-bears/Bears-189-buggy/src/main/java/hu/oe/nik/szfmv/environment/WorldObject.java, Line: 88, Element: setRotation
[CALLSITE] Filepath: /media/4tb/npex/npex_data/benchmarks-bears/Bears-189-buggy/src/main/java/hu/oe/nik/szfmv/environment/XmlToModelConverter.java, Line: 107, Element: generateShape
[ENTRY] Filepath: /media/4tb/npex/npex_data/benchmarks-bears/Bears-189-buggy/src/main/java/hu/oe/nik/szfmv/environment/models/Road.java, Line: 119, Element: generateShape
[CALLSITE] Filepath: /media/4tb/npex/npex_data/benchmarks-bears/Bears-189-buggy/src/main/java/hu/oe/nik/szfmv/environment/models/Road.java, Line: 122, Element: get
[CALLSITE] Filepath: /media/4tb/npex/npex_data/benchmarks-bears/Bears-189-buggy/src/main/java/hu/oe/nik/szfmv/environment/models/Road.java, Line: 125, Element: getRotation
[CALLSITE] Filepath: /media/4tb/npex/npex_data/benchmarks-bears/Bears-189-buggy/src/main/java/hu/oe/nik/szfmv/environment/models/Road.java, Line: 125, Element: getX
[CALLSITE] Filepath: /media/4tb/npex/npex_data/benchmarks-bears/Bears-189-buggy/src/main/java/hu/oe/nik/szfmv/environment/models/Road.java, Line: 125, Element: getWidth
[CALLSITE] Filepath: /media/4tb/npex/npex_data/benchmarks-bears/Bears-189-buggy/src/main/java/hu/oe/nik/szfmv/environment/models/Road.java, Line: 125, Element: rotate
[ENTRY] Filepath: /media/4tb/npex/npex_data/benchmarks-bears/Bears-189-buggy/src/main/java/hu/oe/nik/szfmv/environment/WorldObject.java, Line: 76, Element: getRotation
[ENTRY] Filepath: /media/4tb/npex/npex_data/benchmarks-bears/Bears-189-buggy/src/main/java/hu/oe/nik/szfmv/environment/WorldObject.java, Line: 44, Element: getX
[ENTRY] Filepath: /media/4tb/npex/npex_data/benchmarks-bears/Bears-189-buggy/src/main/java/hu/oe/nik/szfmv/environment/WorldObject.java, Line: 60, Element: getWidth
[ENTRY] Filepath: /media/4tb/npex/npex_data/benchmarks-bears/Bears-189-buggy/src/main/java/hu/oe/nik/szfmv/environment/WorldObject.java, Line: 52, Element: getY
[ENTRY] Filepath: /media/4tb/npex/npex_data/benchmarks-bears/Bears-189-buggy/src/main/java/hu/oe/nik/szfmv/environment/WorldObject.java, Line: 64, Element: getHeight
[CALLSITE] Filepath: /media/4tb/npex/npex_data/benchmarks-bears/Bears-189-buggy/src/main/java/hu/oe/nik/szfmv/environment/models/Road.java, Line: 131, Element: get
[CALLSITE] Filepath: /media/4tb/npex/npex_data/benchmarks-bears/Bears-189-buggy/src/main/java/hu/oe/nik/szfmv/environment/models/Road.java, Line: 131, Element: createTransformedShape
[CALLSITE] Filepath: /media/4tb/npex/npex_data/benchmarks-bears/Bears-189-buggy/src/main/java/hu/oe/nik/szfmv/environment/models/Road.java, Line: 135, Element: generateShape
[ENTRY] Filepath: /media/4tb/npex/npex_data/benchmarks-bears/Bears-189-buggy/src/main/java/hu/oe/nik/szfmv/environment/WorldObject.java, Line: 117, Element: generateShape
[CALLSITE] Filepath: /media/4tb/npex/npex_data/benchmarks-bears/Bears-189-buggy/src/main/java/hu/oe/nik/szfmv/environment/WorldObject.java, Line: 119, Element: getRotation
[CALLSITE] Filepath: /media/4tb/npex/npex_data/benchmarks-bears/Bears-189-buggy/src/main/java/hu/oe/nik/szfmv/environment/WorldObject.java, Line: 119, Element: getX
[CALLSITE] Filepath: /media/4tb/npex/npex_data/benchmarks-bears/Bears-189-buggy/src/main/java/hu/oe/nik/szfmv/environment/WorldObject.java, Line: 119, Element: getY
[CALLSITE] Filepath: /media/4tb/npex/npex_data/benchmarks-bears/Bears-189-buggy/src/main/java/hu/oe/nik/szfmv/environment/WorldObject.java, Line: 119, Element: rotate
[ENTRY] Filepath: /media/4tb/npex/npex_data/benchmarks-bears/Bears-189-buggy/src/main/java/hu/oe/nik/szfmv/environment/WorldObject.java, Line: 76, Element: getRotation
[ENTRY] Filepath: /media/4tb/npex/npex_data/benchmarks-bears/Bears-189-buggy/src/main/java/hu/oe/nik/szfmv/environment/WorldObject.java, Line: 44, Element: getX
[ENTRY] Filepath: /media/4tb/npex/npex_data/benchmarks-bears/Bears-189-buggy/src/main/java/hu/oe/nik/szfmv/environment/WorldObject.java, Line: 52, Element: getY
[CALLSITE] Filepath: /media/4tb/npex/npex_data/benchmarks-bears/Bears-189-buggy/src/main/java/hu/oe/nik/szfmv/environment/WorldObject.java, Line: 120, Element: isInstance
[CALLSITE] Filepath: /media/4tb/npex/npex_data/benchmarks-bears/Bears-189-buggy/src/main/java/hu/oe/nik/szfmv/environment/WorldObject.java, Line: 121, Element: createTransformedShape
[ENTRY] Filepath: /media/4tb/npex/npex_data/benchmarks-bears/Bears-189-buggy/src/main/java/hu/oe/nik/szfmv/environment/WorldObject.java, Line: 44, Element: getX
[ENTRY] Filepath: /media/4tb/npex/npex_data/benchmarks-bears/Bears-189-buggy/src/main/java/hu/oe/nik/szfmv/environment/WorldObject.java, Line: 52, Element: getY
[ENTRY] Filepath: /media/4tb/npex/npex_data/benchmarks-bears/Bears-189-buggy/src/main/java/hu/oe/nik/szfmv/environment/WorldObject.java, Line: 60, Element: getWidth
[ENTRY] Filepath: /media/4tb/npex/npex_data/benchmarks-bears/Bears-189-buggy/src/main/java/hu/oe/nik/szfmv/environment/WorldObject.java, Line: 64, Element: getHeight
[CALLSITE] Filepath: /media/4tb/npex/npex_data/benchmarks-bears/Bears-189-buggy/src/main/java/hu/oe/nik/szfmv/environment/XmlToModelConverter.java, Line: 109, Element: toString
[CALLSITE] Filepath: /media/4tb/npex/npex_data/benchmarks-bears/Bears-189-buggy/src/main/java/hu/oe/nik/szfmv/environment/XmlToModelConverter.java, Line: 109, Element: debug
[ENTRY] Filepath: /media/4tb/npex/npex_data/benchmarks-bears/Bears-189-buggy/src/main/java/hu/oe/nik/szfmv/environment/WorldObject.java, Line: 135, Element: toString
[CALLSITE] Filepath: /media/4tb/npex/npex_data/benchmarks-bears/Bears-189-buggy/src/main/java/hu/oe/nik/szfmv/environment/XmlToModelConverter.java, Line: 50, Element: item
[CALLSITE] Filepath: /media/4tb/npex/npex_data/benchmarks-bears/Bears-189-buggy/src/main/java/hu/oe/nik/szfmv/environment/XmlToModelConverter.java, Line: 52, Element: readValueFromXml
[CALLSITE] Filepath: /media/4tb/npex/npex_data/benchmarks-bears/Bears-189-buggy/src/main/java/hu/oe/nik/szfmv/environment/XmlToModelConverter.java, Line: 52, Element: add
[ENTRY] Filepath: /media/4tb/npex/npex_data/benchmarks-bears/Bears-189-buggy/src/main/java/hu/oe/nik/szfmv/environment/XmlToModelConverter.java, Line: 67, Element: readValueFromXml
[CALLSITE] Filepath: /media/4tb/npex/npex_data/benchmarks-bears/Bears-189-buggy/src/main/java/hu/oe/nik/szfmv/environment/XmlToModelConverter.java, Line: 72, Element: getAttribute
[CALLSITE] Filepath: /media/4tb/npex/npex_data/benchmarks-bears/Bears-189-buggy/src/main/java/hu/oe/nik/szfmv/environment/XmlToModelConverter.java, Line: 75, Element: getChildNodes
[CALLSITE] Filepath: /media/4tb/npex/npex_data/benchmarks-bears/Bears-189-buggy/src/main/java/hu/oe/nik/szfmv/environment/XmlToModelConverter.java, Line: 76, Element: getLength
[CALLSITE] Filepath: /media/4tb/npex/npex_data/benchmarks-bears/Bears-189-buggy/src/main/java/hu/oe/nik/szfmv/environment/XmlToModelConverter.java, Line: 77, Element: item
[CALLSITE] Filepath: /media/4tb/npex/npex_data/benchmarks-bears/Bears-189-buggy/src/main/java/hu/oe/nik/szfmv/environment/XmlToModelConverter.java, Line: 77, Element: getNodeName
[CALLSITE] Filepath: /media/4tb/npex/npex_data/benchmarks-bears/Bears-189-buggy/src/main/java/hu/oe/nik/szfmv/environment/XmlToModelConverter.java, Line: 77, Element: item
[CALLSITE] Filepath: /media/4tb/npex/npex_data/benchmarks-bears/Bears-189-buggy/src/main/java/hu/oe/nik/szfmv/environment/XmlToModelConverter.java, Line: 77, Element: getNodeName
[CALLSITE] Filepath: /media/4tb/npex/npex_data/benchmarks-bears/Bears-189-buggy/src/main/java/hu/oe/nik/szfmv/environment/XmlToModelConverter.java, Line: 79, Element: item
[CALLSITE] Filepath: /media/4tb/npex/npex_data/benchmarks-bears/Bears-189-buggy/src/main/java/hu/oe/nik/szfmv/environment/XmlToModelConverter.java, Line: 77, Element: item
[CALLSITE] Filepath: /media/4tb/npex/npex_data/benchmarks-bears/Bears-189-buggy/src/main/java/hu/oe/nik/szfmv/environment/XmlToModelConverter.java, Line: 77, Element: getNodeName
[CALLSITE] Filepath: /media/4tb/npex/npex_data/benchmarks-bears/Bears-189-buggy/src/main/java/hu/oe/nik/szfmv/environment/XmlToModelConverter.java, Line: 77, Element: item
[CALLSITE] Filepath: /media/4tb/npex/npex_data/benchmarks-bears/Bears-189-buggy/src/main/java/hu/oe/nik/szfmv/environment/XmlToModelConverter.java, Line: 77, Element: getNodeName
[CALLSITE] Filepath: /media/4tb/npex/npex_data/benchmarks-bears/Bears-189-buggy/src/main/java/hu/oe/nik/szfmv/environment/XmlToModelConverter.java, Line: 82, Element: item
[CALLSITE] Filepath: /media/4tb/npex/npex_data/benchmarks-bears/Bears-189-buggy/src/main/java/hu/oe/nik/szfmv/environment/XmlToModelConverter.java, Line: 77, Element: item
[CALLSITE] Filepath: /media/4tb/npex/npex_data/benchmarks-bears/Bears-189-buggy/src/main/java/hu/oe/nik/szfmv/environment/XmlToModelConverter.java, Line: 77, Element: getNodeName
[CALLSITE] Filepath: /media/4tb/npex/npex_data/benchmarks-bears/Bears-189-buggy/src/main/java/hu/oe/nik/szfmv/environment/XmlToModelConverter.java, Line: 77, Element: item
[CALLSITE] Filepath: /media/4tb/npex/npex_data/benchmarks-bears/Bears-189-buggy/src/main/java/hu/oe/nik/szfmv/environment/XmlToModelConverter.java, Line: 77, Element: getNodeName
[CALLSITE] Filepath: /media/4tb/npex/npex_data/benchmarks-bears/Bears-189-buggy/src/main/java/hu/oe/nik/szfmv/environment/XmlToModelConverter.java, Line: 77, Element: item
[CALLSITE] Filepath: /media/4tb/npex/npex_data/benchmarks-bears/Bears-189-buggy/src/main/java/hu/oe/nik/szfmv/environment/XmlToModelConverter.java, Line: 77, Element: getNodeName
[CALLSITE] Filepath: /media/4tb/npex/npex_data/benchmarks-bears/Bears-189-buggy/src/main/java/hu/oe/nik/szfmv/environment/XmlToModelConverter.java, Line: 77, Element: item
[CALLSITE] Filepath: /media/4tb/npex/npex_data/benchmarks-bears/Bears-189-buggy/src/main/java/hu/oe/nik/szfmv/environment/XmlToModelConverter.java, Line: 77, Element: getNodeName
[CALLSITE] Filepath: /media/4tb/npex/npex_data/benchmarks-bears/Bears-189-buggy/src/main/java/hu/oe/nik/szfmv/environment/XmlToModelConverter.java, Line: 77, Element: item
[CALLSITE] Filepath: /media/4tb/npex/npex_data/benchmarks-bears/Bears-189-buggy/src/main/java/hu/oe/nik/szfmv/environment/XmlToModelConverter.java, Line: 77, Element: getNodeName
[CALLSITE] Filepath: /media/4tb/npex/npex_data/benchmarks-bears/Bears-189-buggy/src/main/java/hu/oe/nik/szfmv/environment/XmlToModelConverter.java, Line: 77, Element: item
[CALLSITE] Filepath: /media/4tb/npex/npex_data/benchmarks-bears/Bears-189-buggy/src/main/java/hu/oe/nik/szfmv/environment/XmlToModelConverter.java, Line: 77, Element: getNodeName
[CALLSITE] Filepath: /media/4tb/npex/npex_data/benchmarks-bears/Bears-189-buggy/src/main/java/hu/oe/nik/szfmv/environment/XmlToModelConverter.java, Line: 77, Element: item
[CALLSITE] Filepath: /media/4tb/npex/npex_data/benchmarks-bears/Bears-189-buggy/src/main/java/hu/oe/nik/szfmv/environment/XmlToModelConverter.java, Line: 77, Element: getNodeName
[CALLSITE] Filepath: /media/4tb/npex/npex_data/benchmarks-bears/Bears-189-buggy/src/main/java/hu/oe/nik/szfmv/environment/XmlToModelConverter.java, Line: 91, Element: createObjectFromType
[ENTRY] Filepath: /media/4tb/npex/npex_data/benchmarks-bears/Bears-189-buggy/src/main/java/hu/oe/nik/szfmv/environment/XmlToModelConverter.java, Line: 118, Element: createObjectFromType
[CALLSITE] Filepath: /media/4tb/npex/npex_data/benchmarks-bears/Bears-189-buggy/src/main/java/hu/oe/nik/szfmv/environment/XmlToModelConverter.java, Line: 122, Element: indexOf
[CALLSITE] Filepath: /media/4tb/npex/npex_data/benchmarks-bears/Bears-189-buggy/src/main/java/hu/oe/nik/szfmv/environment/XmlToModelConverter.java, Line: 123, Element: indexOf
[CALLSITE] Filepath: /media/4tb/npex/npex_data/benchmarks-bears/Bears-189-buggy/src/main/java/hu/oe/nik/szfmv/environment/XmlToModelConverter.java, Line: 123, Element: substring
[CALLSITE] Filepath: /media/4tb/npex/npex_data/benchmarks-bears/Bears-189-buggy/src/main/java/hu/oe/nik/szfmv/environment/models/Road.java, Line: 92, Element: hashMapInit
[ENTRY] Filepath: /media/4tb/npex/npex_data/benchmarks-bears/Bears-189-buggy/src/main/java/hu/oe/nik/szfmv/environment/models/Road.java, Line: 95, Element: hashMapInit
[CALLSITE] Filepath: /media/4tb/npex/npex_data/benchmarks-bears/Bears-189-buggy/src/main/java/hu/oe/nik/szfmv/environment/models/Road.java, Line: 96, Element: put
[CALLSITE] Filepath: /media/4tb/npex/npex_data/benchmarks-bears/Bears-189-buggy/src/main/java/hu/oe/nik/szfmv/environment/models/Road.java, Line: 97, Element: put
[CALLSITE] Filepath: /media/4tb/npex/npex_data/benchmarks-bears/Bears-189-buggy/src/main/java/hu/oe/nik/szfmv/environment/models/Road.java, Line: 98, Element: put
[CALLSITE] Filepath: /media/4tb/npex/npex_data/benchmarks-bears/Bears-189-buggy/src/main/java/hu/oe/nik/szfmv/environment/models/Road.java, Line: 99, Element: put
[CALLSITE] Filepath: /media/4tb/npex/npex_data/benchmarks-bears/Bears-189-buggy/src/main/java/hu/oe/nik/szfmv/environment/models/Road.java, Line: 100, Element: put
[CALLSITE] Filepath: /media/4tb/npex/npex_data/benchmarks-bears/Bears-189-buggy/src/main/java/hu/oe/nik/szfmv/environment/models/Road.java, Line: 101, Element: put
[CALLSITE] Filepath: /media/4tb/npex/npex_data/benchmarks-bears/Bears-189-buggy/src/main/java/hu/oe/nik/szfmv/environment/models/Road.java, Line: 102, Element: put
[CALLSITE] Filepath: /media/4tb/npex/npex_data/benchmarks-bears/Bears-189-buggy/src/main/java/hu/oe/nik/szfmv/environment/models/Road.java, Line: 103, Element: put
[CALLSITE] Filepath: /media/4tb/npex/npex_data/benchmarks-bears/Bears-189-buggy/src/main/java/hu/oe/nik/szfmv/environment/models/Road.java, Line: 104, Element: put
[CALLSITE] Filepath: /media/4tb/npex/npex_data/benchmarks-bears/Bears-189-buggy/src/main/java/hu/oe/nik/szfmv/environment/XmlToModelConverter.java, Line: 93, Element: setImageFileName
[ENTRY] Filepath: /media/4tb/npex/npex_data/benchmarks-bears/Bears-189-buggy/src/main/java/hu/oe/nik/szfmv/environment/WorldObject.java, Line: 92, Element: setImageFileName
[CALLSITE] Filepath: /media/4tb/npex/npex_data/benchmarks-bears/Bears-189-buggy/src/main/java/hu/oe/nik/szfmv/environment/XmlToModelConverter.java, Line: 96, Element: generateDimens
[ENTRY] Filepath: /media/4tb/npex/npex_data/benchmarks-bears/Bears-189-buggy/src/main/java/hu/oe/nik/szfmv/environment/WorldObject.java, Line: 101, Element: generateDimens
[CALLSITE] Filepath: /media/4tb/npex/npex_data/benchmarks-bears/Bears-189-buggy/src/main/java/hu/oe/nik/szfmv/environment/WorldObject.java, Line: 103, Element: read
[ENTRY] Filepath: /media/4tb/npex/npex_data/benchmarks-bears/Bears-189-buggy/src/main/java/hu/oe/nik/szfmv/environment/WorldObject.java, Line: 80, Element: getImageFileName
[CALLSITE] Filepath: /media/4tb/npex/npex_data/benchmarks-bears/Bears-189-buggy/src/main/java/hu/oe/nik/szfmv/environment/WorldObject.java, Line: 107, Element: getWidth
[CALLSITE] Filepath: /media/4tb/npex/npex_data/benchmarks-bears/Bears-189-buggy/src/main/java/hu/oe/nik/szfmv/environment/WorldObject.java, Line: 108, Element: getHeight
[CALLSITE] Filepath: /media/4tb/npex/npex_data/benchmarks-bears/Bears-189-buggy/src/main/java/hu/oe/nik/szfmv/environment/XmlToModelConverter.java, Line: 99, Element: getPointsFromPositionElement
[ENTRY] Filepath: /media/4tb/npex/npex_data/benchmarks-bears/Bears-189-buggy/src/main/java/hu/oe/nik/szfmv/environment/XmlToModelConverter.java, Line: 154, Element: getPointsFromPositionElement
[CALLSITE] Filepath: /media/4tb/npex/npex_data/benchmarks-bears/Bears-189-buggy/src/main/java/hu/oe/nik/szfmv/environment/XmlToModelConverter.java, Line: 160, Element: getAttribute
[CALLSITE] Filepath: /media/4tb/npex/npex_data/benchmarks-bears/Bears-189-buggy/src/main/java/hu/oe/nik/szfmv/environment/XmlToModelConverter.java, Line: 160, Element: parseInt
[CALLSITE] Filepath: /media/4tb/npex/npex_data/benchmarks-bears/Bears-189-buggy/src/main/java/hu/oe/nik/szfmv/environment/XmlToModelConverter.java, Line: 161, Element: getAttribute
[CALLSITE] Filepath: /media/4tb/npex/npex_data/benchmarks-bears/Bears-189-buggy/src/main/java/hu/oe/nik/szfmv/environment/XmlToModelConverter.java, Line: 161, Element: parseInt
[CALLSITE] Filepath: /media/4tb/npex/npex_data/benchmarks-bears/Bears-189-buggy/src/main/java/hu/oe/nik/szfmv/environment/XmlToModelConverter.java, Line: 100, Element: setX
[ENTRY] Filepath: /media/4tb/npex/npex_data/benchmarks-bears/Bears-189-buggy/src/main/java/hu/oe/nik/szfmv/environment/WorldObject.java, Line: 48, Element: setX
[CALLSITE] Filepath: /media/4tb/npex/npex_data/benchmarks-bears/Bears-189-buggy/src/main/java/hu/oe/nik/szfmv/environment/XmlToModelConverter.java, Line: 101, Element: setY
[ENTRY] Filepath: /media/4tb/npex/npex_data/benchmarks-bears/Bears-189-buggy/src/main/java/hu/oe/nik/szfmv/environment/WorldObject.java, Line: 56, Element: setY
[CALLSITE] Filepath: /media/4tb/npex/npex_data/benchmarks-bears/Bears-189-buggy/src/main/java/hu/oe/nik/szfmv/environment/XmlToModelConverter.java, Line: 104, Element: getRotacionFromTransformElement
[CALLSITE] Filepath: /media/4tb/npex/npex_data/benchmarks-bears/Bears-189-buggy/src/main/java/hu/oe/nik/szfmv/environment/XmlToModelConverter.java, Line: 104, Element: setRotation
[ENTRY] Filepath: /media/4tb/npex/npex_data/benchmarks-bears/Bears-189-buggy/src/main/java/hu/oe/nik/szfmv/environment/XmlToModelConverter.java, Line: 173, Element: getRotacionFromTransformElement
[CALLSITE] Filepath: /media/4tb/npex/npex_data/benchmarks-bears/Bears-189-buggy/src/main/java/hu/oe/nik/szfmv/environment/XmlToModelConverter.java, Line: 182, Element: getAttribute
[CALLSITE] Filepath: /media/4tb/npex/npex_data/benchmarks-bears/Bears-189-buggy/src/main/java/hu/oe/nik/szfmv/environment/XmlToModelConverter.java, Line: 182, Element: parseDouble
[CALLSITE] Filepath: /media/4tb/npex/npex_data/benchmarks-bears/Bears-189-buggy/src/main/java/hu/oe/nik/szfmv/environment/XmlToModelConverter.java, Line: 183, Element: getAttribute
[CALLSITE] Filepath: /media/4tb/npex/npex_data/benchmarks-bears/Bears-189-buggy/src/main/java/hu/oe/nik/szfmv/environment/XmlToModelConverter.java, Line: 183, Element: parseDouble
[CALLSITE] Filepath: /media/4tb/npex/npex_data/benchmarks-bears/Bears-189-buggy/src/main/java/hu/oe/nik/szfmv/environment/XmlToModelConverter.java, Line: 184, Element: getAttribute
[CALLSITE] Filepath: /media/4tb/npex/npex_data/benchmarks-bears/Bears-189-buggy/src/main/java/hu/oe/nik/szfmv/environment/XmlToModelConverter.java, Line: 184, Element: parseDouble
[CALLSITE] Filepath: /media/4tb/npex/npex_data/benchmarks-bears/Bears-189-buggy/src/main/java/hu/oe/nik/szfmv/environment/XmlToModelConverter.java, Line: 185, Element: getAttribute
[CALLSITE] Filepath: /media/4tb/npex/npex_data/benchmarks-bears/Bears-189-buggy/src/main/java/hu/oe/nik/szfmv/environment/XmlToModelConverter.java, Line: 185, Element: parseDouble
[CALLSITE] Filepath: /media/4tb/npex/npex_data/benchmarks-bears/Bears-189-buggy/src/main/java/hu/oe/nik/szfmv/environment/XmlToModelConverter.java, Line: 187, Element: convertMatrixToRadians
[ENTRY] Filepath: /media/4tb/npex/npex_data/benchmarks-bears/Bears-189-buggy/src/main/java/hu/oe/nik/szfmv/common/Utils.java, Line: 40, Element: convertMatrixToRadians
[CALLSITE] Filepath: /media/4tb/npex/npex_data/benchmarks-bears/Bears-189-buggy/src/main/java/hu/oe/nik/szfmv/common/Utils.java, Line: 41, Element: atan2
[ENTRY] Filepath: /media/4tb/npex/npex_data/benchmarks-bears/Bears-189-buggy/src/main/java/hu/oe/nik/szfmv/environment/WorldObject.java, Line: 88, Element: setRotation
[CALLSITE] Filepath: /media/4tb/npex/npex_data/benchmarks-bears/Bears-189-buggy/src/main/java/hu/oe/nik/szfmv/environment/XmlToModelConverter.java, Line: 107, Element: generateShape
[ENTRY] Filepath: /media/4tb/npex/npex_data/benchmarks-bears/Bears-189-buggy/src/main/java/hu/oe/nik/szfmv/environment/models/Road.java, Line: 119, Element: generateShape
[CALLSITE] Filepath: /media/4tb/npex/npex_data/benchmarks-bears/Bears-189-buggy/src/main/java/hu/oe/nik/szfmv/environment/models/Road.java, Line: 122, Element: get
[CALLSITE] Filepath: /media/4tb/npex/npex_data/benchmarks-bears/Bears-189-buggy/src/main/java/hu/oe/nik/szfmv/environment/models/Road.java, Line: 125, Element: getRotation
[CALLSITE] Filepath: /media/4tb/npex/npex_data/benchmarks-bears/Bears-189-buggy/src/main/java/hu/oe/nik/szfmv/environment/models/Road.java, Line: 125, Element: getX
[CALLSITE] Filepath: /media/4tb/npex/npex_data/benchmarks-bears/Bears-189-buggy/src/main/java/hu/oe/nik/szfmv/environment/models/Road.java, Line: 125, Element: getWidth
[CALLSITE] Filepath: /media/4tb/npex/npex_data/benchmarks-bears/Bears-189-buggy/src/main/java/hu/oe/nik/szfmv/environment/models/Road.java, Line: 125, Element: rotate
[ENTRY] Filepath: /media/4tb/npex/npex_data/benchmarks-bears/Bears-189-buggy/src/main/java/hu/oe/nik/szfmv/environment/WorldObject.java, Line: 76, Element: getRotation
[ENTRY] Filepath: /media/4tb/npex/npex_data/benchmarks-bears/Bears-189-buggy/src/main/java/hu/oe/nik/szfmv/environment/WorldObject.java, Line: 44, Element: getX
[ENTRY] Filepath: /media/4tb/npex/npex_data/benchmarks-bears/Bears-189-buggy/src/main/java/hu/oe/nik/szfmv/environment/WorldObject.java, Line: 60, Element: getWidth
[ENTRY] Filepath: /media/4tb/npex/npex_data/benchmarks-bears/Bears-189-buggy/src/main/java/hu/oe/nik/szfmv/environment/WorldObject.java, Line: 52, Element: getY
[ENTRY] Filepath: /media/4tb/npex/npex_data/benchmarks-bears/Bears-189-buggy/src/main/java/hu/oe/nik/szfmv/environment/WorldObject.java, Line: 64, Element: getHeight
[CALLSITE] Filepath: /media/4tb/npex/npex_data/benchmarks-bears/Bears-189-buggy/src/main/java/hu/oe/nik/szfmv/environment/models/Road.java, Line: 131, Element: get
[CALLSITE] Filepath: /media/4tb/npex/npex_data/benchmarks-bears/Bears-189-buggy/src/main/java/hu/oe/nik/szfmv/environment/models/Road.java, Line: 131, Element: createTransformedShape
[CALLSITE] Filepath: /media/4tb/npex/npex_data/benchmarks-bears/Bears-189-buggy/src/main/java/hu/oe/nik/szfmv/environment/models/Road.java, Line: 135, Element: generateShape
[ENTRY] Filepath: /media/4tb/npex/npex_data/benchmarks-bears/Bears-189-buggy/src/main/java/hu/oe/nik/szfmv/environment/WorldObject.java, Line: 117, Element: generateShape
[CALLSITE] Filepath: /media/4tb/npex/npex_data/benchmarks-bears/Bears-189-buggy/src/main/java/hu/oe/nik/szfmv/environment/WorldObject.java, Line: 119, Element: getRotation
[CALLSITE] Filepath: /media/4tb/npex/npex_data/benchmarks-bears/Bears-189-buggy/src/main/java/hu/oe/nik/szfmv/environment/WorldObject.java, Line: 119, Element: getX
[CALLSITE] Filepath: /media/4tb/npex/npex_data/benchmarks-bears/Bears-189-buggy/src/main/java/hu/oe/nik/szfmv/environment/WorldObject.java, Line: 119, Element: getY
[CALLSITE] Filepath: /media/4tb/npex/npex_data/benchmarks-bears/Bears-189-buggy/src/main/java/hu/oe/nik/szfmv/environment/WorldObject.java, Line: 119, Element: rotate
[ENTRY] Filepath: /media/4tb/npex/npex_data/benchmarks-bears/Bears-189-buggy/src/main/java/hu/oe/nik/szfmv/environment/WorldObject.java, Line: 76, Element: getRotation
[ENTRY] Filepath: /media/4tb/npex/npex_data/benchmarks-bears/Bears-189-buggy/src/main/java/hu/oe/nik/szfmv/environment/WorldObject.java, Line: 44, Element: getX
[ENTRY] Filepath: /media/4tb/npex/npex_data/benchmarks-bears/Bears-189-buggy/src/main/java/hu/oe/nik/szfmv/environment/WorldObject.java, Line: 52, Element: getY
[CALLSITE] Filepath: /media/4tb/npex/npex_data/benchmarks-bears/Bears-189-buggy/src/main/java/hu/oe/nik/szfmv/environment/WorldObject.java, Line: 120, Element: isInstance
[CALLSITE] Filepath: /media/4tb/npex/npex_data/benchmarks-bears/Bears-189-buggy/src/main/java/hu/oe/nik/szfmv/environment/WorldObject.java, Line: 121, Element: createTransformedShape
[ENTRY] Filepath: /media/4tb/npex/npex_data/benchmarks-bears/Bears-189-buggy/src/main/java/hu/oe/nik/szfmv/environment/WorldObject.java, Line: 44, Element: getX
[ENTRY] Filepath: /media/4tb/npex/npex_data/benchmarks-bears/Bears-189-buggy/src/main/java/hu/oe/nik/szfmv/environment/WorldObject.java, Line: 52, Element: getY
[ENTRY] Filepath: /media/4tb/npex/npex_data/benchmarks-bears/Bears-189-buggy/src/main/java/hu/oe/nik/szfmv/environment/WorldObject.java, Line: 60, Element: getWidth
[ENTRY] Filepath: /media/4tb/npex/npex_data/benchmarks-bears/Bears-189-buggy/src/main/java/hu/oe/nik/szfmv/environment/WorldObject.java, Line: 64, Element: getHeight
[CALLSITE] Filepath: /media/4tb/npex/npex_data/benchmarks-bears/Bears-189-buggy/src/main/java/hu/oe/nik/szfmv/environment/XmlToModelConverter.java, Line: 109, Element: toString
[CALLSITE] Filepath: /media/4tb/npex/npex_data/benchmarks-bears/Bears-189-buggy/src/main/java/hu/oe/nik/szfmv/environment/XmlToModelConverter.java, Line: 109, Element: debug
[ENTRY] Filepath: /media/4tb/npex/npex_data/benchmarks-bears/Bears-189-buggy/src/main/java/hu/oe/nik/szfmv/environment/WorldObject.java, Line: 135, Element: toString
[CALLSITE] Filepath: /media/4tb/npex/npex_data/benchmarks-bears/Bears-189-buggy/src/main/java/hu/oe/nik/szfmv/environment/XmlToModelConverter.java, Line: 50, Element: item
[CALLSITE] Filepath: /media/4tb/npex/npex_data/benchmarks-bears/Bears-189-buggy/src/main/java/hu/oe/nik/szfmv/environment/XmlToModelConverter.java, Line: 52, Element: readValueFromXml
[CALLSITE] Filepath: /media/4tb/npex/npex_data/benchmarks-bears/Bears-189-buggy/src/main/java/hu/oe/nik/szfmv/environment/XmlToModelConverter.java, Line: 52, Element: add
[ENTRY] Filepath: /media/4tb/npex/npex_data/benchmarks-bears/Bears-189-buggy/src/main/java/hu/oe/nik/szfmv/environment/XmlToModelConverter.java, Line: 67, Element: readValueFromXml
[CALLSITE] Filepath: /media/4tb/npex/npex_data/benchmarks-bears/Bears-189-buggy/src/main/java/hu/oe/nik/szfmv/environment/XmlToModelConverter.java, Line: 72, Element: getAttribute
[CALLSITE] Filepath: /media/4tb/npex/npex_data/benchmarks-bears/Bears-189-buggy/src/main/java/hu/oe/nik/szfmv/environment/XmlToModelConverter.java, Line: 75, Element: getChildNodes
[CALLSITE] Filepath: /media/4tb/npex/npex_data/benchmarks-bears/Bears-189-buggy/src/main/java/hu/oe/nik/szfmv/environment/XmlToModelConverter.java, Line: 76, Element: getLength
[CALLSITE] Filepath: /media/4tb/npex/npex_data/benchmarks-bears/Bears-189-buggy/src/main/java/hu/oe/nik/szfmv/environment/XmlToModelConverter.java, Line: 77, Element: item
[CALLSITE] Filepath: /media/4tb/npex/npex_data/benchmarks-bears/Bears-189-buggy/src/main/java/hu/oe/nik/szfmv/environment/XmlToModelConverter.java, Line: 77, Element: getNodeName
[CALLSITE] Filepath: /media/4tb/npex/npex_data/benchmarks-bears/Bears-189-buggy/src/main/java/hu/oe/nik/szfmv/environment/XmlToModelConverter.java, Line: 77, Element: item
[CALLSITE] Filepath: /media/4tb/npex/npex_data/benchmarks-bears/Bears-189-buggy/src/main/java/hu/oe/nik/szfmv/environment/XmlToModelConverter.java, Line: 77, Element: getNodeName
[CALLSITE] Filepath: /media/4tb/npex/npex_data/benchmarks-bears/Bears-189-buggy/src/main/java/hu/oe/nik/szfmv/environment/XmlToModelConverter.java, Line: 79, Element: item
[CALLSITE] Filepath: /media/4tb/npex/npex_data/benchmarks-bears/Bears-189-buggy/src/main/java/hu/oe/nik/szfmv/environment/XmlToModelConverter.java, Line: 77, Element: item
[CALLSITE] Filepath: /media/4tb/npex/npex_data/benchmarks-bears/Bears-189-buggy/src/main/java/hu/oe/nik/szfmv/environment/XmlToModelConverter.java, Line: 77, Element: getNodeName
[CALLSITE] Filepath: /media/4tb/npex/npex_data/benchmarks-bears/Bears-189-buggy/src/main/java/hu/oe/nik/szfmv/environment/XmlToModelConverter.java, Line: 77, Element: item
[CALLSITE] Filepath: /media/4tb/npex/npex_data/benchmarks-bears/Bears-189-buggy/src/main/java/hu/oe/nik/szfmv/environment/XmlToModelConverter.java, Line: 77, Element: getNodeName
[CALLSITE] Filepath: /media/4tb/npex/npex_data/benchmarks-bears/Bears-189-buggy/src/main/java/hu/oe/nik/szfmv/environment/XmlToModelConverter.java, Line: 82, Element: item
[CALLSITE] Filepath: /media/4tb/npex/npex_data/benchmarks-bears/Bears-189-buggy/src/main/java/hu/oe/nik/szfmv/environment/XmlToModelConverter.java, Line: 77, Element: item
[CALLSITE] Filepath: /media/4tb/npex/npex_data/benchmarks-bears/Bears-189-buggy/src/main/java/hu/oe/nik/szfmv/environment/XmlToModelConverter.java, Line: 77, Element: getNodeName
[CALLSITE] Filepath: /media/4tb/npex/npex_data/benchmarks-bears/Bears-189-buggy/src/main/java/hu/oe/nik/szfmv/environment/XmlToModelConverter.java, Line: 77, Element: item
[CALLSITE] Filepath: /media/4tb/npex/npex_data/benchmarks-bears/Bears-189-buggy/src/main/java/hu/oe/nik/szfmv/environment/XmlToModelConverter.java, Line: 77, Element: getNodeName
[CALLSITE] Filepath: /media/4tb/npex/npex_data/benchmarks-bears/Bears-189-buggy/src/main/java/hu/oe/nik/szfmv/environment/XmlToModelConverter.java, Line: 77, Element: item
[CALLSITE] Filepath: /media/4tb/npex/npex_data/benchmarks-bears/Bears-189-buggy/src/main/java/hu/oe/nik/szfmv/environment/XmlToModelConverter.java, Line: 77, Element: getNodeName
[CALLSITE] Filepath: /media/4tb/npex/npex_data/benchmarks-bears/Bears-189-buggy/src/main/java/hu/oe/nik/szfmv/environment/XmlToModelConverter.java, Line: 77, Element: item
[CALLSITE] Filepath: /media/4tb/npex/npex_data/benchmarks-bears/Bears-189-buggy/src/main/java/hu/oe/nik/szfmv/environment/XmlToModelConverter.java, Line: 77, Element: getNodeName
[CALLSITE] Filepath: /media/4tb/npex/npex_data/benchmarks-bears/Bears-189-buggy/src/main/java/hu/oe/nik/szfmv/environment/XmlToModelConverter.java, Line: 77, Element: item
[CALLSITE] Filepath: /media/4tb/npex/npex_data/benchmarks-bears/Bears-189-buggy/src/main/java/hu/oe/nik/szfmv/environment/XmlToModelConverter.java, Line: 77, Element: getNodeName
[CALLSITE] Filepath: /media/4tb/npex/npex_data/benchmarks-bears/Bears-189-buggy/src/main/java/hu/oe/nik/szfmv/environment/XmlToModelConverter.java, Line: 77, Element: item
[CALLSITE] Filepath: /media/4tb/npex/npex_data/benchmarks-bears/Bears-189-buggy/src/main/java/hu/oe/nik/szfmv/environment/XmlToModelConverter.java, Line: 77, Element: getNodeName
[CALLSITE] Filepath: /media/4tb/npex/npex_data/benchmarks-bears/Bears-189-buggy/src/main/java/hu/oe/nik/szfmv/environment/XmlToModelConverter.java, Line: 77, Element: item
[CALLSITE] Filepath: /media/4tb/npex/npex_data/benchmarks-bears/Bears-189-buggy/src/main/java/hu/oe/nik/szfmv/environment/XmlToModelConverter.java, Line: 77, Element: getNodeName
[CALLSITE] Filepath: /media/4tb/npex/npex_data/benchmarks-bears/Bears-189-buggy/src/main/java/hu/oe/nik/szfmv/environment/XmlToModelConverter.java, Line: 91, Element: createObjectFromType
[ENTRY] Filepath: /media/4tb/npex/npex_data/benchmarks-bears/Bears-189-buggy/src/main/java/hu/oe/nik/szfmv/environment/XmlToModelConverter.java, Line: 118, Element: createObjectFromType
[CALLSITE] Filepath: /media/4tb/npex/npex_data/benchmarks-bears/Bears-189-buggy/src/main/java/hu/oe/nik/szfmv/environment/XmlToModelConverter.java, Line: 122, Element: indexOf
[CALLSITE] Filepath: /media/4tb/npex/npex_data/benchmarks-bears/Bears-189-buggy/src/main/java/hu/oe/nik/szfmv/environment/XmlToModelConverter.java, Line: 123, Element: indexOf
[CALLSITE] Filepath: /media/4tb/npex/npex_data/benchmarks-bears/Bears-189-buggy/src/main/java/hu/oe/nik/szfmv/environment/XmlToModelConverter.java, Line: 123, Element: substring
[CALLSITE] Filepath: /media/4tb/npex/npex_data/benchmarks-bears/Bears-189-buggy/src/main/java/hu/oe/nik/szfmv/environment/models/Road.java, Line: 92, Element: hashMapInit
[ENTRY] Filepath: /media/4tb/npex/npex_data/benchmarks-bears/Bears-189-buggy/src/main/java/hu/oe/nik/szfmv/environment/models/Road.java, Line: 95, Element: hashMapInit
[CALLSITE] Filepath: /media/4tb/npex/npex_data/benchmarks-bears/Bears-189-buggy/src/main/java/hu/oe/nik/szfmv/environment/models/Road.java, Line: 96, Element: put
[CALLSITE] Filepath: /media/4tb/npex/npex_data/benchmarks-bears/Bears-189-buggy/src/main/java/hu/oe/nik/szfmv/environment/models/Road.java, Line: 97, Element: put
[CALLSITE] Filepath: /media/4tb/npex/npex_data/benchmarks-bears/Bears-189-buggy/src/main/java/hu/oe/nik/szfmv/environment/models/Road.java, Line: 98, Element: put
[CALLSITE] Filepath: /media/4tb/npex/npex_data/benchmarks-bears/Bears-189-buggy/src/main/java/hu/oe/nik/szfmv/environment/models/Road.java, Line: 99, Element: put
[CALLSITE] Filepath: /media/4tb/npex/npex_data/benchmarks-bears/Bears-189-buggy/src/main/java/hu/oe/nik/szfmv/environment/models/Road.java, Line: 100, Element: put
[CALLSITE] Filepath: /media/4tb/npex/npex_data/benchmarks-bears/Bears-189-buggy/src/main/java/hu/oe/nik/szfmv/environment/models/Road.java, Line: 101, Element: put
[CALLSITE] Filepath: /media/4tb/npex/npex_data/benchmarks-bears/Bears-189-buggy/src/main/java/hu/oe/nik/szfmv/environment/models/Road.java, Line: 102, Element: put
[CALLSITE] Filepath: /media/4tb/npex/npex_data/benchmarks-bears/Bears-189-buggy/src/main/java/hu/oe/nik/szfmv/environment/models/Road.java, Line: 103, Element: put
[CALLSITE] Filepath: /media/4tb/npex/npex_data/benchmarks-bears/Bears-189-buggy/src/main/java/hu/oe/nik/szfmv/environment/models/Road.java, Line: 104, Element: put
[CALLSITE] Filepath: /media/4tb/npex/npex_data/benchmarks-bears/Bears-189-buggy/src/main/java/hu/oe/nik/szfmv/environment/XmlToModelConverter.java, Line: 93, Element: setImageFileName
[ENTRY] Filepath: /media/4tb/npex/npex_data/benchmarks-bears/Bears-189-buggy/src/main/java/hu/oe/nik/szfmv/environment/WorldObject.java, Line: 92, Element: setImageFileName
[CALLSITE] Filepath: /media/4tb/npex/npex_data/benchmarks-bears/Bears-189-buggy/src/main/java/hu/oe/nik/szfmv/environment/XmlToModelConverter.java, Line: 96, Element: generateDimens
[ENTRY] Filepath: /media/4tb/npex/npex_data/benchmarks-bears/Bears-189-buggy/src/main/java/hu/oe/nik/szfmv/environment/WorldObject.java, Line: 101, Element: generateDimens
[CALLSITE] Filepath: /media/4tb/npex/npex_data/benchmarks-bears/Bears-189-buggy/src/main/java/hu/oe/nik/szfmv/environment/WorldObject.java, Line: 103, Element: read
[ENTRY] Filepath: /media/4tb/npex/npex_data/benchmarks-bears/Bears-189-buggy/src/main/java/hu/oe/nik/szfmv/environment/WorldObject.java, Line: 80, Element: getImageFileName
[CALLSITE] Filepath: /media/4tb/npex/npex_data/benchmarks-bears/Bears-189-buggy/src/main/java/hu/oe/nik/szfmv/environment/WorldObject.java, Line: 107, Element: getWidth
[CALLSITE] Filepath: /media/4tb/npex/npex_data/benchmarks-bears/Bears-189-buggy/src/main/java/hu/oe/nik/szfmv/environment/WorldObject.java, Line: 108, Element: getHeight
[CALLSITE] Filepath: /media/4tb/npex/npex_data/benchmarks-bears/Bears-189-buggy/src/main/java/hu/oe/nik/szfmv/environment/XmlToModelConverter.java, Line: 99, Element: getPointsFromPositionElement
[ENTRY] Filepath: /media/4tb/npex/npex_data/benchmarks-bears/Bears-189-buggy/src/main/java/hu/oe/nik/szfmv/environment/XmlToModelConverter.java, Line: 154, Element: getPointsFromPositionElement
[CALLSITE] Filepath: /media/4tb/npex/npex_data/benchmarks-bears/Bears-189-buggy/src/main/java/hu/oe/nik/szfmv/environment/XmlToModelConverter.java, Line: 160, Element: getAttribute
[CALLSITE] Filepath: /media/4tb/npex/npex_data/benchmarks-bears/Bears-189-buggy/src/main/java/hu/oe/nik/szfmv/environment/XmlToModelConverter.java, Line: 160, Element: parseInt
[CALLSITE] Filepath: /media/4tb/npex/npex_data/benchmarks-bears/Bears-189-buggy/src/main/java/hu/oe/nik/szfmv/environment/XmlToModelConverter.java, Line: 161, Element: getAttribute
[CALLSITE] Filepath: /media/4tb/npex/npex_data/benchmarks-bears/Bears-189-buggy/src/main/java/hu/oe/nik/szfmv/environment/XmlToModelConverter.java, Line: 161, Element: parseInt
[CALLSITE] Filepath: /media/4tb/npex/npex_data/benchmarks-bears/Bears-189-buggy/src/main/java/hu/oe/nik/szfmv/environment/XmlToModelConverter.java, Line: 100, Element: setX
[ENTRY] Filepath: /media/4tb/npex/npex_data/benchmarks-bears/Bears-189-buggy/src/main/java/hu/oe/nik/szfmv/environment/WorldObject.java, Line: 48, Element: setX
[CALLSITE] Filepath: /media/4tb/npex/npex_data/benchmarks-bears/Bears-189-buggy/src/main/java/hu/oe/nik/szfmv/environment/XmlToModelConverter.java, Line: 101, Element: setY
[ENTRY] Filepath: /media/4tb/npex/npex_data/benchmarks-bears/Bears-189-buggy/src/main/java/hu/oe/nik/szfmv/environment/WorldObject.java, Line: 56, Element: setY
[CALLSITE] Filepath: /media/4tb/npex/npex_data/benchmarks-bears/Bears-189-buggy/src/main/java/hu/oe/nik/szfmv/environment/XmlToModelConverter.java, Line: 104, Element: getRotacionFromTransformElement
[CALLSITE] Filepath: /media/4tb/npex/npex_data/benchmarks-bears/Bears-189-buggy/src/main/java/hu/oe/nik/szfmv/environment/XmlToModelConverter.java, Line: 104, Element: setRotation
[ENTRY] Filepath: /media/4tb/npex/npex_data/benchmarks-bears/Bears-189-buggy/src/main/java/hu/oe/nik/szfmv/environment/XmlToModelConverter.java, Line: 173, Element: getRotacionFromTransformElement
[CALLSITE] Filepath: /media/4tb/npex/npex_data/benchmarks-bears/Bears-189-buggy/src/main/java/hu/oe/nik/szfmv/environment/XmlToModelConverter.java, Line: 182, Element: getAttribute
[CALLSITE] Filepath: /media/4tb/npex/npex_data/benchmarks-bears/Bears-189-buggy/src/main/java/hu/oe/nik/szfmv/environment/XmlToModelConverter.java, Line: 182, Element: parseDouble
[CALLSITE] Filepath: /media/4tb/npex/npex_data/benchmarks-bears/Bears-189-buggy/src/main/java/hu/oe/nik/szfmv/environment/XmlToModelConverter.java, Line: 183, Element: getAttribute
[CALLSITE] Filepath: /media/4tb/npex/npex_data/benchmarks-bears/Bears-189-buggy/src/main/java/hu/oe/nik/szfmv/environment/XmlToModelConverter.java, Line: 183, Element: parseDouble
[CALLSITE] Filepath: /media/4tb/npex/npex_data/benchmarks-bears/Bears-189-buggy/src/main/java/hu/oe/nik/szfmv/environment/XmlToModelConverter.java, Line: 184, Element: getAttribute
[CALLSITE] Filepath: /media/4tb/npex/npex_data/benchmarks-bears/Bears-189-buggy/src/main/java/hu/oe/nik/szfmv/environment/XmlToModelConverter.java, Line: 184, Element: parseDouble
[CALLSITE] Filepath: /media/4tb/npex/npex_data/benchmarks-bears/Bears-189-buggy/src/main/java/hu/oe/nik/szfmv/environment/XmlToModelConverter.java, Line: 185, Element: getAttribute
[CALLSITE] Filepath: /media/4tb/npex/npex_data/benchmarks-bears/Bears-189-buggy/src/main/java/hu/oe/nik/szfmv/environment/XmlToModelConverter.java, Line: 185, Element: parseDouble
[CALLSITE] Filepath: /media/4tb/npex/npex_data/benchmarks-bears/Bears-189-buggy/src/main/java/hu/oe/nik/szfmv/environment/XmlToModelConverter.java, Line: 187, Element: convertMatrixToRadians
[ENTRY] Filepath: /media/4tb/npex/npex_data/benchmarks-bears/Bears-189-buggy/src/main/java/hu/oe/nik/szfmv/common/Utils.java, Line: 40, Element: convertMatrixToRadians
[CALLSITE] Filepath: /media/4tb/npex/npex_data/benchmarks-bears/Bears-189-buggy/src/main/java/hu/oe/nik/szfmv/common/Utils.java, Line: 41, Element: atan2
[ENTRY] Filepath: /media/4tb/npex/npex_data/benchmarks-bears/Bears-189-buggy/src/main/java/hu/oe/nik/szfmv/environment/WorldObject.java, Line: 88, Element: setRotation
[CALLSITE] Filepath: /media/4tb/npex/npex_data/benchmarks-bears/Bears-189-buggy/src/main/java/hu/oe/nik/szfmv/environment/XmlToModelConverter.java, Line: 107, Element: generateShape
[ENTRY] Filepath: /media/4tb/npex/npex_data/benchmarks-bears/Bears-189-buggy/src/main/java/hu/oe/nik/szfmv/environment/models/Road.java, Line: 119, Element: generateShape
[CALLSITE] Filepath: /media/4tb/npex/npex_data/benchmarks-bears/Bears-189-buggy/src/main/java/hu/oe/nik/szfmv/environment/models/Road.java, Line: 122, Element: get
[CALLSITE] Filepath: /media/4tb/npex/npex_data/benchmarks-bears/Bears-189-buggy/src/main/java/hu/oe/nik/szfmv/environment/models/Road.java, Line: 125, Element: getRotation
[CALLSITE] Filepath: /media/4tb/npex/npex_data/benchmarks-bears/Bears-189-buggy/src/main/java/hu/oe/nik/szfmv/environment/models/Road.java, Line: 125, Element: getX
[CALLSITE] Filepath: /media/4tb/npex/npex_data/benchmarks-bears/Bears-189-buggy/src/main/java/hu/oe/nik/szfmv/environment/models/Road.java, Line: 125, Element: getWidth
[CALLSITE] Filepath: /media/4tb/npex/npex_data/benchmarks-bears/Bears-189-buggy/src/main/java/hu/oe/nik/szfmv/environment/models/Road.java, Line: 125, Element: rotate
[ENTRY] Filepath: /media/4tb/npex/npex_data/benchmarks-bears/Bears-189-buggy/src/main/java/hu/oe/nik/szfmv/environment/WorldObject.java, Line: 76, Element: getRotation
[ENTRY] Filepath: /media/4tb/npex/npex_data/benchmarks-bears/Bears-189-buggy/src/main/java/hu/oe/nik/szfmv/environment/WorldObject.java, Line: 44, Element: getX
[ENTRY] Filepath: /media/4tb/npex/npex_data/benchmarks-bears/Bears-189-buggy/src/main/java/hu/oe/nik/szfmv/environment/WorldObject.java, Line: 60, Element: getWidth
[ENTRY] Filepath: /media/4tb/npex/npex_data/benchmarks-bears/Bears-189-buggy/src/main/java/hu/oe/nik/szfmv/environment/WorldObject.java, Line: 52, Element: getY
[ENTRY] Filepath: /media/4tb/npex/npex_data/benchmarks-bears/Bears-189-buggy/src/main/java/hu/oe/nik/szfmv/environment/WorldObject.java, Line: 64, Element: getHeight
[CALLSITE] Filepath: /media/4tb/npex/npex_data/benchmarks-bears/Bears-189-buggy/src/main/java/hu/oe/nik/szfmv/environment/models/Road.java, Line: 131, Element: get
[CALLSITE] Filepath: /media/4tb/npex/npex_data/benchmarks-bears/Bears-189-buggy/src/main/java/hu/oe/nik/szfmv/environment/models/Road.java, Line: 131, Element: createTransformedShape
[CALLSITE] Filepath: /media/4tb/npex/npex_data/benchmarks-bears/Bears-189-buggy/src/main/java/hu/oe/nik/szfmv/environment/models/Road.java, Line: 135, Element: generateShape
[ENTRY] Filepath: /media/4tb/npex/npex_data/benchmarks-bears/Bears-189-buggy/src/main/java/hu/oe/nik/szfmv/environment/WorldObject.java, Line: 117, Element: generateShape
[CALLSITE] Filepath: /media/4tb/npex/npex_data/benchmarks-bears/Bears-189-buggy/src/main/java/hu/oe/nik/szfmv/environment/WorldObject.java, Line: 119, Element: getRotation
[CALLSITE] Filepath: /media/4tb/npex/npex_data/benchmarks-bears/Bears-189-buggy/src/main/java/hu/oe/nik/szfmv/environment/WorldObject.java, Line: 119, Element: getX
[CALLSITE] Filepath: /media/4tb/npex/npex_data/benchmarks-bears/Bears-189-buggy/src/main/java/hu/oe/nik/szfmv/environment/WorldObject.java, Line: 119, Element: getY
[CALLSITE] Filepath: /media/4tb/npex/npex_data/benchmarks-bears/Bears-189-buggy/src/main/java/hu/oe/nik/szfmv/environment/WorldObject.java, Line: 119, Element: rotate
[ENTRY] Filepath: /media/4tb/npex/npex_data/benchmarks-bears/Bears-189-buggy/src/main/java/hu/oe/nik/szfmv/environment/WorldObject.java, Line: 76, Element: getRotation
[ENTRY] Filepath: /media/4tb/npex/npex_data/benchmarks-bears/Bears-189-buggy/src/main/java/hu/oe/nik/szfmv/environment/WorldObject.java, Line: 44, Element: getX
[ENTRY] Filepath: /media/4tb/npex/npex_data/benchmarks-bears/Bears-189-buggy/src/main/java/hu/oe/nik/szfmv/environment/WorldObject.java, Line: 52, Element: getY
[CALLSITE] Filepath: /media/4tb/npex/npex_data/benchmarks-bears/Bears-189-buggy/src/main/java/hu/oe/nik/szfmv/environment/WorldObject.java, Line: 120, Element: isInstance
[CALLSITE] Filepath: /media/4tb/npex/npex_data/benchmarks-bears/Bears-189-buggy/src/main/java/hu/oe/nik/szfmv/environment/WorldObject.java, Line: 121, Element: createTransformedShape
[ENTRY] Filepath: /media/4tb/npex/npex_data/benchmarks-bears/Bears-189-buggy/src/main/java/hu/oe/nik/szfmv/environment/WorldObject.java, Line: 44, Element: getX
[ENTRY] Filepath: /media/4tb/npex/npex_data/benchmarks-bears/Bears-189-buggy/src/main/java/hu/oe/nik/szfmv/environment/WorldObject.java, Line: 52, Element: getY
[ENTRY] Filepath: /media/4tb/npex/npex_data/benchmarks-bears/Bears-189-buggy/src/main/java/hu/oe/nik/szfmv/environment/WorldObject.java, Line: 60, Element: getWidth
[ENTRY] Filepath: /media/4tb/npex/npex_data/benchmarks-bears/Bears-189-buggy/src/main/java/hu/oe/nik/szfmv/environment/WorldObject.java, Line: 64, Element: getHeight
[CALLSITE] Filepath: /media/4tb/npex/npex_data/benchmarks-bears/Bears-189-buggy/src/main/java/hu/oe/nik/szfmv/environment/XmlToModelConverter.java, Line: 109, Element: toString
[CALLSITE] Filepath: /media/4tb/npex/npex_data/benchmarks-bears/Bears-189-buggy/src/main/java/hu/oe/nik/szfmv/environment/XmlToModelConverter.java, Line: 109, Element: debug
[ENTRY] Filepath: /media/4tb/npex/npex_data/benchmarks-bears/Bears-189-buggy/src/main/java/hu/oe/nik/szfmv/environment/WorldObject.java, Line: 135, Element: toString
[CALLSITE] Filepath: /media/4tb/npex/npex_data/benchmarks-bears/Bears-189-buggy/src/main/java/hu/oe/nik/szfmv/environment/XmlToModelConverter.java, Line: 50, Element: item
[CALLSITE] Filepath: /media/4tb/npex/npex_data/benchmarks-bears/Bears-189-buggy/src/main/java/hu/oe/nik/szfmv/environment/XmlToModelConverter.java, Line: 52, Element: readValueFromXml
[CALLSITE] Filepath: /media/4tb/npex/npex_data/benchmarks-bears/Bears-189-buggy/src/main/java/hu/oe/nik/szfmv/environment/XmlToModelConverter.java, Line: 52, Element: add
[ENTRY] Filepath: /media/4tb/npex/npex_data/benchmarks-bears/Bears-189-buggy/src/main/java/hu/oe/nik/szfmv/environment/XmlToModelConverter.java, Line: 67, Element: readValueFromXml
[CALLSITE] Filepath: /media/4tb/npex/npex_data/benchmarks-bears/Bears-189-buggy/src/main/java/hu/oe/nik/szfmv/environment/XmlToModelConverter.java, Line: 72, Element: getAttribute
[CALLSITE] Filepath: /media/4tb/npex/npex_data/benchmarks-bears/Bears-189-buggy/src/main/java/hu/oe/nik/szfmv/environment/XmlToModelConverter.java, Line: 75, Element: getChildNodes
[CALLSITE] Filepath: /media/4tb/npex/npex_data/benchmarks-bears/Bears-189-buggy/src/main/java/hu/oe/nik/szfmv/environment/XmlToModelConverter.java, Line: 76, Element: getLength
[CALLSITE] Filepath: /media/4tb/npex/npex_data/benchmarks-bears/Bears-189-buggy/src/main/java/hu/oe/nik/szfmv/environment/XmlToModelConverter.java, Line: 77, Element: item
[CALLSITE] Filepath: /media/4tb/npex/npex_data/benchmarks-bears/Bears-189-buggy/src/main/java/hu/oe/nik/szfmv/environment/XmlToModelConverter.java, Line: 77, Element: getNodeName
[CALLSITE] Filepath: /media/4tb/npex/npex_data/benchmarks-bears/Bears-189-buggy/src/main/java/hu/oe/nik/szfmv/environment/XmlToModelConverter.java, Line: 77, Element: item
[CALLSITE] Filepath: /media/4tb/npex/npex_data/benchmarks-bears/Bears-189-buggy/src/main/java/hu/oe/nik/szfmv/environment/XmlToModelConverter.java, Line: 77, Element: getNodeName
[CALLSITE] Filepath: /media/4tb/npex/npex_data/benchmarks-bears/Bears-189-buggy/src/main/java/hu/oe/nik/szfmv/environment/XmlToModelConverter.java, Line: 79, Element: item
[CALLSITE] Filepath: /media/4tb/npex/npex_data/benchmarks-bears/Bears-189-buggy/src/main/java/hu/oe/nik/szfmv/environment/XmlToModelConverter.java, Line: 77, Element: item
[CALLSITE] Filepath: /media/4tb/npex/npex_data/benchmarks-bears/Bears-189-buggy/src/main/java/hu/oe/nik/szfmv/environment/XmlToModelConverter.java, Line: 77, Element: getNodeName
[CALLSITE] Filepath: /media/4tb/npex/npex_data/benchmarks-bears/Bears-189-buggy/src/main/java/hu/oe/nik/szfmv/environment/XmlToModelConverter.java, Line: 77, Element: item
[CALLSITE] Filepath: /media/4tb/npex/npex_data/benchmarks-bears/Bears-189-buggy/src/main/java/hu/oe/nik/szfmv/environment/XmlToModelConverter.java, Line: 77, Element: getNodeName
[CALLSITE] Filepath: /media/4tb/npex/npex_data/benchmarks-bears/Bears-189-buggy/src/main/java/hu/oe/nik/szfmv/environment/XmlToModelConverter.java, Line: 82, Element: item
[CALLSITE] Filepath: /media/4tb/npex/npex_data/benchmarks-bears/Bears-189-buggy/src/main/java/hu/oe/nik/szfmv/environment/XmlToModelConverter.java, Line: 77, Element: item
[CALLSITE] Filepath: /media/4tb/npex/npex_data/benchmarks-bears/Bears-189-buggy/src/main/java/hu/oe/nik/szfmv/environment/XmlToModelConverter.java, Line: 77, Element: getNodeName
[CALLSITE] Filepath: /media/4tb/npex/npex_data/benchmarks-bears/Bears-189-buggy/src/main/java/hu/oe/nik/szfmv/environment/XmlToModelConverter.java, Line: 77, Element: item
[CALLSITE] Filepath: /media/4tb/npex/npex_data/benchmarks-bears/Bears-189-buggy/src/main/java/hu/oe/nik/szfmv/environment/XmlToModelConverter.java, Line: 77, Element: getNodeName
[CALLSITE] Filepath: /media/4tb/npex/npex_data/benchmarks-bears/Bears-189-buggy/src/main/java/hu/oe/nik/szfmv/environment/XmlToModelConverter.java, Line: 77, Element: item
[CALLSITE] Filepath: /media/4tb/npex/npex_data/benchmarks-bears/Bears-189-buggy/src/main/java/hu/oe/nik/szfmv/environment/XmlToModelConverter.java, Line: 77, Element: getNodeName
[CALLSITE] Filepath: /media/4tb/npex/npex_data/benchmarks-bears/Bears-189-buggy/src/main/java/hu/oe/nik/szfmv/environment/XmlToModelConverter.java, Line: 77, Element: item
[CALLSITE] Filepath: /media/4tb/npex/npex_data/benchmarks-bears/Bears-189-buggy/src/main/java/hu/oe/nik/szfmv/environment/XmlToModelConverter.java, Line: 77, Element: getNodeName
[CALLSITE] Filepath: /media/4tb/npex/npex_data/benchmarks-bears/Bears-189-buggy/src/main/java/hu/oe/nik/szfmv/environment/XmlToModelConverter.java, Line: 77, Element: item
[CALLSITE] Filepath: /media/4tb/npex/npex_data/benchmarks-bears/Bears-189-buggy/src/main/java/hu/oe/nik/szfmv/environment/XmlToModelConverter.java, Line: 77, Element: getNodeName
[CALLSITE] Filepath: /media/4tb/npex/npex_data/benchmarks-bears/Bears-189-buggy/src/main/java/hu/oe/nik/szfmv/environment/XmlToModelConverter.java, Line: 77, Element: item
[CALLSITE] Filepath: /media/4tb/npex/npex_data/benchmarks-bears/Bears-189-buggy/src/main/java/hu/oe/nik/szfmv/environment/XmlToModelConverter.java, Line: 77, Element: getNodeName
[CALLSITE] Filepath: /media/4tb/npex/npex_data/benchmarks-bears/Bears-189-buggy/src/main/java/hu/oe/nik/szfmv/environment/XmlToModelConverter.java, Line: 77, Element: item
[CALLSITE] Filepath: /media/4tb/npex/npex_data/benchmarks-bears/Bears-189-buggy/src/main/java/hu/oe/nik/szfmv/environment/XmlToModelConverter.java, Line: 77, Element: getNodeName
[CALLSITE] Filepath: /media/4tb/npex/npex_data/benchmarks-bears/Bears-189-buggy/src/main/java/hu/oe/nik/szfmv/environment/XmlToModelConverter.java, Line: 91, Element: createObjectFromType
[ENTRY] Filepath: /media/4tb/npex/npex_data/benchmarks-bears/Bears-189-buggy/src/main/java/hu/oe/nik/szfmv/environment/XmlToModelConverter.java, Line: 118, Element: createObjectFromType
[CALLSITE] Filepath: /media/4tb/npex/npex_data/benchmarks-bears/Bears-189-buggy/src/main/java/hu/oe/nik/szfmv/environment/XmlToModelConverter.java, Line: 122, Element: indexOf
[CALLSITE] Filepath: /media/4tb/npex/npex_data/benchmarks-bears/Bears-189-buggy/src/main/java/hu/oe/nik/szfmv/environment/XmlToModelConverter.java, Line: 123, Element: indexOf
[CALLSITE] Filepath: /media/4tb/npex/npex_data/benchmarks-bears/Bears-189-buggy/src/main/java/hu/oe/nik/szfmv/environment/XmlToModelConverter.java, Line: 123, Element: substring
[CALLSITE] Filepath: /media/4tb/npex/npex_data/benchmarks-bears/Bears-189-buggy/src/main/java/hu/oe/nik/szfmv/environment/models/Road.java, Line: 92, Element: hashMapInit
[ENTRY] Filepath: /media/4tb/npex/npex_data/benchmarks-bears/Bears-189-buggy/src/main/java/hu/oe/nik/szfmv/environment/models/Road.java, Line: 95, Element: hashMapInit
[CALLSITE] Filepath: /media/4tb/npex/npex_data/benchmarks-bears/Bears-189-buggy/src/main/java/hu/oe/nik/szfmv/environment/models/Road.java, Line: 96, Element: put
[CALLSITE] Filepath: /media/4tb/npex/npex_data/benchmarks-bears/Bears-189-buggy/src/main/java/hu/oe/nik/szfmv/environment/models/Road.java, Line: 97, Element: put
[CALLSITE] Filepath: /media/4tb/npex/npex_data/benchmarks-bears/Bears-189-buggy/src/main/java/hu/oe/nik/szfmv/environment/models/Road.java, Line: 98, Element: put
[CALLSITE] Filepath: /media/4tb/npex/npex_data/benchmarks-bears/Bears-189-buggy/src/main/java/hu/oe/nik/szfmv/environment/models/Road.java, Line: 99, Element: put
[CALLSITE] Filepath: /media/4tb/npex/npex_data/benchmarks-bears/Bears-189-buggy/src/main/java/hu/oe/nik/szfmv/environment/models/Road.java, Line: 100, Element: put
[CALLSITE] Filepath: /media/4tb/npex/npex_data/benchmarks-bears/Bears-189-buggy/src/main/java/hu/oe/nik/szfmv/environment/models/Road.java, Line: 101, Element: put
[CALLSITE] Filepath: /media/4tb/npex/npex_data/benchmarks-bears/Bears-189-buggy/src/main/java/hu/oe/nik/szfmv/environment/models/Road.java, Line: 102, Element: put
[CALLSITE] Filepath: /media/4tb/npex/npex_data/benchmarks-bears/Bears-189-buggy/src/main/java/hu/oe/nik/szfmv/environment/models/Road.java, Line: 103, Element: put
[CALLSITE] Filepath: /media/4tb/npex/npex_data/benchmarks-bears/Bears-189-buggy/src/main/java/hu/oe/nik/szfmv/environment/models/Road.java, Line: 104, Element: put
[CALLSITE] Filepath: /media/4tb/npex/npex_data/benchmarks-bears/Bears-189-buggy/src/main/java/hu/oe/nik/szfmv/environment/XmlToModelConverter.java, Line: 93, Element: setImageFileName
[ENTRY] Filepath: /media/4tb/npex/npex_data/benchmarks-bears/Bears-189-buggy/src/main/java/hu/oe/nik/szfmv/environment/WorldObject.java, Line: 92, Element: setImageFileName
[CALLSITE] Filepath: /media/4tb/npex/npex_data/benchmarks-bears/Bears-189-buggy/src/main/java/hu/oe/nik/szfmv/environment/XmlToModelConverter.java, Line: 96, Element: generateDimens
[ENTRY] Filepath: /media/4tb/npex/npex_data/benchmarks-bears/Bears-189-buggy/src/main/java/hu/oe/nik/szfmv/environment/WorldObject.java, Line: 101, Element: generateDimens
[CALLSITE] Filepath: /media/4tb/npex/npex_data/benchmarks-bears/Bears-189-buggy/src/main/java/hu/oe/nik/szfmv/environment/WorldObject.java, Line: 103, Element: read
[ENTRY] Filepath: /media/4tb/npex/npex_data/benchmarks-bears/Bears-189-buggy/src/main/java/hu/oe/nik/szfmv/environment/WorldObject.java, Line: 80, Element: getImageFileName
[CALLSITE] Filepath: /media/4tb/npex/npex_data/benchmarks-bears/Bears-189-buggy/src/main/java/hu/oe/nik/szfmv/environment/WorldObject.java, Line: 107, Element: getWidth
[CALLSITE] Filepath: /media/4tb/npex/npex_data/benchmarks-bears/Bears-189-buggy/src/main/java/hu/oe/nik/szfmv/environment/WorldObject.java, Line: 108, Element: getHeight
[CALLSITE] Filepath: /media/4tb/npex/npex_data/benchmarks-bears/Bears-189-buggy/src/main/java/hu/oe/nik/szfmv/environment/XmlToModelConverter.java, Line: 99, Element: getPointsFromPositionElement
[ENTRY] Filepath: /media/4tb/npex/npex_data/benchmarks-bears/Bears-189-buggy/src/main/java/hu/oe/nik/szfmv/environment/XmlToModelConverter.java, Line: 154, Element: getPointsFromPositionElement
[CALLSITE] Filepath: /media/4tb/npex/npex_data/benchmarks-bears/Bears-189-buggy/src/main/java/hu/oe/nik/szfmv/environment/XmlToModelConverter.java, Line: 160, Element: getAttribute
[CALLSITE] Filepath: /media/4tb/npex/npex_data/benchmarks-bears/Bears-189-buggy/src/main/java/hu/oe/nik/szfmv/environment/XmlToModelConverter.java, Line: 160, Element: parseInt
[CALLSITE] Filepath: /media/4tb/npex/npex_data/benchmarks-bears/Bears-189-buggy/src/main/java/hu/oe/nik/szfmv/environment/XmlToModelConverter.java, Line: 161, Element: getAttribute
[CALLSITE] Filepath: /media/4tb/npex/npex_data/benchmarks-bears/Bears-189-buggy/src/main/java/hu/oe/nik/szfmv/environment/XmlToModelConverter.java, Line: 161, Element: parseInt
[CALLSITE] Filepath: /media/4tb/npex/npex_data/benchmarks-bears/Bears-189-buggy/src/main/java/hu/oe/nik/szfmv/environment/XmlToModelConverter.java, Line: 100, Element: setX
[ENTRY] Filepath: /media/4tb/npex/npex_data/benchmarks-bears/Bears-189-buggy/src/main/java/hu/oe/nik/szfmv/environment/WorldObject.java, Line: 48, Element: setX
[CALLSITE] Filepath: /media/4tb/npex/npex_data/benchmarks-bears/Bears-189-buggy/src/main/java/hu/oe/nik/szfmv/environment/XmlToModelConverter.java, Line: 101, Element: setY
[ENTRY] Filepath: /media/4tb/npex/npex_data/benchmarks-bears/Bears-189-buggy/src/main/java/hu/oe/nik/szfmv/environment/WorldObject.java, Line: 56, Element: setY
[CALLSITE] Filepath: /media/4tb/npex/npex_data/benchmarks-bears/Bears-189-buggy/src/main/java/hu/oe/nik/szfmv/environment/XmlToModelConverter.java, Line: 104, Element: getRotacionFromTransformElement
[CALLSITE] Filepath: /media/4tb/npex/npex_data/benchmarks-bears/Bears-189-buggy/src/main/java/hu/oe/nik/szfmv/environment/XmlToModelConverter.java, Line: 104, Element: setRotation
[ENTRY] Filepath: /media/4tb/npex/npex_data/benchmarks-bears/Bears-189-buggy/src/main/java/hu/oe/nik/szfmv/environment/XmlToModelConverter.java, Line: 173, Element: getRotacionFromTransformElement
[CALLSITE] Filepath: /media/4tb/npex/npex_data/benchmarks-bears/Bears-189-buggy/src/main/java/hu/oe/nik/szfmv/environment/XmlToModelConverter.java, Line: 182, Element: getAttribute
[CALLSITE] Filepath: /media/4tb/npex/npex_data/benchmarks-bears/Bears-189-buggy/src/main/java/hu/oe/nik/szfmv/environment/XmlToModelConverter.java, Line: 182, Element: parseDouble
[CALLSITE] Filepath: /media/4tb/npex/npex_data/benchmarks-bears/Bears-189-buggy/src/main/java/hu/oe/nik/szfmv/environment/XmlToModelConverter.java, Line: 183, Element: getAttribute
[CALLSITE] Filepath: /media/4tb/npex/npex_data/benchmarks-bears/Bears-189-buggy/src/main/java/hu/oe/nik/szfmv/environment/XmlToModelConverter.java, Line: 183, Element: parseDouble
[CALLSITE] Filepath: /media/4tb/npex/npex_data/benchmarks-bears/Bears-189-buggy/src/main/java/hu/oe/nik/szfmv/environment/XmlToModelConverter.java, Line: 184, Element: getAttribute
[CALLSITE] Filepath: /media/4tb/npex/npex_data/benchmarks-bears/Bears-189-buggy/src/main/java/hu/oe/nik/szfmv/environment/XmlToModelConverter.java, Line: 184, Element: parseDouble
[CALLSITE] Filepath: /media/4tb/npex/npex_data/benchmarks-bears/Bears-189-buggy/src/main/java/hu/oe/nik/szfmv/environment/XmlToModelConverter.java, Line: 185, Element: getAttribute
[CALLSITE] Filepath: /media/4tb/npex/npex_data/benchmarks-bears/Bears-189-buggy/src/main/java/hu/oe/nik/szfmv/environment/XmlToModelConverter.java, Line: 185, Element: parseDouble
[CALLSITE] Filepath: /media/4tb/npex/npex_data/benchmarks-bears/Bears-189-buggy/src/main/java/hu/oe/nik/szfmv/environment/XmlToModelConverter.java, Line: 187, Element: convertMatrixToRadians
[ENTRY] Filepath: /media/4tb/npex/npex_data/benchmarks-bears/Bears-189-buggy/src/main/java/hu/oe/nik/szfmv/common/Utils.java, Line: 40, Element: convertMatrixToRadians
[CALLSITE] Filepath: /media/4tb/npex/npex_data/benchmarks-bears/Bears-189-buggy/src/main/java/hu/oe/nik/szfmv/common/Utils.java, Line: 41, Element: atan2
[ENTRY] Filepath: /media/4tb/npex/npex_data/benchmarks-bears/Bears-189-buggy/src/main/java/hu/oe/nik/szfmv/environment/WorldObject.java, Line: 88, Element: setRotation
[CALLSITE] Filepath: /media/4tb/npex/npex_data/benchmarks-bears/Bears-189-buggy/src/main/java/hu/oe/nik/szfmv/environment/XmlToModelConverter.java, Line: 107, Element: generateShape
[ENTRY] Filepath: /media/4tb/npex/npex_data/benchmarks-bears/Bears-189-buggy/src/main/java/hu/oe/nik/szfmv/environment/models/Road.java, Line: 119, Element: generateShape
[CALLSITE] Filepath: /media/4tb/npex/npex_data/benchmarks-bears/Bears-189-buggy/src/main/java/hu/oe/nik/szfmv/environment/models/Road.java, Line: 122, Element: get
[CALLSITE] Filepath: /media/4tb/npex/npex_data/benchmarks-bears/Bears-189-buggy/src/main/java/hu/oe/nik/szfmv/environment/models/Road.java, Line: 125, Element: getRotation
[CALLSITE] Filepath: /media/4tb/npex/npex_data/benchmarks-bears/Bears-189-buggy/src/main/java/hu/oe/nik/szfmv/environment/models/Road.java, Line: 125, Element: getX
[CALLSITE] Filepath: /media/4tb/npex/npex_data/benchmarks-bears/Bears-189-buggy/src/main/java/hu/oe/nik/szfmv/environment/models/Road.java, Line: 125, Element: getWidth
[CALLSITE] Filepath: /media/4tb/npex/npex_data/benchmarks-bears/Bears-189-buggy/src/main/java/hu/oe/nik/szfmv/environment/models/Road.java, Line: 125, Element: rotate
[ENTRY] Filepath: /media/4tb/npex/npex_data/benchmarks-bears/Bears-189-buggy/src/main/java/hu/oe/nik/szfmv/environment/WorldObject.java, Line: 76, Element: getRotation
[ENTRY] Filepath: /media/4tb/npex/npex_data/benchmarks-bears/Bears-189-buggy/src/main/java/hu/oe/nik/szfmv/environment/WorldObject.java, Line: 44, Element: getX
[ENTRY] Filepath: /media/4tb/npex/npex_data/benchmarks-bears/Bears-189-buggy/src/main/java/hu/oe/nik/szfmv/environment/WorldObject.java, Line: 60, Element: getWidth
[ENTRY] Filepath: /media/4tb/npex/npex_data/benchmarks-bears/Bears-189-buggy/src/main/java/hu/oe/nik/szfmv/environment/WorldObject.java, Line: 52, Element: getY
[ENTRY] Filepath: /media/4tb/npex/npex_data/benchmarks-bears/Bears-189-buggy/src/main/java/hu/oe/nik/szfmv/environment/WorldObject.java, Line: 64, Element: getHeight
[CALLSITE] Filepath: /media/4tb/npex/npex_data/benchmarks-bears/Bears-189-buggy/src/main/java/hu/oe/nik/szfmv/environment/models/Road.java, Line: 131, Element: get
[CALLSITE] Filepath: /media/4tb/npex/npex_data/benchmarks-bears/Bears-189-buggy/src/main/java/hu/oe/nik/szfmv/environment/models/Road.java, Line: 131, Element: createTransformedShape
[CALLSITE] Filepath: /media/4tb/npex/npex_data/benchmarks-bears/Bears-189-buggy/src/main/java/hu/oe/nik/szfmv/environment/models/Road.java, Line: 135, Element: generateShape
[ENTRY] Filepath: /media/4tb/npex/npex_data/benchmarks-bears/Bears-189-buggy/src/main/java/hu/oe/nik/szfmv/environment/WorldObject.java, Line: 117, Element: generateShape
[CALLSITE] Filepath: /media/4tb/npex/npex_data/benchmarks-bears/Bears-189-buggy/src/main/java/hu/oe/nik/szfmv/environment/WorldObject.java, Line: 119, Element: getRotation
[CALLSITE] Filepath: /media/4tb/npex/npex_data/benchmarks-bears/Bears-189-buggy/src/main/java/hu/oe/nik/szfmv/environment/WorldObject.java, Line: 119, Element: getX
[CALLSITE] Filepath: /media/4tb/npex/npex_data/benchmarks-bears/Bears-189-buggy/src/main/java/hu/oe/nik/szfmv/environment/WorldObject.java, Line: 119, Element: getY
[CALLSITE] Filepath: /media/4tb/npex/npex_data/benchmarks-bears/Bears-189-buggy/src/main/java/hu/oe/nik/szfmv/environment/WorldObject.java, Line: 119, Element: rotate
[ENTRY] Filepath: /media/4tb/npex/npex_data/benchmarks-bears/Bears-189-buggy/src/main/java/hu/oe/nik/szfmv/environment/WorldObject.java, Line: 76, Element: getRotation
[ENTRY] Filepath: /media/4tb/npex/npex_data/benchmarks-bears/Bears-189-buggy/src/main/java/hu/oe/nik/szfmv/environment/WorldObject.java, Line: 44, Element: getX
[ENTRY] Filepath: /media/4tb/npex/npex_data/benchmarks-bears/Bears-189-buggy/src/main/java/hu/oe/nik/szfmv/environment/WorldObject.java, Line: 52, Element: getY
[CALLSITE] Filepath: /media/4tb/npex/npex_data/benchmarks-bears/Bears-189-buggy/src/main/java/hu/oe/nik/szfmv/environment/WorldObject.java, Line: 120, Element: isInstance
[CALLSITE] Filepath: /media/4tb/npex/npex_data/benchmarks-bears/Bears-189-buggy/src/main/java/hu/oe/nik/szfmv/environment/WorldObject.java, Line: 121, Element: createTransformedShape
[ENTRY] Filepath: /media/4tb/npex/npex_data/benchmarks-bears/Bears-189-buggy/src/main/java/hu/oe/nik/szfmv/environment/WorldObject.java, Line: 44, Element: getX
[ENTRY] Filepath: /media/4tb/npex/npex_data/benchmarks-bears/Bears-189-buggy/src/main/java/hu/oe/nik/szfmv/environment/WorldObject.java, Line: 52, Element: getY
[ENTRY] Filepath: /media/4tb/npex/npex_data/benchmarks-bears/Bears-189-buggy/src/main/java/hu/oe/nik/szfmv/environment/WorldObject.java, Line: 60, Element: getWidth
[ENTRY] Filepath: /media/4tb/npex/npex_data/benchmarks-bears/Bears-189-buggy/src/main/java/hu/oe/nik/szfmv/environment/WorldObject.java, Line: 64, Element: getHeight
[CALLSITE] Filepath: /media/4tb/npex/npex_data/benchmarks-bears/Bears-189-buggy/src/main/java/hu/oe/nik/szfmv/environment/XmlToModelConverter.java, Line: 109, Element: toString
[CALLSITE] Filepath: /media/4tb/npex/npex_data/benchmarks-bears/Bears-189-buggy/src/main/java/hu/oe/nik/szfmv/environment/XmlToModelConverter.java, Line: 109, Element: debug
[ENTRY] Filepath: /media/4tb/npex/npex_data/benchmarks-bears/Bears-189-buggy/src/main/java/hu/oe/nik/szfmv/environment/WorldObject.java, Line: 135, Element: toString
[CALLSITE] Filepath: /media/4tb/npex/npex_data/benchmarks-bears/Bears-189-buggy/src/main/java/hu/oe/nik/szfmv/environment/XmlToModelConverter.java, Line: 50, Element: item
[CALLSITE] Filepath: /media/4tb/npex/npex_data/benchmarks-bears/Bears-189-buggy/src/main/java/hu/oe/nik/szfmv/environment/XmlToModelConverter.java, Line: 52, Element: readValueFromXml
[CALLSITE] Filepath: /media/4tb/npex/npex_data/benchmarks-bears/Bears-189-buggy/src/main/java/hu/oe/nik/szfmv/environment/XmlToModelConverter.java, Line: 52, Element: add
[ENTRY] Filepath: /media/4tb/npex/npex_data/benchmarks-bears/Bears-189-buggy/src/main/java/hu/oe/nik/szfmv/environment/XmlToModelConverter.java, Line: 67, Element: readValueFromXml
[CALLSITE] Filepath: /media/4tb/npex/npex_data/benchmarks-bears/Bears-189-buggy/src/main/java/hu/oe/nik/szfmv/environment/XmlToModelConverter.java, Line: 72, Element: getAttribute
[CALLSITE] Filepath: /media/4tb/npex/npex_data/benchmarks-bears/Bears-189-buggy/src/main/java/hu/oe/nik/szfmv/environment/XmlToModelConverter.java, Line: 75, Element: getChildNodes
[CALLSITE] Filepath: /media/4tb/npex/npex_data/benchmarks-bears/Bears-189-buggy/src/main/java/hu/oe/nik/szfmv/environment/XmlToModelConverter.java, Line: 76, Element: getLength
[CALLSITE] Filepath: /media/4tb/npex/npex_data/benchmarks-bears/Bears-189-buggy/src/main/java/hu/oe/nik/szfmv/environment/XmlToModelConverter.java, Line: 77, Element: item
[CALLSITE] Filepath: /media/4tb/npex/npex_data/benchmarks-bears/Bears-189-buggy/src/main/java/hu/oe/nik/szfmv/environment/XmlToModelConverter.java, Line: 77, Element: getNodeName
[CALLSITE] Filepath: /media/4tb/npex/npex_data/benchmarks-bears/Bears-189-buggy/src/main/java/hu/oe/nik/szfmv/environment/XmlToModelConverter.java, Line: 77, Element: item
[CALLSITE] Filepath: /media/4tb/npex/npex_data/benchmarks-bears/Bears-189-buggy/src/main/java/hu/oe/nik/szfmv/environment/XmlToModelConverter.java, Line: 77, Element: getNodeName
[CALLSITE] Filepath: /media/4tb/npex/npex_data/benchmarks-bears/Bears-189-buggy/src/main/java/hu/oe/nik/szfmv/environment/XmlToModelConverter.java, Line: 79, Element: item
[CALLSITE] Filepath: /media/4tb/npex/npex_data/benchmarks-bears/Bears-189-buggy/src/main/java/hu/oe/nik/szfmv/environment/XmlToModelConverter.java, Line: 77, Element: item
[CALLSITE] Filepath: /media/4tb/npex/npex_data/benchmarks-bears/Bears-189-buggy/src/main/java/hu/oe/nik/szfmv/environment/XmlToModelConverter.java, Line: 77, Element: getNodeName
[CALLSITE] Filepath: /media/4tb/npex/npex_data/benchmarks-bears/Bears-189-buggy/src/main/java/hu/oe/nik/szfmv/environment/XmlToModelConverter.java, Line: 77, Element: item
[CALLSITE] Filepath: /media/4tb/npex/npex_data/benchmarks-bears/Bears-189-buggy/src/main/java/hu/oe/nik/szfmv/environment/XmlToModelConverter.java, Line: 77, Element: getNodeName
[CALLSITE] Filepath: /media/4tb/npex/npex_data/benchmarks-bears/Bears-189-buggy/src/main/java/hu/oe/nik/szfmv/environment/XmlToModelConverter.java, Line: 82, Element: item
[CALLSITE] Filepath: /media/4tb/npex/npex_data/benchmarks-bears/Bears-189-buggy/src/main/java/hu/oe/nik/szfmv/environment/XmlToModelConverter.java, Line: 77, Element: item
[CALLSITE] Filepath: /media/4tb/npex/npex_data/benchmarks-bears/Bears-189-buggy/src/main/java/hu/oe/nik/szfmv/environment/XmlToModelConverter.java, Line: 77, Element: getNodeName
[CALLSITE] Filepath: /media/4tb/npex/npex_data/benchmarks-bears/Bears-189-buggy/src/main/java/hu/oe/nik/szfmv/environment/XmlToModelConverter.java, Line: 77, Element: item
[CALLSITE] Filepath: /media/4tb/npex/npex_data/benchmarks-bears/Bears-189-buggy/src/main/java/hu/oe/nik/szfmv/environment/XmlToModelConverter.java, Line: 77, Element: getNodeName
[CALLSITE] Filepath: /media/4tb/npex/npex_data/benchmarks-bears/Bears-189-buggy/src/main/java/hu/oe/nik/szfmv/environment/XmlToModelConverter.java, Line: 77, Element: item
[CALLSITE] Filepath: /media/4tb/npex/npex_data/benchmarks-bears/Bears-189-buggy/src/main/java/hu/oe/nik/szfmv/environment/XmlToModelConverter.java, Line: 77, Element: getNodeName
[CALLSITE] Filepath: /media/4tb/npex/npex_data/benchmarks-bears/Bears-189-buggy/src/main/java/hu/oe/nik/szfmv/environment/XmlToModelConverter.java, Line: 77, Element: item
[CALLSITE] Filepath: /media/4tb/npex/npex_data/benchmarks-bears/Bears-189-buggy/src/main/java/hu/oe/nik/szfmv/environment/XmlToModelConverter.java, Line: 77, Element: getNodeName
[CALLSITE] Filepath: /media/4tb/npex/npex_data/benchmarks-bears/Bears-189-buggy/src/main/java/hu/oe/nik/szfmv/environment/XmlToModelConverter.java, Line: 77, Element: item
[CALLSITE] Filepath: /media/4tb/npex/npex_data/benchmarks-bears/Bears-189-buggy/src/main/java/hu/oe/nik/szfmv/environment/XmlToModelConverter.java, Line: 77, Element: getNodeName
[CALLSITE] Filepath: /media/4tb/npex/npex_data/benchmarks-bears/Bears-189-buggy/src/main/java/hu/oe/nik/szfmv/environment/XmlToModelConverter.java, Line: 77, Element: item
[CALLSITE] Filepath: /media/4tb/npex/npex_data/benchmarks-bears/Bears-189-buggy/src/main/java/hu/oe/nik/szfmv/environment/XmlToModelConverter.java, Line: 77, Element: getNodeName
[CALLSITE] Filepath: /media/4tb/npex/npex_data/benchmarks-bears/Bears-189-buggy/src/main/java/hu/oe/nik/szfmv/environment/XmlToModelConverter.java, Line: 77, Element: item
[CALLSITE] Filepath: /media/4tb/npex/npex_data/benchmarks-bears/Bears-189-buggy/src/main/java/hu/oe/nik/szfmv/environment/XmlToModelConverter.java, Line: 77, Element: getNodeName
[CALLSITE] Filepath: /media/4tb/npex/npex_data/benchmarks-bears/Bears-189-buggy/src/main/java/hu/oe/nik/szfmv/environment/XmlToModelConverter.java, Line: 91, Element: createObjectFromType
[ENTRY] Filepath: /media/4tb/npex/npex_data/benchmarks-bears/Bears-189-buggy/src/main/java/hu/oe/nik/szfmv/environment/XmlToModelConverter.java, Line: 118, Element: createObjectFromType
[CALLSITE] Filepath: /media/4tb/npex/npex_data/benchmarks-bears/Bears-189-buggy/src/main/java/hu/oe/nik/szfmv/environment/XmlToModelConverter.java, Line: 122, Element: indexOf
[CALLSITE] Filepath: /media/4tb/npex/npex_data/benchmarks-bears/Bears-189-buggy/src/main/java/hu/oe/nik/szfmv/environment/XmlToModelConverter.java, Line: 123, Element: indexOf
[CALLSITE] Filepath: /media/4tb/npex/npex_data/benchmarks-bears/Bears-189-buggy/src/main/java/hu/oe/nik/szfmv/environment/XmlToModelConverter.java, Line: 123, Element: substring
[CALLSITE] Filepath: /media/4tb/npex/npex_data/benchmarks-bears/Bears-189-buggy/src/main/java/hu/oe/nik/szfmv/environment/models/Road.java, Line: 92, Element: hashMapInit
[ENTRY] Filepath: /media/4tb/npex/npex_data/benchmarks-bears/Bears-189-buggy/src/main/java/hu/oe/nik/szfmv/environment/models/Road.java, Line: 95, Element: hashMapInit
[CALLSITE] Filepath: /media/4tb/npex/npex_data/benchmarks-bears/Bears-189-buggy/src/main/java/hu/oe/nik/szfmv/environment/models/Road.java, Line: 96, Element: put
[CALLSITE] Filepath: /media/4tb/npex/npex_data/benchmarks-bears/Bears-189-buggy/src/main/java/hu/oe/nik/szfmv/environment/models/Road.java, Line: 97, Element: put
[CALLSITE] Filepath: /media/4tb/npex/npex_data/benchmarks-bears/Bears-189-buggy/src/main/java/hu/oe/nik/szfmv/environment/models/Road.java, Line: 98, Element: put
[CALLSITE] Filepath: /media/4tb/npex/npex_data/benchmarks-bears/Bears-189-buggy/src/main/java/hu/oe/nik/szfmv/environment/models/Road.java, Line: 99, Element: put
[CALLSITE] Filepath: /media/4tb/npex/npex_data/benchmarks-bears/Bears-189-buggy/src/main/java/hu/oe/nik/szfmv/environment/models/Road.java, Line: 100, Element: put
[CALLSITE] Filepath: /media/4tb/npex/npex_data/benchmarks-bears/Bears-189-buggy/src/main/java/hu/oe/nik/szfmv/environment/models/Road.java, Line: 101, Element: put
[CALLSITE] Filepath: /media/4tb/npex/npex_data/benchmarks-bears/Bears-189-buggy/src/main/java/hu/oe/nik/szfmv/environment/models/Road.java, Line: 102, Element: put
[CALLSITE] Filepath: /media/4tb/npex/npex_data/benchmarks-bears/Bears-189-buggy/src/main/java/hu/oe/nik/szfmv/environment/models/Road.java, Line: 103, Element: put
[CALLSITE] Filepath: /media/4tb/npex/npex_data/benchmarks-bears/Bears-189-buggy/src/main/java/hu/oe/nik/szfmv/environment/models/Road.java, Line: 104, Element: put
[CALLSITE] Filepath: /media/4tb/npex/npex_data/benchmarks-bears/Bears-189-buggy/src/main/java/hu/oe/nik/szfmv/environment/XmlToModelConverter.java, Line: 93, Element: setImageFileName
[ENTRY] Filepath: /media/4tb/npex/npex_data/benchmarks-bears/Bears-189-buggy/src/main/java/hu/oe/nik/szfmv/environment/WorldObject.java, Line: 92, Element: setImageFileName
[CALLSITE] Filepath: /media/4tb/npex/npex_data/benchmarks-bears/Bears-189-buggy/src/main/java/hu/oe/nik/szfmv/environment/XmlToModelConverter.java, Line: 96, Element: generateDimens
[ENTRY] Filepath: /media/4tb/npex/npex_data/benchmarks-bears/Bears-189-buggy/src/main/java/hu/oe/nik/szfmv/environment/WorldObject.java, Line: 101, Element: generateDimens
[CALLSITE] Filepath: /media/4tb/npex/npex_data/benchmarks-bears/Bears-189-buggy/src/main/java/hu/oe/nik/szfmv/environment/WorldObject.java, Line: 103, Element: read
[ENTRY] Filepath: /media/4tb/npex/npex_data/benchmarks-bears/Bears-189-buggy/src/main/java/hu/oe/nik/szfmv/environment/WorldObject.java, Line: 80, Element: getImageFileName
[CALLSITE] Filepath: /media/4tb/npex/npex_data/benchmarks-bears/Bears-189-buggy/src/main/java/hu/oe/nik/szfmv/environment/WorldObject.java, Line: 107, Element: getWidth
[CALLSITE] Filepath: /media/4tb/npex/npex_data/benchmarks-bears/Bears-189-buggy/src/main/java/hu/oe/nik/szfmv/environment/WorldObject.java, Line: 108, Element: getHeight
[CALLSITE] Filepath: /media/4tb/npex/npex_data/benchmarks-bears/Bears-189-buggy/src/main/java/hu/oe/nik/szfmv/environment/XmlToModelConverter.java, Line: 99, Element: getPointsFromPositionElement
[ENTRY] Filepath: /media/4tb/npex/npex_data/benchmarks-bears/Bears-189-buggy/src/main/java/hu/oe/nik/szfmv/environment/XmlToModelConverter.java, Line: 154, Element: getPointsFromPositionElement
[CALLSITE] Filepath: /media/4tb/npex/npex_data/benchmarks-bears/Bears-189-buggy/src/main/java/hu/oe/nik/szfmv/environment/XmlToModelConverter.java, Line: 160, Element: getAttribute
[CALLSITE] Filepath: /media/4tb/npex/npex_data/benchmarks-bears/Bears-189-buggy/src/main/java/hu/oe/nik/szfmv/environment/XmlToModelConverter.java, Line: 160, Element: parseInt
[CALLSITE] Filepath: /media/4tb/npex/npex_data/benchmarks-bears/Bears-189-buggy/src/main/java/hu/oe/nik/szfmv/environment/XmlToModelConverter.java, Line: 161, Element: getAttribute
[CALLSITE] Filepath: /media/4tb/npex/npex_data/benchmarks-bears/Bears-189-buggy/src/main/java/hu/oe/nik/szfmv/environment/XmlToModelConverter.java, Line: 161, Element: parseInt
[CALLSITE] Filepath: /media/4tb/npex/npex_data/benchmarks-bears/Bears-189-buggy/src/main/java/hu/oe/nik/szfmv/environment/XmlToModelConverter.java, Line: 100, Element: setX
[ENTRY] Filepath: /media/4tb/npex/npex_data/benchmarks-bears/Bears-189-buggy/src/main/java/hu/oe/nik/szfmv/environment/WorldObject.java, Line: 48, Element: setX
[CALLSITE] Filepath: /media/4tb/npex/npex_data/benchmarks-bears/Bears-189-buggy/src/main/java/hu/oe/nik/szfmv/environment/XmlToModelConverter.java, Line: 101, Element: setY
[ENTRY] Filepath: /media/4tb/npex/npex_data/benchmarks-bears/Bears-189-buggy/src/main/java/hu/oe/nik/szfmv/environment/WorldObject.java, Line: 56, Element: setY
[CALLSITE] Filepath: /media/4tb/npex/npex_data/benchmarks-bears/Bears-189-buggy/src/main/java/hu/oe/nik/szfmv/environment/XmlToModelConverter.java, Line: 104, Element: getRotacionFromTransformElement
[CALLSITE] Filepath: /media/4tb/npex/npex_data/benchmarks-bears/Bears-189-buggy/src/main/java/hu/oe/nik/szfmv/environment/XmlToModelConverter.java, Line: 104, Element: setRotation
[ENTRY] Filepath: /media/4tb/npex/npex_data/benchmarks-bears/Bears-189-buggy/src/main/java/hu/oe/nik/szfmv/environment/XmlToModelConverter.java, Line: 173, Element: getRotacionFromTransformElement
[CALLSITE] Filepath: /media/4tb/npex/npex_data/benchmarks-bears/Bears-189-buggy/src/main/java/hu/oe/nik/szfmv/environment/XmlToModelConverter.java, Line: 182, Element: getAttribute
[CALLSITE] Filepath: /media/4tb/npex/npex_data/benchmarks-bears/Bears-189-buggy/src/main/java/hu/oe/nik/szfmv/environment/XmlToModelConverter.java, Line: 182, Element: parseDouble
[CALLSITE] Filepath: /media/4tb/npex/npex_data/benchmarks-bears/Bears-189-buggy/src/main/java/hu/oe/nik/szfmv/environment/XmlToModelConverter.java, Line: 183, Element: getAttribute
[CALLSITE] Filepath: /media/4tb/npex/npex_data/benchmarks-bears/Bears-189-buggy/src/main/java/hu/oe/nik/szfmv/environment/XmlToModelConverter.java, Line: 183, Element: parseDouble
[CALLSITE] Filepath: /media/4tb/npex/npex_data/benchmarks-bears/Bears-189-buggy/src/main/java/hu/oe/nik/szfmv/environment/XmlToModelConverter.java, Line: 184, Element: getAttribute
[CALLSITE] Filepath: /media/4tb/npex/npex_data/benchmarks-bears/Bears-189-buggy/src/main/java/hu/oe/nik/szfmv/environment/XmlToModelConverter.java, Line: 184, Element: parseDouble
[CALLSITE] Filepath: /media/4tb/npex/npex_data/benchmarks-bears/Bears-189-buggy/src/main/java/hu/oe/nik/szfmv/environment/XmlToModelConverter.java, Line: 185, Element: getAttribute
[CALLSITE] Filepath: /media/4tb/npex/npex_data/benchmarks-bears/Bears-189-buggy/src/main/java/hu/oe/nik/szfmv/environment/XmlToModelConverter.java, Line: 185, Element: parseDouble
[CALLSITE] Filepath: /media/4tb/npex/npex_data/benchmarks-bears/Bears-189-buggy/src/main/java/hu/oe/nik/szfmv/environment/XmlToModelConverter.java, Line: 187, Element: convertMatrixToRadians
[ENTRY] Filepath: /media/4tb/npex/npex_data/benchmarks-bears/Bears-189-buggy/src/main/java/hu/oe/nik/szfmv/common/Utils.java, Line: 40, Element: convertMatrixToRadians
[CALLSITE] Filepath: /media/4tb/npex/npex_data/benchmarks-bears/Bears-189-buggy/src/main/java/hu/oe/nik/szfmv/common/Utils.java, Line: 41, Element: atan2
[ENTRY] Filepath: /media/4tb/npex/npex_data/benchmarks-bears/Bears-189-buggy/src/main/java/hu/oe/nik/szfmv/environment/WorldObject.java, Line: 88, Element: setRotation
[CALLSITE] Filepath: /media/4tb/npex/npex_data/benchmarks-bears/Bears-189-buggy/src/main/java/hu/oe/nik/szfmv/environment/XmlToModelConverter.java, Line: 107, Element: generateShape
[ENTRY] Filepath: /media/4tb/npex/npex_data/benchmarks-bears/Bears-189-buggy/src/main/java/hu/oe/nik/szfmv/environment/models/Road.java, Line: 119, Element: generateShape
[CALLSITE] Filepath: /media/4tb/npex/npex_data/benchmarks-bears/Bears-189-buggy/src/main/java/hu/oe/nik/szfmv/environment/models/Road.java, Line: 122, Element: get
[CALLSITE] Filepath: /media/4tb/npex/npex_data/benchmarks-bears/Bears-189-buggy/src/main/java/hu/oe/nik/szfmv/environment/models/Road.java, Line: 125, Element: getRotation
[CALLSITE] Filepath: /media/4tb/npex/npex_data/benchmarks-bears/Bears-189-buggy/src/main/java/hu/oe/nik/szfmv/environment/models/Road.java, Line: 125, Element: getX
[CALLSITE] Filepath: /media/4tb/npex/npex_data/benchmarks-bears/Bears-189-buggy/src/main/java/hu/oe/nik/szfmv/environment/models/Road.java, Line: 125, Element: getWidth
[CALLSITE] Filepath: /media/4tb/npex/npex_data/benchmarks-bears/Bears-189-buggy/src/main/java/hu/oe/nik/szfmv/environment/models/Road.java, Line: 125, Element: rotate
[ENTRY] Filepath: /media/4tb/npex/npex_data/benchmarks-bears/Bears-189-buggy/src/main/java/hu/oe/nik/szfmv/environment/WorldObject.java, Line: 76, Element: getRotation
[ENTRY] Filepath: /media/4tb/npex/npex_data/benchmarks-bears/Bears-189-buggy/src/main/java/hu/oe/nik/szfmv/environment/WorldObject.java, Line: 44, Element: getX
[ENTRY] Filepath: /media/4tb/npex/npex_data/benchmarks-bears/Bears-189-buggy/src/main/java/hu/oe/nik/szfmv/environment/WorldObject.java, Line: 60, Element: getWidth
[ENTRY] Filepath: /media/4tb/npex/npex_data/benchmarks-bears/Bears-189-buggy/src/main/java/hu/oe/nik/szfmv/environment/WorldObject.java, Line: 52, Element: getY
[ENTRY] Filepath: /media/4tb/npex/npex_data/benchmarks-bears/Bears-189-buggy/src/main/java/hu/oe/nik/szfmv/environment/WorldObject.java, Line: 64, Element: getHeight
[CALLSITE] Filepath: /media/4tb/npex/npex_data/benchmarks-bears/Bears-189-buggy/src/main/java/hu/oe/nik/szfmv/environment/models/Road.java, Line: 131, Element: get
[CALLSITE] Filepath: /media/4tb/npex/npex_data/benchmarks-bears/Bears-189-buggy/src/main/java/hu/oe/nik/szfmv/environment/models/Road.java, Line: 131, Element: createTransformedShape
[CALLSITE] Filepath: /media/4tb/npex/npex_data/benchmarks-bears/Bears-189-buggy/src/main/java/hu/oe/nik/szfmv/environment/models/Road.java, Line: 135, Element: generateShape
[ENTRY] Filepath: /media/4tb/npex/npex_data/benchmarks-bears/Bears-189-buggy/src/main/java/hu/oe/nik/szfmv/environment/WorldObject.java, Line: 117, Element: generateShape
[CALLSITE] Filepath: /media/4tb/npex/npex_data/benchmarks-bears/Bears-189-buggy/src/main/java/hu/oe/nik/szfmv/environment/WorldObject.java, Line: 119, Element: getRotation
[CALLSITE] Filepath: /media/4tb/npex/npex_data/benchmarks-bears/Bears-189-buggy/src/main/java/hu/oe/nik/szfmv/environment/WorldObject.java, Line: 119, Element: getX
[CALLSITE] Filepath: /media/4tb/npex/npex_data/benchmarks-bears/Bears-189-buggy/src/main/java/hu/oe/nik/szfmv/environment/WorldObject.java, Line: 119, Element: getY
[CALLSITE] Filepath: /media/4tb/npex/npex_data/benchmarks-bears/Bears-189-buggy/src/main/java/hu/oe/nik/szfmv/environment/WorldObject.java, Line: 119, Element: rotate
[ENTRY] Filepath: /media/4tb/npex/npex_data/benchmarks-bears/Bears-189-buggy/src/main/java/hu/oe/nik/szfmv/environment/WorldObject.java, Line: 76, Element: getRotation
[ENTRY] Filepath: /media/4tb/npex/npex_data/benchmarks-bears/Bears-189-buggy/src/main/java/hu/oe/nik/szfmv/environment/WorldObject.java, Line: 44, Element: getX
[ENTRY] Filepath: /media/4tb/npex/npex_data/benchmarks-bears/Bears-189-buggy/src/main/java/hu/oe/nik/szfmv/environment/WorldObject.java, Line: 52, Element: getY
[CALLSITE] Filepath: /media/4tb/npex/npex_data/benchmarks-bears/Bears-189-buggy/src/main/java/hu/oe/nik/szfmv/environment/WorldObject.java, Line: 120, Element: isInstance
[CALLSITE] Filepath: /media/4tb/npex/npex_data/benchmarks-bears/Bears-189-buggy/src/main/java/hu/oe/nik/szfmv/environment/WorldObject.java, Line: 121, Element: createTransformedShape
[ENTRY] Filepath: /media/4tb/npex/npex_data/benchmarks-bears/Bears-189-buggy/src/main/java/hu/oe/nik/szfmv/environment/WorldObject.java, Line: 44, Element: getX
[ENTRY] Filepath: /media/4tb/npex/npex_data/benchmarks-bears/Bears-189-buggy/src/main/java/hu/oe/nik/szfmv/environment/WorldObject.java, Line: 52, Element: getY
[ENTRY] Filepath: /media/4tb/npex/npex_data/benchmarks-bears/Bears-189-buggy/src/main/java/hu/oe/nik/szfmv/environment/WorldObject.java, Line: 60, Element: getWidth
[ENTRY] Filepath: /media/4tb/npex/npex_data/benchmarks-bears/Bears-189-buggy/src/main/java/hu/oe/nik/szfmv/environment/WorldObject.java, Line: 64, Element: getHeight
[CALLSITE] Filepath: /media/4tb/npex/npex_data/benchmarks-bears/Bears-189-buggy/src/main/java/hu/oe/nik/szfmv/environment/XmlToModelConverter.java, Line: 109, Element: toString
[CALLSITE] Filepath: /media/4tb/npex/npex_data/benchmarks-bears/Bears-189-buggy/src/main/java/hu/oe/nik/szfmv/environment/XmlToModelConverter.java, Line: 109, Element: debug
[ENTRY] Filepath: /media/4tb/npex/npex_data/benchmarks-bears/Bears-189-buggy/src/main/java/hu/oe/nik/szfmv/environment/WorldObject.java, Line: 135, Element: toString
[CALLSITE] Filepath: /media/4tb/npex/npex_data/benchmarks-bears/Bears-189-buggy/src/main/java/hu/oe/nik/szfmv/environment/XmlToModelConverter.java, Line: 50, Element: item
[CALLSITE] Filepath: /media/4tb/npex/npex_data/benchmarks-bears/Bears-189-buggy/src/main/java/hu/oe/nik/szfmv/environment/XmlToModelConverter.java, Line: 52, Element: readValueFromXml
[CALLSITE] Filepath: /media/4tb/npex/npex_data/benchmarks-bears/Bears-189-buggy/src/main/java/hu/oe/nik/szfmv/environment/XmlToModelConverter.java, Line: 52, Element: add
[ENTRY] Filepath: /media/4tb/npex/npex_data/benchmarks-bears/Bears-189-buggy/src/main/java/hu/oe/nik/szfmv/environment/XmlToModelConverter.java, Line: 67, Element: readValueFromXml
[CALLSITE] Filepath: /media/4tb/npex/npex_data/benchmarks-bears/Bears-189-buggy/src/main/java/hu/oe/nik/szfmv/environment/XmlToModelConverter.java, Line: 72, Element: getAttribute
[CALLSITE] Filepath: /media/4tb/npex/npex_data/benchmarks-bears/Bears-189-buggy/src/main/java/hu/oe/nik/szfmv/environment/XmlToModelConverter.java, Line: 75, Element: getChildNodes
[CALLSITE] Filepath: /media/4tb/npex/npex_data/benchmarks-bears/Bears-189-buggy/src/main/java/hu/oe/nik/szfmv/environment/XmlToModelConverter.java, Line: 76, Element: getLength
[CALLSITE] Filepath: /media/4tb/npex/npex_data/benchmarks-bears/Bears-189-buggy/src/main/java/hu/oe/nik/szfmv/environment/XmlToModelConverter.java, Line: 77, Element: item
[CALLSITE] Filepath: /media/4tb/npex/npex_data/benchmarks-bears/Bears-189-buggy/src/main/java/hu/oe/nik/szfmv/environment/XmlToModelConverter.java, Line: 77, Element: getNodeName
[CALLSITE] Filepath: /media/4tb/npex/npex_data/benchmarks-bears/Bears-189-buggy/src/main/java/hu/oe/nik/szfmv/environment/XmlToModelConverter.java, Line: 77, Element: item
[CALLSITE] Filepath: /media/4tb/npex/npex_data/benchmarks-bears/Bears-189-buggy/src/main/java/hu/oe/nik/szfmv/environment/XmlToModelConverter.java, Line: 77, Element: getNodeName
[CALLSITE] Filepath: /media/4tb/npex/npex_data/benchmarks-bears/Bears-189-buggy/src/main/java/hu/oe/nik/szfmv/environment/XmlToModelConverter.java, Line: 79, Element: item
[CALLSITE] Filepath: /media/4tb/npex/npex_data/benchmarks-bears/Bears-189-buggy/src/main/java/hu/oe/nik/szfmv/environment/XmlToModelConverter.java, Line: 77, Element: item
[CALLSITE] Filepath: /media/4tb/npex/npex_data/benchmarks-bears/Bears-189-buggy/src/main/java/hu/oe/nik/szfmv/environment/XmlToModelConverter.java, Line: 77, Element: getNodeName
[CALLSITE] Filepath: /media/4tb/npex/npex_data/benchmarks-bears/Bears-189-buggy/src/main/java/hu/oe/nik/szfmv/environment/XmlToModelConverter.java, Line: 77, Element: item
[CALLSITE] Filepath: /media/4tb/npex/npex_data/benchmarks-bears/Bears-189-buggy/src/main/java/hu/oe/nik/szfmv/environment/XmlToModelConverter.java, Line: 77, Element: getNodeName
[CALLSITE] Filepath: /media/4tb/npex/npex_data/benchmarks-bears/Bears-189-buggy/src/main/java/hu/oe/nik/szfmv/environment/XmlToModelConverter.java, Line: 82, Element: item
[CALLSITE] Filepath: /media/4tb/npex/npex_data/benchmarks-bears/Bears-189-buggy/src/main/java/hu/oe/nik/szfmv/environment/XmlToModelConverter.java, Line: 77, Element: item
[CALLSITE] Filepath: /media/4tb/npex/npex_data/benchmarks-bears/Bears-189-buggy/src/main/java/hu/oe/nik/szfmv/environment/XmlToModelConverter.java, Line: 77, Element: getNodeName
[CALLSITE] Filepath: /media/4tb/npex/npex_data/benchmarks-bears/Bears-189-buggy/src/main/java/hu/oe/nik/szfmv/environment/XmlToModelConverter.java, Line: 77, Element: item
[CALLSITE] Filepath: /media/4tb/npex/npex_data/benchmarks-bears/Bears-189-buggy/src/main/java/hu/oe/nik/szfmv/environment/XmlToModelConverter.java, Line: 77, Element: getNodeName
[CALLSITE] Filepath: /media/4tb/npex/npex_data/benchmarks-bears/Bears-189-buggy/src/main/java/hu/oe/nik/szfmv/environment/XmlToModelConverter.java, Line: 77, Element: item
[CALLSITE] Filepath: /media/4tb/npex/npex_data/benchmarks-bears/Bears-189-buggy/src/main/java/hu/oe/nik/szfmv/environment/XmlToModelConverter.java, Line: 77, Element: getNodeName
[CALLSITE] Filepath: /media/4tb/npex/npex_data/benchmarks-bears/Bears-189-buggy/src/main/java/hu/oe/nik/szfmv/environment/XmlToModelConverter.java, Line: 77, Element: item
[CALLSITE] Filepath: /media/4tb/npex/npex_data/benchmarks-bears/Bears-189-buggy/src/main/java/hu/oe/nik/szfmv/environment/XmlToModelConverter.java, Line: 77, Element: getNodeName
[CALLSITE] Filepath: /media/4tb/npex/npex_data/benchmarks-bears/Bears-189-buggy/src/main/java/hu/oe/nik/szfmv/environment/XmlToModelConverter.java, Line: 77, Element: item
[CALLSITE] Filepath: /media/4tb/npex/npex_data/benchmarks-bears/Bears-189-buggy/src/main/java/hu/oe/nik/szfmv/environment/XmlToModelConverter.java, Line: 77, Element: getNodeName
[CALLSITE] Filepath: /media/4tb/npex/npex_data/benchmarks-bears/Bears-189-buggy/src/main/java/hu/oe/nik/szfmv/environment/XmlToModelConverter.java, Line: 77, Element: item
[CALLSITE] Filepath: /media/4tb/npex/npex_data/benchmarks-bears/Bears-189-buggy/src/main/java/hu/oe/nik/szfmv/environment/XmlToModelConverter.java, Line: 77, Element: getNodeName
[CALLSITE] Filepath: /media/4tb/npex/npex_data/benchmarks-bears/Bears-189-buggy/src/main/java/hu/oe/nik/szfmv/environment/XmlToModelConverter.java, Line: 77, Element: item
[CALLSITE] Filepath: /media/4tb/npex/npex_data/benchmarks-bears/Bears-189-buggy/src/main/java/hu/oe/nik/szfmv/environment/XmlToModelConverter.java, Line: 77, Element: getNodeName
[CALLSITE] Filepath: /media/4tb/npex/npex_data/benchmarks-bears/Bears-189-buggy/src/main/java/hu/oe/nik/szfmv/environment/XmlToModelConverter.java, Line: 91, Element: createObjectFromType
[ENTRY] Filepath: /media/4tb/npex/npex_data/benchmarks-bears/Bears-189-buggy/src/main/java/hu/oe/nik/szfmv/environment/XmlToModelConverter.java, Line: 118, Element: createObjectFromType
[CALLSITE] Filepath: /media/4tb/npex/npex_data/benchmarks-bears/Bears-189-buggy/src/main/java/hu/oe/nik/szfmv/environment/XmlToModelConverter.java, Line: 122, Element: indexOf
[CALLSITE] Filepath: /media/4tb/npex/npex_data/benchmarks-bears/Bears-189-buggy/src/main/java/hu/oe/nik/szfmv/environment/XmlToModelConverter.java, Line: 123, Element: indexOf
[CALLSITE] Filepath: /media/4tb/npex/npex_data/benchmarks-bears/Bears-189-buggy/src/main/java/hu/oe/nik/szfmv/environment/XmlToModelConverter.java, Line: 123, Element: substring
[CALLSITE] Filepath: /media/4tb/npex/npex_data/benchmarks-bears/Bears-189-buggy/src/main/java/hu/oe/nik/szfmv/environment/models/Road.java, Line: 92, Element: hashMapInit
[ENTRY] Filepath: /media/4tb/npex/npex_data/benchmarks-bears/Bears-189-buggy/src/main/java/hu/oe/nik/szfmv/environment/models/Road.java, Line: 95, Element: hashMapInit
[CALLSITE] Filepath: /media/4tb/npex/npex_data/benchmarks-bears/Bears-189-buggy/src/main/java/hu/oe/nik/szfmv/environment/models/Road.java, Line: 96, Element: put
[CALLSITE] Filepath: /media/4tb/npex/npex_data/benchmarks-bears/Bears-189-buggy/src/main/java/hu/oe/nik/szfmv/environment/models/Road.java, Line: 97, Element: put
[CALLSITE] Filepath: /media/4tb/npex/npex_data/benchmarks-bears/Bears-189-buggy/src/main/java/hu/oe/nik/szfmv/environment/models/Road.java, Line: 98, Element: put
[CALLSITE] Filepath: /media/4tb/npex/npex_data/benchmarks-bears/Bears-189-buggy/src/main/java/hu/oe/nik/szfmv/environment/models/Road.java, Line: 99, Element: put
[CALLSITE] Filepath: /media/4tb/npex/npex_data/benchmarks-bears/Bears-189-buggy/src/main/java/hu/oe/nik/szfmv/environment/models/Road.java, Line: 100, Element: put
[CALLSITE] Filepath: /media/4tb/npex/npex_data/benchmarks-bears/Bears-189-buggy/src/main/java/hu/oe/nik/szfmv/environment/models/Road.java, Line: 101, Element: put
[CALLSITE] Filepath: /media/4tb/npex/npex_data/benchmarks-bears/Bears-189-buggy/src/main/java/hu/oe/nik/szfmv/environment/models/Road.java, Line: 102, Element: put
[CALLSITE] Filepath: /media/4tb/npex/npex_data/benchmarks-bears/Bears-189-buggy/src/main/java/hu/oe/nik/szfmv/environment/models/Road.java, Line: 103, Element: put
[CALLSITE] Filepath: /media/4tb/npex/npex_data/benchmarks-bears/Bears-189-buggy/src/main/java/hu/oe/nik/szfmv/environment/models/Road.java, Line: 104, Element: put
[CALLSITE] Filepath: /media/4tb/npex/npex_data/benchmarks-bears/Bears-189-buggy/src/main/java/hu/oe/nik/szfmv/environment/XmlToModelConverter.java, Line: 93, Element: setImageFileName
[ENTRY] Filepath: /media/4tb/npex/npex_data/benchmarks-bears/Bears-189-buggy/src/main/java/hu/oe/nik/szfmv/environment/WorldObject.java, Line: 92, Element: setImageFileName
[CALLSITE] Filepath: /media/4tb/npex/npex_data/benchmarks-bears/Bears-189-buggy/src/main/java/hu/oe/nik/szfmv/environment/XmlToModelConverter.java, Line: 96, Element: generateDimens
[ENTRY] Filepath: /media/4tb/npex/npex_data/benchmarks-bears/Bears-189-buggy/src/main/java/hu/oe/nik/szfmv/environment/WorldObject.java, Line: 101, Element: generateDimens
[CALLSITE] Filepath: /media/4tb/npex/npex_data/benchmarks-bears/Bears-189-buggy/src/main/java/hu/oe/nik/szfmv/environment/WorldObject.java, Line: 103, Element: read
[ENTRY] Filepath: /media/4tb/npex/npex_data/benchmarks-bears/Bears-189-buggy/src/main/java/hu/oe/nik/szfmv/environment/WorldObject.java, Line: 80, Element: getImageFileName
[CALLSITE] Filepath: /media/4tb/npex/npex_data/benchmarks-bears/Bears-189-buggy/src/main/java/hu/oe/nik/szfmv/environment/WorldObject.java, Line: 107, Element: getWidth
[CALLSITE] Filepath: /media/4tb/npex/npex_data/benchmarks-bears/Bears-189-buggy/src/main/java/hu/oe/nik/szfmv/environment/WorldObject.java, Line: 108, Element: getHeight
[CALLSITE] Filepath: /media/4tb/npex/npex_data/benchmarks-bears/Bears-189-buggy/src/main/java/hu/oe/nik/szfmv/environment/XmlToModelConverter.java, Line: 99, Element: getPointsFromPositionElement
[ENTRY] Filepath: /media/4tb/npex/npex_data/benchmarks-bears/Bears-189-buggy/src/main/java/hu/oe/nik/szfmv/environment/XmlToModelConverter.java, Line: 154, Element: getPointsFromPositionElement
[CALLSITE] Filepath: /media/4tb/npex/npex_data/benchmarks-bears/Bears-189-buggy/src/main/java/hu/oe/nik/szfmv/environment/XmlToModelConverter.java, Line: 160, Element: getAttribute
[CALLSITE] Filepath: /media/4tb/npex/npex_data/benchmarks-bears/Bears-189-buggy/src/main/java/hu/oe/nik/szfmv/environment/XmlToModelConverter.java, Line: 160, Element: parseInt
[CALLSITE] Filepath: /media/4tb/npex/npex_data/benchmarks-bears/Bears-189-buggy/src/main/java/hu/oe/nik/szfmv/environment/XmlToModelConverter.java, Line: 161, Element: getAttribute
[CALLSITE] Filepath: /media/4tb/npex/npex_data/benchmarks-bears/Bears-189-buggy/src/main/java/hu/oe/nik/szfmv/environment/XmlToModelConverter.java, Line: 161, Element: parseInt
[CALLSITE] Filepath: /media/4tb/npex/npex_data/benchmarks-bears/Bears-189-buggy/src/main/java/hu/oe/nik/szfmv/environment/XmlToModelConverter.java, Line: 100, Element: setX
[ENTRY] Filepath: /media/4tb/npex/npex_data/benchmarks-bears/Bears-189-buggy/src/main/java/hu/oe/nik/szfmv/environment/WorldObject.java, Line: 48, Element: setX
[CALLSITE] Filepath: /media/4tb/npex/npex_data/benchmarks-bears/Bears-189-buggy/src/main/java/hu/oe/nik/szfmv/environment/XmlToModelConverter.java, Line: 101, Element: setY
[ENTRY] Filepath: /media/4tb/npex/npex_data/benchmarks-bears/Bears-189-buggy/src/main/java/hu/oe/nik/szfmv/environment/WorldObject.java, Line: 56, Element: setY
[CALLSITE] Filepath: /media/4tb/npex/npex_data/benchmarks-bears/Bears-189-buggy/src/main/java/hu/oe/nik/szfmv/environment/XmlToModelConverter.java, Line: 104, Element: getRotacionFromTransformElement
[CALLSITE] Filepath: /media/4tb/npex/npex_data/benchmarks-bears/Bears-189-buggy/src/main/java/hu/oe/nik/szfmv/environment/XmlToModelConverter.java, Line: 104, Element: setRotation
[ENTRY] Filepath: /media/4tb/npex/npex_data/benchmarks-bears/Bears-189-buggy/src/main/java/hu/oe/nik/szfmv/environment/XmlToModelConverter.java, Line: 173, Element: getRotacionFromTransformElement
[CALLSITE] Filepath: /media/4tb/npex/npex_data/benchmarks-bears/Bears-189-buggy/src/main/java/hu/oe/nik/szfmv/environment/XmlToModelConverter.java, Line: 182, Element: getAttribute
[CALLSITE] Filepath: /media/4tb/npex/npex_data/benchmarks-bears/Bears-189-buggy/src/main/java/hu/oe/nik/szfmv/environment/XmlToModelConverter.java, Line: 182, Element: parseDouble
[CALLSITE] Filepath: /media/4tb/npex/npex_data/benchmarks-bears/Bears-189-buggy/src/main/java/hu/oe/nik/szfmv/environment/XmlToModelConverter.java, Line: 183, Element: getAttribute
[CALLSITE] Filepath: /media/4tb/npex/npex_data/benchmarks-bears/Bears-189-buggy/src/main/java/hu/oe/nik/szfmv/environment/XmlToModelConverter.java, Line: 183, Element: parseDouble
[CALLSITE] Filepath: /media/4tb/npex/npex_data/benchmarks-bears/Bears-189-buggy/src/main/java/hu/oe/nik/szfmv/environment/XmlToModelConverter.java, Line: 184, Element: getAttribute
[CALLSITE] Filepath: /media/4tb/npex/npex_data/benchmarks-bears/Bears-189-buggy/src/main/java/hu/oe/nik/szfmv/environment/XmlToModelConverter.java, Line: 184, Element: parseDouble
[CALLSITE] Filepath: /media/4tb/npex/npex_data/benchmarks-bears/Bears-189-buggy/src/main/java/hu/oe/nik/szfmv/environment/XmlToModelConverter.java, Line: 185, Element: getAttribute
[CALLSITE] Filepath: /media/4tb/npex/npex_data/benchmarks-bears/Bears-189-buggy/src/main/java/hu/oe/nik/szfmv/environment/XmlToModelConverter.java, Line: 185, Element: parseDouble
[CALLSITE] Filepath: /media/4tb/npex/npex_data/benchmarks-bears/Bears-189-buggy/src/main/java/hu/oe/nik/szfmv/environment/XmlToModelConverter.java, Line: 187, Element: convertMatrixToRadians
[ENTRY] Filepath: /media/4tb/npex/npex_data/benchmarks-bears/Bears-189-buggy/src/main/java/hu/oe/nik/szfmv/common/Utils.java, Line: 40, Element: convertMatrixToRadians
[CALLSITE] Filepath: /media/4tb/npex/npex_data/benchmarks-bears/Bears-189-buggy/src/main/java/hu/oe/nik/szfmv/common/Utils.java, Line: 41, Element: atan2
[ENTRY] Filepath: /media/4tb/npex/npex_data/benchmarks-bears/Bears-189-buggy/src/main/java/hu/oe/nik/szfmv/environment/WorldObject.java, Line: 88, Element: setRotation
[CALLSITE] Filepath: /media/4tb/npex/npex_data/benchmarks-bears/Bears-189-buggy/src/main/java/hu/oe/nik/szfmv/environment/XmlToModelConverter.java, Line: 107, Element: generateShape
[ENTRY] Filepath: /media/4tb/npex/npex_data/benchmarks-bears/Bears-189-buggy/src/main/java/hu/oe/nik/szfmv/environment/models/Road.java, Line: 119, Element: generateShape
[CALLSITE] Filepath: /media/4tb/npex/npex_data/benchmarks-bears/Bears-189-buggy/src/main/java/hu/oe/nik/szfmv/environment/models/Road.java, Line: 122, Element: get
[CALLSITE] Filepath: /media/4tb/npex/npex_data/benchmarks-bears/Bears-189-buggy/src/main/java/hu/oe/nik/szfmv/environment/models/Road.java, Line: 125, Element: getRotation
[CALLSITE] Filepath: /media/4tb/npex/npex_data/benchmarks-bears/Bears-189-buggy/src/main/java/hu/oe/nik/szfmv/environment/models/Road.java, Line: 125, Element: getX
[CALLSITE] Filepath: /media/4tb/npex/npex_data/benchmarks-bears/Bears-189-buggy/src/main/java/hu/oe/nik/szfmv/environment/models/Road.java, Line: 125, Element: getWidth
[CALLSITE] Filepath: /media/4tb/npex/npex_data/benchmarks-bears/Bears-189-buggy/src/main/java/hu/oe/nik/szfmv/environment/models/Road.java, Line: 125, Element: rotate
[ENTRY] Filepath: /media/4tb/npex/npex_data/benchmarks-bears/Bears-189-buggy/src/main/java/hu/oe/nik/szfmv/environment/WorldObject.java, Line: 76, Element: getRotation
[ENTRY] Filepath: /media/4tb/npex/npex_data/benchmarks-bears/Bears-189-buggy/src/main/java/hu/oe/nik/szfmv/environment/WorldObject.java, Line: 44, Element: getX
[ENTRY] Filepath: /media/4tb/npex/npex_data/benchmarks-bears/Bears-189-buggy/src/main/java/hu/oe/nik/szfmv/environment/WorldObject.java, Line: 60, Element: getWidth
[ENTRY] Filepath: /media/4tb/npex/npex_data/benchmarks-bears/Bears-189-buggy/src/main/java/hu/oe/nik/szfmv/environment/WorldObject.java, Line: 52, Element: getY
[ENTRY] Filepath: /media/4tb/npex/npex_data/benchmarks-bears/Bears-189-buggy/src/main/java/hu/oe/nik/szfmv/environment/WorldObject.java, Line: 64, Element: getHeight
[CALLSITE] Filepath: /media/4tb/npex/npex_data/benchmarks-bears/Bears-189-buggy/src/main/java/hu/oe/nik/szfmv/environment/models/Road.java, Line: 131, Element: get
[CALLSITE] Filepath: /media/4tb/npex/npex_data/benchmarks-bears/Bears-189-buggy/src/main/java/hu/oe/nik/szfmv/environment/models/Road.java, Line: 131, Element: createTransformedShape
[CALLSITE] Filepath: /media/4tb/npex/npex_data/benchmarks-bears/Bears-189-buggy/src/main/java/hu/oe/nik/szfmv/environment/models/Road.java, Line: 135, Element: generateShape
[ENTRY] Filepath: /media/4tb/npex/npex_data/benchmarks-bears/Bears-189-buggy/src/main/java/hu/oe/nik/szfmv/environment/WorldObject.java, Line: 117, Element: generateShape
[CALLSITE] Filepath: /media/4tb/npex/npex_data/benchmarks-bears/Bears-189-buggy/src/main/java/hu/oe/nik/szfmv/environment/WorldObject.java, Line: 119, Element: getRotation
[CALLSITE] Filepath: /media/4tb/npex/npex_data/benchmarks-bears/Bears-189-buggy/src/main/java/hu/oe/nik/szfmv/environment/WorldObject.java, Line: 119, Element: getX
[CALLSITE] Filepath: /media/4tb/npex/npex_data/benchmarks-bears/Bears-189-buggy/src/main/java/hu/oe/nik/szfmv/environment/WorldObject.java, Line: 119, Element: getY
[CALLSITE] Filepath: /media/4tb/npex/npex_data/benchmarks-bears/Bears-189-buggy/src/main/java/hu/oe/nik/szfmv/environment/WorldObject.java, Line: 119, Element: rotate
[ENTRY] Filepath: /media/4tb/npex/npex_data/benchmarks-bears/Bears-189-buggy/src/main/java/hu/oe/nik/szfmv/environment/WorldObject.java, Line: 76, Element: getRotation
[ENTRY] Filepath: /media/4tb/npex/npex_data/benchmarks-bears/Bears-189-buggy/src/main/java/hu/oe/nik/szfmv/environment/WorldObject.java, Line: 44, Element: getX
[ENTRY] Filepath: /media/4tb/npex/npex_data/benchmarks-bears/Bears-189-buggy/src/main/java/hu/oe/nik/szfmv/environment/WorldObject.java, Line: 52, Element: getY
[CALLSITE] Filepath: /media/4tb/npex/npex_data/benchmarks-bears/Bears-189-buggy/src/main/java/hu/oe/nik/szfmv/environment/WorldObject.java, Line: 120, Element: isInstance
[CALLSITE] Filepath: /media/4tb/npex/npex_data/benchmarks-bears/Bears-189-buggy/src/main/java/hu/oe/nik/szfmv/environment/WorldObject.java, Line: 121, Element: createTransformedShape
[ENTRY] Filepath: /media/4tb/npex/npex_data/benchmarks-bears/Bears-189-buggy/src/main/java/hu/oe/nik/szfmv/environment/WorldObject.java, Line: 44, Element: getX
[ENTRY] Filepath: /media/4tb/npex/npex_data/benchmarks-bears/Bears-189-buggy/src/main/java/hu/oe/nik/szfmv/environment/WorldObject.java, Line: 52, Element: getY
[ENTRY] Filepath: /media/4tb/npex/npex_data/benchmarks-bears/Bears-189-buggy/src/main/java/hu/oe/nik/szfmv/environment/WorldObject.java, Line: 60, Element: getWidth
[ENTRY] Filepath: /media/4tb/npex/npex_data/benchmarks-bears/Bears-189-buggy/src/main/java/hu/oe/nik/szfmv/environment/WorldObject.java, Line: 64, Element: getHeight
[CALLSITE] Filepath: /media/4tb/npex/npex_data/benchmarks-bears/Bears-189-buggy/src/main/java/hu/oe/nik/szfmv/environment/XmlToModelConverter.java, Line: 109, Element: toString
[CALLSITE] Filepath: /media/4tb/npex/npex_data/benchmarks-bears/Bears-189-buggy/src/main/java/hu/oe/nik/szfmv/environment/XmlToModelConverter.java, Line: 109, Element: debug
[ENTRY] Filepath: /media/4tb/npex/npex_data/benchmarks-bears/Bears-189-buggy/src/main/java/hu/oe/nik/szfmv/environment/WorldObject.java, Line: 135, Element: toString
[CALLSITE] Filepath: /media/4tb/npex/npex_data/benchmarks-bears/Bears-189-buggy/src/main/java/hu/oe/nik/szfmv/environment/XmlToModelConverter.java, Line: 50, Element: item
[CALLSITE] Filepath: /media/4tb/npex/npex_data/benchmarks-bears/Bears-189-buggy/src/main/java/hu/oe/nik/szfmv/environment/XmlToModelConverter.java, Line: 52, Element: readValueFromXml
[CALLSITE] Filepath: /media/4tb/npex/npex_data/benchmarks-bears/Bears-189-buggy/src/main/java/hu/oe/nik/szfmv/environment/XmlToModelConverter.java, Line: 52, Element: add
[ENTRY] Filepath: /media/4tb/npex/npex_data/benchmarks-bears/Bears-189-buggy/src/main/java/hu/oe/nik/szfmv/environment/XmlToModelConverter.java, Line: 67, Element: readValueFromXml
[CALLSITE] Filepath: /media/4tb/npex/npex_data/benchmarks-bears/Bears-189-buggy/src/main/java/hu/oe/nik/szfmv/environment/XmlToModelConverter.java, Line: 72, Element: getAttribute
[CALLSITE] Filepath: /media/4tb/npex/npex_data/benchmarks-bears/Bears-189-buggy/src/main/java/hu/oe/nik/szfmv/environment/XmlToModelConverter.java, Line: 75, Element: getChildNodes
[CALLSITE] Filepath: /media/4tb/npex/npex_data/benchmarks-bears/Bears-189-buggy/src/main/java/hu/oe/nik/szfmv/environment/XmlToModelConverter.java, Line: 76, Element: getLength
[CALLSITE] Filepath: /media/4tb/npex/npex_data/benchmarks-bears/Bears-189-buggy/src/main/java/hu/oe/nik/szfmv/environment/XmlToModelConverter.java, Line: 77, Element: item
[CALLSITE] Filepath: /media/4tb/npex/npex_data/benchmarks-bears/Bears-189-buggy/src/main/java/hu/oe/nik/szfmv/environment/XmlToModelConverter.java, Line: 77, Element: getNodeName
[CALLSITE] Filepath: /media/4tb/npex/npex_data/benchmarks-bears/Bears-189-buggy/src/main/java/hu/oe/nik/szfmv/environment/XmlToModelConverter.java, Line: 77, Element: item
[CALLSITE] Filepath: /media/4tb/npex/npex_data/benchmarks-bears/Bears-189-buggy/src/main/java/hu/oe/nik/szfmv/environment/XmlToModelConverter.java, Line: 77, Element: getNodeName
[CALLSITE] Filepath: /media/4tb/npex/npex_data/benchmarks-bears/Bears-189-buggy/src/main/java/hu/oe/nik/szfmv/environment/XmlToModelConverter.java, Line: 79, Element: item
[CALLSITE] Filepath: /media/4tb/npex/npex_data/benchmarks-bears/Bears-189-buggy/src/main/java/hu/oe/nik/szfmv/environment/XmlToModelConverter.java, Line: 77, Element: item
[CALLSITE] Filepath: /media/4tb/npex/npex_data/benchmarks-bears/Bears-189-buggy/src/main/java/hu/oe/nik/szfmv/environment/XmlToModelConverter.java, Line: 77, Element: getNodeName
[CALLSITE] Filepath: /media/4tb/npex/npex_data/benchmarks-bears/Bears-189-buggy/src/main/java/hu/oe/nik/szfmv/environment/XmlToModelConverter.java, Line: 77, Element: item
[CALLSITE] Filepath: /media/4tb/npex/npex_data/benchmarks-bears/Bears-189-buggy/src/main/java/hu/oe/nik/szfmv/environment/XmlToModelConverter.java, Line: 77, Element: getNodeName
[CALLSITE] Filepath: /media/4tb/npex/npex_data/benchmarks-bears/Bears-189-buggy/src/main/java/hu/oe/nik/szfmv/environment/XmlToModelConverter.java, Line: 82, Element: item
[CALLSITE] Filepath: /media/4tb/npex/npex_data/benchmarks-bears/Bears-189-buggy/src/main/java/hu/oe/nik/szfmv/environment/XmlToModelConverter.java, Line: 77, Element: item
[CALLSITE] Filepath: /media/4tb/npex/npex_data/benchmarks-bears/Bears-189-buggy/src/main/java/hu/oe/nik/szfmv/environment/XmlToModelConverter.java, Line: 77, Element: getNodeName
[CALLSITE] Filepath: /media/4tb/npex/npex_data/benchmarks-bears/Bears-189-buggy/src/main/java/hu/oe/nik/szfmv/environment/XmlToModelConverter.java, Line: 77, Element: item
[CALLSITE] Filepath: /media/4tb/npex/npex_data/benchmarks-bears/Bears-189-buggy/src/main/java/hu/oe/nik/szfmv/environment/XmlToModelConverter.java, Line: 77, Element: getNodeName
[CALLSITE] Filepath: /media/4tb/npex/npex_data/benchmarks-bears/Bears-189-buggy/src/main/java/hu/oe/nik/szfmv/environment/XmlToModelConverter.java, Line: 77, Element: item
[CALLSITE] Filepath: /media/4tb/npex/npex_data/benchmarks-bears/Bears-189-buggy/src/main/java/hu/oe/nik/szfmv/environment/XmlToModelConverter.java, Line: 77, Element: getNodeName
[CALLSITE] Filepath: /media/4tb/npex/npex_data/benchmarks-bears/Bears-189-buggy/src/main/java/hu/oe/nik/szfmv/environment/XmlToModelConverter.java, Line: 77, Element: item
[CALLSITE] Filepath: /media/4tb/npex/npex_data/benchmarks-bears/Bears-189-buggy/src/main/java/hu/oe/nik/szfmv/environment/XmlToModelConverter.java, Line: 77, Element: getNodeName
[CALLSITE] Filepath: /media/4tb/npex/npex_data/benchmarks-bears/Bears-189-buggy/src/main/java/hu/oe/nik/szfmv/environment/XmlToModelConverter.java, Line: 77, Element: item
[CALLSITE] Filepath: /media/4tb/npex/npex_data/benchmarks-bears/Bears-189-buggy/src/main/java/hu/oe/nik/szfmv/environment/XmlToModelConverter.java, Line: 77, Element: getNodeName
[CALLSITE] Filepath: /media/4tb/npex/npex_data/benchmarks-bears/Bears-189-buggy/src/main/java/hu/oe/nik/szfmv/environment/XmlToModelConverter.java, Line: 77, Element: item
[CALLSITE] Filepath: /media/4tb/npex/npex_data/benchmarks-bears/Bears-189-buggy/src/main/java/hu/oe/nik/szfmv/environment/XmlToModelConverter.java, Line: 77, Element: getNodeName
[CALLSITE] Filepath: /media/4tb/npex/npex_data/benchmarks-bears/Bears-189-buggy/src/main/java/hu/oe/nik/szfmv/environment/XmlToModelConverter.java, Line: 77, Element: item
[CALLSITE] Filepath: /media/4tb/npex/npex_data/benchmarks-bears/Bears-189-buggy/src/main/java/hu/oe/nik/szfmv/environment/XmlToModelConverter.java, Line: 77, Element: getNodeName
[CALLSITE] Filepath: /media/4tb/npex/npex_data/benchmarks-bears/Bears-189-buggy/src/main/java/hu/oe/nik/szfmv/environment/XmlToModelConverter.java, Line: 91, Element: createObjectFromType
[ENTRY] Filepath: /media/4tb/npex/npex_data/benchmarks-bears/Bears-189-buggy/src/main/java/hu/oe/nik/szfmv/environment/XmlToModelConverter.java, Line: 118, Element: createObjectFromType
[CALLSITE] Filepath: /media/4tb/npex/npex_data/benchmarks-bears/Bears-189-buggy/src/main/java/hu/oe/nik/szfmv/environment/XmlToModelConverter.java, Line: 122, Element: indexOf
[CALLSITE] Filepath: /media/4tb/npex/npex_data/benchmarks-bears/Bears-189-buggy/src/main/java/hu/oe/nik/szfmv/environment/XmlToModelConverter.java, Line: 123, Element: indexOf
[CALLSITE] Filepath: /media/4tb/npex/npex_data/benchmarks-bears/Bears-189-buggy/src/main/java/hu/oe/nik/szfmv/environment/XmlToModelConverter.java, Line: 123, Element: substring
[CALLSITE] Filepath: /media/4tb/npex/npex_data/benchmarks-bears/Bears-189-buggy/src/main/java/hu/oe/nik/szfmv/environment/models/Road.java, Line: 92, Element: hashMapInit
[ENTRY] Filepath: /media/4tb/npex/npex_data/benchmarks-bears/Bears-189-buggy/src/main/java/hu/oe/nik/szfmv/environment/models/Road.java, Line: 95, Element: hashMapInit
[CALLSITE] Filepath: /media/4tb/npex/npex_data/benchmarks-bears/Bears-189-buggy/src/main/java/hu/oe/nik/szfmv/environment/models/Road.java, Line: 96, Element: put
[CALLSITE] Filepath: /media/4tb/npex/npex_data/benchmarks-bears/Bears-189-buggy/src/main/java/hu/oe/nik/szfmv/environment/models/Road.java, Line: 97, Element: put
[CALLSITE] Filepath: /media/4tb/npex/npex_data/benchmarks-bears/Bears-189-buggy/src/main/java/hu/oe/nik/szfmv/environment/models/Road.java, Line: 98, Element: put
[CALLSITE] Filepath: /media/4tb/npex/npex_data/benchmarks-bears/Bears-189-buggy/src/main/java/hu/oe/nik/szfmv/environment/models/Road.java, Line: 99, Element: put
[CALLSITE] Filepath: /media/4tb/npex/npex_data/benchmarks-bears/Bears-189-buggy/src/main/java/hu/oe/nik/szfmv/environment/models/Road.java, Line: 100, Element: put
[CALLSITE] Filepath: /media/4tb/npex/npex_data/benchmarks-bears/Bears-189-buggy/src/main/java/hu/oe/nik/szfmv/environment/models/Road.java, Line: 101, Element: put
[CALLSITE] Filepath: /media/4tb/npex/npex_data/benchmarks-bears/Bears-189-buggy/src/main/java/hu/oe/nik/szfmv/environment/models/Road.java, Line: 102, Element: put
[CALLSITE] Filepath: /media/4tb/npex/npex_data/benchmarks-bears/Bears-189-buggy/src/main/java/hu/oe/nik/szfmv/environment/models/Road.java, Line: 103, Element: put
[CALLSITE] Filepath: /media/4tb/npex/npex_data/benchmarks-bears/Bears-189-buggy/src/main/java/hu/oe/nik/szfmv/environment/models/Road.java, Line: 104, Element: put
[CALLSITE] Filepath: /media/4tb/npex/npex_data/benchmarks-bears/Bears-189-buggy/src/main/java/hu/oe/nik/szfmv/environment/XmlToModelConverter.java, Line: 93, Element: setImageFileName
[ENTRY] Filepath: /media/4tb/npex/npex_data/benchmarks-bears/Bears-189-buggy/src/main/java/hu/oe/nik/szfmv/environment/WorldObject.java, Line: 92, Element: setImageFileName
[CALLSITE] Filepath: /media/4tb/npex/npex_data/benchmarks-bears/Bears-189-buggy/src/main/java/hu/oe/nik/szfmv/environment/XmlToModelConverter.java, Line: 96, Element: generateDimens
[ENTRY] Filepath: /media/4tb/npex/npex_data/benchmarks-bears/Bears-189-buggy/src/main/java/hu/oe/nik/szfmv/environment/WorldObject.java, Line: 101, Element: generateDimens
[CALLSITE] Filepath: /media/4tb/npex/npex_data/benchmarks-bears/Bears-189-buggy/src/main/java/hu/oe/nik/szfmv/environment/WorldObject.java, Line: 103, Element: read
[ENTRY] Filepath: /media/4tb/npex/npex_data/benchmarks-bears/Bears-189-buggy/src/main/java/hu/oe/nik/szfmv/environment/WorldObject.java, Line: 80, Element: getImageFileName
[CALLSITE] Filepath: /media/4tb/npex/npex_data/benchmarks-bears/Bears-189-buggy/src/main/java/hu/oe/nik/szfmv/environment/WorldObject.java, Line: 107, Element: getWidth
[CALLSITE] Filepath: /media/4tb/npex/npex_data/benchmarks-bears/Bears-189-buggy/src/main/java/hu/oe/nik/szfmv/environment/WorldObject.java, Line: 108, Element: getHeight
[CALLSITE] Filepath: /media/4tb/npex/npex_data/benchmarks-bears/Bears-189-buggy/src/main/java/hu/oe/nik/szfmv/environment/XmlToModelConverter.java, Line: 99, Element: getPointsFromPositionElement
[ENTRY] Filepath: /media/4tb/npex/npex_data/benchmarks-bears/Bears-189-buggy/src/main/java/hu/oe/nik/szfmv/environment/XmlToModelConverter.java, Line: 154, Element: getPointsFromPositionElement
[CALLSITE] Filepath: /media/4tb/npex/npex_data/benchmarks-bears/Bears-189-buggy/src/main/java/hu/oe/nik/szfmv/environment/XmlToModelConverter.java, Line: 160, Element: getAttribute
[CALLSITE] Filepath: /media/4tb/npex/npex_data/benchmarks-bears/Bears-189-buggy/src/main/java/hu/oe/nik/szfmv/environment/XmlToModelConverter.java, Line: 160, Element: parseInt
[CALLSITE] Filepath: /media/4tb/npex/npex_data/benchmarks-bears/Bears-189-buggy/src/main/java/hu/oe/nik/szfmv/environment/XmlToModelConverter.java, Line: 161, Element: getAttribute
[CALLSITE] Filepath: /media/4tb/npex/npex_data/benchmarks-bears/Bears-189-buggy/src/main/java/hu/oe/nik/szfmv/environment/XmlToModelConverter.java, Line: 161, Element: parseInt
[CALLSITE] Filepath: /media/4tb/npex/npex_data/benchmarks-bears/Bears-189-buggy/src/main/java/hu/oe/nik/szfmv/environment/XmlToModelConverter.java, Line: 100, Element: setX
[ENTRY] Filepath: /media/4tb/npex/npex_data/benchmarks-bears/Bears-189-buggy/src/main/java/hu/oe/nik/szfmv/environment/WorldObject.java, Line: 48, Element: setX
[CALLSITE] Filepath: /media/4tb/npex/npex_data/benchmarks-bears/Bears-189-buggy/src/main/java/hu/oe/nik/szfmv/environment/XmlToModelConverter.java, Line: 101, Element: setY
[ENTRY] Filepath: /media/4tb/npex/npex_data/benchmarks-bears/Bears-189-buggy/src/main/java/hu/oe/nik/szfmv/environment/WorldObject.java, Line: 56, Element: setY
[CALLSITE] Filepath: /media/4tb/npex/npex_data/benchmarks-bears/Bears-189-buggy/src/main/java/hu/oe/nik/szfmv/environment/XmlToModelConverter.java, Line: 104, Element: getRotacionFromTransformElement
[CALLSITE] Filepath: /media/4tb/npex/npex_data/benchmarks-bears/Bears-189-buggy/src/main/java/hu/oe/nik/szfmv/environment/XmlToModelConverter.java, Line: 104, Element: setRotation
[ENTRY] Filepath: /media/4tb/npex/npex_data/benchmarks-bears/Bears-189-buggy/src/main/java/hu/oe/nik/szfmv/environment/XmlToModelConverter.java, Line: 173, Element: getRotacionFromTransformElement
[CALLSITE] Filepath: /media/4tb/npex/npex_data/benchmarks-bears/Bears-189-buggy/src/main/java/hu/oe/nik/szfmv/environment/XmlToModelConverter.java, Line: 182, Element: getAttribute
[CALLSITE] Filepath: /media/4tb/npex/npex_data/benchmarks-bears/Bears-189-buggy/src/main/java/hu/oe/nik/szfmv/environment/XmlToModelConverter.java, Line: 182, Element: parseDouble
[CALLSITE] Filepath: /media/4tb/npex/npex_data/benchmarks-bears/Bears-189-buggy/src/main/java/hu/oe/nik/szfmv/environment/XmlToModelConverter.java, Line: 183, Element: getAttribute
[CALLSITE] Filepath: /media/4tb/npex/npex_data/benchmarks-bears/Bears-189-buggy/src/main/java/hu/oe/nik/szfmv/environment/XmlToModelConverter.java, Line: 183, Element: parseDouble
[CALLSITE] Filepath: /media/4tb/npex/npex_data/benchmarks-bears/Bears-189-buggy/src/main/java/hu/oe/nik/szfmv/environment/XmlToModelConverter.java, Line: 184, Element: getAttribute
[CALLSITE] Filepath: /media/4tb/npex/npex_data/benchmarks-bears/Bears-189-buggy/src/main/java/hu/oe/nik/szfmv/environment/XmlToModelConverter.java, Line: 184, Element: parseDouble
[CALLSITE] Filepath: /media/4tb/npex/npex_data/benchmarks-bears/Bears-189-buggy/src/main/java/hu/oe/nik/szfmv/environment/XmlToModelConverter.java, Line: 185, Element: getAttribute
[CALLSITE] Filepath: /media/4tb/npex/npex_data/benchmarks-bears/Bears-189-buggy/src/main/java/hu/oe/nik/szfmv/environment/XmlToModelConverter.java, Line: 185, Element: parseDouble
[CALLSITE] Filepath: /media/4tb/npex/npex_data/benchmarks-bears/Bears-189-buggy/src/main/java/hu/oe/nik/szfmv/environment/XmlToModelConverter.java, Line: 187, Element: convertMatrixToRadians
[ENTRY] Filepath: /media/4tb/npex/npex_data/benchmarks-bears/Bears-189-buggy/src/main/java/hu/oe/nik/szfmv/common/Utils.java, Line: 40, Element: convertMatrixToRadians
[CALLSITE] Filepath: /media/4tb/npex/npex_data/benchmarks-bears/Bears-189-buggy/src/main/java/hu/oe/nik/szfmv/common/Utils.java, Line: 41, Element: atan2
[ENTRY] Filepath: /media/4tb/npex/npex_data/benchmarks-bears/Bears-189-buggy/src/main/java/hu/oe/nik/szfmv/environment/WorldObject.java, Line: 88, Element: setRotation
[CALLSITE] Filepath: /media/4tb/npex/npex_data/benchmarks-bears/Bears-189-buggy/src/main/java/hu/oe/nik/szfmv/environment/XmlToModelConverter.java, Line: 107, Element: generateShape
[ENTRY] Filepath: /media/4tb/npex/npex_data/benchmarks-bears/Bears-189-buggy/src/main/java/hu/oe/nik/szfmv/environment/models/Road.java, Line: 119, Element: generateShape
[CALLSITE] Filepath: /media/4tb/npex/npex_data/benchmarks-bears/Bears-189-buggy/src/main/java/hu/oe/nik/szfmv/environment/models/Road.java, Line: 122, Element: get
[CALLSITE] Filepath: /media/4tb/npex/npex_data/benchmarks-bears/Bears-189-buggy/src/main/java/hu/oe/nik/szfmv/environment/models/Road.java, Line: 125, Element: getRotation
[CALLSITE] Filepath: /media/4tb/npex/npex_data/benchmarks-bears/Bears-189-buggy/src/main/java/hu/oe/nik/szfmv/environment/models/Road.java, Line: 125, Element: getX
[CALLSITE] Filepath: /media/4tb/npex/npex_data/benchmarks-bears/Bears-189-buggy/src/main/java/hu/oe/nik/szfmv/environment/models/Road.java, Line: 125, Element: getWidth
[CALLSITE] Filepath: /media/4tb/npex/npex_data/benchmarks-bears/Bears-189-buggy/src/main/java/hu/oe/nik/szfmv/environment/models/Road.java, Line: 125, Element: rotate
[ENTRY] Filepath: /media/4tb/npex/npex_data/benchmarks-bears/Bears-189-buggy/src/main/java/hu/oe/nik/szfmv/environment/WorldObject.java, Line: 76, Element: getRotation
[ENTRY] Filepath: /media/4tb/npex/npex_data/benchmarks-bears/Bears-189-buggy/src/main/java/hu/oe/nik/szfmv/environment/WorldObject.java, Line: 44, Element: getX
[ENTRY] Filepath: /media/4tb/npex/npex_data/benchmarks-bears/Bears-189-buggy/src/main/java/hu/oe/nik/szfmv/environment/WorldObject.java, Line: 60, Element: getWidth
[ENTRY] Filepath: /media/4tb/npex/npex_data/benchmarks-bears/Bears-189-buggy/src/main/java/hu/oe/nik/szfmv/environment/WorldObject.java, Line: 52, Element: getY
[ENTRY] Filepath: /media/4tb/npex/npex_data/benchmarks-bears/Bears-189-buggy/src/main/java/hu/oe/nik/szfmv/environment/WorldObject.java, Line: 64, Element: getHeight
[CALLSITE] Filepath: /media/4tb/npex/npex_data/benchmarks-bears/Bears-189-buggy/src/main/java/hu/oe/nik/szfmv/environment/models/Road.java, Line: 131, Element: get
[CALLSITE] Filepath: /media/4tb/npex/npex_data/benchmarks-bears/Bears-189-buggy/src/main/java/hu/oe/nik/szfmv/environment/models/Road.java, Line: 131, Element: createTransformedShape
[CALLSITE] Filepath: /media/4tb/npex/npex_data/benchmarks-bears/Bears-189-buggy/src/main/java/hu/oe/nik/szfmv/environment/models/Road.java, Line: 135, Element: generateShape
[ENTRY] Filepath: /media/4tb/npex/npex_data/benchmarks-bears/Bears-189-buggy/src/main/java/hu/oe/nik/szfmv/environment/WorldObject.java, Line: 117, Element: generateShape
[CALLSITE] Filepath: /media/4tb/npex/npex_data/benchmarks-bears/Bears-189-buggy/src/main/java/hu/oe/nik/szfmv/environment/WorldObject.java, Line: 119, Element: getRotation
[CALLSITE] Filepath: /media/4tb/npex/npex_data/benchmarks-bears/Bears-189-buggy/src/main/java/hu/oe/nik/szfmv/environment/WorldObject.java, Line: 119, Element: getX
[CALLSITE] Filepath: /media/4tb/npex/npex_data/benchmarks-bears/Bears-189-buggy/src/main/java/hu/oe/nik/szfmv/environment/WorldObject.java, Line: 119, Element: getY
[CALLSITE] Filepath: /media/4tb/npex/npex_data/benchmarks-bears/Bears-189-buggy/src/main/java/hu/oe/nik/szfmv/environment/WorldObject.java, Line: 119, Element: rotate
[ENTRY] Filepath: /media/4tb/npex/npex_data/benchmarks-bears/Bears-189-buggy/src/main/java/hu/oe/nik/szfmv/environment/WorldObject.java, Line: 76, Element: getRotation
[ENTRY] Filepath: /media/4tb/npex/npex_data/benchmarks-bears/Bears-189-buggy/src/main/java/hu/oe/nik/szfmv/environment/WorldObject.java, Line: 44, Element: getX
[ENTRY] Filepath: /media/4tb/npex/npex_data/benchmarks-bears/Bears-189-buggy/src/main/java/hu/oe/nik/szfmv/environment/WorldObject.java, Line: 52, Element: getY
[CALLSITE] Filepath: /media/4tb/npex/npex_data/benchmarks-bears/Bears-189-buggy/src/main/java/hu/oe/nik/szfmv/environment/WorldObject.java, Line: 120, Element: isInstance
[CALLSITE] Filepath: /media/4tb/npex/npex_data/benchmarks-bears/Bears-189-buggy/src/main/java/hu/oe/nik/szfmv/environment/WorldObject.java, Line: 121, Element: createTransformedShape
[ENTRY] Filepath: /media/4tb/npex/npex_data/benchmarks-bears/Bears-189-buggy/src/main/java/hu/oe/nik/szfmv/environment/WorldObject.java, Line: 44, Element: getX
[ENTRY] Filepath: /media/4tb/npex/npex_data/benchmarks-bears/Bears-189-buggy/src/main/java/hu/oe/nik/szfmv/environment/WorldObject.java, Line: 52, Element: getY
[ENTRY] Filepath: /media/4tb/npex/npex_data/benchmarks-bears/Bears-189-buggy/src/main/java/hu/oe/nik/szfmv/environment/WorldObject.java, Line: 60, Element: getWidth
[ENTRY] Filepath: /media/4tb/npex/npex_data/benchmarks-bears/Bears-189-buggy/src/main/java/hu/oe/nik/szfmv/environment/WorldObject.java, Line: 64, Element: getHeight
[CALLSITE] Filepath: /media/4tb/npex/npex_data/benchmarks-bears/Bears-189-buggy/src/main/java/hu/oe/nik/szfmv/environment/XmlToModelConverter.java, Line: 109, Element: toString
[CALLSITE] Filepath: /media/4tb/npex/npex_data/benchmarks-bears/Bears-189-buggy/src/main/java/hu/oe/nik/szfmv/environment/XmlToModelConverter.java, Line: 109, Element: debug
[ENTRY] Filepath: /media/4tb/npex/npex_data/benchmarks-bears/Bears-189-buggy/src/main/java/hu/oe/nik/szfmv/environment/WorldObject.java, Line: 135, Element: toString
[CALLSITE] Filepath: /media/4tb/npex/npex_data/benchmarks-bears/Bears-189-buggy/src/main/java/hu/oe/nik/szfmv/environment/XmlToModelConverter.java, Line: 50, Element: item
[CALLSITE] Filepath: /media/4tb/npex/npex_data/benchmarks-bears/Bears-189-buggy/src/main/java/hu/oe/nik/szfmv/environment/XmlToModelConverter.java, Line: 52, Element: readValueFromXml
[CALLSITE] Filepath: /media/4tb/npex/npex_data/benchmarks-bears/Bears-189-buggy/src/main/java/hu/oe/nik/szfmv/environment/XmlToModelConverter.java, Line: 52, Element: add
[ENTRY] Filepath: /media/4tb/npex/npex_data/benchmarks-bears/Bears-189-buggy/src/main/java/hu/oe/nik/szfmv/environment/XmlToModelConverter.java, Line: 67, Element: readValueFromXml
[CALLSITE] Filepath: /media/4tb/npex/npex_data/benchmarks-bears/Bears-189-buggy/src/main/java/hu/oe/nik/szfmv/environment/XmlToModelConverter.java, Line: 72, Element: getAttribute
[CALLSITE] Filepath: /media/4tb/npex/npex_data/benchmarks-bears/Bears-189-buggy/src/main/java/hu/oe/nik/szfmv/environment/XmlToModelConverter.java, Line: 75, Element: getChildNodes
[CALLSITE] Filepath: /media/4tb/npex/npex_data/benchmarks-bears/Bears-189-buggy/src/main/java/hu/oe/nik/szfmv/environment/XmlToModelConverter.java, Line: 76, Element: getLength
[CALLSITE] Filepath: /media/4tb/npex/npex_data/benchmarks-bears/Bears-189-buggy/src/main/java/hu/oe/nik/szfmv/environment/XmlToModelConverter.java, Line: 77, Element: item
[CALLSITE] Filepath: /media/4tb/npex/npex_data/benchmarks-bears/Bears-189-buggy/src/main/java/hu/oe/nik/szfmv/environment/XmlToModelConverter.java, Line: 77, Element: getNodeName
[CALLSITE] Filepath: /media/4tb/npex/npex_data/benchmarks-bears/Bears-189-buggy/src/main/java/hu/oe/nik/szfmv/environment/XmlToModelConverter.java, Line: 77, Element: item
[CALLSITE] Filepath: /media/4tb/npex/npex_data/benchmarks-bears/Bears-189-buggy/src/main/java/hu/oe/nik/szfmv/environment/XmlToModelConverter.java, Line: 77, Element: getNodeName
[CALLSITE] Filepath: /media/4tb/npex/npex_data/benchmarks-bears/Bears-189-buggy/src/main/java/hu/oe/nik/szfmv/environment/XmlToModelConverter.java, Line: 79, Element: item
[CALLSITE] Filepath: /media/4tb/npex/npex_data/benchmarks-bears/Bears-189-buggy/src/main/java/hu/oe/nik/szfmv/environment/XmlToModelConverter.java, Line: 77, Element: item
[CALLSITE] Filepath: /media/4tb/npex/npex_data/benchmarks-bears/Bears-189-buggy/src/main/java/hu/oe/nik/szfmv/environment/XmlToModelConverter.java, Line: 77, Element: getNodeName
[CALLSITE] Filepath: /media/4tb/npex/npex_data/benchmarks-bears/Bears-189-buggy/src/main/java/hu/oe/nik/szfmv/environment/XmlToModelConverter.java, Line: 77, Element: item
[CALLSITE] Filepath: /media/4tb/npex/npex_data/benchmarks-bears/Bears-189-buggy/src/main/java/hu/oe/nik/szfmv/environment/XmlToModelConverter.java, Line: 77, Element: getNodeName
[CALLSITE] Filepath: /media/4tb/npex/npex_data/benchmarks-bears/Bears-189-buggy/src/main/java/hu/oe/nik/szfmv/environment/XmlToModelConverter.java, Line: 82, Element: item
[CALLSITE] Filepath: /media/4tb/npex/npex_data/benchmarks-bears/Bears-189-buggy/src/main/java/hu/oe/nik/szfmv/environment/XmlToModelConverter.java, Line: 77, Element: item
[CALLSITE] Filepath: /media/4tb/npex/npex_data/benchmarks-bears/Bears-189-buggy/src/main/java/hu/oe/nik/szfmv/environment/XmlToModelConverter.java, Line: 77, Element: getNodeName
[CALLSITE] Filepath: /media/4tb/npex/npex_data/benchmarks-bears/Bears-189-buggy/src/main/java/hu/oe/nik/szfmv/environment/XmlToModelConverter.java, Line: 77, Element: item
[CALLSITE] Filepath: /media/4tb/npex/npex_data/benchmarks-bears/Bears-189-buggy/src/main/java/hu/oe/nik/szfmv/environment/XmlToModelConverter.java, Line: 77, Element: getNodeName
[CALLSITE] Filepath: /media/4tb/npex/npex_data/benchmarks-bears/Bears-189-buggy/src/main/java/hu/oe/nik/szfmv/environment/XmlToModelConverter.java, Line: 77, Element: item
[CALLSITE] Filepath: /media/4tb/npex/npex_data/benchmarks-bears/Bears-189-buggy/src/main/java/hu/oe/nik/szfmv/environment/XmlToModelConverter.java, Line: 77, Element: getNodeName
[CALLSITE] Filepath: /media/4tb/npex/npex_data/benchmarks-bears/Bears-189-buggy/src/main/java/hu/oe/nik/szfmv/environment/XmlToModelConverter.java, Line: 77, Element: item
[CALLSITE] Filepath: /media/4tb/npex/npex_data/benchmarks-bears/Bears-189-buggy/src/main/java/hu/oe/nik/szfmv/environment/XmlToModelConverter.java, Line: 77, Element: getNodeName
[CALLSITE] Filepath: /media/4tb/npex/npex_data/benchmarks-bears/Bears-189-buggy/src/main/java/hu/oe/nik/szfmv/environment/XmlToModelConverter.java, Line: 77, Element: item
[CALLSITE] Filepath: /media/4tb/npex/npex_data/benchmarks-bears/Bears-189-buggy/src/main/java/hu/oe/nik/szfmv/environment/XmlToModelConverter.java, Line: 77, Element: getNodeName
[CALLSITE] Filepath: /media/4tb/npex/npex_data/benchmarks-bears/Bears-189-buggy/src/main/java/hu/oe/nik/szfmv/environment/XmlToModelConverter.java, Line: 77, Element: item
[CALLSITE] Filepath: /media/4tb/npex/npex_data/benchmarks-bears/Bears-189-buggy/src/main/java/hu/oe/nik/szfmv/environment/XmlToModelConverter.java, Line: 77, Element: getNodeName
[CALLSITE] Filepath: /media/4tb/npex/npex_data/benchmarks-bears/Bears-189-buggy/src/main/java/hu/oe/nik/szfmv/environment/XmlToModelConverter.java, Line: 77, Element: item
[CALLSITE] Filepath: /media/4tb/npex/npex_data/benchmarks-bears/Bears-189-buggy/src/main/java/hu/oe/nik/szfmv/environment/XmlToModelConverter.java, Line: 77, Element: getNodeName
[CALLSITE] Filepath: /media/4tb/npex/npex_data/benchmarks-bears/Bears-189-buggy/src/main/java/hu/oe/nik/szfmv/environment/XmlToModelConverter.java, Line: 91, Element: createObjectFromType
[ENTRY] Filepath: /media/4tb/npex/npex_data/benchmarks-bears/Bears-189-buggy/src/main/java/hu/oe/nik/szfmv/environment/XmlToModelConverter.java, Line: 118, Element: createObjectFromType
[CALLSITE] Filepath: /media/4tb/npex/npex_data/benchmarks-bears/Bears-189-buggy/src/main/java/hu/oe/nik/szfmv/environment/XmlToModelConverter.java, Line: 122, Element: indexOf
[CALLSITE] Filepath: /media/4tb/npex/npex_data/benchmarks-bears/Bears-189-buggy/src/main/java/hu/oe/nik/szfmv/environment/XmlToModelConverter.java, Line: 123, Element: indexOf
[CALLSITE] Filepath: /media/4tb/npex/npex_data/benchmarks-bears/Bears-189-buggy/src/main/java/hu/oe/nik/szfmv/environment/XmlToModelConverter.java, Line: 123, Element: substring
[CALLSITE] Filepath: /media/4tb/npex/npex_data/benchmarks-bears/Bears-189-buggy/src/main/java/hu/oe/nik/szfmv/environment/models/Road.java, Line: 92, Element: hashMapInit
[ENTRY] Filepath: /media/4tb/npex/npex_data/benchmarks-bears/Bears-189-buggy/src/main/java/hu/oe/nik/szfmv/environment/models/Road.java, Line: 95, Element: hashMapInit
[CALLSITE] Filepath: /media/4tb/npex/npex_data/benchmarks-bears/Bears-189-buggy/src/main/java/hu/oe/nik/szfmv/environment/models/Road.java, Line: 96, Element: put
[CALLSITE] Filepath: /media/4tb/npex/npex_data/benchmarks-bears/Bears-189-buggy/src/main/java/hu/oe/nik/szfmv/environment/models/Road.java, Line: 97, Element: put
[CALLSITE] Filepath: /media/4tb/npex/npex_data/benchmarks-bears/Bears-189-buggy/src/main/java/hu/oe/nik/szfmv/environment/models/Road.java, Line: 98, Element: put
[CALLSITE] Filepath: /media/4tb/npex/npex_data/benchmarks-bears/Bears-189-buggy/src/main/java/hu/oe/nik/szfmv/environment/models/Road.java, Line: 99, Element: put
[CALLSITE] Filepath: /media/4tb/npex/npex_data/benchmarks-bears/Bears-189-buggy/src/main/java/hu/oe/nik/szfmv/environment/models/Road.java, Line: 100, Element: put
[CALLSITE] Filepath: /media/4tb/npex/npex_data/benchmarks-bears/Bears-189-buggy/src/main/java/hu/oe/nik/szfmv/environment/models/Road.java, Line: 101, Element: put
[CALLSITE] Filepath: /media/4tb/npex/npex_data/benchmarks-bears/Bears-189-buggy/src/main/java/hu/oe/nik/szfmv/environment/models/Road.java, Line: 102, Element: put
[CALLSITE] Filepath: /media/4tb/npex/npex_data/benchmarks-bears/Bears-189-buggy/src/main/java/hu/oe/nik/szfmv/environment/models/Road.java, Line: 103, Element: put
[CALLSITE] Filepath: /media/4tb/npex/npex_data/benchmarks-bears/Bears-189-buggy/src/main/java/hu/oe/nik/szfmv/environment/models/Road.java, Line: 104, Element: put
[CALLSITE] Filepath: /media/4tb/npex/npex_data/benchmarks-bears/Bears-189-buggy/src/main/java/hu/oe/nik/szfmv/environment/XmlToModelConverter.java, Line: 93, Element: setImageFileName
[ENTRY] Filepath: /media/4tb/npex/npex_data/benchmarks-bears/Bears-189-buggy/src/main/java/hu/oe/nik/szfmv/environment/WorldObject.java, Line: 92, Element: setImageFileName
[CALLSITE] Filepath: /media/4tb/npex/npex_data/benchmarks-bears/Bears-189-buggy/src/main/java/hu/oe/nik/szfmv/environment/XmlToModelConverter.java, Line: 96, Element: generateDimens
[ENTRY] Filepath: /media/4tb/npex/npex_data/benchmarks-bears/Bears-189-buggy/src/main/java/hu/oe/nik/szfmv/environment/WorldObject.java, Line: 101, Element: generateDimens
[CALLSITE] Filepath: /media/4tb/npex/npex_data/benchmarks-bears/Bears-189-buggy/src/main/java/hu/oe/nik/szfmv/environment/WorldObject.java, Line: 103, Element: read
[ENTRY] Filepath: /media/4tb/npex/npex_data/benchmarks-bears/Bears-189-buggy/src/main/java/hu/oe/nik/szfmv/environment/WorldObject.java, Line: 80, Element: getImageFileName
[CALLSITE] Filepath: /media/4tb/npex/npex_data/benchmarks-bears/Bears-189-buggy/src/main/java/hu/oe/nik/szfmv/environment/WorldObject.java, Line: 107, Element: getWidth
[CALLSITE] Filepath: /media/4tb/npex/npex_data/benchmarks-bears/Bears-189-buggy/src/main/java/hu/oe/nik/szfmv/environment/WorldObject.java, Line: 108, Element: getHeight
[CALLSITE] Filepath: /media/4tb/npex/npex_data/benchmarks-bears/Bears-189-buggy/src/main/java/hu/oe/nik/szfmv/environment/XmlToModelConverter.java, Line: 99, Element: getPointsFromPositionElement
[ENTRY] Filepath: /media/4tb/npex/npex_data/benchmarks-bears/Bears-189-buggy/src/main/java/hu/oe/nik/szfmv/environment/XmlToModelConverter.java, Line: 154, Element: getPointsFromPositionElement
[CALLSITE] Filepath: /media/4tb/npex/npex_data/benchmarks-bears/Bears-189-buggy/src/main/java/hu/oe/nik/szfmv/environment/XmlToModelConverter.java, Line: 160, Element: getAttribute
[CALLSITE] Filepath: /media/4tb/npex/npex_data/benchmarks-bears/Bears-189-buggy/src/main/java/hu/oe/nik/szfmv/environment/XmlToModelConverter.java, Line: 160, Element: parseInt
[CALLSITE] Filepath: /media/4tb/npex/npex_data/benchmarks-bears/Bears-189-buggy/src/main/java/hu/oe/nik/szfmv/environment/XmlToModelConverter.java, Line: 161, Element: getAttribute
[CALLSITE] Filepath: /media/4tb/npex/npex_data/benchmarks-bears/Bears-189-buggy/src/main/java/hu/oe/nik/szfmv/environment/XmlToModelConverter.java, Line: 161, Element: parseInt
[CALLSITE] Filepath: /media/4tb/npex/npex_data/benchmarks-bears/Bears-189-buggy/src/main/java/hu/oe/nik/szfmv/environment/XmlToModelConverter.java, Line: 100, Element: setX
[ENTRY] Filepath: /media/4tb/npex/npex_data/benchmarks-bears/Bears-189-buggy/src/main/java/hu/oe/nik/szfmv/environment/WorldObject.java, Line: 48, Element: setX
[CALLSITE] Filepath: /media/4tb/npex/npex_data/benchmarks-bears/Bears-189-buggy/src/main/java/hu/oe/nik/szfmv/environment/XmlToModelConverter.java, Line: 101, Element: setY
[ENTRY] Filepath: /media/4tb/npex/npex_data/benchmarks-bears/Bears-189-buggy/src/main/java/hu/oe/nik/szfmv/environment/WorldObject.java, Line: 56, Element: setY
[CALLSITE] Filepath: /media/4tb/npex/npex_data/benchmarks-bears/Bears-189-buggy/src/main/java/hu/oe/nik/szfmv/environment/XmlToModelConverter.java, Line: 104, Element: getRotacionFromTransformElement
[CALLSITE] Filepath: /media/4tb/npex/npex_data/benchmarks-bears/Bears-189-buggy/src/main/java/hu/oe/nik/szfmv/environment/XmlToModelConverter.java, Line: 104, Element: setRotation
[ENTRY] Filepath: /media/4tb/npex/npex_data/benchmarks-bears/Bears-189-buggy/src/main/java/hu/oe/nik/szfmv/environment/XmlToModelConverter.java, Line: 173, Element: getRotacionFromTransformElement
[CALLSITE] Filepath: /media/4tb/npex/npex_data/benchmarks-bears/Bears-189-buggy/src/main/java/hu/oe/nik/szfmv/environment/XmlToModelConverter.java, Line: 182, Element: getAttribute
[CALLSITE] Filepath: /media/4tb/npex/npex_data/benchmarks-bears/Bears-189-buggy/src/main/java/hu/oe/nik/szfmv/environment/XmlToModelConverter.java, Line: 182, Element: parseDouble
[CALLSITE] Filepath: /media/4tb/npex/npex_data/benchmarks-bears/Bears-189-buggy/src/main/java/hu/oe/nik/szfmv/environment/XmlToModelConverter.java, Line: 183, Element: getAttribute
[CALLSITE] Filepath: /media/4tb/npex/npex_data/benchmarks-bears/Bears-189-buggy/src/main/java/hu/oe/nik/szfmv/environment/XmlToModelConverter.java, Line: 183, Element: parseDouble
[CALLSITE] Filepath: /media/4tb/npex/npex_data/benchmarks-bears/Bears-189-buggy/src/main/java/hu/oe/nik/szfmv/environment/XmlToModelConverter.java, Line: 184, Element: getAttribute
[CALLSITE] Filepath: /media/4tb/npex/npex_data/benchmarks-bears/Bears-189-buggy/src/main/java/hu/oe/nik/szfmv/environment/XmlToModelConverter.java, Line: 184, Element: parseDouble
[CALLSITE] Filepath: /media/4tb/npex/npex_data/benchmarks-bears/Bears-189-buggy/src/main/java/hu/oe/nik/szfmv/environment/XmlToModelConverter.java, Line: 185, Element: getAttribute
[CALLSITE] Filepath: /media/4tb/npex/npex_data/benchmarks-bears/Bears-189-buggy/src/main/java/hu/oe/nik/szfmv/environment/XmlToModelConverter.java, Line: 185, Element: parseDouble
[CALLSITE] Filepath: /media/4tb/npex/npex_data/benchmarks-bears/Bears-189-buggy/src/main/java/hu/oe/nik/szfmv/environment/XmlToModelConverter.java, Line: 187, Element: convertMatrixToRadians
[ENTRY] Filepath: /media/4tb/npex/npex_data/benchmarks-bears/Bears-189-buggy/src/main/java/hu/oe/nik/szfmv/common/Utils.java, Line: 40, Element: convertMatrixToRadians
[CALLSITE] Filepath: /media/4tb/npex/npex_data/benchmarks-bears/Bears-189-buggy/src/main/java/hu/oe/nik/szfmv/common/Utils.java, Line: 41, Element: atan2
[ENTRY] Filepath: /media/4tb/npex/npex_data/benchmarks-bears/Bears-189-buggy/src/main/java/hu/oe/nik/szfmv/environment/WorldObject.java, Line: 88, Element: setRotation
[CALLSITE] Filepath: /media/4tb/npex/npex_data/benchmarks-bears/Bears-189-buggy/src/main/java/hu/oe/nik/szfmv/environment/XmlToModelConverter.java, Line: 107, Element: generateShape
[ENTRY] Filepath: /media/4tb/npex/npex_data/benchmarks-bears/Bears-189-buggy/src/main/java/hu/oe/nik/szfmv/environment/models/Road.java, Line: 119, Element: generateShape
[CALLSITE] Filepath: /media/4tb/npex/npex_data/benchmarks-bears/Bears-189-buggy/src/main/java/hu/oe/nik/szfmv/environment/models/Road.java, Line: 122, Element: get
[CALLSITE] Filepath: /media/4tb/npex/npex_data/benchmarks-bears/Bears-189-buggy/src/main/java/hu/oe/nik/szfmv/environment/models/Road.java, Line: 125, Element: getRotation
[CALLSITE] Filepath: /media/4tb/npex/npex_data/benchmarks-bears/Bears-189-buggy/src/main/java/hu/oe/nik/szfmv/environment/models/Road.java, Line: 125, Element: getX
[CALLSITE] Filepath: /media/4tb/npex/npex_data/benchmarks-bears/Bears-189-buggy/src/main/java/hu/oe/nik/szfmv/environment/models/Road.java, Line: 125, Element: getWidth
[CALLSITE] Filepath: /media/4tb/npex/npex_data/benchmarks-bears/Bears-189-buggy/src/main/java/hu/oe/nik/szfmv/environment/models/Road.java, Line: 125, Element: rotate
[ENTRY] Filepath: /media/4tb/npex/npex_data/benchmarks-bears/Bears-189-buggy/src/main/java/hu/oe/nik/szfmv/environment/WorldObject.java, Line: 76, Element: getRotation
[ENTRY] Filepath: /media/4tb/npex/npex_data/benchmarks-bears/Bears-189-buggy/src/main/java/hu/oe/nik/szfmv/environment/WorldObject.java, Line: 44, Element: getX
[ENTRY] Filepath: /media/4tb/npex/npex_data/benchmarks-bears/Bears-189-buggy/src/main/java/hu/oe/nik/szfmv/environment/WorldObject.java, Line: 60, Element: getWidth
[ENTRY] Filepath: /media/4tb/npex/npex_data/benchmarks-bears/Bears-189-buggy/src/main/java/hu/oe/nik/szfmv/environment/WorldObject.java, Line: 52, Element: getY
[ENTRY] Filepath: /media/4tb/npex/npex_data/benchmarks-bears/Bears-189-buggy/src/main/java/hu/oe/nik/szfmv/environment/WorldObject.java, Line: 64, Element: getHeight
[CALLSITE] Filepath: /media/4tb/npex/npex_data/benchmarks-bears/Bears-189-buggy/src/main/java/hu/oe/nik/szfmv/environment/models/Road.java, Line: 131, Element: get
[CALLSITE] Filepath: /media/4tb/npex/npex_data/benchmarks-bears/Bears-189-buggy/src/main/java/hu/oe/nik/szfmv/environment/models/Road.java, Line: 131, Element: createTransformedShape
[CALLSITE] Filepath: /media/4tb/npex/npex_data/benchmarks-bears/Bears-189-buggy/src/main/java/hu/oe/nik/szfmv/environment/models/Road.java, Line: 135, Element: generateShape
[ENTRY] Filepath: /media/4tb/npex/npex_data/benchmarks-bears/Bears-189-buggy/src/main/java/hu/oe/nik/szfmv/environment/WorldObject.java, Line: 117, Element: generateShape
[CALLSITE] Filepath: /media/4tb/npex/npex_data/benchmarks-bears/Bears-189-buggy/src/main/java/hu/oe/nik/szfmv/environment/WorldObject.java, Line: 119, Element: getRotation
[CALLSITE] Filepath: /media/4tb/npex/npex_data/benchmarks-bears/Bears-189-buggy/src/main/java/hu/oe/nik/szfmv/environment/WorldObject.java, Line: 119, Element: getX
[CALLSITE] Filepath: /media/4tb/npex/npex_data/benchmarks-bears/Bears-189-buggy/src/main/java/hu/oe/nik/szfmv/environment/WorldObject.java, Line: 119, Element: getY
[CALLSITE] Filepath: /media/4tb/npex/npex_data/benchmarks-bears/Bears-189-buggy/src/main/java/hu/oe/nik/szfmv/environment/WorldObject.java, Line: 119, Element: rotate
[ENTRY] Filepath: /media/4tb/npex/npex_data/benchmarks-bears/Bears-189-buggy/src/main/java/hu/oe/nik/szfmv/environment/WorldObject.java, Line: 76, Element: getRotation
[ENTRY] Filepath: /media/4tb/npex/npex_data/benchmarks-bears/Bears-189-buggy/src/main/java/hu/oe/nik/szfmv/environment/WorldObject.java, Line: 44, Element: getX
[ENTRY] Filepath: /media/4tb/npex/npex_data/benchmarks-bears/Bears-189-buggy/src/main/java/hu/oe/nik/szfmv/environment/WorldObject.java, Line: 52, Element: getY
[CALLSITE] Filepath: /media/4tb/npex/npex_data/benchmarks-bears/Bears-189-buggy/src/main/java/hu/oe/nik/szfmv/environment/WorldObject.java, Line: 120, Element: isInstance
[CALLSITE] Filepath: /media/4tb/npex/npex_data/benchmarks-bears/Bears-189-buggy/src/main/java/hu/oe/nik/szfmv/environment/WorldObject.java, Line: 121, Element: createTransformedShape
[ENTRY] Filepath: /media/4tb/npex/npex_data/benchmarks-bears/Bears-189-buggy/src/main/java/hu/oe/nik/szfmv/environment/WorldObject.java, Line: 44, Element: getX
[ENTRY] Filepath: /media/4tb/npex/npex_data/benchmarks-bears/Bears-189-buggy/src/main/java/hu/oe/nik/szfmv/environment/WorldObject.java, Line: 52, Element: getY
[ENTRY] Filepath: /media/4tb/npex/npex_data/benchmarks-bears/Bears-189-buggy/src/main/java/hu/oe/nik/szfmv/environment/WorldObject.java, Line: 60, Element: getWidth
[ENTRY] Filepath: /media/4tb/npex/npex_data/benchmarks-bears/Bears-189-buggy/src/main/java/hu/oe/nik/szfmv/environment/WorldObject.java, Line: 64, Element: getHeight
[CALLSITE] Filepath: /media/4tb/npex/npex_data/benchmarks-bears/Bears-189-buggy/src/main/java/hu/oe/nik/szfmv/environment/XmlToModelConverter.java, Line: 109, Element: toString
[CALLSITE] Filepath: /media/4tb/npex/npex_data/benchmarks-bears/Bears-189-buggy/src/main/java/hu/oe/nik/szfmv/environment/XmlToModelConverter.java, Line: 109, Element: debug
[ENTRY] Filepath: /media/4tb/npex/npex_data/benchmarks-bears/Bears-189-buggy/src/main/java/hu/oe/nik/szfmv/environment/WorldObject.java, Line: 135, Element: toString
[CALLSITE] Filepath: /media/4tb/npex/npex_data/benchmarks-bears/Bears-189-buggy/src/main/java/hu/oe/nik/szfmv/environment/XmlToModelConverter.java, Line: 50, Element: item
[CALLSITE] Filepath: /media/4tb/npex/npex_data/benchmarks-bears/Bears-189-buggy/src/main/java/hu/oe/nik/szfmv/environment/XmlToModelConverter.java, Line: 52, Element: readValueFromXml
[CALLSITE] Filepath: /media/4tb/npex/npex_data/benchmarks-bears/Bears-189-buggy/src/main/java/hu/oe/nik/szfmv/environment/XmlToModelConverter.java, Line: 52, Element: add
[ENTRY] Filepath: /media/4tb/npex/npex_data/benchmarks-bears/Bears-189-buggy/src/main/java/hu/oe/nik/szfmv/environment/XmlToModelConverter.java, Line: 67, Element: readValueFromXml
[CALLSITE] Filepath: /media/4tb/npex/npex_data/benchmarks-bears/Bears-189-buggy/src/main/java/hu/oe/nik/szfmv/environment/XmlToModelConverter.java, Line: 72, Element: getAttribute
[CALLSITE] Filepath: /media/4tb/npex/npex_data/benchmarks-bears/Bears-189-buggy/src/main/java/hu/oe/nik/szfmv/environment/XmlToModelConverter.java, Line: 75, Element: getChildNodes
[CALLSITE] Filepath: /media/4tb/npex/npex_data/benchmarks-bears/Bears-189-buggy/src/main/java/hu/oe/nik/szfmv/environment/XmlToModelConverter.java, Line: 76, Element: getLength
[CALLSITE] Filepath: /media/4tb/npex/npex_data/benchmarks-bears/Bears-189-buggy/src/main/java/hu/oe/nik/szfmv/environment/XmlToModelConverter.java, Line: 77, Element: item
[CALLSITE] Filepath: /media/4tb/npex/npex_data/benchmarks-bears/Bears-189-buggy/src/main/java/hu/oe/nik/szfmv/environment/XmlToModelConverter.java, Line: 77, Element: getNodeName
[CALLSITE] Filepath: /media/4tb/npex/npex_data/benchmarks-bears/Bears-189-buggy/src/main/java/hu/oe/nik/szfmv/environment/XmlToModelConverter.java, Line: 77, Element: item
[CALLSITE] Filepath: /media/4tb/npex/npex_data/benchmarks-bears/Bears-189-buggy/src/main/java/hu/oe/nik/szfmv/environment/XmlToModelConverter.java, Line: 77, Element: getNodeName
[CALLSITE] Filepath: /media/4tb/npex/npex_data/benchmarks-bears/Bears-189-buggy/src/main/java/hu/oe/nik/szfmv/environment/XmlToModelConverter.java, Line: 79, Element: item
[CALLSITE] Filepath: /media/4tb/npex/npex_data/benchmarks-bears/Bears-189-buggy/src/main/java/hu/oe/nik/szfmv/environment/XmlToModelConverter.java, Line: 77, Element: item
[CALLSITE] Filepath: /media/4tb/npex/npex_data/benchmarks-bears/Bears-189-buggy/src/main/java/hu/oe/nik/szfmv/environment/XmlToModelConverter.java, Line: 77, Element: getNodeName
[CALLSITE] Filepath: /media/4tb/npex/npex_data/benchmarks-bears/Bears-189-buggy/src/main/java/hu/oe/nik/szfmv/environment/XmlToModelConverter.java, Line: 77, Element: item
[CALLSITE] Filepath: /media/4tb/npex/npex_data/benchmarks-bears/Bears-189-buggy/src/main/java/hu/oe/nik/szfmv/environment/XmlToModelConverter.java, Line: 77, Element: getNodeName
[CALLSITE] Filepath: /media/4tb/npex/npex_data/benchmarks-bears/Bears-189-buggy/src/main/java/hu/oe/nik/szfmv/environment/XmlToModelConverter.java, Line: 82, Element: item
[CALLSITE] Filepath: /media/4tb/npex/npex_data/benchmarks-bears/Bears-189-buggy/src/main/java/hu/oe/nik/szfmv/environment/XmlToModelConverter.java, Line: 77, Element: item
[CALLSITE] Filepath: /media/4tb/npex/npex_data/benchmarks-bears/Bears-189-buggy/src/main/java/hu/oe/nik/szfmv/environment/XmlToModelConverter.java, Line: 77, Element: getNodeName
[CALLSITE] Filepath: /media/4tb/npex/npex_data/benchmarks-bears/Bears-189-buggy/src/main/java/hu/oe/nik/szfmv/environment/XmlToModelConverter.java, Line: 77, Element: item
[CALLSITE] Filepath: /media/4tb/npex/npex_data/benchmarks-bears/Bears-189-buggy/src/main/java/hu/oe/nik/szfmv/environment/XmlToModelConverter.java, Line: 77, Element: getNodeName
[CALLSITE] Filepath: /media/4tb/npex/npex_data/benchmarks-bears/Bears-189-buggy/src/main/java/hu/oe/nik/szfmv/environment/XmlToModelConverter.java, Line: 77, Element: item
[CALLSITE] Filepath: /media/4tb/npex/npex_data/benchmarks-bears/Bears-189-buggy/src/main/java/hu/oe/nik/szfmv/environment/XmlToModelConverter.java, Line: 77, Element: getNodeName
[CALLSITE] Filepath: /media/4tb/npex/npex_data/benchmarks-bears/Bears-189-buggy/src/main/java/hu/oe/nik/szfmv/environment/XmlToModelConverter.java, Line: 77, Element: item
[CALLSITE] Filepath: /media/4tb/npex/npex_data/benchmarks-bears/Bears-189-buggy/src/main/java/hu/oe/nik/szfmv/environment/XmlToModelConverter.java, Line: 77, Element: getNodeName
[CALLSITE] Filepath: /media/4tb/npex/npex_data/benchmarks-bears/Bears-189-buggy/src/main/java/hu/oe/nik/szfmv/environment/XmlToModelConverter.java, Line: 77, Element: item
[CALLSITE] Filepath: /media/4tb/npex/npex_data/benchmarks-bears/Bears-189-buggy/src/main/java/hu/oe/nik/szfmv/environment/XmlToModelConverter.java, Line: 77, Element: getNodeName
[CALLSITE] Filepath: /media/4tb/npex/npex_data/benchmarks-bears/Bears-189-buggy/src/main/java/hu/oe/nik/szfmv/environment/XmlToModelConverter.java, Line: 77, Element: item
[CALLSITE] Filepath: /media/4tb/npex/npex_data/benchmarks-bears/Bears-189-buggy/src/main/java/hu/oe/nik/szfmv/environment/XmlToModelConverter.java, Line: 77, Element: getNodeName
[CALLSITE] Filepath: /media/4tb/npex/npex_data/benchmarks-bears/Bears-189-buggy/src/main/java/hu/oe/nik/szfmv/environment/XmlToModelConverter.java, Line: 77, Element: item
[CALLSITE] Filepath: /media/4tb/npex/npex_data/benchmarks-bears/Bears-189-buggy/src/main/java/hu/oe/nik/szfmv/environment/XmlToModelConverter.java, Line: 77, Element: getNodeName
[CALLSITE] Filepath: /media/4tb/npex/npex_data/benchmarks-bears/Bears-189-buggy/src/main/java/hu/oe/nik/szfmv/environment/XmlToModelConverter.java, Line: 91, Element: createObjectFromType
[ENTRY] Filepath: /media/4tb/npex/npex_data/benchmarks-bears/Bears-189-buggy/src/main/java/hu/oe/nik/szfmv/environment/XmlToModelConverter.java, Line: 118, Element: createObjectFromType
[CALLSITE] Filepath: /media/4tb/npex/npex_data/benchmarks-bears/Bears-189-buggy/src/main/java/hu/oe/nik/szfmv/environment/XmlToModelConverter.java, Line: 122, Element: indexOf
[CALLSITE] Filepath: /media/4tb/npex/npex_data/benchmarks-bears/Bears-189-buggy/src/main/java/hu/oe/nik/szfmv/environment/XmlToModelConverter.java, Line: 123, Element: indexOf
[CALLSITE] Filepath: /media/4tb/npex/npex_data/benchmarks-bears/Bears-189-buggy/src/main/java/hu/oe/nik/szfmv/environment/XmlToModelConverter.java, Line: 123, Element: substring
[CALLSITE] Filepath: /media/4tb/npex/npex_data/benchmarks-bears/Bears-189-buggy/src/main/java/hu/oe/nik/szfmv/environment/models/Road.java, Line: 92, Element: hashMapInit
[ENTRY] Filepath: /media/4tb/npex/npex_data/benchmarks-bears/Bears-189-buggy/src/main/java/hu/oe/nik/szfmv/environment/models/Road.java, Line: 95, Element: hashMapInit
[CALLSITE] Filepath: /media/4tb/npex/npex_data/benchmarks-bears/Bears-189-buggy/src/main/java/hu/oe/nik/szfmv/environment/models/Road.java, Line: 96, Element: put
[CALLSITE] Filepath: /media/4tb/npex/npex_data/benchmarks-bears/Bears-189-buggy/src/main/java/hu/oe/nik/szfmv/environment/models/Road.java, Line: 97, Element: put
[CALLSITE] Filepath: /media/4tb/npex/npex_data/benchmarks-bears/Bears-189-buggy/src/main/java/hu/oe/nik/szfmv/environment/models/Road.java, Line: 98, Element: put
[CALLSITE] Filepath: /media/4tb/npex/npex_data/benchmarks-bears/Bears-189-buggy/src/main/java/hu/oe/nik/szfmv/environment/models/Road.java, Line: 99, Element: put
[CALLSITE] Filepath: /media/4tb/npex/npex_data/benchmarks-bears/Bears-189-buggy/src/main/java/hu/oe/nik/szfmv/environment/models/Road.java, Line: 100, Element: put
[CALLSITE] Filepath: /media/4tb/npex/npex_data/benchmarks-bears/Bears-189-buggy/src/main/java/hu/oe/nik/szfmv/environment/models/Road.java, Line: 101, Element: put
[CALLSITE] Filepath: /media/4tb/npex/npex_data/benchmarks-bears/Bears-189-buggy/src/main/java/hu/oe/nik/szfmv/environment/models/Road.java, Line: 102, Element: put
[CALLSITE] Filepath: /media/4tb/npex/npex_data/benchmarks-bears/Bears-189-buggy/src/main/java/hu/oe/nik/szfmv/environment/models/Road.java, Line: 103, Element: put
[CALLSITE] Filepath: /media/4tb/npex/npex_data/benchmarks-bears/Bears-189-buggy/src/main/java/hu/oe/nik/szfmv/environment/models/Road.java, Line: 104, Element: put
[CALLSITE] Filepath: /media/4tb/npex/npex_data/benchmarks-bears/Bears-189-buggy/src/main/java/hu/oe/nik/szfmv/environment/XmlToModelConverter.java, Line: 93, Element: setImageFileName
[ENTRY] Filepath: /media/4tb/npex/npex_data/benchmarks-bears/Bears-189-buggy/src/main/java/hu/oe/nik/szfmv/environment/WorldObject.java, Line: 92, Element: setImageFileName
[CALLSITE] Filepath: /media/4tb/npex/npex_data/benchmarks-bears/Bears-189-buggy/src/main/java/hu/oe/nik/szfmv/environment/XmlToModelConverter.java, Line: 96, Element: generateDimens
[ENTRY] Filepath: /media/4tb/npex/npex_data/benchmarks-bears/Bears-189-buggy/src/main/java/hu/oe/nik/szfmv/environment/WorldObject.java, Line: 101, Element: generateDimens
[CALLSITE] Filepath: /media/4tb/npex/npex_data/benchmarks-bears/Bears-189-buggy/src/main/java/hu/oe/nik/szfmv/environment/WorldObject.java, Line: 103, Element: read
[ENTRY] Filepath: /media/4tb/npex/npex_data/benchmarks-bears/Bears-189-buggy/src/main/java/hu/oe/nik/szfmv/environment/WorldObject.java, Line: 80, Element: getImageFileName
[CALLSITE] Filepath: /media/4tb/npex/npex_data/benchmarks-bears/Bears-189-buggy/src/main/java/hu/oe/nik/szfmv/environment/WorldObject.java, Line: 107, Element: getWidth
[CALLSITE] Filepath: /media/4tb/npex/npex_data/benchmarks-bears/Bears-189-buggy/src/main/java/hu/oe/nik/szfmv/environment/WorldObject.java, Line: 108, Element: getHeight
[CALLSITE] Filepath: /media/4tb/npex/npex_data/benchmarks-bears/Bears-189-buggy/src/main/java/hu/oe/nik/szfmv/environment/XmlToModelConverter.java, Line: 99, Element: getPointsFromPositionElement
[ENTRY] Filepath: /media/4tb/npex/npex_data/benchmarks-bears/Bears-189-buggy/src/main/java/hu/oe/nik/szfmv/environment/XmlToModelConverter.java, Line: 154, Element: getPointsFromPositionElement
[CALLSITE] Filepath: /media/4tb/npex/npex_data/benchmarks-bears/Bears-189-buggy/src/main/java/hu/oe/nik/szfmv/environment/XmlToModelConverter.java, Line: 160, Element: getAttribute
[CALLSITE] Filepath: /media/4tb/npex/npex_data/benchmarks-bears/Bears-189-buggy/src/main/java/hu/oe/nik/szfmv/environment/XmlToModelConverter.java, Line: 160, Element: parseInt
[CALLSITE] Filepath: /media/4tb/npex/npex_data/benchmarks-bears/Bears-189-buggy/src/main/java/hu/oe/nik/szfmv/environment/XmlToModelConverter.java, Line: 161, Element: getAttribute
[CALLSITE] Filepath: /media/4tb/npex/npex_data/benchmarks-bears/Bears-189-buggy/src/main/java/hu/oe/nik/szfmv/environment/XmlToModelConverter.java, Line: 161, Element: parseInt
[CALLSITE] Filepath: /media/4tb/npex/npex_data/benchmarks-bears/Bears-189-buggy/src/main/java/hu/oe/nik/szfmv/environment/XmlToModelConverter.java, Line: 100, Element: setX
[ENTRY] Filepath: /media/4tb/npex/npex_data/benchmarks-bears/Bears-189-buggy/src/main/java/hu/oe/nik/szfmv/environment/WorldObject.java, Line: 48, Element: setX
[CALLSITE] Filepath: /media/4tb/npex/npex_data/benchmarks-bears/Bears-189-buggy/src/main/java/hu/oe/nik/szfmv/environment/XmlToModelConverter.java, Line: 101, Element: setY
[ENTRY] Filepath: /media/4tb/npex/npex_data/benchmarks-bears/Bears-189-buggy/src/main/java/hu/oe/nik/szfmv/environment/WorldObject.java, Line: 56, Element: setY
[CALLSITE] Filepath: /media/4tb/npex/npex_data/benchmarks-bears/Bears-189-buggy/src/main/java/hu/oe/nik/szfmv/environment/XmlToModelConverter.java, Line: 104, Element: getRotacionFromTransformElement
[CALLSITE] Filepath: /media/4tb/npex/npex_data/benchmarks-bears/Bears-189-buggy/src/main/java/hu/oe/nik/szfmv/environment/XmlToModelConverter.java, Line: 104, Element: setRotation
[ENTRY] Filepath: /media/4tb/npex/npex_data/benchmarks-bears/Bears-189-buggy/src/main/java/hu/oe/nik/szfmv/environment/XmlToModelConverter.java, Line: 173, Element: getRotacionFromTransformElement
[CALLSITE] Filepath: /media/4tb/npex/npex_data/benchmarks-bears/Bears-189-buggy/src/main/java/hu/oe/nik/szfmv/environment/XmlToModelConverter.java, Line: 182, Element: getAttribute
[CALLSITE] Filepath: /media/4tb/npex/npex_data/benchmarks-bears/Bears-189-buggy/src/main/java/hu/oe/nik/szfmv/environment/XmlToModelConverter.java, Line: 182, Element: parseDouble
[CALLSITE] Filepath: /media/4tb/npex/npex_data/benchmarks-bears/Bears-189-buggy/src/main/java/hu/oe/nik/szfmv/environment/XmlToModelConverter.java, Line: 183, Element: getAttribute
[CALLSITE] Filepath: /media/4tb/npex/npex_data/benchmarks-bears/Bears-189-buggy/src/main/java/hu/oe/nik/szfmv/environment/XmlToModelConverter.java, Line: 183, Element: parseDouble
[CALLSITE] Filepath: /media/4tb/npex/npex_data/benchmarks-bears/Bears-189-buggy/src/main/java/hu/oe/nik/szfmv/environment/XmlToModelConverter.java, Line: 184, Element: getAttribute
[CALLSITE] Filepath: /media/4tb/npex/npex_data/benchmarks-bears/Bears-189-buggy/src/main/java/hu/oe/nik/szfmv/environment/XmlToModelConverter.java, Line: 184, Element: parseDouble
[CALLSITE] Filepath: /media/4tb/npex/npex_data/benchmarks-bears/Bears-189-buggy/src/main/java/hu/oe/nik/szfmv/environment/XmlToModelConverter.java, Line: 185, Element: getAttribute
[CALLSITE] Filepath: /media/4tb/npex/npex_data/benchmarks-bears/Bears-189-buggy/src/main/java/hu/oe/nik/szfmv/environment/XmlToModelConverter.java, Line: 185, Element: parseDouble
[CALLSITE] Filepath: /media/4tb/npex/npex_data/benchmarks-bears/Bears-189-buggy/src/main/java/hu/oe/nik/szfmv/environment/XmlToModelConverter.java, Line: 187, Element: convertMatrixToRadians
[ENTRY] Filepath: /media/4tb/npex/npex_data/benchmarks-bears/Bears-189-buggy/src/main/java/hu/oe/nik/szfmv/common/Utils.java, Line: 40, Element: convertMatrixToRadians
[CALLSITE] Filepath: /media/4tb/npex/npex_data/benchmarks-bears/Bears-189-buggy/src/main/java/hu/oe/nik/szfmv/common/Utils.java, Line: 41, Element: atan2
[ENTRY] Filepath: /media/4tb/npex/npex_data/benchmarks-bears/Bears-189-buggy/src/main/java/hu/oe/nik/szfmv/environment/WorldObject.java, Line: 88, Element: setRotation
[CALLSITE] Filepath: /media/4tb/npex/npex_data/benchmarks-bears/Bears-189-buggy/src/main/java/hu/oe/nik/szfmv/environment/XmlToModelConverter.java, Line: 107, Element: generateShape
[ENTRY] Filepath: /media/4tb/npex/npex_data/benchmarks-bears/Bears-189-buggy/src/main/java/hu/oe/nik/szfmv/environment/models/Road.java, Line: 119, Element: generateShape
[CALLSITE] Filepath: /media/4tb/npex/npex_data/benchmarks-bears/Bears-189-buggy/src/main/java/hu/oe/nik/szfmv/environment/models/Road.java, Line: 122, Element: get
[CALLSITE] Filepath: /media/4tb/npex/npex_data/benchmarks-bears/Bears-189-buggy/src/main/java/hu/oe/nik/szfmv/environment/models/Road.java, Line: 125, Element: getRotation
[CALLSITE] Filepath: /media/4tb/npex/npex_data/benchmarks-bears/Bears-189-buggy/src/main/java/hu/oe/nik/szfmv/environment/models/Road.java, Line: 125, Element: getX
[CALLSITE] Filepath: /media/4tb/npex/npex_data/benchmarks-bears/Bears-189-buggy/src/main/java/hu/oe/nik/szfmv/environment/models/Road.java, Line: 125, Element: getWidth
[CALLSITE] Filepath: /media/4tb/npex/npex_data/benchmarks-bears/Bears-189-buggy/src/main/java/hu/oe/nik/szfmv/environment/models/Road.java, Line: 125, Element: rotate
[ENTRY] Filepath: /media/4tb/npex/npex_data/benchmarks-bears/Bears-189-buggy/src/main/java/hu/oe/nik/szfmv/environment/WorldObject.java, Line: 76, Element: getRotation
[ENTRY] Filepath: /media/4tb/npex/npex_data/benchmarks-bears/Bears-189-buggy/src/main/java/hu/oe/nik/szfmv/environment/WorldObject.java, Line: 44, Element: getX
[ENTRY] Filepath: /media/4tb/npex/npex_data/benchmarks-bears/Bears-189-buggy/src/main/java/hu/oe/nik/szfmv/environment/WorldObject.java, Line: 60, Element: getWidth
[ENTRY] Filepath: /media/4tb/npex/npex_data/benchmarks-bears/Bears-189-buggy/src/main/java/hu/oe/nik/szfmv/environment/WorldObject.java, Line: 52, Element: getY
[ENTRY] Filepath: /media/4tb/npex/npex_data/benchmarks-bears/Bears-189-buggy/src/main/java/hu/oe/nik/szfmv/environment/WorldObject.java, Line: 64, Element: getHeight
[CALLSITE] Filepath: /media/4tb/npex/npex_data/benchmarks-bears/Bears-189-buggy/src/main/java/hu/oe/nik/szfmv/environment/models/Road.java, Line: 131, Element: get
[CALLSITE] Filepath: /media/4tb/npex/npex_data/benchmarks-bears/Bears-189-buggy/src/main/java/hu/oe/nik/szfmv/environment/models/Road.java, Line: 131, Element: createTransformedShape
[CALLSITE] Filepath: /media/4tb/npex/npex_data/benchmarks-bears/Bears-189-buggy/src/main/java/hu/oe/nik/szfmv/environment/models/Road.java, Line: 135, Element: generateShape
[ENTRY] Filepath: /media/4tb/npex/npex_data/benchmarks-bears/Bears-189-buggy/src/main/java/hu/oe/nik/szfmv/environment/WorldObject.java, Line: 117, Element: generateShape
[CALLSITE] Filepath: /media/4tb/npex/npex_data/benchmarks-bears/Bears-189-buggy/src/main/java/hu/oe/nik/szfmv/environment/WorldObject.java, Line: 119, Element: getRotation
[CALLSITE] Filepath: /media/4tb/npex/npex_data/benchmarks-bears/Bears-189-buggy/src/main/java/hu/oe/nik/szfmv/environment/WorldObject.java, Line: 119, Element: getX
[CALLSITE] Filepath: /media/4tb/npex/npex_data/benchmarks-bears/Bears-189-buggy/src/main/java/hu/oe/nik/szfmv/environment/WorldObject.java, Line: 119, Element: getY
[CALLSITE] Filepath: /media/4tb/npex/npex_data/benchmarks-bears/Bears-189-buggy/src/main/java/hu/oe/nik/szfmv/environment/WorldObject.java, Line: 119, Element: rotate
[ENTRY] Filepath: /media/4tb/npex/npex_data/benchmarks-bears/Bears-189-buggy/src/main/java/hu/oe/nik/szfmv/environment/WorldObject.java, Line: 76, Element: getRotation
[ENTRY] Filepath: /media/4tb/npex/npex_data/benchmarks-bears/Bears-189-buggy/src/main/java/hu/oe/nik/szfmv/environment/WorldObject.java, Line: 44, Element: getX
[ENTRY] Filepath: /media/4tb/npex/npex_data/benchmarks-bears/Bears-189-buggy/src/main/java/hu/oe/nik/szfmv/environment/WorldObject.java, Line: 52, Element: getY
[CALLSITE] Filepath: /media/4tb/npex/npex_data/benchmarks-bears/Bears-189-buggy/src/main/java/hu/oe/nik/szfmv/environment/WorldObject.java, Line: 120, Element: isInstance
[CALLSITE] Filepath: /media/4tb/npex/npex_data/benchmarks-bears/Bears-189-buggy/src/main/java/hu/oe/nik/szfmv/environment/WorldObject.java, Line: 121, Element: createTransformedShape
[ENTRY] Filepath: /media/4tb/npex/npex_data/benchmarks-bears/Bears-189-buggy/src/main/java/hu/oe/nik/szfmv/environment/WorldObject.java, Line: 44, Element: getX
[ENTRY] Filepath: /media/4tb/npex/npex_data/benchmarks-bears/Bears-189-buggy/src/main/java/hu/oe/nik/szfmv/environment/WorldObject.java, Line: 52, Element: getY
[ENTRY] Filepath: /media/4tb/npex/npex_data/benchmarks-bears/Bears-189-buggy/src/main/java/hu/oe/nik/szfmv/environment/WorldObject.java, Line: 60, Element: getWidth
[ENTRY] Filepath: /media/4tb/npex/npex_data/benchmarks-bears/Bears-189-buggy/src/main/java/hu/oe/nik/szfmv/environment/WorldObject.java, Line: 64, Element: getHeight
[CALLSITE] Filepath: /media/4tb/npex/npex_data/benchmarks-bears/Bears-189-buggy/src/main/java/hu/oe/nik/szfmv/environment/XmlToModelConverter.java, Line: 109, Element: toString
[CALLSITE] Filepath: /media/4tb/npex/npex_data/benchmarks-bears/Bears-189-buggy/src/main/java/hu/oe/nik/szfmv/environment/XmlToModelConverter.java, Line: 109, Element: debug
[ENTRY] Filepath: /media/4tb/npex/npex_data/benchmarks-bears/Bears-189-buggy/src/main/java/hu/oe/nik/szfmv/environment/WorldObject.java, Line: 135, Element: toString
[CALLSITE] Filepath: /media/4tb/npex/npex_data/benchmarks-bears/Bears-189-buggy/src/main/java/hu/oe/nik/szfmv/environment/XmlToModelConverter.java, Line: 50, Element: item
[CALLSITE] Filepath: /media/4tb/npex/npex_data/benchmarks-bears/Bears-189-buggy/src/main/java/hu/oe/nik/szfmv/environment/XmlToModelConverter.java, Line: 52, Element: readValueFromXml
[CALLSITE] Filepath: /media/4tb/npex/npex_data/benchmarks-bears/Bears-189-buggy/src/main/java/hu/oe/nik/szfmv/environment/XmlToModelConverter.java, Line: 52, Element: add
[ENTRY] Filepath: /media/4tb/npex/npex_data/benchmarks-bears/Bears-189-buggy/src/main/java/hu/oe/nik/szfmv/environment/XmlToModelConverter.java, Line: 67, Element: readValueFromXml
[CALLSITE] Filepath: /media/4tb/npex/npex_data/benchmarks-bears/Bears-189-buggy/src/main/java/hu/oe/nik/szfmv/environment/XmlToModelConverter.java, Line: 72, Element: getAttribute
[CALLSITE] Filepath: /media/4tb/npex/npex_data/benchmarks-bears/Bears-189-buggy/src/main/java/hu/oe/nik/szfmv/environment/XmlToModelConverter.java, Line: 75, Element: getChildNodes
[CALLSITE] Filepath: /media/4tb/npex/npex_data/benchmarks-bears/Bears-189-buggy/src/main/java/hu/oe/nik/szfmv/environment/XmlToModelConverter.java, Line: 76, Element: getLength
[CALLSITE] Filepath: /media/4tb/npex/npex_data/benchmarks-bears/Bears-189-buggy/src/main/java/hu/oe/nik/szfmv/environment/XmlToModelConverter.java, Line: 77, Element: item
[CALLSITE] Filepath: /media/4tb/npex/npex_data/benchmarks-bears/Bears-189-buggy/src/main/java/hu/oe/nik/szfmv/environment/XmlToModelConverter.java, Line: 77, Element: getNodeName
[CALLSITE] Filepath: /media/4tb/npex/npex_data/benchmarks-bears/Bears-189-buggy/src/main/java/hu/oe/nik/szfmv/environment/XmlToModelConverter.java, Line: 77, Element: item
[CALLSITE] Filepath: /media/4tb/npex/npex_data/benchmarks-bears/Bears-189-buggy/src/main/java/hu/oe/nik/szfmv/environment/XmlToModelConverter.java, Line: 77, Element: getNodeName
[CALLSITE] Filepath: /media/4tb/npex/npex_data/benchmarks-bears/Bears-189-buggy/src/main/java/hu/oe/nik/szfmv/environment/XmlToModelConverter.java, Line: 79, Element: item
[CALLSITE] Filepath: /media/4tb/npex/npex_data/benchmarks-bears/Bears-189-buggy/src/main/java/hu/oe/nik/szfmv/environment/XmlToModelConverter.java, Line: 77, Element: item
[CALLSITE] Filepath: /media/4tb/npex/npex_data/benchmarks-bears/Bears-189-buggy/src/main/java/hu/oe/nik/szfmv/environment/XmlToModelConverter.java, Line: 77, Element: getNodeName
[CALLSITE] Filepath: /media/4tb/npex/npex_data/benchmarks-bears/Bears-189-buggy/src/main/java/hu/oe/nik/szfmv/environment/XmlToModelConverter.java, Line: 77, Element: item
[CALLSITE] Filepath: /media/4tb/npex/npex_data/benchmarks-bears/Bears-189-buggy/src/main/java/hu/oe/nik/szfmv/environment/XmlToModelConverter.java, Line: 77, Element: getNodeName
[CALLSITE] Filepath: /media/4tb/npex/npex_data/benchmarks-bears/Bears-189-buggy/src/main/java/hu/oe/nik/szfmv/environment/XmlToModelConverter.java, Line: 82, Element: item
[CALLSITE] Filepath: /media/4tb/npex/npex_data/benchmarks-bears/Bears-189-buggy/src/main/java/hu/oe/nik/szfmv/environment/XmlToModelConverter.java, Line: 77, Element: item
[CALLSITE] Filepath: /media/4tb/npex/npex_data/benchmarks-bears/Bears-189-buggy/src/main/java/hu/oe/nik/szfmv/environment/XmlToModelConverter.java, Line: 77, Element: getNodeName
[CALLSITE] Filepath: /media/4tb/npex/npex_data/benchmarks-bears/Bears-189-buggy/src/main/java/hu/oe/nik/szfmv/environment/XmlToModelConverter.java, Line: 77, Element: item
[CALLSITE] Filepath: /media/4tb/npex/npex_data/benchmarks-bears/Bears-189-buggy/src/main/java/hu/oe/nik/szfmv/environment/XmlToModelConverter.java, Line: 77, Element: getNodeName
[CALLSITE] Filepath: /media/4tb/npex/npex_data/benchmarks-bears/Bears-189-buggy/src/main/java/hu/oe/nik/szfmv/environment/XmlToModelConverter.java, Line: 77, Element: item
[CALLSITE] Filepath: /media/4tb/npex/npex_data/benchmarks-bears/Bears-189-buggy/src/main/java/hu/oe/nik/szfmv/environment/XmlToModelConverter.java, Line: 77, Element: getNodeName
[CALLSITE] Filepath: /media/4tb/npex/npex_data/benchmarks-bears/Bears-189-buggy/src/main/java/hu/oe/nik/szfmv/environment/XmlToModelConverter.java, Line: 77, Element: item
[CALLSITE] Filepath: /media/4tb/npex/npex_data/benchmarks-bears/Bears-189-buggy/src/main/java/hu/oe/nik/szfmv/environment/XmlToModelConverter.java, Line: 77, Element: getNodeName
[CALLSITE] Filepath: /media/4tb/npex/npex_data/benchmarks-bears/Bears-189-buggy/src/main/java/hu/oe/nik/szfmv/environment/XmlToModelConverter.java, Line: 77, Element: item
[CALLSITE] Filepath: /media/4tb/npex/npex_data/benchmarks-bears/Bears-189-buggy/src/main/java/hu/oe/nik/szfmv/environment/XmlToModelConverter.java, Line: 77, Element: getNodeName
[CALLSITE] Filepath: /media/4tb/npex/npex_data/benchmarks-bears/Bears-189-buggy/src/main/java/hu/oe/nik/szfmv/environment/XmlToModelConverter.java, Line: 77, Element: item
[CALLSITE] Filepath: /media/4tb/npex/npex_data/benchmarks-bears/Bears-189-buggy/src/main/java/hu/oe/nik/szfmv/environment/XmlToModelConverter.java, Line: 77, Element: getNodeName
[CALLSITE] Filepath: /media/4tb/npex/npex_data/benchmarks-bears/Bears-189-buggy/src/main/java/hu/oe/nik/szfmv/environment/XmlToModelConverter.java, Line: 77, Element: item
[CALLSITE] Filepath: /media/4tb/npex/npex_data/benchmarks-bears/Bears-189-buggy/src/main/java/hu/oe/nik/szfmv/environment/XmlToModelConverter.java, Line: 77, Element: getNodeName
[CALLSITE] Filepath: /media/4tb/npex/npex_data/benchmarks-bears/Bears-189-buggy/src/main/java/hu/oe/nik/szfmv/environment/XmlToModelConverter.java, Line: 91, Element: createObjectFromType
[ENTRY] Filepath: /media/4tb/npex/npex_data/benchmarks-bears/Bears-189-buggy/src/main/java/hu/oe/nik/szfmv/environment/XmlToModelConverter.java, Line: 118, Element: createObjectFromType
[CALLSITE] Filepath: /media/4tb/npex/npex_data/benchmarks-bears/Bears-189-buggy/src/main/java/hu/oe/nik/szfmv/environment/XmlToModelConverter.java, Line: 122, Element: indexOf
[CALLSITE] Filepath: /media/4tb/npex/npex_data/benchmarks-bears/Bears-189-buggy/src/main/java/hu/oe/nik/szfmv/environment/XmlToModelConverter.java, Line: 123, Element: indexOf
[CALLSITE] Filepath: /media/4tb/npex/npex_data/benchmarks-bears/Bears-189-buggy/src/main/java/hu/oe/nik/szfmv/environment/XmlToModelConverter.java, Line: 123, Element: substring
[CALLSITE] Filepath: /media/4tb/npex/npex_data/benchmarks-bears/Bears-189-buggy/src/main/java/hu/oe/nik/szfmv/environment/models/Road.java, Line: 92, Element: hashMapInit
[ENTRY] Filepath: /media/4tb/npex/npex_data/benchmarks-bears/Bears-189-buggy/src/main/java/hu/oe/nik/szfmv/environment/models/Road.java, Line: 95, Element: hashMapInit
[CALLSITE] Filepath: /media/4tb/npex/npex_data/benchmarks-bears/Bears-189-buggy/src/main/java/hu/oe/nik/szfmv/environment/models/Road.java, Line: 96, Element: put
[CALLSITE] Filepath: /media/4tb/npex/npex_data/benchmarks-bears/Bears-189-buggy/src/main/java/hu/oe/nik/szfmv/environment/models/Road.java, Line: 97, Element: put
[CALLSITE] Filepath: /media/4tb/npex/npex_data/benchmarks-bears/Bears-189-buggy/src/main/java/hu/oe/nik/szfmv/environment/models/Road.java, Line: 98, Element: put
[CALLSITE] Filepath: /media/4tb/npex/npex_data/benchmarks-bears/Bears-189-buggy/src/main/java/hu/oe/nik/szfmv/environment/models/Road.java, Line: 99, Element: put
[CALLSITE] Filepath: /media/4tb/npex/npex_data/benchmarks-bears/Bears-189-buggy/src/main/java/hu/oe/nik/szfmv/environment/models/Road.java, Line: 100, Element: put
[CALLSITE] Filepath: /media/4tb/npex/npex_data/benchmarks-bears/Bears-189-buggy/src/main/java/hu/oe/nik/szfmv/environment/models/Road.java, Line: 101, Element: put
[CALLSITE] Filepath: /media/4tb/npex/npex_data/benchmarks-bears/Bears-189-buggy/src/main/java/hu/oe/nik/szfmv/environment/models/Road.java, Line: 102, Element: put
[CALLSITE] Filepath: /media/4tb/npex/npex_data/benchmarks-bears/Bears-189-buggy/src/main/java/hu/oe/nik/szfmv/environment/models/Road.java, Line: 103, Element: put
[CALLSITE] Filepath: /media/4tb/npex/npex_data/benchmarks-bears/Bears-189-buggy/src/main/java/hu/oe/nik/szfmv/environment/models/Road.java, Line: 104, Element: put
[CALLSITE] Filepath: /media/4tb/npex/npex_data/benchmarks-bears/Bears-189-buggy/src/main/java/hu/oe/nik/szfmv/environment/XmlToModelConverter.java, Line: 93, Element: setImageFileName
[ENTRY] Filepath: /media/4tb/npex/npex_data/benchmarks-bears/Bears-189-buggy/src/main/java/hu/oe/nik/szfmv/environment/WorldObject.java, Line: 92, Element: setImageFileName
[CALLSITE] Filepath: /media/4tb/npex/npex_data/benchmarks-bears/Bears-189-buggy/src/main/java/hu/oe/nik/szfmv/environment/XmlToModelConverter.java, Line: 96, Element: generateDimens
[ENTRY] Filepath: /media/4tb/npex/npex_data/benchmarks-bears/Bears-189-buggy/src/main/java/hu/oe/nik/szfmv/environment/WorldObject.java, Line: 101, Element: generateDimens
[CALLSITE] Filepath: /media/4tb/npex/npex_data/benchmarks-bears/Bears-189-buggy/src/main/java/hu/oe/nik/szfmv/environment/WorldObject.java, Line: 103, Element: read
[ENTRY] Filepath: /media/4tb/npex/npex_data/benchmarks-bears/Bears-189-buggy/src/main/java/hu/oe/nik/szfmv/environment/WorldObject.java, Line: 80, Element: getImageFileName
[CALLSITE] Filepath: /media/4tb/npex/npex_data/benchmarks-bears/Bears-189-buggy/src/main/java/hu/oe/nik/szfmv/environment/WorldObject.java, Line: 107, Element: getWidth
[CALLSITE] Filepath: /media/4tb/npex/npex_data/benchmarks-bears/Bears-189-buggy/src/main/java/hu/oe/nik/szfmv/environment/WorldObject.java, Line: 108, Element: getHeight
[CALLSITE] Filepath: /media/4tb/npex/npex_data/benchmarks-bears/Bears-189-buggy/src/main/java/hu/oe/nik/szfmv/environment/XmlToModelConverter.java, Line: 99, Element: getPointsFromPositionElement
[ENTRY] Filepath: /media/4tb/npex/npex_data/benchmarks-bears/Bears-189-buggy/src/main/java/hu/oe/nik/szfmv/environment/XmlToModelConverter.java, Line: 154, Element: getPointsFromPositionElement
[CALLSITE] Filepath: /media/4tb/npex/npex_data/benchmarks-bears/Bears-189-buggy/src/main/java/hu/oe/nik/szfmv/environment/XmlToModelConverter.java, Line: 160, Element: getAttribute
[CALLSITE] Filepath: /media/4tb/npex/npex_data/benchmarks-bears/Bears-189-buggy/src/main/java/hu/oe/nik/szfmv/environment/XmlToModelConverter.java, Line: 160, Element: parseInt
[CALLSITE] Filepath: /media/4tb/npex/npex_data/benchmarks-bears/Bears-189-buggy/src/main/java/hu/oe/nik/szfmv/environment/XmlToModelConverter.java, Line: 161, Element: getAttribute
[CALLSITE] Filepath: /media/4tb/npex/npex_data/benchmarks-bears/Bears-189-buggy/src/main/java/hu/oe/nik/szfmv/environment/XmlToModelConverter.java, Line: 161, Element: parseInt
[CALLSITE] Filepath: /media/4tb/npex/npex_data/benchmarks-bears/Bears-189-buggy/src/main/java/hu/oe/nik/szfmv/environment/XmlToModelConverter.java, Line: 100, Element: setX
[ENTRY] Filepath: /media/4tb/npex/npex_data/benchmarks-bears/Bears-189-buggy/src/main/java/hu/oe/nik/szfmv/environment/WorldObject.java, Line: 48, Element: setX
[CALLSITE] Filepath: /media/4tb/npex/npex_data/benchmarks-bears/Bears-189-buggy/src/main/java/hu/oe/nik/szfmv/environment/XmlToModelConverter.java, Line: 101, Element: setY
[ENTRY] Filepath: /media/4tb/npex/npex_data/benchmarks-bears/Bears-189-buggy/src/main/java/hu/oe/nik/szfmv/environment/WorldObject.java, Line: 56, Element: setY
[CALLSITE] Filepath: /media/4tb/npex/npex_data/benchmarks-bears/Bears-189-buggy/src/main/java/hu/oe/nik/szfmv/environment/XmlToModelConverter.java, Line: 104, Element: getRotacionFromTransformElement
[CALLSITE] Filepath: /media/4tb/npex/npex_data/benchmarks-bears/Bears-189-buggy/src/main/java/hu/oe/nik/szfmv/environment/XmlToModelConverter.java, Line: 104, Element: setRotation
[ENTRY] Filepath: /media/4tb/npex/npex_data/benchmarks-bears/Bears-189-buggy/src/main/java/hu/oe/nik/szfmv/environment/XmlToModelConverter.java, Line: 173, Element: getRotacionFromTransformElement
[CALLSITE] Filepath: /media/4tb/npex/npex_data/benchmarks-bears/Bears-189-buggy/src/main/java/hu/oe/nik/szfmv/environment/XmlToModelConverter.java, Line: 182, Element: getAttribute
[CALLSITE] Filepath: /media/4tb/npex/npex_data/benchmarks-bears/Bears-189-buggy/src/main/java/hu/oe/nik/szfmv/environment/XmlToModelConverter.java, Line: 182, Element: parseDouble
[CALLSITE] Filepath: /media/4tb/npex/npex_data/benchmarks-bears/Bears-189-buggy/src/main/java/hu/oe/nik/szfmv/environment/XmlToModelConverter.java, Line: 183, Element: getAttribute
[CALLSITE] Filepath: /media/4tb/npex/npex_data/benchmarks-bears/Bears-189-buggy/src/main/java/hu/oe/nik/szfmv/environment/XmlToModelConverter.java, Line: 183, Element: parseDouble
[CALLSITE] Filepath: /media/4tb/npex/npex_data/benchmarks-bears/Bears-189-buggy/src/main/java/hu/oe/nik/szfmv/environment/XmlToModelConverter.java, Line: 184, Element: getAttribute
[CALLSITE] Filepath: /media/4tb/npex/npex_data/benchmarks-bears/Bears-189-buggy/src/main/java/hu/oe/nik/szfmv/environment/XmlToModelConverter.java, Line: 184, Element: parseDouble
[CALLSITE] Filepath: /media/4tb/npex/npex_data/benchmarks-bears/Bears-189-buggy/src/main/java/hu/oe/nik/szfmv/environment/XmlToModelConverter.java, Line: 185, Element: getAttribute
[CALLSITE] Filepath: /media/4tb/npex/npex_data/benchmarks-bears/Bears-189-buggy/src/main/java/hu/oe/nik/szfmv/environment/XmlToModelConverter.java, Line: 185, Element: parseDouble
[CALLSITE] Filepath: /media/4tb/npex/npex_data/benchmarks-bears/Bears-189-buggy/src/main/java/hu/oe/nik/szfmv/environment/XmlToModelConverter.java, Line: 187, Element: convertMatrixToRadians
[ENTRY] Filepath: /media/4tb/npex/npex_data/benchmarks-bears/Bears-189-buggy/src/main/java/hu/oe/nik/szfmv/common/Utils.java, Line: 40, Element: convertMatrixToRadians
[CALLSITE] Filepath: /media/4tb/npex/npex_data/benchmarks-bears/Bears-189-buggy/src/main/java/hu/oe/nik/szfmv/common/Utils.java, Line: 41, Element: atan2
[ENTRY] Filepath: /media/4tb/npex/npex_data/benchmarks-bears/Bears-189-buggy/src/main/java/hu/oe/nik/szfmv/environment/WorldObject.java, Line: 88, Element: setRotation
[CALLSITE] Filepath: /media/4tb/npex/npex_data/benchmarks-bears/Bears-189-buggy/src/main/java/hu/oe/nik/szfmv/environment/XmlToModelConverter.java, Line: 107, Element: generateShape
[ENTRY] Filepath: /media/4tb/npex/npex_data/benchmarks-bears/Bears-189-buggy/src/main/java/hu/oe/nik/szfmv/environment/models/Road.java, Line: 119, Element: generateShape
[CALLSITE] Filepath: /media/4tb/npex/npex_data/benchmarks-bears/Bears-189-buggy/src/main/java/hu/oe/nik/szfmv/environment/models/Road.java, Line: 122, Element: get
[CALLSITE] Filepath: /media/4tb/npex/npex_data/benchmarks-bears/Bears-189-buggy/src/main/java/hu/oe/nik/szfmv/environment/models/Road.java, Line: 125, Element: getRotation
[CALLSITE] Filepath: /media/4tb/npex/npex_data/benchmarks-bears/Bears-189-buggy/src/main/java/hu/oe/nik/szfmv/environment/models/Road.java, Line: 125, Element: getX
[CALLSITE] Filepath: /media/4tb/npex/npex_data/benchmarks-bears/Bears-189-buggy/src/main/java/hu/oe/nik/szfmv/environment/models/Road.java, Line: 125, Element: getWidth
[CALLSITE] Filepath: /media/4tb/npex/npex_data/benchmarks-bears/Bears-189-buggy/src/main/java/hu/oe/nik/szfmv/environment/models/Road.java, Line: 125, Element: rotate
[ENTRY] Filepath: /media/4tb/npex/npex_data/benchmarks-bears/Bears-189-buggy/src/main/java/hu/oe/nik/szfmv/environment/WorldObject.java, Line: 76, Element: getRotation
[ENTRY] Filepath: /media/4tb/npex/npex_data/benchmarks-bears/Bears-189-buggy/src/main/java/hu/oe/nik/szfmv/environment/WorldObject.java, Line: 44, Element: getX
[ENTRY] Filepath: /media/4tb/npex/npex_data/benchmarks-bears/Bears-189-buggy/src/main/java/hu/oe/nik/szfmv/environment/WorldObject.java, Line: 60, Element: getWidth
[ENTRY] Filepath: /media/4tb/npex/npex_data/benchmarks-bears/Bears-189-buggy/src/main/java/hu/oe/nik/szfmv/environment/WorldObject.java, Line: 52, Element: getY
[ENTRY] Filepath: /media/4tb/npex/npex_data/benchmarks-bears/Bears-189-buggy/src/main/java/hu/oe/nik/szfmv/environment/WorldObject.java, Line: 64, Element: getHeight
[CALLSITE] Filepath: /media/4tb/npex/npex_data/benchmarks-bears/Bears-189-buggy/src/main/java/hu/oe/nik/szfmv/environment/models/Road.java, Line: 131, Element: get
[CALLSITE] Filepath: /media/4tb/npex/npex_data/benchmarks-bears/Bears-189-buggy/src/main/java/hu/oe/nik/szfmv/environment/models/Road.java, Line: 131, Element: createTransformedShape
[CALLSITE] Filepath: /media/4tb/npex/npex_data/benchmarks-bears/Bears-189-buggy/src/main/java/hu/oe/nik/szfmv/environment/models/Road.java, Line: 135, Element: generateShape
[ENTRY] Filepath: /media/4tb/npex/npex_data/benchmarks-bears/Bears-189-buggy/src/main/java/hu/oe/nik/szfmv/environment/WorldObject.java, Line: 117, Element: generateShape
[CALLSITE] Filepath: /media/4tb/npex/npex_data/benchmarks-bears/Bears-189-buggy/src/main/java/hu/oe/nik/szfmv/environment/WorldObject.java, Line: 119, Element: getRotation
[CALLSITE] Filepath: /media/4tb/npex/npex_data/benchmarks-bears/Bears-189-buggy/src/main/java/hu/oe/nik/szfmv/environment/WorldObject.java, Line: 119, Element: getX
[CALLSITE] Filepath: /media/4tb/npex/npex_data/benchmarks-bears/Bears-189-buggy/src/main/java/hu/oe/nik/szfmv/environment/WorldObject.java, Line: 119, Element: getY
[CALLSITE] Filepath: /media/4tb/npex/npex_data/benchmarks-bears/Bears-189-buggy/src/main/java/hu/oe/nik/szfmv/environment/WorldObject.java, Line: 119, Element: rotate
[ENTRY] Filepath: /media/4tb/npex/npex_data/benchmarks-bears/Bears-189-buggy/src/main/java/hu/oe/nik/szfmv/environment/WorldObject.java, Line: 76, Element: getRotation
[ENTRY] Filepath: /media/4tb/npex/npex_data/benchmarks-bears/Bears-189-buggy/src/main/java/hu/oe/nik/szfmv/environment/WorldObject.java, Line: 44, Element: getX
[ENTRY] Filepath: /media/4tb/npex/npex_data/benchmarks-bears/Bears-189-buggy/src/main/java/hu/oe/nik/szfmv/environment/WorldObject.java, Line: 52, Element: getY
[CALLSITE] Filepath: /media/4tb/npex/npex_data/benchmarks-bears/Bears-189-buggy/src/main/java/hu/oe/nik/szfmv/environment/WorldObject.java, Line: 120, Element: isInstance
[CALLSITE] Filepath: /media/4tb/npex/npex_data/benchmarks-bears/Bears-189-buggy/src/main/java/hu/oe/nik/szfmv/environment/WorldObject.java, Line: 121, Element: createTransformedShape
[ENTRY] Filepath: /media/4tb/npex/npex_data/benchmarks-bears/Bears-189-buggy/src/main/java/hu/oe/nik/szfmv/environment/WorldObject.java, Line: 44, Element: getX
[ENTRY] Filepath: /media/4tb/npex/npex_data/benchmarks-bears/Bears-189-buggy/src/main/java/hu/oe/nik/szfmv/environment/WorldObject.java, Line: 52, Element: getY
[ENTRY] Filepath: /media/4tb/npex/npex_data/benchmarks-bears/Bears-189-buggy/src/main/java/hu/oe/nik/szfmv/environment/WorldObject.java, Line: 60, Element: getWidth
[ENTRY] Filepath: /media/4tb/npex/npex_data/benchmarks-bears/Bears-189-buggy/src/main/java/hu/oe/nik/szfmv/environment/WorldObject.java, Line: 64, Element: getHeight
[CALLSITE] Filepath: /media/4tb/npex/npex_data/benchmarks-bears/Bears-189-buggy/src/main/java/hu/oe/nik/szfmv/environment/XmlToModelConverter.java, Line: 109, Element: toString
[CALLSITE] Filepath: /media/4tb/npex/npex_data/benchmarks-bears/Bears-189-buggy/src/main/java/hu/oe/nik/szfmv/environment/XmlToModelConverter.java, Line: 109, Element: debug
[ENTRY] Filepath: /media/4tb/npex/npex_data/benchmarks-bears/Bears-189-buggy/src/main/java/hu/oe/nik/szfmv/environment/WorldObject.java, Line: 135, Element: toString
[CALLSITE] Filepath: /media/4tb/npex/npex_data/benchmarks-bears/Bears-189-buggy/src/main/java/hu/oe/nik/szfmv/environment/XmlToModelConverter.java, Line: 50, Element: item
[CALLSITE] Filepath: /media/4tb/npex/npex_data/benchmarks-bears/Bears-189-buggy/src/main/java/hu/oe/nik/szfmv/environment/XmlToModelConverter.java, Line: 52, Element: readValueFromXml
[CALLSITE] Filepath: /media/4tb/npex/npex_data/benchmarks-bears/Bears-189-buggy/src/main/java/hu/oe/nik/szfmv/environment/XmlToModelConverter.java, Line: 52, Element: add
[ENTRY] Filepath: /media/4tb/npex/npex_data/benchmarks-bears/Bears-189-buggy/src/main/java/hu/oe/nik/szfmv/environment/XmlToModelConverter.java, Line: 67, Element: readValueFromXml
[CALLSITE] Filepath: /media/4tb/npex/npex_data/benchmarks-bears/Bears-189-buggy/src/main/java/hu/oe/nik/szfmv/environment/XmlToModelConverter.java, Line: 72, Element: getAttribute
[CALLSITE] Filepath: /media/4tb/npex/npex_data/benchmarks-bears/Bears-189-buggy/src/main/java/hu/oe/nik/szfmv/environment/XmlToModelConverter.java, Line: 75, Element: getChildNodes
[CALLSITE] Filepath: /media/4tb/npex/npex_data/benchmarks-bears/Bears-189-buggy/src/main/java/hu/oe/nik/szfmv/environment/XmlToModelConverter.java, Line: 76, Element: getLength
[CALLSITE] Filepath: /media/4tb/npex/npex_data/benchmarks-bears/Bears-189-buggy/src/main/java/hu/oe/nik/szfmv/environment/XmlToModelConverter.java, Line: 77, Element: item
[CALLSITE] Filepath: /media/4tb/npex/npex_data/benchmarks-bears/Bears-189-buggy/src/main/java/hu/oe/nik/szfmv/environment/XmlToModelConverter.java, Line: 77, Element: getNodeName
[CALLSITE] Filepath: /media/4tb/npex/npex_data/benchmarks-bears/Bears-189-buggy/src/main/java/hu/oe/nik/szfmv/environment/XmlToModelConverter.java, Line: 77, Element: item
[CALLSITE] Filepath: /media/4tb/npex/npex_data/benchmarks-bears/Bears-189-buggy/src/main/java/hu/oe/nik/szfmv/environment/XmlToModelConverter.java, Line: 77, Element: getNodeName
[CALLSITE] Filepath: /media/4tb/npex/npex_data/benchmarks-bears/Bears-189-buggy/src/main/java/hu/oe/nik/szfmv/environment/XmlToModelConverter.java, Line: 79, Element: item
[CALLSITE] Filepath: /media/4tb/npex/npex_data/benchmarks-bears/Bears-189-buggy/src/main/java/hu/oe/nik/szfmv/environment/XmlToModelConverter.java, Line: 77, Element: item
[CALLSITE] Filepath: /media/4tb/npex/npex_data/benchmarks-bears/Bears-189-buggy/src/main/java/hu/oe/nik/szfmv/environment/XmlToModelConverter.java, Line: 77, Element: getNodeName
[CALLSITE] Filepath: /media/4tb/npex/npex_data/benchmarks-bears/Bears-189-buggy/src/main/java/hu/oe/nik/szfmv/environment/XmlToModelConverter.java, Line: 77, Element: item
[CALLSITE] Filepath: /media/4tb/npex/npex_data/benchmarks-bears/Bears-189-buggy/src/main/java/hu/oe/nik/szfmv/environment/XmlToModelConverter.java, Line: 77, Element: getNodeName
[CALLSITE] Filepath: /media/4tb/npex/npex_data/benchmarks-bears/Bears-189-buggy/src/main/java/hu/oe/nik/szfmv/environment/XmlToModelConverter.java, Line: 82, Element: item
[CALLSITE] Filepath: /media/4tb/npex/npex_data/benchmarks-bears/Bears-189-buggy/src/main/java/hu/oe/nik/szfmv/environment/XmlToModelConverter.java, Line: 77, Element: item
[CALLSITE] Filepath: /media/4tb/npex/npex_data/benchmarks-bears/Bears-189-buggy/src/main/java/hu/oe/nik/szfmv/environment/XmlToModelConverter.java, Line: 77, Element: getNodeName
[CALLSITE] Filepath: /media/4tb/npex/npex_data/benchmarks-bears/Bears-189-buggy/src/main/java/hu/oe/nik/szfmv/environment/XmlToModelConverter.java, Line: 77, Element: item
[CALLSITE] Filepath: /media/4tb/npex/npex_data/benchmarks-bears/Bears-189-buggy/src/main/java/hu/oe/nik/szfmv/environment/XmlToModelConverter.java, Line: 77, Element: getNodeName
[CALLSITE] Filepath: /media/4tb/npex/npex_data/benchmarks-bears/Bears-189-buggy/src/main/java/hu/oe/nik/szfmv/environment/XmlToModelConverter.java, Line: 77, Element: item
[CALLSITE] Filepath: /media/4tb/npex/npex_data/benchmarks-bears/Bears-189-buggy/src/main/java/hu/oe/nik/szfmv/environment/XmlToModelConverter.java, Line: 77, Element: getNodeName
[CALLSITE] Filepath: /media/4tb/npex/npex_data/benchmarks-bears/Bears-189-buggy/src/main/java/hu/oe/nik/szfmv/environment/XmlToModelConverter.java, Line: 77, Element: item
[CALLSITE] Filepath: /media/4tb/npex/npex_data/benchmarks-bears/Bears-189-buggy/src/main/java/hu/oe/nik/szfmv/environment/XmlToModelConverter.java, Line: 77, Element: getNodeName
[CALLSITE] Filepath: /media/4tb/npex/npex_data/benchmarks-bears/Bears-189-buggy/src/main/java/hu/oe/nik/szfmv/environment/XmlToModelConverter.java, Line: 77, Element: item
[CALLSITE] Filepath: /media/4tb/npex/npex_data/benchmarks-bears/Bears-189-buggy/src/main/java/hu/oe/nik/szfmv/environment/XmlToModelConverter.java, Line: 77, Element: getNodeName
[CALLSITE] Filepath: /media/4tb/npex/npex_data/benchmarks-bears/Bears-189-buggy/src/main/java/hu/oe/nik/szfmv/environment/XmlToModelConverter.java, Line: 77, Element: item
[CALLSITE] Filepath: /media/4tb/npex/npex_data/benchmarks-bears/Bears-189-buggy/src/main/java/hu/oe/nik/szfmv/environment/XmlToModelConverter.java, Line: 77, Element: getNodeName
[CALLSITE] Filepath: /media/4tb/npex/npex_data/benchmarks-bears/Bears-189-buggy/src/main/java/hu/oe/nik/szfmv/environment/XmlToModelConverter.java, Line: 77, Element: item
[CALLSITE] Filepath: /media/4tb/npex/npex_data/benchmarks-bears/Bears-189-buggy/src/main/java/hu/oe/nik/szfmv/environment/XmlToModelConverter.java, Line: 77, Element: getNodeName
[CALLSITE] Filepath: /media/4tb/npex/npex_data/benchmarks-bears/Bears-189-buggy/src/main/java/hu/oe/nik/szfmv/environment/XmlToModelConverter.java, Line: 91, Element: createObjectFromType
[ENTRY] Filepath: /media/4tb/npex/npex_data/benchmarks-bears/Bears-189-buggy/src/main/java/hu/oe/nik/szfmv/environment/XmlToModelConverter.java, Line: 118, Element: createObjectFromType
[CALLSITE] Filepath: /media/4tb/npex/npex_data/benchmarks-bears/Bears-189-buggy/src/main/java/hu/oe/nik/szfmv/environment/XmlToModelConverter.java, Line: 122, Element: indexOf
[CALLSITE] Filepath: /media/4tb/npex/npex_data/benchmarks-bears/Bears-189-buggy/src/main/java/hu/oe/nik/szfmv/environment/XmlToModelConverter.java, Line: 123, Element: indexOf
[CALLSITE] Filepath: /media/4tb/npex/npex_data/benchmarks-bears/Bears-189-buggy/src/main/java/hu/oe/nik/szfmv/environment/XmlToModelConverter.java, Line: 123, Element: substring
[CALLSITE] Filepath: /media/4tb/npex/npex_data/benchmarks-bears/Bears-189-buggy/src/main/java/hu/oe/nik/szfmv/environment/models/Road.java, Line: 92, Element: hashMapInit
[ENTRY] Filepath: /media/4tb/npex/npex_data/benchmarks-bears/Bears-189-buggy/src/main/java/hu/oe/nik/szfmv/environment/models/Road.java, Line: 95, Element: hashMapInit
[CALLSITE] Filepath: /media/4tb/npex/npex_data/benchmarks-bears/Bears-189-buggy/src/main/java/hu/oe/nik/szfmv/environment/models/Road.java, Line: 96, Element: put
[CALLSITE] Filepath: /media/4tb/npex/npex_data/benchmarks-bears/Bears-189-buggy/src/main/java/hu/oe/nik/szfmv/environment/models/Road.java, Line: 97, Element: put
[CALLSITE] Filepath: /media/4tb/npex/npex_data/benchmarks-bears/Bears-189-buggy/src/main/java/hu/oe/nik/szfmv/environment/models/Road.java, Line: 98, Element: put
[CALLSITE] Filepath: /media/4tb/npex/npex_data/benchmarks-bears/Bears-189-buggy/src/main/java/hu/oe/nik/szfmv/environment/models/Road.java, Line: 99, Element: put
[CALLSITE] Filepath: /media/4tb/npex/npex_data/benchmarks-bears/Bears-189-buggy/src/main/java/hu/oe/nik/szfmv/environment/models/Road.java, Line: 100, Element: put
[CALLSITE] Filepath: /media/4tb/npex/npex_data/benchmarks-bears/Bears-189-buggy/src/main/java/hu/oe/nik/szfmv/environment/models/Road.java, Line: 101, Element: put
[CALLSITE] Filepath: /media/4tb/npex/npex_data/benchmarks-bears/Bears-189-buggy/src/main/java/hu/oe/nik/szfmv/environment/models/Road.java, Line: 102, Element: put
[CALLSITE] Filepath: /media/4tb/npex/npex_data/benchmarks-bears/Bears-189-buggy/src/main/java/hu/oe/nik/szfmv/environment/models/Road.java, Line: 103, Element: put
[CALLSITE] Filepath: /media/4tb/npex/npex_data/benchmarks-bears/Bears-189-buggy/src/main/java/hu/oe/nik/szfmv/environment/models/Road.java, Line: 104, Element: put
[CALLSITE] Filepath: /media/4tb/npex/npex_data/benchmarks-bears/Bears-189-buggy/src/main/java/hu/oe/nik/szfmv/environment/XmlToModelConverter.java, Line: 93, Element: setImageFileName
[ENTRY] Filepath: /media/4tb/npex/npex_data/benchmarks-bears/Bears-189-buggy/src/main/java/hu/oe/nik/szfmv/environment/WorldObject.java, Line: 92, Element: setImageFileName
[CALLSITE] Filepath: /media/4tb/npex/npex_data/benchmarks-bears/Bears-189-buggy/src/main/java/hu/oe/nik/szfmv/environment/XmlToModelConverter.java, Line: 96, Element: generateDimens
[ENTRY] Filepath: /media/4tb/npex/npex_data/benchmarks-bears/Bears-189-buggy/src/main/java/hu/oe/nik/szfmv/environment/WorldObject.java, Line: 101, Element: generateDimens
[CALLSITE] Filepath: /media/4tb/npex/npex_data/benchmarks-bears/Bears-189-buggy/src/main/java/hu/oe/nik/szfmv/environment/WorldObject.java, Line: 103, Element: read
[ENTRY] Filepath: /media/4tb/npex/npex_data/benchmarks-bears/Bears-189-buggy/src/main/java/hu/oe/nik/szfmv/environment/WorldObject.java, Line: 80, Element: getImageFileName
[CALLSITE] Filepath: /media/4tb/npex/npex_data/benchmarks-bears/Bears-189-buggy/src/main/java/hu/oe/nik/szfmv/environment/WorldObject.java, Line: 107, Element: getWidth
[CALLSITE] Filepath: /media/4tb/npex/npex_data/benchmarks-bears/Bears-189-buggy/src/main/java/hu/oe/nik/szfmv/environment/WorldObject.java, Line: 108, Element: getHeight
[CALLSITE] Filepath: /media/4tb/npex/npex_data/benchmarks-bears/Bears-189-buggy/src/main/java/hu/oe/nik/szfmv/environment/XmlToModelConverter.java, Line: 99, Element: getPointsFromPositionElement
[ENTRY] Filepath: /media/4tb/npex/npex_data/benchmarks-bears/Bears-189-buggy/src/main/java/hu/oe/nik/szfmv/environment/XmlToModelConverter.java, Line: 154, Element: getPointsFromPositionElement
[CALLSITE] Filepath: /media/4tb/npex/npex_data/benchmarks-bears/Bears-189-buggy/src/main/java/hu/oe/nik/szfmv/environment/XmlToModelConverter.java, Line: 160, Element: getAttribute
[CALLSITE] Filepath: /media/4tb/npex/npex_data/benchmarks-bears/Bears-189-buggy/src/main/java/hu/oe/nik/szfmv/environment/XmlToModelConverter.java, Line: 160, Element: parseInt
[CALLSITE] Filepath: /media/4tb/npex/npex_data/benchmarks-bears/Bears-189-buggy/src/main/java/hu/oe/nik/szfmv/environment/XmlToModelConverter.java, Line: 161, Element: getAttribute
[CALLSITE] Filepath: /media/4tb/npex/npex_data/benchmarks-bears/Bears-189-buggy/src/main/java/hu/oe/nik/szfmv/environment/XmlToModelConverter.java, Line: 161, Element: parseInt
[CALLSITE] Filepath: /media/4tb/npex/npex_data/benchmarks-bears/Bears-189-buggy/src/main/java/hu/oe/nik/szfmv/environment/XmlToModelConverter.java, Line: 100, Element: setX
[ENTRY] Filepath: /media/4tb/npex/npex_data/benchmarks-bears/Bears-189-buggy/src/main/java/hu/oe/nik/szfmv/environment/WorldObject.java, Line: 48, Element: setX
[CALLSITE] Filepath: /media/4tb/npex/npex_data/benchmarks-bears/Bears-189-buggy/src/main/java/hu/oe/nik/szfmv/environment/XmlToModelConverter.java, Line: 101, Element: setY
[ENTRY] Filepath: /media/4tb/npex/npex_data/benchmarks-bears/Bears-189-buggy/src/main/java/hu/oe/nik/szfmv/environment/WorldObject.java, Line: 56, Element: setY
[CALLSITE] Filepath: /media/4tb/npex/npex_data/benchmarks-bears/Bears-189-buggy/src/main/java/hu/oe/nik/szfmv/environment/XmlToModelConverter.java, Line: 104, Element: getRotacionFromTransformElement
[CALLSITE] Filepath: /media/4tb/npex/npex_data/benchmarks-bears/Bears-189-buggy/src/main/java/hu/oe/nik/szfmv/environment/XmlToModelConverter.java, Line: 104, Element: setRotation
[ENTRY] Filepath: /media/4tb/npex/npex_data/benchmarks-bears/Bears-189-buggy/src/main/java/hu/oe/nik/szfmv/environment/XmlToModelConverter.java, Line: 173, Element: getRotacionFromTransformElement
[CALLSITE] Filepath: /media/4tb/npex/npex_data/benchmarks-bears/Bears-189-buggy/src/main/java/hu/oe/nik/szfmv/environment/XmlToModelConverter.java, Line: 182, Element: getAttribute
[CALLSITE] Filepath: /media/4tb/npex/npex_data/benchmarks-bears/Bears-189-buggy/src/main/java/hu/oe/nik/szfmv/environment/XmlToModelConverter.java, Line: 182, Element: parseDouble
[CALLSITE] Filepath: /media/4tb/npex/npex_data/benchmarks-bears/Bears-189-buggy/src/main/java/hu/oe/nik/szfmv/environment/XmlToModelConverter.java, Line: 183, Element: getAttribute
[CALLSITE] Filepath: /media/4tb/npex/npex_data/benchmarks-bears/Bears-189-buggy/src/main/java/hu/oe/nik/szfmv/environment/XmlToModelConverter.java, Line: 183, Element: parseDouble
[CALLSITE] Filepath: /media/4tb/npex/npex_data/benchmarks-bears/Bears-189-buggy/src/main/java/hu/oe/nik/szfmv/environment/XmlToModelConverter.java, Line: 184, Element: getAttribute
[CALLSITE] Filepath: /media/4tb/npex/npex_data/benchmarks-bears/Bears-189-buggy/src/main/java/hu/oe/nik/szfmv/environment/XmlToModelConverter.java, Line: 184, Element: parseDouble
[CALLSITE] Filepath: /media/4tb/npex/npex_data/benchmarks-bears/Bears-189-buggy/src/main/java/hu/oe/nik/szfmv/environment/XmlToModelConverter.java, Line: 185, Element: getAttribute
[CALLSITE] Filepath: /media/4tb/npex/npex_data/benchmarks-bears/Bears-189-buggy/src/main/java/hu/oe/nik/szfmv/environment/XmlToModelConverter.java, Line: 185, Element: parseDouble
[CALLSITE] Filepath: /media/4tb/npex/npex_data/benchmarks-bears/Bears-189-buggy/src/main/java/hu/oe/nik/szfmv/environment/XmlToModelConverter.java, Line: 187, Element: convertMatrixToRadians
[ENTRY] Filepath: /media/4tb/npex/npex_data/benchmarks-bears/Bears-189-buggy/src/main/java/hu/oe/nik/szfmv/common/Utils.java, Line: 40, Element: convertMatrixToRadians
[CALLSITE] Filepath: /media/4tb/npex/npex_data/benchmarks-bears/Bears-189-buggy/src/main/java/hu/oe/nik/szfmv/common/Utils.java, Line: 41, Element: atan2
[ENTRY] Filepath: /media/4tb/npex/npex_data/benchmarks-bears/Bears-189-buggy/src/main/java/hu/oe/nik/szfmv/environment/WorldObject.java, Line: 88, Element: setRotation
[CALLSITE] Filepath: /media/4tb/npex/npex_data/benchmarks-bears/Bears-189-buggy/src/main/java/hu/oe/nik/szfmv/environment/XmlToModelConverter.java, Line: 107, Element: generateShape
[ENTRY] Filepath: /media/4tb/npex/npex_data/benchmarks-bears/Bears-189-buggy/src/main/java/hu/oe/nik/szfmv/environment/models/Road.java, Line: 119, Element: generateShape
[CALLSITE] Filepath: /media/4tb/npex/npex_data/benchmarks-bears/Bears-189-buggy/src/main/java/hu/oe/nik/szfmv/environment/models/Road.java, Line: 122, Element: get
[CALLSITE] Filepath: /media/4tb/npex/npex_data/benchmarks-bears/Bears-189-buggy/src/main/java/hu/oe/nik/szfmv/environment/models/Road.java, Line: 125, Element: getRotation
[CALLSITE] Filepath: /media/4tb/npex/npex_data/benchmarks-bears/Bears-189-buggy/src/main/java/hu/oe/nik/szfmv/environment/models/Road.java, Line: 125, Element: getX
[CALLSITE] Filepath: /media/4tb/npex/npex_data/benchmarks-bears/Bears-189-buggy/src/main/java/hu/oe/nik/szfmv/environment/models/Road.java, Line: 125, Element: getWidth
[CALLSITE] Filepath: /media/4tb/npex/npex_data/benchmarks-bears/Bears-189-buggy/src/main/java/hu/oe/nik/szfmv/environment/models/Road.java, Line: 125, Element: rotate
[ENTRY] Filepath: /media/4tb/npex/npex_data/benchmarks-bears/Bears-189-buggy/src/main/java/hu/oe/nik/szfmv/environment/WorldObject.java, Line: 76, Element: getRotation
[ENTRY] Filepath: /media/4tb/npex/npex_data/benchmarks-bears/Bears-189-buggy/src/main/java/hu/oe/nik/szfmv/environment/WorldObject.java, Line: 44, Element: getX
[ENTRY] Filepath: /media/4tb/npex/npex_data/benchmarks-bears/Bears-189-buggy/src/main/java/hu/oe/nik/szfmv/environment/WorldObject.java, Line: 60, Element: getWidth
[ENTRY] Filepath: /media/4tb/npex/npex_data/benchmarks-bears/Bears-189-buggy/src/main/java/hu/oe/nik/szfmv/environment/WorldObject.java, Line: 52, Element: getY
[ENTRY] Filepath: /media/4tb/npex/npex_data/benchmarks-bears/Bears-189-buggy/src/main/java/hu/oe/nik/szfmv/environment/WorldObject.java, Line: 64, Element: getHeight
[CALLSITE] Filepath: /media/4tb/npex/npex_data/benchmarks-bears/Bears-189-buggy/src/main/java/hu/oe/nik/szfmv/environment/models/Road.java, Line: 131, Element: get
[CALLSITE] Filepath: /media/4tb/npex/npex_data/benchmarks-bears/Bears-189-buggy/src/main/java/hu/oe/nik/szfmv/environment/models/Road.java, Line: 131, Element: createTransformedShape
[CALLSITE] Filepath: /media/4tb/npex/npex_data/benchmarks-bears/Bears-189-buggy/src/main/java/hu/oe/nik/szfmv/environment/models/Road.java, Line: 135, Element: generateShape
[ENTRY] Filepath: /media/4tb/npex/npex_data/benchmarks-bears/Bears-189-buggy/src/main/java/hu/oe/nik/szfmv/environment/WorldObject.java, Line: 117, Element: generateShape
[CALLSITE] Filepath: /media/4tb/npex/npex_data/benchmarks-bears/Bears-189-buggy/src/main/java/hu/oe/nik/szfmv/environment/WorldObject.java, Line: 119, Element: getRotation
[CALLSITE] Filepath: /media/4tb/npex/npex_data/benchmarks-bears/Bears-189-buggy/src/main/java/hu/oe/nik/szfmv/environment/WorldObject.java, Line: 119, Element: getX
[CALLSITE] Filepath: /media/4tb/npex/npex_data/benchmarks-bears/Bears-189-buggy/src/main/java/hu/oe/nik/szfmv/environment/WorldObject.java, Line: 119, Element: getY
[CALLSITE] Filepath: /media/4tb/npex/npex_data/benchmarks-bears/Bears-189-buggy/src/main/java/hu/oe/nik/szfmv/environment/WorldObject.java, Line: 119, Element: rotate
[ENTRY] Filepath: /media/4tb/npex/npex_data/benchmarks-bears/Bears-189-buggy/src/main/java/hu/oe/nik/szfmv/environment/WorldObject.java, Line: 76, Element: getRotation
[ENTRY] Filepath: /media/4tb/npex/npex_data/benchmarks-bears/Bears-189-buggy/src/main/java/hu/oe/nik/szfmv/environment/WorldObject.java, Line: 44, Element: getX
[ENTRY] Filepath: /media/4tb/npex/npex_data/benchmarks-bears/Bears-189-buggy/src/main/java/hu/oe/nik/szfmv/environment/WorldObject.java, Line: 52, Element: getY
[CALLSITE] Filepath: /media/4tb/npex/npex_data/benchmarks-bears/Bears-189-buggy/src/main/java/hu/oe/nik/szfmv/environment/WorldObject.java, Line: 120, Element: isInstance
[CALLSITE] Filepath: /media/4tb/npex/npex_data/benchmarks-bears/Bears-189-buggy/src/main/java/hu/oe/nik/szfmv/environment/WorldObject.java, Line: 121, Element: createTransformedShape
[ENTRY] Filepath: /media/4tb/npex/npex_data/benchmarks-bears/Bears-189-buggy/src/main/java/hu/oe/nik/szfmv/environment/WorldObject.java, Line: 44, Element: getX
[ENTRY] Filepath: /media/4tb/npex/npex_data/benchmarks-bears/Bears-189-buggy/src/main/java/hu/oe/nik/szfmv/environment/WorldObject.java, Line: 52, Element: getY
[ENTRY] Filepath: /media/4tb/npex/npex_data/benchmarks-bears/Bears-189-buggy/src/main/java/hu/oe/nik/szfmv/environment/WorldObject.java, Line: 60, Element: getWidth
[ENTRY] Filepath: /media/4tb/npex/npex_data/benchmarks-bears/Bears-189-buggy/src/main/java/hu/oe/nik/szfmv/environment/WorldObject.java, Line: 64, Element: getHeight
[CALLSITE] Filepath: /media/4tb/npex/npex_data/benchmarks-bears/Bears-189-buggy/src/main/java/hu/oe/nik/szfmv/environment/XmlToModelConverter.java, Line: 109, Element: toString
[CALLSITE] Filepath: /media/4tb/npex/npex_data/benchmarks-bears/Bears-189-buggy/src/main/java/hu/oe/nik/szfmv/environment/XmlToModelConverter.java, Line: 109, Element: debug
[ENTRY] Filepath: /media/4tb/npex/npex_data/benchmarks-bears/Bears-189-buggy/src/main/java/hu/oe/nik/szfmv/environment/WorldObject.java, Line: 135, Element: toString
[CALLSITE] Filepath: /media/4tb/npex/npex_data/benchmarks-bears/Bears-189-buggy/src/main/java/hu/oe/nik/szfmv/environment/XmlToModelConverter.java, Line: 50, Element: item
[CALLSITE] Filepath: /media/4tb/npex/npex_data/benchmarks-bears/Bears-189-buggy/src/main/java/hu/oe/nik/szfmv/environment/XmlToModelConverter.java, Line: 52, Element: readValueFromXml
[CALLSITE] Filepath: /media/4tb/npex/npex_data/benchmarks-bears/Bears-189-buggy/src/main/java/hu/oe/nik/szfmv/environment/XmlToModelConverter.java, Line: 52, Element: add
[ENTRY] Filepath: /media/4tb/npex/npex_data/benchmarks-bears/Bears-189-buggy/src/main/java/hu/oe/nik/szfmv/environment/XmlToModelConverter.java, Line: 67, Element: readValueFromXml
[CALLSITE] Filepath: /media/4tb/npex/npex_data/benchmarks-bears/Bears-189-buggy/src/main/java/hu/oe/nik/szfmv/environment/XmlToModelConverter.java, Line: 72, Element: getAttribute
[CALLSITE] Filepath: /media/4tb/npex/npex_data/benchmarks-bears/Bears-189-buggy/src/main/java/hu/oe/nik/szfmv/environment/XmlToModelConverter.java, Line: 75, Element: getChildNodes
[CALLSITE] Filepath: /media/4tb/npex/npex_data/benchmarks-bears/Bears-189-buggy/src/main/java/hu/oe/nik/szfmv/environment/XmlToModelConverter.java, Line: 76, Element: getLength
[CALLSITE] Filepath: /media/4tb/npex/npex_data/benchmarks-bears/Bears-189-buggy/src/main/java/hu/oe/nik/szfmv/environment/XmlToModelConverter.java, Line: 77, Element: item
[CALLSITE] Filepath: /media/4tb/npex/npex_data/benchmarks-bears/Bears-189-buggy/src/main/java/hu/oe/nik/szfmv/environment/XmlToModelConverter.java, Line: 77, Element: getNodeName
[CALLSITE] Filepath: /media/4tb/npex/npex_data/benchmarks-bears/Bears-189-buggy/src/main/java/hu/oe/nik/szfmv/environment/XmlToModelConverter.java, Line: 77, Element: item
[CALLSITE] Filepath: /media/4tb/npex/npex_data/benchmarks-bears/Bears-189-buggy/src/main/java/hu/oe/nik/szfmv/environment/XmlToModelConverter.java, Line: 77, Element: getNodeName
[CALLSITE] Filepath: /media/4tb/npex/npex_data/benchmarks-bears/Bears-189-buggy/src/main/java/hu/oe/nik/szfmv/environment/XmlToModelConverter.java, Line: 79, Element: item
[CALLSITE] Filepath: /media/4tb/npex/npex_data/benchmarks-bears/Bears-189-buggy/src/main/java/hu/oe/nik/szfmv/environment/XmlToModelConverter.java, Line: 77, Element: item
[CALLSITE] Filepath: /media/4tb/npex/npex_data/benchmarks-bears/Bears-189-buggy/src/main/java/hu/oe/nik/szfmv/environment/XmlToModelConverter.java, Line: 77, Element: getNodeName
[CALLSITE] Filepath: /media/4tb/npex/npex_data/benchmarks-bears/Bears-189-buggy/src/main/java/hu/oe/nik/szfmv/environment/XmlToModelConverter.java, Line: 77, Element: item
[CALLSITE] Filepath: /media/4tb/npex/npex_data/benchmarks-bears/Bears-189-buggy/src/main/java/hu/oe/nik/szfmv/environment/XmlToModelConverter.java, Line: 77, Element: getNodeName
[CALLSITE] Filepath: /media/4tb/npex/npex_data/benchmarks-bears/Bears-189-buggy/src/main/java/hu/oe/nik/szfmv/environment/XmlToModelConverter.java, Line: 82, Element: item
[CALLSITE] Filepath: /media/4tb/npex/npex_data/benchmarks-bears/Bears-189-buggy/src/main/java/hu/oe/nik/szfmv/environment/XmlToModelConverter.java, Line: 77, Element: item
[CALLSITE] Filepath: /media/4tb/npex/npex_data/benchmarks-bears/Bears-189-buggy/src/main/java/hu/oe/nik/szfmv/environment/XmlToModelConverter.java, Line: 77, Element: getNodeName
[CALLSITE] Filepath: /media/4tb/npex/npex_data/benchmarks-bears/Bears-189-buggy/src/main/java/hu/oe/nik/szfmv/environment/XmlToModelConverter.java, Line: 77, Element: item
[CALLSITE] Filepath: /media/4tb/npex/npex_data/benchmarks-bears/Bears-189-buggy/src/main/java/hu/oe/nik/szfmv/environment/XmlToModelConverter.java, Line: 77, Element: getNodeName
[CALLSITE] Filepath: /media/4tb/npex/npex_data/benchmarks-bears/Bears-189-buggy/src/main/java/hu/oe/nik/szfmv/environment/XmlToModelConverter.java, Line: 77, Element: item
[CALLSITE] Filepath: /media/4tb/npex/npex_data/benchmarks-bears/Bears-189-buggy/src/main/java/hu/oe/nik/szfmv/environment/XmlToModelConverter.java, Line: 77, Element: getNodeName
[CALLSITE] Filepath: /media/4tb/npex/npex_data/benchmarks-bears/Bears-189-buggy/src/main/java/hu/oe/nik/szfmv/environment/XmlToModelConverter.java, Line: 77, Element: item
[CALLSITE] Filepath: /media/4tb/npex/npex_data/benchmarks-bears/Bears-189-buggy/src/main/java/hu/oe/nik/szfmv/environment/XmlToModelConverter.java, Line: 77, Element: getNodeName
[CALLSITE] Filepath: /media/4tb/npex/npex_data/benchmarks-bears/Bears-189-buggy/src/main/java/hu/oe/nik/szfmv/environment/XmlToModelConverter.java, Line: 77, Element: item
[CALLSITE] Filepath: /media/4tb/npex/npex_data/benchmarks-bears/Bears-189-buggy/src/main/java/hu/oe/nik/szfmv/environment/XmlToModelConverter.java, Line: 77, Element: getNodeName
[CALLSITE] Filepath: /media/4tb/npex/npex_data/benchmarks-bears/Bears-189-buggy/src/main/java/hu/oe/nik/szfmv/environment/XmlToModelConverter.java, Line: 77, Element: item
[CALLSITE] Filepath: /media/4tb/npex/npex_data/benchmarks-bears/Bears-189-buggy/src/main/java/hu/oe/nik/szfmv/environment/XmlToModelConverter.java, Line: 77, Element: getNodeName
[CALLSITE] Filepath: /media/4tb/npex/npex_data/benchmarks-bears/Bears-189-buggy/src/main/java/hu/oe/nik/szfmv/environment/XmlToModelConverter.java, Line: 77, Element: item
[CALLSITE] Filepath: /media/4tb/npex/npex_data/benchmarks-bears/Bears-189-buggy/src/main/java/hu/oe/nik/szfmv/environment/XmlToModelConverter.java, Line: 77, Element: getNodeName
[CALLSITE] Filepath: /media/4tb/npex/npex_data/benchmarks-bears/Bears-189-buggy/src/main/java/hu/oe/nik/szfmv/environment/XmlToModelConverter.java, Line: 91, Element: createObjectFromType
[ENTRY] Filepath: /media/4tb/npex/npex_data/benchmarks-bears/Bears-189-buggy/src/main/java/hu/oe/nik/szfmv/environment/XmlToModelConverter.java, Line: 118, Element: createObjectFromType
[CALLSITE] Filepath: /media/4tb/npex/npex_data/benchmarks-bears/Bears-189-buggy/src/main/java/hu/oe/nik/szfmv/environment/XmlToModelConverter.java, Line: 122, Element: indexOf
[CALLSITE] Filepath: /media/4tb/npex/npex_data/benchmarks-bears/Bears-189-buggy/src/main/java/hu/oe/nik/szfmv/environment/XmlToModelConverter.java, Line: 123, Element: indexOf
[CALLSITE] Filepath: /media/4tb/npex/npex_data/benchmarks-bears/Bears-189-buggy/src/main/java/hu/oe/nik/szfmv/environment/XmlToModelConverter.java, Line: 123, Element: substring
[CALLSITE] Filepath: /media/4tb/npex/npex_data/benchmarks-bears/Bears-189-buggy/src/main/java/hu/oe/nik/szfmv/environment/models/Road.java, Line: 92, Element: hashMapInit
[ENTRY] Filepath: /media/4tb/npex/npex_data/benchmarks-bears/Bears-189-buggy/src/main/java/hu/oe/nik/szfmv/environment/models/Road.java, Line: 95, Element: hashMapInit
[CALLSITE] Filepath: /media/4tb/npex/npex_data/benchmarks-bears/Bears-189-buggy/src/main/java/hu/oe/nik/szfmv/environment/models/Road.java, Line: 96, Element: put
[CALLSITE] Filepath: /media/4tb/npex/npex_data/benchmarks-bears/Bears-189-buggy/src/main/java/hu/oe/nik/szfmv/environment/models/Road.java, Line: 97, Element: put
[CALLSITE] Filepath: /media/4tb/npex/npex_data/benchmarks-bears/Bears-189-buggy/src/main/java/hu/oe/nik/szfmv/environment/models/Road.java, Line: 98, Element: put
[CALLSITE] Filepath: /media/4tb/npex/npex_data/benchmarks-bears/Bears-189-buggy/src/main/java/hu/oe/nik/szfmv/environment/models/Road.java, Line: 99, Element: put
[CALLSITE] Filepath: /media/4tb/npex/npex_data/benchmarks-bears/Bears-189-buggy/src/main/java/hu/oe/nik/szfmv/environment/models/Road.java, Line: 100, Element: put
[CALLSITE] Filepath: /media/4tb/npex/npex_data/benchmarks-bears/Bears-189-buggy/src/main/java/hu/oe/nik/szfmv/environment/models/Road.java, Line: 101, Element: put
[CALLSITE] Filepath: /media/4tb/npex/npex_data/benchmarks-bears/Bears-189-buggy/src/main/java/hu/oe/nik/szfmv/environment/models/Road.java, Line: 102, Element: put
[CALLSITE] Filepath: /media/4tb/npex/npex_data/benchmarks-bears/Bears-189-buggy/src/main/java/hu/oe/nik/szfmv/environment/models/Road.java, Line: 103, Element: put
[CALLSITE] Filepath: /media/4tb/npex/npex_data/benchmarks-bears/Bears-189-buggy/src/main/java/hu/oe/nik/szfmv/environment/models/Road.java, Line: 104, Element: put
[CALLSITE] Filepath: /media/4tb/npex/npex_data/benchmarks-bears/Bears-189-buggy/src/main/java/hu/oe/nik/szfmv/environment/XmlToModelConverter.java, Line: 93, Element: setImageFileName
[ENTRY] Filepath: /media/4tb/npex/npex_data/benchmarks-bears/Bears-189-buggy/src/main/java/hu/oe/nik/szfmv/environment/WorldObject.java, Line: 92, Element: setImageFileName
[CALLSITE] Filepath: /media/4tb/npex/npex_data/benchmarks-bears/Bears-189-buggy/src/main/java/hu/oe/nik/szfmv/environment/XmlToModelConverter.java, Line: 96, Element: generateDimens
[ENTRY] Filepath: /media/4tb/npex/npex_data/benchmarks-bears/Bears-189-buggy/src/main/java/hu/oe/nik/szfmv/environment/WorldObject.java, Line: 101, Element: generateDimens
[CALLSITE] Filepath: /media/4tb/npex/npex_data/benchmarks-bears/Bears-189-buggy/src/main/java/hu/oe/nik/szfmv/environment/WorldObject.java, Line: 103, Element: read
[ENTRY] Filepath: /media/4tb/npex/npex_data/benchmarks-bears/Bears-189-buggy/src/main/java/hu/oe/nik/szfmv/environment/WorldObject.java, Line: 80, Element: getImageFileName
[CALLSITE] Filepath: /media/4tb/npex/npex_data/benchmarks-bears/Bears-189-buggy/src/main/java/hu/oe/nik/szfmv/environment/WorldObject.java, Line: 107, Element: getWidth
[CALLSITE] Filepath: /media/4tb/npex/npex_data/benchmarks-bears/Bears-189-buggy/src/main/java/hu/oe/nik/szfmv/environment/WorldObject.java, Line: 108, Element: getHeight
[CALLSITE] Filepath: /media/4tb/npex/npex_data/benchmarks-bears/Bears-189-buggy/src/main/java/hu/oe/nik/szfmv/environment/XmlToModelConverter.java, Line: 99, Element: getPointsFromPositionElement
[ENTRY] Filepath: /media/4tb/npex/npex_data/benchmarks-bears/Bears-189-buggy/src/main/java/hu/oe/nik/szfmv/environment/XmlToModelConverter.java, Line: 154, Element: getPointsFromPositionElement
[CALLSITE] Filepath: /media/4tb/npex/npex_data/benchmarks-bears/Bears-189-buggy/src/main/java/hu/oe/nik/szfmv/environment/XmlToModelConverter.java, Line: 160, Element: getAttribute
[CALLSITE] Filepath: /media/4tb/npex/npex_data/benchmarks-bears/Bears-189-buggy/src/main/java/hu/oe/nik/szfmv/environment/XmlToModelConverter.java, Line: 160, Element: parseInt
[CALLSITE] Filepath: /media/4tb/npex/npex_data/benchmarks-bears/Bears-189-buggy/src/main/java/hu/oe/nik/szfmv/environment/XmlToModelConverter.java, Line: 161, Element: getAttribute
[CALLSITE] Filepath: /media/4tb/npex/npex_data/benchmarks-bears/Bears-189-buggy/src/main/java/hu/oe/nik/szfmv/environment/XmlToModelConverter.java, Line: 161, Element: parseInt
[CALLSITE] Filepath: /media/4tb/npex/npex_data/benchmarks-bears/Bears-189-buggy/src/main/java/hu/oe/nik/szfmv/environment/XmlToModelConverter.java, Line: 100, Element: setX
[ENTRY] Filepath: /media/4tb/npex/npex_data/benchmarks-bears/Bears-189-buggy/src/main/java/hu/oe/nik/szfmv/environment/WorldObject.java, Line: 48, Element: setX
[CALLSITE] Filepath: /media/4tb/npex/npex_data/benchmarks-bears/Bears-189-buggy/src/main/java/hu/oe/nik/szfmv/environment/XmlToModelConverter.java, Line: 101, Element: setY
[ENTRY] Filepath: /media/4tb/npex/npex_data/benchmarks-bears/Bears-189-buggy/src/main/java/hu/oe/nik/szfmv/environment/WorldObject.java, Line: 56, Element: setY
[CALLSITE] Filepath: /media/4tb/npex/npex_data/benchmarks-bears/Bears-189-buggy/src/main/java/hu/oe/nik/szfmv/environment/XmlToModelConverter.java, Line: 104, Element: getRotacionFromTransformElement
[CALLSITE] Filepath: /media/4tb/npex/npex_data/benchmarks-bears/Bears-189-buggy/src/main/java/hu/oe/nik/szfmv/environment/XmlToModelConverter.java, Line: 104, Element: setRotation
[ENTRY] Filepath: /media/4tb/npex/npex_data/benchmarks-bears/Bears-189-buggy/src/main/java/hu/oe/nik/szfmv/environment/XmlToModelConverter.java, Line: 173, Element: getRotacionFromTransformElement
[CALLSITE] Filepath: /media/4tb/npex/npex_data/benchmarks-bears/Bears-189-buggy/src/main/java/hu/oe/nik/szfmv/environment/XmlToModelConverter.java, Line: 182, Element: getAttribute
[CALLSITE] Filepath: /media/4tb/npex/npex_data/benchmarks-bears/Bears-189-buggy/src/main/java/hu/oe/nik/szfmv/environment/XmlToModelConverter.java, Line: 182, Element: parseDouble
[CALLSITE] Filepath: /media/4tb/npex/npex_data/benchmarks-bears/Bears-189-buggy/src/main/java/hu/oe/nik/szfmv/environment/XmlToModelConverter.java, Line: 183, Element: getAttribute
[CALLSITE] Filepath: /media/4tb/npex/npex_data/benchmarks-bears/Bears-189-buggy/src/main/java/hu/oe/nik/szfmv/environment/XmlToModelConverter.java, Line: 183, Element: parseDouble
[CALLSITE] Filepath: /media/4tb/npex/npex_data/benchmarks-bears/Bears-189-buggy/src/main/java/hu/oe/nik/szfmv/environment/XmlToModelConverter.java, Line: 184, Element: getAttribute
[CALLSITE] Filepath: /media/4tb/npex/npex_data/benchmarks-bears/Bears-189-buggy/src/main/java/hu/oe/nik/szfmv/environment/XmlToModelConverter.java, Line: 184, Element: parseDouble
[CALLSITE] Filepath: /media/4tb/npex/npex_data/benchmarks-bears/Bears-189-buggy/src/main/java/hu/oe/nik/szfmv/environment/XmlToModelConverter.java, Line: 185, Element: getAttribute
[CALLSITE] Filepath: /media/4tb/npex/npex_data/benchmarks-bears/Bears-189-buggy/src/main/java/hu/oe/nik/szfmv/environment/XmlToModelConverter.java, Line: 185, Element: parseDouble
[CALLSITE] Filepath: /media/4tb/npex/npex_data/benchmarks-bears/Bears-189-buggy/src/main/java/hu/oe/nik/szfmv/environment/XmlToModelConverter.java, Line: 187, Element: convertMatrixToRadians
[ENTRY] Filepath: /media/4tb/npex/npex_data/benchmarks-bears/Bears-189-buggy/src/main/java/hu/oe/nik/szfmv/common/Utils.java, Line: 40, Element: convertMatrixToRadians
[CALLSITE] Filepath: /media/4tb/npex/npex_data/benchmarks-bears/Bears-189-buggy/src/main/java/hu/oe/nik/szfmv/common/Utils.java, Line: 41, Element: atan2
[ENTRY] Filepath: /media/4tb/npex/npex_data/benchmarks-bears/Bears-189-buggy/src/main/java/hu/oe/nik/szfmv/environment/WorldObject.java, Line: 88, Element: setRotation
[CALLSITE] Filepath: /media/4tb/npex/npex_data/benchmarks-bears/Bears-189-buggy/src/main/java/hu/oe/nik/szfmv/environment/XmlToModelConverter.java, Line: 107, Element: generateShape
[ENTRY] Filepath: /media/4tb/npex/npex_data/benchmarks-bears/Bears-189-buggy/src/main/java/hu/oe/nik/szfmv/environment/models/Road.java, Line: 119, Element: generateShape
[CALLSITE] Filepath: /media/4tb/npex/npex_data/benchmarks-bears/Bears-189-buggy/src/main/java/hu/oe/nik/szfmv/environment/models/Road.java, Line: 122, Element: get
[CALLSITE] Filepath: /media/4tb/npex/npex_data/benchmarks-bears/Bears-189-buggy/src/main/java/hu/oe/nik/szfmv/environment/models/Road.java, Line: 125, Element: getRotation
[CALLSITE] Filepath: /media/4tb/npex/npex_data/benchmarks-bears/Bears-189-buggy/src/main/java/hu/oe/nik/szfmv/environment/models/Road.java, Line: 125, Element: getX
[CALLSITE] Filepath: /media/4tb/npex/npex_data/benchmarks-bears/Bears-189-buggy/src/main/java/hu/oe/nik/szfmv/environment/models/Road.java, Line: 125, Element: getWidth
[CALLSITE] Filepath: /media/4tb/npex/npex_data/benchmarks-bears/Bears-189-buggy/src/main/java/hu/oe/nik/szfmv/environment/models/Road.java, Line: 125, Element: rotate
[ENTRY] Filepath: /media/4tb/npex/npex_data/benchmarks-bears/Bears-189-buggy/src/main/java/hu/oe/nik/szfmv/environment/WorldObject.java, Line: 76, Element: getRotation
[ENTRY] Filepath: /media/4tb/npex/npex_data/benchmarks-bears/Bears-189-buggy/src/main/java/hu/oe/nik/szfmv/environment/WorldObject.java, Line: 44, Element: getX
[ENTRY] Filepath: /media/4tb/npex/npex_data/benchmarks-bears/Bears-189-buggy/src/main/java/hu/oe/nik/szfmv/environment/WorldObject.java, Line: 60, Element: getWidth
[ENTRY] Filepath: /media/4tb/npex/npex_data/benchmarks-bears/Bears-189-buggy/src/main/java/hu/oe/nik/szfmv/environment/WorldObject.java, Line: 52, Element: getY
[ENTRY] Filepath: /media/4tb/npex/npex_data/benchmarks-bears/Bears-189-buggy/src/main/java/hu/oe/nik/szfmv/environment/WorldObject.java, Line: 64, Element: getHeight
[CALLSITE] Filepath: /media/4tb/npex/npex_data/benchmarks-bears/Bears-189-buggy/src/main/java/hu/oe/nik/szfmv/environment/models/Road.java, Line: 131, Element: get
[CALLSITE] Filepath: /media/4tb/npex/npex_data/benchmarks-bears/Bears-189-buggy/src/main/java/hu/oe/nik/szfmv/environment/models/Road.java, Line: 131, Element: createTransformedShape
[CALLSITE] Filepath: /media/4tb/npex/npex_data/benchmarks-bears/Bears-189-buggy/src/main/java/hu/oe/nik/szfmv/environment/models/Road.java, Line: 135, Element: generateShape
[ENTRY] Filepath: /media/4tb/npex/npex_data/benchmarks-bears/Bears-189-buggy/src/main/java/hu/oe/nik/szfmv/environment/WorldObject.java, Line: 117, Element: generateShape
[CALLSITE] Filepath: /media/4tb/npex/npex_data/benchmarks-bears/Bears-189-buggy/src/main/java/hu/oe/nik/szfmv/environment/WorldObject.java, Line: 119, Element: getRotation
[CALLSITE] Filepath: /media/4tb/npex/npex_data/benchmarks-bears/Bears-189-buggy/src/main/java/hu/oe/nik/szfmv/environment/WorldObject.java, Line: 119, Element: getX
[CALLSITE] Filepath: /media/4tb/npex/npex_data/benchmarks-bears/Bears-189-buggy/src/main/java/hu/oe/nik/szfmv/environment/WorldObject.java, Line: 119, Element: getY
[CALLSITE] Filepath: /media/4tb/npex/npex_data/benchmarks-bears/Bears-189-buggy/src/main/java/hu/oe/nik/szfmv/environment/WorldObject.java, Line: 119, Element: rotate
[ENTRY] Filepath: /media/4tb/npex/npex_data/benchmarks-bears/Bears-189-buggy/src/main/java/hu/oe/nik/szfmv/environment/WorldObject.java, Line: 76, Element: getRotation
[ENTRY] Filepath: /media/4tb/npex/npex_data/benchmarks-bears/Bears-189-buggy/src/main/java/hu/oe/nik/szfmv/environment/WorldObject.java, Line: 44, Element: getX
[ENTRY] Filepath: /media/4tb/npex/npex_data/benchmarks-bears/Bears-189-buggy/src/main/java/hu/oe/nik/szfmv/environment/WorldObject.java, Line: 52, Element: getY
[CALLSITE] Filepath: /media/4tb/npex/npex_data/benchmarks-bears/Bears-189-buggy/src/main/java/hu/oe/nik/szfmv/environment/WorldObject.java, Line: 120, Element: isInstance
[CALLSITE] Filepath: /media/4tb/npex/npex_data/benchmarks-bears/Bears-189-buggy/src/main/java/hu/oe/nik/szfmv/environment/WorldObject.java, Line: 121, Element: createTransformedShape
[ENTRY] Filepath: /media/4tb/npex/npex_data/benchmarks-bears/Bears-189-buggy/src/main/java/hu/oe/nik/szfmv/environment/WorldObject.java, Line: 44, Element: getX
[ENTRY] Filepath: /media/4tb/npex/npex_data/benchmarks-bears/Bears-189-buggy/src/main/java/hu/oe/nik/szfmv/environment/WorldObject.java, Line: 52, Element: getY
[ENTRY] Filepath: /media/4tb/npex/npex_data/benchmarks-bears/Bears-189-buggy/src/main/java/hu/oe/nik/szfmv/environment/WorldObject.java, Line: 60, Element: getWidth
[ENTRY] Filepath: /media/4tb/npex/npex_data/benchmarks-bears/Bears-189-buggy/src/main/java/hu/oe/nik/szfmv/environment/WorldObject.java, Line: 64, Element: getHeight
[CALLSITE] Filepath: /media/4tb/npex/npex_data/benchmarks-bears/Bears-189-buggy/src/main/java/hu/oe/nik/szfmv/environment/XmlToModelConverter.java, Line: 109, Element: toString
[CALLSITE] Filepath: /media/4tb/npex/npex_data/benchmarks-bears/Bears-189-buggy/src/main/java/hu/oe/nik/szfmv/environment/XmlToModelConverter.java, Line: 109, Element: debug
[ENTRY] Filepath: /media/4tb/npex/npex_data/benchmarks-bears/Bears-189-buggy/src/main/java/hu/oe/nik/szfmv/environment/WorldObject.java, Line: 135, Element: toString
[CALLSITE] Filepath: /media/4tb/npex/npex_data/benchmarks-bears/Bears-189-buggy/src/main/java/hu/oe/nik/szfmv/environment/XmlToModelConverter.java, Line: 50, Element: item
[CALLSITE] Filepath: /media/4tb/npex/npex_data/benchmarks-bears/Bears-189-buggy/src/main/java/hu/oe/nik/szfmv/environment/XmlToModelConverter.java, Line: 52, Element: readValueFromXml
[CALLSITE] Filepath: /media/4tb/npex/npex_data/benchmarks-bears/Bears-189-buggy/src/main/java/hu/oe/nik/szfmv/environment/XmlToModelConverter.java, Line: 52, Element: add
[ENTRY] Filepath: /media/4tb/npex/npex_data/benchmarks-bears/Bears-189-buggy/src/main/java/hu/oe/nik/szfmv/environment/XmlToModelConverter.java, Line: 67, Element: readValueFromXml
[CALLSITE] Filepath: /media/4tb/npex/npex_data/benchmarks-bears/Bears-189-buggy/src/main/java/hu/oe/nik/szfmv/environment/XmlToModelConverter.java, Line: 72, Element: getAttribute
[CALLSITE] Filepath: /media/4tb/npex/npex_data/benchmarks-bears/Bears-189-buggy/src/main/java/hu/oe/nik/szfmv/environment/XmlToModelConverter.java, Line: 75, Element: getChildNodes
[CALLSITE] Filepath: /media/4tb/npex/npex_data/benchmarks-bears/Bears-189-buggy/src/main/java/hu/oe/nik/szfmv/environment/XmlToModelConverter.java, Line: 76, Element: getLength
[CALLSITE] Filepath: /media/4tb/npex/npex_data/benchmarks-bears/Bears-189-buggy/src/main/java/hu/oe/nik/szfmv/environment/XmlToModelConverter.java, Line: 77, Element: item
[CALLSITE] Filepath: /media/4tb/npex/npex_data/benchmarks-bears/Bears-189-buggy/src/main/java/hu/oe/nik/szfmv/environment/XmlToModelConverter.java, Line: 77, Element: getNodeName
[CALLSITE] Filepath: /media/4tb/npex/npex_data/benchmarks-bears/Bears-189-buggy/src/main/java/hu/oe/nik/szfmv/environment/XmlToModelConverter.java, Line: 77, Element: item
[CALLSITE] Filepath: /media/4tb/npex/npex_data/benchmarks-bears/Bears-189-buggy/src/main/java/hu/oe/nik/szfmv/environment/XmlToModelConverter.java, Line: 77, Element: getNodeName
[CALLSITE] Filepath: /media/4tb/npex/npex_data/benchmarks-bears/Bears-189-buggy/src/main/java/hu/oe/nik/szfmv/environment/XmlToModelConverter.java, Line: 79, Element: item
[CALLSITE] Filepath: /media/4tb/npex/npex_data/benchmarks-bears/Bears-189-buggy/src/main/java/hu/oe/nik/szfmv/environment/XmlToModelConverter.java, Line: 77, Element: item
[CALLSITE] Filepath: /media/4tb/npex/npex_data/benchmarks-bears/Bears-189-buggy/src/main/java/hu/oe/nik/szfmv/environment/XmlToModelConverter.java, Line: 77, Element: getNodeName
[CALLSITE] Filepath: /media/4tb/npex/npex_data/benchmarks-bears/Bears-189-buggy/src/main/java/hu/oe/nik/szfmv/environment/XmlToModelConverter.java, Line: 77, Element: item
[CALLSITE] Filepath: /media/4tb/npex/npex_data/benchmarks-bears/Bears-189-buggy/src/main/java/hu/oe/nik/szfmv/environment/XmlToModelConverter.java, Line: 77, Element: getNodeName
[CALLSITE] Filepath: /media/4tb/npex/npex_data/benchmarks-bears/Bears-189-buggy/src/main/java/hu/oe/nik/szfmv/environment/XmlToModelConverter.java, Line: 82, Element: item
[CALLSITE] Filepath: /media/4tb/npex/npex_data/benchmarks-bears/Bears-189-buggy/src/main/java/hu/oe/nik/szfmv/environment/XmlToModelConverter.java, Line: 77, Element: item
[CALLSITE] Filepath: /media/4tb/npex/npex_data/benchmarks-bears/Bears-189-buggy/src/main/java/hu/oe/nik/szfmv/environment/XmlToModelConverter.java, Line: 77, Element: getNodeName
[CALLSITE] Filepath: /media/4tb/npex/npex_data/benchmarks-bears/Bears-189-buggy/src/main/java/hu/oe/nik/szfmv/environment/XmlToModelConverter.java, Line: 77, Element: item
[CALLSITE] Filepath: /media/4tb/npex/npex_data/benchmarks-bears/Bears-189-buggy/src/main/java/hu/oe/nik/szfmv/environment/XmlToModelConverter.java, Line: 77, Element: getNodeName
[CALLSITE] Filepath: /media/4tb/npex/npex_data/benchmarks-bears/Bears-189-buggy/src/main/java/hu/oe/nik/szfmv/environment/XmlToModelConverter.java, Line: 77, Element: item
[CALLSITE] Filepath: /media/4tb/npex/npex_data/benchmarks-bears/Bears-189-buggy/src/main/java/hu/oe/nik/szfmv/environment/XmlToModelConverter.java, Line: 77, Element: getNodeName
[CALLSITE] Filepath: /media/4tb/npex/npex_data/benchmarks-bears/Bears-189-buggy/src/main/java/hu/oe/nik/szfmv/environment/XmlToModelConverter.java, Line: 77, Element: item
[CALLSITE] Filepath: /media/4tb/npex/npex_data/benchmarks-bears/Bears-189-buggy/src/main/java/hu/oe/nik/szfmv/environment/XmlToModelConverter.java, Line: 77, Element: getNodeName
[CALLSITE] Filepath: /media/4tb/npex/npex_data/benchmarks-bears/Bears-189-buggy/src/main/java/hu/oe/nik/szfmv/environment/XmlToModelConverter.java, Line: 77, Element: item
[CALLSITE] Filepath: /media/4tb/npex/npex_data/benchmarks-bears/Bears-189-buggy/src/main/java/hu/oe/nik/szfmv/environment/XmlToModelConverter.java, Line: 77, Element: getNodeName
[CALLSITE] Filepath: /media/4tb/npex/npex_data/benchmarks-bears/Bears-189-buggy/src/main/java/hu/oe/nik/szfmv/environment/XmlToModelConverter.java, Line: 77, Element: item
[CALLSITE] Filepath: /media/4tb/npex/npex_data/benchmarks-bears/Bears-189-buggy/src/main/java/hu/oe/nik/szfmv/environment/XmlToModelConverter.java, Line: 77, Element: getNodeName
[CALLSITE] Filepath: /media/4tb/npex/npex_data/benchmarks-bears/Bears-189-buggy/src/main/java/hu/oe/nik/szfmv/environment/XmlToModelConverter.java, Line: 77, Element: item
[CALLSITE] Filepath: /media/4tb/npex/npex_data/benchmarks-bears/Bears-189-buggy/src/main/java/hu/oe/nik/szfmv/environment/XmlToModelConverter.java, Line: 77, Element: getNodeName
[CALLSITE] Filepath: /media/4tb/npex/npex_data/benchmarks-bears/Bears-189-buggy/src/main/java/hu/oe/nik/szfmv/environment/XmlToModelConverter.java, Line: 91, Element: createObjectFromType
[ENTRY] Filepath: /media/4tb/npex/npex_data/benchmarks-bears/Bears-189-buggy/src/main/java/hu/oe/nik/szfmv/environment/XmlToModelConverter.java, Line: 118, Element: createObjectFromType
[CALLSITE] Filepath: /media/4tb/npex/npex_data/benchmarks-bears/Bears-189-buggy/src/main/java/hu/oe/nik/szfmv/environment/XmlToModelConverter.java, Line: 122, Element: indexOf
[CALLSITE] Filepath: /media/4tb/npex/npex_data/benchmarks-bears/Bears-189-buggy/src/main/java/hu/oe/nik/szfmv/environment/XmlToModelConverter.java, Line: 123, Element: indexOf
[CALLSITE] Filepath: /media/4tb/npex/npex_data/benchmarks-bears/Bears-189-buggy/src/main/java/hu/oe/nik/szfmv/environment/XmlToModelConverter.java, Line: 123, Element: substring
[CALLSITE] Filepath: /media/4tb/npex/npex_data/benchmarks-bears/Bears-189-buggy/src/main/java/hu/oe/nik/szfmv/environment/models/Road.java, Line: 92, Element: hashMapInit
[ENTRY] Filepath: /media/4tb/npex/npex_data/benchmarks-bears/Bears-189-buggy/src/main/java/hu/oe/nik/szfmv/environment/models/Road.java, Line: 95, Element: hashMapInit
[CALLSITE] Filepath: /media/4tb/npex/npex_data/benchmarks-bears/Bears-189-buggy/src/main/java/hu/oe/nik/szfmv/environment/models/Road.java, Line: 96, Element: put
[CALLSITE] Filepath: /media/4tb/npex/npex_data/benchmarks-bears/Bears-189-buggy/src/main/java/hu/oe/nik/szfmv/environment/models/Road.java, Line: 97, Element: put
[CALLSITE] Filepath: /media/4tb/npex/npex_data/benchmarks-bears/Bears-189-buggy/src/main/java/hu/oe/nik/szfmv/environment/models/Road.java, Line: 98, Element: put
[CALLSITE] Filepath: /media/4tb/npex/npex_data/benchmarks-bears/Bears-189-buggy/src/main/java/hu/oe/nik/szfmv/environment/models/Road.java, Line: 99, Element: put
[CALLSITE] Filepath: /media/4tb/npex/npex_data/benchmarks-bears/Bears-189-buggy/src/main/java/hu/oe/nik/szfmv/environment/models/Road.java, Line: 100, Element: put
[CALLSITE] Filepath: /media/4tb/npex/npex_data/benchmarks-bears/Bears-189-buggy/src/main/java/hu/oe/nik/szfmv/environment/models/Road.java, Line: 101, Element: put
[CALLSITE] Filepath: /media/4tb/npex/npex_data/benchmarks-bears/Bears-189-buggy/src/main/java/hu/oe/nik/szfmv/environment/models/Road.java, Line: 102, Element: put
[CALLSITE] Filepath: /media/4tb/npex/npex_data/benchmarks-bears/Bears-189-buggy/src/main/java/hu/oe/nik/szfmv/environment/models/Road.java, Line: 103, Element: put
[CALLSITE] Filepath: /media/4tb/npex/npex_data/benchmarks-bears/Bears-189-buggy/src/main/java/hu/oe/nik/szfmv/environment/models/Road.java, Line: 104, Element: put
[CALLSITE] Filepath: /media/4tb/npex/npex_data/benchmarks-bears/Bears-189-buggy/src/main/java/hu/oe/nik/szfmv/environment/XmlToModelConverter.java, Line: 93, Element: setImageFileName
[ENTRY] Filepath: /media/4tb/npex/npex_data/benchmarks-bears/Bears-189-buggy/src/main/java/hu/oe/nik/szfmv/environment/WorldObject.java, Line: 92, Element: setImageFileName
[CALLSITE] Filepath: /media/4tb/npex/npex_data/benchmarks-bears/Bears-189-buggy/src/main/java/hu/oe/nik/szfmv/environment/XmlToModelConverter.java, Line: 96, Element: generateDimens
[ENTRY] Filepath: /media/4tb/npex/npex_data/benchmarks-bears/Bears-189-buggy/src/main/java/hu/oe/nik/szfmv/environment/WorldObject.java, Line: 101, Element: generateDimens
[CALLSITE] Filepath: /media/4tb/npex/npex_data/benchmarks-bears/Bears-189-buggy/src/main/java/hu/oe/nik/szfmv/environment/WorldObject.java, Line: 103, Element: read
[ENTRY] Filepath: /media/4tb/npex/npex_data/benchmarks-bears/Bears-189-buggy/src/main/java/hu/oe/nik/szfmv/environment/WorldObject.java, Line: 80, Element: getImageFileName
[CALLSITE] Filepath: /media/4tb/npex/npex_data/benchmarks-bears/Bears-189-buggy/src/main/java/hu/oe/nik/szfmv/environment/WorldObject.java, Line: 107, Element: getWidth
[CALLSITE] Filepath: /media/4tb/npex/npex_data/benchmarks-bears/Bears-189-buggy/src/main/java/hu/oe/nik/szfmv/environment/WorldObject.java, Line: 108, Element: getHeight
[CALLSITE] Filepath: /media/4tb/npex/npex_data/benchmarks-bears/Bears-189-buggy/src/main/java/hu/oe/nik/szfmv/environment/XmlToModelConverter.java, Line: 99, Element: getPointsFromPositionElement
[ENTRY] Filepath: /media/4tb/npex/npex_data/benchmarks-bears/Bears-189-buggy/src/main/java/hu/oe/nik/szfmv/environment/XmlToModelConverter.java, Line: 154, Element: getPointsFromPositionElement
[CALLSITE] Filepath: /media/4tb/npex/npex_data/benchmarks-bears/Bears-189-buggy/src/main/java/hu/oe/nik/szfmv/environment/XmlToModelConverter.java, Line: 160, Element: getAttribute
[CALLSITE] Filepath: /media/4tb/npex/npex_data/benchmarks-bears/Bears-189-buggy/src/main/java/hu/oe/nik/szfmv/environment/XmlToModelConverter.java, Line: 160, Element: parseInt
[CALLSITE] Filepath: /media/4tb/npex/npex_data/benchmarks-bears/Bears-189-buggy/src/main/java/hu/oe/nik/szfmv/environment/XmlToModelConverter.java, Line: 161, Element: getAttribute
[CALLSITE] Filepath: /media/4tb/npex/npex_data/benchmarks-bears/Bears-189-buggy/src/main/java/hu/oe/nik/szfmv/environment/XmlToModelConverter.java, Line: 161, Element: parseInt
[CALLSITE] Filepath: /media/4tb/npex/npex_data/benchmarks-bears/Bears-189-buggy/src/main/java/hu/oe/nik/szfmv/environment/XmlToModelConverter.java, Line: 100, Element: setX
[ENTRY] Filepath: /media/4tb/npex/npex_data/benchmarks-bears/Bears-189-buggy/src/main/java/hu/oe/nik/szfmv/environment/WorldObject.java, Line: 48, Element: setX
[CALLSITE] Filepath: /media/4tb/npex/npex_data/benchmarks-bears/Bears-189-buggy/src/main/java/hu/oe/nik/szfmv/environment/XmlToModelConverter.java, Line: 101, Element: setY
[ENTRY] Filepath: /media/4tb/npex/npex_data/benchmarks-bears/Bears-189-buggy/src/main/java/hu/oe/nik/szfmv/environment/WorldObject.java, Line: 56, Element: setY
[CALLSITE] Filepath: /media/4tb/npex/npex_data/benchmarks-bears/Bears-189-buggy/src/main/java/hu/oe/nik/szfmv/environment/XmlToModelConverter.java, Line: 104, Element: getRotacionFromTransformElement
[CALLSITE] Filepath: /media/4tb/npex/npex_data/benchmarks-bears/Bears-189-buggy/src/main/java/hu/oe/nik/szfmv/environment/XmlToModelConverter.java, Line: 104, Element: setRotation
[ENTRY] Filepath: /media/4tb/npex/npex_data/benchmarks-bears/Bears-189-buggy/src/main/java/hu/oe/nik/szfmv/environment/XmlToModelConverter.java, Line: 173, Element: getRotacionFromTransformElement
[CALLSITE] Filepath: /media/4tb/npex/npex_data/benchmarks-bears/Bears-189-buggy/src/main/java/hu/oe/nik/szfmv/environment/XmlToModelConverter.java, Line: 182, Element: getAttribute
[CALLSITE] Filepath: /media/4tb/npex/npex_data/benchmarks-bears/Bears-189-buggy/src/main/java/hu/oe/nik/szfmv/environment/XmlToModelConverter.java, Line: 182, Element: parseDouble
[CALLSITE] Filepath: /media/4tb/npex/npex_data/benchmarks-bears/Bears-189-buggy/src/main/java/hu/oe/nik/szfmv/environment/XmlToModelConverter.java, Line: 183, Element: getAttribute
[CALLSITE] Filepath: /media/4tb/npex/npex_data/benchmarks-bears/Bears-189-buggy/src/main/java/hu/oe/nik/szfmv/environment/XmlToModelConverter.java, Line: 183, Element: parseDouble
[CALLSITE] Filepath: /media/4tb/npex/npex_data/benchmarks-bears/Bears-189-buggy/src/main/java/hu/oe/nik/szfmv/environment/XmlToModelConverter.java, Line: 184, Element: getAttribute
[CALLSITE] Filepath: /media/4tb/npex/npex_data/benchmarks-bears/Bears-189-buggy/src/main/java/hu/oe/nik/szfmv/environment/XmlToModelConverter.java, Line: 184, Element: parseDouble
[CALLSITE] Filepath: /media/4tb/npex/npex_data/benchmarks-bears/Bears-189-buggy/src/main/java/hu/oe/nik/szfmv/environment/XmlToModelConverter.java, Line: 185, Element: getAttribute
[CALLSITE] Filepath: /media/4tb/npex/npex_data/benchmarks-bears/Bears-189-buggy/src/main/java/hu/oe/nik/szfmv/environment/XmlToModelConverter.java, Line: 185, Element: parseDouble
[CALLSITE] Filepath: /media/4tb/npex/npex_data/benchmarks-bears/Bears-189-buggy/src/main/java/hu/oe/nik/szfmv/environment/XmlToModelConverter.java, Line: 187, Element: convertMatrixToRadians
[ENTRY] Filepath: /media/4tb/npex/npex_data/benchmarks-bears/Bears-189-buggy/src/main/java/hu/oe/nik/szfmv/common/Utils.java, Line: 40, Element: convertMatrixToRadians
[CALLSITE] Filepath: /media/4tb/npex/npex_data/benchmarks-bears/Bears-189-buggy/src/main/java/hu/oe/nik/szfmv/common/Utils.java, Line: 41, Element: atan2
[ENTRY] Filepath: /media/4tb/npex/npex_data/benchmarks-bears/Bears-189-buggy/src/main/java/hu/oe/nik/szfmv/environment/WorldObject.java, Line: 88, Element: setRotation
[CALLSITE] Filepath: /media/4tb/npex/npex_data/benchmarks-bears/Bears-189-buggy/src/main/java/hu/oe/nik/szfmv/environment/XmlToModelConverter.java, Line: 107, Element: generateShape
[ENTRY] Filepath: /media/4tb/npex/npex_data/benchmarks-bears/Bears-189-buggy/src/main/java/hu/oe/nik/szfmv/environment/models/Road.java, Line: 119, Element: generateShape
[CALLSITE] Filepath: /media/4tb/npex/npex_data/benchmarks-bears/Bears-189-buggy/src/main/java/hu/oe/nik/szfmv/environment/models/Road.java, Line: 122, Element: get
[CALLSITE] Filepath: /media/4tb/npex/npex_data/benchmarks-bears/Bears-189-buggy/src/main/java/hu/oe/nik/szfmv/environment/models/Road.java, Line: 128, Element: getX
[CALLSITE] Filepath: /media/4tb/npex/npex_data/benchmarks-bears/Bears-189-buggy/src/main/java/hu/oe/nik/szfmv/environment/models/Road.java, Line: 128, Element: getX
[CALLSITE] Filepath: /media/4tb/npex/npex_data/benchmarks-bears/Bears-189-buggy/src/main/java/hu/oe/nik/szfmv/environment/models/Road.java, Line: 128, Element: getY
[CALLSITE] Filepath: /media/4tb/npex/npex_data/benchmarks-bears/Bears-189-buggy/src/main/java/hu/oe/nik/szfmv/environment/models/Road.java, Line: 128, Element: getY
[CALLSITE] Filepath: /media/4tb/npex/npex_data/benchmarks-bears/Bears-189-buggy/src/main/java/hu/oe/nik/szfmv/environment/models/Road.java, Line: 128, Element: translate
[ENTRY] Filepath: /media/4tb/npex/npex_data/benchmarks-bears/Bears-189-buggy/src/main/java/hu/oe/nik/szfmv/environment/WorldObject.java, Line: 44, Element: getX
[ENTRY] Filepath: /media/4tb/npex/npex_data/benchmarks-bears/Bears-189-buggy/src/main/java/hu/oe/nik/szfmv/environment/WorldObject.java, Line: 52, Element: getY
[CALLSITE] Filepath: /media/4tb/npex/npex_data/benchmarks-bears/Bears-189-buggy/src/main/java/hu/oe/nik/szfmv/environment/models/Road.java, Line: 129, Element: getRotation
[CALLSITE] Filepath: /media/4tb/npex/npex_data/benchmarks-bears/Bears-189-buggy/src/main/java/hu/oe/nik/szfmv/environment/models/Road.java, Line: 129, Element: getX
[CALLSITE] Filepath: /media/4tb/npex/npex_data/benchmarks-bears/Bears-189-buggy/src/main/java/hu/oe/nik/szfmv/environment/models/Road.java, Line: 129, Element: getY
[CALLSITE] Filepath: /media/4tb/npex/npex_data/benchmarks-bears/Bears-189-buggy/src/main/java/hu/oe/nik/szfmv/environment/models/Road.java, Line: 129, Element: rotate
[ENTRY] Filepath: /media/4tb/npex/npex_data/benchmarks-bears/Bears-189-buggy/src/main/java/hu/oe/nik/szfmv/environment/WorldObject.java, Line: 76, Element: getRotation
[CALLSITE] Filepath: /media/4tb/npex/npex_data/benchmarks-bears/Bears-189-buggy/src/main/java/hu/oe/nik/szfmv/environment/models/Road.java, Line: 131, Element: get
[CALLSITE] Filepath: /media/4tb/npex/npex_data/benchmarks-bears/Bears-189-buggy/src/main/java/hu/oe/nik/szfmv/environment/models/Road.java, Line: 131, Element: createTransformedShape
[CALLSITE] Filepath: /media/4tb/npex/npex_data/benchmarks-bears/Bears-189-buggy/src/main/java/hu/oe/nik/szfmv/environment/XmlToModelConverter.java, Line: 109, Element: toString
[CALLSITE] Filepath: /media/4tb/npex/npex_data/benchmarks-bears/Bears-189-buggy/src/main/java/hu/oe/nik/szfmv/environment/XmlToModelConverter.java, Line: 109, Element: debug
[ENTRY] Filepath: /media/4tb/npex/npex_data/benchmarks-bears/Bears-189-buggy/src/main/java/hu/oe/nik/szfmv/environment/WorldObject.java, Line: 135, Element: toString
[CALLSITE] Filepath: /media/4tb/npex/npex_data/benchmarks-bears/Bears-189-buggy/src/main/java/hu/oe/nik/szfmv/environment/XmlToModelConverter.java, Line: 50, Element: item
[CALLSITE] Filepath: /media/4tb/npex/npex_data/benchmarks-bears/Bears-189-buggy/src/main/java/hu/oe/nik/szfmv/environment/XmlToModelConverter.java, Line: 52, Element: readValueFromXml
[CALLSITE] Filepath: /media/4tb/npex/npex_data/benchmarks-bears/Bears-189-buggy/src/main/java/hu/oe/nik/szfmv/environment/XmlToModelConverter.java, Line: 52, Element: add
[ENTRY] Filepath: /media/4tb/npex/npex_data/benchmarks-bears/Bears-189-buggy/src/main/java/hu/oe/nik/szfmv/environment/XmlToModelConverter.java, Line: 67, Element: readValueFromXml
[CALLSITE] Filepath: /media/4tb/npex/npex_data/benchmarks-bears/Bears-189-buggy/src/main/java/hu/oe/nik/szfmv/environment/XmlToModelConverter.java, Line: 72, Element: getAttribute
[CALLSITE] Filepath: /media/4tb/npex/npex_data/benchmarks-bears/Bears-189-buggy/src/main/java/hu/oe/nik/szfmv/environment/XmlToModelConverter.java, Line: 75, Element: getChildNodes
[CALLSITE] Filepath: /media/4tb/npex/npex_data/benchmarks-bears/Bears-189-buggy/src/main/java/hu/oe/nik/szfmv/environment/XmlToModelConverter.java, Line: 76, Element: getLength
[CALLSITE] Filepath: /media/4tb/npex/npex_data/benchmarks-bears/Bears-189-buggy/src/main/java/hu/oe/nik/szfmv/environment/XmlToModelConverter.java, Line: 77, Element: item
[CALLSITE] Filepath: /media/4tb/npex/npex_data/benchmarks-bears/Bears-189-buggy/src/main/java/hu/oe/nik/szfmv/environment/XmlToModelConverter.java, Line: 77, Element: getNodeName
[CALLSITE] Filepath: /media/4tb/npex/npex_data/benchmarks-bears/Bears-189-buggy/src/main/java/hu/oe/nik/szfmv/environment/XmlToModelConverter.java, Line: 77, Element: item
[CALLSITE] Filepath: /media/4tb/npex/npex_data/benchmarks-bears/Bears-189-buggy/src/main/java/hu/oe/nik/szfmv/environment/XmlToModelConverter.java, Line: 77, Element: getNodeName
[CALLSITE] Filepath: /media/4tb/npex/npex_data/benchmarks-bears/Bears-189-buggy/src/main/java/hu/oe/nik/szfmv/environment/XmlToModelConverter.java, Line: 79, Element: item
[CALLSITE] Filepath: /media/4tb/npex/npex_data/benchmarks-bears/Bears-189-buggy/src/main/java/hu/oe/nik/szfmv/environment/XmlToModelConverter.java, Line: 77, Element: item
[CALLSITE] Filepath: /media/4tb/npex/npex_data/benchmarks-bears/Bears-189-buggy/src/main/java/hu/oe/nik/szfmv/environment/XmlToModelConverter.java, Line: 77, Element: getNodeName
[CALLSITE] Filepath: /media/4tb/npex/npex_data/benchmarks-bears/Bears-189-buggy/src/main/java/hu/oe/nik/szfmv/environment/XmlToModelConverter.java, Line: 77, Element: item
[CALLSITE] Filepath: /media/4tb/npex/npex_data/benchmarks-bears/Bears-189-buggy/src/main/java/hu/oe/nik/szfmv/environment/XmlToModelConverter.java, Line: 77, Element: getNodeName
[CALLSITE] Filepath: /media/4tb/npex/npex_data/benchmarks-bears/Bears-189-buggy/src/main/java/hu/oe/nik/szfmv/environment/XmlToModelConverter.java, Line: 82, Element: item
[CALLSITE] Filepath: /media/4tb/npex/npex_data/benchmarks-bears/Bears-189-buggy/src/main/java/hu/oe/nik/szfmv/environment/XmlToModelConverter.java, Line: 77, Element: item
[CALLSITE] Filepath: /media/4tb/npex/npex_data/benchmarks-bears/Bears-189-buggy/src/main/java/hu/oe/nik/szfmv/environment/XmlToModelConverter.java, Line: 77, Element: getNodeName
[CALLSITE] Filepath: /media/4tb/npex/npex_data/benchmarks-bears/Bears-189-buggy/src/main/java/hu/oe/nik/szfmv/environment/XmlToModelConverter.java, Line: 77, Element: item
[CALLSITE] Filepath: /media/4tb/npex/npex_data/benchmarks-bears/Bears-189-buggy/src/main/java/hu/oe/nik/szfmv/environment/XmlToModelConverter.java, Line: 77, Element: getNodeName
[CALLSITE] Filepath: /media/4tb/npex/npex_data/benchmarks-bears/Bears-189-buggy/src/main/java/hu/oe/nik/szfmv/environment/XmlToModelConverter.java, Line: 77, Element: item
[CALLSITE] Filepath: /media/4tb/npex/npex_data/benchmarks-bears/Bears-189-buggy/src/main/java/hu/oe/nik/szfmv/environment/XmlToModelConverter.java, Line: 77, Element: getNodeName
[CALLSITE] Filepath: /media/4tb/npex/npex_data/benchmarks-bears/Bears-189-buggy/src/main/java/hu/oe/nik/szfmv/environment/XmlToModelConverter.java, Line: 77, Element: item
[CALLSITE] Filepath: /media/4tb/npex/npex_data/benchmarks-bears/Bears-189-buggy/src/main/java/hu/oe/nik/szfmv/environment/XmlToModelConverter.java, Line: 77, Element: getNodeName
[CALLSITE] Filepath: /media/4tb/npex/npex_data/benchmarks-bears/Bears-189-buggy/src/main/java/hu/oe/nik/szfmv/environment/XmlToModelConverter.java, Line: 77, Element: item
[CALLSITE] Filepath: /media/4tb/npex/npex_data/benchmarks-bears/Bears-189-buggy/src/main/java/hu/oe/nik/szfmv/environment/XmlToModelConverter.java, Line: 77, Element: getNodeName
[CALLSITE] Filepath: /media/4tb/npex/npex_data/benchmarks-bears/Bears-189-buggy/src/main/java/hu/oe/nik/szfmv/environment/XmlToModelConverter.java, Line: 77, Element: item
[CALLSITE] Filepath: /media/4tb/npex/npex_data/benchmarks-bears/Bears-189-buggy/src/main/java/hu/oe/nik/szfmv/environment/XmlToModelConverter.java, Line: 77, Element: getNodeName
[CALLSITE] Filepath: /media/4tb/npex/npex_data/benchmarks-bears/Bears-189-buggy/src/main/java/hu/oe/nik/szfmv/environment/XmlToModelConverter.java, Line: 77, Element: item
[CALLSITE] Filepath: /media/4tb/npex/npex_data/benchmarks-bears/Bears-189-buggy/src/main/java/hu/oe/nik/szfmv/environment/XmlToModelConverter.java, Line: 77, Element: getNodeName
[CALLSITE] Filepath: /media/4tb/npex/npex_data/benchmarks-bears/Bears-189-buggy/src/main/java/hu/oe/nik/szfmv/environment/XmlToModelConverter.java, Line: 91, Element: createObjectFromType
[ENTRY] Filepath: /media/4tb/npex/npex_data/benchmarks-bears/Bears-189-buggy/src/main/java/hu/oe/nik/szfmv/environment/XmlToModelConverter.java, Line: 118, Element: createObjectFromType
[CALLSITE] Filepath: /media/4tb/npex/npex_data/benchmarks-bears/Bears-189-buggy/src/main/java/hu/oe/nik/szfmv/environment/XmlToModelConverter.java, Line: 122, Element: indexOf
[CALLSITE] Filepath: /media/4tb/npex/npex_data/benchmarks-bears/Bears-189-buggy/src/main/java/hu/oe/nik/szfmv/environment/XmlToModelConverter.java, Line: 123, Element: indexOf
[CALLSITE] Filepath: /media/4tb/npex/npex_data/benchmarks-bears/Bears-189-buggy/src/main/java/hu/oe/nik/szfmv/environment/XmlToModelConverter.java, Line: 123, Element: substring
[CALLSITE] Filepath: /media/4tb/npex/npex_data/benchmarks-bears/Bears-189-buggy/src/main/java/hu/oe/nik/szfmv/environment/models/Road.java, Line: 92, Element: hashMapInit
[ENTRY] Filepath: /media/4tb/npex/npex_data/benchmarks-bears/Bears-189-buggy/src/main/java/hu/oe/nik/szfmv/environment/models/Road.java, Line: 95, Element: hashMapInit
[CALLSITE] Filepath: /media/4tb/npex/npex_data/benchmarks-bears/Bears-189-buggy/src/main/java/hu/oe/nik/szfmv/environment/models/Road.java, Line: 96, Element: put
[CALLSITE] Filepath: /media/4tb/npex/npex_data/benchmarks-bears/Bears-189-buggy/src/main/java/hu/oe/nik/szfmv/environment/models/Road.java, Line: 97, Element: put
[CALLSITE] Filepath: /media/4tb/npex/npex_data/benchmarks-bears/Bears-189-buggy/src/main/java/hu/oe/nik/szfmv/environment/models/Road.java, Line: 98, Element: put
[CALLSITE] Filepath: /media/4tb/npex/npex_data/benchmarks-bears/Bears-189-buggy/src/main/java/hu/oe/nik/szfmv/environment/models/Road.java, Line: 99, Element: put
[CALLSITE] Filepath: /media/4tb/npex/npex_data/benchmarks-bears/Bears-189-buggy/src/main/java/hu/oe/nik/szfmv/environment/models/Road.java, Line: 100, Element: put
[CALLSITE] Filepath: /media/4tb/npex/npex_data/benchmarks-bears/Bears-189-buggy/src/main/java/hu/oe/nik/szfmv/environment/models/Road.java, Line: 101, Element: put
[CALLSITE] Filepath: /media/4tb/npex/npex_data/benchmarks-bears/Bears-189-buggy/src/main/java/hu/oe/nik/szfmv/environment/models/Road.java, Line: 102, Element: put
[CALLSITE] Filepath: /media/4tb/npex/npex_data/benchmarks-bears/Bears-189-buggy/src/main/java/hu/oe/nik/szfmv/environment/models/Road.java, Line: 103, Element: put
[CALLSITE] Filepath: /media/4tb/npex/npex_data/benchmarks-bears/Bears-189-buggy/src/main/java/hu/oe/nik/szfmv/environment/models/Road.java, Line: 104, Element: put
[CALLSITE] Filepath: /media/4tb/npex/npex_data/benchmarks-bears/Bears-189-buggy/src/main/java/hu/oe/nik/szfmv/environment/XmlToModelConverter.java, Line: 93, Element: setImageFileName
[ENTRY] Filepath: /media/4tb/npex/npex_data/benchmarks-bears/Bears-189-buggy/src/main/java/hu/oe/nik/szfmv/environment/WorldObject.java, Line: 92, Element: setImageFileName
[CALLSITE] Filepath: /media/4tb/npex/npex_data/benchmarks-bears/Bears-189-buggy/src/main/java/hu/oe/nik/szfmv/environment/XmlToModelConverter.java, Line: 96, Element: generateDimens
[ENTRY] Filepath: /media/4tb/npex/npex_data/benchmarks-bears/Bears-189-buggy/src/main/java/hu/oe/nik/szfmv/environment/WorldObject.java, Line: 101, Element: generateDimens
[CALLSITE] Filepath: /media/4tb/npex/npex_data/benchmarks-bears/Bears-189-buggy/src/main/java/hu/oe/nik/szfmv/environment/WorldObject.java, Line: 103, Element: read
[ENTRY] Filepath: /media/4tb/npex/npex_data/benchmarks-bears/Bears-189-buggy/src/main/java/hu/oe/nik/szfmv/environment/WorldObject.java, Line: 80, Element: getImageFileName
[CALLSITE] Filepath: /media/4tb/npex/npex_data/benchmarks-bears/Bears-189-buggy/src/main/java/hu/oe/nik/szfmv/environment/WorldObject.java, Line: 107, Element: getWidth
[CALLSITE] Filepath: /media/4tb/npex/npex_data/benchmarks-bears/Bears-189-buggy/src/main/java/hu/oe/nik/szfmv/environment/WorldObject.java, Line: 108, Element: getHeight
[CALLSITE] Filepath: /media/4tb/npex/npex_data/benchmarks-bears/Bears-189-buggy/src/main/java/hu/oe/nik/szfmv/environment/XmlToModelConverter.java, Line: 99, Element: getPointsFromPositionElement
[ENTRY] Filepath: /media/4tb/npex/npex_data/benchmarks-bears/Bears-189-buggy/src/main/java/hu/oe/nik/szfmv/environment/XmlToModelConverter.java, Line: 154, Element: getPointsFromPositionElement
[CALLSITE] Filepath: /media/4tb/npex/npex_data/benchmarks-bears/Bears-189-buggy/src/main/java/hu/oe/nik/szfmv/environment/XmlToModelConverter.java, Line: 160, Element: getAttribute
[CALLSITE] Filepath: /media/4tb/npex/npex_data/benchmarks-bears/Bears-189-buggy/src/main/java/hu/oe/nik/szfmv/environment/XmlToModelConverter.java, Line: 160, Element: parseInt
[CALLSITE] Filepath: /media/4tb/npex/npex_data/benchmarks-bears/Bears-189-buggy/src/main/java/hu/oe/nik/szfmv/environment/XmlToModelConverter.java, Line: 161, Element: getAttribute
[CALLSITE] Filepath: /media/4tb/npex/npex_data/benchmarks-bears/Bears-189-buggy/src/main/java/hu/oe/nik/szfmv/environment/XmlToModelConverter.java, Line: 161, Element: parseInt
[CALLSITE] Filepath: /media/4tb/npex/npex_data/benchmarks-bears/Bears-189-buggy/src/main/java/hu/oe/nik/szfmv/environment/XmlToModelConverter.java, Line: 100, Element: setX
[ENTRY] Filepath: /media/4tb/npex/npex_data/benchmarks-bears/Bears-189-buggy/src/main/java/hu/oe/nik/szfmv/environment/WorldObject.java, Line: 48, Element: setX
[CALLSITE] Filepath: /media/4tb/npex/npex_data/benchmarks-bears/Bears-189-buggy/src/main/java/hu/oe/nik/szfmv/environment/XmlToModelConverter.java, Line: 101, Element: setY
[ENTRY] Filepath: /media/4tb/npex/npex_data/benchmarks-bears/Bears-189-buggy/src/main/java/hu/oe/nik/szfmv/environment/WorldObject.java, Line: 56, Element: setY
[CALLSITE] Filepath: /media/4tb/npex/npex_data/benchmarks-bears/Bears-189-buggy/src/main/java/hu/oe/nik/szfmv/environment/XmlToModelConverter.java, Line: 104, Element: getRotacionFromTransformElement
[CALLSITE] Filepath: /media/4tb/npex/npex_data/benchmarks-bears/Bears-189-buggy/src/main/java/hu/oe/nik/szfmv/environment/XmlToModelConverter.java, Line: 104, Element: setRotation
[ENTRY] Filepath: /media/4tb/npex/npex_data/benchmarks-bears/Bears-189-buggy/src/main/java/hu/oe/nik/szfmv/environment/XmlToModelConverter.java, Line: 173, Element: getRotacionFromTransformElement
[CALLSITE] Filepath: /media/4tb/npex/npex_data/benchmarks-bears/Bears-189-buggy/src/main/java/hu/oe/nik/szfmv/environment/XmlToModelConverter.java, Line: 182, Element: getAttribute
[CALLSITE] Filepath: /media/4tb/npex/npex_data/benchmarks-bears/Bears-189-buggy/src/main/java/hu/oe/nik/szfmv/environment/XmlToModelConverter.java, Line: 182, Element: parseDouble
[CALLSITE] Filepath: /media/4tb/npex/npex_data/benchmarks-bears/Bears-189-buggy/src/main/java/hu/oe/nik/szfmv/environment/XmlToModelConverter.java, Line: 183, Element: getAttribute
[CALLSITE] Filepath: /media/4tb/npex/npex_data/benchmarks-bears/Bears-189-buggy/src/main/java/hu/oe/nik/szfmv/environment/XmlToModelConverter.java, Line: 183, Element: parseDouble
[CALLSITE] Filepath: /media/4tb/npex/npex_data/benchmarks-bears/Bears-189-buggy/src/main/java/hu/oe/nik/szfmv/environment/XmlToModelConverter.java, Line: 184, Element: getAttribute
[CALLSITE] Filepath: /media/4tb/npex/npex_data/benchmarks-bears/Bears-189-buggy/src/main/java/hu/oe/nik/szfmv/environment/XmlToModelConverter.java, Line: 184, Element: parseDouble
[CALLSITE] Filepath: /media/4tb/npex/npex_data/benchmarks-bears/Bears-189-buggy/src/main/java/hu/oe/nik/szfmv/environment/XmlToModelConverter.java, Line: 185, Element: getAttribute
[CALLSITE] Filepath: /media/4tb/npex/npex_data/benchmarks-bears/Bears-189-buggy/src/main/java/hu/oe/nik/szfmv/environment/XmlToModelConverter.java, Line: 185, Element: parseDouble
[CALLSITE] Filepath: /media/4tb/npex/npex_data/benchmarks-bears/Bears-189-buggy/src/main/java/hu/oe/nik/szfmv/environment/XmlToModelConverter.java, Line: 187, Element: convertMatrixToRadians
[ENTRY] Filepath: /media/4tb/npex/npex_data/benchmarks-bears/Bears-189-buggy/src/main/java/hu/oe/nik/szfmv/common/Utils.java, Line: 40, Element: convertMatrixToRadians
[CALLSITE] Filepath: /media/4tb/npex/npex_data/benchmarks-bears/Bears-189-buggy/src/main/java/hu/oe/nik/szfmv/common/Utils.java, Line: 41, Element: atan2
[ENTRY] Filepath: /media/4tb/npex/npex_data/benchmarks-bears/Bears-189-buggy/src/main/java/hu/oe/nik/szfmv/environment/WorldObject.java, Line: 88, Element: setRotation
[CALLSITE] Filepath: /media/4tb/npex/npex_data/benchmarks-bears/Bears-189-buggy/src/main/java/hu/oe/nik/szfmv/environment/XmlToModelConverter.java, Line: 107, Element: generateShape
[ENTRY] Filepath: /media/4tb/npex/npex_data/benchmarks-bears/Bears-189-buggy/src/main/java/hu/oe/nik/szfmv/environment/models/Road.java, Line: 119, Element: generateShape
[CALLSITE] Filepath: /media/4tb/npex/npex_data/benchmarks-bears/Bears-189-buggy/src/main/java/hu/oe/nik/szfmv/environment/models/Road.java, Line: 122, Element: get
[CALLSITE] Filepath: /media/4tb/npex/npex_data/benchmarks-bears/Bears-189-buggy/src/main/java/hu/oe/nik/szfmv/environment/models/Road.java, Line: 128, Element: getX
[CALLSITE] Filepath: /media/4tb/npex/npex_data/benchmarks-bears/Bears-189-buggy/src/main/java/hu/oe/nik/szfmv/environment/models/Road.java, Line: 128, Element: getX
[CALLSITE] Filepath: /media/4tb/npex/npex_data/benchmarks-bears/Bears-189-buggy/src/main/java/hu/oe/nik/szfmv/environment/models/Road.java, Line: 128, Element: getY
[CALLSITE] Filepath: /media/4tb/npex/npex_data/benchmarks-bears/Bears-189-buggy/src/main/java/hu/oe/nik/szfmv/environment/models/Road.java, Line: 128, Element: getY
[CALLSITE] Filepath: /media/4tb/npex/npex_data/benchmarks-bears/Bears-189-buggy/src/main/java/hu/oe/nik/szfmv/environment/models/Road.java, Line: 128, Element: translate
[ENTRY] Filepath: /media/4tb/npex/npex_data/benchmarks-bears/Bears-189-buggy/src/main/java/hu/oe/nik/szfmv/environment/WorldObject.java, Line: 44, Element: getX
[ENTRY] Filepath: /media/4tb/npex/npex_data/benchmarks-bears/Bears-189-buggy/src/main/java/hu/oe/nik/szfmv/environment/WorldObject.java, Line: 52, Element: getY
[CALLSITE] Filepath: /media/4tb/npex/npex_data/benchmarks-bears/Bears-189-buggy/src/main/java/hu/oe/nik/szfmv/environment/models/Road.java, Line: 129, Element: getRotation
[CALLSITE] Filepath: /media/4tb/npex/npex_data/benchmarks-bears/Bears-189-buggy/src/main/java/hu/oe/nik/szfmv/environment/models/Road.java, Line: 129, Element: getX
[CALLSITE] Filepath: /media/4tb/npex/npex_data/benchmarks-bears/Bears-189-buggy/src/main/java/hu/oe/nik/szfmv/environment/models/Road.java, Line: 129, Element: getY
[CALLSITE] Filepath: /media/4tb/npex/npex_data/benchmarks-bears/Bears-189-buggy/src/main/java/hu/oe/nik/szfmv/environment/models/Road.java, Line: 129, Element: rotate
[ENTRY] Filepath: /media/4tb/npex/npex_data/benchmarks-bears/Bears-189-buggy/src/main/java/hu/oe/nik/szfmv/environment/WorldObject.java, Line: 76, Element: getRotation
[CALLSITE] Filepath: /media/4tb/npex/npex_data/benchmarks-bears/Bears-189-buggy/src/main/java/hu/oe/nik/szfmv/environment/models/Road.java, Line: 131, Element: get
[CALLSITE] Filepath: /media/4tb/npex/npex_data/benchmarks-bears/Bears-189-buggy/src/main/java/hu/oe/nik/szfmv/environment/models/Road.java, Line: 131, Element: createTransformedShape
[CALLSITE] Filepath: /media/4tb/npex/npex_data/benchmarks-bears/Bears-189-buggy/src/main/java/hu/oe/nik/szfmv/environment/XmlToModelConverter.java, Line: 109, Element: toString
[CALLSITE] Filepath: /media/4tb/npex/npex_data/benchmarks-bears/Bears-189-buggy/src/main/java/hu/oe/nik/szfmv/environment/XmlToModelConverter.java, Line: 109, Element: debug
[ENTRY] Filepath: /media/4tb/npex/npex_data/benchmarks-bears/Bears-189-buggy/src/main/java/hu/oe/nik/szfmv/environment/WorldObject.java, Line: 135, Element: toString
[CALLSITE] Filepath: /media/4tb/npex/npex_data/benchmarks-bears/Bears-189-buggy/src/main/java/hu/oe/nik/szfmv/environment/XmlToModelConverter.java, Line: 50, Element: item
[CALLSITE] Filepath: /media/4tb/npex/npex_data/benchmarks-bears/Bears-189-buggy/src/main/java/hu/oe/nik/szfmv/environment/XmlToModelConverter.java, Line: 52, Element: readValueFromXml
[CALLSITE] Filepath: /media/4tb/npex/npex_data/benchmarks-bears/Bears-189-buggy/src/main/java/hu/oe/nik/szfmv/environment/XmlToModelConverter.java, Line: 52, Element: add
[ENTRY] Filepath: /media/4tb/npex/npex_data/benchmarks-bears/Bears-189-buggy/src/main/java/hu/oe/nik/szfmv/environment/XmlToModelConverter.java, Line: 67, Element: readValueFromXml
[CALLSITE] Filepath: /media/4tb/npex/npex_data/benchmarks-bears/Bears-189-buggy/src/main/java/hu/oe/nik/szfmv/environment/XmlToModelConverter.java, Line: 72, Element: getAttribute
[CALLSITE] Filepath: /media/4tb/npex/npex_data/benchmarks-bears/Bears-189-buggy/src/main/java/hu/oe/nik/szfmv/environment/XmlToModelConverter.java, Line: 75, Element: getChildNodes
[CALLSITE] Filepath: /media/4tb/npex/npex_data/benchmarks-bears/Bears-189-buggy/src/main/java/hu/oe/nik/szfmv/environment/XmlToModelConverter.java, Line: 76, Element: getLength
[CALLSITE] Filepath: /media/4tb/npex/npex_data/benchmarks-bears/Bears-189-buggy/src/main/java/hu/oe/nik/szfmv/environment/XmlToModelConverter.java, Line: 77, Element: item
[CALLSITE] Filepath: /media/4tb/npex/npex_data/benchmarks-bears/Bears-189-buggy/src/main/java/hu/oe/nik/szfmv/environment/XmlToModelConverter.java, Line: 77, Element: getNodeName
[CALLSITE] Filepath: /media/4tb/npex/npex_data/benchmarks-bears/Bears-189-buggy/src/main/java/hu/oe/nik/szfmv/environment/XmlToModelConverter.java, Line: 77, Element: item
[CALLSITE] Filepath: /media/4tb/npex/npex_data/benchmarks-bears/Bears-189-buggy/src/main/java/hu/oe/nik/szfmv/environment/XmlToModelConverter.java, Line: 77, Element: getNodeName
[CALLSITE] Filepath: /media/4tb/npex/npex_data/benchmarks-bears/Bears-189-buggy/src/main/java/hu/oe/nik/szfmv/environment/XmlToModelConverter.java, Line: 79, Element: item
[CALLSITE] Filepath: /media/4tb/npex/npex_data/benchmarks-bears/Bears-189-buggy/src/main/java/hu/oe/nik/szfmv/environment/XmlToModelConverter.java, Line: 77, Element: item
[CALLSITE] Filepath: /media/4tb/npex/npex_data/benchmarks-bears/Bears-189-buggy/src/main/java/hu/oe/nik/szfmv/environment/XmlToModelConverter.java, Line: 77, Element: getNodeName
[CALLSITE] Filepath: /media/4tb/npex/npex_data/benchmarks-bears/Bears-189-buggy/src/main/java/hu/oe/nik/szfmv/environment/XmlToModelConverter.java, Line: 77, Element: item
[CALLSITE] Filepath: /media/4tb/npex/npex_data/benchmarks-bears/Bears-189-buggy/src/main/java/hu/oe/nik/szfmv/environment/XmlToModelConverter.java, Line: 77, Element: getNodeName
[CALLSITE] Filepath: /media/4tb/npex/npex_data/benchmarks-bears/Bears-189-buggy/src/main/java/hu/oe/nik/szfmv/environment/XmlToModelConverter.java, Line: 82, Element: item
[CALLSITE] Filepath: /media/4tb/npex/npex_data/benchmarks-bears/Bears-189-buggy/src/main/java/hu/oe/nik/szfmv/environment/XmlToModelConverter.java, Line: 77, Element: item
[CALLSITE] Filepath: /media/4tb/npex/npex_data/benchmarks-bears/Bears-189-buggy/src/main/java/hu/oe/nik/szfmv/environment/XmlToModelConverter.java, Line: 77, Element: getNodeName
[CALLSITE] Filepath: /media/4tb/npex/npex_data/benchmarks-bears/Bears-189-buggy/src/main/java/hu/oe/nik/szfmv/environment/XmlToModelConverter.java, Line: 77, Element: item
[CALLSITE] Filepath: /media/4tb/npex/npex_data/benchmarks-bears/Bears-189-buggy/src/main/java/hu/oe/nik/szfmv/environment/XmlToModelConverter.java, Line: 77, Element: getNodeName
[CALLSITE] Filepath: /media/4tb/npex/npex_data/benchmarks-bears/Bears-189-buggy/src/main/java/hu/oe/nik/szfmv/environment/XmlToModelConverter.java, Line: 77, Element: item
[CALLSITE] Filepath: /media/4tb/npex/npex_data/benchmarks-bears/Bears-189-buggy/src/main/java/hu/oe/nik/szfmv/environment/XmlToModelConverter.java, Line: 77, Element: getNodeName
[CALLSITE] Filepath: /media/4tb/npex/npex_data/benchmarks-bears/Bears-189-buggy/src/main/java/hu/oe/nik/szfmv/environment/XmlToModelConverter.java, Line: 77, Element: item
[CALLSITE] Filepath: /media/4tb/npex/npex_data/benchmarks-bears/Bears-189-buggy/src/main/java/hu/oe/nik/szfmv/environment/XmlToModelConverter.java, Line: 77, Element: getNodeName
[CALLSITE] Filepath: /media/4tb/npex/npex_data/benchmarks-bears/Bears-189-buggy/src/main/java/hu/oe/nik/szfmv/environment/XmlToModelConverter.java, Line: 77, Element: item
[CALLSITE] Filepath: /media/4tb/npex/npex_data/benchmarks-bears/Bears-189-buggy/src/main/java/hu/oe/nik/szfmv/environment/XmlToModelConverter.java, Line: 77, Element: getNodeName
[CALLSITE] Filepath: /media/4tb/npex/npex_data/benchmarks-bears/Bears-189-buggy/src/main/java/hu/oe/nik/szfmv/environment/XmlToModelConverter.java, Line: 77, Element: item
[CALLSITE] Filepath: /media/4tb/npex/npex_data/benchmarks-bears/Bears-189-buggy/src/main/java/hu/oe/nik/szfmv/environment/XmlToModelConverter.java, Line: 77, Element: getNodeName
[CALLSITE] Filepath: /media/4tb/npex/npex_data/benchmarks-bears/Bears-189-buggy/src/main/java/hu/oe/nik/szfmv/environment/XmlToModelConverter.java, Line: 77, Element: item
[CALLSITE] Filepath: /media/4tb/npex/npex_data/benchmarks-bears/Bears-189-buggy/src/main/java/hu/oe/nik/szfmv/environment/XmlToModelConverter.java, Line: 77, Element: getNodeName
[CALLSITE] Filepath: /media/4tb/npex/npex_data/benchmarks-bears/Bears-189-buggy/src/main/java/hu/oe/nik/szfmv/environment/XmlToModelConverter.java, Line: 91, Element: createObjectFromType
[ENTRY] Filepath: /media/4tb/npex/npex_data/benchmarks-bears/Bears-189-buggy/src/main/java/hu/oe/nik/szfmv/environment/XmlToModelConverter.java, Line: 118, Element: createObjectFromType
[CALLSITE] Filepath: /media/4tb/npex/npex_data/benchmarks-bears/Bears-189-buggy/src/main/java/hu/oe/nik/szfmv/environment/XmlToModelConverter.java, Line: 122, Element: indexOf
[CALLSITE] Filepath: /media/4tb/npex/npex_data/benchmarks-bears/Bears-189-buggy/src/main/java/hu/oe/nik/szfmv/environment/XmlToModelConverter.java, Line: 123, Element: indexOf
[CALLSITE] Filepath: /media/4tb/npex/npex_data/benchmarks-bears/Bears-189-buggy/src/main/java/hu/oe/nik/szfmv/environment/XmlToModelConverter.java, Line: 123, Element: substring
[CALLSITE] Filepath: /media/4tb/npex/npex_data/benchmarks-bears/Bears-189-buggy/src/main/java/hu/oe/nik/szfmv/environment/models/Road.java, Line: 92, Element: hashMapInit
[ENTRY] Filepath: /media/4tb/npex/npex_data/benchmarks-bears/Bears-189-buggy/src/main/java/hu/oe/nik/szfmv/environment/models/Road.java, Line: 95, Element: hashMapInit
[CALLSITE] Filepath: /media/4tb/npex/npex_data/benchmarks-bears/Bears-189-buggy/src/main/java/hu/oe/nik/szfmv/environment/models/Road.java, Line: 96, Element: put
[CALLSITE] Filepath: /media/4tb/npex/npex_data/benchmarks-bears/Bears-189-buggy/src/main/java/hu/oe/nik/szfmv/environment/models/Road.java, Line: 97, Element: put
[CALLSITE] Filepath: /media/4tb/npex/npex_data/benchmarks-bears/Bears-189-buggy/src/main/java/hu/oe/nik/szfmv/environment/models/Road.java, Line: 98, Element: put
[CALLSITE] Filepath: /media/4tb/npex/npex_data/benchmarks-bears/Bears-189-buggy/src/main/java/hu/oe/nik/szfmv/environment/models/Road.java, Line: 99, Element: put
[CALLSITE] Filepath: /media/4tb/npex/npex_data/benchmarks-bears/Bears-189-buggy/src/main/java/hu/oe/nik/szfmv/environment/models/Road.java, Line: 100, Element: put
[CALLSITE] Filepath: /media/4tb/npex/npex_data/benchmarks-bears/Bears-189-buggy/src/main/java/hu/oe/nik/szfmv/environment/models/Road.java, Line: 101, Element: put
[CALLSITE] Filepath: /media/4tb/npex/npex_data/benchmarks-bears/Bears-189-buggy/src/main/java/hu/oe/nik/szfmv/environment/models/Road.java, Line: 102, Element: put
[CALLSITE] Filepath: /media/4tb/npex/npex_data/benchmarks-bears/Bears-189-buggy/src/main/java/hu/oe/nik/szfmv/environment/models/Road.java, Line: 103, Element: put
[CALLSITE] Filepath: /media/4tb/npex/npex_data/benchmarks-bears/Bears-189-buggy/src/main/java/hu/oe/nik/szfmv/environment/models/Road.java, Line: 104, Element: put
[CALLSITE] Filepath: /media/4tb/npex/npex_data/benchmarks-bears/Bears-189-buggy/src/main/java/hu/oe/nik/szfmv/environment/XmlToModelConverter.java, Line: 93, Element: setImageFileName
[ENTRY] Filepath: /media/4tb/npex/npex_data/benchmarks-bears/Bears-189-buggy/src/main/java/hu/oe/nik/szfmv/environment/WorldObject.java, Line: 92, Element: setImageFileName
[CALLSITE] Filepath: /media/4tb/npex/npex_data/benchmarks-bears/Bears-189-buggy/src/main/java/hu/oe/nik/szfmv/environment/XmlToModelConverter.java, Line: 96, Element: generateDimens
[ENTRY] Filepath: /media/4tb/npex/npex_data/benchmarks-bears/Bears-189-buggy/src/main/java/hu/oe/nik/szfmv/environment/WorldObject.java, Line: 101, Element: generateDimens
[CALLSITE] Filepath: /media/4tb/npex/npex_data/benchmarks-bears/Bears-189-buggy/src/main/java/hu/oe/nik/szfmv/environment/WorldObject.java, Line: 103, Element: read
[ENTRY] Filepath: /media/4tb/npex/npex_data/benchmarks-bears/Bears-189-buggy/src/main/java/hu/oe/nik/szfmv/environment/WorldObject.java, Line: 80, Element: getImageFileName
[CALLSITE] Filepath: /media/4tb/npex/npex_data/benchmarks-bears/Bears-189-buggy/src/main/java/hu/oe/nik/szfmv/environment/WorldObject.java, Line: 107, Element: getWidth
[CALLSITE] Filepath: /media/4tb/npex/npex_data/benchmarks-bears/Bears-189-buggy/src/main/java/hu/oe/nik/szfmv/environment/WorldObject.java, Line: 108, Element: getHeight
[CALLSITE] Filepath: /media/4tb/npex/npex_data/benchmarks-bears/Bears-189-buggy/src/main/java/hu/oe/nik/szfmv/environment/XmlToModelConverter.java, Line: 99, Element: getPointsFromPositionElement
[ENTRY] Filepath: /media/4tb/npex/npex_data/benchmarks-bears/Bears-189-buggy/src/main/java/hu/oe/nik/szfmv/environment/XmlToModelConverter.java, Line: 154, Element: getPointsFromPositionElement
[CALLSITE] Filepath: /media/4tb/npex/npex_data/benchmarks-bears/Bears-189-buggy/src/main/java/hu/oe/nik/szfmv/environment/XmlToModelConverter.java, Line: 160, Element: getAttribute
[CALLSITE] Filepath: /media/4tb/npex/npex_data/benchmarks-bears/Bears-189-buggy/src/main/java/hu/oe/nik/szfmv/environment/XmlToModelConverter.java, Line: 160, Element: parseInt
[CALLSITE] Filepath: /media/4tb/npex/npex_data/benchmarks-bears/Bears-189-buggy/src/main/java/hu/oe/nik/szfmv/environment/XmlToModelConverter.java, Line: 161, Element: getAttribute
[CALLSITE] Filepath: /media/4tb/npex/npex_data/benchmarks-bears/Bears-189-buggy/src/main/java/hu/oe/nik/szfmv/environment/XmlToModelConverter.java, Line: 161, Element: parseInt
[CALLSITE] Filepath: /media/4tb/npex/npex_data/benchmarks-bears/Bears-189-buggy/src/main/java/hu/oe/nik/szfmv/environment/XmlToModelConverter.java, Line: 100, Element: setX
[ENTRY] Filepath: /media/4tb/npex/npex_data/benchmarks-bears/Bears-189-buggy/src/main/java/hu/oe/nik/szfmv/environment/WorldObject.java, Line: 48, Element: setX
[CALLSITE] Filepath: /media/4tb/npex/npex_data/benchmarks-bears/Bears-189-buggy/src/main/java/hu/oe/nik/szfmv/environment/XmlToModelConverter.java, Line: 101, Element: setY
[ENTRY] Filepath: /media/4tb/npex/npex_data/benchmarks-bears/Bears-189-buggy/src/main/java/hu/oe/nik/szfmv/environment/WorldObject.java, Line: 56, Element: setY
[CALLSITE] Filepath: /media/4tb/npex/npex_data/benchmarks-bears/Bears-189-buggy/src/main/java/hu/oe/nik/szfmv/environment/XmlToModelConverter.java, Line: 104, Element: getRotacionFromTransformElement
[CALLSITE] Filepath: /media/4tb/npex/npex_data/benchmarks-bears/Bears-189-buggy/src/main/java/hu/oe/nik/szfmv/environment/XmlToModelConverter.java, Line: 104, Element: setRotation
[ENTRY] Filepath: /media/4tb/npex/npex_data/benchmarks-bears/Bears-189-buggy/src/main/java/hu/oe/nik/szfmv/environment/XmlToModelConverter.java, Line: 173, Element: getRotacionFromTransformElement
[CALLSITE] Filepath: /media/4tb/npex/npex_data/benchmarks-bears/Bears-189-buggy/src/main/java/hu/oe/nik/szfmv/environment/XmlToModelConverter.java, Line: 182, Element: getAttribute
[CALLSITE] Filepath: /media/4tb/npex/npex_data/benchmarks-bears/Bears-189-buggy/src/main/java/hu/oe/nik/szfmv/environment/XmlToModelConverter.java, Line: 182, Element: parseDouble
[CALLSITE] Filepath: /media/4tb/npex/npex_data/benchmarks-bears/Bears-189-buggy/src/main/java/hu/oe/nik/szfmv/environment/XmlToModelConverter.java, Line: 183, Element: getAttribute
[CALLSITE] Filepath: /media/4tb/npex/npex_data/benchmarks-bears/Bears-189-buggy/src/main/java/hu/oe/nik/szfmv/environment/XmlToModelConverter.java, Line: 183, Element: parseDouble
[CALLSITE] Filepath: /media/4tb/npex/npex_data/benchmarks-bears/Bears-189-buggy/src/main/java/hu/oe/nik/szfmv/environment/XmlToModelConverter.java, Line: 184, Element: getAttribute
[CALLSITE] Filepath: /media/4tb/npex/npex_data/benchmarks-bears/Bears-189-buggy/src/main/java/hu/oe/nik/szfmv/environment/XmlToModelConverter.java, Line: 184, Element: parseDouble
[CALLSITE] Filepath: /media/4tb/npex/npex_data/benchmarks-bears/Bears-189-buggy/src/main/java/hu/oe/nik/szfmv/environment/XmlToModelConverter.java, Line: 185, Element: getAttribute
[CALLSITE] Filepath: /media/4tb/npex/npex_data/benchmarks-bears/Bears-189-buggy/src/main/java/hu/oe/nik/szfmv/environment/XmlToModelConverter.java, Line: 185, Element: parseDouble
[CALLSITE] Filepath: /media/4tb/npex/npex_data/benchmarks-bears/Bears-189-buggy/src/main/java/hu/oe/nik/szfmv/environment/XmlToModelConverter.java, Line: 187, Element: convertMatrixToRadians
[ENTRY] Filepath: /media/4tb/npex/npex_data/benchmarks-bears/Bears-189-buggy/src/main/java/hu/oe/nik/szfmv/common/Utils.java, Line: 40, Element: convertMatrixToRadians
[CALLSITE] Filepath: /media/4tb/npex/npex_data/benchmarks-bears/Bears-189-buggy/src/main/java/hu/oe/nik/szfmv/common/Utils.java, Line: 41, Element: atan2
[ENTRY] Filepath: /media/4tb/npex/npex_data/benchmarks-bears/Bears-189-buggy/src/main/java/hu/oe/nik/szfmv/environment/WorldObject.java, Line: 88, Element: setRotation
[CALLSITE] Filepath: /media/4tb/npex/npex_data/benchmarks-bears/Bears-189-buggy/src/main/java/hu/oe/nik/szfmv/environment/XmlToModelConverter.java, Line: 107, Element: generateShape
[ENTRY] Filepath: /media/4tb/npex/npex_data/benchmarks-bears/Bears-189-buggy/src/main/java/hu/oe/nik/szfmv/environment/models/Road.java, Line: 119, Element: generateShape
[CALLSITE] Filepath: /media/4tb/npex/npex_data/benchmarks-bears/Bears-189-buggy/src/main/java/hu/oe/nik/szfmv/environment/models/Road.java, Line: 122, Element: get
[CALLSITE] Filepath: /media/4tb/npex/npex_data/benchmarks-bears/Bears-189-buggy/src/main/java/hu/oe/nik/szfmv/environment/models/Road.java, Line: 128, Element: getX
[CALLSITE] Filepath: /media/4tb/npex/npex_data/benchmarks-bears/Bears-189-buggy/src/main/java/hu/oe/nik/szfmv/environment/models/Road.java, Line: 128, Element: getX
[CALLSITE] Filepath: /media/4tb/npex/npex_data/benchmarks-bears/Bears-189-buggy/src/main/java/hu/oe/nik/szfmv/environment/models/Road.java, Line: 128, Element: getY
[CALLSITE] Filepath: /media/4tb/npex/npex_data/benchmarks-bears/Bears-189-buggy/src/main/java/hu/oe/nik/szfmv/environment/models/Road.java, Line: 128, Element: getY
[CALLSITE] Filepath: /media/4tb/npex/npex_data/benchmarks-bears/Bears-189-buggy/src/main/java/hu/oe/nik/szfmv/environment/models/Road.java, Line: 128, Element: translate
[ENTRY] Filepath: /media/4tb/npex/npex_data/benchmarks-bears/Bears-189-buggy/src/main/java/hu/oe/nik/szfmv/environment/WorldObject.java, Line: 44, Element: getX
[ENTRY] Filepath: /media/4tb/npex/npex_data/benchmarks-bears/Bears-189-buggy/src/main/java/hu/oe/nik/szfmv/environment/WorldObject.java, Line: 52, Element: getY
[CALLSITE] Filepath: /media/4tb/npex/npex_data/benchmarks-bears/Bears-189-buggy/src/main/java/hu/oe/nik/szfmv/environment/models/Road.java, Line: 129, Element: getRotation
[CALLSITE] Filepath: /media/4tb/npex/npex_data/benchmarks-bears/Bears-189-buggy/src/main/java/hu/oe/nik/szfmv/environment/models/Road.java, Line: 129, Element: getX
[CALLSITE] Filepath: /media/4tb/npex/npex_data/benchmarks-bears/Bears-189-buggy/src/main/java/hu/oe/nik/szfmv/environment/models/Road.java, Line: 129, Element: getY
[CALLSITE] Filepath: /media/4tb/npex/npex_data/benchmarks-bears/Bears-189-buggy/src/main/java/hu/oe/nik/szfmv/environment/models/Road.java, Line: 129, Element: rotate
[ENTRY] Filepath: /media/4tb/npex/npex_data/benchmarks-bears/Bears-189-buggy/src/main/java/hu/oe/nik/szfmv/environment/WorldObject.java, Line: 76, Element: getRotation
[CALLSITE] Filepath: /media/4tb/npex/npex_data/benchmarks-bears/Bears-189-buggy/src/main/java/hu/oe/nik/szfmv/environment/models/Road.java, Line: 131, Element: get
[CALLSITE] Filepath: /media/4tb/npex/npex_data/benchmarks-bears/Bears-189-buggy/src/main/java/hu/oe/nik/szfmv/environment/models/Road.java, Line: 131, Element: createTransformedShape
[CALLSITE] Filepath: /media/4tb/npex/npex_data/benchmarks-bears/Bears-189-buggy/src/main/java/hu/oe/nik/szfmv/environment/XmlToModelConverter.java, Line: 109, Element: toString
[CALLSITE] Filepath: /media/4tb/npex/npex_data/benchmarks-bears/Bears-189-buggy/src/main/java/hu/oe/nik/szfmv/environment/XmlToModelConverter.java, Line: 109, Element: debug
[ENTRY] Filepath: /media/4tb/npex/npex_data/benchmarks-bears/Bears-189-buggy/src/main/java/hu/oe/nik/szfmv/environment/WorldObject.java, Line: 135, Element: toString
[CALLSITE] Filepath: /media/4tb/npex/npex_data/benchmarks-bears/Bears-189-buggy/src/main/java/hu/oe/nik/szfmv/environment/XmlToModelConverter.java, Line: 50, Element: item
[CALLSITE] Filepath: /media/4tb/npex/npex_data/benchmarks-bears/Bears-189-buggy/src/main/java/hu/oe/nik/szfmv/environment/XmlToModelConverter.java, Line: 52, Element: readValueFromXml
[CALLSITE] Filepath: /media/4tb/npex/npex_data/benchmarks-bears/Bears-189-buggy/src/main/java/hu/oe/nik/szfmv/environment/XmlToModelConverter.java, Line: 52, Element: add
[ENTRY] Filepath: /media/4tb/npex/npex_data/benchmarks-bears/Bears-189-buggy/src/main/java/hu/oe/nik/szfmv/environment/XmlToModelConverter.java, Line: 67, Element: readValueFromXml
[CALLSITE] Filepath: /media/4tb/npex/npex_data/benchmarks-bears/Bears-189-buggy/src/main/java/hu/oe/nik/szfmv/environment/XmlToModelConverter.java, Line: 72, Element: getAttribute
[CALLSITE] Filepath: /media/4tb/npex/npex_data/benchmarks-bears/Bears-189-buggy/src/main/java/hu/oe/nik/szfmv/environment/XmlToModelConverter.java, Line: 75, Element: getChildNodes
[CALLSITE] Filepath: /media/4tb/npex/npex_data/benchmarks-bears/Bears-189-buggy/src/main/java/hu/oe/nik/szfmv/environment/XmlToModelConverter.java, Line: 76, Element: getLength
[CALLSITE] Filepath: /media/4tb/npex/npex_data/benchmarks-bears/Bears-189-buggy/src/main/java/hu/oe/nik/szfmv/environment/XmlToModelConverter.java, Line: 77, Element: item
[CALLSITE] Filepath: /media/4tb/npex/npex_data/benchmarks-bears/Bears-189-buggy/src/main/java/hu/oe/nik/szfmv/environment/XmlToModelConverter.java, Line: 77, Element: getNodeName
[CALLSITE] Filepath: /media/4tb/npex/npex_data/benchmarks-bears/Bears-189-buggy/src/main/java/hu/oe/nik/szfmv/environment/XmlToModelConverter.java, Line: 77, Element: item
[CALLSITE] Filepath: /media/4tb/npex/npex_data/benchmarks-bears/Bears-189-buggy/src/main/java/hu/oe/nik/szfmv/environment/XmlToModelConverter.java, Line: 77, Element: getNodeName
[CALLSITE] Filepath: /media/4tb/npex/npex_data/benchmarks-bears/Bears-189-buggy/src/main/java/hu/oe/nik/szfmv/environment/XmlToModelConverter.java, Line: 79, Element: item
[CALLSITE] Filepath: /media/4tb/npex/npex_data/benchmarks-bears/Bears-189-buggy/src/main/java/hu/oe/nik/szfmv/environment/XmlToModelConverter.java, Line: 77, Element: item
[CALLSITE] Filepath: /media/4tb/npex/npex_data/benchmarks-bears/Bears-189-buggy/src/main/java/hu/oe/nik/szfmv/environment/XmlToModelConverter.java, Line: 77, Element: getNodeName
[CALLSITE] Filepath: /media/4tb/npex/npex_data/benchmarks-bears/Bears-189-buggy/src/main/java/hu/oe/nik/szfmv/environment/XmlToModelConverter.java, Line: 77, Element: item
[CALLSITE] Filepath: /media/4tb/npex/npex_data/benchmarks-bears/Bears-189-buggy/src/main/java/hu/oe/nik/szfmv/environment/XmlToModelConverter.java, Line: 77, Element: getNodeName
[CALLSITE] Filepath: /media/4tb/npex/npex_data/benchmarks-bears/Bears-189-buggy/src/main/java/hu/oe/nik/szfmv/environment/XmlToModelConverter.java, Line: 82, Element: item
[CALLSITE] Filepath: /media/4tb/npex/npex_data/benchmarks-bears/Bears-189-buggy/src/main/java/hu/oe/nik/szfmv/environment/XmlToModelConverter.java, Line: 77, Element: item
[CALLSITE] Filepath: /media/4tb/npex/npex_data/benchmarks-bears/Bears-189-buggy/src/main/java/hu/oe/nik/szfmv/environment/XmlToModelConverter.java, Line: 77, Element: getNodeName
[CALLSITE] Filepath: /media/4tb/npex/npex_data/benchmarks-bears/Bears-189-buggy/src/main/java/hu/oe/nik/szfmv/environment/XmlToModelConverter.java, Line: 77, Element: item
[CALLSITE] Filepath: /media/4tb/npex/npex_data/benchmarks-bears/Bears-189-buggy/src/main/java/hu/oe/nik/szfmv/environment/XmlToModelConverter.java, Line: 77, Element: getNodeName
[CALLSITE] Filepath: /media/4tb/npex/npex_data/benchmarks-bears/Bears-189-buggy/src/main/java/hu/oe/nik/szfmv/environment/XmlToModelConverter.java, Line: 77, Element: item
[CALLSITE] Filepath: /media/4tb/npex/npex_data/benchmarks-bears/Bears-189-buggy/src/main/java/hu/oe/nik/szfmv/environment/XmlToModelConverter.java, Line: 77, Element: getNodeName
[CALLSITE] Filepath: /media/4tb/npex/npex_data/benchmarks-bears/Bears-189-buggy/src/main/java/hu/oe/nik/szfmv/environment/XmlToModelConverter.java, Line: 77, Element: item
[CALLSITE] Filepath: /media/4tb/npex/npex_data/benchmarks-bears/Bears-189-buggy/src/main/java/hu/oe/nik/szfmv/environment/XmlToModelConverter.java, Line: 77, Element: getNodeName
[CALLSITE] Filepath: /media/4tb/npex/npex_data/benchmarks-bears/Bears-189-buggy/src/main/java/hu/oe/nik/szfmv/environment/XmlToModelConverter.java, Line: 77, Element: item
[CALLSITE] Filepath: /media/4tb/npex/npex_data/benchmarks-bears/Bears-189-buggy/src/main/java/hu/oe/nik/szfmv/environment/XmlToModelConverter.java, Line: 77, Element: getNodeName
[CALLSITE] Filepath: /media/4tb/npex/npex_data/benchmarks-bears/Bears-189-buggy/src/main/java/hu/oe/nik/szfmv/environment/XmlToModelConverter.java, Line: 77, Element: item
[CALLSITE] Filepath: /media/4tb/npex/npex_data/benchmarks-bears/Bears-189-buggy/src/main/java/hu/oe/nik/szfmv/environment/XmlToModelConverter.java, Line: 77, Element: getNodeName
[CALLSITE] Filepath: /media/4tb/npex/npex_data/benchmarks-bears/Bears-189-buggy/src/main/java/hu/oe/nik/szfmv/environment/XmlToModelConverter.java, Line: 77, Element: item
[CALLSITE] Filepath: /media/4tb/npex/npex_data/benchmarks-bears/Bears-189-buggy/src/main/java/hu/oe/nik/szfmv/environment/XmlToModelConverter.java, Line: 77, Element: getNodeName
[CALLSITE] Filepath: /media/4tb/npex/npex_data/benchmarks-bears/Bears-189-buggy/src/main/java/hu/oe/nik/szfmv/environment/XmlToModelConverter.java, Line: 91, Element: createObjectFromType
[ENTRY] Filepath: /media/4tb/npex/npex_data/benchmarks-bears/Bears-189-buggy/src/main/java/hu/oe/nik/szfmv/environment/XmlToModelConverter.java, Line: 118, Element: createObjectFromType
[CALLSITE] Filepath: /media/4tb/npex/npex_data/benchmarks-bears/Bears-189-buggy/src/main/java/hu/oe/nik/szfmv/environment/XmlToModelConverter.java, Line: 122, Element: indexOf
[CALLSITE] Filepath: /media/4tb/npex/npex_data/benchmarks-bears/Bears-189-buggy/src/main/java/hu/oe/nik/szfmv/environment/XmlToModelConverter.java, Line: 123, Element: indexOf
[CALLSITE] Filepath: /media/4tb/npex/npex_data/benchmarks-bears/Bears-189-buggy/src/main/java/hu/oe/nik/szfmv/environment/XmlToModelConverter.java, Line: 123, Element: substring
[CALLSITE] Filepath: /media/4tb/npex/npex_data/benchmarks-bears/Bears-189-buggy/src/main/java/hu/oe/nik/szfmv/environment/models/Road.java, Line: 92, Element: hashMapInit
[ENTRY] Filepath: /media/4tb/npex/npex_data/benchmarks-bears/Bears-189-buggy/src/main/java/hu/oe/nik/szfmv/environment/models/Road.java, Line: 95, Element: hashMapInit
[CALLSITE] Filepath: /media/4tb/npex/npex_data/benchmarks-bears/Bears-189-buggy/src/main/java/hu/oe/nik/szfmv/environment/models/Road.java, Line: 96, Element: put
[CALLSITE] Filepath: /media/4tb/npex/npex_data/benchmarks-bears/Bears-189-buggy/src/main/java/hu/oe/nik/szfmv/environment/models/Road.java, Line: 97, Element: put
[CALLSITE] Filepath: /media/4tb/npex/npex_data/benchmarks-bears/Bears-189-buggy/src/main/java/hu/oe/nik/szfmv/environment/models/Road.java, Line: 98, Element: put
[CALLSITE] Filepath: /media/4tb/npex/npex_data/benchmarks-bears/Bears-189-buggy/src/main/java/hu/oe/nik/szfmv/environment/models/Road.java, Line: 99, Element: put
[CALLSITE] Filepath: /media/4tb/npex/npex_data/benchmarks-bears/Bears-189-buggy/src/main/java/hu/oe/nik/szfmv/environment/models/Road.java, Line: 100, Element: put
[CALLSITE] Filepath: /media/4tb/npex/npex_data/benchmarks-bears/Bears-189-buggy/src/main/java/hu/oe/nik/szfmv/environment/models/Road.java, Line: 101, Element: put
[CALLSITE] Filepath: /media/4tb/npex/npex_data/benchmarks-bears/Bears-189-buggy/src/main/java/hu/oe/nik/szfmv/environment/models/Road.java, Line: 102, Element: put
[CALLSITE] Filepath: /media/4tb/npex/npex_data/benchmarks-bears/Bears-189-buggy/src/main/java/hu/oe/nik/szfmv/environment/models/Road.java, Line: 103, Element: put
[CALLSITE] Filepath: /media/4tb/npex/npex_data/benchmarks-bears/Bears-189-buggy/src/main/java/hu/oe/nik/szfmv/environment/models/Road.java, Line: 104, Element: put
[CALLSITE] Filepath: /media/4tb/npex/npex_data/benchmarks-bears/Bears-189-buggy/src/main/java/hu/oe/nik/szfmv/environment/XmlToModelConverter.java, Line: 93, Element: setImageFileName
[ENTRY] Filepath: /media/4tb/npex/npex_data/benchmarks-bears/Bears-189-buggy/src/main/java/hu/oe/nik/szfmv/environment/WorldObject.java, Line: 92, Element: setImageFileName
[CALLSITE] Filepath: /media/4tb/npex/npex_data/benchmarks-bears/Bears-189-buggy/src/main/java/hu/oe/nik/szfmv/environment/XmlToModelConverter.java, Line: 96, Element: generateDimens
[ENTRY] Filepath: /media/4tb/npex/npex_data/benchmarks-bears/Bears-189-buggy/src/main/java/hu/oe/nik/szfmv/environment/WorldObject.java, Line: 101, Element: generateDimens
[CALLSITE] Filepath: /media/4tb/npex/npex_data/benchmarks-bears/Bears-189-buggy/src/main/java/hu/oe/nik/szfmv/environment/WorldObject.java, Line: 103, Element: read
[ENTRY] Filepath: /media/4tb/npex/npex_data/benchmarks-bears/Bears-189-buggy/src/main/java/hu/oe/nik/szfmv/environment/WorldObject.java, Line: 80, Element: getImageFileName
[CALLSITE] Filepath: /media/4tb/npex/npex_data/benchmarks-bears/Bears-189-buggy/src/main/java/hu/oe/nik/szfmv/environment/WorldObject.java, Line: 107, Element: getWidth
[CALLSITE] Filepath: /media/4tb/npex/npex_data/benchmarks-bears/Bears-189-buggy/src/main/java/hu/oe/nik/szfmv/environment/WorldObject.java, Line: 108, Element: getHeight
[CALLSITE] Filepath: /media/4tb/npex/npex_data/benchmarks-bears/Bears-189-buggy/src/main/java/hu/oe/nik/szfmv/environment/XmlToModelConverter.java, Line: 99, Element: getPointsFromPositionElement
[ENTRY] Filepath: /media/4tb/npex/npex_data/benchmarks-bears/Bears-189-buggy/src/main/java/hu/oe/nik/szfmv/environment/XmlToModelConverter.java, Line: 154, Element: getPointsFromPositionElement
[CALLSITE] Filepath: /media/4tb/npex/npex_data/benchmarks-bears/Bears-189-buggy/src/main/java/hu/oe/nik/szfmv/environment/XmlToModelConverter.java, Line: 160, Element: getAttribute
[CALLSITE] Filepath: /media/4tb/npex/npex_data/benchmarks-bears/Bears-189-buggy/src/main/java/hu/oe/nik/szfmv/environment/XmlToModelConverter.java, Line: 160, Element: parseInt
[CALLSITE] Filepath: /media/4tb/npex/npex_data/benchmarks-bears/Bears-189-buggy/src/main/java/hu/oe/nik/szfmv/environment/XmlToModelConverter.java, Line: 161, Element: getAttribute
[CALLSITE] Filepath: /media/4tb/npex/npex_data/benchmarks-bears/Bears-189-buggy/src/main/java/hu/oe/nik/szfmv/environment/XmlToModelConverter.java, Line: 161, Element: parseInt
[CALLSITE] Filepath: /media/4tb/npex/npex_data/benchmarks-bears/Bears-189-buggy/src/main/java/hu/oe/nik/szfmv/environment/XmlToModelConverter.java, Line: 100, Element: setX
[ENTRY] Filepath: /media/4tb/npex/npex_data/benchmarks-bears/Bears-189-buggy/src/main/java/hu/oe/nik/szfmv/environment/WorldObject.java, Line: 48, Element: setX
[CALLSITE] Filepath: /media/4tb/npex/npex_data/benchmarks-bears/Bears-189-buggy/src/main/java/hu/oe/nik/szfmv/environment/XmlToModelConverter.java, Line: 101, Element: setY
[ENTRY] Filepath: /media/4tb/npex/npex_data/benchmarks-bears/Bears-189-buggy/src/main/java/hu/oe/nik/szfmv/environment/WorldObject.java, Line: 56, Element: setY
[CALLSITE] Filepath: /media/4tb/npex/npex_data/benchmarks-bears/Bears-189-buggy/src/main/java/hu/oe/nik/szfmv/environment/XmlToModelConverter.java, Line: 104, Element: getRotacionFromTransformElement
[CALLSITE] Filepath: /media/4tb/npex/npex_data/benchmarks-bears/Bears-189-buggy/src/main/java/hu/oe/nik/szfmv/environment/XmlToModelConverter.java, Line: 104, Element: setRotation
[ENTRY] Filepath: /media/4tb/npex/npex_data/benchmarks-bears/Bears-189-buggy/src/main/java/hu/oe/nik/szfmv/environment/XmlToModelConverter.java, Line: 173, Element: getRotacionFromTransformElement
[CALLSITE] Filepath: /media/4tb/npex/npex_data/benchmarks-bears/Bears-189-buggy/src/main/java/hu/oe/nik/szfmv/environment/XmlToModelConverter.java, Line: 182, Element: getAttribute
[CALLSITE] Filepath: /media/4tb/npex/npex_data/benchmarks-bears/Bears-189-buggy/src/main/java/hu/oe/nik/szfmv/environment/XmlToModelConverter.java, Line: 182, Element: parseDouble
[CALLSITE] Filepath: /media/4tb/npex/npex_data/benchmarks-bears/Bears-189-buggy/src/main/java/hu/oe/nik/szfmv/environment/XmlToModelConverter.java, Line: 183, Element: getAttribute
[CALLSITE] Filepath: /media/4tb/npex/npex_data/benchmarks-bears/Bears-189-buggy/src/main/java/hu/oe/nik/szfmv/environment/XmlToModelConverter.java, Line: 183, Element: parseDouble
[CALLSITE] Filepath: /media/4tb/npex/npex_data/benchmarks-bears/Bears-189-buggy/src/main/java/hu/oe/nik/szfmv/environment/XmlToModelConverter.java, Line: 184, Element: getAttribute
[CALLSITE] Filepath: /media/4tb/npex/npex_data/benchmarks-bears/Bears-189-buggy/src/main/java/hu/oe/nik/szfmv/environment/XmlToModelConverter.java, Line: 184, Element: parseDouble
[CALLSITE] Filepath: /media/4tb/npex/npex_data/benchmarks-bears/Bears-189-buggy/src/main/java/hu/oe/nik/szfmv/environment/XmlToModelConverter.java, Line: 185, Element: getAttribute
[CALLSITE] Filepath: /media/4tb/npex/npex_data/benchmarks-bears/Bears-189-buggy/src/main/java/hu/oe/nik/szfmv/environment/XmlToModelConverter.java, Line: 185, Element: parseDouble
[CALLSITE] Filepath: /media/4tb/npex/npex_data/benchmarks-bears/Bears-189-buggy/src/main/java/hu/oe/nik/szfmv/environment/XmlToModelConverter.java, Line: 187, Element: convertMatrixToRadians
[ENTRY] Filepath: /media/4tb/npex/npex_data/benchmarks-bears/Bears-189-buggy/src/main/java/hu/oe/nik/szfmv/common/Utils.java, Line: 40, Element: convertMatrixToRadians
[CALLSITE] Filepath: /media/4tb/npex/npex_data/benchmarks-bears/Bears-189-buggy/src/main/java/hu/oe/nik/szfmv/common/Utils.java, Line: 41, Element: atan2
[ENTRY] Filepath: /media/4tb/npex/npex_data/benchmarks-bears/Bears-189-buggy/src/main/java/hu/oe/nik/szfmv/environment/WorldObject.java, Line: 88, Element: setRotation
[CALLSITE] Filepath: /media/4tb/npex/npex_data/benchmarks-bears/Bears-189-buggy/src/main/java/hu/oe/nik/szfmv/environment/XmlToModelConverter.java, Line: 107, Element: generateShape
[ENTRY] Filepath: /media/4tb/npex/npex_data/benchmarks-bears/Bears-189-buggy/src/main/java/hu/oe/nik/szfmv/environment/models/Road.java, Line: 119, Element: generateShape
[CALLSITE] Filepath: /media/4tb/npex/npex_data/benchmarks-bears/Bears-189-buggy/src/main/java/hu/oe/nik/szfmv/environment/models/Road.java, Line: 122, Element: get
[CALLSITE] Filepath: /media/4tb/npex/npex_data/benchmarks-bears/Bears-189-buggy/src/main/java/hu/oe/nik/szfmv/environment/models/Road.java, Line: 125, Element: getRotation
[CALLSITE] Filepath: /media/4tb/npex/npex_data/benchmarks-bears/Bears-189-buggy/src/main/java/hu/oe/nik/szfmv/environment/models/Road.java, Line: 125, Element: getX
[CALLSITE] Filepath: /media/4tb/npex/npex_data/benchmarks-bears/Bears-189-buggy/src/main/java/hu/oe/nik/szfmv/environment/models/Road.java, Line: 125, Element: getWidth
[CALLSITE] Filepath: /media/4tb/npex/npex_data/benchmarks-bears/Bears-189-buggy/src/main/java/hu/oe/nik/szfmv/environment/models/Road.java, Line: 125, Element: rotate
[ENTRY] Filepath: /media/4tb/npex/npex_data/benchmarks-bears/Bears-189-buggy/src/main/java/hu/oe/nik/szfmv/environment/WorldObject.java, Line: 76, Element: getRotation
[ENTRY] Filepath: /media/4tb/npex/npex_data/benchmarks-bears/Bears-189-buggy/src/main/java/hu/oe/nik/szfmv/environment/WorldObject.java, Line: 44, Element: getX
[ENTRY] Filepath: /media/4tb/npex/npex_data/benchmarks-bears/Bears-189-buggy/src/main/java/hu/oe/nik/szfmv/environment/WorldObject.java, Line: 60, Element: getWidth
[ENTRY] Filepath: /media/4tb/npex/npex_data/benchmarks-bears/Bears-189-buggy/src/main/java/hu/oe/nik/szfmv/environment/WorldObject.java, Line: 52, Element: getY
[ENTRY] Filepath: /media/4tb/npex/npex_data/benchmarks-bears/Bears-189-buggy/src/main/java/hu/oe/nik/szfmv/environment/WorldObject.java, Line: 64, Element: getHeight
[CALLSITE] Filepath: /media/4tb/npex/npex_data/benchmarks-bears/Bears-189-buggy/src/main/java/hu/oe/nik/szfmv/environment/models/Road.java, Line: 131, Element: get
[CALLSITE] Filepath: /media/4tb/npex/npex_data/benchmarks-bears/Bears-189-buggy/src/main/java/hu/oe/nik/szfmv/environment/models/Road.java, Line: 131, Element: createTransformedShape
[CALLSITE] Filepath: /media/4tb/npex/npex_data/benchmarks-bears/Bears-189-buggy/src/main/java/hu/oe/nik/szfmv/environment/models/Road.java, Line: 135, Element: generateShape
[ENTRY] Filepath: /media/4tb/npex/npex_data/benchmarks-bears/Bears-189-buggy/src/main/java/hu/oe/nik/szfmv/environment/WorldObject.java, Line: 117, Element: generateShape
[CALLSITE] Filepath: /media/4tb/npex/npex_data/benchmarks-bears/Bears-189-buggy/src/main/java/hu/oe/nik/szfmv/environment/WorldObject.java, Line: 119, Element: getRotation
[CALLSITE] Filepath: /media/4tb/npex/npex_data/benchmarks-bears/Bears-189-buggy/src/main/java/hu/oe/nik/szfmv/environment/WorldObject.java, Line: 119, Element: getX
[CALLSITE] Filepath: /media/4tb/npex/npex_data/benchmarks-bears/Bears-189-buggy/src/main/java/hu/oe/nik/szfmv/environment/WorldObject.java, Line: 119, Element: getY
[CALLSITE] Filepath: /media/4tb/npex/npex_data/benchmarks-bears/Bears-189-buggy/src/main/java/hu/oe/nik/szfmv/environment/WorldObject.java, Line: 119, Element: rotate
[ENTRY] Filepath: /media/4tb/npex/npex_data/benchmarks-bears/Bears-189-buggy/src/main/java/hu/oe/nik/szfmv/environment/WorldObject.java, Line: 76, Element: getRotation
[ENTRY] Filepath: /media/4tb/npex/npex_data/benchmarks-bears/Bears-189-buggy/src/main/java/hu/oe/nik/szfmv/environment/WorldObject.java, Line: 44, Element: getX
[ENTRY] Filepath: /media/4tb/npex/npex_data/benchmarks-bears/Bears-189-buggy/src/main/java/hu/oe/nik/szfmv/environment/WorldObject.java, Line: 52, Element: getY
[CALLSITE] Filepath: /media/4tb/npex/npex_data/benchmarks-bears/Bears-189-buggy/src/main/java/hu/oe/nik/szfmv/environment/WorldObject.java, Line: 120, Element: isInstance
[CALLSITE] Filepath: /media/4tb/npex/npex_data/benchmarks-bears/Bears-189-buggy/src/main/java/hu/oe/nik/szfmv/environment/WorldObject.java, Line: 121, Element: createTransformedShape
[ENTRY] Filepath: /media/4tb/npex/npex_data/benchmarks-bears/Bears-189-buggy/src/main/java/hu/oe/nik/szfmv/environment/WorldObject.java, Line: 44, Element: getX
[ENTRY] Filepath: /media/4tb/npex/npex_data/benchmarks-bears/Bears-189-buggy/src/main/java/hu/oe/nik/szfmv/environment/WorldObject.java, Line: 52, Element: getY
[ENTRY] Filepath: /media/4tb/npex/npex_data/benchmarks-bears/Bears-189-buggy/src/main/java/hu/oe/nik/szfmv/environment/WorldObject.java, Line: 60, Element: getWidth
[ENTRY] Filepath: /media/4tb/npex/npex_data/benchmarks-bears/Bears-189-buggy/src/main/java/hu/oe/nik/szfmv/environment/WorldObject.java, Line: 64, Element: getHeight
[CALLSITE] Filepath: /media/4tb/npex/npex_data/benchmarks-bears/Bears-189-buggy/src/main/java/hu/oe/nik/szfmv/environment/XmlToModelConverter.java, Line: 109, Element: toString
[CALLSITE] Filepath: /media/4tb/npex/npex_data/benchmarks-bears/Bears-189-buggy/src/main/java/hu/oe/nik/szfmv/environment/XmlToModelConverter.java, Line: 109, Element: debug
[ENTRY] Filepath: /media/4tb/npex/npex_data/benchmarks-bears/Bears-189-buggy/src/main/java/hu/oe/nik/szfmv/environment/WorldObject.java, Line: 135, Element: toString
[CALLSITE] Filepath: /media/4tb/npex/npex_data/benchmarks-bears/Bears-189-buggy/src/main/java/hu/oe/nik/szfmv/environment/XmlToModelConverter.java, Line: 50, Element: item
[CALLSITE] Filepath: /media/4tb/npex/npex_data/benchmarks-bears/Bears-189-buggy/src/main/java/hu/oe/nik/szfmv/environment/XmlToModelConverter.java, Line: 52, Element: readValueFromXml
[CALLSITE] Filepath: /media/4tb/npex/npex_data/benchmarks-bears/Bears-189-buggy/src/main/java/hu/oe/nik/szfmv/environment/XmlToModelConverter.java, Line: 52, Element: add
[ENTRY] Filepath: /media/4tb/npex/npex_data/benchmarks-bears/Bears-189-buggy/src/main/java/hu/oe/nik/szfmv/environment/XmlToModelConverter.java, Line: 67, Element: readValueFromXml
[CALLSITE] Filepath: /media/4tb/npex/npex_data/benchmarks-bears/Bears-189-buggy/src/main/java/hu/oe/nik/szfmv/environment/XmlToModelConverter.java, Line: 72, Element: getAttribute
[CALLSITE] Filepath: /media/4tb/npex/npex_data/benchmarks-bears/Bears-189-buggy/src/main/java/hu/oe/nik/szfmv/environment/XmlToModelConverter.java, Line: 75, Element: getChildNodes
[CALLSITE] Filepath: /media/4tb/npex/npex_data/benchmarks-bears/Bears-189-buggy/src/main/java/hu/oe/nik/szfmv/environment/XmlToModelConverter.java, Line: 76, Element: getLength
[CALLSITE] Filepath: /media/4tb/npex/npex_data/benchmarks-bears/Bears-189-buggy/src/main/java/hu/oe/nik/szfmv/environment/XmlToModelConverter.java, Line: 77, Element: item
[CALLSITE] Filepath: /media/4tb/npex/npex_data/benchmarks-bears/Bears-189-buggy/src/main/java/hu/oe/nik/szfmv/environment/XmlToModelConverter.java, Line: 77, Element: getNodeName
[CALLSITE] Filepath: /media/4tb/npex/npex_data/benchmarks-bears/Bears-189-buggy/src/main/java/hu/oe/nik/szfmv/environment/XmlToModelConverter.java, Line: 77, Element: item
[CALLSITE] Filepath: /media/4tb/npex/npex_data/benchmarks-bears/Bears-189-buggy/src/main/java/hu/oe/nik/szfmv/environment/XmlToModelConverter.java, Line: 77, Element: getNodeName
[CALLSITE] Filepath: /media/4tb/npex/npex_data/benchmarks-bears/Bears-189-buggy/src/main/java/hu/oe/nik/szfmv/environment/XmlToModelConverter.java, Line: 79, Element: item
[CALLSITE] Filepath: /media/4tb/npex/npex_data/benchmarks-bears/Bears-189-buggy/src/main/java/hu/oe/nik/szfmv/environment/XmlToModelConverter.java, Line: 77, Element: item
[CALLSITE] Filepath: /media/4tb/npex/npex_data/benchmarks-bears/Bears-189-buggy/src/main/java/hu/oe/nik/szfmv/environment/XmlToModelConverter.java, Line: 77, Element: getNodeName
[CALLSITE] Filepath: /media/4tb/npex/npex_data/benchmarks-bears/Bears-189-buggy/src/main/java/hu/oe/nik/szfmv/environment/XmlToModelConverter.java, Line: 77, Element: item
[CALLSITE] Filepath: /media/4tb/npex/npex_data/benchmarks-bears/Bears-189-buggy/src/main/java/hu/oe/nik/szfmv/environment/XmlToModelConverter.java, Line: 77, Element: getNodeName
[CALLSITE] Filepath: /media/4tb/npex/npex_data/benchmarks-bears/Bears-189-buggy/src/main/java/hu/oe/nik/szfmv/environment/XmlToModelConverter.java, Line: 82, Element: item
[CALLSITE] Filepath: /media/4tb/npex/npex_data/benchmarks-bears/Bears-189-buggy/src/main/java/hu/oe/nik/szfmv/environment/XmlToModelConverter.java, Line: 77, Element: item
[CALLSITE] Filepath: /media/4tb/npex/npex_data/benchmarks-bears/Bears-189-buggy/src/main/java/hu/oe/nik/szfmv/environment/XmlToModelConverter.java, Line: 77, Element: getNodeName
[CALLSITE] Filepath: /media/4tb/npex/npex_data/benchmarks-bears/Bears-189-buggy/src/main/java/hu/oe/nik/szfmv/environment/XmlToModelConverter.java, Line: 77, Element: item
[CALLSITE] Filepath: /media/4tb/npex/npex_data/benchmarks-bears/Bears-189-buggy/src/main/java/hu/oe/nik/szfmv/environment/XmlToModelConverter.java, Line: 77, Element: getNodeName
[CALLSITE] Filepath: /media/4tb/npex/npex_data/benchmarks-bears/Bears-189-buggy/src/main/java/hu/oe/nik/szfmv/environment/XmlToModelConverter.java, Line: 77, Element: item
[CALLSITE] Filepath: /media/4tb/npex/npex_data/benchmarks-bears/Bears-189-buggy/src/main/java/hu/oe/nik/szfmv/environment/XmlToModelConverter.java, Line: 77, Element: getNodeName
[CALLSITE] Filepath: /media/4tb/npex/npex_data/benchmarks-bears/Bears-189-buggy/src/main/java/hu/oe/nik/szfmv/environment/XmlToModelConverter.java, Line: 77, Element: item
[CALLSITE] Filepath: /media/4tb/npex/npex_data/benchmarks-bears/Bears-189-buggy/src/main/java/hu/oe/nik/szfmv/environment/XmlToModelConverter.java, Line: 77, Element: getNodeName
[CALLSITE] Filepath: /media/4tb/npex/npex_data/benchmarks-bears/Bears-189-buggy/src/main/java/hu/oe/nik/szfmv/environment/XmlToModelConverter.java, Line: 77, Element: item
[CALLSITE] Filepath: /media/4tb/npex/npex_data/benchmarks-bears/Bears-189-buggy/src/main/java/hu/oe/nik/szfmv/environment/XmlToModelConverter.java, Line: 77, Element: getNodeName
[CALLSITE] Filepath: /media/4tb/npex/npex_data/benchmarks-bears/Bears-189-buggy/src/main/java/hu/oe/nik/szfmv/environment/XmlToModelConverter.java, Line: 77, Element: item
[CALLSITE] Filepath: /media/4tb/npex/npex_data/benchmarks-bears/Bears-189-buggy/src/main/java/hu/oe/nik/szfmv/environment/XmlToModelConverter.java, Line: 77, Element: getNodeName
[CALLSITE] Filepath: /media/4tb/npex/npex_data/benchmarks-bears/Bears-189-buggy/src/main/java/hu/oe/nik/szfmv/environment/XmlToModelConverter.java, Line: 77, Element: item
[CALLSITE] Filepath: /media/4tb/npex/npex_data/benchmarks-bears/Bears-189-buggy/src/main/java/hu/oe/nik/szfmv/environment/XmlToModelConverter.java, Line: 77, Element: getNodeName
[CALLSITE] Filepath: /media/4tb/npex/npex_data/benchmarks-bears/Bears-189-buggy/src/main/java/hu/oe/nik/szfmv/environment/XmlToModelConverter.java, Line: 91, Element: createObjectFromType
[ENTRY] Filepath: /media/4tb/npex/npex_data/benchmarks-bears/Bears-189-buggy/src/main/java/hu/oe/nik/szfmv/environment/XmlToModelConverter.java, Line: 118, Element: createObjectFromType
[CALLSITE] Filepath: /media/4tb/npex/npex_data/benchmarks-bears/Bears-189-buggy/src/main/java/hu/oe/nik/szfmv/environment/XmlToModelConverter.java, Line: 122, Element: indexOf
[CALLSITE] Filepath: /media/4tb/npex/npex_data/benchmarks-bears/Bears-189-buggy/src/main/java/hu/oe/nik/szfmv/environment/XmlToModelConverter.java, Line: 123, Element: indexOf
[CALLSITE] Filepath: /media/4tb/npex/npex_data/benchmarks-bears/Bears-189-buggy/src/main/java/hu/oe/nik/szfmv/environment/XmlToModelConverter.java, Line: 123, Element: substring
[CALLSITE] Filepath: /media/4tb/npex/npex_data/benchmarks-bears/Bears-189-buggy/src/main/java/hu/oe/nik/szfmv/environment/models/Road.java, Line: 92, Element: hashMapInit
[ENTRY] Filepath: /media/4tb/npex/npex_data/benchmarks-bears/Bears-189-buggy/src/main/java/hu/oe/nik/szfmv/environment/models/Road.java, Line: 95, Element: hashMapInit
[CALLSITE] Filepath: /media/4tb/npex/npex_data/benchmarks-bears/Bears-189-buggy/src/main/java/hu/oe/nik/szfmv/environment/models/Road.java, Line: 96, Element: put
[CALLSITE] Filepath: /media/4tb/npex/npex_data/benchmarks-bears/Bears-189-buggy/src/main/java/hu/oe/nik/szfmv/environment/models/Road.java, Line: 97, Element: put
[CALLSITE] Filepath: /media/4tb/npex/npex_data/benchmarks-bears/Bears-189-buggy/src/main/java/hu/oe/nik/szfmv/environment/models/Road.java, Line: 98, Element: put
[CALLSITE] Filepath: /media/4tb/npex/npex_data/benchmarks-bears/Bears-189-buggy/src/main/java/hu/oe/nik/szfmv/environment/models/Road.java, Line: 99, Element: put
[CALLSITE] Filepath: /media/4tb/npex/npex_data/benchmarks-bears/Bears-189-buggy/src/main/java/hu/oe/nik/szfmv/environment/models/Road.java, Line: 100, Element: put
[CALLSITE] Filepath: /media/4tb/npex/npex_data/benchmarks-bears/Bears-189-buggy/src/main/java/hu/oe/nik/szfmv/environment/models/Road.java, Line: 101, Element: put
[CALLSITE] Filepath: /media/4tb/npex/npex_data/benchmarks-bears/Bears-189-buggy/src/main/java/hu/oe/nik/szfmv/environment/models/Road.java, Line: 102, Element: put
[CALLSITE] Filepath: /media/4tb/npex/npex_data/benchmarks-bears/Bears-189-buggy/src/main/java/hu/oe/nik/szfmv/environment/models/Road.java, Line: 103, Element: put
[CALLSITE] Filepath: /media/4tb/npex/npex_data/benchmarks-bears/Bears-189-buggy/src/main/java/hu/oe/nik/szfmv/environment/models/Road.java, Line: 104, Element: put
[CALLSITE] Filepath: /media/4tb/npex/npex_data/benchmarks-bears/Bears-189-buggy/src/main/java/hu/oe/nik/szfmv/environment/XmlToModelConverter.java, Line: 93, Element: setImageFileName
[ENTRY] Filepath: /media/4tb/npex/npex_data/benchmarks-bears/Bears-189-buggy/src/main/java/hu/oe/nik/szfmv/environment/WorldObject.java, Line: 92, Element: setImageFileName
[CALLSITE] Filepath: /media/4tb/npex/npex_data/benchmarks-bears/Bears-189-buggy/src/main/java/hu/oe/nik/szfmv/environment/XmlToModelConverter.java, Line: 96, Element: generateDimens
[ENTRY] Filepath: /media/4tb/npex/npex_data/benchmarks-bears/Bears-189-buggy/src/main/java/hu/oe/nik/szfmv/environment/WorldObject.java, Line: 101, Element: generateDimens
[CALLSITE] Filepath: /media/4tb/npex/npex_data/benchmarks-bears/Bears-189-buggy/src/main/java/hu/oe/nik/szfmv/environment/WorldObject.java, Line: 103, Element: read
[ENTRY] Filepath: /media/4tb/npex/npex_data/benchmarks-bears/Bears-189-buggy/src/main/java/hu/oe/nik/szfmv/environment/WorldObject.java, Line: 80, Element: getImageFileName
[CALLSITE] Filepath: /media/4tb/npex/npex_data/benchmarks-bears/Bears-189-buggy/src/main/java/hu/oe/nik/szfmv/environment/WorldObject.java, Line: 107, Element: getWidth
[CALLSITE] Filepath: /media/4tb/npex/npex_data/benchmarks-bears/Bears-189-buggy/src/main/java/hu/oe/nik/szfmv/environment/WorldObject.java, Line: 108, Element: getHeight
[CALLSITE] Filepath: /media/4tb/npex/npex_data/benchmarks-bears/Bears-189-buggy/src/main/java/hu/oe/nik/szfmv/environment/XmlToModelConverter.java, Line: 99, Element: getPointsFromPositionElement
[ENTRY] Filepath: /media/4tb/npex/npex_data/benchmarks-bears/Bears-189-buggy/src/main/java/hu/oe/nik/szfmv/environment/XmlToModelConverter.java, Line: 154, Element: getPointsFromPositionElement
[CALLSITE] Filepath: /media/4tb/npex/npex_data/benchmarks-bears/Bears-189-buggy/src/main/java/hu/oe/nik/szfmv/environment/XmlToModelConverter.java, Line: 160, Element: getAttribute
[CALLSITE] Filepath: /media/4tb/npex/npex_data/benchmarks-bears/Bears-189-buggy/src/main/java/hu/oe/nik/szfmv/environment/XmlToModelConverter.java, Line: 160, Element: parseInt
[CALLSITE] Filepath: /media/4tb/npex/npex_data/benchmarks-bears/Bears-189-buggy/src/main/java/hu/oe/nik/szfmv/environment/XmlToModelConverter.java, Line: 161, Element: getAttribute
[CALLSITE] Filepath: /media/4tb/npex/npex_data/benchmarks-bears/Bears-189-buggy/src/main/java/hu/oe/nik/szfmv/environment/XmlToModelConverter.java, Line: 161, Element: parseInt
[CALLSITE] Filepath: /media/4tb/npex/npex_data/benchmarks-bears/Bears-189-buggy/src/main/java/hu/oe/nik/szfmv/environment/XmlToModelConverter.java, Line: 100, Element: setX
[ENTRY] Filepath: /media/4tb/npex/npex_data/benchmarks-bears/Bears-189-buggy/src/main/java/hu/oe/nik/szfmv/environment/WorldObject.java, Line: 48, Element: setX
[CALLSITE] Filepath: /media/4tb/npex/npex_data/benchmarks-bears/Bears-189-buggy/src/main/java/hu/oe/nik/szfmv/environment/XmlToModelConverter.java, Line: 101, Element: setY
[ENTRY] Filepath: /media/4tb/npex/npex_data/benchmarks-bears/Bears-189-buggy/src/main/java/hu/oe/nik/szfmv/environment/WorldObject.java, Line: 56, Element: setY
[CALLSITE] Filepath: /media/4tb/npex/npex_data/benchmarks-bears/Bears-189-buggy/src/main/java/hu/oe/nik/szfmv/environment/XmlToModelConverter.java, Line: 104, Element: getRotacionFromTransformElement
[CALLSITE] Filepath: /media/4tb/npex/npex_data/benchmarks-bears/Bears-189-buggy/src/main/java/hu/oe/nik/szfmv/environment/XmlToModelConverter.java, Line: 104, Element: setRotation
[ENTRY] Filepath: /media/4tb/npex/npex_data/benchmarks-bears/Bears-189-buggy/src/main/java/hu/oe/nik/szfmv/environment/XmlToModelConverter.java, Line: 173, Element: getRotacionFromTransformElement
[CALLSITE] Filepath: /media/4tb/npex/npex_data/benchmarks-bears/Bears-189-buggy/src/main/java/hu/oe/nik/szfmv/environment/XmlToModelConverter.java, Line: 182, Element: getAttribute
[CALLSITE] Filepath: /media/4tb/npex/npex_data/benchmarks-bears/Bears-189-buggy/src/main/java/hu/oe/nik/szfmv/environment/XmlToModelConverter.java, Line: 182, Element: parseDouble
[CALLSITE] Filepath: /media/4tb/npex/npex_data/benchmarks-bears/Bears-189-buggy/src/main/java/hu/oe/nik/szfmv/environment/XmlToModelConverter.java, Line: 183, Element: getAttribute
[CALLSITE] Filepath: /media/4tb/npex/npex_data/benchmarks-bears/Bears-189-buggy/src/main/java/hu/oe/nik/szfmv/environment/XmlToModelConverter.java, Line: 183, Element: parseDouble
[CALLSITE] Filepath: /media/4tb/npex/npex_data/benchmarks-bears/Bears-189-buggy/src/main/java/hu/oe/nik/szfmv/environment/XmlToModelConverter.java, Line: 184, Element: getAttribute
[CALLSITE] Filepath: /media/4tb/npex/npex_data/benchmarks-bears/Bears-189-buggy/src/main/java/hu/oe/nik/szfmv/environment/XmlToModelConverter.java, Line: 184, Element: parseDouble
[CALLSITE] Filepath: /media/4tb/npex/npex_data/benchmarks-bears/Bears-189-buggy/src/main/java/hu/oe/nik/szfmv/environment/XmlToModelConverter.java, Line: 185, Element: getAttribute
[CALLSITE] Filepath: /media/4tb/npex/npex_data/benchmarks-bears/Bears-189-buggy/src/main/java/hu/oe/nik/szfmv/environment/XmlToModelConverter.java, Line: 185, Element: parseDouble
[CALLSITE] Filepath: /media/4tb/npex/npex_data/benchmarks-bears/Bears-189-buggy/src/main/java/hu/oe/nik/szfmv/environment/XmlToModelConverter.java, Line: 187, Element: convertMatrixToRadians
[ENTRY] Filepath: /media/4tb/npex/npex_data/benchmarks-bears/Bears-189-buggy/src/main/java/hu/oe/nik/szfmv/common/Utils.java, Line: 40, Element: convertMatrixToRadians
[CALLSITE] Filepath: /media/4tb/npex/npex_data/benchmarks-bears/Bears-189-buggy/src/main/java/hu/oe/nik/szfmv/common/Utils.java, Line: 41, Element: atan2
[ENTRY] Filepath: /media/4tb/npex/npex_data/benchmarks-bears/Bears-189-buggy/src/main/java/hu/oe/nik/szfmv/environment/WorldObject.java, Line: 88, Element: setRotation
[CALLSITE] Filepath: /media/4tb/npex/npex_data/benchmarks-bears/Bears-189-buggy/src/main/java/hu/oe/nik/szfmv/environment/XmlToModelConverter.java, Line: 107, Element: generateShape
[ENTRY] Filepath: /media/4tb/npex/npex_data/benchmarks-bears/Bears-189-buggy/src/main/java/hu/oe/nik/szfmv/environment/models/Road.java, Line: 119, Element: generateShape
[CALLSITE] Filepath: /media/4tb/npex/npex_data/benchmarks-bears/Bears-189-buggy/src/main/java/hu/oe/nik/szfmv/environment/models/Road.java, Line: 122, Element: get
[CALLSITE] Filepath: /media/4tb/npex/npex_data/benchmarks-bears/Bears-189-buggy/src/main/java/hu/oe/nik/szfmv/environment/models/Road.java, Line: 128, Element: getX
[CALLSITE] Filepath: /media/4tb/npex/npex_data/benchmarks-bears/Bears-189-buggy/src/main/java/hu/oe/nik/szfmv/environment/models/Road.java, Line: 128, Element: getX
[CALLSITE] Filepath: /media/4tb/npex/npex_data/benchmarks-bears/Bears-189-buggy/src/main/java/hu/oe/nik/szfmv/environment/models/Road.java, Line: 128, Element: getY
[CALLSITE] Filepath: /media/4tb/npex/npex_data/benchmarks-bears/Bears-189-buggy/src/main/java/hu/oe/nik/szfmv/environment/models/Road.java, Line: 128, Element: getY
[CALLSITE] Filepath: /media/4tb/npex/npex_data/benchmarks-bears/Bears-189-buggy/src/main/java/hu/oe/nik/szfmv/environment/models/Road.java, Line: 128, Element: translate
[ENTRY] Filepath: /media/4tb/npex/npex_data/benchmarks-bears/Bears-189-buggy/src/main/java/hu/oe/nik/szfmv/environment/WorldObject.java, Line: 44, Element: getX
[ENTRY] Filepath: /media/4tb/npex/npex_data/benchmarks-bears/Bears-189-buggy/src/main/java/hu/oe/nik/szfmv/environment/WorldObject.java, Line: 52, Element: getY
[CALLSITE] Filepath: /media/4tb/npex/npex_data/benchmarks-bears/Bears-189-buggy/src/main/java/hu/oe/nik/szfmv/environment/models/Road.java, Line: 129, Element: getRotation
[CALLSITE] Filepath: /media/4tb/npex/npex_data/benchmarks-bears/Bears-189-buggy/src/main/java/hu/oe/nik/szfmv/environment/models/Road.java, Line: 129, Element: getX
[CALLSITE] Filepath: /media/4tb/npex/npex_data/benchmarks-bears/Bears-189-buggy/src/main/java/hu/oe/nik/szfmv/environment/models/Road.java, Line: 129, Element: getY
[CALLSITE] Filepath: /media/4tb/npex/npex_data/benchmarks-bears/Bears-189-buggy/src/main/java/hu/oe/nik/szfmv/environment/models/Road.java, Line: 129, Element: rotate
[ENTRY] Filepath: /media/4tb/npex/npex_data/benchmarks-bears/Bears-189-buggy/src/main/java/hu/oe/nik/szfmv/environment/WorldObject.java, Line: 76, Element: getRotation
[CALLSITE] Filepath: /media/4tb/npex/npex_data/benchmarks-bears/Bears-189-buggy/src/main/java/hu/oe/nik/szfmv/environment/models/Road.java, Line: 131, Element: get
[CALLSITE] Filepath: /media/4tb/npex/npex_data/benchmarks-bears/Bears-189-buggy/src/main/java/hu/oe/nik/szfmv/environment/models/Road.java, Line: 131, Element: createTransformedShape
[CALLSITE] Filepath: /media/4tb/npex/npex_data/benchmarks-bears/Bears-189-buggy/src/main/java/hu/oe/nik/szfmv/environment/XmlToModelConverter.java, Line: 109, Element: toString
[CALLSITE] Filepath: /media/4tb/npex/npex_data/benchmarks-bears/Bears-189-buggy/src/main/java/hu/oe/nik/szfmv/environment/XmlToModelConverter.java, Line: 109, Element: debug
[ENTRY] Filepath: /media/4tb/npex/npex_data/benchmarks-bears/Bears-189-buggy/src/main/java/hu/oe/nik/szfmv/environment/WorldObject.java, Line: 135, Element: toString
[CALLSITE] Filepath: /media/4tb/npex/npex_data/benchmarks-bears/Bears-189-buggy/src/main/java/hu/oe/nik/szfmv/environment/XmlToModelConverter.java, Line: 50, Element: item
[CALLSITE] Filepath: /media/4tb/npex/npex_data/benchmarks-bears/Bears-189-buggy/src/main/java/hu/oe/nik/szfmv/environment/XmlToModelConverter.java, Line: 52, Element: readValueFromXml
[CALLSITE] Filepath: /media/4tb/npex/npex_data/benchmarks-bears/Bears-189-buggy/src/main/java/hu/oe/nik/szfmv/environment/XmlToModelConverter.java, Line: 52, Element: add
[ENTRY] Filepath: /media/4tb/npex/npex_data/benchmarks-bears/Bears-189-buggy/src/main/java/hu/oe/nik/szfmv/environment/XmlToModelConverter.java, Line: 67, Element: readValueFromXml
[CALLSITE] Filepath: /media/4tb/npex/npex_data/benchmarks-bears/Bears-189-buggy/src/main/java/hu/oe/nik/szfmv/environment/XmlToModelConverter.java, Line: 72, Element: getAttribute
[CALLSITE] Filepath: /media/4tb/npex/npex_data/benchmarks-bears/Bears-189-buggy/src/main/java/hu/oe/nik/szfmv/environment/XmlToModelConverter.java, Line: 75, Element: getChildNodes
[CALLSITE] Filepath: /media/4tb/npex/npex_data/benchmarks-bears/Bears-189-buggy/src/main/java/hu/oe/nik/szfmv/environment/XmlToModelConverter.java, Line: 76, Element: getLength
[CALLSITE] Filepath: /media/4tb/npex/npex_data/benchmarks-bears/Bears-189-buggy/src/main/java/hu/oe/nik/szfmv/environment/XmlToModelConverter.java, Line: 77, Element: item
[CALLSITE] Filepath: /media/4tb/npex/npex_data/benchmarks-bears/Bears-189-buggy/src/main/java/hu/oe/nik/szfmv/environment/XmlToModelConverter.java, Line: 77, Element: getNodeName
[CALLSITE] Filepath: /media/4tb/npex/npex_data/benchmarks-bears/Bears-189-buggy/src/main/java/hu/oe/nik/szfmv/environment/XmlToModelConverter.java, Line: 77, Element: item
[CALLSITE] Filepath: /media/4tb/npex/npex_data/benchmarks-bears/Bears-189-buggy/src/main/java/hu/oe/nik/szfmv/environment/XmlToModelConverter.java, Line: 77, Element: getNodeName
[CALLSITE] Filepath: /media/4tb/npex/npex_data/benchmarks-bears/Bears-189-buggy/src/main/java/hu/oe/nik/szfmv/environment/XmlToModelConverter.java, Line: 79, Element: item
[CALLSITE] Filepath: /media/4tb/npex/npex_data/benchmarks-bears/Bears-189-buggy/src/main/java/hu/oe/nik/szfmv/environment/XmlToModelConverter.java, Line: 77, Element: item
[CALLSITE] Filepath: /media/4tb/npex/npex_data/benchmarks-bears/Bears-189-buggy/src/main/java/hu/oe/nik/szfmv/environment/XmlToModelConverter.java, Line: 77, Element: getNodeName
[CALLSITE] Filepath: /media/4tb/npex/npex_data/benchmarks-bears/Bears-189-buggy/src/main/java/hu/oe/nik/szfmv/environment/XmlToModelConverter.java, Line: 77, Element: item
[CALLSITE] Filepath: /media/4tb/npex/npex_data/benchmarks-bears/Bears-189-buggy/src/main/java/hu/oe/nik/szfmv/environment/XmlToModelConverter.java, Line: 77, Element: getNodeName
[CALLSITE] Filepath: /media/4tb/npex/npex_data/benchmarks-bears/Bears-189-buggy/src/main/java/hu/oe/nik/szfmv/environment/XmlToModelConverter.java, Line: 82, Element: item
[CALLSITE] Filepath: /media/4tb/npex/npex_data/benchmarks-bears/Bears-189-buggy/src/main/java/hu/oe/nik/szfmv/environment/XmlToModelConverter.java, Line: 77, Element: item
[CALLSITE] Filepath: /media/4tb/npex/npex_data/benchmarks-bears/Bears-189-buggy/src/main/java/hu/oe/nik/szfmv/environment/XmlToModelConverter.java, Line: 77, Element: getNodeName
[CALLSITE] Filepath: /media/4tb/npex/npex_data/benchmarks-bears/Bears-189-buggy/src/main/java/hu/oe/nik/szfmv/environment/XmlToModelConverter.java, Line: 77, Element: item
[CALLSITE] Filepath: /media/4tb/npex/npex_data/benchmarks-bears/Bears-189-buggy/src/main/java/hu/oe/nik/szfmv/environment/XmlToModelConverter.java, Line: 77, Element: getNodeName
[CALLSITE] Filepath: /media/4tb/npex/npex_data/benchmarks-bears/Bears-189-buggy/src/main/java/hu/oe/nik/szfmv/environment/XmlToModelConverter.java, Line: 77, Element: item
[CALLSITE] Filepath: /media/4tb/npex/npex_data/benchmarks-bears/Bears-189-buggy/src/main/java/hu/oe/nik/szfmv/environment/XmlToModelConverter.java, Line: 77, Element: getNodeName
[CALLSITE] Filepath: /media/4tb/npex/npex_data/benchmarks-bears/Bears-189-buggy/src/main/java/hu/oe/nik/szfmv/environment/XmlToModelConverter.java, Line: 77, Element: item
[CALLSITE] Filepath: /media/4tb/npex/npex_data/benchmarks-bears/Bears-189-buggy/src/main/java/hu/oe/nik/szfmv/environment/XmlToModelConverter.java, Line: 77, Element: getNodeName
[CALLSITE] Filepath: /media/4tb/npex/npex_data/benchmarks-bears/Bears-189-buggy/src/main/java/hu/oe/nik/szfmv/environment/XmlToModelConverter.java, Line: 77, Element: item
[CALLSITE] Filepath: /media/4tb/npex/npex_data/benchmarks-bears/Bears-189-buggy/src/main/java/hu/oe/nik/szfmv/environment/XmlToModelConverter.java, Line: 77, Element: getNodeName
[CALLSITE] Filepath: /media/4tb/npex/npex_data/benchmarks-bears/Bears-189-buggy/src/main/java/hu/oe/nik/szfmv/environment/XmlToModelConverter.java, Line: 77, Element: item
[CALLSITE] Filepath: /media/4tb/npex/npex_data/benchmarks-bears/Bears-189-buggy/src/main/java/hu/oe/nik/szfmv/environment/XmlToModelConverter.java, Line: 77, Element: getNodeName
[CALLSITE] Filepath: /media/4tb/npex/npex_data/benchmarks-bears/Bears-189-buggy/src/main/java/hu/oe/nik/szfmv/environment/XmlToModelConverter.java, Line: 77, Element: item
[CALLSITE] Filepath: /media/4tb/npex/npex_data/benchmarks-bears/Bears-189-buggy/src/main/java/hu/oe/nik/szfmv/environment/XmlToModelConverter.java, Line: 77, Element: getNodeName
[CALLSITE] Filepath: /media/4tb/npex/npex_data/benchmarks-bears/Bears-189-buggy/src/main/java/hu/oe/nik/szfmv/environment/XmlToModelConverter.java, Line: 91, Element: createObjectFromType
[ENTRY] Filepath: /media/4tb/npex/npex_data/benchmarks-bears/Bears-189-buggy/src/main/java/hu/oe/nik/szfmv/environment/XmlToModelConverter.java, Line: 118, Element: createObjectFromType
[CALLSITE] Filepath: /media/4tb/npex/npex_data/benchmarks-bears/Bears-189-buggy/src/main/java/hu/oe/nik/szfmv/environment/XmlToModelConverter.java, Line: 122, Element: indexOf
[CALLSITE] Filepath: /media/4tb/npex/npex_data/benchmarks-bears/Bears-189-buggy/src/main/java/hu/oe/nik/szfmv/environment/XmlToModelConverter.java, Line: 123, Element: indexOf
[CALLSITE] Filepath: /media/4tb/npex/npex_data/benchmarks-bears/Bears-189-buggy/src/main/java/hu/oe/nik/szfmv/environment/XmlToModelConverter.java, Line: 123, Element: substring
[CALLSITE] Filepath: /media/4tb/npex/npex_data/benchmarks-bears/Bears-189-buggy/src/main/java/hu/oe/nik/szfmv/environment/models/Road.java, Line: 92, Element: hashMapInit
[ENTRY] Filepath: /media/4tb/npex/npex_data/benchmarks-bears/Bears-189-buggy/src/main/java/hu/oe/nik/szfmv/environment/models/Road.java, Line: 95, Element: hashMapInit
[CALLSITE] Filepath: /media/4tb/npex/npex_data/benchmarks-bears/Bears-189-buggy/src/main/java/hu/oe/nik/szfmv/environment/models/Road.java, Line: 96, Element: put
[CALLSITE] Filepath: /media/4tb/npex/npex_data/benchmarks-bears/Bears-189-buggy/src/main/java/hu/oe/nik/szfmv/environment/models/Road.java, Line: 97, Element: put
[CALLSITE] Filepath: /media/4tb/npex/npex_data/benchmarks-bears/Bears-189-buggy/src/main/java/hu/oe/nik/szfmv/environment/models/Road.java, Line: 98, Element: put
[CALLSITE] Filepath: /media/4tb/npex/npex_data/benchmarks-bears/Bears-189-buggy/src/main/java/hu/oe/nik/szfmv/environment/models/Road.java, Line: 99, Element: put
[CALLSITE] Filepath: /media/4tb/npex/npex_data/benchmarks-bears/Bears-189-buggy/src/main/java/hu/oe/nik/szfmv/environment/models/Road.java, Line: 100, Element: put
[CALLSITE] Filepath: /media/4tb/npex/npex_data/benchmarks-bears/Bears-189-buggy/src/main/java/hu/oe/nik/szfmv/environment/models/Road.java, Line: 101, Element: put
[CALLSITE] Filepath: /media/4tb/npex/npex_data/benchmarks-bears/Bears-189-buggy/src/main/java/hu/oe/nik/szfmv/environment/models/Road.java, Line: 102, Element: put
[CALLSITE] Filepath: /media/4tb/npex/npex_data/benchmarks-bears/Bears-189-buggy/src/main/java/hu/oe/nik/szfmv/environment/models/Road.java, Line: 103, Element: put
[CALLSITE] Filepath: /media/4tb/npex/npex_data/benchmarks-bears/Bears-189-buggy/src/main/java/hu/oe/nik/szfmv/environment/models/Road.java, Line: 104, Element: put
[CALLSITE] Filepath: /media/4tb/npex/npex_data/benchmarks-bears/Bears-189-buggy/src/main/java/hu/oe/nik/szfmv/environment/XmlToModelConverter.java, Line: 93, Element: setImageFileName
[ENTRY] Filepath: /media/4tb/npex/npex_data/benchmarks-bears/Bears-189-buggy/src/main/java/hu/oe/nik/szfmv/environment/WorldObject.java, Line: 92, Element: setImageFileName
[CALLSITE] Filepath: /media/4tb/npex/npex_data/benchmarks-bears/Bears-189-buggy/src/main/java/hu/oe/nik/szfmv/environment/XmlToModelConverter.java, Line: 96, Element: generateDimens
[ENTRY] Filepath: /media/4tb/npex/npex_data/benchmarks-bears/Bears-189-buggy/src/main/java/hu/oe/nik/szfmv/environment/WorldObject.java, Line: 101, Element: generateDimens
[CALLSITE] Filepath: /media/4tb/npex/npex_data/benchmarks-bears/Bears-189-buggy/src/main/java/hu/oe/nik/szfmv/environment/WorldObject.java, Line: 103, Element: read
[ENTRY] Filepath: /media/4tb/npex/npex_data/benchmarks-bears/Bears-189-buggy/src/main/java/hu/oe/nik/szfmv/environment/WorldObject.java, Line: 80, Element: getImageFileName
[CALLSITE] Filepath: /media/4tb/npex/npex_data/benchmarks-bears/Bears-189-buggy/src/main/java/hu/oe/nik/szfmv/environment/WorldObject.java, Line: 107, Element: getWidth
[CALLSITE] Filepath: /media/4tb/npex/npex_data/benchmarks-bears/Bears-189-buggy/src/main/java/hu/oe/nik/szfmv/environment/WorldObject.java, Line: 108, Element: getHeight
[CALLSITE] Filepath: /media/4tb/npex/npex_data/benchmarks-bears/Bears-189-buggy/src/main/java/hu/oe/nik/szfmv/environment/XmlToModelConverter.java, Line: 99, Element: getPointsFromPositionElement
[ENTRY] Filepath: /media/4tb/npex/npex_data/benchmarks-bears/Bears-189-buggy/src/main/java/hu/oe/nik/szfmv/environment/XmlToModelConverter.java, Line: 154, Element: getPointsFromPositionElement
[CALLSITE] Filepath: /media/4tb/npex/npex_data/benchmarks-bears/Bears-189-buggy/src/main/java/hu/oe/nik/szfmv/environment/XmlToModelConverter.java, Line: 160, Element: getAttribute
[CALLSITE] Filepath: /media/4tb/npex/npex_data/benchmarks-bears/Bears-189-buggy/src/main/java/hu/oe/nik/szfmv/environment/XmlToModelConverter.java, Line: 160, Element: parseInt
[CALLSITE] Filepath: /media/4tb/npex/npex_data/benchmarks-bears/Bears-189-buggy/src/main/java/hu/oe/nik/szfmv/environment/XmlToModelConverter.java, Line: 161, Element: getAttribute
[CALLSITE] Filepath: /media/4tb/npex/npex_data/benchmarks-bears/Bears-189-buggy/src/main/java/hu/oe/nik/szfmv/environment/XmlToModelConverter.java, Line: 161, Element: parseInt
[CALLSITE] Filepath: /media/4tb/npex/npex_data/benchmarks-bears/Bears-189-buggy/src/main/java/hu/oe/nik/szfmv/environment/XmlToModelConverter.java, Line: 100, Element: setX
[ENTRY] Filepath: /media/4tb/npex/npex_data/benchmarks-bears/Bears-189-buggy/src/main/java/hu/oe/nik/szfmv/environment/WorldObject.java, Line: 48, Element: setX
[CALLSITE] Filepath: /media/4tb/npex/npex_data/benchmarks-bears/Bears-189-buggy/src/main/java/hu/oe/nik/szfmv/environment/XmlToModelConverter.java, Line: 101, Element: setY
[ENTRY] Filepath: /media/4tb/npex/npex_data/benchmarks-bears/Bears-189-buggy/src/main/java/hu/oe/nik/szfmv/environment/WorldObject.java, Line: 56, Element: setY
[CALLSITE] Filepath: /media/4tb/npex/npex_data/benchmarks-bears/Bears-189-buggy/src/main/java/hu/oe/nik/szfmv/environment/XmlToModelConverter.java, Line: 104, Element: getRotacionFromTransformElement
[CALLSITE] Filepath: /media/4tb/npex/npex_data/benchmarks-bears/Bears-189-buggy/src/main/java/hu/oe/nik/szfmv/environment/XmlToModelConverter.java, Line: 104, Element: setRotation
[ENTRY] Filepath: /media/4tb/npex/npex_data/benchmarks-bears/Bears-189-buggy/src/main/java/hu/oe/nik/szfmv/environment/XmlToModelConverter.java, Line: 173, Element: getRotacionFromTransformElement
[CALLSITE] Filepath: /media/4tb/npex/npex_data/benchmarks-bears/Bears-189-buggy/src/main/java/hu/oe/nik/szfmv/environment/XmlToModelConverter.java, Line: 182, Element: getAttribute
[CALLSITE] Filepath: /media/4tb/npex/npex_data/benchmarks-bears/Bears-189-buggy/src/main/java/hu/oe/nik/szfmv/environment/XmlToModelConverter.java, Line: 182, Element: parseDouble
[CALLSITE] Filepath: /media/4tb/npex/npex_data/benchmarks-bears/Bears-189-buggy/src/main/java/hu/oe/nik/szfmv/environment/XmlToModelConverter.java, Line: 183, Element: getAttribute
[CALLSITE] Filepath: /media/4tb/npex/npex_data/benchmarks-bears/Bears-189-buggy/src/main/java/hu/oe/nik/szfmv/environment/XmlToModelConverter.java, Line: 183, Element: parseDouble
[CALLSITE] Filepath: /media/4tb/npex/npex_data/benchmarks-bears/Bears-189-buggy/src/main/java/hu/oe/nik/szfmv/environment/XmlToModelConverter.java, Line: 184, Element: getAttribute
[CALLSITE] Filepath: /media/4tb/npex/npex_data/benchmarks-bears/Bears-189-buggy/src/main/java/hu/oe/nik/szfmv/environment/XmlToModelConverter.java, Line: 184, Element: parseDouble
[CALLSITE] Filepath: /media/4tb/npex/npex_data/benchmarks-bears/Bears-189-buggy/src/main/java/hu/oe/nik/szfmv/environment/XmlToModelConverter.java, Line: 185, Element: getAttribute
[CALLSITE] Filepath: /media/4tb/npex/npex_data/benchmarks-bears/Bears-189-buggy/src/main/java/hu/oe/nik/szfmv/environment/XmlToModelConverter.java, Line: 185, Element: parseDouble
[CALLSITE] Filepath: /media/4tb/npex/npex_data/benchmarks-bears/Bears-189-buggy/src/main/java/hu/oe/nik/szfmv/environment/XmlToModelConverter.java, Line: 187, Element: convertMatrixToRadians
[ENTRY] Filepath: /media/4tb/npex/npex_data/benchmarks-bears/Bears-189-buggy/src/main/java/hu/oe/nik/szfmv/common/Utils.java, Line: 40, Element: convertMatrixToRadians
[CALLSITE] Filepath: /media/4tb/npex/npex_data/benchmarks-bears/Bears-189-buggy/src/main/java/hu/oe/nik/szfmv/common/Utils.java, Line: 41, Element: atan2
[ENTRY] Filepath: /media/4tb/npex/npex_data/benchmarks-bears/Bears-189-buggy/src/main/java/hu/oe/nik/szfmv/environment/WorldObject.java, Line: 88, Element: setRotation
[CALLSITE] Filepath: /media/4tb/npex/npex_data/benchmarks-bears/Bears-189-buggy/src/main/java/hu/oe/nik/szfmv/environment/XmlToModelConverter.java, Line: 107, Element: generateShape
[ENTRY] Filepath: /media/4tb/npex/npex_data/benchmarks-bears/Bears-189-buggy/src/main/java/hu/oe/nik/szfmv/environment/models/Road.java, Line: 119, Element: generateShape
[CALLSITE] Filepath: /media/4tb/npex/npex_data/benchmarks-bears/Bears-189-buggy/src/main/java/hu/oe/nik/szfmv/environment/models/Road.java, Line: 122, Element: get
[CALLSITE] Filepath: /media/4tb/npex/npex_data/benchmarks-bears/Bears-189-buggy/src/main/java/hu/oe/nik/szfmv/environment/models/Road.java, Line: 125, Element: getRotation
[CALLSITE] Filepath: /media/4tb/npex/npex_data/benchmarks-bears/Bears-189-buggy/src/main/java/hu/oe/nik/szfmv/environment/models/Road.java, Line: 125, Element: getX
[CALLSITE] Filepath: /media/4tb/npex/npex_data/benchmarks-bears/Bears-189-buggy/src/main/java/hu/oe/nik/szfmv/environment/models/Road.java, Line: 125, Element: getWidth
[CALLSITE] Filepath: /media/4tb/npex/npex_data/benchmarks-bears/Bears-189-buggy/src/main/java/hu/oe/nik/szfmv/environment/models/Road.java, Line: 125, Element: rotate
[ENTRY] Filepath: /media/4tb/npex/npex_data/benchmarks-bears/Bears-189-buggy/src/main/java/hu/oe/nik/szfmv/environment/WorldObject.java, Line: 76, Element: getRotation
[ENTRY] Filepath: /media/4tb/npex/npex_data/benchmarks-bears/Bears-189-buggy/src/main/java/hu/oe/nik/szfmv/environment/WorldObject.java, Line: 44, Element: getX
[ENTRY] Filepath: /media/4tb/npex/npex_data/benchmarks-bears/Bears-189-buggy/src/main/java/hu/oe/nik/szfmv/environment/WorldObject.java, Line: 60, Element: getWidth
[ENTRY] Filepath: /media/4tb/npex/npex_data/benchmarks-bears/Bears-189-buggy/src/main/java/hu/oe/nik/szfmv/environment/WorldObject.java, Line: 52, Element: getY
[ENTRY] Filepath: /media/4tb/npex/npex_data/benchmarks-bears/Bears-189-buggy/src/main/java/hu/oe/nik/szfmv/environment/WorldObject.java, Line: 64, Element: getHeight
[CALLSITE] Filepath: /media/4tb/npex/npex_data/benchmarks-bears/Bears-189-buggy/src/main/java/hu/oe/nik/szfmv/environment/models/Road.java, Line: 131, Element: get
[CALLSITE] Filepath: /media/4tb/npex/npex_data/benchmarks-bears/Bears-189-buggy/src/main/java/hu/oe/nik/szfmv/environment/models/Road.java, Line: 131, Element: createTransformedShape
[CALLSITE] Filepath: /media/4tb/npex/npex_data/benchmarks-bears/Bears-189-buggy/src/main/java/hu/oe/nik/szfmv/environment/models/Road.java, Line: 135, Element: generateShape
[ENTRY] Filepath: /media/4tb/npex/npex_data/benchmarks-bears/Bears-189-buggy/src/main/java/hu/oe/nik/szfmv/environment/WorldObject.java, Line: 117, Element: generateShape
[CALLSITE] Filepath: /media/4tb/npex/npex_data/benchmarks-bears/Bears-189-buggy/src/main/java/hu/oe/nik/szfmv/environment/WorldObject.java, Line: 119, Element: getRotation
[CALLSITE] Filepath: /media/4tb/npex/npex_data/benchmarks-bears/Bears-189-buggy/src/main/java/hu/oe/nik/szfmv/environment/WorldObject.java, Line: 119, Element: getX
[CALLSITE] Filepath: /media/4tb/npex/npex_data/benchmarks-bears/Bears-189-buggy/src/main/java/hu/oe/nik/szfmv/environment/WorldObject.java, Line: 119, Element: getY
[CALLSITE] Filepath: /media/4tb/npex/npex_data/benchmarks-bears/Bears-189-buggy/src/main/java/hu/oe/nik/szfmv/environment/WorldObject.java, Line: 119, Element: rotate
[ENTRY] Filepath: /media/4tb/npex/npex_data/benchmarks-bears/Bears-189-buggy/src/main/java/hu/oe/nik/szfmv/environment/WorldObject.java, Line: 76, Element: getRotation
[ENTRY] Filepath: /media/4tb/npex/npex_data/benchmarks-bears/Bears-189-buggy/src/main/java/hu/oe/nik/szfmv/environment/WorldObject.java, Line: 44, Element: getX
[ENTRY] Filepath: /media/4tb/npex/npex_data/benchmarks-bears/Bears-189-buggy/src/main/java/hu/oe/nik/szfmv/environment/WorldObject.java, Line: 52, Element: getY
[CALLSITE] Filepath: /media/4tb/npex/npex_data/benchmarks-bears/Bears-189-buggy/src/main/java/hu/oe/nik/szfmv/environment/WorldObject.java, Line: 120, Element: isInstance
[CALLSITE] Filepath: /media/4tb/npex/npex_data/benchmarks-bears/Bears-189-buggy/src/main/java/hu/oe/nik/szfmv/environment/WorldObject.java, Line: 121, Element: createTransformedShape
[ENTRY] Filepath: /media/4tb/npex/npex_data/benchmarks-bears/Bears-189-buggy/src/main/java/hu/oe/nik/szfmv/environment/WorldObject.java, Line: 44, Element: getX
[ENTRY] Filepath: /media/4tb/npex/npex_data/benchmarks-bears/Bears-189-buggy/src/main/java/hu/oe/nik/szfmv/environment/WorldObject.java, Line: 52, Element: getY
[ENTRY] Filepath: /media/4tb/npex/npex_data/benchmarks-bears/Bears-189-buggy/src/main/java/hu/oe/nik/szfmv/environment/WorldObject.java, Line: 60, Element: getWidth
[ENTRY] Filepath: /media/4tb/npex/npex_data/benchmarks-bears/Bears-189-buggy/src/main/java/hu/oe/nik/szfmv/environment/WorldObject.java, Line: 64, Element: getHeight
[CALLSITE] Filepath: /media/4tb/npex/npex_data/benchmarks-bears/Bears-189-buggy/src/main/java/hu/oe/nik/szfmv/environment/XmlToModelConverter.java, Line: 109, Element: toString
[CALLSITE] Filepath: /media/4tb/npex/npex_data/benchmarks-bears/Bears-189-buggy/src/main/java/hu/oe/nik/szfmv/environment/XmlToModelConverter.java, Line: 109, Element: debug
[ENTRY] Filepath: /media/4tb/npex/npex_data/benchmarks-bears/Bears-189-buggy/src/main/java/hu/oe/nik/szfmv/environment/WorldObject.java, Line: 135, Element: toString
[CALLSITE] Filepath: /media/4tb/npex/npex_data/benchmarks-bears/Bears-189-buggy/src/main/java/hu/oe/nik/szfmv/environment/XmlToModelConverter.java, Line: 50, Element: item
[CALLSITE] Filepath: /media/4tb/npex/npex_data/benchmarks-bears/Bears-189-buggy/src/main/java/hu/oe/nik/szfmv/environment/XmlToModelConverter.java, Line: 52, Element: readValueFromXml
[CALLSITE] Filepath: /media/4tb/npex/npex_data/benchmarks-bears/Bears-189-buggy/src/main/java/hu/oe/nik/szfmv/environment/XmlToModelConverter.java, Line: 52, Element: add
[ENTRY] Filepath: /media/4tb/npex/npex_data/benchmarks-bears/Bears-189-buggy/src/main/java/hu/oe/nik/szfmv/environment/XmlToModelConverter.java, Line: 67, Element: readValueFromXml
[CALLSITE] Filepath: /media/4tb/npex/npex_data/benchmarks-bears/Bears-189-buggy/src/main/java/hu/oe/nik/szfmv/environment/XmlToModelConverter.java, Line: 72, Element: getAttribute
[CALLSITE] Filepath: /media/4tb/npex/npex_data/benchmarks-bears/Bears-189-buggy/src/main/java/hu/oe/nik/szfmv/environment/XmlToModelConverter.java, Line: 75, Element: getChildNodes
[CALLSITE] Filepath: /media/4tb/npex/npex_data/benchmarks-bears/Bears-189-buggy/src/main/java/hu/oe/nik/szfmv/environment/XmlToModelConverter.java, Line: 76, Element: getLength
[CALLSITE] Filepath: /media/4tb/npex/npex_data/benchmarks-bears/Bears-189-buggy/src/main/java/hu/oe/nik/szfmv/environment/XmlToModelConverter.java, Line: 77, Element: item
[CALLSITE] Filepath: /media/4tb/npex/npex_data/benchmarks-bears/Bears-189-buggy/src/main/java/hu/oe/nik/szfmv/environment/XmlToModelConverter.java, Line: 77, Element: getNodeName
[CALLSITE] Filepath: /media/4tb/npex/npex_data/benchmarks-bears/Bears-189-buggy/src/main/java/hu/oe/nik/szfmv/environment/XmlToModelConverter.java, Line: 77, Element: item
[CALLSITE] Filepath: /media/4tb/npex/npex_data/benchmarks-bears/Bears-189-buggy/src/main/java/hu/oe/nik/szfmv/environment/XmlToModelConverter.java, Line: 77, Element: getNodeName
[CALLSITE] Filepath: /media/4tb/npex/npex_data/benchmarks-bears/Bears-189-buggy/src/main/java/hu/oe/nik/szfmv/environment/XmlToModelConverter.java, Line: 79, Element: item
[CALLSITE] Filepath: /media/4tb/npex/npex_data/benchmarks-bears/Bears-189-buggy/src/main/java/hu/oe/nik/szfmv/environment/XmlToModelConverter.java, Line: 77, Element: item
[CALLSITE] Filepath: /media/4tb/npex/npex_data/benchmarks-bears/Bears-189-buggy/src/main/java/hu/oe/nik/szfmv/environment/XmlToModelConverter.java, Line: 77, Element: getNodeName
[CALLSITE] Filepath: /media/4tb/npex/npex_data/benchmarks-bears/Bears-189-buggy/src/main/java/hu/oe/nik/szfmv/environment/XmlToModelConverter.java, Line: 77, Element: item
[CALLSITE] Filepath: /media/4tb/npex/npex_data/benchmarks-bears/Bears-189-buggy/src/main/java/hu/oe/nik/szfmv/environment/XmlToModelConverter.java, Line: 77, Element: getNodeName
[CALLSITE] Filepath: /media/4tb/npex/npex_data/benchmarks-bears/Bears-189-buggy/src/main/java/hu/oe/nik/szfmv/environment/XmlToModelConverter.java, Line: 82, Element: item
[CALLSITE] Filepath: /media/4tb/npex/npex_data/benchmarks-bears/Bears-189-buggy/src/main/java/hu/oe/nik/szfmv/environment/XmlToModelConverter.java, Line: 77, Element: item
[CALLSITE] Filepath: /media/4tb/npex/npex_data/benchmarks-bears/Bears-189-buggy/src/main/java/hu/oe/nik/szfmv/environment/XmlToModelConverter.java, Line: 77, Element: getNodeName
[CALLSITE] Filepath: /media/4tb/npex/npex_data/benchmarks-bears/Bears-189-buggy/src/main/java/hu/oe/nik/szfmv/environment/XmlToModelConverter.java, Line: 91, Element: createObjectFromType
[ENTRY] Filepath: /media/4tb/npex/npex_data/benchmarks-bears/Bears-189-buggy/src/main/java/hu/oe/nik/szfmv/environment/XmlToModelConverter.java, Line: 118, Element: createObjectFromType
[CALLSITE] Filepath: /media/4tb/npex/npex_data/benchmarks-bears/Bears-189-buggy/src/main/java/hu/oe/nik/szfmv/environment/XmlToModelConverter.java, Line: 122, Element: indexOf
[CALLSITE] Filepath: /media/4tb/npex/npex_data/benchmarks-bears/Bears-189-buggy/src/main/java/hu/oe/nik/szfmv/environment/XmlToModelConverter.java, Line: 123, Element: indexOf
[CALLSITE] Filepath: /media/4tb/npex/npex_data/benchmarks-bears/Bears-189-buggy/src/main/java/hu/oe/nik/szfmv/environment/XmlToModelConverter.java, Line: 123, Element: substring
[CALLSITE] Filepath: /media/4tb/npex/npex_data/benchmarks-bears/Bears-189-buggy/src/main/java/hu/oe/nik/szfmv/environment/XmlToModelConverter.java, Line: 93, Element: setImageFileName
[ENTRY] Filepath: /media/4tb/npex/npex_data/benchmarks-bears/Bears-189-buggy/src/main/java/hu/oe/nik/szfmv/environment/WorldObject.java, Line: 92, Element: setImageFileName
[CALLSITE] Filepath: /media/4tb/npex/npex_data/benchmarks-bears/Bears-189-buggy/src/main/java/hu/oe/nik/szfmv/environment/XmlToModelConverter.java, Line: 96, Element: generateDimens
[ENTRY] Filepath: /media/4tb/npex/npex_data/benchmarks-bears/Bears-189-buggy/src/main/java/hu/oe/nik/szfmv/environment/WorldObject.java, Line: 101, Element: generateDimens
[CALLSITE] Filepath: /media/4tb/npex/npex_data/benchmarks-bears/Bears-189-buggy/src/main/java/hu/oe/nik/szfmv/environment/WorldObject.java, Line: 103, Element: read
[ENTRY] Filepath: /media/4tb/npex/npex_data/benchmarks-bears/Bears-189-buggy/src/main/java/hu/oe/nik/szfmv/environment/WorldObject.java, Line: 80, Element: getImageFileName
[CALLSITE] Filepath: /media/4tb/npex/npex_data/benchmarks-bears/Bears-189-buggy/src/main/java/hu/oe/nik/szfmv/environment/WorldObject.java, Line: 107, Element: getWidth
[CALLSITE] Filepath: /media/4tb/npex/npex_data/benchmarks-bears/Bears-189-buggy/src/main/java/hu/oe/nik/szfmv/environment/WorldObject.java, Line: 108, Element: getHeight
[CALLSITE] Filepath: /media/4tb/npex/npex_data/benchmarks-bears/Bears-189-buggy/src/main/java/hu/oe/nik/szfmv/environment/XmlToModelConverter.java, Line: 99, Element: getPointsFromPositionElement
[ENTRY] Filepath: /media/4tb/npex/npex_data/benchmarks-bears/Bears-189-buggy/src/main/java/hu/oe/nik/szfmv/environment/XmlToModelConverter.java, Line: 154, Element: getPointsFromPositionElement
[CALLSITE] Filepath: /media/4tb/npex/npex_data/benchmarks-bears/Bears-189-buggy/src/main/java/hu/oe/nik/szfmv/environment/XmlToModelConverter.java, Line: 160, Element: getAttribute
[CALLSITE] Filepath: /media/4tb/npex/npex_data/benchmarks-bears/Bears-189-buggy/src/main/java/hu/oe/nik/szfmv/environment/XmlToModelConverter.java, Line: 160, Element: parseInt
[CALLSITE] Filepath: /media/4tb/npex/npex_data/benchmarks-bears/Bears-189-buggy/src/main/java/hu/oe/nik/szfmv/environment/XmlToModelConverter.java, Line: 161, Element: getAttribute
[CALLSITE] Filepath: /media/4tb/npex/npex_data/benchmarks-bears/Bears-189-buggy/src/main/java/hu/oe/nik/szfmv/environment/XmlToModelConverter.java, Line: 161, Element: parseInt
[CALLSITE] Filepath: /media/4tb/npex/npex_data/benchmarks-bears/Bears-189-buggy/src/main/java/hu/oe/nik/szfmv/environment/XmlToModelConverter.java, Line: 100, Element: setX
[ENTRY] Filepath: /media/4tb/npex/npex_data/benchmarks-bears/Bears-189-buggy/src/main/java/hu/oe/nik/szfmv/environment/WorldObject.java, Line: 48, Element: setX
[CALLSITE] Filepath: /media/4tb/npex/npex_data/benchmarks-bears/Bears-189-buggy/src/main/java/hu/oe/nik/szfmv/environment/XmlToModelConverter.java, Line: 101, Element: setY
[ENTRY] Filepath: /media/4tb/npex/npex_data/benchmarks-bears/Bears-189-buggy/src/main/java/hu/oe/nik/szfmv/environment/WorldObject.java, Line: 56, Element: setY
[CALLSITE] Filepath: /media/4tb/npex/npex_data/benchmarks-bears/Bears-189-buggy/src/main/java/hu/oe/nik/szfmv/environment/XmlToModelConverter.java, Line: 104, Element: getRotacionFromTransformElement
[CALLSITE] Filepath: /media/4tb/npex/npex_data/benchmarks-bears/Bears-189-buggy/src/main/java/hu/oe/nik/szfmv/environment/XmlToModelConverter.java, Line: 104, Element: setRotation
[ENTRY] Filepath: /media/4tb/npex/npex_data/benchmarks-bears/Bears-189-buggy/src/main/java/hu/oe/nik/szfmv/environment/XmlToModelConverter.java, Line: 173, Element: getRotacionFromTransformElement
[CALLSITE] Filepath: /media/4tb/npex/npex_data/benchmarks-bears/Bears-189-buggy/src/main/java/hu/oe/nik/szfmv/environment/XmlToModelConverter.java, Line: 182, Element: getAttribute
[CALLSITE] Filepath: /media/4tb/npex/npex_data/benchmarks-bears/Bears-189-buggy/src/main/java/hu/oe/nik/szfmv/environment/XmlToModelConverter.java, Line: 182, Element: parseDouble
[CALLSITE] Filepath: /media/4tb/npex/npex_data/benchmarks-bears/Bears-189-buggy/src/main/java/hu/oe/nik/szfmv/environment/XmlToModelConverter.java, Line: 183, Element: getAttribute
[CALLSITE] Filepath: /media/4tb/npex/npex_data/benchmarks-bears/Bears-189-buggy/src/main/java/hu/oe/nik/szfmv/environment/XmlToModelConverter.java, Line: 183, Element: parseDouble
[CALLSITE] Filepath: /media/4tb/npex/npex_data/benchmarks-bears/Bears-189-buggy/src/main/java/hu/oe/nik/szfmv/environment/XmlToModelConverter.java, Line: 184, Element: getAttribute
[CALLSITE] Filepath: /media/4tb/npex/npex_data/benchmarks-bears/Bears-189-buggy/src/main/java/hu/oe/nik/szfmv/environment/XmlToModelConverter.java, Line: 184, Element: parseDouble
[CALLSITE] Filepath: /media/4tb/npex/npex_data/benchmarks-bears/Bears-189-buggy/src/main/java/hu/oe/nik/szfmv/environment/XmlToModelConverter.java, Line: 185, Element: getAttribute
[CALLSITE] Filepath: /media/4tb/npex/npex_data/benchmarks-bears/Bears-189-buggy/src/main/java/hu/oe/nik/szfmv/environment/XmlToModelConverter.java, Line: 185, Element: parseDouble
[CALLSITE] Filepath: /media/4tb/npex/npex_data/benchmarks-bears/Bears-189-buggy/src/main/java/hu/oe/nik/szfmv/environment/XmlToModelConverter.java, Line: 187, Element: convertMatrixToRadians
[ENTRY] Filepath: /media/4tb/npex/npex_data/benchmarks-bears/Bears-189-buggy/src/main/java/hu/oe/nik/szfmv/common/Utils.java, Line: 40, Element: convertMatrixToRadians
[CALLSITE] Filepath: /media/4tb/npex/npex_data/benchmarks-bears/Bears-189-buggy/src/main/java/hu/oe/nik/szfmv/common/Utils.java, Line: 41, Element: atan2
[ENTRY] Filepath: /media/4tb/npex/npex_data/benchmarks-bears/Bears-189-buggy/src/main/java/hu/oe/nik/szfmv/environment/WorldObject.java, Line: 88, Element: setRotation
[CALLSITE] Filepath: /media/4tb/npex/npex_data/benchmarks-bears/Bears-189-buggy/src/main/java/hu/oe/nik/szfmv/environment/XmlToModelConverter.java, Line: 107, Element: generateShape
[ENTRY] Filepath: /media/4tb/npex/npex_data/benchmarks-bears/Bears-189-buggy/src/main/java/hu/oe/nik/szfmv/environment/WorldObject.java, Line: 117, Element: generateShape
[CALLSITE] Filepath: /media/4tb/npex/npex_data/benchmarks-bears/Bears-189-buggy/src/main/java/hu/oe/nik/szfmv/environment/WorldObject.java, Line: 119, Element: getRotation
[CALLSITE] Filepath: /media/4tb/npex/npex_data/benchmarks-bears/Bears-189-buggy/src/main/java/hu/oe/nik/szfmv/environment/WorldObject.java, Line: 119, Element: getX
[CALLSITE] Filepath: /media/4tb/npex/npex_data/benchmarks-bears/Bears-189-buggy/src/main/java/hu/oe/nik/szfmv/environment/WorldObject.java, Line: 119, Element: getY
[CALLSITE] Filepath: /media/4tb/npex/npex_data/benchmarks-bears/Bears-189-buggy/src/main/java/hu/oe/nik/szfmv/environment/WorldObject.java, Line: 119, Element: rotate
[ENTRY] Filepath: /media/4tb/npex/npex_data/benchmarks-bears/Bears-189-buggy/src/main/java/hu/oe/nik/szfmv/environment/WorldObject.java, Line: 76, Element: getRotation
[ENTRY] Filepath: /media/4tb/npex/npex_data/benchmarks-bears/Bears-189-buggy/src/main/java/hu/oe/nik/szfmv/environment/WorldObject.java, Line: 44, Element: getX
[ENTRY] Filepath: /media/4tb/npex/npex_data/benchmarks-bears/Bears-189-buggy/src/main/java/hu/oe/nik/szfmv/environment/WorldObject.java, Line: 52, Element: getY
[CALLSITE] Filepath: /media/4tb/npex/npex_data/benchmarks-bears/Bears-189-buggy/src/main/java/hu/oe/nik/szfmv/environment/WorldObject.java, Line: 120, Element: isInstance
[CALLSITE] Filepath: /media/4tb/npex/npex_data/benchmarks-bears/Bears-189-buggy/src/main/java/hu/oe/nik/szfmv/environment/WorldObject.java, Line: 121, Element: createTransformedShape
[ENTRY] Filepath: /media/4tb/npex/npex_data/benchmarks-bears/Bears-189-buggy/src/main/java/hu/oe/nik/szfmv/environment/WorldObject.java, Line: 44, Element: getX
[ENTRY] Filepath: /media/4tb/npex/npex_data/benchmarks-bears/Bears-189-buggy/src/main/java/hu/oe/nik/szfmv/environment/WorldObject.java, Line: 52, Element: getY
[ENTRY] Filepath: /media/4tb/npex/npex_data/benchmarks-bears/Bears-189-buggy/src/main/java/hu/oe/nik/szfmv/environment/WorldObject.java, Line: 60, Element: getWidth
[ENTRY] Filepath: /media/4tb/npex/npex_data/benchmarks-bears/Bears-189-buggy/src/main/java/hu/oe/nik/szfmv/environment/WorldObject.java, Line: 64, Element: getHeight
[CALLSITE] Filepath: /media/4tb/npex/npex_data/benchmarks-bears/Bears-189-buggy/src/main/java/hu/oe/nik/szfmv/environment/XmlToModelConverter.java, Line: 109, Element: toString
[CALLSITE] Filepath: /media/4tb/npex/npex_data/benchmarks-bears/Bears-189-buggy/src/main/java/hu/oe/nik/szfmv/environment/XmlToModelConverter.java, Line: 109, Element: debug
[ENTRY] Filepath: /media/4tb/npex/npex_data/benchmarks-bears/Bears-189-buggy/src/main/java/hu/oe/nik/szfmv/environment/WorldObject.java, Line: 135, Element: toString
[CALLSITE] Filepath: /media/4tb/npex/npex_data/benchmarks-bears/Bears-189-buggy/src/main/java/hu/oe/nik/szfmv/environment/XmlToModelConverter.java, Line: 50, Element: item
[CALLSITE] Filepath: /media/4tb/npex/npex_data/benchmarks-bears/Bears-189-buggy/src/main/java/hu/oe/nik/szfmv/environment/XmlToModelConverter.java, Line: 52, Element: readValueFromXml
[CALLSITE] Filepath: /media/4tb/npex/npex_data/benchmarks-bears/Bears-189-buggy/src/main/java/hu/oe/nik/szfmv/environment/XmlToModelConverter.java, Line: 52, Element: add
[ENTRY] Filepath: /media/4tb/npex/npex_data/benchmarks-bears/Bears-189-buggy/src/main/java/hu/oe/nik/szfmv/environment/XmlToModelConverter.java, Line: 67, Element: readValueFromXml
[CALLSITE] Filepath: /media/4tb/npex/npex_data/benchmarks-bears/Bears-189-buggy/src/main/java/hu/oe/nik/szfmv/environment/XmlToModelConverter.java, Line: 72, Element: getAttribute
[CALLSITE] Filepath: /media/4tb/npex/npex_data/benchmarks-bears/Bears-189-buggy/src/main/java/hu/oe/nik/szfmv/environment/XmlToModelConverter.java, Line: 75, Element: getChildNodes
[CALLSITE] Filepath: /media/4tb/npex/npex_data/benchmarks-bears/Bears-189-buggy/src/main/java/hu/oe/nik/szfmv/environment/XmlToModelConverter.java, Line: 76, Element: getLength
[CALLSITE] Filepath: /media/4tb/npex/npex_data/benchmarks-bears/Bears-189-buggy/src/main/java/hu/oe/nik/szfmv/environment/XmlToModelConverter.java, Line: 77, Element: item
[CALLSITE] Filepath: /media/4tb/npex/npex_data/benchmarks-bears/Bears-189-buggy/src/main/java/hu/oe/nik/szfmv/environment/XmlToModelConverter.java, Line: 77, Element: getNodeName
[CALLSITE] Filepath: /media/4tb/npex/npex_data/benchmarks-bears/Bears-189-buggy/src/main/java/hu/oe/nik/szfmv/environment/XmlToModelConverter.java, Line: 77, Element: item
[CALLSITE] Filepath: /media/4tb/npex/npex_data/benchmarks-bears/Bears-189-buggy/src/main/java/hu/oe/nik/szfmv/environment/XmlToModelConverter.java, Line: 77, Element: getNodeName
[CALLSITE] Filepath: /media/4tb/npex/npex_data/benchmarks-bears/Bears-189-buggy/src/main/java/hu/oe/nik/szfmv/environment/XmlToModelConverter.java, Line: 79, Element: item
[CALLSITE] Filepath: /media/4tb/npex/npex_data/benchmarks-bears/Bears-189-buggy/src/main/java/hu/oe/nik/szfmv/environment/XmlToModelConverter.java, Line: 77, Element: item
[CALLSITE] Filepath: /media/4tb/npex/npex_data/benchmarks-bears/Bears-189-buggy/src/main/java/hu/oe/nik/szfmv/environment/XmlToModelConverter.java, Line: 77, Element: getNodeName
[CALLSITE] Filepath: /media/4tb/npex/npex_data/benchmarks-bears/Bears-189-buggy/src/main/java/hu/oe/nik/szfmv/environment/XmlToModelConverter.java, Line: 77, Element: item
[CALLSITE] Filepath: /media/4tb/npex/npex_data/benchmarks-bears/Bears-189-buggy/src/main/java/hu/oe/nik/szfmv/environment/XmlToModelConverter.java, Line: 77, Element: getNodeName
[CALLSITE] Filepath: /media/4tb/npex/npex_data/benchmarks-bears/Bears-189-buggy/src/main/java/hu/oe/nik/szfmv/environment/XmlToModelConverter.java, Line: 82, Element: item
[CALLSITE] Filepath: /media/4tb/npex/npex_data/benchmarks-bears/Bears-189-buggy/src/main/java/hu/oe/nik/szfmv/environment/XmlToModelConverter.java, Line: 77, Element: item
[CALLSITE] Filepath: /media/4tb/npex/npex_data/benchmarks-bears/Bears-189-buggy/src/main/java/hu/oe/nik/szfmv/environment/XmlToModelConverter.java, Line: 77, Element: getNodeName
[CALLSITE] Filepath: /media/4tb/npex/npex_data/benchmarks-bears/Bears-189-buggy/src/main/java/hu/oe/nik/szfmv/environment/XmlToModelConverter.java, Line: 91, Element: createObjectFromType
[ENTRY] Filepath: /media/4tb/npex/npex_data/benchmarks-bears/Bears-189-buggy/src/main/java/hu/oe/nik/szfmv/environment/XmlToModelConverter.java, Line: 118, Element: createObjectFromType
[CALLSITE] Filepath: /media/4tb/npex/npex_data/benchmarks-bears/Bears-189-buggy/src/main/java/hu/oe/nik/szfmv/environment/XmlToModelConverter.java, Line: 122, Element: indexOf
[CALLSITE] Filepath: /media/4tb/npex/npex_data/benchmarks-bears/Bears-189-buggy/src/main/java/hu/oe/nik/szfmv/environment/XmlToModelConverter.java, Line: 123, Element: indexOf
[CALLSITE] Filepath: /media/4tb/npex/npex_data/benchmarks-bears/Bears-189-buggy/src/main/java/hu/oe/nik/szfmv/environment/XmlToModelConverter.java, Line: 123, Element: substring
[CALLSITE] Filepath: /media/4tb/npex/npex_data/benchmarks-bears/Bears-189-buggy/src/main/java/hu/oe/nik/szfmv/environment/XmlToModelConverter.java, Line: 93, Element: setImageFileName
[ENTRY] Filepath: /media/4tb/npex/npex_data/benchmarks-bears/Bears-189-buggy/src/main/java/hu/oe/nik/szfmv/environment/WorldObject.java, Line: 92, Element: setImageFileName
[CALLSITE] Filepath: /media/4tb/npex/npex_data/benchmarks-bears/Bears-189-buggy/src/main/java/hu/oe/nik/szfmv/environment/XmlToModelConverter.java, Line: 96, Element: generateDimens
[ENTRY] Filepath: /media/4tb/npex/npex_data/benchmarks-bears/Bears-189-buggy/src/main/java/hu/oe/nik/szfmv/environment/WorldObject.java, Line: 101, Element: generateDimens
[CALLSITE] Filepath: /media/4tb/npex/npex_data/benchmarks-bears/Bears-189-buggy/src/main/java/hu/oe/nik/szfmv/environment/WorldObject.java, Line: 103, Element: read
[ENTRY] Filepath: /media/4tb/npex/npex_data/benchmarks-bears/Bears-189-buggy/src/main/java/hu/oe/nik/szfmv/environment/WorldObject.java, Line: 80, Element: getImageFileName
[CALLSITE] Filepath: /media/4tb/npex/npex_data/benchmarks-bears/Bears-189-buggy/src/main/java/hu/oe/nik/szfmv/environment/WorldObject.java, Line: 107, Element: getWidth
[CALLSITE] Filepath: /media/4tb/npex/npex_data/benchmarks-bears/Bears-189-buggy/src/main/java/hu/oe/nik/szfmv/environment/WorldObject.java, Line: 108, Element: getHeight
[CALLSITE] Filepath: /media/4tb/npex/npex_data/benchmarks-bears/Bears-189-buggy/src/main/java/hu/oe/nik/szfmv/environment/XmlToModelConverter.java, Line: 99, Element: getPointsFromPositionElement
[ENTRY] Filepath: /media/4tb/npex/npex_data/benchmarks-bears/Bears-189-buggy/src/main/java/hu/oe/nik/szfmv/environment/XmlToModelConverter.java, Line: 154, Element: getPointsFromPositionElement
[CALLSITE] Filepath: /media/4tb/npex/npex_data/benchmarks-bears/Bears-189-buggy/src/main/java/hu/oe/nik/szfmv/environment/XmlToModelConverter.java, Line: 160, Element: getAttribute
[CALLSITE] Filepath: /media/4tb/npex/npex_data/benchmarks-bears/Bears-189-buggy/src/main/java/hu/oe/nik/szfmv/environment/XmlToModelConverter.java, Line: 160, Element: parseInt
[CALLSITE] Filepath: /media/4tb/npex/npex_data/benchmarks-bears/Bears-189-buggy/src/main/java/hu/oe/nik/szfmv/environment/XmlToModelConverter.java, Line: 161, Element: getAttribute
[CALLSITE] Filepath: /media/4tb/npex/npex_data/benchmarks-bears/Bears-189-buggy/src/main/java/hu/oe/nik/szfmv/environment/XmlToModelConverter.java, Line: 161, Element: parseInt
[CALLSITE] Filepath: /media/4tb/npex/npex_data/benchmarks-bears/Bears-189-buggy/src/main/java/hu/oe/nik/szfmv/environment/XmlToModelConverter.java, Line: 100, Element: setX
[ENTRY] Filepath: /media/4tb/npex/npex_data/benchmarks-bears/Bears-189-buggy/src/main/java/hu/oe/nik/szfmv/environment/WorldObject.java, Line: 48, Element: setX
[CALLSITE] Filepath: /media/4tb/npex/npex_data/benchmarks-bears/Bears-189-buggy/src/main/java/hu/oe/nik/szfmv/environment/XmlToModelConverter.java, Line: 101, Element: setY
[ENTRY] Filepath: /media/4tb/npex/npex_data/benchmarks-bears/Bears-189-buggy/src/main/java/hu/oe/nik/szfmv/environment/WorldObject.java, Line: 56, Element: setY
[CALLSITE] Filepath: /media/4tb/npex/npex_data/benchmarks-bears/Bears-189-buggy/src/main/java/hu/oe/nik/szfmv/environment/XmlToModelConverter.java, Line: 104, Element: getRotacionFromTransformElement
[CALLSITE] Filepath: /media/4tb/npex/npex_data/benchmarks-bears/Bears-189-buggy/src/main/java/hu/oe/nik/szfmv/environment/XmlToModelConverter.java, Line: 104, Element: setRotation
[ENTRY] Filepath: /media/4tb/npex/npex_data/benchmarks-bears/Bears-189-buggy/src/main/java/hu/oe/nik/szfmv/environment/XmlToModelConverter.java, Line: 173, Element: getRotacionFromTransformElement
[CALLSITE] Filepath: /media/4tb/npex/npex_data/benchmarks-bears/Bears-189-buggy/src/main/java/hu/oe/nik/szfmv/environment/XmlToModelConverter.java, Line: 182, Element: getAttribute
[CALLSITE] Filepath: /media/4tb/npex/npex_data/benchmarks-bears/Bears-189-buggy/src/main/java/hu/oe/nik/szfmv/environment/XmlToModelConverter.java, Line: 182, Element: parseDouble
[CALLSITE] Filepath: /media/4tb/npex/npex_data/benchmarks-bears/Bears-189-buggy/src/main/java/hu/oe/nik/szfmv/environment/XmlToModelConverter.java, Line: 183, Element: getAttribute
[CALLSITE] Filepath: /media/4tb/npex/npex_data/benchmarks-bears/Bears-189-buggy/src/main/java/hu/oe/nik/szfmv/environment/XmlToModelConverter.java, Line: 183, Element: parseDouble
[CALLSITE] Filepath: /media/4tb/npex/npex_data/benchmarks-bears/Bears-189-buggy/src/main/java/hu/oe/nik/szfmv/environment/XmlToModelConverter.java, Line: 184, Element: getAttribute
[CALLSITE] Filepath: /media/4tb/npex/npex_data/benchmarks-bears/Bears-189-buggy/src/main/java/hu/oe/nik/szfmv/environment/XmlToModelConverter.java, Line: 184, Element: parseDouble
[CALLSITE] Filepath: /media/4tb/npex/npex_data/benchmarks-bears/Bears-189-buggy/src/main/java/hu/oe/nik/szfmv/environment/XmlToModelConverter.java, Line: 185, Element: getAttribute
[CALLSITE] Filepath: /media/4tb/npex/npex_data/benchmarks-bears/Bears-189-buggy/src/main/java/hu/oe/nik/szfmv/environment/XmlToModelConverter.java, Line: 185, Element: parseDouble
[CALLSITE] Filepath: /media/4tb/npex/npex_data/benchmarks-bears/Bears-189-buggy/src/main/java/hu/oe/nik/szfmv/environment/XmlToModelConverter.java, Line: 187, Element: convertMatrixToRadians
[ENTRY] Filepath: /media/4tb/npex/npex_data/benchmarks-bears/Bears-189-buggy/src/main/java/hu/oe/nik/szfmv/common/Utils.java, Line: 40, Element: convertMatrixToRadians
[CALLSITE] Filepath: /media/4tb/npex/npex_data/benchmarks-bears/Bears-189-buggy/src/main/java/hu/oe/nik/szfmv/common/Utils.java, Line: 41, Element: atan2
[ENTRY] Filepath: /media/4tb/npex/npex_data/benchmarks-bears/Bears-189-buggy/src/main/java/hu/oe/nik/szfmv/environment/WorldObject.java, Line: 88, Element: setRotation
[CALLSITE] Filepath: /media/4tb/npex/npex_data/benchmarks-bears/Bears-189-buggy/src/main/java/hu/oe/nik/szfmv/environment/XmlToModelConverter.java, Line: 107, Element: generateShape
[ENTRY] Filepath: /media/4tb/npex/npex_data/benchmarks-bears/Bears-189-buggy/src/main/java/hu/oe/nik/szfmv/environment/WorldObject.java, Line: 117, Element: generateShape
[CALLSITE] Filepath: /media/4tb/npex/npex_data/benchmarks-bears/Bears-189-buggy/src/main/java/hu/oe/nik/szfmv/environment/WorldObject.java, Line: 119, Element: getRotation
[CALLSITE] Filepath: /media/4tb/npex/npex_data/benchmarks-bears/Bears-189-buggy/src/main/java/hu/oe/nik/szfmv/environment/WorldObject.java, Line: 119, Element: getX
[CALLSITE] Filepath: /media/4tb/npex/npex_data/benchmarks-bears/Bears-189-buggy/src/main/java/hu/oe/nik/szfmv/environment/WorldObject.java, Line: 119, Element: getY
[CALLSITE] Filepath: /media/4tb/npex/npex_data/benchmarks-bears/Bears-189-buggy/src/main/java/hu/oe/nik/szfmv/environment/WorldObject.java, Line: 119, Element: rotate
[ENTRY] Filepath: /media/4tb/npex/npex_data/benchmarks-bears/Bears-189-buggy/src/main/java/hu/oe/nik/szfmv/environment/WorldObject.java, Line: 76, Element: getRotation
[ENTRY] Filepath: /media/4tb/npex/npex_data/benchmarks-bears/Bears-189-buggy/src/main/java/hu/oe/nik/szfmv/environment/WorldObject.java, Line: 44, Element: getX
[ENTRY] Filepath: /media/4tb/npex/npex_data/benchmarks-bears/Bears-189-buggy/src/main/java/hu/oe/nik/szfmv/environment/WorldObject.java, Line: 52, Element: getY
[CALLSITE] Filepath: /media/4tb/npex/npex_data/benchmarks-bears/Bears-189-buggy/src/main/java/hu/oe/nik/szfmv/environment/WorldObject.java, Line: 120, Element: isInstance
[CALLSITE] Filepath: /media/4tb/npex/npex_data/benchmarks-bears/Bears-189-buggy/src/main/java/hu/oe/nik/szfmv/environment/WorldObject.java, Line: 121, Element: createTransformedShape
[ENTRY] Filepath: /media/4tb/npex/npex_data/benchmarks-bears/Bears-189-buggy/src/main/java/hu/oe/nik/szfmv/environment/WorldObject.java, Line: 44, Element: getX
[ENTRY] Filepath: /media/4tb/npex/npex_data/benchmarks-bears/Bears-189-buggy/src/main/java/hu/oe/nik/szfmv/environment/WorldObject.java, Line: 52, Element: getY
[ENTRY] Filepath: /media/4tb/npex/npex_data/benchmarks-bears/Bears-189-buggy/src/main/java/hu/oe/nik/szfmv/environment/WorldObject.java, Line: 60, Element: getWidth
[ENTRY] Filepath: /media/4tb/npex/npex_data/benchmarks-bears/Bears-189-buggy/src/main/java/hu/oe/nik/szfmv/environment/WorldObject.java, Line: 64, Element: getHeight
[CALLSITE] Filepath: /media/4tb/npex/npex_data/benchmarks-bears/Bears-189-buggy/src/main/java/hu/oe/nik/szfmv/environment/XmlToModelConverter.java, Line: 109, Element: toString
[CALLSITE] Filepath: /media/4tb/npex/npex_data/benchmarks-bears/Bears-189-buggy/src/main/java/hu/oe/nik/szfmv/environment/XmlToModelConverter.java, Line: 109, Element: debug
[ENTRY] Filepath: /media/4tb/npex/npex_data/benchmarks-bears/Bears-189-buggy/src/main/java/hu/oe/nik/szfmv/environment/WorldObject.java, Line: 135, Element: toString
[CALLSITE] Filepath: /media/4tb/npex/npex_data/benchmarks-bears/Bears-189-buggy/src/main/java/hu/oe/nik/szfmv/environment/XmlToModelConverter.java, Line: 50, Element: item
[CALLSITE] Filepath: /media/4tb/npex/npex_data/benchmarks-bears/Bears-189-buggy/src/main/java/hu/oe/nik/szfmv/environment/XmlToModelConverter.java, Line: 52, Element: readValueFromXml
[CALLSITE] Filepath: /media/4tb/npex/npex_data/benchmarks-bears/Bears-189-buggy/src/main/java/hu/oe/nik/szfmv/environment/XmlToModelConverter.java, Line: 52, Element: add
[ENTRY] Filepath: /media/4tb/npex/npex_data/benchmarks-bears/Bears-189-buggy/src/main/java/hu/oe/nik/szfmv/environment/XmlToModelConverter.java, Line: 67, Element: readValueFromXml
[CALLSITE] Filepath: /media/4tb/npex/npex_data/benchmarks-bears/Bears-189-buggy/src/main/java/hu/oe/nik/szfmv/environment/XmlToModelConverter.java, Line: 72, Element: getAttribute
[CALLSITE] Filepath: /media/4tb/npex/npex_data/benchmarks-bears/Bears-189-buggy/src/main/java/hu/oe/nik/szfmv/environment/XmlToModelConverter.java, Line: 75, Element: getChildNodes
[CALLSITE] Filepath: /media/4tb/npex/npex_data/benchmarks-bears/Bears-189-buggy/src/main/java/hu/oe/nik/szfmv/environment/XmlToModelConverter.java, Line: 76, Element: getLength
[CALLSITE] Filepath: /media/4tb/npex/npex_data/benchmarks-bears/Bears-189-buggy/src/main/java/hu/oe/nik/szfmv/environment/XmlToModelConverter.java, Line: 77, Element: item
[CALLSITE] Filepath: /media/4tb/npex/npex_data/benchmarks-bears/Bears-189-buggy/src/main/java/hu/oe/nik/szfmv/environment/XmlToModelConverter.java, Line: 77, Element: getNodeName
[CALLSITE] Filepath: /media/4tb/npex/npex_data/benchmarks-bears/Bears-189-buggy/src/main/java/hu/oe/nik/szfmv/environment/XmlToModelConverter.java, Line: 77, Element: item
[CALLSITE] Filepath: /media/4tb/npex/npex_data/benchmarks-bears/Bears-189-buggy/src/main/java/hu/oe/nik/szfmv/environment/XmlToModelConverter.java, Line: 77, Element: getNodeName
[CALLSITE] Filepath: /media/4tb/npex/npex_data/benchmarks-bears/Bears-189-buggy/src/main/java/hu/oe/nik/szfmv/environment/XmlToModelConverter.java, Line: 79, Element: item
[CALLSITE] Filepath: /media/4tb/npex/npex_data/benchmarks-bears/Bears-189-buggy/src/main/java/hu/oe/nik/szfmv/environment/XmlToModelConverter.java, Line: 77, Element: item
[CALLSITE] Filepath: /media/4tb/npex/npex_data/benchmarks-bears/Bears-189-buggy/src/main/java/hu/oe/nik/szfmv/environment/XmlToModelConverter.java, Line: 77, Element: getNodeName
[CALLSITE] Filepath: /media/4tb/npex/npex_data/benchmarks-bears/Bears-189-buggy/src/main/java/hu/oe/nik/szfmv/environment/XmlToModelConverter.java, Line: 77, Element: item
[CALLSITE] Filepath: /media/4tb/npex/npex_data/benchmarks-bears/Bears-189-buggy/src/main/java/hu/oe/nik/szfmv/environment/XmlToModelConverter.java, Line: 77, Element: getNodeName
[CALLSITE] Filepath: /media/4tb/npex/npex_data/benchmarks-bears/Bears-189-buggy/src/main/java/hu/oe/nik/szfmv/environment/XmlToModelConverter.java, Line: 82, Element: item
[CALLSITE] Filepath: /media/4tb/npex/npex_data/benchmarks-bears/Bears-189-buggy/src/main/java/hu/oe/nik/szfmv/environment/XmlToModelConverter.java, Line: 77, Element: item
[CALLSITE] Filepath: /media/4tb/npex/npex_data/benchmarks-bears/Bears-189-buggy/src/main/java/hu/oe/nik/szfmv/environment/XmlToModelConverter.java, Line: 77, Element: getNodeName
[CALLSITE] Filepath: /media/4tb/npex/npex_data/benchmarks-bears/Bears-189-buggy/src/main/java/hu/oe/nik/szfmv/environment/XmlToModelConverter.java, Line: 91, Element: createObjectFromType
[ENTRY] Filepath: /media/4tb/npex/npex_data/benchmarks-bears/Bears-189-buggy/src/main/java/hu/oe/nik/szfmv/environment/XmlToModelConverter.java, Line: 118, Element: createObjectFromType
[CALLSITE] Filepath: /media/4tb/npex/npex_data/benchmarks-bears/Bears-189-buggy/src/main/java/hu/oe/nik/szfmv/environment/XmlToModelConverter.java, Line: 122, Element: indexOf
[CALLSITE] Filepath: /media/4tb/npex/npex_data/benchmarks-bears/Bears-189-buggy/src/main/java/hu/oe/nik/szfmv/environment/XmlToModelConverter.java, Line: 93, Element: setImageFileName
[ENTRY] Filepath: /media/4tb/npex/npex_data/benchmarks-bears/Bears-189-buggy/src/main/java/hu/oe/nik/szfmv/environment/WorldObject.java, Line: 92, Element: setImageFileName
[CALLSITE] Filepath: /media/4tb/npex/npex_data/benchmarks-bears/Bears-189-buggy/src/main/java/hu/oe/nik/szfmv/environment/XmlToModelConverter.java, Line: 96, Element: generateDimens
[ENTRY] Filepath: /media/4tb/npex/npex_data/benchmarks-bears/Bears-189-buggy/src/main/java/hu/oe/nik/szfmv/environment/WorldObject.java, Line: 101, Element: generateDimens
[CALLSITE] Filepath: /media/4tb/npex/npex_data/benchmarks-bears/Bears-189-buggy/src/main/java/hu/oe/nik/szfmv/environment/WorldObject.java, Line: 103, Element: read
[ENTRY] Filepath: /media/4tb/npex/npex_data/benchmarks-bears/Bears-189-buggy/src/main/java/hu/oe/nik/szfmv/environment/WorldObject.java, Line: 80, Element: getImageFileName
[CALLSITE] Filepath: /media/4tb/npex/npex_data/benchmarks-bears/Bears-189-buggy/src/main/java/hu/oe/nik/szfmv/environment/WorldObject.java, Line: 107, Element: getWidth
[CALLSITE] Filepath: /media/4tb/npex/npex_data/benchmarks-bears/Bears-189-buggy/src/main/java/hu/oe/nik/szfmv/environment/WorldObject.java, Line: 108, Element: getHeight
[CALLSITE] Filepath: /media/4tb/npex/npex_data/benchmarks-bears/Bears-189-buggy/src/main/java/hu/oe/nik/szfmv/environment/XmlToModelConverter.java, Line: 99, Element: getPointsFromPositionElement
[ENTRY] Filepath: /media/4tb/npex/npex_data/benchmarks-bears/Bears-189-buggy/src/main/java/hu/oe/nik/szfmv/environment/XmlToModelConverter.java, Line: 154, Element: getPointsFromPositionElement
[CALLSITE] Filepath: /media/4tb/npex/npex_data/benchmarks-bears/Bears-189-buggy/src/main/java/hu/oe/nik/szfmv/environment/XmlToModelConverter.java, Line: 160, Element: getAttribute
[CALLSITE] Filepath: /media/4tb/npex/npex_data/benchmarks-bears/Bears-189-buggy/src/main/java/hu/oe/nik/szfmv/environment/XmlToModelConverter.java, Line: 160, Element: parseInt
[CALLSITE] Filepath: /media/4tb/npex/npex_data/benchmarks-bears/Bears-189-buggy/src/main/java/hu/oe/nik/szfmv/environment/XmlToModelConverter.java, Line: 161, Element: getAttribute
[CALLSITE] Filepath: /media/4tb/npex/npex_data/benchmarks-bears/Bears-189-buggy/src/main/java/hu/oe/nik/szfmv/environment/XmlToModelConverter.java, Line: 161, Element: parseInt
[CALLSITE] Filepath: /media/4tb/npex/npex_data/benchmarks-bears/Bears-189-buggy/src/main/java/hu/oe/nik/szfmv/environment/XmlToModelConverter.java, Line: 100, Element: setX
[ENTRY] Filepath: /media/4tb/npex/npex_data/benchmarks-bears/Bears-189-buggy/src/main/java/hu/oe/nik/szfmv/environment/WorldObject.java, Line: 48, Element: setX
[CALLSITE] Filepath: /media/4tb/npex/npex_data/benchmarks-bears/Bears-189-buggy/src/main/java/hu/oe/nik/szfmv/environment/XmlToModelConverter.java, Line: 101, Element: setY
[ENTRY] Filepath: /media/4tb/npex/npex_data/benchmarks-bears/Bears-189-buggy/src/main/java/hu/oe/nik/szfmv/environment/WorldObject.java, Line: 56, Element: setY
[CALLSITE] Filepath: /media/4tb/npex/npex_data/benchmarks-bears/Bears-189-buggy/src/main/java/hu/oe/nik/szfmv/environment/XmlToModelConverter.java, Line: 104, Element: getRotacionFromTransformElement
[CALLSITE] Filepath: /media/4tb/npex/npex_data/benchmarks-bears/Bears-189-buggy/src/main/java/hu/oe/nik/szfmv/environment/XmlToModelConverter.java, Line: 104, Element: setRotation
[ENTRY] Filepath: /media/4tb/npex/npex_data/benchmarks-bears/Bears-189-buggy/src/main/java/hu/oe/nik/szfmv/environment/XmlToModelConverter.java, Line: 173, Element: getRotacionFromTransformElement
[CALLSITE] Filepath: /media/4tb/npex/npex_data/benchmarks-bears/Bears-189-buggy/src/main/java/hu/oe/nik/szfmv/environment/XmlToModelConverter.java, Line: 182, Element: getAttribute
[CALLSITE] Filepath: /media/4tb/npex/npex_data/benchmarks-bears/Bears-189-buggy/src/main/java/hu/oe/nik/szfmv/environment/XmlToModelConverter.java, Line: 182, Element: parseDouble
[CALLSITE] Filepath: /media/4tb/npex/npex_data/benchmarks-bears/Bears-189-buggy/src/main/java/hu/oe/nik/szfmv/environment/XmlToModelConverter.java, Line: 183, Element: getAttribute
[CALLSITE] Filepath: /media/4tb/npex/npex_data/benchmarks-bears/Bears-189-buggy/src/main/java/hu/oe/nik/szfmv/environment/XmlToModelConverter.java, Line: 183, Element: parseDouble
[CALLSITE] Filepath: /media/4tb/npex/npex_data/benchmarks-bears/Bears-189-buggy/src/main/java/hu/oe/nik/szfmv/environment/XmlToModelConverter.java, Line: 184, Element: getAttribute
[CALLSITE] Filepath: /media/4tb/npex/npex_data/benchmarks-bears/Bears-189-buggy/src/main/java/hu/oe/nik/szfmv/environment/XmlToModelConverter.java, Line: 184, Element: parseDouble
[CALLSITE] Filepath: /media/4tb/npex/npex_data/benchmarks-bears/Bears-189-buggy/src/main/java/hu/oe/nik/szfmv/environment/XmlToModelConverter.java, Line: 185, Element: getAttribute
[CALLSITE] Filepath: /media/4tb/npex/npex_data/benchmarks-bears/Bears-189-buggy/src/main/java/hu/oe/nik/szfmv/environment/XmlToModelConverter.java, Line: 185, Element: parseDouble
[CALLSITE] Filepath: /media/4tb/npex/npex_data/benchmarks-bears/Bears-189-buggy/src/main/java/hu/oe/nik/szfmv/environment/XmlToModelConverter.java, Line: 187, Element: convertMatrixToRadians
[ENTRY] Filepath: /media/4tb/npex/npex_data/benchmarks-bears/Bears-189-buggy/src/main/java/hu/oe/nik/szfmv/common/Utils.java, Line: 40, Element: convertMatrixToRadians
[CALLSITE] Filepath: /media/4tb/npex/npex_data/benchmarks-bears/Bears-189-buggy/src/main/java/hu/oe/nik/szfmv/common/Utils.java, Line: 41, Element: atan2
[ENTRY] Filepath: /media/4tb/npex/npex_data/benchmarks-bears/Bears-189-buggy/src/main/java/hu/oe/nik/szfmv/environment/WorldObject.java, Line: 88, Element: setRotation
[CALLSITE] Filepath: /media/4tb/npex/npex_data/benchmarks-bears/Bears-189-buggy/src/main/java/hu/oe/nik/szfmv/environment/XmlToModelConverter.java, Line: 107, Element: generateShape
[ENTRY] Filepath: /media/4tb/npex/npex_data/benchmarks-bears/Bears-189-buggy/src/main/java/hu/oe/nik/szfmv/environment/WorldObject.java, Line: 117, Element: generateShape
[CALLSITE] Filepath: /media/4tb/npex/npex_data/benchmarks-bears/Bears-189-buggy/src/main/java/hu/oe/nik/szfmv/environment/WorldObject.java, Line: 119, Element: getRotation
[CALLSITE] Filepath: /media/4tb/npex/npex_data/benchmarks-bears/Bears-189-buggy/src/main/java/hu/oe/nik/szfmv/environment/WorldObject.java, Line: 119, Element: getX
[CALLSITE] Filepath: /media/4tb/npex/npex_data/benchmarks-bears/Bears-189-buggy/src/main/java/hu/oe/nik/szfmv/environment/WorldObject.java, Line: 119, Element: getY
[CALLSITE] Filepath: /media/4tb/npex/npex_data/benchmarks-bears/Bears-189-buggy/src/main/java/hu/oe/nik/szfmv/environment/WorldObject.java, Line: 119, Element: rotate
[ENTRY] Filepath: /media/4tb/npex/npex_data/benchmarks-bears/Bears-189-buggy/src/main/java/hu/oe/nik/szfmv/environment/WorldObject.java, Line: 76, Element: getRotation
[ENTRY] Filepath: /media/4tb/npex/npex_data/benchmarks-bears/Bears-189-buggy/src/main/java/hu/oe/nik/szfmv/environment/WorldObject.java, Line: 44, Element: getX
[ENTRY] Filepath: /media/4tb/npex/npex_data/benchmarks-bears/Bears-189-buggy/src/main/java/hu/oe/nik/szfmv/environment/WorldObject.java, Line: 52, Element: getY
[CALLSITE] Filepath: /media/4tb/npex/npex_data/benchmarks-bears/Bears-189-buggy/src/main/java/hu/oe/nik/szfmv/environment/WorldObject.java, Line: 120, Element: isInstance
[CALLSITE] Filepath: /media/4tb/npex/npex_data/benchmarks-bears/Bears-189-buggy/src/main/java/hu/oe/nik/szfmv/environment/WorldObject.java, Line: 121, Element: createTransformedShape
[ENTRY] Filepath: /media/4tb/npex/npex_data/benchmarks-bears/Bears-189-buggy/src/main/java/hu/oe/nik/szfmv/environment/WorldObject.java, Line: 44, Element: getX
[ENTRY] Filepath: /media/4tb/npex/npex_data/benchmarks-bears/Bears-189-buggy/src/main/java/hu/oe/nik/szfmv/environment/WorldObject.java, Line: 52, Element: getY
[ENTRY] Filepath: /media/4tb/npex/npex_data/benchmarks-bears/Bears-189-buggy/src/main/java/hu/oe/nik/szfmv/environment/WorldObject.java, Line: 60, Element: getWidth
[ENTRY] Filepath: /media/4tb/npex/npex_data/benchmarks-bears/Bears-189-buggy/src/main/java/hu/oe/nik/szfmv/environment/WorldObject.java, Line: 64, Element: getHeight
[CALLSITE] Filepath: /media/4tb/npex/npex_data/benchmarks-bears/Bears-189-buggy/src/main/java/hu/oe/nik/szfmv/environment/XmlToModelConverter.java, Line: 109, Element: toString
[CALLSITE] Filepath: /media/4tb/npex/npex_data/benchmarks-bears/Bears-189-buggy/src/main/java/hu/oe/nik/szfmv/environment/XmlToModelConverter.java, Line: 109, Element: debug
[ENTRY] Filepath: /media/4tb/npex/npex_data/benchmarks-bears/Bears-189-buggy/src/main/java/hu/oe/nik/szfmv/environment/WorldObject.java, Line: 135, Element: toString
[CALLSITE] Filepath: /media/4tb/npex/npex_data/benchmarks-bears/Bears-189-buggy/src/main/java/hu/oe/nik/szfmv/environment/XmlToModelConverter.java, Line: 50, Element: item
[CALLSITE] Filepath: /media/4tb/npex/npex_data/benchmarks-bears/Bears-189-buggy/src/main/java/hu/oe/nik/szfmv/environment/XmlToModelConverter.java, Line: 52, Element: readValueFromXml
[CALLSITE] Filepath: /media/4tb/npex/npex_data/benchmarks-bears/Bears-189-buggy/src/main/java/hu/oe/nik/szfmv/environment/XmlToModelConverter.java, Line: 52, Element: add
[ENTRY] Filepath: /media/4tb/npex/npex_data/benchmarks-bears/Bears-189-buggy/src/main/java/hu/oe/nik/szfmv/environment/XmlToModelConverter.java, Line: 67, Element: readValueFromXml
[CALLSITE] Filepath: /media/4tb/npex/npex_data/benchmarks-bears/Bears-189-buggy/src/main/java/hu/oe/nik/szfmv/environment/XmlToModelConverter.java, Line: 72, Element: getAttribute
[CALLSITE] Filepath: /media/4tb/npex/npex_data/benchmarks-bears/Bears-189-buggy/src/main/java/hu/oe/nik/szfmv/environment/XmlToModelConverter.java, Line: 75, Element: getChildNodes
[CALLSITE] Filepath: /media/4tb/npex/npex_data/benchmarks-bears/Bears-189-buggy/src/main/java/hu/oe/nik/szfmv/environment/XmlToModelConverter.java, Line: 76, Element: getLength
[CALLSITE] Filepath: /media/4tb/npex/npex_data/benchmarks-bears/Bears-189-buggy/src/main/java/hu/oe/nik/szfmv/environment/XmlToModelConverter.java, Line: 77, Element: item
[CALLSITE] Filepath: /media/4tb/npex/npex_data/benchmarks-bears/Bears-189-buggy/src/main/java/hu/oe/nik/szfmv/environment/XmlToModelConverter.java, Line: 77, Element: getNodeName
[CALLSITE] Filepath: /media/4tb/npex/npex_data/benchmarks-bears/Bears-189-buggy/src/main/java/hu/oe/nik/szfmv/environment/XmlToModelConverter.java, Line: 77, Element: item
[CALLSITE] Filepath: /media/4tb/npex/npex_data/benchmarks-bears/Bears-189-buggy/src/main/java/hu/oe/nik/szfmv/environment/XmlToModelConverter.java, Line: 77, Element: getNodeName
[CALLSITE] Filepath: /media/4tb/npex/npex_data/benchmarks-bears/Bears-189-buggy/src/main/java/hu/oe/nik/szfmv/environment/XmlToModelConverter.java, Line: 79, Element: item
[CALLSITE] Filepath: /media/4tb/npex/npex_data/benchmarks-bears/Bears-189-buggy/src/main/java/hu/oe/nik/szfmv/environment/XmlToModelConverter.java, Line: 77, Element: item
[CALLSITE] Filepath: /media/4tb/npex/npex_data/benchmarks-bears/Bears-189-buggy/src/main/java/hu/oe/nik/szfmv/environment/XmlToModelConverter.java, Line: 77, Element: getNodeName
[CALLSITE] Filepath: /media/4tb/npex/npex_data/benchmarks-bears/Bears-189-buggy/src/main/java/hu/oe/nik/szfmv/environment/XmlToModelConverter.java, Line: 77, Element: item
[CALLSITE] Filepath: /media/4tb/npex/npex_data/benchmarks-bears/Bears-189-buggy/src/main/java/hu/oe/nik/szfmv/environment/XmlToModelConverter.java, Line: 77, Element: getNodeName
[CALLSITE] Filepath: /media/4tb/npex/npex_data/benchmarks-bears/Bears-189-buggy/src/main/java/hu/oe/nik/szfmv/environment/XmlToModelConverter.java, Line: 82, Element: item
[CALLSITE] Filepath: /media/4tb/npex/npex_data/benchmarks-bears/Bears-189-buggy/src/main/java/hu/oe/nik/szfmv/environment/XmlToModelConverter.java, Line: 77, Element: item
[CALLSITE] Filepath: /media/4tb/npex/npex_data/benchmarks-bears/Bears-189-buggy/src/main/java/hu/oe/nik/szfmv/environment/XmlToModelConverter.java, Line: 77, Element: getNodeName
[CALLSITE] Filepath: /media/4tb/npex/npex_data/benchmarks-bears/Bears-189-buggy/src/main/java/hu/oe/nik/szfmv/environment/XmlToModelConverter.java, Line: 91, Element: createObjectFromType
[ENTRY] Filepath: /media/4tb/npex/npex_data/benchmarks-bears/Bears-189-buggy/src/main/java/hu/oe/nik/szfmv/environment/XmlToModelConverter.java, Line: 118, Element: createObjectFromType
[CALLSITE] Filepath: /media/4tb/npex/npex_data/benchmarks-bears/Bears-189-buggy/src/main/java/hu/oe/nik/szfmv/environment/XmlToModelConverter.java, Line: 122, Element: indexOf
[CALLSITE] Filepath: /media/4tb/npex/npex_data/benchmarks-bears/Bears-189-buggy/src/main/java/hu/oe/nik/szfmv/environment/XmlToModelConverter.java, Line: 123, Element: indexOf
[CALLSITE] Filepath: /media/4tb/npex/npex_data/benchmarks-bears/Bears-189-buggy/src/main/java/hu/oe/nik/szfmv/environment/XmlToModelConverter.java, Line: 123, Element: substring
[CALLSITE] Filepath: /media/4tb/npex/npex_data/benchmarks-bears/Bears-189-buggy/src/main/java/hu/oe/nik/szfmv/environment/XmlToModelConverter.java, Line: 93, Element: setImageFileName
[ENTRY] Filepath: /media/4tb/npex/npex_data/benchmarks-bears/Bears-189-buggy/src/main/java/hu/oe/nik/szfmv/environment/WorldObject.java, Line: 92, Element: setImageFileName
[CALLSITE] Filepath: /media/4tb/npex/npex_data/benchmarks-bears/Bears-189-buggy/src/main/java/hu/oe/nik/szfmv/environment/XmlToModelConverter.java, Line: 96, Element: generateDimens
[ENTRY] Filepath: /media/4tb/npex/npex_data/benchmarks-bears/Bears-189-buggy/src/main/java/hu/oe/nik/szfmv/environment/WorldObject.java, Line: 101, Element: generateDimens
[CALLSITE] Filepath: /media/4tb/npex/npex_data/benchmarks-bears/Bears-189-buggy/src/main/java/hu/oe/nik/szfmv/environment/WorldObject.java, Line: 103, Element: read
[ENTRY] Filepath: /media/4tb/npex/npex_data/benchmarks-bears/Bears-189-buggy/src/main/java/hu/oe/nik/szfmv/environment/WorldObject.java, Line: 80, Element: getImageFileName
[CALLSITE] Filepath: /media/4tb/npex/npex_data/benchmarks-bears/Bears-189-buggy/src/main/java/hu/oe/nik/szfmv/environment/WorldObject.java, Line: 107, Element: getWidth
[CALLSITE] Filepath: /media/4tb/npex/npex_data/benchmarks-bears/Bears-189-buggy/src/main/java/hu/oe/nik/szfmv/environment/WorldObject.java, Line: 108, Element: getHeight
[CALLSITE] Filepath: /media/4tb/npex/npex_data/benchmarks-bears/Bears-189-buggy/src/main/java/hu/oe/nik/szfmv/environment/XmlToModelConverter.java, Line: 99, Element: getPointsFromPositionElement
[ENTRY] Filepath: /media/4tb/npex/npex_data/benchmarks-bears/Bears-189-buggy/src/main/java/hu/oe/nik/szfmv/environment/XmlToModelConverter.java, Line: 154, Element: getPointsFromPositionElement
[CALLSITE] Filepath: /media/4tb/npex/npex_data/benchmarks-bears/Bears-189-buggy/src/main/java/hu/oe/nik/szfmv/environment/XmlToModelConverter.java, Line: 160, Element: getAttribute
[CALLSITE] Filepath: /media/4tb/npex/npex_data/benchmarks-bears/Bears-189-buggy/src/main/java/hu/oe/nik/szfmv/environment/XmlToModelConverter.java, Line: 160, Element: parseInt
[CALLSITE] Filepath: /media/4tb/npex/npex_data/benchmarks-bears/Bears-189-buggy/src/main/java/hu/oe/nik/szfmv/environment/XmlToModelConverter.java, Line: 161, Element: getAttribute
[CALLSITE] Filepath: /media/4tb/npex/npex_data/benchmarks-bears/Bears-189-buggy/src/main/java/hu/oe/nik/szfmv/environment/XmlToModelConverter.java, Line: 161, Element: parseInt
[CALLSITE] Filepath: /media/4tb/npex/npex_data/benchmarks-bears/Bears-189-buggy/src/main/java/hu/oe/nik/szfmv/environment/XmlToModelConverter.java, Line: 100, Element: setX
[ENTRY] Filepath: /media/4tb/npex/npex_data/benchmarks-bears/Bears-189-buggy/src/main/java/hu/oe/nik/szfmv/environment/WorldObject.java, Line: 48, Element: setX
[CALLSITE] Filepath: /media/4tb/npex/npex_data/benchmarks-bears/Bears-189-buggy/src/main/java/hu/oe/nik/szfmv/environment/XmlToModelConverter.java, Line: 101, Element: setY
[ENTRY] Filepath: /media/4tb/npex/npex_data/benchmarks-bears/Bears-189-buggy/src/main/java/hu/oe/nik/szfmv/environment/WorldObject.java, Line: 56, Element: setY
[CALLSITE] Filepath: /media/4tb/npex/npex_data/benchmarks-bears/Bears-189-buggy/src/main/java/hu/oe/nik/szfmv/environment/XmlToModelConverter.java, Line: 104, Element: getRotacionFromTransformElement
[CALLSITE] Filepath: /media/4tb/npex/npex_data/benchmarks-bears/Bears-189-buggy/src/main/java/hu/oe/nik/szfmv/environment/XmlToModelConverter.java, Line: 104, Element: setRotation
[ENTRY] Filepath: /media/4tb/npex/npex_data/benchmarks-bears/Bears-189-buggy/src/main/java/hu/oe/nik/szfmv/environment/XmlToModelConverter.java, Line: 173, Element: getRotacionFromTransformElement
[CALLSITE] Filepath: /media/4tb/npex/npex_data/benchmarks-bears/Bears-189-buggy/src/main/java/hu/oe/nik/szfmv/environment/XmlToModelConverter.java, Line: 182, Element: getAttribute
[CALLSITE] Filepath: /media/4tb/npex/npex_data/benchmarks-bears/Bears-189-buggy/src/main/java/hu/oe/nik/szfmv/environment/XmlToModelConverter.java, Line: 182, Element: parseDouble
[CALLSITE] Filepath: /media/4tb/npex/npex_data/benchmarks-bears/Bears-189-buggy/src/main/java/hu/oe/nik/szfmv/environment/XmlToModelConverter.java, Line: 183, Element: getAttribute
[CALLSITE] Filepath: /media/4tb/npex/npex_data/benchmarks-bears/Bears-189-buggy/src/main/java/hu/oe/nik/szfmv/environment/XmlToModelConverter.java, Line: 183, Element: parseDouble
[CALLSITE] Filepath: /media/4tb/npex/npex_data/benchmarks-bears/Bears-189-buggy/src/main/java/hu/oe/nik/szfmv/environment/XmlToModelConverter.java, Line: 184, Element: getAttribute
[CALLSITE] Filepath: /media/4tb/npex/npex_data/benchmarks-bears/Bears-189-buggy/src/main/java/hu/oe/nik/szfmv/environment/XmlToModelConverter.java, Line: 184, Element: parseDouble
[CALLSITE] Filepath: /media/4tb/npex/npex_data/benchmarks-bears/Bears-189-buggy/src/main/java/hu/oe/nik/szfmv/environment/XmlToModelConverter.java, Line: 185, Element: getAttribute
[CALLSITE] Filepath: /media/4tb/npex/npex_data/benchmarks-bears/Bears-189-buggy/src/main/java/hu/oe/nik/szfmv/environment/XmlToModelConverter.java, Line: 185, Element: parseDouble
[CALLSITE] Filepath: /media/4tb/npex/npex_data/benchmarks-bears/Bears-189-buggy/src/main/java/hu/oe/nik/szfmv/environment/XmlToModelConverter.java, Line: 187, Element: convertMatrixToRadians
[ENTRY] Filepath: /media/4tb/npex/npex_data/benchmarks-bears/Bears-189-buggy/src/main/java/hu/oe/nik/szfmv/common/Utils.java, Line: 40, Element: convertMatrixToRadians
[CALLSITE] Filepath: /media/4tb/npex/npex_data/benchmarks-bears/Bears-189-buggy/src/main/java/hu/oe/nik/szfmv/common/Utils.java, Line: 41, Element: atan2
[ENTRY] Filepath: /media/4tb/npex/npex_data/benchmarks-bears/Bears-189-buggy/src/main/java/hu/oe/nik/szfmv/environment/WorldObject.java, Line: 88, Element: setRotation
[CALLSITE] Filepath: /media/4tb/npex/npex_data/benchmarks-bears/Bears-189-buggy/src/main/java/hu/oe/nik/szfmv/environment/XmlToModelConverter.java, Line: 107, Element: generateShape
[ENTRY] Filepath: /media/4tb/npex/npex_data/benchmarks-bears/Bears-189-buggy/src/main/java/hu/oe/nik/szfmv/environment/models/RoadSign.java, Line: 35, Element: generateShape
[CALLSITE] Filepath: /media/4tb/npex/npex_data/benchmarks-bears/Bears-189-buggy/src/main/java/hu/oe/nik/szfmv/environment/models/RoadSign.java, Line: 39, Element: getRotation
[CALLSITE] Filepath: /media/4tb/npex/npex_data/benchmarks-bears/Bears-189-buggy/src/main/java/hu/oe/nik/szfmv/environment/models/RoadSign.java, Line: 39, Element: getX
[CALLSITE] Filepath: /media/4tb/npex/npex_data/benchmarks-bears/Bears-189-buggy/src/main/java/hu/oe/nik/szfmv/environment/models/RoadSign.java, Line: 39, Element: getY
[CALLSITE] Filepath: /media/4tb/npex/npex_data/benchmarks-bears/Bears-189-buggy/src/main/java/hu/oe/nik/szfmv/environment/models/RoadSign.java, Line: 39, Element: rotate
[ENTRY] Filepath: /media/4tb/npex/npex_data/benchmarks-bears/Bears-189-buggy/src/main/java/hu/oe/nik/szfmv/environment/WorldObject.java, Line: 76, Element: getRotation
[ENTRY] Filepath: /media/4tb/npex/npex_data/benchmarks-bears/Bears-189-buggy/src/main/java/hu/oe/nik/szfmv/environment/WorldObject.java, Line: 44, Element: getX
[ENTRY] Filepath: /media/4tb/npex/npex_data/benchmarks-bears/Bears-189-buggy/src/main/java/hu/oe/nik/szfmv/environment/WorldObject.java, Line: 52, Element: getY
[CALLSITE] Filepath: /media/4tb/npex/npex_data/benchmarks-bears/Bears-189-buggy/src/main/java/hu/oe/nik/szfmv/environment/models/RoadSign.java, Line: 40, Element: createTransformedShape
[ENTRY] Filepath: /media/4tb/npex/npex_data/benchmarks-bears/Bears-189-buggy/src/main/java/hu/oe/nik/szfmv/environment/WorldObject.java, Line: 44, Element: getX
[ENTRY] Filepath: /media/4tb/npex/npex_data/benchmarks-bears/Bears-189-buggy/src/main/java/hu/oe/nik/szfmv/environment/WorldObject.java, Line: 60, Element: getWidth
[ENTRY] Filepath: /media/4tb/npex/npex_data/benchmarks-bears/Bears-189-buggy/src/main/java/hu/oe/nik/szfmv/environment/WorldObject.java, Line: 52, Element: getY
[ENTRY] Filepath: /media/4tb/npex/npex_data/benchmarks-bears/Bears-189-buggy/src/main/java/hu/oe/nik/szfmv/environment/WorldObject.java, Line: 64, Element: getHeight
[CALLSITE] Filepath: /media/4tb/npex/npex_data/benchmarks-bears/Bears-189-buggy/src/main/java/hu/oe/nik/szfmv/environment/XmlToModelConverter.java, Line: 109, Element: toString
[CALLSITE] Filepath: /media/4tb/npex/npex_data/benchmarks-bears/Bears-189-buggy/src/main/java/hu/oe/nik/szfmv/environment/XmlToModelConverter.java, Line: 109, Element: debug
[ENTRY] Filepath: /media/4tb/npex/npex_data/benchmarks-bears/Bears-189-buggy/src/main/java/hu/oe/nik/szfmv/environment/WorldObject.java, Line: 135, Element: toString
[CALLSITE] Filepath: /media/4tb/npex/npex_data/benchmarks-bears/Bears-189-buggy/src/main/java/hu/oe/nik/szfmv/environment/XmlToModelConverter.java, Line: 50, Element: item
[CALLSITE] Filepath: /media/4tb/npex/npex_data/benchmarks-bears/Bears-189-buggy/src/main/java/hu/oe/nik/szfmv/environment/XmlToModelConverter.java, Line: 52, Element: readValueFromXml
[CALLSITE] Filepath: /media/4tb/npex/npex_data/benchmarks-bears/Bears-189-buggy/src/main/java/hu/oe/nik/szfmv/environment/XmlToModelConverter.java, Line: 52, Element: add
[ENTRY] Filepath: /media/4tb/npex/npex_data/benchmarks-bears/Bears-189-buggy/src/main/java/hu/oe/nik/szfmv/environment/XmlToModelConverter.java, Line: 67, Element: readValueFromXml
[CALLSITE] Filepath: /media/4tb/npex/npex_data/benchmarks-bears/Bears-189-buggy/src/main/java/hu/oe/nik/szfmv/environment/XmlToModelConverter.java, Line: 72, Element: getAttribute
[CALLSITE] Filepath: /media/4tb/npex/npex_data/benchmarks-bears/Bears-189-buggy/src/main/java/hu/oe/nik/szfmv/environment/XmlToModelConverter.java, Line: 75, Element: getChildNodes
[CALLSITE] Filepath: /media/4tb/npex/npex_data/benchmarks-bears/Bears-189-buggy/src/main/java/hu/oe/nik/szfmv/environment/XmlToModelConverter.java, Line: 76, Element: getLength
[CALLSITE] Filepath: /media/4tb/npex/npex_data/benchmarks-bears/Bears-189-buggy/src/main/java/hu/oe/nik/szfmv/environment/XmlToModelConverter.java, Line: 77, Element: item
[CALLSITE] Filepath: /media/4tb/npex/npex_data/benchmarks-bears/Bears-189-buggy/src/main/java/hu/oe/nik/szfmv/environment/XmlToModelConverter.java, Line: 77, Element: getNodeName
[CALLSITE] Filepath: /media/4tb/npex/npex_data/benchmarks-bears/Bears-189-buggy/src/main/java/hu/oe/nik/szfmv/environment/XmlToModelConverter.java, Line: 77, Element: item
[CALLSITE] Filepath: /media/4tb/npex/npex_data/benchmarks-bears/Bears-189-buggy/src/main/java/hu/oe/nik/szfmv/environment/XmlToModelConverter.java, Line: 77, Element: getNodeName
[CALLSITE] Filepath: /media/4tb/npex/npex_data/benchmarks-bears/Bears-189-buggy/src/main/java/hu/oe/nik/szfmv/environment/XmlToModelConverter.java, Line: 79, Element: item
[CALLSITE] Filepath: /media/4tb/npex/npex_data/benchmarks-bears/Bears-189-buggy/src/main/java/hu/oe/nik/szfmv/environment/XmlToModelConverter.java, Line: 77, Element: item
[CALLSITE] Filepath: /media/4tb/npex/npex_data/benchmarks-bears/Bears-189-buggy/src/main/java/hu/oe/nik/szfmv/environment/XmlToModelConverter.java, Line: 77, Element: getNodeName
[CALLSITE] Filepath: /media/4tb/npex/npex_data/benchmarks-bears/Bears-189-buggy/src/main/java/hu/oe/nik/szfmv/environment/XmlToModelConverter.java, Line: 77, Element: item
[CALLSITE] Filepath: /media/4tb/npex/npex_data/benchmarks-bears/Bears-189-buggy/src/main/java/hu/oe/nik/szfmv/environment/XmlToModelConverter.java, Line: 77, Element: getNodeName
[CALLSITE] Filepath: /media/4tb/npex/npex_data/benchmarks-bears/Bears-189-buggy/src/main/java/hu/oe/nik/szfmv/environment/XmlToModelConverter.java, Line: 82, Element: item
[CALLSITE] Filepath: /media/4tb/npex/npex_data/benchmarks-bears/Bears-189-buggy/src/main/java/hu/oe/nik/szfmv/environment/XmlToModelConverter.java, Line: 77, Element: item
[CALLSITE] Filepath: /media/4tb/npex/npex_data/benchmarks-bears/Bears-189-buggy/src/main/java/hu/oe/nik/szfmv/environment/XmlToModelConverter.java, Line: 77, Element: getNodeName
[CALLSITE] Filepath: /media/4tb/npex/npex_data/benchmarks-bears/Bears-189-buggy/src/main/java/hu/oe/nik/szfmv/environment/XmlToModelConverter.java, Line: 91, Element: createObjectFromType
[ENTRY] Filepath: /media/4tb/npex/npex_data/benchmarks-bears/Bears-189-buggy/src/main/java/hu/oe/nik/szfmv/environment/XmlToModelConverter.java, Line: 118, Element: createObjectFromType
[CALLSITE] Filepath: /media/4tb/npex/npex_data/benchmarks-bears/Bears-189-buggy/src/main/java/hu/oe/nik/szfmv/environment/XmlToModelConverter.java, Line: 122, Element: indexOf
[CALLSITE] Filepath: /media/4tb/npex/npex_data/benchmarks-bears/Bears-189-buggy/src/main/java/hu/oe/nik/szfmv/environment/XmlToModelConverter.java, Line: 123, Element: indexOf
[CALLSITE] Filepath: /media/4tb/npex/npex_data/benchmarks-bears/Bears-189-buggy/src/main/java/hu/oe/nik/szfmv/environment/XmlToModelConverter.java, Line: 123, Element: substring
[CALLSITE] Filepath: /media/4tb/npex/npex_data/benchmarks-bears/Bears-189-buggy/src/main/java/hu/oe/nik/szfmv/environment/XmlToModelConverter.java, Line: 93, Element: setImageFileName
[ENTRY] Filepath: /media/4tb/npex/npex_data/benchmarks-bears/Bears-189-buggy/src/main/java/hu/oe/nik/szfmv/environment/WorldObject.java, Line: 92, Element: setImageFileName
[CALLSITE] Filepath: /media/4tb/npex/npex_data/benchmarks-bears/Bears-189-buggy/src/main/java/hu/oe/nik/szfmv/environment/XmlToModelConverter.java, Line: 96, Element: generateDimens
[ENTRY] Filepath: /media/4tb/npex/npex_data/benchmarks-bears/Bears-189-buggy/src/main/java/hu/oe/nik/szfmv/environment/WorldObject.java, Line: 101, Element: generateDimens
[CALLSITE] Filepath: /media/4tb/npex/npex_data/benchmarks-bears/Bears-189-buggy/src/main/java/hu/oe/nik/szfmv/environment/WorldObject.java, Line: 103, Element: read
[ENTRY] Filepath: /media/4tb/npex/npex_data/benchmarks-bears/Bears-189-buggy/src/main/java/hu/oe/nik/szfmv/environment/WorldObject.java, Line: 80, Element: getImageFileName
[CALLSITE] Filepath: /media/4tb/npex/npex_data/benchmarks-bears/Bears-189-buggy/src/main/java/hu/oe/nik/szfmv/environment/WorldObject.java, Line: 107, Element: getWidth
[CALLSITE] Filepath: /media/4tb/npex/npex_data/benchmarks-bears/Bears-189-buggy/src/main/java/hu/oe/nik/szfmv/environment/WorldObject.java, Line: 108, Element: getHeight
[CALLSITE] Filepath: /media/4tb/npex/npex_data/benchmarks-bears/Bears-189-buggy/src/main/java/hu/oe/nik/szfmv/environment/XmlToModelConverter.java, Line: 99, Element: getPointsFromPositionElement
[ENTRY] Filepath: /media/4tb/npex/npex_data/benchmarks-bears/Bears-189-buggy/src/main/java/hu/oe/nik/szfmv/environment/XmlToModelConverter.java, Line: 154, Element: getPointsFromPositionElement
[CALLSITE] Filepath: /media/4tb/npex/npex_data/benchmarks-bears/Bears-189-buggy/src/main/java/hu/oe/nik/szfmv/environment/XmlToModelConverter.java, Line: 160, Element: getAttribute
[CALLSITE] Filepath: /media/4tb/npex/npex_data/benchmarks-bears/Bears-189-buggy/src/main/java/hu/oe/nik/szfmv/environment/XmlToModelConverter.java, Line: 160, Element: parseInt
[CALLSITE] Filepath: /media/4tb/npex/npex_data/benchmarks-bears/Bears-189-buggy/src/main/java/hu/oe/nik/szfmv/environment/XmlToModelConverter.java, Line: 161, Element: getAttribute
[CALLSITE] Filepath: /media/4tb/npex/npex_data/benchmarks-bears/Bears-189-buggy/src/main/java/hu/oe/nik/szfmv/environment/XmlToModelConverter.java, Line: 161, Element: parseInt
[CALLSITE] Filepath: /media/4tb/npex/npex_data/benchmarks-bears/Bears-189-buggy/src/main/java/hu/oe/nik/szfmv/environment/XmlToModelConverter.java, Line: 100, Element: setX
[ENTRY] Filepath: /media/4tb/npex/npex_data/benchmarks-bears/Bears-189-buggy/src/main/java/hu/oe/nik/szfmv/environment/WorldObject.java, Line: 48, Element: setX
[CALLSITE] Filepath: /media/4tb/npex/npex_data/benchmarks-bears/Bears-189-buggy/src/main/java/hu/oe/nik/szfmv/environment/XmlToModelConverter.java, Line: 101, Element: setY
[ENTRY] Filepath: /media/4tb/npex/npex_data/benchmarks-bears/Bears-189-buggy/src/main/java/hu/oe/nik/szfmv/environment/WorldObject.java, Line: 56, Element: setY
[CALLSITE] Filepath: /media/4tb/npex/npex_data/benchmarks-bears/Bears-189-buggy/src/main/java/hu/oe/nik/szfmv/environment/XmlToModelConverter.java, Line: 104, Element: getRotacionFromTransformElement
[CALLSITE] Filepath: /media/4tb/npex/npex_data/benchmarks-bears/Bears-189-buggy/src/main/java/hu/oe/nik/szfmv/environment/XmlToModelConverter.java, Line: 104, Element: setRotation
[ENTRY] Filepath: /media/4tb/npex/npex_data/benchmarks-bears/Bears-189-buggy/src/main/java/hu/oe/nik/szfmv/environment/XmlToModelConverter.java, Line: 173, Element: getRotacionFromTransformElement
[CALLSITE] Filepath: /media/4tb/npex/npex_data/benchmarks-bears/Bears-189-buggy/src/main/java/hu/oe/nik/szfmv/environment/XmlToModelConverter.java, Line: 182, Element: getAttribute
[CALLSITE] Filepath: /media/4tb/npex/npex_data/benchmarks-bears/Bears-189-buggy/src/main/java/hu/oe/nik/szfmv/environment/XmlToModelConverter.java, Line: 182, Element: parseDouble
[CALLSITE] Filepath: /media/4tb/npex/npex_data/benchmarks-bears/Bears-189-buggy/src/main/java/hu/oe/nik/szfmv/environment/XmlToModelConverter.java, Line: 183, Element: getAttribute
[CALLSITE] Filepath: /media/4tb/npex/npex_data/benchmarks-bears/Bears-189-buggy/src/main/java/hu/oe/nik/szfmv/environment/XmlToModelConverter.java, Line: 183, Element: parseDouble
[CALLSITE] Filepath: /media/4tb/npex/npex_data/benchmarks-bears/Bears-189-buggy/src/main/java/hu/oe/nik/szfmv/environment/XmlToModelConverter.java, Line: 184, Element: getAttribute
[CALLSITE] Filepath: /media/4tb/npex/npex_data/benchmarks-bears/Bears-189-buggy/src/main/java/hu/oe/nik/szfmv/environment/XmlToModelConverter.java, Line: 184, Element: parseDouble
[CALLSITE] Filepath: /media/4tb/npex/npex_data/benchmarks-bears/Bears-189-buggy/src/main/java/hu/oe/nik/szfmv/environment/XmlToModelConverter.java, Line: 185, Element: getAttribute
[CALLSITE] Filepath: /media/4tb/npex/npex_data/benchmarks-bears/Bears-189-buggy/src/main/java/hu/oe/nik/szfmv/environment/XmlToModelConverter.java, Line: 185, Element: parseDouble
[CALLSITE] Filepath: /media/4tb/npex/npex_data/benchmarks-bears/Bears-189-buggy/src/main/java/hu/oe/nik/szfmv/environment/XmlToModelConverter.java, Line: 187, Element: convertMatrixToRadians
[ENTRY] Filepath: /media/4tb/npex/npex_data/benchmarks-bears/Bears-189-buggy/src/main/java/hu/oe/nik/szfmv/common/Utils.java, Line: 40, Element: convertMatrixToRadians
[CALLSITE] Filepath: /media/4tb/npex/npex_data/benchmarks-bears/Bears-189-buggy/src/main/java/hu/oe/nik/szfmv/common/Utils.java, Line: 41, Element: atan2
[ENTRY] Filepath: /media/4tb/npex/npex_data/benchmarks-bears/Bears-189-buggy/src/main/java/hu/oe/nik/szfmv/environment/WorldObject.java, Line: 88, Element: setRotation
[CALLSITE] Filepath: /media/4tb/npex/npex_data/benchmarks-bears/Bears-189-buggy/src/main/java/hu/oe/nik/szfmv/environment/XmlToModelConverter.java, Line: 107, Element: generateShape
[ENTRY] Filepath: /media/4tb/npex/npex_data/benchmarks-bears/Bears-189-buggy/src/main/java/hu/oe/nik/szfmv/environment/models/RoadSign.java, Line: 35, Element: generateShape
[CALLSITE] Filepath: /media/4tb/npex/npex_data/benchmarks-bears/Bears-189-buggy/src/main/java/hu/oe/nik/szfmv/environment/models/RoadSign.java, Line: 39, Element: getRotation
[CALLSITE] Filepath: /media/4tb/npex/npex_data/benchmarks-bears/Bears-189-buggy/src/main/java/hu/oe/nik/szfmv/environment/models/RoadSign.java, Line: 39, Element: getX
[CALLSITE] Filepath: /media/4tb/npex/npex_data/benchmarks-bears/Bears-189-buggy/src/main/java/hu/oe/nik/szfmv/environment/models/RoadSign.java, Line: 39, Element: getY
[CALLSITE] Filepath: /media/4tb/npex/npex_data/benchmarks-bears/Bears-189-buggy/src/main/java/hu/oe/nik/szfmv/environment/models/RoadSign.java, Line: 39, Element: rotate
[ENTRY] Filepath: /media/4tb/npex/npex_data/benchmarks-bears/Bears-189-buggy/src/main/java/hu/oe/nik/szfmv/environment/WorldObject.java, Line: 76, Element: getRotation
[ENTRY] Filepath: /media/4tb/npex/npex_data/benchmarks-bears/Bears-189-buggy/src/main/java/hu/oe/nik/szfmv/environment/WorldObject.java, Line: 44, Element: getX
[ENTRY] Filepath: /media/4tb/npex/npex_data/benchmarks-bears/Bears-189-buggy/src/main/java/hu/oe/nik/szfmv/environment/WorldObject.java, Line: 52, Element: getY
[CALLSITE] Filepath: /media/4tb/npex/npex_data/benchmarks-bears/Bears-189-buggy/src/main/java/hu/oe/nik/szfmv/environment/models/RoadSign.java, Line: 40, Element: createTransformedShape
[ENTRY] Filepath: /media/4tb/npex/npex_data/benchmarks-bears/Bears-189-buggy/src/main/java/hu/oe/nik/szfmv/environment/WorldObject.java, Line: 44, Element: getX
[ENTRY] Filepath: /media/4tb/npex/npex_data/benchmarks-bears/Bears-189-buggy/src/main/java/hu/oe/nik/szfmv/environment/WorldObject.java, Line: 60, Element: getWidth
[ENTRY] Filepath: /media/4tb/npex/npex_data/benchmarks-bears/Bears-189-buggy/src/main/java/hu/oe/nik/szfmv/environment/WorldObject.java, Line: 52, Element: getY
[ENTRY] Filepath: /media/4tb/npex/npex_data/benchmarks-bears/Bears-189-buggy/src/main/java/hu/oe/nik/szfmv/environment/WorldObject.java, Line: 64, Element: getHeight
[CALLSITE] Filepath: /media/4tb/npex/npex_data/benchmarks-bears/Bears-189-buggy/src/main/java/hu/oe/nik/szfmv/environment/XmlToModelConverter.java, Line: 109, Element: toString
[CALLSITE] Filepath: /media/4tb/npex/npex_data/benchmarks-bears/Bears-189-buggy/src/main/java/hu/oe/nik/szfmv/environment/XmlToModelConverter.java, Line: 109, Element: debug
[ENTRY] Filepath: /media/4tb/npex/npex_data/benchmarks-bears/Bears-189-buggy/src/main/java/hu/oe/nik/szfmv/environment/WorldObject.java, Line: 135, Element: toString
[CALLSITE] Filepath: /media/4tb/npex/npex_data/benchmarks-bears/Bears-189-buggy/src/main/java/hu/oe/nik/szfmv/environment/XmlToModelConverter.java, Line: 50, Element: item
[CALLSITE] Filepath: /media/4tb/npex/npex_data/benchmarks-bears/Bears-189-buggy/src/main/java/hu/oe/nik/szfmv/environment/XmlToModelConverter.java, Line: 52, Element: readValueFromXml
[CALLSITE] Filepath: /media/4tb/npex/npex_data/benchmarks-bears/Bears-189-buggy/src/main/java/hu/oe/nik/szfmv/environment/XmlToModelConverter.java, Line: 52, Element: add
[ENTRY] Filepath: /media/4tb/npex/npex_data/benchmarks-bears/Bears-189-buggy/src/main/java/hu/oe/nik/szfmv/environment/XmlToModelConverter.java, Line: 67, Element: readValueFromXml
[CALLSITE] Filepath: /media/4tb/npex/npex_data/benchmarks-bears/Bears-189-buggy/src/main/java/hu/oe/nik/szfmv/environment/XmlToModelConverter.java, Line: 72, Element: getAttribute
[CALLSITE] Filepath: /media/4tb/npex/npex_data/benchmarks-bears/Bears-189-buggy/src/main/java/hu/oe/nik/szfmv/environment/XmlToModelConverter.java, Line: 75, Element: getChildNodes
[CALLSITE] Filepath: /media/4tb/npex/npex_data/benchmarks-bears/Bears-189-buggy/src/main/java/hu/oe/nik/szfmv/environment/XmlToModelConverter.java, Line: 76, Element: getLength
[CALLSITE] Filepath: /media/4tb/npex/npex_data/benchmarks-bears/Bears-189-buggy/src/main/java/hu/oe/nik/szfmv/environment/XmlToModelConverter.java, Line: 77, Element: item
[CALLSITE] Filepath: /media/4tb/npex/npex_data/benchmarks-bears/Bears-189-buggy/src/main/java/hu/oe/nik/szfmv/environment/XmlToModelConverter.java, Line: 77, Element: getNodeName
[CALLSITE] Filepath: /media/4tb/npex/npex_data/benchmarks-bears/Bears-189-buggy/src/main/java/hu/oe/nik/szfmv/environment/XmlToModelConverter.java, Line: 77, Element: item
[CALLSITE] Filepath: /media/4tb/npex/npex_data/benchmarks-bears/Bears-189-buggy/src/main/java/hu/oe/nik/szfmv/environment/XmlToModelConverter.java, Line: 77, Element: getNodeName
[CALLSITE] Filepath: /media/4tb/npex/npex_data/benchmarks-bears/Bears-189-buggy/src/main/java/hu/oe/nik/szfmv/environment/XmlToModelConverter.java, Line: 79, Element: item
[CALLSITE] Filepath: /media/4tb/npex/npex_data/benchmarks-bears/Bears-189-buggy/src/main/java/hu/oe/nik/szfmv/environment/XmlToModelConverter.java, Line: 77, Element: item
[CALLSITE] Filepath: /media/4tb/npex/npex_data/benchmarks-bears/Bears-189-buggy/src/main/java/hu/oe/nik/szfmv/environment/XmlToModelConverter.java, Line: 77, Element: getNodeName
[CALLSITE] Filepath: /media/4tb/npex/npex_data/benchmarks-bears/Bears-189-buggy/src/main/java/hu/oe/nik/szfmv/environment/XmlToModelConverter.java, Line: 77, Element: item
[CALLSITE] Filepath: /media/4tb/npex/npex_data/benchmarks-bears/Bears-189-buggy/src/main/java/hu/oe/nik/szfmv/environment/XmlToModelConverter.java, Line: 77, Element: getNodeName
[CALLSITE] Filepath: /media/4tb/npex/npex_data/benchmarks-bears/Bears-189-buggy/src/main/java/hu/oe/nik/szfmv/environment/XmlToModelConverter.java, Line: 82, Element: item
[CALLSITE] Filepath: /media/4tb/npex/npex_data/benchmarks-bears/Bears-189-buggy/src/main/java/hu/oe/nik/szfmv/environment/XmlToModelConverter.java, Line: 77, Element: item
[CALLSITE] Filepath: /media/4tb/npex/npex_data/benchmarks-bears/Bears-189-buggy/src/main/java/hu/oe/nik/szfmv/environment/XmlToModelConverter.java, Line: 77, Element: getNodeName
[CALLSITE] Filepath: /media/4tb/npex/npex_data/benchmarks-bears/Bears-189-buggy/src/main/java/hu/oe/nik/szfmv/environment/XmlToModelConverter.java, Line: 91, Element: createObjectFromType
[ENTRY] Filepath: /media/4tb/npex/npex_data/benchmarks-bears/Bears-189-buggy/src/main/java/hu/oe/nik/szfmv/environment/XmlToModelConverter.java, Line: 118, Element: createObjectFromType
[CALLSITE] Filepath: /media/4tb/npex/npex_data/benchmarks-bears/Bears-189-buggy/src/main/java/hu/oe/nik/szfmv/environment/XmlToModelConverter.java, Line: 122, Element: indexOf
[CALLSITE] Filepath: /media/4tb/npex/npex_data/benchmarks-bears/Bears-189-buggy/src/main/java/hu/oe/nik/szfmv/environment/XmlToModelConverter.java, Line: 123, Element: indexOf
[CALLSITE] Filepath: /media/4tb/npex/npex_data/benchmarks-bears/Bears-189-buggy/src/main/java/hu/oe/nik/szfmv/environment/XmlToModelConverter.java, Line: 123, Element: substring
[CALLSITE] Filepath: /media/4tb/npex/npex_data/benchmarks-bears/Bears-189-buggy/src/main/java/hu/oe/nik/szfmv/environment/XmlToModelConverter.java, Line: 93, Element: setImageFileName
[ENTRY] Filepath: /media/4tb/npex/npex_data/benchmarks-bears/Bears-189-buggy/src/main/java/hu/oe/nik/szfmv/environment/WorldObject.java, Line: 92, Element: setImageFileName
[CALLSITE] Filepath: /media/4tb/npex/npex_data/benchmarks-bears/Bears-189-buggy/src/main/java/hu/oe/nik/szfmv/environment/XmlToModelConverter.java, Line: 96, Element: generateDimens
[ENTRY] Filepath: /media/4tb/npex/npex_data/benchmarks-bears/Bears-189-buggy/src/main/java/hu/oe/nik/szfmv/environment/WorldObject.java, Line: 101, Element: generateDimens
[CALLSITE] Filepath: /media/4tb/npex/npex_data/benchmarks-bears/Bears-189-buggy/src/main/java/hu/oe/nik/szfmv/environment/WorldObject.java, Line: 103, Element: read
[ENTRY] Filepath: /media/4tb/npex/npex_data/benchmarks-bears/Bears-189-buggy/src/main/java/hu/oe/nik/szfmv/environment/WorldObject.java, Line: 80, Element: getImageFileName
[CALLSITE] Filepath: /media/4tb/npex/npex_data/benchmarks-bears/Bears-189-buggy/src/main/java/hu/oe/nik/szfmv/environment/WorldObject.java, Line: 107, Element: getWidth
[CALLSITE] Filepath: /media/4tb/npex/npex_data/benchmarks-bears/Bears-189-buggy/src/main/java/hu/oe/nik/szfmv/environment/WorldObject.java, Line: 108, Element: getHeight
[CALLSITE] Filepath: /media/4tb/npex/npex_data/benchmarks-bears/Bears-189-buggy/src/main/java/hu/oe/nik/szfmv/environment/XmlToModelConverter.java, Line: 99, Element: getPointsFromPositionElement
[ENTRY] Filepath: /media/4tb/npex/npex_data/benchmarks-bears/Bears-189-buggy/src/main/java/hu/oe/nik/szfmv/environment/XmlToModelConverter.java, Line: 154, Element: getPointsFromPositionElement
[CALLSITE] Filepath: /media/4tb/npex/npex_data/benchmarks-bears/Bears-189-buggy/src/main/java/hu/oe/nik/szfmv/environment/XmlToModelConverter.java, Line: 160, Element: getAttribute
[CALLSITE] Filepath: /media/4tb/npex/npex_data/benchmarks-bears/Bears-189-buggy/src/main/java/hu/oe/nik/szfmv/environment/XmlToModelConverter.java, Line: 160, Element: parseInt
[CALLSITE] Filepath: /media/4tb/npex/npex_data/benchmarks-bears/Bears-189-buggy/src/main/java/hu/oe/nik/szfmv/environment/XmlToModelConverter.java, Line: 161, Element: getAttribute
[CALLSITE] Filepath: /media/4tb/npex/npex_data/benchmarks-bears/Bears-189-buggy/src/main/java/hu/oe/nik/szfmv/environment/XmlToModelConverter.java, Line: 161, Element: parseInt
[CALLSITE] Filepath: /media/4tb/npex/npex_data/benchmarks-bears/Bears-189-buggy/src/main/java/hu/oe/nik/szfmv/environment/XmlToModelConverter.java, Line: 100, Element: setX
[ENTRY] Filepath: /media/4tb/npex/npex_data/benchmarks-bears/Bears-189-buggy/src/main/java/hu/oe/nik/szfmv/environment/WorldObject.java, Line: 48, Element: setX
[CALLSITE] Filepath: /media/4tb/npex/npex_data/benchmarks-bears/Bears-189-buggy/src/main/java/hu/oe/nik/szfmv/environment/XmlToModelConverter.java, Line: 101, Element: setY
[ENTRY] Filepath: /media/4tb/npex/npex_data/benchmarks-bears/Bears-189-buggy/src/main/java/hu/oe/nik/szfmv/environment/WorldObject.java, Line: 56, Element: setY
[CALLSITE] Filepath: /media/4tb/npex/npex_data/benchmarks-bears/Bears-189-buggy/src/main/java/hu/oe/nik/szfmv/environment/XmlToModelConverter.java, Line: 104, Element: getRotacionFromTransformElement
[CALLSITE] Filepath: /media/4tb/npex/npex_data/benchmarks-bears/Bears-189-buggy/src/main/java/hu/oe/nik/szfmv/environment/XmlToModelConverter.java, Line: 104, Element: setRotation
[ENTRY] Filepath: /media/4tb/npex/npex_data/benchmarks-bears/Bears-189-buggy/src/main/java/hu/oe/nik/szfmv/environment/XmlToModelConverter.java, Line: 173, Element: getRotacionFromTransformElement
[CALLSITE] Filepath: /media/4tb/npex/npex_data/benchmarks-bears/Bears-189-buggy/src/main/java/hu/oe/nik/szfmv/environment/XmlToModelConverter.java, Line: 182, Element: getAttribute
[CALLSITE] Filepath: /media/4tb/npex/npex_data/benchmarks-bears/Bears-189-buggy/src/main/java/hu/oe/nik/szfmv/environment/XmlToModelConverter.java, Line: 182, Element: parseDouble
[CALLSITE] Filepath: /media/4tb/npex/npex_data/benchmarks-bears/Bears-189-buggy/src/main/java/hu/oe/nik/szfmv/environment/XmlToModelConverter.java, Line: 183, Element: getAttribute
[CALLSITE] Filepath: /media/4tb/npex/npex_data/benchmarks-bears/Bears-189-buggy/src/main/java/hu/oe/nik/szfmv/environment/XmlToModelConverter.java, Line: 183, Element: parseDouble
[CALLSITE] Filepath: /media/4tb/npex/npex_data/benchmarks-bears/Bears-189-buggy/src/main/java/hu/oe/nik/szfmv/environment/XmlToModelConverter.java, Line: 184, Element: getAttribute
[CALLSITE] Filepath: /media/4tb/npex/npex_data/benchmarks-bears/Bears-189-buggy/src/main/java/hu/oe/nik/szfmv/environment/XmlToModelConverter.java, Line: 184, Element: parseDouble
[CALLSITE] Filepath: /media/4tb/npex/npex_data/benchmarks-bears/Bears-189-buggy/src/main/java/hu/oe/nik/szfmv/environment/XmlToModelConverter.java, Line: 185, Element: getAttribute
[CALLSITE] Filepath: /media/4tb/npex/npex_data/benchmarks-bears/Bears-189-buggy/src/main/java/hu/oe/nik/szfmv/environment/XmlToModelConverter.java, Line: 185, Element: parseDouble
[CALLSITE] Filepath: /media/4tb/npex/npex_data/benchmarks-bears/Bears-189-buggy/src/main/java/hu/oe/nik/szfmv/environment/XmlToModelConverter.java, Line: 187, Element: convertMatrixToRadians
[ENTRY] Filepath: /media/4tb/npex/npex_data/benchmarks-bears/Bears-189-buggy/src/main/java/hu/oe/nik/szfmv/common/Utils.java, Line: 40, Element: convertMatrixToRadians
[CALLSITE] Filepath: /media/4tb/npex/npex_data/benchmarks-bears/Bears-189-buggy/src/main/java/hu/oe/nik/szfmv/common/Utils.java, Line: 41, Element: atan2
[ENTRY] Filepath: /media/4tb/npex/npex_data/benchmarks-bears/Bears-189-buggy/src/main/java/hu/oe/nik/szfmv/environment/WorldObject.java, Line: 88, Element: setRotation
[CALLSITE] Filepath: /media/4tb/npex/npex_data/benchmarks-bears/Bears-189-buggy/src/main/java/hu/oe/nik/szfmv/environment/XmlToModelConverter.java, Line: 107, Element: generateShape
[ENTRY] Filepath: /media/4tb/npex/npex_data/benchmarks-bears/Bears-189-buggy/src/main/java/hu/oe/nik/szfmv/environment/models/RoadSign.java, Line: 35, Element: generateShape
[CALLSITE] Filepath: /media/4tb/npex/npex_data/benchmarks-bears/Bears-189-buggy/src/main/java/hu/oe/nik/szfmv/environment/models/RoadSign.java, Line: 39, Element: getRotation
[CALLSITE] Filepath: /media/4tb/npex/npex_data/benchmarks-bears/Bears-189-buggy/src/main/java/hu/oe/nik/szfmv/environment/models/RoadSign.java, Line: 39, Element: getX
[CALLSITE] Filepath: /media/4tb/npex/npex_data/benchmarks-bears/Bears-189-buggy/src/main/java/hu/oe/nik/szfmv/environment/models/RoadSign.java, Line: 39, Element: getY
[CALLSITE] Filepath: /media/4tb/npex/npex_data/benchmarks-bears/Bears-189-buggy/src/main/java/hu/oe/nik/szfmv/environment/models/RoadSign.java, Line: 39, Element: rotate
[ENTRY] Filepath: /media/4tb/npex/npex_data/benchmarks-bears/Bears-189-buggy/src/main/java/hu/oe/nik/szfmv/environment/WorldObject.java, Line: 76, Element: getRotation
[ENTRY] Filepath: /media/4tb/npex/npex_data/benchmarks-bears/Bears-189-buggy/src/main/java/hu/oe/nik/szfmv/environment/WorldObject.java, Line: 44, Element: getX
[ENTRY] Filepath: /media/4tb/npex/npex_data/benchmarks-bears/Bears-189-buggy/src/main/java/hu/oe/nik/szfmv/environment/WorldObject.java, Line: 52, Element: getY
[CALLSITE] Filepath: /media/4tb/npex/npex_data/benchmarks-bears/Bears-189-buggy/src/main/java/hu/oe/nik/szfmv/environment/models/RoadSign.java, Line: 40, Element: createTransformedShape
[ENTRY] Filepath: /media/4tb/npex/npex_data/benchmarks-bears/Bears-189-buggy/src/main/java/hu/oe/nik/szfmv/environment/WorldObject.java, Line: 44, Element: getX
[ENTRY] Filepath: /media/4tb/npex/npex_data/benchmarks-bears/Bears-189-buggy/src/main/java/hu/oe/nik/szfmv/environment/WorldObject.java, Line: 60, Element: getWidth
[ENTRY] Filepath: /media/4tb/npex/npex_data/benchmarks-bears/Bears-189-buggy/src/main/java/hu/oe/nik/szfmv/environment/WorldObject.java, Line: 52, Element: getY
[ENTRY] Filepath: /media/4tb/npex/npex_data/benchmarks-bears/Bears-189-buggy/src/main/java/hu/oe/nik/szfmv/environment/WorldObject.java, Line: 64, Element: getHeight
[CALLSITE] Filepath: /media/4tb/npex/npex_data/benchmarks-bears/Bears-189-buggy/src/main/java/hu/oe/nik/szfmv/environment/XmlToModelConverter.java, Line: 109, Element: toString
[CALLSITE] Filepath: /media/4tb/npex/npex_data/benchmarks-bears/Bears-189-buggy/src/main/java/hu/oe/nik/szfmv/environment/XmlToModelConverter.java, Line: 109, Element: debug
[ENTRY] Filepath: /media/4tb/npex/npex_data/benchmarks-bears/Bears-189-buggy/src/main/java/hu/oe/nik/szfmv/environment/WorldObject.java, Line: 135, Element: toString
[CALLSITE] Filepath: /media/4tb/npex/npex_data/benchmarks-bears/Bears-189-buggy/src/main/java/hu/oe/nik/szfmv/environment/XmlToModelConverter.java, Line: 50, Element: item
[CALLSITE] Filepath: /media/4tb/npex/npex_data/benchmarks-bears/Bears-189-buggy/src/main/java/hu/oe/nik/szfmv/environment/XmlToModelConverter.java, Line: 52, Element: readValueFromXml
[CALLSITE] Filepath: /media/4tb/npex/npex_data/benchmarks-bears/Bears-189-buggy/src/main/java/hu/oe/nik/szfmv/environment/XmlToModelConverter.java, Line: 52, Element: add
[ENTRY] Filepath: /media/4tb/npex/npex_data/benchmarks-bears/Bears-189-buggy/src/main/java/hu/oe/nik/szfmv/environment/XmlToModelConverter.java, Line: 67, Element: readValueFromXml
[CALLSITE] Filepath: /media/4tb/npex/npex_data/benchmarks-bears/Bears-189-buggy/src/main/java/hu/oe/nik/szfmv/environment/XmlToModelConverter.java, Line: 72, Element: getAttribute
[CALLSITE] Filepath: /media/4tb/npex/npex_data/benchmarks-bears/Bears-189-buggy/src/main/java/hu/oe/nik/szfmv/environment/XmlToModelConverter.java, Line: 75, Element: getChildNodes
[CALLSITE] Filepath: /media/4tb/npex/npex_data/benchmarks-bears/Bears-189-buggy/src/main/java/hu/oe/nik/szfmv/environment/XmlToModelConverter.java, Line: 76, Element: getLength
[CALLSITE] Filepath: /media/4tb/npex/npex_data/benchmarks-bears/Bears-189-buggy/src/main/java/hu/oe/nik/szfmv/environment/XmlToModelConverter.java, Line: 77, Element: item
[CALLSITE] Filepath: /media/4tb/npex/npex_data/benchmarks-bears/Bears-189-buggy/src/main/java/hu/oe/nik/szfmv/environment/XmlToModelConverter.java, Line: 77, Element: getNodeName
[CALLSITE] Filepath: /media/4tb/npex/npex_data/benchmarks-bears/Bears-189-buggy/src/main/java/hu/oe/nik/szfmv/environment/XmlToModelConverter.java, Line: 77, Element: item
[CALLSITE] Filepath: /media/4tb/npex/npex_data/benchmarks-bears/Bears-189-buggy/src/main/java/hu/oe/nik/szfmv/environment/XmlToModelConverter.java, Line: 77, Element: getNodeName
[CALLSITE] Filepath: /media/4tb/npex/npex_data/benchmarks-bears/Bears-189-buggy/src/main/java/hu/oe/nik/szfmv/environment/XmlToModelConverter.java, Line: 79, Element: item
[CALLSITE] Filepath: /media/4tb/npex/npex_data/benchmarks-bears/Bears-189-buggy/src/main/java/hu/oe/nik/szfmv/environment/XmlToModelConverter.java, Line: 77, Element: item
[CALLSITE] Filepath: /media/4tb/npex/npex_data/benchmarks-bears/Bears-189-buggy/src/main/java/hu/oe/nik/szfmv/environment/XmlToModelConverter.java, Line: 77, Element: getNodeName
[CALLSITE] Filepath: /media/4tb/npex/npex_data/benchmarks-bears/Bears-189-buggy/src/main/java/hu/oe/nik/szfmv/environment/XmlToModelConverter.java, Line: 77, Element: item
[CALLSITE] Filepath: /media/4tb/npex/npex_data/benchmarks-bears/Bears-189-buggy/src/main/java/hu/oe/nik/szfmv/environment/XmlToModelConverter.java, Line: 77, Element: getNodeName
[CALLSITE] Filepath: /media/4tb/npex/npex_data/benchmarks-bears/Bears-189-buggy/src/main/java/hu/oe/nik/szfmv/environment/XmlToModelConverter.java, Line: 82, Element: item
[CALLSITE] Filepath: /media/4tb/npex/npex_data/benchmarks-bears/Bears-189-buggy/src/main/java/hu/oe/nik/szfmv/environment/XmlToModelConverter.java, Line: 77, Element: item
[CALLSITE] Filepath: /media/4tb/npex/npex_data/benchmarks-bears/Bears-189-buggy/src/main/java/hu/oe/nik/szfmv/environment/XmlToModelConverter.java, Line: 77, Element: getNodeName
[CALLSITE] Filepath: /media/4tb/npex/npex_data/benchmarks-bears/Bears-189-buggy/src/main/java/hu/oe/nik/szfmv/environment/XmlToModelConverter.java, Line: 91, Element: createObjectFromType
[ENTRY] Filepath: /media/4tb/npex/npex_data/benchmarks-bears/Bears-189-buggy/src/main/java/hu/oe/nik/szfmv/environment/XmlToModelConverter.java, Line: 118, Element: createObjectFromType
[CALLSITE] Filepath: /media/4tb/npex/npex_data/benchmarks-bears/Bears-189-buggy/src/main/java/hu/oe/nik/szfmv/environment/XmlToModelConverter.java, Line: 122, Element: indexOf
[CALLSITE] Filepath: /media/4tb/npex/npex_data/benchmarks-bears/Bears-189-buggy/src/main/java/hu/oe/nik/szfmv/environment/XmlToModelConverter.java, Line: 93, Element: setImageFileName
[ENTRY] Filepath: /media/4tb/npex/npex_data/benchmarks-bears/Bears-189-buggy/src/main/java/hu/oe/nik/szfmv/environment/WorldObject.java, Line: 92, Element: setImageFileName
[CALLSITE] Filepath: /media/4tb/npex/npex_data/benchmarks-bears/Bears-189-buggy/src/main/java/hu/oe/nik/szfmv/environment/XmlToModelConverter.java, Line: 96, Element: generateDimens
[ENTRY] Filepath: /media/4tb/npex/npex_data/benchmarks-bears/Bears-189-buggy/src/main/java/hu/oe/nik/szfmv/environment/WorldObject.java, Line: 101, Element: generateDimens
[CALLSITE] Filepath: /media/4tb/npex/npex_data/benchmarks-bears/Bears-189-buggy/src/main/java/hu/oe/nik/szfmv/environment/WorldObject.java, Line: 103, Element: read
[ENTRY] Filepath: /media/4tb/npex/npex_data/benchmarks-bears/Bears-189-buggy/src/main/java/hu/oe/nik/szfmv/environment/WorldObject.java, Line: 80, Element: getImageFileName
[CALLSITE] Filepath: /media/4tb/npex/npex_data/benchmarks-bears/Bears-189-buggy/src/main/java/hu/oe/nik/szfmv/environment/WorldObject.java, Line: 107, Element: getWidth
[CALLSITE] Filepath: /media/4tb/npex/npex_data/benchmarks-bears/Bears-189-buggy/src/main/java/hu/oe/nik/szfmv/environment/WorldObject.java, Line: 108, Element: getHeight
[CALLSITE] Filepath: /media/4tb/npex/npex_data/benchmarks-bears/Bears-189-buggy/src/main/java/hu/oe/nik/szfmv/environment/XmlToModelConverter.java, Line: 99, Element: getPointsFromPositionElement
[ENTRY] Filepath: /media/4tb/npex/npex_data/benchmarks-bears/Bears-189-buggy/src/main/java/hu/oe/nik/szfmv/environment/XmlToModelConverter.java, Line: 154, Element: getPointsFromPositionElement
[CALLSITE] Filepath: /media/4tb/npex/npex_data/benchmarks-bears/Bears-189-buggy/src/main/java/hu/oe/nik/szfmv/environment/XmlToModelConverter.java, Line: 160, Element: getAttribute
[CALLSITE] Filepath: /media/4tb/npex/npex_data/benchmarks-bears/Bears-189-buggy/src/main/java/hu/oe/nik/szfmv/environment/XmlToModelConverter.java, Line: 160, Element: parseInt
[CALLSITE] Filepath: /media/4tb/npex/npex_data/benchmarks-bears/Bears-189-buggy/src/main/java/hu/oe/nik/szfmv/environment/XmlToModelConverter.java, Line: 161, Element: getAttribute
[CALLSITE] Filepath: /media/4tb/npex/npex_data/benchmarks-bears/Bears-189-buggy/src/main/java/hu/oe/nik/szfmv/environment/XmlToModelConverter.java, Line: 161, Element: parseInt
[CALLSITE] Filepath: /media/4tb/npex/npex_data/benchmarks-bears/Bears-189-buggy/src/main/java/hu/oe/nik/szfmv/environment/XmlToModelConverter.java, Line: 100, Element: setX
[ENTRY] Filepath: /media/4tb/npex/npex_data/benchmarks-bears/Bears-189-buggy/src/main/java/hu/oe/nik/szfmv/environment/WorldObject.java, Line: 48, Element: setX
[CALLSITE] Filepath: /media/4tb/npex/npex_data/benchmarks-bears/Bears-189-buggy/src/main/java/hu/oe/nik/szfmv/environment/XmlToModelConverter.java, Line: 101, Element: setY
[ENTRY] Filepath: /media/4tb/npex/npex_data/benchmarks-bears/Bears-189-buggy/src/main/java/hu/oe/nik/szfmv/environment/WorldObject.java, Line: 56, Element: setY
[CALLSITE] Filepath: /media/4tb/npex/npex_data/benchmarks-bears/Bears-189-buggy/src/main/java/hu/oe/nik/szfmv/environment/XmlToModelConverter.java, Line: 104, Element: getRotacionFromTransformElement
[CALLSITE] Filepath: /media/4tb/npex/npex_data/benchmarks-bears/Bears-189-buggy/src/main/java/hu/oe/nik/szfmv/environment/XmlToModelConverter.java, Line: 104, Element: setRotation
[ENTRY] Filepath: /media/4tb/npex/npex_data/benchmarks-bears/Bears-189-buggy/src/main/java/hu/oe/nik/szfmv/environment/XmlToModelConverter.java, Line: 173, Element: getRotacionFromTransformElement
[CALLSITE] Filepath: /media/4tb/npex/npex_data/benchmarks-bears/Bears-189-buggy/src/main/java/hu/oe/nik/szfmv/environment/XmlToModelConverter.java, Line: 182, Element: getAttribute
[CALLSITE] Filepath: /media/4tb/npex/npex_data/benchmarks-bears/Bears-189-buggy/src/main/java/hu/oe/nik/szfmv/environment/XmlToModelConverter.java, Line: 182, Element: parseDouble
[CALLSITE] Filepath: /media/4tb/npex/npex_data/benchmarks-bears/Bears-189-buggy/src/main/java/hu/oe/nik/szfmv/environment/XmlToModelConverter.java, Line: 183, Element: getAttribute
[CALLSITE] Filepath: /media/4tb/npex/npex_data/benchmarks-bears/Bears-189-buggy/src/main/java/hu/oe/nik/szfmv/environment/XmlToModelConverter.java, Line: 183, Element: parseDouble
[CALLSITE] Filepath: /media/4tb/npex/npex_data/benchmarks-bears/Bears-189-buggy/src/main/java/hu/oe/nik/szfmv/environment/XmlToModelConverter.java, Line: 184, Element: getAttribute
[CALLSITE] Filepath: /media/4tb/npex/npex_data/benchmarks-bears/Bears-189-buggy/src/main/java/hu/oe/nik/szfmv/environment/XmlToModelConverter.java, Line: 184, Element: parseDouble
[CALLSITE] Filepath: /media/4tb/npex/npex_data/benchmarks-bears/Bears-189-buggy/src/main/java/hu/oe/nik/szfmv/environment/XmlToModelConverter.java, Line: 185, Element: getAttribute
[CALLSITE] Filepath: /media/4tb/npex/npex_data/benchmarks-bears/Bears-189-buggy/src/main/java/hu/oe/nik/szfmv/environment/XmlToModelConverter.java, Line: 185, Element: parseDouble
[CALLSITE] Filepath: /media/4tb/npex/npex_data/benchmarks-bears/Bears-189-buggy/src/main/java/hu/oe/nik/szfmv/environment/XmlToModelConverter.java, Line: 187, Element: convertMatrixToRadians
[ENTRY] Filepath: /media/4tb/npex/npex_data/benchmarks-bears/Bears-189-buggy/src/main/java/hu/oe/nik/szfmv/common/Utils.java, Line: 40, Element: convertMatrixToRadians
[CALLSITE] Filepath: /media/4tb/npex/npex_data/benchmarks-bears/Bears-189-buggy/src/main/java/hu/oe/nik/szfmv/common/Utils.java, Line: 41, Element: atan2
[ENTRY] Filepath: /media/4tb/npex/npex_data/benchmarks-bears/Bears-189-buggy/src/main/java/hu/oe/nik/szfmv/environment/WorldObject.java, Line: 88, Element: setRotation
[CALLSITE] Filepath: /media/4tb/npex/npex_data/benchmarks-bears/Bears-189-buggy/src/main/java/hu/oe/nik/szfmv/environment/XmlToModelConverter.java, Line: 107, Element: generateShape
[ENTRY] Filepath: /media/4tb/npex/npex_data/benchmarks-bears/Bears-189-buggy/src/main/java/hu/oe/nik/szfmv/environment/models/Tree.java, Line: 34, Element: generateShape
[CALLSITE] Filepath: /media/4tb/npex/npex_data/benchmarks-bears/Bears-189-buggy/src/main/java/hu/oe/nik/szfmv/environment/models/Tree.java, Line: 38, Element: getRotation
[CALLSITE] Filepath: /media/4tb/npex/npex_data/benchmarks-bears/Bears-189-buggy/src/main/java/hu/oe/nik/szfmv/environment/models/Tree.java, Line: 38, Element: getX
[CALLSITE] Filepath: /media/4tb/npex/npex_data/benchmarks-bears/Bears-189-buggy/src/main/java/hu/oe/nik/szfmv/environment/models/Tree.java, Line: 38, Element: getY
[CALLSITE] Filepath: /media/4tb/npex/npex_data/benchmarks-bears/Bears-189-buggy/src/main/java/hu/oe/nik/szfmv/environment/models/Tree.java, Line: 38, Element: rotate
[ENTRY] Filepath: /media/4tb/npex/npex_data/benchmarks-bears/Bears-189-buggy/src/main/java/hu/oe/nik/szfmv/environment/WorldObject.java, Line: 76, Element: getRotation
[ENTRY] Filepath: /media/4tb/npex/npex_data/benchmarks-bears/Bears-189-buggy/src/main/java/hu/oe/nik/szfmv/environment/WorldObject.java, Line: 44, Element: getX
[ENTRY] Filepath: /media/4tb/npex/npex_data/benchmarks-bears/Bears-189-buggy/src/main/java/hu/oe/nik/szfmv/environment/WorldObject.java, Line: 52, Element: getY
[CALLSITE] Filepath: /media/4tb/npex/npex_data/benchmarks-bears/Bears-189-buggy/src/main/java/hu/oe/nik/szfmv/environment/models/Tree.java, Line: 39, Element: createTransformedShape
[ENTRY] Filepath: /media/4tb/npex/npex_data/benchmarks-bears/Bears-189-buggy/src/main/java/hu/oe/nik/szfmv/environment/WorldObject.java, Line: 44, Element: getX
[ENTRY] Filepath: /media/4tb/npex/npex_data/benchmarks-bears/Bears-189-buggy/src/main/java/hu/oe/nik/szfmv/environment/WorldObject.java, Line: 60, Element: getWidth
[ENTRY] Filepath: /media/4tb/npex/npex_data/benchmarks-bears/Bears-189-buggy/src/main/java/hu/oe/nik/szfmv/environment/WorldObject.java, Line: 52, Element: getY
[ENTRY] Filepath: /media/4tb/npex/npex_data/benchmarks-bears/Bears-189-buggy/src/main/java/hu/oe/nik/szfmv/environment/WorldObject.java, Line: 64, Element: getHeight
[CALLSITE] Filepath: /media/4tb/npex/npex_data/benchmarks-bears/Bears-189-buggy/src/main/java/hu/oe/nik/szfmv/environment/XmlToModelConverter.java, Line: 109, Element: toString
[CALLSITE] Filepath: /media/4tb/npex/npex_data/benchmarks-bears/Bears-189-buggy/src/main/java/hu/oe/nik/szfmv/environment/XmlToModelConverter.java, Line: 109, Element: debug
[ENTRY] Filepath: /media/4tb/npex/npex_data/benchmarks-bears/Bears-189-buggy/src/main/java/hu/oe/nik/szfmv/environment/WorldObject.java, Line: 135, Element: toString
[CALLSITE] Filepath: /media/4tb/npex/npex_data/benchmarks-bears/Bears-189-buggy/src/main/java/hu/oe/nik/szfmv/environment/XmlToModelConverter.java, Line: 50, Element: item
[CALLSITE] Filepath: /media/4tb/npex/npex_data/benchmarks-bears/Bears-189-buggy/src/main/java/hu/oe/nik/szfmv/environment/XmlToModelConverter.java, Line: 52, Element: readValueFromXml
[CALLSITE] Filepath: /media/4tb/npex/npex_data/benchmarks-bears/Bears-189-buggy/src/main/java/hu/oe/nik/szfmv/environment/XmlToModelConverter.java, Line: 52, Element: add
[ENTRY] Filepath: /media/4tb/npex/npex_data/benchmarks-bears/Bears-189-buggy/src/main/java/hu/oe/nik/szfmv/environment/XmlToModelConverter.java, Line: 67, Element: readValueFromXml
[CALLSITE] Filepath: /media/4tb/npex/npex_data/benchmarks-bears/Bears-189-buggy/src/main/java/hu/oe/nik/szfmv/environment/XmlToModelConverter.java, Line: 72, Element: getAttribute
[CALLSITE] Filepath: /media/4tb/npex/npex_data/benchmarks-bears/Bears-189-buggy/src/main/java/hu/oe/nik/szfmv/environment/XmlToModelConverter.java, Line: 75, Element: getChildNodes
[CALLSITE] Filepath: /media/4tb/npex/npex_data/benchmarks-bears/Bears-189-buggy/src/main/java/hu/oe/nik/szfmv/environment/XmlToModelConverter.java, Line: 76, Element: getLength
[CALLSITE] Filepath: /media/4tb/npex/npex_data/benchmarks-bears/Bears-189-buggy/src/main/java/hu/oe/nik/szfmv/environment/XmlToModelConverter.java, Line: 77, Element: item
[CALLSITE] Filepath: /media/4tb/npex/npex_data/benchmarks-bears/Bears-189-buggy/src/main/java/hu/oe/nik/szfmv/environment/XmlToModelConverter.java, Line: 77, Element: getNodeName
[CALLSITE] Filepath: /media/4tb/npex/npex_data/benchmarks-bears/Bears-189-buggy/src/main/java/hu/oe/nik/szfmv/environment/XmlToModelConverter.java, Line: 77, Element: item
[CALLSITE] Filepath: /media/4tb/npex/npex_data/benchmarks-bears/Bears-189-buggy/src/main/java/hu/oe/nik/szfmv/environment/XmlToModelConverter.java, Line: 77, Element: getNodeName
[CALLSITE] Filepath: /media/4tb/npex/npex_data/benchmarks-bears/Bears-189-buggy/src/main/java/hu/oe/nik/szfmv/environment/XmlToModelConverter.java, Line: 79, Element: item
[CALLSITE] Filepath: /media/4tb/npex/npex_data/benchmarks-bears/Bears-189-buggy/src/main/java/hu/oe/nik/szfmv/environment/XmlToModelConverter.java, Line: 77, Element: item
[CALLSITE] Filepath: /media/4tb/npex/npex_data/benchmarks-bears/Bears-189-buggy/src/main/java/hu/oe/nik/szfmv/environment/XmlToModelConverter.java, Line: 77, Element: getNodeName
[CALLSITE] Filepath: /media/4tb/npex/npex_data/benchmarks-bears/Bears-189-buggy/src/main/java/hu/oe/nik/szfmv/environment/XmlToModelConverter.java, Line: 77, Element: item
[CALLSITE] Filepath: /media/4tb/npex/npex_data/benchmarks-bears/Bears-189-buggy/src/main/java/hu/oe/nik/szfmv/environment/XmlToModelConverter.java, Line: 77, Element: getNodeName
[CALLSITE] Filepath: /media/4tb/npex/npex_data/benchmarks-bears/Bears-189-buggy/src/main/java/hu/oe/nik/szfmv/environment/XmlToModelConverter.java, Line: 82, Element: item
[CALLSITE] Filepath: /media/4tb/npex/npex_data/benchmarks-bears/Bears-189-buggy/src/main/java/hu/oe/nik/szfmv/environment/XmlToModelConverter.java, Line: 77, Element: item
[CALLSITE] Filepath: /media/4tb/npex/npex_data/benchmarks-bears/Bears-189-buggy/src/main/java/hu/oe/nik/szfmv/environment/XmlToModelConverter.java, Line: 77, Element: getNodeName
[CALLSITE] Filepath: /media/4tb/npex/npex_data/benchmarks-bears/Bears-189-buggy/src/main/java/hu/oe/nik/szfmv/environment/XmlToModelConverter.java, Line: 91, Element: createObjectFromType
[ENTRY] Filepath: /media/4tb/npex/npex_data/benchmarks-bears/Bears-189-buggy/src/main/java/hu/oe/nik/szfmv/environment/XmlToModelConverter.java, Line: 118, Element: createObjectFromType
[CALLSITE] Filepath: /media/4tb/npex/npex_data/benchmarks-bears/Bears-189-buggy/src/main/java/hu/oe/nik/szfmv/environment/XmlToModelConverter.java, Line: 122, Element: indexOf
[CALLSITE] Filepath: /media/4tb/npex/npex_data/benchmarks-bears/Bears-189-buggy/src/main/java/hu/oe/nik/szfmv/environment/XmlToModelConverter.java, Line: 93, Element: setImageFileName
[ENTRY] Filepath: /media/4tb/npex/npex_data/benchmarks-bears/Bears-189-buggy/src/main/java/hu/oe/nik/szfmv/environment/WorldObject.java, Line: 92, Element: setImageFileName
[CALLSITE] Filepath: /media/4tb/npex/npex_data/benchmarks-bears/Bears-189-buggy/src/main/java/hu/oe/nik/szfmv/environment/XmlToModelConverter.java, Line: 96, Element: generateDimens
[ENTRY] Filepath: /media/4tb/npex/npex_data/benchmarks-bears/Bears-189-buggy/src/main/java/hu/oe/nik/szfmv/environment/WorldObject.java, Line: 101, Element: generateDimens
[CALLSITE] Filepath: /media/4tb/npex/npex_data/benchmarks-bears/Bears-189-buggy/src/main/java/hu/oe/nik/szfmv/environment/WorldObject.java, Line: 103, Element: read
[ENTRY] Filepath: /media/4tb/npex/npex_data/benchmarks-bears/Bears-189-buggy/src/main/java/hu/oe/nik/szfmv/environment/WorldObject.java, Line: 80, Element: getImageFileName
[CALLSITE] Filepath: /media/4tb/npex/npex_data/benchmarks-bears/Bears-189-buggy/src/main/java/hu/oe/nik/szfmv/environment/WorldObject.java, Line: 107, Element: getWidth
[CALLSITE] Filepath: /media/4tb/npex/npex_data/benchmarks-bears/Bears-189-buggy/src/main/java/hu/oe/nik/szfmv/environment/WorldObject.java, Line: 108, Element: getHeight
[CALLSITE] Filepath: /media/4tb/npex/npex_data/benchmarks-bears/Bears-189-buggy/src/main/java/hu/oe/nik/szfmv/environment/XmlToModelConverter.java, Line: 99, Element: getPointsFromPositionElement
[ENTRY] Filepath: /media/4tb/npex/npex_data/benchmarks-bears/Bears-189-buggy/src/main/java/hu/oe/nik/szfmv/environment/XmlToModelConverter.java, Line: 154, Element: getPointsFromPositionElement
[CALLSITE] Filepath: /media/4tb/npex/npex_data/benchmarks-bears/Bears-189-buggy/src/main/java/hu/oe/nik/szfmv/environment/XmlToModelConverter.java, Line: 160, Element: getAttribute
[CALLSITE] Filepath: /media/4tb/npex/npex_data/benchmarks-bears/Bears-189-buggy/src/main/java/hu/oe/nik/szfmv/environment/XmlToModelConverter.java, Line: 160, Element: parseInt
[CALLSITE] Filepath: /media/4tb/npex/npex_data/benchmarks-bears/Bears-189-buggy/src/main/java/hu/oe/nik/szfmv/environment/XmlToModelConverter.java, Line: 161, Element: getAttribute
[CALLSITE] Filepath: /media/4tb/npex/npex_data/benchmarks-bears/Bears-189-buggy/src/main/java/hu/oe/nik/szfmv/environment/XmlToModelConverter.java, Line: 161, Element: parseInt
[CALLSITE] Filepath: /media/4tb/npex/npex_data/benchmarks-bears/Bears-189-buggy/src/main/java/hu/oe/nik/szfmv/environment/XmlToModelConverter.java, Line: 100, Element: setX
[ENTRY] Filepath: /media/4tb/npex/npex_data/benchmarks-bears/Bears-189-buggy/src/main/java/hu/oe/nik/szfmv/environment/WorldObject.java, Line: 48, Element: setX
[CALLSITE] Filepath: /media/4tb/npex/npex_data/benchmarks-bears/Bears-189-buggy/src/main/java/hu/oe/nik/szfmv/environment/XmlToModelConverter.java, Line: 101, Element: setY
[ENTRY] Filepath: /media/4tb/npex/npex_data/benchmarks-bears/Bears-189-buggy/src/main/java/hu/oe/nik/szfmv/environment/WorldObject.java, Line: 56, Element: setY
[CALLSITE] Filepath: /media/4tb/npex/npex_data/benchmarks-bears/Bears-189-buggy/src/main/java/hu/oe/nik/szfmv/environment/XmlToModelConverter.java, Line: 104, Element: getRotacionFromTransformElement
[CALLSITE] Filepath: /media/4tb/npex/npex_data/benchmarks-bears/Bears-189-buggy/src/main/java/hu/oe/nik/szfmv/environment/XmlToModelConverter.java, Line: 104, Element: setRotation
[ENTRY] Filepath: /media/4tb/npex/npex_data/benchmarks-bears/Bears-189-buggy/src/main/java/hu/oe/nik/szfmv/environment/XmlToModelConverter.java, Line: 173, Element: getRotacionFromTransformElement
[CALLSITE] Filepath: /media/4tb/npex/npex_data/benchmarks-bears/Bears-189-buggy/src/main/java/hu/oe/nik/szfmv/environment/XmlToModelConverter.java, Line: 182, Element: getAttribute
[CALLSITE] Filepath: /media/4tb/npex/npex_data/benchmarks-bears/Bears-189-buggy/src/main/java/hu/oe/nik/szfmv/environment/XmlToModelConverter.java, Line: 182, Element: parseDouble
[CALLSITE] Filepath: /media/4tb/npex/npex_data/benchmarks-bears/Bears-189-buggy/src/main/java/hu/oe/nik/szfmv/environment/XmlToModelConverter.java, Line: 183, Element: getAttribute
[CALLSITE] Filepath: /media/4tb/npex/npex_data/benchmarks-bears/Bears-189-buggy/src/main/java/hu/oe/nik/szfmv/environment/XmlToModelConverter.java, Line: 183, Element: parseDouble
[CALLSITE] Filepath: /media/4tb/npex/npex_data/benchmarks-bears/Bears-189-buggy/src/main/java/hu/oe/nik/szfmv/environment/XmlToModelConverter.java, Line: 184, Element: getAttribute
[CALLSITE] Filepath: /media/4tb/npex/npex_data/benchmarks-bears/Bears-189-buggy/src/main/java/hu/oe/nik/szfmv/environment/XmlToModelConverter.java, Line: 184, Element: parseDouble
[CALLSITE] Filepath: /media/4tb/npex/npex_data/benchmarks-bears/Bears-189-buggy/src/main/java/hu/oe/nik/szfmv/environment/XmlToModelConverter.java, Line: 185, Element: getAttribute
[CALLSITE] Filepath: /media/4tb/npex/npex_data/benchmarks-bears/Bears-189-buggy/src/main/java/hu/oe/nik/szfmv/environment/XmlToModelConverter.java, Line: 185, Element: parseDouble
[CALLSITE] Filepath: /media/4tb/npex/npex_data/benchmarks-bears/Bears-189-buggy/src/main/java/hu/oe/nik/szfmv/environment/XmlToModelConverter.java, Line: 187, Element: convertMatrixToRadians
[ENTRY] Filepath: /media/4tb/npex/npex_data/benchmarks-bears/Bears-189-buggy/src/main/java/hu/oe/nik/szfmv/common/Utils.java, Line: 40, Element: convertMatrixToRadians
[CALLSITE] Filepath: /media/4tb/npex/npex_data/benchmarks-bears/Bears-189-buggy/src/main/java/hu/oe/nik/szfmv/common/Utils.java, Line: 41, Element: atan2
[ENTRY] Filepath: /media/4tb/npex/npex_data/benchmarks-bears/Bears-189-buggy/src/main/java/hu/oe/nik/szfmv/environment/WorldObject.java, Line: 88, Element: setRotation
[CALLSITE] Filepath: /media/4tb/npex/npex_data/benchmarks-bears/Bears-189-buggy/src/main/java/hu/oe/nik/szfmv/environment/XmlToModelConverter.java, Line: 107, Element: generateShape
[ENTRY] Filepath: /media/4tb/npex/npex_data/benchmarks-bears/Bears-189-buggy/src/main/java/hu/oe/nik/szfmv/environment/models/Tree.java, Line: 34, Element: generateShape
[CALLSITE] Filepath: /media/4tb/npex/npex_data/benchmarks-bears/Bears-189-buggy/src/main/java/hu/oe/nik/szfmv/environment/models/Tree.java, Line: 38, Element: getRotation
[CALLSITE] Filepath: /media/4tb/npex/npex_data/benchmarks-bears/Bears-189-buggy/src/main/java/hu/oe/nik/szfmv/environment/models/Tree.java, Line: 38, Element: getX
[CALLSITE] Filepath: /media/4tb/npex/npex_data/benchmarks-bears/Bears-189-buggy/src/main/java/hu/oe/nik/szfmv/environment/models/Tree.java, Line: 38, Element: getY
[CALLSITE] Filepath: /media/4tb/npex/npex_data/benchmarks-bears/Bears-189-buggy/src/main/java/hu/oe/nik/szfmv/environment/models/Tree.java, Line: 38, Element: rotate
[ENTRY] Filepath: /media/4tb/npex/npex_data/benchmarks-bears/Bears-189-buggy/src/main/java/hu/oe/nik/szfmv/environment/WorldObject.java, Line: 76, Element: getRotation
[ENTRY] Filepath: /media/4tb/npex/npex_data/benchmarks-bears/Bears-189-buggy/src/main/java/hu/oe/nik/szfmv/environment/WorldObject.java, Line: 44, Element: getX
[ENTRY] Filepath: /media/4tb/npex/npex_data/benchmarks-bears/Bears-189-buggy/src/main/java/hu/oe/nik/szfmv/environment/WorldObject.java, Line: 52, Element: getY
[CALLSITE] Filepath: /media/4tb/npex/npex_data/benchmarks-bears/Bears-189-buggy/src/main/java/hu/oe/nik/szfmv/environment/models/Tree.java, Line: 39, Element: createTransformedShape
[ENTRY] Filepath: /media/4tb/npex/npex_data/benchmarks-bears/Bears-189-buggy/src/main/java/hu/oe/nik/szfmv/environment/WorldObject.java, Line: 44, Element: getX
[ENTRY] Filepath: /media/4tb/npex/npex_data/benchmarks-bears/Bears-189-buggy/src/main/java/hu/oe/nik/szfmv/environment/WorldObject.java, Line: 60, Element: getWidth
[ENTRY] Filepath: /media/4tb/npex/npex_data/benchmarks-bears/Bears-189-buggy/src/main/java/hu/oe/nik/szfmv/environment/WorldObject.java, Line: 52, Element: getY
[ENTRY] Filepath: /media/4tb/npex/npex_data/benchmarks-bears/Bears-189-buggy/src/main/java/hu/oe/nik/szfmv/environment/WorldObject.java, Line: 64, Element: getHeight
[CALLSITE] Filepath: /media/4tb/npex/npex_data/benchmarks-bears/Bears-189-buggy/src/main/java/hu/oe/nik/szfmv/environment/XmlToModelConverter.java, Line: 109, Element: toString
[CALLSITE] Filepath: /media/4tb/npex/npex_data/benchmarks-bears/Bears-189-buggy/src/main/java/hu/oe/nik/szfmv/environment/XmlToModelConverter.java, Line: 109, Element: debug
[ENTRY] Filepath: /media/4tb/npex/npex_data/benchmarks-bears/Bears-189-buggy/src/main/java/hu/oe/nik/szfmv/environment/WorldObject.java, Line: 135, Element: toString
[CALLSITE] Filepath: /media/4tb/npex/npex_data/benchmarks-bears/Bears-189-buggy/src/main/java/hu/oe/nik/szfmv/environment/XmlToModelConverter.java, Line: 50, Element: item
[CALLSITE] Filepath: /media/4tb/npex/npex_data/benchmarks-bears/Bears-189-buggy/src/main/java/hu/oe/nik/szfmv/environment/XmlToModelConverter.java, Line: 52, Element: readValueFromXml
[CALLSITE] Filepath: /media/4tb/npex/npex_data/benchmarks-bears/Bears-189-buggy/src/main/java/hu/oe/nik/szfmv/environment/XmlToModelConverter.java, Line: 52, Element: add
[ENTRY] Filepath: /media/4tb/npex/npex_data/benchmarks-bears/Bears-189-buggy/src/main/java/hu/oe/nik/szfmv/environment/XmlToModelConverter.java, Line: 67, Element: readValueFromXml
[CALLSITE] Filepath: /media/4tb/npex/npex_data/benchmarks-bears/Bears-189-buggy/src/main/java/hu/oe/nik/szfmv/environment/XmlToModelConverter.java, Line: 72, Element: getAttribute
[CALLSITE] Filepath: /media/4tb/npex/npex_data/benchmarks-bears/Bears-189-buggy/src/main/java/hu/oe/nik/szfmv/environment/XmlToModelConverter.java, Line: 75, Element: getChildNodes
[CALLSITE] Filepath: /media/4tb/npex/npex_data/benchmarks-bears/Bears-189-buggy/src/main/java/hu/oe/nik/szfmv/environment/XmlToModelConverter.java, Line: 76, Element: getLength
[CALLSITE] Filepath: /media/4tb/npex/npex_data/benchmarks-bears/Bears-189-buggy/src/main/java/hu/oe/nik/szfmv/environment/XmlToModelConverter.java, Line: 77, Element: item
[CALLSITE] Filepath: /media/4tb/npex/npex_data/benchmarks-bears/Bears-189-buggy/src/main/java/hu/oe/nik/szfmv/environment/XmlToModelConverter.java, Line: 77, Element: getNodeName
[CALLSITE] Filepath: /media/4tb/npex/npex_data/benchmarks-bears/Bears-189-buggy/src/main/java/hu/oe/nik/szfmv/environment/XmlToModelConverter.java, Line: 77, Element: item
[CALLSITE] Filepath: /media/4tb/npex/npex_data/benchmarks-bears/Bears-189-buggy/src/main/java/hu/oe/nik/szfmv/environment/XmlToModelConverter.java, Line: 77, Element: getNodeName
[CALLSITE] Filepath: /media/4tb/npex/npex_data/benchmarks-bears/Bears-189-buggy/src/main/java/hu/oe/nik/szfmv/environment/XmlToModelConverter.java, Line: 79, Element: item
[CALLSITE] Filepath: /media/4tb/npex/npex_data/benchmarks-bears/Bears-189-buggy/src/main/java/hu/oe/nik/szfmv/environment/XmlToModelConverter.java, Line: 77, Element: item
[CALLSITE] Filepath: /media/4tb/npex/npex_data/benchmarks-bears/Bears-189-buggy/src/main/java/hu/oe/nik/szfmv/environment/XmlToModelConverter.java, Line: 77, Element: getNodeName
[CALLSITE] Filepath: /media/4tb/npex/npex_data/benchmarks-bears/Bears-189-buggy/src/main/java/hu/oe/nik/szfmv/environment/XmlToModelConverter.java, Line: 77, Element: item
[CALLSITE] Filepath: /media/4tb/npex/npex_data/benchmarks-bears/Bears-189-buggy/src/main/java/hu/oe/nik/szfmv/environment/XmlToModelConverter.java, Line: 77, Element: getNodeName
[CALLSITE] Filepath: /media/4tb/npex/npex_data/benchmarks-bears/Bears-189-buggy/src/main/java/hu/oe/nik/szfmv/environment/XmlToModelConverter.java, Line: 82, Element: item
[CALLSITE] Filepath: /media/4tb/npex/npex_data/benchmarks-bears/Bears-189-buggy/src/main/java/hu/oe/nik/szfmv/environment/XmlToModelConverter.java, Line: 77, Element: item
[CALLSITE] Filepath: /media/4tb/npex/npex_data/benchmarks-bears/Bears-189-buggy/src/main/java/hu/oe/nik/szfmv/environment/XmlToModelConverter.java, Line: 77, Element: getNodeName
[CALLSITE] Filepath: /media/4tb/npex/npex_data/benchmarks-bears/Bears-189-buggy/src/main/java/hu/oe/nik/szfmv/environment/XmlToModelConverter.java, Line: 91, Element: createObjectFromType
[ENTRY] Filepath: /media/4tb/npex/npex_data/benchmarks-bears/Bears-189-buggy/src/main/java/hu/oe/nik/szfmv/environment/XmlToModelConverter.java, Line: 118, Element: createObjectFromType
[CALLSITE] Filepath: /media/4tb/npex/npex_data/benchmarks-bears/Bears-189-buggy/src/main/java/hu/oe/nik/szfmv/environment/XmlToModelConverter.java, Line: 122, Element: indexOf
[CALLSITE] Filepath: /media/4tb/npex/npex_data/benchmarks-bears/Bears-189-buggy/src/main/java/hu/oe/nik/szfmv/environment/XmlToModelConverter.java, Line: 93, Element: setImageFileName
[ENTRY] Filepath: /media/4tb/npex/npex_data/benchmarks-bears/Bears-189-buggy/src/main/java/hu/oe/nik/szfmv/environment/WorldObject.java, Line: 92, Element: setImageFileName
[CALLSITE] Filepath: /media/4tb/npex/npex_data/benchmarks-bears/Bears-189-buggy/src/main/java/hu/oe/nik/szfmv/environment/XmlToModelConverter.java, Line: 96, Element: generateDimens
[ENTRY] Filepath: /media/4tb/npex/npex_data/benchmarks-bears/Bears-189-buggy/src/main/java/hu/oe/nik/szfmv/environment/WorldObject.java, Line: 101, Element: generateDimens
[CALLSITE] Filepath: /media/4tb/npex/npex_data/benchmarks-bears/Bears-189-buggy/src/main/java/hu/oe/nik/szfmv/environment/WorldObject.java, Line: 103, Element: read
[ENTRY] Filepath: /media/4tb/npex/npex_data/benchmarks-bears/Bears-189-buggy/src/main/java/hu/oe/nik/szfmv/environment/WorldObject.java, Line: 80, Element: getImageFileName
[CALLSITE] Filepath: /media/4tb/npex/npex_data/benchmarks-bears/Bears-189-buggy/src/main/java/hu/oe/nik/szfmv/environment/WorldObject.java, Line: 107, Element: getWidth
[CALLSITE] Filepath: /media/4tb/npex/npex_data/benchmarks-bears/Bears-189-buggy/src/main/java/hu/oe/nik/szfmv/environment/WorldObject.java, Line: 108, Element: getHeight
[CALLSITE] Filepath: /media/4tb/npex/npex_data/benchmarks-bears/Bears-189-buggy/src/main/java/hu/oe/nik/szfmv/environment/XmlToModelConverter.java, Line: 99, Element: getPointsFromPositionElement
[ENTRY] Filepath: /media/4tb/npex/npex_data/benchmarks-bears/Bears-189-buggy/src/main/java/hu/oe/nik/szfmv/environment/XmlToModelConverter.java, Line: 154, Element: getPointsFromPositionElement
[CALLSITE] Filepath: /media/4tb/npex/npex_data/benchmarks-bears/Bears-189-buggy/src/main/java/hu/oe/nik/szfmv/environment/XmlToModelConverter.java, Line: 160, Element: getAttribute
[CALLSITE] Filepath: /media/4tb/npex/npex_data/benchmarks-bears/Bears-189-buggy/src/main/java/hu/oe/nik/szfmv/environment/XmlToModelConverter.java, Line: 160, Element: parseInt
[CALLSITE] Filepath: /media/4tb/npex/npex_data/benchmarks-bears/Bears-189-buggy/src/main/java/hu/oe/nik/szfmv/environment/XmlToModelConverter.java, Line: 161, Element: getAttribute
[CALLSITE] Filepath: /media/4tb/npex/npex_data/benchmarks-bears/Bears-189-buggy/src/main/java/hu/oe/nik/szfmv/environment/XmlToModelConverter.java, Line: 161, Element: parseInt
[CALLSITE] Filepath: /media/4tb/npex/npex_data/benchmarks-bears/Bears-189-buggy/src/main/java/hu/oe/nik/szfmv/environment/XmlToModelConverter.java, Line: 100, Element: setX
[ENTRY] Filepath: /media/4tb/npex/npex_data/benchmarks-bears/Bears-189-buggy/src/main/java/hu/oe/nik/szfmv/environment/WorldObject.java, Line: 48, Element: setX
[CALLSITE] Filepath: /media/4tb/npex/npex_data/benchmarks-bears/Bears-189-buggy/src/main/java/hu/oe/nik/szfmv/environment/XmlToModelConverter.java, Line: 101, Element: setY
[ENTRY] Filepath: /media/4tb/npex/npex_data/benchmarks-bears/Bears-189-buggy/src/main/java/hu/oe/nik/szfmv/environment/WorldObject.java, Line: 56, Element: setY
[CALLSITE] Filepath: /media/4tb/npex/npex_data/benchmarks-bears/Bears-189-buggy/src/main/java/hu/oe/nik/szfmv/environment/XmlToModelConverter.java, Line: 104, Element: getRotacionFromTransformElement
[CALLSITE] Filepath: /media/4tb/npex/npex_data/benchmarks-bears/Bears-189-buggy/src/main/java/hu/oe/nik/szfmv/environment/XmlToModelConverter.java, Line: 104, Element: setRotation
[ENTRY] Filepath: /media/4tb/npex/npex_data/benchmarks-bears/Bears-189-buggy/src/main/java/hu/oe/nik/szfmv/environment/XmlToModelConverter.java, Line: 173, Element: getRotacionFromTransformElement
[CALLSITE] Filepath: /media/4tb/npex/npex_data/benchmarks-bears/Bears-189-buggy/src/main/java/hu/oe/nik/szfmv/environment/XmlToModelConverter.java, Line: 182, Element: getAttribute
[CALLSITE] Filepath: /media/4tb/npex/npex_data/benchmarks-bears/Bears-189-buggy/src/main/java/hu/oe/nik/szfmv/environment/XmlToModelConverter.java, Line: 182, Element: parseDouble
[CALLSITE] Filepath: /media/4tb/npex/npex_data/benchmarks-bears/Bears-189-buggy/src/main/java/hu/oe/nik/szfmv/environment/XmlToModelConverter.java, Line: 183, Element: getAttribute
[CALLSITE] Filepath: /media/4tb/npex/npex_data/benchmarks-bears/Bears-189-buggy/src/main/java/hu/oe/nik/szfmv/environment/XmlToModelConverter.java, Line: 183, Element: parseDouble
[CALLSITE] Filepath: /media/4tb/npex/npex_data/benchmarks-bears/Bears-189-buggy/src/main/java/hu/oe/nik/szfmv/environment/XmlToModelConverter.java, Line: 184, Element: getAttribute
[CALLSITE] Filepath: /media/4tb/npex/npex_data/benchmarks-bears/Bears-189-buggy/src/main/java/hu/oe/nik/szfmv/environment/XmlToModelConverter.java, Line: 184, Element: parseDouble
[CALLSITE] Filepath: /media/4tb/npex/npex_data/benchmarks-bears/Bears-189-buggy/src/main/java/hu/oe/nik/szfmv/environment/XmlToModelConverter.java, Line: 185, Element: getAttribute
[CALLSITE] Filepath: /media/4tb/npex/npex_data/benchmarks-bears/Bears-189-buggy/src/main/java/hu/oe/nik/szfmv/environment/XmlToModelConverter.java, Line: 185, Element: parseDouble
[CALLSITE] Filepath: /media/4tb/npex/npex_data/benchmarks-bears/Bears-189-buggy/src/main/java/hu/oe/nik/szfmv/environment/XmlToModelConverter.java, Line: 187, Element: convertMatrixToRadians
[ENTRY] Filepath: /media/4tb/npex/npex_data/benchmarks-bears/Bears-189-buggy/src/main/java/hu/oe/nik/szfmv/common/Utils.java, Line: 40, Element: convertMatrixToRadians
[CALLSITE] Filepath: /media/4tb/npex/npex_data/benchmarks-bears/Bears-189-buggy/src/main/java/hu/oe/nik/szfmv/common/Utils.java, Line: 41, Element: atan2
[ENTRY] Filepath: /media/4tb/npex/npex_data/benchmarks-bears/Bears-189-buggy/src/main/java/hu/oe/nik/szfmv/environment/WorldObject.java, Line: 88, Element: setRotation
[CALLSITE] Filepath: /media/4tb/npex/npex_data/benchmarks-bears/Bears-189-buggy/src/main/java/hu/oe/nik/szfmv/environment/XmlToModelConverter.java, Line: 107, Element: generateShape
[ENTRY] Filepath: /media/4tb/npex/npex_data/benchmarks-bears/Bears-189-buggy/src/main/java/hu/oe/nik/szfmv/environment/models/Tree.java, Line: 34, Element: generateShape
[CALLSITE] Filepath: /media/4tb/npex/npex_data/benchmarks-bears/Bears-189-buggy/src/main/java/hu/oe/nik/szfmv/environment/models/Tree.java, Line: 38, Element: getRotation
[CALLSITE] Filepath: /media/4tb/npex/npex_data/benchmarks-bears/Bears-189-buggy/src/main/java/hu/oe/nik/szfmv/environment/models/Tree.java, Line: 38, Element: getX
[CALLSITE] Filepath: /media/4tb/npex/npex_data/benchmarks-bears/Bears-189-buggy/src/main/java/hu/oe/nik/szfmv/environment/models/Tree.java, Line: 38, Element: getY
[CALLSITE] Filepath: /media/4tb/npex/npex_data/benchmarks-bears/Bears-189-buggy/src/main/java/hu/oe/nik/szfmv/environment/models/Tree.java, Line: 38, Element: rotate
[ENTRY] Filepath: /media/4tb/npex/npex_data/benchmarks-bears/Bears-189-buggy/src/main/java/hu/oe/nik/szfmv/environment/WorldObject.java, Line: 76, Element: getRotation
[ENTRY] Filepath: /media/4tb/npex/npex_data/benchmarks-bears/Bears-189-buggy/src/main/java/hu/oe/nik/szfmv/environment/WorldObject.java, Line: 44, Element: getX
[ENTRY] Filepath: /media/4tb/npex/npex_data/benchmarks-bears/Bears-189-buggy/src/main/java/hu/oe/nik/szfmv/environment/WorldObject.java, Line: 52, Element: getY
[CALLSITE] Filepath: /media/4tb/npex/npex_data/benchmarks-bears/Bears-189-buggy/src/main/java/hu/oe/nik/szfmv/environment/models/Tree.java, Line: 39, Element: createTransformedShape
[ENTRY] Filepath: /media/4tb/npex/npex_data/benchmarks-bears/Bears-189-buggy/src/main/java/hu/oe/nik/szfmv/environment/WorldObject.java, Line: 44, Element: getX
[ENTRY] Filepath: /media/4tb/npex/npex_data/benchmarks-bears/Bears-189-buggy/src/main/java/hu/oe/nik/szfmv/environment/WorldObject.java, Line: 60, Element: getWidth
[ENTRY] Filepath: /media/4tb/npex/npex_data/benchmarks-bears/Bears-189-buggy/src/main/java/hu/oe/nik/szfmv/environment/WorldObject.java, Line: 52, Element: getY
[ENTRY] Filepath: /media/4tb/npex/npex_data/benchmarks-bears/Bears-189-buggy/src/main/java/hu/oe/nik/szfmv/environment/WorldObject.java, Line: 64, Element: getHeight
[CALLSITE] Filepath: /media/4tb/npex/npex_data/benchmarks-bears/Bears-189-buggy/src/main/java/hu/oe/nik/szfmv/environment/XmlToModelConverter.java, Line: 109, Element: toString
[CALLSITE] Filepath: /media/4tb/npex/npex_data/benchmarks-bears/Bears-189-buggy/src/main/java/hu/oe/nik/szfmv/environment/XmlToModelConverter.java, Line: 109, Element: debug
[ENTRY] Filepath: /media/4tb/npex/npex_data/benchmarks-bears/Bears-189-buggy/src/main/java/hu/oe/nik/szfmv/environment/WorldObject.java, Line: 135, Element: toString
[CALLSITE] Filepath: /media/4tb/npex/npex_data/benchmarks-bears/Bears-189-buggy/src/main/java/hu/oe/nik/szfmv/environment/XmlToModelConverter.java, Line: 50, Element: item
[CALLSITE] Filepath: /media/4tb/npex/npex_data/benchmarks-bears/Bears-189-buggy/src/main/java/hu/oe/nik/szfmv/environment/XmlToModelConverter.java, Line: 52, Element: readValueFromXml
[CALLSITE] Filepath: /media/4tb/npex/npex_data/benchmarks-bears/Bears-189-buggy/src/main/java/hu/oe/nik/szfmv/environment/XmlToModelConverter.java, Line: 52, Element: add
[ENTRY] Filepath: /media/4tb/npex/npex_data/benchmarks-bears/Bears-189-buggy/src/main/java/hu/oe/nik/szfmv/environment/XmlToModelConverter.java, Line: 67, Element: readValueFromXml
[CALLSITE] Filepath: /media/4tb/npex/npex_data/benchmarks-bears/Bears-189-buggy/src/main/java/hu/oe/nik/szfmv/environment/XmlToModelConverter.java, Line: 72, Element: getAttribute
[CALLSITE] Filepath: /media/4tb/npex/npex_data/benchmarks-bears/Bears-189-buggy/src/main/java/hu/oe/nik/szfmv/environment/XmlToModelConverter.java, Line: 75, Element: getChildNodes
[CALLSITE] Filepath: /media/4tb/npex/npex_data/benchmarks-bears/Bears-189-buggy/src/main/java/hu/oe/nik/szfmv/environment/XmlToModelConverter.java, Line: 76, Element: getLength
[CALLSITE] Filepath: /media/4tb/npex/npex_data/benchmarks-bears/Bears-189-buggy/src/main/java/hu/oe/nik/szfmv/environment/XmlToModelConverter.java, Line: 77, Element: item
[CALLSITE] Filepath: /media/4tb/npex/npex_data/benchmarks-bears/Bears-189-buggy/src/main/java/hu/oe/nik/szfmv/environment/XmlToModelConverter.java, Line: 77, Element: getNodeName
[CALLSITE] Filepath: /media/4tb/npex/npex_data/benchmarks-bears/Bears-189-buggy/src/main/java/hu/oe/nik/szfmv/environment/XmlToModelConverter.java, Line: 77, Element: item
[CALLSITE] Filepath: /media/4tb/npex/npex_data/benchmarks-bears/Bears-189-buggy/src/main/java/hu/oe/nik/szfmv/environment/XmlToModelConverter.java, Line: 77, Element: getNodeName
[CALLSITE] Filepath: /media/4tb/npex/npex_data/benchmarks-bears/Bears-189-buggy/src/main/java/hu/oe/nik/szfmv/environment/XmlToModelConverter.java, Line: 79, Element: item
[CALLSITE] Filepath: /media/4tb/npex/npex_data/benchmarks-bears/Bears-189-buggy/src/main/java/hu/oe/nik/szfmv/environment/XmlToModelConverter.java, Line: 77, Element: item
[CALLSITE] Filepath: /media/4tb/npex/npex_data/benchmarks-bears/Bears-189-buggy/src/main/java/hu/oe/nik/szfmv/environment/XmlToModelConverter.java, Line: 77, Element: getNodeName
[CALLSITE] Filepath: /media/4tb/npex/npex_data/benchmarks-bears/Bears-189-buggy/src/main/java/hu/oe/nik/szfmv/environment/XmlToModelConverter.java, Line: 77, Element: item
[CALLSITE] Filepath: /media/4tb/npex/npex_data/benchmarks-bears/Bears-189-buggy/src/main/java/hu/oe/nik/szfmv/environment/XmlToModelConverter.java, Line: 77, Element: getNodeName
[CALLSITE] Filepath: /media/4tb/npex/npex_data/benchmarks-bears/Bears-189-buggy/src/main/java/hu/oe/nik/szfmv/environment/XmlToModelConverter.java, Line: 82, Element: item
[CALLSITE] Filepath: /media/4tb/npex/npex_data/benchmarks-bears/Bears-189-buggy/src/main/java/hu/oe/nik/szfmv/environment/XmlToModelConverter.java, Line: 77, Element: item
[CALLSITE] Filepath: /media/4tb/npex/npex_data/benchmarks-bears/Bears-189-buggy/src/main/java/hu/oe/nik/szfmv/environment/XmlToModelConverter.java, Line: 77, Element: getNodeName
[CALLSITE] Filepath: /media/4tb/npex/npex_data/benchmarks-bears/Bears-189-buggy/src/main/java/hu/oe/nik/szfmv/environment/XmlToModelConverter.java, Line: 91, Element: createObjectFromType
[ENTRY] Filepath: /media/4tb/npex/npex_data/benchmarks-bears/Bears-189-buggy/src/main/java/hu/oe/nik/szfmv/environment/XmlToModelConverter.java, Line: 118, Element: createObjectFromType
[CALLSITE] Filepath: /media/4tb/npex/npex_data/benchmarks-bears/Bears-189-buggy/src/main/java/hu/oe/nik/szfmv/environment/XmlToModelConverter.java, Line: 122, Element: indexOf
[CALLSITE] Filepath: /media/4tb/npex/npex_data/benchmarks-bears/Bears-189-buggy/src/main/java/hu/oe/nik/szfmv/environment/XmlToModelConverter.java, Line: 93, Element: setImageFileName
[ENTRY] Filepath: /media/4tb/npex/npex_data/benchmarks-bears/Bears-189-buggy/src/main/java/hu/oe/nik/szfmv/environment/WorldObject.java, Line: 92, Element: setImageFileName
[CALLSITE] Filepath: /media/4tb/npex/npex_data/benchmarks-bears/Bears-189-buggy/src/main/java/hu/oe/nik/szfmv/environment/XmlToModelConverter.java, Line: 96, Element: generateDimens
[ENTRY] Filepath: /media/4tb/npex/npex_data/benchmarks-bears/Bears-189-buggy/src/main/java/hu/oe/nik/szfmv/environment/WorldObject.java, Line: 101, Element: generateDimens
[CALLSITE] Filepath: /media/4tb/npex/npex_data/benchmarks-bears/Bears-189-buggy/src/main/java/hu/oe/nik/szfmv/environment/WorldObject.java, Line: 103, Element: read
[ENTRY] Filepath: /media/4tb/npex/npex_data/benchmarks-bears/Bears-189-buggy/src/main/java/hu/oe/nik/szfmv/environment/WorldObject.java, Line: 80, Element: getImageFileName
[CALLSITE] Filepath: /media/4tb/npex/npex_data/benchmarks-bears/Bears-189-buggy/src/main/java/hu/oe/nik/szfmv/environment/WorldObject.java, Line: 107, Element: getWidth
[CALLSITE] Filepath: /media/4tb/npex/npex_data/benchmarks-bears/Bears-189-buggy/src/main/java/hu/oe/nik/szfmv/environment/WorldObject.java, Line: 108, Element: getHeight
[CALLSITE] Filepath: /media/4tb/npex/npex_data/benchmarks-bears/Bears-189-buggy/src/main/java/hu/oe/nik/szfmv/environment/XmlToModelConverter.java, Line: 99, Element: getPointsFromPositionElement
[ENTRY] Filepath: /media/4tb/npex/npex_data/benchmarks-bears/Bears-189-buggy/src/main/java/hu/oe/nik/szfmv/environment/XmlToModelConverter.java, Line: 154, Element: getPointsFromPositionElement
[CALLSITE] Filepath: /media/4tb/npex/npex_data/benchmarks-bears/Bears-189-buggy/src/main/java/hu/oe/nik/szfmv/environment/XmlToModelConverter.java, Line: 160, Element: getAttribute
[CALLSITE] Filepath: /media/4tb/npex/npex_data/benchmarks-bears/Bears-189-buggy/src/main/java/hu/oe/nik/szfmv/environment/XmlToModelConverter.java, Line: 160, Element: parseInt
[CALLSITE] Filepath: /media/4tb/npex/npex_data/benchmarks-bears/Bears-189-buggy/src/main/java/hu/oe/nik/szfmv/environment/XmlToModelConverter.java, Line: 161, Element: getAttribute
[CALLSITE] Filepath: /media/4tb/npex/npex_data/benchmarks-bears/Bears-189-buggy/src/main/java/hu/oe/nik/szfmv/environment/XmlToModelConverter.java, Line: 161, Element: parseInt
[CALLSITE] Filepath: /media/4tb/npex/npex_data/benchmarks-bears/Bears-189-buggy/src/main/java/hu/oe/nik/szfmv/environment/XmlToModelConverter.java, Line: 100, Element: setX
[ENTRY] Filepath: /media/4tb/npex/npex_data/benchmarks-bears/Bears-189-buggy/src/main/java/hu/oe/nik/szfmv/environment/WorldObject.java, Line: 48, Element: setX
[CALLSITE] Filepath: /media/4tb/npex/npex_data/benchmarks-bears/Bears-189-buggy/src/main/java/hu/oe/nik/szfmv/environment/XmlToModelConverter.java, Line: 101, Element: setY
[ENTRY] Filepath: /media/4tb/npex/npex_data/benchmarks-bears/Bears-189-buggy/src/main/java/hu/oe/nik/szfmv/environment/WorldObject.java, Line: 56, Element: setY
[CALLSITE] Filepath: /media/4tb/npex/npex_data/benchmarks-bears/Bears-189-buggy/src/main/java/hu/oe/nik/szfmv/environment/XmlToModelConverter.java, Line: 104, Element: getRotacionFromTransformElement
[CALLSITE] Filepath: /media/4tb/npex/npex_data/benchmarks-bears/Bears-189-buggy/src/main/java/hu/oe/nik/szfmv/environment/XmlToModelConverter.java, Line: 104, Element: setRotation
[ENTRY] Filepath: /media/4tb/npex/npex_data/benchmarks-bears/Bears-189-buggy/src/main/java/hu/oe/nik/szfmv/environment/XmlToModelConverter.java, Line: 173, Element: getRotacionFromTransformElement
[CALLSITE] Filepath: /media/4tb/npex/npex_data/benchmarks-bears/Bears-189-buggy/src/main/java/hu/oe/nik/szfmv/environment/XmlToModelConverter.java, Line: 182, Element: getAttribute
[CALLSITE] Filepath: /media/4tb/npex/npex_data/benchmarks-bears/Bears-189-buggy/src/main/java/hu/oe/nik/szfmv/environment/XmlToModelConverter.java, Line: 182, Element: parseDouble
[CALLSITE] Filepath: /media/4tb/npex/npex_data/benchmarks-bears/Bears-189-buggy/src/main/java/hu/oe/nik/szfmv/environment/XmlToModelConverter.java, Line: 183, Element: getAttribute
[CALLSITE] Filepath: /media/4tb/npex/npex_data/benchmarks-bears/Bears-189-buggy/src/main/java/hu/oe/nik/szfmv/environment/XmlToModelConverter.java, Line: 183, Element: parseDouble
[CALLSITE] Filepath: /media/4tb/npex/npex_data/benchmarks-bears/Bears-189-buggy/src/main/java/hu/oe/nik/szfmv/environment/XmlToModelConverter.java, Line: 184, Element: getAttribute
[CALLSITE] Filepath: /media/4tb/npex/npex_data/benchmarks-bears/Bears-189-buggy/src/main/java/hu/oe/nik/szfmv/environment/XmlToModelConverter.java, Line: 184, Element: parseDouble
[CALLSITE] Filepath: /media/4tb/npex/npex_data/benchmarks-bears/Bears-189-buggy/src/main/java/hu/oe/nik/szfmv/environment/XmlToModelConverter.java, Line: 185, Element: getAttribute
[CALLSITE] Filepath: /media/4tb/npex/npex_data/benchmarks-bears/Bears-189-buggy/src/main/java/hu/oe/nik/szfmv/environment/XmlToModelConverter.java, Line: 185, Element: parseDouble
[CALLSITE] Filepath: /media/4tb/npex/npex_data/benchmarks-bears/Bears-189-buggy/src/main/java/hu/oe/nik/szfmv/environment/XmlToModelConverter.java, Line: 187, Element: convertMatrixToRadians
[ENTRY] Filepath: /media/4tb/npex/npex_data/benchmarks-bears/Bears-189-buggy/src/main/java/hu/oe/nik/szfmv/common/Utils.java, Line: 40, Element: convertMatrixToRadians
[CALLSITE] Filepath: /media/4tb/npex/npex_data/benchmarks-bears/Bears-189-buggy/src/main/java/hu/oe/nik/szfmv/common/Utils.java, Line: 41, Element: atan2
[ENTRY] Filepath: /media/4tb/npex/npex_data/benchmarks-bears/Bears-189-buggy/src/main/java/hu/oe/nik/szfmv/environment/WorldObject.java, Line: 88, Element: setRotation
[CALLSITE] Filepath: /media/4tb/npex/npex_data/benchmarks-bears/Bears-189-buggy/src/main/java/hu/oe/nik/szfmv/environment/XmlToModelConverter.java, Line: 107, Element: generateShape
[ENTRY] Filepath: /media/4tb/npex/npex_data/benchmarks-bears/Bears-189-buggy/src/main/java/hu/oe/nik/szfmv/environment/models/Tree.java, Line: 34, Element: generateShape
[CALLSITE] Filepath: /media/4tb/npex/npex_data/benchmarks-bears/Bears-189-buggy/src/main/java/hu/oe/nik/szfmv/environment/models/Tree.java, Line: 38, Element: getRotation
[CALLSITE] Filepath: /media/4tb/npex/npex_data/benchmarks-bears/Bears-189-buggy/src/main/java/hu/oe/nik/szfmv/environment/models/Tree.java, Line: 38, Element: getX
[CALLSITE] Filepath: /media/4tb/npex/npex_data/benchmarks-bears/Bears-189-buggy/src/main/java/hu/oe/nik/szfmv/environment/models/Tree.java, Line: 38, Element: getY
[CALLSITE] Filepath: /media/4tb/npex/npex_data/benchmarks-bears/Bears-189-buggy/src/main/java/hu/oe/nik/szfmv/environment/models/Tree.java, Line: 38, Element: rotate
[ENTRY] Filepath: /media/4tb/npex/npex_data/benchmarks-bears/Bears-189-buggy/src/main/java/hu/oe/nik/szfmv/environment/WorldObject.java, Line: 76, Element: getRotation
[ENTRY] Filepath: /media/4tb/npex/npex_data/benchmarks-bears/Bears-189-buggy/src/main/java/hu/oe/nik/szfmv/environment/WorldObject.java, Line: 44, Element: getX
[ENTRY] Filepath: /media/4tb/npex/npex_data/benchmarks-bears/Bears-189-buggy/src/main/java/hu/oe/nik/szfmv/environment/WorldObject.java, Line: 52, Element: getY
[CALLSITE] Filepath: /media/4tb/npex/npex_data/benchmarks-bears/Bears-189-buggy/src/main/java/hu/oe/nik/szfmv/environment/models/Tree.java, Line: 39, Element: createTransformedShape
[ENTRY] Filepath: /media/4tb/npex/npex_data/benchmarks-bears/Bears-189-buggy/src/main/java/hu/oe/nik/szfmv/environment/WorldObject.java, Line: 44, Element: getX
[ENTRY] Filepath: /media/4tb/npex/npex_data/benchmarks-bears/Bears-189-buggy/src/main/java/hu/oe/nik/szfmv/environment/WorldObject.java, Line: 60, Element: getWidth
[ENTRY] Filepath: /media/4tb/npex/npex_data/benchmarks-bears/Bears-189-buggy/src/main/java/hu/oe/nik/szfmv/environment/WorldObject.java, Line: 52, Element: getY
[ENTRY] Filepath: /media/4tb/npex/npex_data/benchmarks-bears/Bears-189-buggy/src/main/java/hu/oe/nik/szfmv/environment/WorldObject.java, Line: 64, Element: getHeight
[CALLSITE] Filepath: /media/4tb/npex/npex_data/benchmarks-bears/Bears-189-buggy/src/main/java/hu/oe/nik/szfmv/environment/XmlToModelConverter.java, Line: 109, Element: toString
[CALLSITE] Filepath: /media/4tb/npex/npex_data/benchmarks-bears/Bears-189-buggy/src/main/java/hu/oe/nik/szfmv/environment/XmlToModelConverter.java, Line: 109, Element: debug
[ENTRY] Filepath: /media/4tb/npex/npex_data/benchmarks-bears/Bears-189-buggy/src/main/java/hu/oe/nik/szfmv/environment/WorldObject.java, Line: 135, Element: toString
[CALLSITE] Filepath: /media/4tb/npex/npex_data/benchmarks-bears/Bears-189-buggy/src/main/java/hu/oe/nik/szfmv/environment/XmlToModelConverter.java, Line: 50, Element: item
[CALLSITE] Filepath: /media/4tb/npex/npex_data/benchmarks-bears/Bears-189-buggy/src/main/java/hu/oe/nik/szfmv/environment/XmlToModelConverter.java, Line: 52, Element: readValueFromXml
[CALLSITE] Filepath: /media/4tb/npex/npex_data/benchmarks-bears/Bears-189-buggy/src/main/java/hu/oe/nik/szfmv/environment/XmlToModelConverter.java, Line: 52, Element: add
[ENTRY] Filepath: /media/4tb/npex/npex_data/benchmarks-bears/Bears-189-buggy/src/main/java/hu/oe/nik/szfmv/environment/XmlToModelConverter.java, Line: 67, Element: readValueFromXml
[CALLSITE] Filepath: /media/4tb/npex/npex_data/benchmarks-bears/Bears-189-buggy/src/main/java/hu/oe/nik/szfmv/environment/XmlToModelConverter.java, Line: 72, Element: getAttribute
[CALLSITE] Filepath: /media/4tb/npex/npex_data/benchmarks-bears/Bears-189-buggy/src/main/java/hu/oe/nik/szfmv/environment/XmlToModelConverter.java, Line: 75, Element: getChildNodes
[CALLSITE] Filepath: /media/4tb/npex/npex_data/benchmarks-bears/Bears-189-buggy/src/main/java/hu/oe/nik/szfmv/environment/XmlToModelConverter.java, Line: 76, Element: getLength
[CALLSITE] Filepath: /media/4tb/npex/npex_data/benchmarks-bears/Bears-189-buggy/src/main/java/hu/oe/nik/szfmv/environment/XmlToModelConverter.java, Line: 77, Element: item
[CALLSITE] Filepath: /media/4tb/npex/npex_data/benchmarks-bears/Bears-189-buggy/src/main/java/hu/oe/nik/szfmv/environment/XmlToModelConverter.java, Line: 77, Element: getNodeName
[CALLSITE] Filepath: /media/4tb/npex/npex_data/benchmarks-bears/Bears-189-buggy/src/main/java/hu/oe/nik/szfmv/environment/XmlToModelConverter.java, Line: 77, Element: item
[CALLSITE] Filepath: /media/4tb/npex/npex_data/benchmarks-bears/Bears-189-buggy/src/main/java/hu/oe/nik/szfmv/environment/XmlToModelConverter.java, Line: 77, Element: getNodeName
[CALLSITE] Filepath: /media/4tb/npex/npex_data/benchmarks-bears/Bears-189-buggy/src/main/java/hu/oe/nik/szfmv/environment/XmlToModelConverter.java, Line: 79, Element: item
[CALLSITE] Filepath: /media/4tb/npex/npex_data/benchmarks-bears/Bears-189-buggy/src/main/java/hu/oe/nik/szfmv/environment/XmlToModelConverter.java, Line: 77, Element: item
[CALLSITE] Filepath: /media/4tb/npex/npex_data/benchmarks-bears/Bears-189-buggy/src/main/java/hu/oe/nik/szfmv/environment/XmlToModelConverter.java, Line: 77, Element: getNodeName
[CALLSITE] Filepath: /media/4tb/npex/npex_data/benchmarks-bears/Bears-189-buggy/src/main/java/hu/oe/nik/szfmv/environment/XmlToModelConverter.java, Line: 77, Element: item
[CALLSITE] Filepath: /media/4tb/npex/npex_data/benchmarks-bears/Bears-189-buggy/src/main/java/hu/oe/nik/szfmv/environment/XmlToModelConverter.java, Line: 77, Element: getNodeName
[CALLSITE] Filepath: /media/4tb/npex/npex_data/benchmarks-bears/Bears-189-buggy/src/main/java/hu/oe/nik/szfmv/environment/XmlToModelConverter.java, Line: 82, Element: item
[CALLSITE] Filepath: /media/4tb/npex/npex_data/benchmarks-bears/Bears-189-buggy/src/main/java/hu/oe/nik/szfmv/environment/XmlToModelConverter.java, Line: 77, Element: item
[CALLSITE] Filepath: /media/4tb/npex/npex_data/benchmarks-bears/Bears-189-buggy/src/main/java/hu/oe/nik/szfmv/environment/XmlToModelConverter.java, Line: 77, Element: getNodeName
[CALLSITE] Filepath: /media/4tb/npex/npex_data/benchmarks-bears/Bears-189-buggy/src/main/java/hu/oe/nik/szfmv/environment/XmlToModelConverter.java, Line: 91, Element: createObjectFromType
[ENTRY] Filepath: /media/4tb/npex/npex_data/benchmarks-bears/Bears-189-buggy/src/main/java/hu/oe/nik/szfmv/environment/XmlToModelConverter.java, Line: 118, Element: createObjectFromType
[CALLSITE] Filepath: /media/4tb/npex/npex_data/benchmarks-bears/Bears-189-buggy/src/main/java/hu/oe/nik/szfmv/environment/XmlToModelConverter.java, Line: 122, Element: indexOf
[CALLSITE] Filepath: /media/4tb/npex/npex_data/benchmarks-bears/Bears-189-buggy/src/main/java/hu/oe/nik/szfmv/environment/XmlToModelConverter.java, Line: 93, Element: setImageFileName
[ENTRY] Filepath: /media/4tb/npex/npex_data/benchmarks-bears/Bears-189-buggy/src/main/java/hu/oe/nik/szfmv/environment/WorldObject.java, Line: 92, Element: setImageFileName
[CALLSITE] Filepath: /media/4tb/npex/npex_data/benchmarks-bears/Bears-189-buggy/src/main/java/hu/oe/nik/szfmv/environment/XmlToModelConverter.java, Line: 96, Element: generateDimens
[ENTRY] Filepath: /media/4tb/npex/npex_data/benchmarks-bears/Bears-189-buggy/src/main/java/hu/oe/nik/szfmv/environment/WorldObject.java, Line: 101, Element: generateDimens
[CALLSITE] Filepath: /media/4tb/npex/npex_data/benchmarks-bears/Bears-189-buggy/src/main/java/hu/oe/nik/szfmv/environment/WorldObject.java, Line: 103, Element: read
[ENTRY] Filepath: /media/4tb/npex/npex_data/benchmarks-bears/Bears-189-buggy/src/main/java/hu/oe/nik/szfmv/environment/WorldObject.java, Line: 80, Element: getImageFileName
[CALLSITE] Filepath: /media/4tb/npex/npex_data/benchmarks-bears/Bears-189-buggy/src/main/java/hu/oe/nik/szfmv/environment/WorldObject.java, Line: 107, Element: getWidth
[CALLSITE] Filepath: /media/4tb/npex/npex_data/benchmarks-bears/Bears-189-buggy/src/main/java/hu/oe/nik/szfmv/environment/WorldObject.java, Line: 108, Element: getHeight
[CALLSITE] Filepath: /media/4tb/npex/npex_data/benchmarks-bears/Bears-189-buggy/src/main/java/hu/oe/nik/szfmv/environment/XmlToModelConverter.java, Line: 99, Element: getPointsFromPositionElement
[ENTRY] Filepath: /media/4tb/npex/npex_data/benchmarks-bears/Bears-189-buggy/src/main/java/hu/oe/nik/szfmv/environment/XmlToModelConverter.java, Line: 154, Element: getPointsFromPositionElement
[CALLSITE] Filepath: /media/4tb/npex/npex_data/benchmarks-bears/Bears-189-buggy/src/main/java/hu/oe/nik/szfmv/environment/XmlToModelConverter.java, Line: 160, Element: getAttribute
[CALLSITE] Filepath: /media/4tb/npex/npex_data/benchmarks-bears/Bears-189-buggy/src/main/java/hu/oe/nik/szfmv/environment/XmlToModelConverter.java, Line: 160, Element: parseInt
[CALLSITE] Filepath: /media/4tb/npex/npex_data/benchmarks-bears/Bears-189-buggy/src/main/java/hu/oe/nik/szfmv/environment/XmlToModelConverter.java, Line: 161, Element: getAttribute
[CALLSITE] Filepath: /media/4tb/npex/npex_data/benchmarks-bears/Bears-189-buggy/src/main/java/hu/oe/nik/szfmv/environment/XmlToModelConverter.java, Line: 161, Element: parseInt
[CALLSITE] Filepath: /media/4tb/npex/npex_data/benchmarks-bears/Bears-189-buggy/src/main/java/hu/oe/nik/szfmv/environment/XmlToModelConverter.java, Line: 100, Element: setX
[ENTRY] Filepath: /media/4tb/npex/npex_data/benchmarks-bears/Bears-189-buggy/src/main/java/hu/oe/nik/szfmv/environment/WorldObject.java, Line: 48, Element: setX
[CALLSITE] Filepath: /media/4tb/npex/npex_data/benchmarks-bears/Bears-189-buggy/src/main/java/hu/oe/nik/szfmv/environment/XmlToModelConverter.java, Line: 101, Element: setY
[ENTRY] Filepath: /media/4tb/npex/npex_data/benchmarks-bears/Bears-189-buggy/src/main/java/hu/oe/nik/szfmv/environment/WorldObject.java, Line: 56, Element: setY
[CALLSITE] Filepath: /media/4tb/npex/npex_data/benchmarks-bears/Bears-189-buggy/src/main/java/hu/oe/nik/szfmv/environment/XmlToModelConverter.java, Line: 104, Element: getRotacionFromTransformElement
[CALLSITE] Filepath: /media/4tb/npex/npex_data/benchmarks-bears/Bears-189-buggy/src/main/java/hu/oe/nik/szfmv/environment/XmlToModelConverter.java, Line: 104, Element: setRotation
[ENTRY] Filepath: /media/4tb/npex/npex_data/benchmarks-bears/Bears-189-buggy/src/main/java/hu/oe/nik/szfmv/environment/XmlToModelConverter.java, Line: 173, Element: getRotacionFromTransformElement
[CALLSITE] Filepath: /media/4tb/npex/npex_data/benchmarks-bears/Bears-189-buggy/src/main/java/hu/oe/nik/szfmv/environment/XmlToModelConverter.java, Line: 182, Element: getAttribute
[CALLSITE] Filepath: /media/4tb/npex/npex_data/benchmarks-bears/Bears-189-buggy/src/main/java/hu/oe/nik/szfmv/environment/XmlToModelConverter.java, Line: 182, Element: parseDouble
[CALLSITE] Filepath: /media/4tb/npex/npex_data/benchmarks-bears/Bears-189-buggy/src/main/java/hu/oe/nik/szfmv/environment/XmlToModelConverter.java, Line: 183, Element: getAttribute
[CALLSITE] Filepath: /media/4tb/npex/npex_data/benchmarks-bears/Bears-189-buggy/src/main/java/hu/oe/nik/szfmv/environment/XmlToModelConverter.java, Line: 183, Element: parseDouble
[CALLSITE] Filepath: /media/4tb/npex/npex_data/benchmarks-bears/Bears-189-buggy/src/main/java/hu/oe/nik/szfmv/environment/XmlToModelConverter.java, Line: 184, Element: getAttribute
[CALLSITE] Filepath: /media/4tb/npex/npex_data/benchmarks-bears/Bears-189-buggy/src/main/java/hu/oe/nik/szfmv/environment/XmlToModelConverter.java, Line: 184, Element: parseDouble
[CALLSITE] Filepath: /media/4tb/npex/npex_data/benchmarks-bears/Bears-189-buggy/src/main/java/hu/oe/nik/szfmv/environment/XmlToModelConverter.java, Line: 185, Element: getAttribute
[CALLSITE] Filepath: /media/4tb/npex/npex_data/benchmarks-bears/Bears-189-buggy/src/main/java/hu/oe/nik/szfmv/environment/XmlToModelConverter.java, Line: 185, Element: parseDouble
[CALLSITE] Filepath: /media/4tb/npex/npex_data/benchmarks-bears/Bears-189-buggy/src/main/java/hu/oe/nik/szfmv/environment/XmlToModelConverter.java, Line: 187, Element: convertMatrixToRadians
[ENTRY] Filepath: /media/4tb/npex/npex_data/benchmarks-bears/Bears-189-buggy/src/main/java/hu/oe/nik/szfmv/common/Utils.java, Line: 40, Element: convertMatrixToRadians
[CALLSITE] Filepath: /media/4tb/npex/npex_data/benchmarks-bears/Bears-189-buggy/src/main/java/hu/oe/nik/szfmv/common/Utils.java, Line: 41, Element: atan2
[ENTRY] Filepath: /media/4tb/npex/npex_data/benchmarks-bears/Bears-189-buggy/src/main/java/hu/oe/nik/szfmv/environment/WorldObject.java, Line: 88, Element: setRotation
[CALLSITE] Filepath: /media/4tb/npex/npex_data/benchmarks-bears/Bears-189-buggy/src/main/java/hu/oe/nik/szfmv/environment/XmlToModelConverter.java, Line: 107, Element: generateShape
[ENTRY] Filepath: /media/4tb/npex/npex_data/benchmarks-bears/Bears-189-buggy/src/main/java/hu/oe/nik/szfmv/environment/models/Tree.java, Line: 34, Element: generateShape
[CALLSITE] Filepath: /media/4tb/npex/npex_data/benchmarks-bears/Bears-189-buggy/src/main/java/hu/oe/nik/szfmv/environment/models/Tree.java, Line: 38, Element: getRotation
[CALLSITE] Filepath: /media/4tb/npex/npex_data/benchmarks-bears/Bears-189-buggy/src/main/java/hu/oe/nik/szfmv/environment/models/Tree.java, Line: 38, Element: getX
[CALLSITE] Filepath: /media/4tb/npex/npex_data/benchmarks-bears/Bears-189-buggy/src/main/java/hu/oe/nik/szfmv/environment/models/Tree.java, Line: 38, Element: getY
[CALLSITE] Filepath: /media/4tb/npex/npex_data/benchmarks-bears/Bears-189-buggy/src/main/java/hu/oe/nik/szfmv/environment/models/Tree.java, Line: 38, Element: rotate
[ENTRY] Filepath: /media/4tb/npex/npex_data/benchmarks-bears/Bears-189-buggy/src/main/java/hu/oe/nik/szfmv/environment/WorldObject.java, Line: 76, Element: getRotation
[ENTRY] Filepath: /media/4tb/npex/npex_data/benchmarks-bears/Bears-189-buggy/src/main/java/hu/oe/nik/szfmv/environment/WorldObject.java, Line: 44, Element: getX
[ENTRY] Filepath: /media/4tb/npex/npex_data/benchmarks-bears/Bears-189-buggy/src/main/java/hu/oe/nik/szfmv/environment/WorldObject.java, Line: 52, Element: getY
[CALLSITE] Filepath: /media/4tb/npex/npex_data/benchmarks-bears/Bears-189-buggy/src/main/java/hu/oe/nik/szfmv/environment/models/Tree.java, Line: 39, Element: createTransformedShape
[ENTRY] Filepath: /media/4tb/npex/npex_data/benchmarks-bears/Bears-189-buggy/src/main/java/hu/oe/nik/szfmv/environment/WorldObject.java, Line: 44, Element: getX
[ENTRY] Filepath: /media/4tb/npex/npex_data/benchmarks-bears/Bears-189-buggy/src/main/java/hu/oe/nik/szfmv/environment/WorldObject.java, Line: 60, Element: getWidth
[ENTRY] Filepath: /media/4tb/npex/npex_data/benchmarks-bears/Bears-189-buggy/src/main/java/hu/oe/nik/szfmv/environment/WorldObject.java, Line: 52, Element: getY
[ENTRY] Filepath: /media/4tb/npex/npex_data/benchmarks-bears/Bears-189-buggy/src/main/java/hu/oe/nik/szfmv/environment/WorldObject.java, Line: 64, Element: getHeight
[CALLSITE] Filepath: /media/4tb/npex/npex_data/benchmarks-bears/Bears-189-buggy/src/main/java/hu/oe/nik/szfmv/environment/XmlToModelConverter.java, Line: 109, Element: toString
[CALLSITE] Filepath: /media/4tb/npex/npex_data/benchmarks-bears/Bears-189-buggy/src/main/java/hu/oe/nik/szfmv/environment/XmlToModelConverter.java, Line: 109, Element: debug
[ENTRY] Filepath: /media/4tb/npex/npex_data/benchmarks-bears/Bears-189-buggy/src/main/java/hu/oe/nik/szfmv/environment/WorldObject.java, Line: 135, Element: toString
[CALLSITE] Filepath: /media/4tb/npex/npex_data/benchmarks-bears/Bears-189-buggy/src/main/java/hu/oe/nik/szfmv/environment/XmlToModelConverter.java, Line: 50, Element: item
[CALLSITE] Filepath: /media/4tb/npex/npex_data/benchmarks-bears/Bears-189-buggy/src/main/java/hu/oe/nik/szfmv/environment/XmlToModelConverter.java, Line: 52, Element: readValueFromXml
[CALLSITE] Filepath: /media/4tb/npex/npex_data/benchmarks-bears/Bears-189-buggy/src/main/java/hu/oe/nik/szfmv/environment/XmlToModelConverter.java, Line: 52, Element: add
[ENTRY] Filepath: /media/4tb/npex/npex_data/benchmarks-bears/Bears-189-buggy/src/main/java/hu/oe/nik/szfmv/environment/XmlToModelConverter.java, Line: 67, Element: readValueFromXml
[CALLSITE] Filepath: /media/4tb/npex/npex_data/benchmarks-bears/Bears-189-buggy/src/main/java/hu/oe/nik/szfmv/environment/XmlToModelConverter.java, Line: 72, Element: getAttribute
[CALLSITE] Filepath: /media/4tb/npex/npex_data/benchmarks-bears/Bears-189-buggy/src/main/java/hu/oe/nik/szfmv/environment/XmlToModelConverter.java, Line: 75, Element: getChildNodes
[CALLSITE] Filepath: /media/4tb/npex/npex_data/benchmarks-bears/Bears-189-buggy/src/main/java/hu/oe/nik/szfmv/environment/XmlToModelConverter.java, Line: 76, Element: getLength
[CALLSITE] Filepath: /media/4tb/npex/npex_data/benchmarks-bears/Bears-189-buggy/src/main/java/hu/oe/nik/szfmv/environment/XmlToModelConverter.java, Line: 77, Element: item
[CALLSITE] Filepath: /media/4tb/npex/npex_data/benchmarks-bears/Bears-189-buggy/src/main/java/hu/oe/nik/szfmv/environment/XmlToModelConverter.java, Line: 77, Element: getNodeName
[CALLSITE] Filepath: /media/4tb/npex/npex_data/benchmarks-bears/Bears-189-buggy/src/main/java/hu/oe/nik/szfmv/environment/XmlToModelConverter.java, Line: 77, Element: item
[CALLSITE] Filepath: /media/4tb/npex/npex_data/benchmarks-bears/Bears-189-buggy/src/main/java/hu/oe/nik/szfmv/environment/XmlToModelConverter.java, Line: 77, Element: getNodeName
[CALLSITE] Filepath: /media/4tb/npex/npex_data/benchmarks-bears/Bears-189-buggy/src/main/java/hu/oe/nik/szfmv/environment/XmlToModelConverter.java, Line: 79, Element: item
[CALLSITE] Filepath: /media/4tb/npex/npex_data/benchmarks-bears/Bears-189-buggy/src/main/java/hu/oe/nik/szfmv/environment/XmlToModelConverter.java, Line: 77, Element: item
[CALLSITE] Filepath: /media/4tb/npex/npex_data/benchmarks-bears/Bears-189-buggy/src/main/java/hu/oe/nik/szfmv/environment/XmlToModelConverter.java, Line: 77, Element: getNodeName
[CALLSITE] Filepath: /media/4tb/npex/npex_data/benchmarks-bears/Bears-189-buggy/src/main/java/hu/oe/nik/szfmv/environment/XmlToModelConverter.java, Line: 77, Element: item
[CALLSITE] Filepath: /media/4tb/npex/npex_data/benchmarks-bears/Bears-189-buggy/src/main/java/hu/oe/nik/szfmv/environment/XmlToModelConverter.java, Line: 77, Element: getNodeName
[CALLSITE] Filepath: /media/4tb/npex/npex_data/benchmarks-bears/Bears-189-buggy/src/main/java/hu/oe/nik/szfmv/environment/XmlToModelConverter.java, Line: 82, Element: item
[CALLSITE] Filepath: /media/4tb/npex/npex_data/benchmarks-bears/Bears-189-buggy/src/main/java/hu/oe/nik/szfmv/environment/XmlToModelConverter.java, Line: 77, Element: item
[CALLSITE] Filepath: /media/4tb/npex/npex_data/benchmarks-bears/Bears-189-buggy/src/main/java/hu/oe/nik/szfmv/environment/XmlToModelConverter.java, Line: 77, Element: getNodeName
[CALLSITE] Filepath: /media/4tb/npex/npex_data/benchmarks-bears/Bears-189-buggy/src/main/java/hu/oe/nik/szfmv/environment/XmlToModelConverter.java, Line: 91, Element: createObjectFromType
[ENTRY] Filepath: /media/4tb/npex/npex_data/benchmarks-bears/Bears-189-buggy/src/main/java/hu/oe/nik/szfmv/environment/XmlToModelConverter.java, Line: 118, Element: createObjectFromType
[CALLSITE] Filepath: /media/4tb/npex/npex_data/benchmarks-bears/Bears-189-buggy/src/main/java/hu/oe/nik/szfmv/environment/XmlToModelConverter.java, Line: 122, Element: indexOf
[CALLSITE] Filepath: /media/4tb/npex/npex_data/benchmarks-bears/Bears-189-buggy/src/main/java/hu/oe/nik/szfmv/environment/XmlToModelConverter.java, Line: 93, Element: setImageFileName
[ENTRY] Filepath: /media/4tb/npex/npex_data/benchmarks-bears/Bears-189-buggy/src/main/java/hu/oe/nik/szfmv/environment/WorldObject.java, Line: 92, Element: setImageFileName
[CALLSITE] Filepath: /media/4tb/npex/npex_data/benchmarks-bears/Bears-189-buggy/src/main/java/hu/oe/nik/szfmv/environment/XmlToModelConverter.java, Line: 96, Element: generateDimens
[ENTRY] Filepath: /media/4tb/npex/npex_data/benchmarks-bears/Bears-189-buggy/src/main/java/hu/oe/nik/szfmv/environment/WorldObject.java, Line: 101, Element: generateDimens
[CALLSITE] Filepath: /media/4tb/npex/npex_data/benchmarks-bears/Bears-189-buggy/src/main/java/hu/oe/nik/szfmv/environment/WorldObject.java, Line: 103, Element: read
[ENTRY] Filepath: /media/4tb/npex/npex_data/benchmarks-bears/Bears-189-buggy/src/main/java/hu/oe/nik/szfmv/environment/WorldObject.java, Line: 80, Element: getImageFileName
[CALLSITE] Filepath: /media/4tb/npex/npex_data/benchmarks-bears/Bears-189-buggy/src/main/java/hu/oe/nik/szfmv/environment/WorldObject.java, Line: 107, Element: getWidth
[CALLSITE] Filepath: /media/4tb/npex/npex_data/benchmarks-bears/Bears-189-buggy/src/main/java/hu/oe/nik/szfmv/environment/WorldObject.java, Line: 108, Element: getHeight
[CALLSITE] Filepath: /media/4tb/npex/npex_data/benchmarks-bears/Bears-189-buggy/src/main/java/hu/oe/nik/szfmv/environment/XmlToModelConverter.java, Line: 99, Element: getPointsFromPositionElement
[ENTRY] Filepath: /media/4tb/npex/npex_data/benchmarks-bears/Bears-189-buggy/src/main/java/hu/oe/nik/szfmv/environment/XmlToModelConverter.java, Line: 154, Element: getPointsFromPositionElement
[CALLSITE] Filepath: /media/4tb/npex/npex_data/benchmarks-bears/Bears-189-buggy/src/main/java/hu/oe/nik/szfmv/environment/XmlToModelConverter.java, Line: 160, Element: getAttribute
[CALLSITE] Filepath: /media/4tb/npex/npex_data/benchmarks-bears/Bears-189-buggy/src/main/java/hu/oe/nik/szfmv/environment/XmlToModelConverter.java, Line: 160, Element: parseInt
[CALLSITE] Filepath: /media/4tb/npex/npex_data/benchmarks-bears/Bears-189-buggy/src/main/java/hu/oe/nik/szfmv/environment/XmlToModelConverter.java, Line: 161, Element: getAttribute
[CALLSITE] Filepath: /media/4tb/npex/npex_data/benchmarks-bears/Bears-189-buggy/src/main/java/hu/oe/nik/szfmv/environment/XmlToModelConverter.java, Line: 161, Element: parseInt
[CALLSITE] Filepath: /media/4tb/npex/npex_data/benchmarks-bears/Bears-189-buggy/src/main/java/hu/oe/nik/szfmv/environment/XmlToModelConverter.java, Line: 100, Element: setX
[ENTRY] Filepath: /media/4tb/npex/npex_data/benchmarks-bears/Bears-189-buggy/src/main/java/hu/oe/nik/szfmv/environment/WorldObject.java, Line: 48, Element: setX
[CALLSITE] Filepath: /media/4tb/npex/npex_data/benchmarks-bears/Bears-189-buggy/src/main/java/hu/oe/nik/szfmv/environment/XmlToModelConverter.java, Line: 101, Element: setY
[ENTRY] Filepath: /media/4tb/npex/npex_data/benchmarks-bears/Bears-189-buggy/src/main/java/hu/oe/nik/szfmv/environment/WorldObject.java, Line: 56, Element: setY
[CALLSITE] Filepath: /media/4tb/npex/npex_data/benchmarks-bears/Bears-189-buggy/src/main/java/hu/oe/nik/szfmv/environment/XmlToModelConverter.java, Line: 104, Element: getRotacionFromTransformElement
[CALLSITE] Filepath: /media/4tb/npex/npex_data/benchmarks-bears/Bears-189-buggy/src/main/java/hu/oe/nik/szfmv/environment/XmlToModelConverter.java, Line: 104, Element: setRotation
[ENTRY] Filepath: /media/4tb/npex/npex_data/benchmarks-bears/Bears-189-buggy/src/main/java/hu/oe/nik/szfmv/environment/XmlToModelConverter.java, Line: 173, Element: getRotacionFromTransformElement
[CALLSITE] Filepath: /media/4tb/npex/npex_data/benchmarks-bears/Bears-189-buggy/src/main/java/hu/oe/nik/szfmv/environment/XmlToModelConverter.java, Line: 182, Element: getAttribute
[CALLSITE] Filepath: /media/4tb/npex/npex_data/benchmarks-bears/Bears-189-buggy/src/main/java/hu/oe/nik/szfmv/environment/XmlToModelConverter.java, Line: 182, Element: parseDouble
[CALLSITE] Filepath: /media/4tb/npex/npex_data/benchmarks-bears/Bears-189-buggy/src/main/java/hu/oe/nik/szfmv/environment/XmlToModelConverter.java, Line: 183, Element: getAttribute
[CALLSITE] Filepath: /media/4tb/npex/npex_data/benchmarks-bears/Bears-189-buggy/src/main/java/hu/oe/nik/szfmv/environment/XmlToModelConverter.java, Line: 183, Element: parseDouble
[CALLSITE] Filepath: /media/4tb/npex/npex_data/benchmarks-bears/Bears-189-buggy/src/main/java/hu/oe/nik/szfmv/environment/XmlToModelConverter.java, Line: 184, Element: getAttribute
[CALLSITE] Filepath: /media/4tb/npex/npex_data/benchmarks-bears/Bears-189-buggy/src/main/java/hu/oe/nik/szfmv/environment/XmlToModelConverter.java, Line: 184, Element: parseDouble
[CALLSITE] Filepath: /media/4tb/npex/npex_data/benchmarks-bears/Bears-189-buggy/src/main/java/hu/oe/nik/szfmv/environment/XmlToModelConverter.java, Line: 185, Element: getAttribute
[CALLSITE] Filepath: /media/4tb/npex/npex_data/benchmarks-bears/Bears-189-buggy/src/main/java/hu/oe/nik/szfmv/environment/XmlToModelConverter.java, Line: 185, Element: parseDouble
[CALLSITE] Filepath: /media/4tb/npex/npex_data/benchmarks-bears/Bears-189-buggy/src/main/java/hu/oe/nik/szfmv/environment/XmlToModelConverter.java, Line: 187, Element: convertMatrixToRadians
[ENTRY] Filepath: /media/4tb/npex/npex_data/benchmarks-bears/Bears-189-buggy/src/main/java/hu/oe/nik/szfmv/common/Utils.java, Line: 40, Element: convertMatrixToRadians
[CALLSITE] Filepath: /media/4tb/npex/npex_data/benchmarks-bears/Bears-189-buggy/src/main/java/hu/oe/nik/szfmv/common/Utils.java, Line: 41, Element: atan2
[ENTRY] Filepath: /media/4tb/npex/npex_data/benchmarks-bears/Bears-189-buggy/src/main/java/hu/oe/nik/szfmv/environment/WorldObject.java, Line: 88, Element: setRotation
[CALLSITE] Filepath: /media/4tb/npex/npex_data/benchmarks-bears/Bears-189-buggy/src/main/java/hu/oe/nik/szfmv/environment/XmlToModelConverter.java, Line: 107, Element: generateShape
[ENTRY] Filepath: /media/4tb/npex/npex_data/benchmarks-bears/Bears-189-buggy/src/main/java/hu/oe/nik/szfmv/environment/models/Tree.java, Line: 34, Element: generateShape
[CALLSITE] Filepath: /media/4tb/npex/npex_data/benchmarks-bears/Bears-189-buggy/src/main/java/hu/oe/nik/szfmv/environment/models/Tree.java, Line: 38, Element: getRotation
[CALLSITE] Filepath: /media/4tb/npex/npex_data/benchmarks-bears/Bears-189-buggy/src/main/java/hu/oe/nik/szfmv/environment/models/Tree.java, Line: 38, Element: getX
[CALLSITE] Filepath: /media/4tb/npex/npex_data/benchmarks-bears/Bears-189-buggy/src/main/java/hu/oe/nik/szfmv/environment/models/Tree.java, Line: 38, Element: getY
[CALLSITE] Filepath: /media/4tb/npex/npex_data/benchmarks-bears/Bears-189-buggy/src/main/java/hu/oe/nik/szfmv/environment/models/Tree.java, Line: 38, Element: rotate
[ENTRY] Filepath: /media/4tb/npex/npex_data/benchmarks-bears/Bears-189-buggy/src/main/java/hu/oe/nik/szfmv/environment/WorldObject.java, Line: 76, Element: getRotation
[ENTRY] Filepath: /media/4tb/npex/npex_data/benchmarks-bears/Bears-189-buggy/src/main/java/hu/oe/nik/szfmv/environment/WorldObject.java, Line: 44, Element: getX
[ENTRY] Filepath: /media/4tb/npex/npex_data/benchmarks-bears/Bears-189-buggy/src/main/java/hu/oe/nik/szfmv/environment/WorldObject.java, Line: 52, Element: getY
[CALLSITE] Filepath: /media/4tb/npex/npex_data/benchmarks-bears/Bears-189-buggy/src/main/java/hu/oe/nik/szfmv/environment/models/Tree.java, Line: 39, Element: createTransformedShape
[ENTRY] Filepath: /media/4tb/npex/npex_data/benchmarks-bears/Bears-189-buggy/src/main/java/hu/oe/nik/szfmv/environment/WorldObject.java, Line: 44, Element: getX
[ENTRY] Filepath: /media/4tb/npex/npex_data/benchmarks-bears/Bears-189-buggy/src/main/java/hu/oe/nik/szfmv/environment/WorldObject.java, Line: 60, Element: getWidth
[ENTRY] Filepath: /media/4tb/npex/npex_data/benchmarks-bears/Bears-189-buggy/src/main/java/hu/oe/nik/szfmv/environment/WorldObject.java, Line: 52, Element: getY
[ENTRY] Filepath: /media/4tb/npex/npex_data/benchmarks-bears/Bears-189-buggy/src/main/java/hu/oe/nik/szfmv/environment/WorldObject.java, Line: 64, Element: getHeight
[CALLSITE] Filepath: /media/4tb/npex/npex_data/benchmarks-bears/Bears-189-buggy/src/main/java/hu/oe/nik/szfmv/environment/XmlToModelConverter.java, Line: 109, Element: toString
[CALLSITE] Filepath: /media/4tb/npex/npex_data/benchmarks-bears/Bears-189-buggy/src/main/java/hu/oe/nik/szfmv/environment/XmlToModelConverter.java, Line: 109, Element: debug
[ENTRY] Filepath: /media/4tb/npex/npex_data/benchmarks-bears/Bears-189-buggy/src/main/java/hu/oe/nik/szfmv/environment/WorldObject.java, Line: 135, Element: toString
[CALLSITE] Filepath: /media/4tb/npex/npex_data/benchmarks-bears/Bears-189-buggy/src/main/java/hu/oe/nik/szfmv/environment/XmlToModelConverter.java, Line: 50, Element: item
[CALLSITE] Filepath: /media/4tb/npex/npex_data/benchmarks-bears/Bears-189-buggy/src/main/java/hu/oe/nik/szfmv/environment/XmlToModelConverter.java, Line: 52, Element: readValueFromXml
[CALLSITE] Filepath: /media/4tb/npex/npex_data/benchmarks-bears/Bears-189-buggy/src/main/java/hu/oe/nik/szfmv/environment/XmlToModelConverter.java, Line: 52, Element: add
[ENTRY] Filepath: /media/4tb/npex/npex_data/benchmarks-bears/Bears-189-buggy/src/main/java/hu/oe/nik/szfmv/environment/XmlToModelConverter.java, Line: 67, Element: readValueFromXml
[CALLSITE] Filepath: /media/4tb/npex/npex_data/benchmarks-bears/Bears-189-buggy/src/main/java/hu/oe/nik/szfmv/environment/XmlToModelConverter.java, Line: 72, Element: getAttribute
[CALLSITE] Filepath: /media/4tb/npex/npex_data/benchmarks-bears/Bears-189-buggy/src/main/java/hu/oe/nik/szfmv/environment/XmlToModelConverter.java, Line: 75, Element: getChildNodes
[CALLSITE] Filepath: /media/4tb/npex/npex_data/benchmarks-bears/Bears-189-buggy/src/main/java/hu/oe/nik/szfmv/environment/XmlToModelConverter.java, Line: 76, Element: getLength
[CALLSITE] Filepath: /media/4tb/npex/npex_data/benchmarks-bears/Bears-189-buggy/src/main/java/hu/oe/nik/szfmv/environment/XmlToModelConverter.java, Line: 77, Element: item
[CALLSITE] Filepath: /media/4tb/npex/npex_data/benchmarks-bears/Bears-189-buggy/src/main/java/hu/oe/nik/szfmv/environment/XmlToModelConverter.java, Line: 77, Element: getNodeName
[CALLSITE] Filepath: /media/4tb/npex/npex_data/benchmarks-bears/Bears-189-buggy/src/main/java/hu/oe/nik/szfmv/environment/XmlToModelConverter.java, Line: 77, Element: item
[CALLSITE] Filepath: /media/4tb/npex/npex_data/benchmarks-bears/Bears-189-buggy/src/main/java/hu/oe/nik/szfmv/environment/XmlToModelConverter.java, Line: 77, Element: getNodeName
[CALLSITE] Filepath: /media/4tb/npex/npex_data/benchmarks-bears/Bears-189-buggy/src/main/java/hu/oe/nik/szfmv/environment/XmlToModelConverter.java, Line: 79, Element: item
[CALLSITE] Filepath: /media/4tb/npex/npex_data/benchmarks-bears/Bears-189-buggy/src/main/java/hu/oe/nik/szfmv/environment/XmlToModelConverter.java, Line: 77, Element: item
[CALLSITE] Filepath: /media/4tb/npex/npex_data/benchmarks-bears/Bears-189-buggy/src/main/java/hu/oe/nik/szfmv/environment/XmlToModelConverter.java, Line: 77, Element: getNodeName
[CALLSITE] Filepath: /media/4tb/npex/npex_data/benchmarks-bears/Bears-189-buggy/src/main/java/hu/oe/nik/szfmv/environment/XmlToModelConverter.java, Line: 77, Element: item
[CALLSITE] Filepath: /media/4tb/npex/npex_data/benchmarks-bears/Bears-189-buggy/src/main/java/hu/oe/nik/szfmv/environment/XmlToModelConverter.java, Line: 77, Element: getNodeName
[CALLSITE] Filepath: /media/4tb/npex/npex_data/benchmarks-bears/Bears-189-buggy/src/main/java/hu/oe/nik/szfmv/environment/XmlToModelConverter.java, Line: 82, Element: item
[CALLSITE] Filepath: /media/4tb/npex/npex_data/benchmarks-bears/Bears-189-buggy/src/main/java/hu/oe/nik/szfmv/environment/XmlToModelConverter.java, Line: 77, Element: item
[CALLSITE] Filepath: /media/4tb/npex/npex_data/benchmarks-bears/Bears-189-buggy/src/main/java/hu/oe/nik/szfmv/environment/XmlToModelConverter.java, Line: 77, Element: getNodeName
[CALLSITE] Filepath: /media/4tb/npex/npex_data/benchmarks-bears/Bears-189-buggy/src/main/java/hu/oe/nik/szfmv/environment/XmlToModelConverter.java, Line: 91, Element: createObjectFromType
[ENTRY] Filepath: /media/4tb/npex/npex_data/benchmarks-bears/Bears-189-buggy/src/main/java/hu/oe/nik/szfmv/environment/XmlToModelConverter.java, Line: 118, Element: createObjectFromType
[CALLSITE] Filepath: /media/4tb/npex/npex_data/benchmarks-bears/Bears-189-buggy/src/main/java/hu/oe/nik/szfmv/environment/XmlToModelConverter.java, Line: 122, Element: indexOf
[CALLSITE] Filepath: /media/4tb/npex/npex_data/benchmarks-bears/Bears-189-buggy/src/main/java/hu/oe/nik/szfmv/environment/XmlToModelConverter.java, Line: 123, Element: indexOf
[CALLSITE] Filepath: /media/4tb/npex/npex_data/benchmarks-bears/Bears-189-buggy/src/main/java/hu/oe/nik/szfmv/environment/XmlToModelConverter.java, Line: 123, Element: substring
[CALLSITE] Filepath: /media/4tb/npex/npex_data/benchmarks-bears/Bears-189-buggy/src/main/java/hu/oe/nik/szfmv/environment/XmlToModelConverter.java, Line: 93, Element: setImageFileName
[ENTRY] Filepath: /media/4tb/npex/npex_data/benchmarks-bears/Bears-189-buggy/src/main/java/hu/oe/nik/szfmv/environment/WorldObject.java, Line: 92, Element: setImageFileName
[CALLSITE] Filepath: /media/4tb/npex/npex_data/benchmarks-bears/Bears-189-buggy/src/main/java/hu/oe/nik/szfmv/environment/XmlToModelConverter.java, Line: 96, Element: generateDimens
[ENTRY] Filepath: /media/4tb/npex/npex_data/benchmarks-bears/Bears-189-buggy/src/main/java/hu/oe/nik/szfmv/environment/WorldObject.java, Line: 101, Element: generateDimens
[CALLSITE] Filepath: /media/4tb/npex/npex_data/benchmarks-bears/Bears-189-buggy/src/main/java/hu/oe/nik/szfmv/environment/WorldObject.java, Line: 103, Element: read
[ENTRY] Filepath: /media/4tb/npex/npex_data/benchmarks-bears/Bears-189-buggy/src/main/java/hu/oe/nik/szfmv/environment/WorldObject.java, Line: 80, Element: getImageFileName
[CALLSITE] Filepath: /media/4tb/npex/npex_data/benchmarks-bears/Bears-189-buggy/src/main/java/hu/oe/nik/szfmv/environment/WorldObject.java, Line: 107, Element: getWidth
[CALLSITE] Filepath: /media/4tb/npex/npex_data/benchmarks-bears/Bears-189-buggy/src/main/java/hu/oe/nik/szfmv/environment/WorldObject.java, Line: 108, Element: getHeight
[CALLSITE] Filepath: /media/4tb/npex/npex_data/benchmarks-bears/Bears-189-buggy/src/main/java/hu/oe/nik/szfmv/environment/XmlToModelConverter.java, Line: 99, Element: getPointsFromPositionElement
[ENTRY] Filepath: /media/4tb/npex/npex_data/benchmarks-bears/Bears-189-buggy/src/main/java/hu/oe/nik/szfmv/environment/XmlToModelConverter.java, Line: 154, Element: getPointsFromPositionElement
[CALLSITE] Filepath: /media/4tb/npex/npex_data/benchmarks-bears/Bears-189-buggy/src/main/java/hu/oe/nik/szfmv/environment/XmlToModelConverter.java, Line: 160, Element: getAttribute
[CALLSITE] Filepath: /media/4tb/npex/npex_data/benchmarks-bears/Bears-189-buggy/src/main/java/hu/oe/nik/szfmv/environment/XmlToModelConverter.java, Line: 160, Element: parseInt
[CALLSITE] Filepath: /media/4tb/npex/npex_data/benchmarks-bears/Bears-189-buggy/src/main/java/hu/oe/nik/szfmv/environment/XmlToModelConverter.java, Line: 161, Element: getAttribute
[CALLSITE] Filepath: /media/4tb/npex/npex_data/benchmarks-bears/Bears-189-buggy/src/main/java/hu/oe/nik/szfmv/environment/XmlToModelConverter.java, Line: 161, Element: parseInt
[CALLSITE] Filepath: /media/4tb/npex/npex_data/benchmarks-bears/Bears-189-buggy/src/main/java/hu/oe/nik/szfmv/environment/XmlToModelConverter.java, Line: 100, Element: setX
[ENTRY] Filepath: /media/4tb/npex/npex_data/benchmarks-bears/Bears-189-buggy/src/main/java/hu/oe/nik/szfmv/environment/WorldObject.java, Line: 48, Element: setX
[CALLSITE] Filepath: /media/4tb/npex/npex_data/benchmarks-bears/Bears-189-buggy/src/main/java/hu/oe/nik/szfmv/environment/XmlToModelConverter.java, Line: 101, Element: setY
[ENTRY] Filepath: /media/4tb/npex/npex_data/benchmarks-bears/Bears-189-buggy/src/main/java/hu/oe/nik/szfmv/environment/WorldObject.java, Line: 56, Element: setY
[CALLSITE] Filepath: /media/4tb/npex/npex_data/benchmarks-bears/Bears-189-buggy/src/main/java/hu/oe/nik/szfmv/environment/XmlToModelConverter.java, Line: 104, Element: getRotacionFromTransformElement
[CALLSITE] Filepath: /media/4tb/npex/npex_data/benchmarks-bears/Bears-189-buggy/src/main/java/hu/oe/nik/szfmv/environment/XmlToModelConverter.java, Line: 104, Element: setRotation
[ENTRY] Filepath: /media/4tb/npex/npex_data/benchmarks-bears/Bears-189-buggy/src/main/java/hu/oe/nik/szfmv/environment/XmlToModelConverter.java, Line: 173, Element: getRotacionFromTransformElement
[CALLSITE] Filepath: /media/4tb/npex/npex_data/benchmarks-bears/Bears-189-buggy/src/main/java/hu/oe/nik/szfmv/environment/XmlToModelConverter.java, Line: 182, Element: getAttribute
[CALLSITE] Filepath: /media/4tb/npex/npex_data/benchmarks-bears/Bears-189-buggy/src/main/java/hu/oe/nik/szfmv/environment/XmlToModelConverter.java, Line: 182, Element: parseDouble
[CALLSITE] Filepath: /media/4tb/npex/npex_data/benchmarks-bears/Bears-189-buggy/src/main/java/hu/oe/nik/szfmv/environment/XmlToModelConverter.java, Line: 183, Element: getAttribute
[CALLSITE] Filepath: /media/4tb/npex/npex_data/benchmarks-bears/Bears-189-buggy/src/main/java/hu/oe/nik/szfmv/environment/XmlToModelConverter.java, Line: 183, Element: parseDouble
[CALLSITE] Filepath: /media/4tb/npex/npex_data/benchmarks-bears/Bears-189-buggy/src/main/java/hu/oe/nik/szfmv/environment/XmlToModelConverter.java, Line: 184, Element: getAttribute
[CALLSITE] Filepath: /media/4tb/npex/npex_data/benchmarks-bears/Bears-189-buggy/src/main/java/hu/oe/nik/szfmv/environment/XmlToModelConverter.java, Line: 184, Element: parseDouble
[CALLSITE] Filepath: /media/4tb/npex/npex_data/benchmarks-bears/Bears-189-buggy/src/main/java/hu/oe/nik/szfmv/environment/XmlToModelConverter.java, Line: 185, Element: getAttribute
[CALLSITE] Filepath: /media/4tb/npex/npex_data/benchmarks-bears/Bears-189-buggy/src/main/java/hu/oe/nik/szfmv/environment/XmlToModelConverter.java, Line: 185, Element: parseDouble
[CALLSITE] Filepath: /media/4tb/npex/npex_data/benchmarks-bears/Bears-189-buggy/src/main/java/hu/oe/nik/szfmv/environment/XmlToModelConverter.java, Line: 187, Element: convertMatrixToRadians
[ENTRY] Filepath: /media/4tb/npex/npex_data/benchmarks-bears/Bears-189-buggy/src/main/java/hu/oe/nik/szfmv/common/Utils.java, Line: 40, Element: convertMatrixToRadians
[CALLSITE] Filepath: /media/4tb/npex/npex_data/benchmarks-bears/Bears-189-buggy/src/main/java/hu/oe/nik/szfmv/common/Utils.java, Line: 41, Element: atan2
[ENTRY] Filepath: /media/4tb/npex/npex_data/benchmarks-bears/Bears-189-buggy/src/main/java/hu/oe/nik/szfmv/environment/WorldObject.java, Line: 88, Element: setRotation
[CALLSITE] Filepath: /media/4tb/npex/npex_data/benchmarks-bears/Bears-189-buggy/src/main/java/hu/oe/nik/szfmv/environment/XmlToModelConverter.java, Line: 107, Element: generateShape
[ENTRY] Filepath: /media/4tb/npex/npex_data/benchmarks-bears/Bears-189-buggy/src/main/java/hu/oe/nik/szfmv/environment/models/RoadSign.java, Line: 35, Element: generateShape
[CALLSITE] Filepath: /media/4tb/npex/npex_data/benchmarks-bears/Bears-189-buggy/src/main/java/hu/oe/nik/szfmv/environment/models/RoadSign.java, Line: 39, Element: getRotation
[CALLSITE] Filepath: /media/4tb/npex/npex_data/benchmarks-bears/Bears-189-buggy/src/main/java/hu/oe/nik/szfmv/environment/models/RoadSign.java, Line: 39, Element: getX
[CALLSITE] Filepath: /media/4tb/npex/npex_data/benchmarks-bears/Bears-189-buggy/src/main/java/hu/oe/nik/szfmv/environment/models/RoadSign.java, Line: 39, Element: getY
[CALLSITE] Filepath: /media/4tb/npex/npex_data/benchmarks-bears/Bears-189-buggy/src/main/java/hu/oe/nik/szfmv/environment/models/RoadSign.java, Line: 39, Element: rotate
[ENTRY] Filepath: /media/4tb/npex/npex_data/benchmarks-bears/Bears-189-buggy/src/main/java/hu/oe/nik/szfmv/environment/WorldObject.java, Line: 76, Element: getRotation
[ENTRY] Filepath: /media/4tb/npex/npex_data/benchmarks-bears/Bears-189-buggy/src/main/java/hu/oe/nik/szfmv/environment/WorldObject.java, Line: 44, Element: getX
[ENTRY] Filepath: /media/4tb/npex/npex_data/benchmarks-bears/Bears-189-buggy/src/main/java/hu/oe/nik/szfmv/environment/WorldObject.java, Line: 52, Element: getY
[CALLSITE] Filepath: /media/4tb/npex/npex_data/benchmarks-bears/Bears-189-buggy/src/main/java/hu/oe/nik/szfmv/environment/models/RoadSign.java, Line: 40, Element: createTransformedShape
[ENTRY] Filepath: /media/4tb/npex/npex_data/benchmarks-bears/Bears-189-buggy/src/main/java/hu/oe/nik/szfmv/environment/WorldObject.java, Line: 44, Element: getX
[ENTRY] Filepath: /media/4tb/npex/npex_data/benchmarks-bears/Bears-189-buggy/src/main/java/hu/oe/nik/szfmv/environment/WorldObject.java, Line: 60, Element: getWidth
[ENTRY] Filepath: /media/4tb/npex/npex_data/benchmarks-bears/Bears-189-buggy/src/main/java/hu/oe/nik/szfmv/environment/WorldObject.java, Line: 52, Element: getY
[ENTRY] Filepath: /media/4tb/npex/npex_data/benchmarks-bears/Bears-189-buggy/src/main/java/hu/oe/nik/szfmv/environment/WorldObject.java, Line: 64, Element: getHeight
[CALLSITE] Filepath: /media/4tb/npex/npex_data/benchmarks-bears/Bears-189-buggy/src/main/java/hu/oe/nik/szfmv/environment/XmlToModelConverter.java, Line: 109, Element: toString
[CALLSITE] Filepath: /media/4tb/npex/npex_data/benchmarks-bears/Bears-189-buggy/src/main/java/hu/oe/nik/szfmv/environment/XmlToModelConverter.java, Line: 109, Element: debug
[ENTRY] Filepath: /media/4tb/npex/npex_data/benchmarks-bears/Bears-189-buggy/src/main/java/hu/oe/nik/szfmv/environment/WorldObject.java, Line: 135, Element: toString
[CALLSITE] Filepath: /media/4tb/npex/npex_data/benchmarks-bears/Bears-189-buggy/src/main/java/hu/oe/nik/szfmv/environment/XmlToModelConverter.java, Line: 50, Element: item
[CALLSITE] Filepath: /media/4tb/npex/npex_data/benchmarks-bears/Bears-189-buggy/src/main/java/hu/oe/nik/szfmv/environment/XmlToModelConverter.java, Line: 52, Element: readValueFromXml
[CALLSITE] Filepath: /media/4tb/npex/npex_data/benchmarks-bears/Bears-189-buggy/src/main/java/hu/oe/nik/szfmv/environment/XmlToModelConverter.java, Line: 52, Element: add
[ENTRY] Filepath: /media/4tb/npex/npex_data/benchmarks-bears/Bears-189-buggy/src/main/java/hu/oe/nik/szfmv/environment/XmlToModelConverter.java, Line: 67, Element: readValueFromXml
[CALLSITE] Filepath: /media/4tb/npex/npex_data/benchmarks-bears/Bears-189-buggy/src/main/java/hu/oe/nik/szfmv/environment/XmlToModelConverter.java, Line: 72, Element: getAttribute
[CALLSITE] Filepath: /media/4tb/npex/npex_data/benchmarks-bears/Bears-189-buggy/src/main/java/hu/oe/nik/szfmv/environment/XmlToModelConverter.java, Line: 75, Element: getChildNodes
[CALLSITE] Filepath: /media/4tb/npex/npex_data/benchmarks-bears/Bears-189-buggy/src/main/java/hu/oe/nik/szfmv/environment/XmlToModelConverter.java, Line: 76, Element: getLength
[CALLSITE] Filepath: /media/4tb/npex/npex_data/benchmarks-bears/Bears-189-buggy/src/main/java/hu/oe/nik/szfmv/environment/XmlToModelConverter.java, Line: 77, Element: item
[CALLSITE] Filepath: /media/4tb/npex/npex_data/benchmarks-bears/Bears-189-buggy/src/main/java/hu/oe/nik/szfmv/environment/XmlToModelConverter.java, Line: 77, Element: getNodeName
[CALLSITE] Filepath: /media/4tb/npex/npex_data/benchmarks-bears/Bears-189-buggy/src/main/java/hu/oe/nik/szfmv/environment/XmlToModelConverter.java, Line: 77, Element: item
[CALLSITE] Filepath: /media/4tb/npex/npex_data/benchmarks-bears/Bears-189-buggy/src/main/java/hu/oe/nik/szfmv/environment/XmlToModelConverter.java, Line: 77, Element: getNodeName
[CALLSITE] Filepath: /media/4tb/npex/npex_data/benchmarks-bears/Bears-189-buggy/src/main/java/hu/oe/nik/szfmv/environment/XmlToModelConverter.java, Line: 79, Element: item
[CALLSITE] Filepath: /media/4tb/npex/npex_data/benchmarks-bears/Bears-189-buggy/src/main/java/hu/oe/nik/szfmv/environment/XmlToModelConverter.java, Line: 77, Element: item
[CALLSITE] Filepath: /media/4tb/npex/npex_data/benchmarks-bears/Bears-189-buggy/src/main/java/hu/oe/nik/szfmv/environment/XmlToModelConverter.java, Line: 77, Element: getNodeName
[CALLSITE] Filepath: /media/4tb/npex/npex_data/benchmarks-bears/Bears-189-buggy/src/main/java/hu/oe/nik/szfmv/environment/XmlToModelConverter.java, Line: 77, Element: item
[CALLSITE] Filepath: /media/4tb/npex/npex_data/benchmarks-bears/Bears-189-buggy/src/main/java/hu/oe/nik/szfmv/environment/XmlToModelConverter.java, Line: 77, Element: getNodeName
[CALLSITE] Filepath: /media/4tb/npex/npex_data/benchmarks-bears/Bears-189-buggy/src/main/java/hu/oe/nik/szfmv/environment/XmlToModelConverter.java, Line: 82, Element: item
[CALLSITE] Filepath: /media/4tb/npex/npex_data/benchmarks-bears/Bears-189-buggy/src/main/java/hu/oe/nik/szfmv/environment/XmlToModelConverter.java, Line: 77, Element: item
[CALLSITE] Filepath: /media/4tb/npex/npex_data/benchmarks-bears/Bears-189-buggy/src/main/java/hu/oe/nik/szfmv/environment/XmlToModelConverter.java, Line: 77, Element: getNodeName
[CALLSITE] Filepath: /media/4tb/npex/npex_data/benchmarks-bears/Bears-189-buggy/src/main/java/hu/oe/nik/szfmv/environment/XmlToModelConverter.java, Line: 91, Element: createObjectFromType
[ENTRY] Filepath: /media/4tb/npex/npex_data/benchmarks-bears/Bears-189-buggy/src/main/java/hu/oe/nik/szfmv/environment/XmlToModelConverter.java, Line: 118, Element: createObjectFromType
[CALLSITE] Filepath: /media/4tb/npex/npex_data/benchmarks-bears/Bears-189-buggy/src/main/java/hu/oe/nik/szfmv/environment/XmlToModelConverter.java, Line: 122, Element: indexOf
[CALLSITE] Filepath: /media/4tb/npex/npex_data/benchmarks-bears/Bears-189-buggy/src/main/java/hu/oe/nik/szfmv/environment/XmlToModelConverter.java, Line: 123, Element: indexOf
[CALLSITE] Filepath: /media/4tb/npex/npex_data/benchmarks-bears/Bears-189-buggy/src/main/java/hu/oe/nik/szfmv/environment/XmlToModelConverter.java, Line: 123, Element: substring
[CALLSITE] Filepath: /media/4tb/npex/npex_data/benchmarks-bears/Bears-189-buggy/src/main/java/hu/oe/nik/szfmv/environment/XmlToModelConverter.java, Line: 93, Element: setImageFileName
[ENTRY] Filepath: /media/4tb/npex/npex_data/benchmarks-bears/Bears-189-buggy/src/main/java/hu/oe/nik/szfmv/environment/WorldObject.java, Line: 92, Element: setImageFileName
[CALLSITE] Filepath: /media/4tb/npex/npex_data/benchmarks-bears/Bears-189-buggy/src/main/java/hu/oe/nik/szfmv/environment/XmlToModelConverter.java, Line: 96, Element: generateDimens
[ENTRY] Filepath: /media/4tb/npex/npex_data/benchmarks-bears/Bears-189-buggy/src/main/java/hu/oe/nik/szfmv/environment/WorldObject.java, Line: 101, Element: generateDimens
[CALLSITE] Filepath: /media/4tb/npex/npex_data/benchmarks-bears/Bears-189-buggy/src/main/java/hu/oe/nik/szfmv/environment/WorldObject.java, Line: 103, Element: read
[ENTRY] Filepath: /media/4tb/npex/npex_data/benchmarks-bears/Bears-189-buggy/src/main/java/hu/oe/nik/szfmv/environment/WorldObject.java, Line: 80, Element: getImageFileName
[CALLSITE] Filepath: /media/4tb/npex/npex_data/benchmarks-bears/Bears-189-buggy/src/main/java/hu/oe/nik/szfmv/environment/WorldObject.java, Line: 107, Element: getWidth
[CALLSITE] Filepath: /media/4tb/npex/npex_data/benchmarks-bears/Bears-189-buggy/src/main/java/hu/oe/nik/szfmv/environment/WorldObject.java, Line: 108, Element: getHeight
[CALLSITE] Filepath: /media/4tb/npex/npex_data/benchmarks-bears/Bears-189-buggy/src/main/java/hu/oe/nik/szfmv/environment/XmlToModelConverter.java, Line: 99, Element: getPointsFromPositionElement
[ENTRY] Filepath: /media/4tb/npex/npex_data/benchmarks-bears/Bears-189-buggy/src/main/java/hu/oe/nik/szfmv/environment/XmlToModelConverter.java, Line: 154, Element: getPointsFromPositionElement
[CALLSITE] Filepath: /media/4tb/npex/npex_data/benchmarks-bears/Bears-189-buggy/src/main/java/hu/oe/nik/szfmv/environment/XmlToModelConverter.java, Line: 160, Element: getAttribute
[CALLSITE] Filepath: /media/4tb/npex/npex_data/benchmarks-bears/Bears-189-buggy/src/main/java/hu/oe/nik/szfmv/environment/XmlToModelConverter.java, Line: 160, Element: parseInt
[CALLSITE] Filepath: /media/4tb/npex/npex_data/benchmarks-bears/Bears-189-buggy/src/main/java/hu/oe/nik/szfmv/environment/XmlToModelConverter.java, Line: 161, Element: getAttribute
[CALLSITE] Filepath: /media/4tb/npex/npex_data/benchmarks-bears/Bears-189-buggy/src/main/java/hu/oe/nik/szfmv/environment/XmlToModelConverter.java, Line: 161, Element: parseInt
[CALLSITE] Filepath: /media/4tb/npex/npex_data/benchmarks-bears/Bears-189-buggy/src/main/java/hu/oe/nik/szfmv/environment/XmlToModelConverter.java, Line: 100, Element: setX
[ENTRY] Filepath: /media/4tb/npex/npex_data/benchmarks-bears/Bears-189-buggy/src/main/java/hu/oe/nik/szfmv/environment/WorldObject.java, Line: 48, Element: setX
[CALLSITE] Filepath: /media/4tb/npex/npex_data/benchmarks-bears/Bears-189-buggy/src/main/java/hu/oe/nik/szfmv/environment/XmlToModelConverter.java, Line: 101, Element: setY
[ENTRY] Filepath: /media/4tb/npex/npex_data/benchmarks-bears/Bears-189-buggy/src/main/java/hu/oe/nik/szfmv/environment/WorldObject.java, Line: 56, Element: setY
[CALLSITE] Filepath: /media/4tb/npex/npex_data/benchmarks-bears/Bears-189-buggy/src/main/java/hu/oe/nik/szfmv/environment/XmlToModelConverter.java, Line: 104, Element: getRotacionFromTransformElement
[CALLSITE] Filepath: /media/4tb/npex/npex_data/benchmarks-bears/Bears-189-buggy/src/main/java/hu/oe/nik/szfmv/environment/XmlToModelConverter.java, Line: 104, Element: setRotation
[ENTRY] Filepath: /media/4tb/npex/npex_data/benchmarks-bears/Bears-189-buggy/src/main/java/hu/oe/nik/szfmv/environment/XmlToModelConverter.java, Line: 173, Element: getRotacionFromTransformElement
[CALLSITE] Filepath: /media/4tb/npex/npex_data/benchmarks-bears/Bears-189-buggy/src/main/java/hu/oe/nik/szfmv/environment/XmlToModelConverter.java, Line: 182, Element: getAttribute
[CALLSITE] Filepath: /media/4tb/npex/npex_data/benchmarks-bears/Bears-189-buggy/src/main/java/hu/oe/nik/szfmv/environment/XmlToModelConverter.java, Line: 182, Element: parseDouble
[CALLSITE] Filepath: /media/4tb/npex/npex_data/benchmarks-bears/Bears-189-buggy/src/main/java/hu/oe/nik/szfmv/environment/XmlToModelConverter.java, Line: 183, Element: getAttribute
[CALLSITE] Filepath: /media/4tb/npex/npex_data/benchmarks-bears/Bears-189-buggy/src/main/java/hu/oe/nik/szfmv/environment/XmlToModelConverter.java, Line: 183, Element: parseDouble
[CALLSITE] Filepath: /media/4tb/npex/npex_data/benchmarks-bears/Bears-189-buggy/src/main/java/hu/oe/nik/szfmv/environment/XmlToModelConverter.java, Line: 184, Element: getAttribute
[CALLSITE] Filepath: /media/4tb/npex/npex_data/benchmarks-bears/Bears-189-buggy/src/main/java/hu/oe/nik/szfmv/environment/XmlToModelConverter.java, Line: 184, Element: parseDouble
[CALLSITE] Filepath: /media/4tb/npex/npex_data/benchmarks-bears/Bears-189-buggy/src/main/java/hu/oe/nik/szfmv/environment/XmlToModelConverter.java, Line: 185, Element: getAttribute
[CALLSITE] Filepath: /media/4tb/npex/npex_data/benchmarks-bears/Bears-189-buggy/src/main/java/hu/oe/nik/szfmv/environment/XmlToModelConverter.java, Line: 185, Element: parseDouble
[CALLSITE] Filepath: /media/4tb/npex/npex_data/benchmarks-bears/Bears-189-buggy/src/main/java/hu/oe/nik/szfmv/environment/XmlToModelConverter.java, Line: 187, Element: convertMatrixToRadians
[ENTRY] Filepath: /media/4tb/npex/npex_data/benchmarks-bears/Bears-189-buggy/src/main/java/hu/oe/nik/szfmv/common/Utils.java, Line: 40, Element: convertMatrixToRadians
[CALLSITE] Filepath: /media/4tb/npex/npex_data/benchmarks-bears/Bears-189-buggy/src/main/java/hu/oe/nik/szfmv/common/Utils.java, Line: 41, Element: atan2
[ENTRY] Filepath: /media/4tb/npex/npex_data/benchmarks-bears/Bears-189-buggy/src/main/java/hu/oe/nik/szfmv/environment/WorldObject.java, Line: 88, Element: setRotation
[CALLSITE] Filepath: /media/4tb/npex/npex_data/benchmarks-bears/Bears-189-buggy/src/main/java/hu/oe/nik/szfmv/environment/XmlToModelConverter.java, Line: 107, Element: generateShape
[ENTRY] Filepath: /media/4tb/npex/npex_data/benchmarks-bears/Bears-189-buggy/src/main/java/hu/oe/nik/szfmv/environment/models/RoadSign.java, Line: 35, Element: generateShape
[CALLSITE] Filepath: /media/4tb/npex/npex_data/benchmarks-bears/Bears-189-buggy/src/main/java/hu/oe/nik/szfmv/environment/models/RoadSign.java, Line: 39, Element: getRotation
[CALLSITE] Filepath: /media/4tb/npex/npex_data/benchmarks-bears/Bears-189-buggy/src/main/java/hu/oe/nik/szfmv/environment/models/RoadSign.java, Line: 39, Element: getX
[CALLSITE] Filepath: /media/4tb/npex/npex_data/benchmarks-bears/Bears-189-buggy/src/main/java/hu/oe/nik/szfmv/environment/models/RoadSign.java, Line: 39, Element: getY
[CALLSITE] Filepath: /media/4tb/npex/npex_data/benchmarks-bears/Bears-189-buggy/src/main/java/hu/oe/nik/szfmv/environment/models/RoadSign.java, Line: 39, Element: rotate
[ENTRY] Filepath: /media/4tb/npex/npex_data/benchmarks-bears/Bears-189-buggy/src/main/java/hu/oe/nik/szfmv/environment/WorldObject.java, Line: 76, Element: getRotation
[ENTRY] Filepath: /media/4tb/npex/npex_data/benchmarks-bears/Bears-189-buggy/src/main/java/hu/oe/nik/szfmv/environment/WorldObject.java, Line: 44, Element: getX
[ENTRY] Filepath: /media/4tb/npex/npex_data/benchmarks-bears/Bears-189-buggy/src/main/java/hu/oe/nik/szfmv/environment/WorldObject.java, Line: 52, Element: getY
[CALLSITE] Filepath: /media/4tb/npex/npex_data/benchmarks-bears/Bears-189-buggy/src/main/java/hu/oe/nik/szfmv/environment/models/RoadSign.java, Line: 40, Element: createTransformedShape
[ENTRY] Filepath: /media/4tb/npex/npex_data/benchmarks-bears/Bears-189-buggy/src/main/java/hu/oe/nik/szfmv/environment/WorldObject.java, Line: 44, Element: getX
[ENTRY] Filepath: /media/4tb/npex/npex_data/benchmarks-bears/Bears-189-buggy/src/main/java/hu/oe/nik/szfmv/environment/WorldObject.java, Line: 60, Element: getWidth
[ENTRY] Filepath: /media/4tb/npex/npex_data/benchmarks-bears/Bears-189-buggy/src/main/java/hu/oe/nik/szfmv/environment/WorldObject.java, Line: 52, Element: getY
[ENTRY] Filepath: /media/4tb/npex/npex_data/benchmarks-bears/Bears-189-buggy/src/main/java/hu/oe/nik/szfmv/environment/WorldObject.java, Line: 64, Element: getHeight
[CALLSITE] Filepath: /media/4tb/npex/npex_data/benchmarks-bears/Bears-189-buggy/src/main/java/hu/oe/nik/szfmv/environment/XmlToModelConverter.java, Line: 109, Element: toString
[CALLSITE] Filepath: /media/4tb/npex/npex_data/benchmarks-bears/Bears-189-buggy/src/main/java/hu/oe/nik/szfmv/environment/XmlToModelConverter.java, Line: 109, Element: debug
[ENTRY] Filepath: /media/4tb/npex/npex_data/benchmarks-bears/Bears-189-buggy/src/main/java/hu/oe/nik/szfmv/environment/WorldObject.java, Line: 135, Element: toString
[CALLSITE] Filepath: /media/4tb/npex/npex_data/benchmarks-bears/Bears-189-buggy/src/main/java/hu/oe/nik/szfmv/environment/XmlToModelConverter.java, Line: 50, Element: item
[CALLSITE] Filepath: /media/4tb/npex/npex_data/benchmarks-bears/Bears-189-buggy/src/main/java/hu/oe/nik/szfmv/environment/XmlToModelConverter.java, Line: 52, Element: readValueFromXml
[CALLSITE] Filepath: /media/4tb/npex/npex_data/benchmarks-bears/Bears-189-buggy/src/main/java/hu/oe/nik/szfmv/environment/XmlToModelConverter.java, Line: 52, Element: add
[ENTRY] Filepath: /media/4tb/npex/npex_data/benchmarks-bears/Bears-189-buggy/src/main/java/hu/oe/nik/szfmv/environment/XmlToModelConverter.java, Line: 67, Element: readValueFromXml
[CALLSITE] Filepath: /media/4tb/npex/npex_data/benchmarks-bears/Bears-189-buggy/src/main/java/hu/oe/nik/szfmv/environment/XmlToModelConverter.java, Line: 72, Element: getAttribute
[CALLSITE] Filepath: /media/4tb/npex/npex_data/benchmarks-bears/Bears-189-buggy/src/main/java/hu/oe/nik/szfmv/environment/XmlToModelConverter.java, Line: 75, Element: getChildNodes
[CALLSITE] Filepath: /media/4tb/npex/npex_data/benchmarks-bears/Bears-189-buggy/src/main/java/hu/oe/nik/szfmv/environment/XmlToModelConverter.java, Line: 76, Element: getLength
[CALLSITE] Filepath: /media/4tb/npex/npex_data/benchmarks-bears/Bears-189-buggy/src/main/java/hu/oe/nik/szfmv/environment/XmlToModelConverter.java, Line: 77, Element: item
[CALLSITE] Filepath: /media/4tb/npex/npex_data/benchmarks-bears/Bears-189-buggy/src/main/java/hu/oe/nik/szfmv/environment/XmlToModelConverter.java, Line: 77, Element: getNodeName
[CALLSITE] Filepath: /media/4tb/npex/npex_data/benchmarks-bears/Bears-189-buggy/src/main/java/hu/oe/nik/szfmv/environment/XmlToModelConverter.java, Line: 77, Element: item
[CALLSITE] Filepath: /media/4tb/npex/npex_data/benchmarks-bears/Bears-189-buggy/src/main/java/hu/oe/nik/szfmv/environment/XmlToModelConverter.java, Line: 77, Element: getNodeName
[CALLSITE] Filepath: /media/4tb/npex/npex_data/benchmarks-bears/Bears-189-buggy/src/main/java/hu/oe/nik/szfmv/environment/XmlToModelConverter.java, Line: 79, Element: item
[CALLSITE] Filepath: /media/4tb/npex/npex_data/benchmarks-bears/Bears-189-buggy/src/main/java/hu/oe/nik/szfmv/environment/XmlToModelConverter.java, Line: 77, Element: item
[CALLSITE] Filepath: /media/4tb/npex/npex_data/benchmarks-bears/Bears-189-buggy/src/main/java/hu/oe/nik/szfmv/environment/XmlToModelConverter.java, Line: 77, Element: getNodeName
[CALLSITE] Filepath: /media/4tb/npex/npex_data/benchmarks-bears/Bears-189-buggy/src/main/java/hu/oe/nik/szfmv/environment/XmlToModelConverter.java, Line: 77, Element: item
[CALLSITE] Filepath: /media/4tb/npex/npex_data/benchmarks-bears/Bears-189-buggy/src/main/java/hu/oe/nik/szfmv/environment/XmlToModelConverter.java, Line: 77, Element: getNodeName
[CALLSITE] Filepath: /media/4tb/npex/npex_data/benchmarks-bears/Bears-189-buggy/src/main/java/hu/oe/nik/szfmv/environment/XmlToModelConverter.java, Line: 82, Element: item
[CALLSITE] Filepath: /media/4tb/npex/npex_data/benchmarks-bears/Bears-189-buggy/src/main/java/hu/oe/nik/szfmv/environment/XmlToModelConverter.java, Line: 77, Element: item
[CALLSITE] Filepath: /media/4tb/npex/npex_data/benchmarks-bears/Bears-189-buggy/src/main/java/hu/oe/nik/szfmv/environment/XmlToModelConverter.java, Line: 77, Element: getNodeName
[CALLSITE] Filepath: /media/4tb/npex/npex_data/benchmarks-bears/Bears-189-buggy/src/main/java/hu/oe/nik/szfmv/environment/XmlToModelConverter.java, Line: 91, Element: createObjectFromType
[ENTRY] Filepath: /media/4tb/npex/npex_data/benchmarks-bears/Bears-189-buggy/src/main/java/hu/oe/nik/szfmv/environment/XmlToModelConverter.java, Line: 118, Element: createObjectFromType
[CALLSITE] Filepath: /media/4tb/npex/npex_data/benchmarks-bears/Bears-189-buggy/src/main/java/hu/oe/nik/szfmv/environment/XmlToModelConverter.java, Line: 122, Element: indexOf
[CALLSITE] Filepath: /media/4tb/npex/npex_data/benchmarks-bears/Bears-189-buggy/src/main/java/hu/oe/nik/szfmv/environment/XmlToModelConverter.java, Line: 123, Element: indexOf
[CALLSITE] Filepath: /media/4tb/npex/npex_data/benchmarks-bears/Bears-189-buggy/src/main/java/hu/oe/nik/szfmv/environment/XmlToModelConverter.java, Line: 123, Element: substring
[CALLSITE] Filepath: /media/4tb/npex/npex_data/benchmarks-bears/Bears-189-buggy/src/main/java/hu/oe/nik/szfmv/environment/XmlToModelConverter.java, Line: 93, Element: setImageFileName
[ENTRY] Filepath: /media/4tb/npex/npex_data/benchmarks-bears/Bears-189-buggy/src/main/java/hu/oe/nik/szfmv/environment/WorldObject.java, Line: 92, Element: setImageFileName
[CALLSITE] Filepath: /media/4tb/npex/npex_data/benchmarks-bears/Bears-189-buggy/src/main/java/hu/oe/nik/szfmv/environment/XmlToModelConverter.java, Line: 96, Element: generateDimens
[ENTRY] Filepath: /media/4tb/npex/npex_data/benchmarks-bears/Bears-189-buggy/src/main/java/hu/oe/nik/szfmv/environment/WorldObject.java, Line: 101, Element: generateDimens
[CALLSITE] Filepath: /media/4tb/npex/npex_data/benchmarks-bears/Bears-189-buggy/src/main/java/hu/oe/nik/szfmv/environment/WorldObject.java, Line: 103, Element: read
[ENTRY] Filepath: /media/4tb/npex/npex_data/benchmarks-bears/Bears-189-buggy/src/main/java/hu/oe/nik/szfmv/environment/WorldObject.java, Line: 80, Element: getImageFileName
[CALLSITE] Filepath: /media/4tb/npex/npex_data/benchmarks-bears/Bears-189-buggy/src/main/java/hu/oe/nik/szfmv/environment/WorldObject.java, Line: 107, Element: getWidth
[CALLSITE] Filepath: /media/4tb/npex/npex_data/benchmarks-bears/Bears-189-buggy/src/main/java/hu/oe/nik/szfmv/environment/WorldObject.java, Line: 108, Element: getHeight
[CALLSITE] Filepath: /media/4tb/npex/npex_data/benchmarks-bears/Bears-189-buggy/src/main/java/hu/oe/nik/szfmv/environment/XmlToModelConverter.java, Line: 99, Element: getPointsFromPositionElement
[ENTRY] Filepath: /media/4tb/npex/npex_data/benchmarks-bears/Bears-189-buggy/src/main/java/hu/oe/nik/szfmv/environment/XmlToModelConverter.java, Line: 154, Element: getPointsFromPositionElement
[CALLSITE] Filepath: /media/4tb/npex/npex_data/benchmarks-bears/Bears-189-buggy/src/main/java/hu/oe/nik/szfmv/environment/XmlToModelConverter.java, Line: 160, Element: getAttribute
[CALLSITE] Filepath: /media/4tb/npex/npex_data/benchmarks-bears/Bears-189-buggy/src/main/java/hu/oe/nik/szfmv/environment/XmlToModelConverter.java, Line: 160, Element: parseInt
[CALLSITE] Filepath: /media/4tb/npex/npex_data/benchmarks-bears/Bears-189-buggy/src/main/java/hu/oe/nik/szfmv/environment/XmlToModelConverter.java, Line: 161, Element: getAttribute
[CALLSITE] Filepath: /media/4tb/npex/npex_data/benchmarks-bears/Bears-189-buggy/src/main/java/hu/oe/nik/szfmv/environment/XmlToModelConverter.java, Line: 161, Element: parseInt
[CALLSITE] Filepath: /media/4tb/npex/npex_data/benchmarks-bears/Bears-189-buggy/src/main/java/hu/oe/nik/szfmv/environment/XmlToModelConverter.java, Line: 100, Element: setX
[ENTRY] Filepath: /media/4tb/npex/npex_data/benchmarks-bears/Bears-189-buggy/src/main/java/hu/oe/nik/szfmv/environment/WorldObject.java, Line: 48, Element: setX
[CALLSITE] Filepath: /media/4tb/npex/npex_data/benchmarks-bears/Bears-189-buggy/src/main/java/hu/oe/nik/szfmv/environment/XmlToModelConverter.java, Line: 101, Element: setY
[ENTRY] Filepath: /media/4tb/npex/npex_data/benchmarks-bears/Bears-189-buggy/src/main/java/hu/oe/nik/szfmv/environment/WorldObject.java, Line: 56, Element: setY
[CALLSITE] Filepath: /media/4tb/npex/npex_data/benchmarks-bears/Bears-189-buggy/src/main/java/hu/oe/nik/szfmv/environment/XmlToModelConverter.java, Line: 104, Element: getRotacionFromTransformElement
[CALLSITE] Filepath: /media/4tb/npex/npex_data/benchmarks-bears/Bears-189-buggy/src/main/java/hu/oe/nik/szfmv/environment/XmlToModelConverter.java, Line: 104, Element: setRotation
[ENTRY] Filepath: /media/4tb/npex/npex_data/benchmarks-bears/Bears-189-buggy/src/main/java/hu/oe/nik/szfmv/environment/XmlToModelConverter.java, Line: 173, Element: getRotacionFromTransformElement
[CALLSITE] Filepath: /media/4tb/npex/npex_data/benchmarks-bears/Bears-189-buggy/src/main/java/hu/oe/nik/szfmv/environment/XmlToModelConverter.java, Line: 182, Element: getAttribute
[CALLSITE] Filepath: /media/4tb/npex/npex_data/benchmarks-bears/Bears-189-buggy/src/main/java/hu/oe/nik/szfmv/environment/XmlToModelConverter.java, Line: 182, Element: parseDouble
[CALLSITE] Filepath: /media/4tb/npex/npex_data/benchmarks-bears/Bears-189-buggy/src/main/java/hu/oe/nik/szfmv/environment/XmlToModelConverter.java, Line: 183, Element: getAttribute
[CALLSITE] Filepath: /media/4tb/npex/npex_data/benchmarks-bears/Bears-189-buggy/src/main/java/hu/oe/nik/szfmv/environment/XmlToModelConverter.java, Line: 183, Element: parseDouble
[CALLSITE] Filepath: /media/4tb/npex/npex_data/benchmarks-bears/Bears-189-buggy/src/main/java/hu/oe/nik/szfmv/environment/XmlToModelConverter.java, Line: 184, Element: getAttribute
[CALLSITE] Filepath: /media/4tb/npex/npex_data/benchmarks-bears/Bears-189-buggy/src/main/java/hu/oe/nik/szfmv/environment/XmlToModelConverter.java, Line: 184, Element: parseDouble
[CALLSITE] Filepath: /media/4tb/npex/npex_data/benchmarks-bears/Bears-189-buggy/src/main/java/hu/oe/nik/szfmv/environment/XmlToModelConverter.java, Line: 185, Element: getAttribute
[CALLSITE] Filepath: /media/4tb/npex/npex_data/benchmarks-bears/Bears-189-buggy/src/main/java/hu/oe/nik/szfmv/environment/XmlToModelConverter.java, Line: 185, Element: parseDouble
[CALLSITE] Filepath: /media/4tb/npex/npex_data/benchmarks-bears/Bears-189-buggy/src/main/java/hu/oe/nik/szfmv/environment/XmlToModelConverter.java, Line: 187, Element: convertMatrixToRadians
[ENTRY] Filepath: /media/4tb/npex/npex_data/benchmarks-bears/Bears-189-buggy/src/main/java/hu/oe/nik/szfmv/common/Utils.java, Line: 40, Element: convertMatrixToRadians
[CALLSITE] Filepath: /media/4tb/npex/npex_data/benchmarks-bears/Bears-189-buggy/src/main/java/hu/oe/nik/szfmv/common/Utils.java, Line: 41, Element: atan2
[ENTRY] Filepath: /media/4tb/npex/npex_data/benchmarks-bears/Bears-189-buggy/src/main/java/hu/oe/nik/szfmv/environment/WorldObject.java, Line: 88, Element: setRotation
[CALLSITE] Filepath: /media/4tb/npex/npex_data/benchmarks-bears/Bears-189-buggy/src/main/java/hu/oe/nik/szfmv/environment/XmlToModelConverter.java, Line: 107, Element: generateShape
[ENTRY] Filepath: /media/4tb/npex/npex_data/benchmarks-bears/Bears-189-buggy/src/main/java/hu/oe/nik/szfmv/environment/models/RoadSign.java, Line: 35, Element: generateShape
[CALLSITE] Filepath: /media/4tb/npex/npex_data/benchmarks-bears/Bears-189-buggy/src/main/java/hu/oe/nik/szfmv/environment/models/RoadSign.java, Line: 39, Element: getRotation
[CALLSITE] Filepath: /media/4tb/npex/npex_data/benchmarks-bears/Bears-189-buggy/src/main/java/hu/oe/nik/szfmv/environment/models/RoadSign.java, Line: 39, Element: getX
[CALLSITE] Filepath: /media/4tb/npex/npex_data/benchmarks-bears/Bears-189-buggy/src/main/java/hu/oe/nik/szfmv/environment/models/RoadSign.java, Line: 39, Element: getY
[CALLSITE] Filepath: /media/4tb/npex/npex_data/benchmarks-bears/Bears-189-buggy/src/main/java/hu/oe/nik/szfmv/environment/models/RoadSign.java, Line: 39, Element: rotate
[ENTRY] Filepath: /media/4tb/npex/npex_data/benchmarks-bears/Bears-189-buggy/src/main/java/hu/oe/nik/szfmv/environment/WorldObject.java, Line: 76, Element: getRotation
[ENTRY] Filepath: /media/4tb/npex/npex_data/benchmarks-bears/Bears-189-buggy/src/main/java/hu/oe/nik/szfmv/environment/WorldObject.java, Line: 44, Element: getX
[ENTRY] Filepath: /media/4tb/npex/npex_data/benchmarks-bears/Bears-189-buggy/src/main/java/hu/oe/nik/szfmv/environment/WorldObject.java, Line: 52, Element: getY
[CALLSITE] Filepath: /media/4tb/npex/npex_data/benchmarks-bears/Bears-189-buggy/src/main/java/hu/oe/nik/szfmv/environment/models/RoadSign.java, Line: 40, Element: createTransformedShape
[ENTRY] Filepath: /media/4tb/npex/npex_data/benchmarks-bears/Bears-189-buggy/src/main/java/hu/oe/nik/szfmv/environment/WorldObject.java, Line: 44, Element: getX
[ENTRY] Filepath: /media/4tb/npex/npex_data/benchmarks-bears/Bears-189-buggy/src/main/java/hu/oe/nik/szfmv/environment/WorldObject.java, Line: 60, Element: getWidth
[ENTRY] Filepath: /media/4tb/npex/npex_data/benchmarks-bears/Bears-189-buggy/src/main/java/hu/oe/nik/szfmv/environment/WorldObject.java, Line: 52, Element: getY
[ENTRY] Filepath: /media/4tb/npex/npex_data/benchmarks-bears/Bears-189-buggy/src/main/java/hu/oe/nik/szfmv/environment/WorldObject.java, Line: 64, Element: getHeight
[CALLSITE] Filepath: /media/4tb/npex/npex_data/benchmarks-bears/Bears-189-buggy/src/main/java/hu/oe/nik/szfmv/environment/XmlToModelConverter.java, Line: 109, Element: toString
[CALLSITE] Filepath: /media/4tb/npex/npex_data/benchmarks-bears/Bears-189-buggy/src/main/java/hu/oe/nik/szfmv/environment/XmlToModelConverter.java, Line: 109, Element: debug
[ENTRY] Filepath: /media/4tb/npex/npex_data/benchmarks-bears/Bears-189-buggy/src/main/java/hu/oe/nik/szfmv/environment/WorldObject.java, Line: 135, Element: toString
[CALLSITE] Filepath: /media/4tb/npex/npex_data/benchmarks-bears/Bears-189-buggy/src/main/java/hu/oe/nik/szfmv/environment/XmlToModelConverter.java, Line: 50, Element: item
[CALLSITE] Filepath: /media/4tb/npex/npex_data/benchmarks-bears/Bears-189-buggy/src/main/java/hu/oe/nik/szfmv/environment/XmlToModelConverter.java, Line: 52, Element: readValueFromXml
[CALLSITE] Filepath: /media/4tb/npex/npex_data/benchmarks-bears/Bears-189-buggy/src/main/java/hu/oe/nik/szfmv/environment/XmlToModelConverter.java, Line: 52, Element: add
[ENTRY] Filepath: /media/4tb/npex/npex_data/benchmarks-bears/Bears-189-buggy/src/main/java/hu/oe/nik/szfmv/environment/XmlToModelConverter.java, Line: 67, Element: readValueFromXml
[CALLSITE] Filepath: /media/4tb/npex/npex_data/benchmarks-bears/Bears-189-buggy/src/main/java/hu/oe/nik/szfmv/environment/XmlToModelConverter.java, Line: 72, Element: getAttribute
[CALLSITE] Filepath: /media/4tb/npex/npex_data/benchmarks-bears/Bears-189-buggy/src/main/java/hu/oe/nik/szfmv/environment/XmlToModelConverter.java, Line: 75, Element: getChildNodes
[CALLSITE] Filepath: /media/4tb/npex/npex_data/benchmarks-bears/Bears-189-buggy/src/main/java/hu/oe/nik/szfmv/environment/XmlToModelConverter.java, Line: 76, Element: getLength
[CALLSITE] Filepath: /media/4tb/npex/npex_data/benchmarks-bears/Bears-189-buggy/src/main/java/hu/oe/nik/szfmv/environment/XmlToModelConverter.java, Line: 77, Element: item
[CALLSITE] Filepath: /media/4tb/npex/npex_data/benchmarks-bears/Bears-189-buggy/src/main/java/hu/oe/nik/szfmv/environment/XmlToModelConverter.java, Line: 77, Element: getNodeName
[CALLSITE] Filepath: /media/4tb/npex/npex_data/benchmarks-bears/Bears-189-buggy/src/main/java/hu/oe/nik/szfmv/environment/XmlToModelConverter.java, Line: 77, Element: item
[CALLSITE] Filepath: /media/4tb/npex/npex_data/benchmarks-bears/Bears-189-buggy/src/main/java/hu/oe/nik/szfmv/environment/XmlToModelConverter.java, Line: 77, Element: getNodeName
[CALLSITE] Filepath: /media/4tb/npex/npex_data/benchmarks-bears/Bears-189-buggy/src/main/java/hu/oe/nik/szfmv/environment/XmlToModelConverter.java, Line: 79, Element: item
[CALLSITE] Filepath: /media/4tb/npex/npex_data/benchmarks-bears/Bears-189-buggy/src/main/java/hu/oe/nik/szfmv/environment/XmlToModelConverter.java, Line: 77, Element: item
[CALLSITE] Filepath: /media/4tb/npex/npex_data/benchmarks-bears/Bears-189-buggy/src/main/java/hu/oe/nik/szfmv/environment/XmlToModelConverter.java, Line: 77, Element: getNodeName
[CALLSITE] Filepath: /media/4tb/npex/npex_data/benchmarks-bears/Bears-189-buggy/src/main/java/hu/oe/nik/szfmv/environment/XmlToModelConverter.java, Line: 77, Element: item
[CALLSITE] Filepath: /media/4tb/npex/npex_data/benchmarks-bears/Bears-189-buggy/src/main/java/hu/oe/nik/szfmv/environment/XmlToModelConverter.java, Line: 77, Element: getNodeName
[CALLSITE] Filepath: /media/4tb/npex/npex_data/benchmarks-bears/Bears-189-buggy/src/main/java/hu/oe/nik/szfmv/environment/XmlToModelConverter.java, Line: 82, Element: item
[CALLSITE] Filepath: /media/4tb/npex/npex_data/benchmarks-bears/Bears-189-buggy/src/main/java/hu/oe/nik/szfmv/environment/XmlToModelConverter.java, Line: 77, Element: item
[CALLSITE] Filepath: /media/4tb/npex/npex_data/benchmarks-bears/Bears-189-buggy/src/main/java/hu/oe/nik/szfmv/environment/XmlToModelConverter.java, Line: 77, Element: getNodeName
[CALLSITE] Filepath: /media/4tb/npex/npex_data/benchmarks-bears/Bears-189-buggy/src/main/java/hu/oe/nik/szfmv/environment/XmlToModelConverter.java, Line: 91, Element: createObjectFromType
[ENTRY] Filepath: /media/4tb/npex/npex_data/benchmarks-bears/Bears-189-buggy/src/main/java/hu/oe/nik/szfmv/environment/XmlToModelConverter.java, Line: 118, Element: createObjectFromType
[CALLSITE] Filepath: /media/4tb/npex/npex_data/benchmarks-bears/Bears-189-buggy/src/main/java/hu/oe/nik/szfmv/environment/XmlToModelConverter.java, Line: 122, Element: indexOf
[CALLSITE] Filepath: /media/4tb/npex/npex_data/benchmarks-bears/Bears-189-buggy/src/main/java/hu/oe/nik/szfmv/environment/XmlToModelConverter.java, Line: 123, Element: indexOf
[CALLSITE] Filepath: /media/4tb/npex/npex_data/benchmarks-bears/Bears-189-buggy/src/main/java/hu/oe/nik/szfmv/environment/XmlToModelConverter.java, Line: 123, Element: substring
[CALLSITE] Filepath: /media/4tb/npex/npex_data/benchmarks-bears/Bears-189-buggy/src/main/java/hu/oe/nik/szfmv/environment/XmlToModelConverter.java, Line: 93, Element: setImageFileName
[ENTRY] Filepath: /media/4tb/npex/npex_data/benchmarks-bears/Bears-189-buggy/src/main/java/hu/oe/nik/szfmv/environment/WorldObject.java, Line: 92, Element: setImageFileName
[CALLSITE] Filepath: /media/4tb/npex/npex_data/benchmarks-bears/Bears-189-buggy/src/main/java/hu/oe/nik/szfmv/environment/XmlToModelConverter.java, Line: 96, Element: generateDimens
[ENTRY] Filepath: /media/4tb/npex/npex_data/benchmarks-bears/Bears-189-buggy/src/main/java/hu/oe/nik/szfmv/environment/WorldObject.java, Line: 101, Element: generateDimens
[CALLSITE] Filepath: /media/4tb/npex/npex_data/benchmarks-bears/Bears-189-buggy/src/main/java/hu/oe/nik/szfmv/environment/WorldObject.java, Line: 103, Element: read
[ENTRY] Filepath: /media/4tb/npex/npex_data/benchmarks-bears/Bears-189-buggy/src/main/java/hu/oe/nik/szfmv/environment/WorldObject.java, Line: 80, Element: getImageFileName
[CALLSITE] Filepath: /media/4tb/npex/npex_data/benchmarks-bears/Bears-189-buggy/src/main/java/hu/oe/nik/szfmv/environment/WorldObject.java, Line: 107, Element: getWidth
[CALLSITE] Filepath: /media/4tb/npex/npex_data/benchmarks-bears/Bears-189-buggy/src/main/java/hu/oe/nik/szfmv/environment/WorldObject.java, Line: 108, Element: getHeight
[CALLSITE] Filepath: /media/4tb/npex/npex_data/benchmarks-bears/Bears-189-buggy/src/main/java/hu/oe/nik/szfmv/environment/XmlToModelConverter.java, Line: 99, Element: getPointsFromPositionElement
[ENTRY] Filepath: /media/4tb/npex/npex_data/benchmarks-bears/Bears-189-buggy/src/main/java/hu/oe/nik/szfmv/environment/XmlToModelConverter.java, Line: 154, Element: getPointsFromPositionElement
[CALLSITE] Filepath: /media/4tb/npex/npex_data/benchmarks-bears/Bears-189-buggy/src/main/java/hu/oe/nik/szfmv/environment/XmlToModelConverter.java, Line: 160, Element: getAttribute
[CALLSITE] Filepath: /media/4tb/npex/npex_data/benchmarks-bears/Bears-189-buggy/src/main/java/hu/oe/nik/szfmv/environment/XmlToModelConverter.java, Line: 160, Element: parseInt
[CALLSITE] Filepath: /media/4tb/npex/npex_data/benchmarks-bears/Bears-189-buggy/src/main/java/hu/oe/nik/szfmv/environment/XmlToModelConverter.java, Line: 161, Element: getAttribute
[CALLSITE] Filepath: /media/4tb/npex/npex_data/benchmarks-bears/Bears-189-buggy/src/main/java/hu/oe/nik/szfmv/environment/XmlToModelConverter.java, Line: 161, Element: parseInt
[CALLSITE] Filepath: /media/4tb/npex/npex_data/benchmarks-bears/Bears-189-buggy/src/main/java/hu/oe/nik/szfmv/environment/XmlToModelConverter.java, Line: 100, Element: setX
[ENTRY] Filepath: /media/4tb/npex/npex_data/benchmarks-bears/Bears-189-buggy/src/main/java/hu/oe/nik/szfmv/environment/WorldObject.java, Line: 48, Element: setX
[CALLSITE] Filepath: /media/4tb/npex/npex_data/benchmarks-bears/Bears-189-buggy/src/main/java/hu/oe/nik/szfmv/environment/XmlToModelConverter.java, Line: 101, Element: setY
[ENTRY] Filepath: /media/4tb/npex/npex_data/benchmarks-bears/Bears-189-buggy/src/main/java/hu/oe/nik/szfmv/environment/WorldObject.java, Line: 56, Element: setY
[CALLSITE] Filepath: /media/4tb/npex/npex_data/benchmarks-bears/Bears-189-buggy/src/main/java/hu/oe/nik/szfmv/environment/XmlToModelConverter.java, Line: 104, Element: getRotacionFromTransformElement
[CALLSITE] Filepath: /media/4tb/npex/npex_data/benchmarks-bears/Bears-189-buggy/src/main/java/hu/oe/nik/szfmv/environment/XmlToModelConverter.java, Line: 104, Element: setRotation
[ENTRY] Filepath: /media/4tb/npex/npex_data/benchmarks-bears/Bears-189-buggy/src/main/java/hu/oe/nik/szfmv/environment/XmlToModelConverter.java, Line: 173, Element: getRotacionFromTransformElement
[CALLSITE] Filepath: /media/4tb/npex/npex_data/benchmarks-bears/Bears-189-buggy/src/main/java/hu/oe/nik/szfmv/environment/XmlToModelConverter.java, Line: 182, Element: getAttribute
[CALLSITE] Filepath: /media/4tb/npex/npex_data/benchmarks-bears/Bears-189-buggy/src/main/java/hu/oe/nik/szfmv/environment/XmlToModelConverter.java, Line: 182, Element: parseDouble
[CALLSITE] Filepath: /media/4tb/npex/npex_data/benchmarks-bears/Bears-189-buggy/src/main/java/hu/oe/nik/szfmv/environment/XmlToModelConverter.java, Line: 183, Element: getAttribute
[CALLSITE] Filepath: /media/4tb/npex/npex_data/benchmarks-bears/Bears-189-buggy/src/main/java/hu/oe/nik/szfmv/environment/XmlToModelConverter.java, Line: 183, Element: parseDouble
[CALLSITE] Filepath: /media/4tb/npex/npex_data/benchmarks-bears/Bears-189-buggy/src/main/java/hu/oe/nik/szfmv/environment/XmlToModelConverter.java, Line: 184, Element: getAttribute
[CALLSITE] Filepath: /media/4tb/npex/npex_data/benchmarks-bears/Bears-189-buggy/src/main/java/hu/oe/nik/szfmv/environment/XmlToModelConverter.java, Line: 184, Element: parseDouble
[CALLSITE] Filepath: /media/4tb/npex/npex_data/benchmarks-bears/Bears-189-buggy/src/main/java/hu/oe/nik/szfmv/environment/XmlToModelConverter.java, Line: 185, Element: getAttribute
[CALLSITE] Filepath: /media/4tb/npex/npex_data/benchmarks-bears/Bears-189-buggy/src/main/java/hu/oe/nik/szfmv/environment/XmlToModelConverter.java, Line: 185, Element: parseDouble
[CALLSITE] Filepath: /media/4tb/npex/npex_data/benchmarks-bears/Bears-189-buggy/src/main/java/hu/oe/nik/szfmv/environment/XmlToModelConverter.java, Line: 187, Element: convertMatrixToRadians
[ENTRY] Filepath: /media/4tb/npex/npex_data/benchmarks-bears/Bears-189-buggy/src/main/java/hu/oe/nik/szfmv/common/Utils.java, Line: 40, Element: convertMatrixToRadians
[CALLSITE] Filepath: /media/4tb/npex/npex_data/benchmarks-bears/Bears-189-buggy/src/main/java/hu/oe/nik/szfmv/common/Utils.java, Line: 41, Element: atan2
[ENTRY] Filepath: /media/4tb/npex/npex_data/benchmarks-bears/Bears-189-buggy/src/main/java/hu/oe/nik/szfmv/environment/WorldObject.java, Line: 88, Element: setRotation
[CALLSITE] Filepath: /media/4tb/npex/npex_data/benchmarks-bears/Bears-189-buggy/src/main/java/hu/oe/nik/szfmv/environment/XmlToModelConverter.java, Line: 107, Element: generateShape
[ENTRY] Filepath: /media/4tb/npex/npex_data/benchmarks-bears/Bears-189-buggy/src/main/java/hu/oe/nik/szfmv/environment/models/RoadSign.java, Line: 35, Element: generateShape
[CALLSITE] Filepath: /media/4tb/npex/npex_data/benchmarks-bears/Bears-189-buggy/src/main/java/hu/oe/nik/szfmv/environment/models/RoadSign.java, Line: 39, Element: getRotation
[CALLSITE] Filepath: /media/4tb/npex/npex_data/benchmarks-bears/Bears-189-buggy/src/main/java/hu/oe/nik/szfmv/environment/models/RoadSign.java, Line: 39, Element: getX
[CALLSITE] Filepath: /media/4tb/npex/npex_data/benchmarks-bears/Bears-189-buggy/src/main/java/hu/oe/nik/szfmv/environment/models/RoadSign.java, Line: 39, Element: getY
[CALLSITE] Filepath: /media/4tb/npex/npex_data/benchmarks-bears/Bears-189-buggy/src/main/java/hu/oe/nik/szfmv/environment/models/RoadSign.java, Line: 39, Element: rotate
[ENTRY] Filepath: /media/4tb/npex/npex_data/benchmarks-bears/Bears-189-buggy/src/main/java/hu/oe/nik/szfmv/environment/WorldObject.java, Line: 76, Element: getRotation
[ENTRY] Filepath: /media/4tb/npex/npex_data/benchmarks-bears/Bears-189-buggy/src/main/java/hu/oe/nik/szfmv/environment/WorldObject.java, Line: 44, Element: getX
[ENTRY] Filepath: /media/4tb/npex/npex_data/benchmarks-bears/Bears-189-buggy/src/main/java/hu/oe/nik/szfmv/environment/WorldObject.java, Line: 52, Element: getY
[CALLSITE] Filepath: /media/4tb/npex/npex_data/benchmarks-bears/Bears-189-buggy/src/main/java/hu/oe/nik/szfmv/environment/models/RoadSign.java, Line: 40, Element: createTransformedShape
[ENTRY] Filepath: /media/4tb/npex/npex_data/benchmarks-bears/Bears-189-buggy/src/main/java/hu/oe/nik/szfmv/environment/WorldObject.java, Line: 44, Element: getX
[ENTRY] Filepath: /media/4tb/npex/npex_data/benchmarks-bears/Bears-189-buggy/src/main/java/hu/oe/nik/szfmv/environment/WorldObject.java, Line: 60, Element: getWidth
[ENTRY] Filepath: /media/4tb/npex/npex_data/benchmarks-bears/Bears-189-buggy/src/main/java/hu/oe/nik/szfmv/environment/WorldObject.java, Line: 52, Element: getY
[ENTRY] Filepath: /media/4tb/npex/npex_data/benchmarks-bears/Bears-189-buggy/src/main/java/hu/oe/nik/szfmv/environment/WorldObject.java, Line: 64, Element: getHeight
[CALLSITE] Filepath: /media/4tb/npex/npex_data/benchmarks-bears/Bears-189-buggy/src/main/java/hu/oe/nik/szfmv/environment/XmlToModelConverter.java, Line: 109, Element: toString
[CALLSITE] Filepath: /media/4tb/npex/npex_data/benchmarks-bears/Bears-189-buggy/src/main/java/hu/oe/nik/szfmv/environment/XmlToModelConverter.java, Line: 109, Element: debug
[ENTRY] Filepath: /media/4tb/npex/npex_data/benchmarks-bears/Bears-189-buggy/src/main/java/hu/oe/nik/szfmv/environment/WorldObject.java, Line: 135, Element: toString
[CALLSITE] Filepath: /media/4tb/npex/npex_data/benchmarks-bears/Bears-189-buggy/src/main/java/hu/oe/nik/szfmv/environment/XmlToModelConverter.java, Line: 50, Element: item
[CALLSITE] Filepath: /media/4tb/npex/npex_data/benchmarks-bears/Bears-189-buggy/src/main/java/hu/oe/nik/szfmv/environment/XmlToModelConverter.java, Line: 52, Element: readValueFromXml
[CALLSITE] Filepath: /media/4tb/npex/npex_data/benchmarks-bears/Bears-189-buggy/src/main/java/hu/oe/nik/szfmv/environment/XmlToModelConverter.java, Line: 52, Element: add
[ENTRY] Filepath: /media/4tb/npex/npex_data/benchmarks-bears/Bears-189-buggy/src/main/java/hu/oe/nik/szfmv/environment/XmlToModelConverter.java, Line: 67, Element: readValueFromXml
[CALLSITE] Filepath: /media/4tb/npex/npex_data/benchmarks-bears/Bears-189-buggy/src/main/java/hu/oe/nik/szfmv/environment/XmlToModelConverter.java, Line: 72, Element: getAttribute
[CALLSITE] Filepath: /media/4tb/npex/npex_data/benchmarks-bears/Bears-189-buggy/src/main/java/hu/oe/nik/szfmv/environment/XmlToModelConverter.java, Line: 75, Element: getChildNodes
[CALLSITE] Filepath: /media/4tb/npex/npex_data/benchmarks-bears/Bears-189-buggy/src/main/java/hu/oe/nik/szfmv/environment/XmlToModelConverter.java, Line: 76, Element: getLength
[CALLSITE] Filepath: /media/4tb/npex/npex_data/benchmarks-bears/Bears-189-buggy/src/main/java/hu/oe/nik/szfmv/environment/XmlToModelConverter.java, Line: 77, Element: item
[CALLSITE] Filepath: /media/4tb/npex/npex_data/benchmarks-bears/Bears-189-buggy/src/main/java/hu/oe/nik/szfmv/environment/XmlToModelConverter.java, Line: 77, Element: getNodeName
[CALLSITE] Filepath: /media/4tb/npex/npex_data/benchmarks-bears/Bears-189-buggy/src/main/java/hu/oe/nik/szfmv/environment/XmlToModelConverter.java, Line: 77, Element: item
[CALLSITE] Filepath: /media/4tb/npex/npex_data/benchmarks-bears/Bears-189-buggy/src/main/java/hu/oe/nik/szfmv/environment/XmlToModelConverter.java, Line: 77, Element: getNodeName
[CALLSITE] Filepath: /media/4tb/npex/npex_data/benchmarks-bears/Bears-189-buggy/src/main/java/hu/oe/nik/szfmv/environment/XmlToModelConverter.java, Line: 79, Element: item
[CALLSITE] Filepath: /media/4tb/npex/npex_data/benchmarks-bears/Bears-189-buggy/src/main/java/hu/oe/nik/szfmv/environment/XmlToModelConverter.java, Line: 77, Element: item
[CALLSITE] Filepath: /media/4tb/npex/npex_data/benchmarks-bears/Bears-189-buggy/src/main/java/hu/oe/nik/szfmv/environment/XmlToModelConverter.java, Line: 77, Element: getNodeName
[CALLSITE] Filepath: /media/4tb/npex/npex_data/benchmarks-bears/Bears-189-buggy/src/main/java/hu/oe/nik/szfmv/environment/XmlToModelConverter.java, Line: 77, Element: item
[CALLSITE] Filepath: /media/4tb/npex/npex_data/benchmarks-bears/Bears-189-buggy/src/main/java/hu/oe/nik/szfmv/environment/XmlToModelConverter.java, Line: 77, Element: getNodeName
[CALLSITE] Filepath: /media/4tb/npex/npex_data/benchmarks-bears/Bears-189-buggy/src/main/java/hu/oe/nik/szfmv/environment/XmlToModelConverter.java, Line: 82, Element: item
[CALLSITE] Filepath: /media/4tb/npex/npex_data/benchmarks-bears/Bears-189-buggy/src/main/java/hu/oe/nik/szfmv/environment/XmlToModelConverter.java, Line: 77, Element: item
[CALLSITE] Filepath: /media/4tb/npex/npex_data/benchmarks-bears/Bears-189-buggy/src/main/java/hu/oe/nik/szfmv/environment/XmlToModelConverter.java, Line: 77, Element: getNodeName
[CALLSITE] Filepath: /media/4tb/npex/npex_data/benchmarks-bears/Bears-189-buggy/src/main/java/hu/oe/nik/szfmv/environment/XmlToModelConverter.java, Line: 91, Element: createObjectFromType
[ENTRY] Filepath: /media/4tb/npex/npex_data/benchmarks-bears/Bears-189-buggy/src/main/java/hu/oe/nik/szfmv/environment/XmlToModelConverter.java, Line: 118, Element: createObjectFromType
[CALLSITE] Filepath: /media/4tb/npex/npex_data/benchmarks-bears/Bears-189-buggy/src/main/java/hu/oe/nik/szfmv/environment/XmlToModelConverter.java, Line: 122, Element: indexOf
[CALLSITE] Filepath: /media/4tb/npex/npex_data/benchmarks-bears/Bears-189-buggy/src/main/java/hu/oe/nik/szfmv/environment/XmlToModelConverter.java, Line: 123, Element: indexOf
[CALLSITE] Filepath: /media/4tb/npex/npex_data/benchmarks-bears/Bears-189-buggy/src/main/java/hu/oe/nik/szfmv/environment/XmlToModelConverter.java, Line: 123, Element: substring
[CALLSITE] Filepath: /media/4tb/npex/npex_data/benchmarks-bears/Bears-189-buggy/src/main/java/hu/oe/nik/szfmv/environment/XmlToModelConverter.java, Line: 93, Element: setImageFileName
[ENTRY] Filepath: /media/4tb/npex/npex_data/benchmarks-bears/Bears-189-buggy/src/main/java/hu/oe/nik/szfmv/environment/WorldObject.java, Line: 92, Element: setImageFileName
[CALLSITE] Filepath: /media/4tb/npex/npex_data/benchmarks-bears/Bears-189-buggy/src/main/java/hu/oe/nik/szfmv/environment/XmlToModelConverter.java, Line: 96, Element: generateDimens
[ENTRY] Filepath: /media/4tb/npex/npex_data/benchmarks-bears/Bears-189-buggy/src/main/java/hu/oe/nik/szfmv/environment/WorldObject.java, Line: 101, Element: generateDimens
[CALLSITE] Filepath: /media/4tb/npex/npex_data/benchmarks-bears/Bears-189-buggy/src/main/java/hu/oe/nik/szfmv/environment/WorldObject.java, Line: 103, Element: read
[ENTRY] Filepath: /media/4tb/npex/npex_data/benchmarks-bears/Bears-189-buggy/src/main/java/hu/oe/nik/szfmv/environment/WorldObject.java, Line: 80, Element: getImageFileName
[CALLSITE] Filepath: /media/4tb/npex/npex_data/benchmarks-bears/Bears-189-buggy/src/main/java/hu/oe/nik/szfmv/environment/WorldObject.java, Line: 107, Element: getWidth
[CALLSITE] Filepath: /media/4tb/npex/npex_data/benchmarks-bears/Bears-189-buggy/src/main/java/hu/oe/nik/szfmv/environment/WorldObject.java, Line: 108, Element: getHeight
[CALLSITE] Filepath: /media/4tb/npex/npex_data/benchmarks-bears/Bears-189-buggy/src/main/java/hu/oe/nik/szfmv/environment/XmlToModelConverter.java, Line: 99, Element: getPointsFromPositionElement
[ENTRY] Filepath: /media/4tb/npex/npex_data/benchmarks-bears/Bears-189-buggy/src/main/java/hu/oe/nik/szfmv/environment/XmlToModelConverter.java, Line: 154, Element: getPointsFromPositionElement
[CALLSITE] Filepath: /media/4tb/npex/npex_data/benchmarks-bears/Bears-189-buggy/src/main/java/hu/oe/nik/szfmv/environment/XmlToModelConverter.java, Line: 160, Element: getAttribute
[CALLSITE] Filepath: /media/4tb/npex/npex_data/benchmarks-bears/Bears-189-buggy/src/main/java/hu/oe/nik/szfmv/environment/XmlToModelConverter.java, Line: 160, Element: parseInt
[CALLSITE] Filepath: /media/4tb/npex/npex_data/benchmarks-bears/Bears-189-buggy/src/main/java/hu/oe/nik/szfmv/environment/XmlToModelConverter.java, Line: 161, Element: getAttribute
[CALLSITE] Filepath: /media/4tb/npex/npex_data/benchmarks-bears/Bears-189-buggy/src/main/java/hu/oe/nik/szfmv/environment/XmlToModelConverter.java, Line: 161, Element: parseInt
[CALLSITE] Filepath: /media/4tb/npex/npex_data/benchmarks-bears/Bears-189-buggy/src/main/java/hu/oe/nik/szfmv/environment/XmlToModelConverter.java, Line: 100, Element: setX
[ENTRY] Filepath: /media/4tb/npex/npex_data/benchmarks-bears/Bears-189-buggy/src/main/java/hu/oe/nik/szfmv/environment/WorldObject.java, Line: 48, Element: setX
[CALLSITE] Filepath: /media/4tb/npex/npex_data/benchmarks-bears/Bears-189-buggy/src/main/java/hu/oe/nik/szfmv/environment/XmlToModelConverter.java, Line: 101, Element: setY
[ENTRY] Filepath: /media/4tb/npex/npex_data/benchmarks-bears/Bears-189-buggy/src/main/java/hu/oe/nik/szfmv/environment/WorldObject.java, Line: 56, Element: setY
[CALLSITE] Filepath: /media/4tb/npex/npex_data/benchmarks-bears/Bears-189-buggy/src/main/java/hu/oe/nik/szfmv/environment/XmlToModelConverter.java, Line: 104, Element: getRotacionFromTransformElement
[CALLSITE] Filepath: /media/4tb/npex/npex_data/benchmarks-bears/Bears-189-buggy/src/main/java/hu/oe/nik/szfmv/environment/XmlToModelConverter.java, Line: 104, Element: setRotation
[ENTRY] Filepath: /media/4tb/npex/npex_data/benchmarks-bears/Bears-189-buggy/src/main/java/hu/oe/nik/szfmv/environment/XmlToModelConverter.java, Line: 173, Element: getRotacionFromTransformElement
[CALLSITE] Filepath: /media/4tb/npex/npex_data/benchmarks-bears/Bears-189-buggy/src/main/java/hu/oe/nik/szfmv/environment/XmlToModelConverter.java, Line: 182, Element: getAttribute
[CALLSITE] Filepath: /media/4tb/npex/npex_data/benchmarks-bears/Bears-189-buggy/src/main/java/hu/oe/nik/szfmv/environment/XmlToModelConverter.java, Line: 182, Element: parseDouble
[CALLSITE] Filepath: /media/4tb/npex/npex_data/benchmarks-bears/Bears-189-buggy/src/main/java/hu/oe/nik/szfmv/environment/XmlToModelConverter.java, Line: 183, Element: getAttribute
[CALLSITE] Filepath: /media/4tb/npex/npex_data/benchmarks-bears/Bears-189-buggy/src/main/java/hu/oe/nik/szfmv/environment/XmlToModelConverter.java, Line: 183, Element: parseDouble
[CALLSITE] Filepath: /media/4tb/npex/npex_data/benchmarks-bears/Bears-189-buggy/src/main/java/hu/oe/nik/szfmv/environment/XmlToModelConverter.java, Line: 184, Element: getAttribute
[CALLSITE] Filepath: /media/4tb/npex/npex_data/benchmarks-bears/Bears-189-buggy/src/main/java/hu/oe/nik/szfmv/environment/XmlToModelConverter.java, Line: 184, Element: parseDouble
[CALLSITE] Filepath: /media/4tb/npex/npex_data/benchmarks-bears/Bears-189-buggy/src/main/java/hu/oe/nik/szfmv/environment/XmlToModelConverter.java, Line: 185, Element: getAttribute
[CALLSITE] Filepath: /media/4tb/npex/npex_data/benchmarks-bears/Bears-189-buggy/src/main/java/hu/oe/nik/szfmv/environment/XmlToModelConverter.java, Line: 185, Element: parseDouble
[CALLSITE] Filepath: /media/4tb/npex/npex_data/benchmarks-bears/Bears-189-buggy/src/main/java/hu/oe/nik/szfmv/environment/XmlToModelConverter.java, Line: 187, Element: convertMatrixToRadians
[ENTRY] Filepath: /media/4tb/npex/npex_data/benchmarks-bears/Bears-189-buggy/src/main/java/hu/oe/nik/szfmv/common/Utils.java, Line: 40, Element: convertMatrixToRadians
[CALLSITE] Filepath: /media/4tb/npex/npex_data/benchmarks-bears/Bears-189-buggy/src/main/java/hu/oe/nik/szfmv/common/Utils.java, Line: 41, Element: atan2
[ENTRY] Filepath: /media/4tb/npex/npex_data/benchmarks-bears/Bears-189-buggy/src/main/java/hu/oe/nik/szfmv/environment/WorldObject.java, Line: 88, Element: setRotation
[CALLSITE] Filepath: /media/4tb/npex/npex_data/benchmarks-bears/Bears-189-buggy/src/main/java/hu/oe/nik/szfmv/environment/XmlToModelConverter.java, Line: 107, Element: generateShape
[ENTRY] Filepath: /media/4tb/npex/npex_data/benchmarks-bears/Bears-189-buggy/src/main/java/hu/oe/nik/szfmv/environment/models/RoadSign.java, Line: 35, Element: generateShape
[CALLSITE] Filepath: /media/4tb/npex/npex_data/benchmarks-bears/Bears-189-buggy/src/main/java/hu/oe/nik/szfmv/environment/models/RoadSign.java, Line: 39, Element: getRotation
[CALLSITE] Filepath: /media/4tb/npex/npex_data/benchmarks-bears/Bears-189-buggy/src/main/java/hu/oe/nik/szfmv/environment/models/RoadSign.java, Line: 39, Element: getX
[CALLSITE] Filepath: /media/4tb/npex/npex_data/benchmarks-bears/Bears-189-buggy/src/main/java/hu/oe/nik/szfmv/environment/models/RoadSign.java, Line: 39, Element: getY
[CALLSITE] Filepath: /media/4tb/npex/npex_data/benchmarks-bears/Bears-189-buggy/src/main/java/hu/oe/nik/szfmv/environment/models/RoadSign.java, Line: 39, Element: rotate
[ENTRY] Filepath: /media/4tb/npex/npex_data/benchmarks-bears/Bears-189-buggy/src/main/java/hu/oe/nik/szfmv/environment/WorldObject.java, Line: 76, Element: getRotation
[ENTRY] Filepath: /media/4tb/npex/npex_data/benchmarks-bears/Bears-189-buggy/src/main/java/hu/oe/nik/szfmv/environment/WorldObject.java, Line: 44, Element: getX
[ENTRY] Filepath: /media/4tb/npex/npex_data/benchmarks-bears/Bears-189-buggy/src/main/java/hu/oe/nik/szfmv/environment/WorldObject.java, Line: 52, Element: getY
[CALLSITE] Filepath: /media/4tb/npex/npex_data/benchmarks-bears/Bears-189-buggy/src/main/java/hu/oe/nik/szfmv/environment/models/RoadSign.java, Line: 40, Element: createTransformedShape
[ENTRY] Filepath: /media/4tb/npex/npex_data/benchmarks-bears/Bears-189-buggy/src/main/java/hu/oe/nik/szfmv/environment/WorldObject.java, Line: 44, Element: getX
[ENTRY] Filepath: /media/4tb/npex/npex_data/benchmarks-bears/Bears-189-buggy/src/main/java/hu/oe/nik/szfmv/environment/WorldObject.java, Line: 60, Element: getWidth
[ENTRY] Filepath: /media/4tb/npex/npex_data/benchmarks-bears/Bears-189-buggy/src/main/java/hu/oe/nik/szfmv/environment/WorldObject.java, Line: 52, Element: getY
[ENTRY] Filepath: /media/4tb/npex/npex_data/benchmarks-bears/Bears-189-buggy/src/main/java/hu/oe/nik/szfmv/environment/WorldObject.java, Line: 64, Element: getHeight
[CALLSITE] Filepath: /media/4tb/npex/npex_data/benchmarks-bears/Bears-189-buggy/src/main/java/hu/oe/nik/szfmv/environment/XmlToModelConverter.java, Line: 109, Element: toString
[CALLSITE] Filepath: /media/4tb/npex/npex_data/benchmarks-bears/Bears-189-buggy/src/main/java/hu/oe/nik/szfmv/environment/XmlToModelConverter.java, Line: 109, Element: debug
[ENTRY] Filepath: /media/4tb/npex/npex_data/benchmarks-bears/Bears-189-buggy/src/main/java/hu/oe/nik/szfmv/environment/WorldObject.java, Line: 135, Element: toString
[CALLSITE] Filepath: /media/4tb/npex/npex_data/benchmarks-bears/Bears-189-buggy/src/main/java/hu/oe/nik/szfmv/automatedcar/AutomatedCar.java, Line: 48, Element: setLocation
[ENTRY] Filepath: /media/4tb/npex/npex_data/benchmarks-bears/Bears-189-buggy/src/main/java/hu/oe/nik/szfmv/environment/WorldObject.java, Line: 40, Element: setLocation
[CALLSITE] Filepath: /media/4tb/npex/npex_data/benchmarks-bears/Bears-189-buggy/src/main/java/hu/oe/nik/szfmv/automatedcar/AutomatedCar.java, Line: 49, Element: toRadians
[CALLSITE] Filepath: /media/4tb/npex/npex_data/benchmarks-bears/Bears-189-buggy/src/main/java/hu/oe/nik/szfmv/automatedcar/AutomatedCar.java, Line: 49, Element: setRotation
[ENTRY] Filepath: /media/4tb/npex/npex_data/benchmarks-bears/Bears-189-buggy/src/main/java/hu/oe/nik/szfmv/environment/WorldObject.java, Line: 88, Element: setRotation
[CALLSITE] Filepath: /media/4tb/npex/npex_data/benchmarks-bears/Bears-189-buggy/src/main/java/hu/oe/nik/szfmv/automatedcar/AutomatedCar.java, Line: 52, Element: setWidth
[ENTRY] Filepath: /media/4tb/npex/npex_data/benchmarks-bears/Bears-189-buggy/src/main/java/hu/oe/nik/szfmv/environment/WorldObject.java, Line: 68, Element: setWidth
[CALLSITE] Filepath: /media/4tb/npex/npex_data/benchmarks-bears/Bears-189-buggy/src/main/java/hu/oe/nik/szfmv/automatedcar/AutomatedCar.java, Line: 53, Element: setHeight
[ENTRY] Filepath: /media/4tb/npex/npex_data/benchmarks-bears/Bears-189-buggy/src/main/java/hu/oe/nik/szfmv/environment/WorldObject.java, Line: 72, Element: setHeight
[CALLSITE] Filepath: /media/4tb/npex/npex_data/benchmarks-bears/Bears-189-buggy/src/main/java/hu/oe/nik/szfmv/automatedcar/AutomatedCar.java, Line: 55, Element: generateShape
[ENTRY] Filepath: /media/4tb/npex/npex_data/benchmarks-bears/Bears-189-buggy/src/main/java/hu/oe/nik/szfmv/environment/WorldObject.java, Line: 117, Element: generateShape
[CALLSITE] Filepath: /media/4tb/npex/npex_data/benchmarks-bears/Bears-189-buggy/src/main/java/hu/oe/nik/szfmv/environment/WorldObject.java, Line: 119, Element: getRotation
[CALLSITE] Filepath: /media/4tb/npex/npex_data/benchmarks-bears/Bears-189-buggy/src/main/java/hu/oe/nik/szfmv/environment/WorldObject.java, Line: 119, Element: getX
[CALLSITE] Filepath: /media/4tb/npex/npex_data/benchmarks-bears/Bears-189-buggy/src/main/java/hu/oe/nik/szfmv/environment/WorldObject.java, Line: 119, Element: getY
[CALLSITE] Filepath: /media/4tb/npex/npex_data/benchmarks-bears/Bears-189-buggy/src/main/java/hu/oe/nik/szfmv/environment/WorldObject.java, Line: 119, Element: rotate
[ENTRY] Filepath: /media/4tb/npex/npex_data/benchmarks-bears/Bears-189-buggy/src/main/java/hu/oe/nik/szfmv/environment/WorldObject.java, Line: 76, Element: getRotation
[ENTRY] Filepath: /media/4tb/npex/npex_data/benchmarks-bears/Bears-189-buggy/src/main/java/hu/oe/nik/szfmv/environment/WorldObject.java, Line: 44, Element: getX
[ENTRY] Filepath: /media/4tb/npex/npex_data/benchmarks-bears/Bears-189-buggy/src/main/java/hu/oe/nik/szfmv/environment/WorldObject.java, Line: 52, Element: getY
[CALLSITE] Filepath: /media/4tb/npex/npex_data/benchmarks-bears/Bears-189-buggy/src/main/java/hu/oe/nik/szfmv/environment/WorldObject.java, Line: 120, Element: isInstance
[CALLSITE] Filepath: /media/4tb/npex/npex_data/benchmarks-bears/Bears-189-buggy/src/main/java/hu/oe/nik/szfmv/environment/WorldObject.java, Line: 126, Element: createTransformedShape
[ENTRY] Filepath: /media/4tb/npex/npex_data/benchmarks-bears/Bears-189-buggy/src/main/java/hu/oe/nik/szfmv/environment/WorldObject.java, Line: 44, Element: getX
[ENTRY] Filepath: /media/4tb/npex/npex_data/benchmarks-bears/Bears-189-buggy/src/main/java/hu/oe/nik/szfmv/environment/WorldObject.java, Line: 60, Element: getWidth
[ENTRY] Filepath: /media/4tb/npex/npex_data/benchmarks-bears/Bears-189-buggy/src/main/java/hu/oe/nik/szfmv/environment/WorldObject.java, Line: 52, Element: getY
[ENTRY] Filepath: /media/4tb/npex/npex_data/benchmarks-bears/Bears-189-buggy/src/main/java/hu/oe/nik/szfmv/environment/WorldObject.java, Line: 64, Element: getHeight
[ENTRY] Filepath: /media/4tb/npex/npex_data/benchmarks-bears/Bears-189-buggy/src/main/java/hu/oe/nik/szfmv/environment/WorldObject.java, Line: 60, Element: getWidth
[ENTRY] Filepath: /media/4tb/npex/npex_data/benchmarks-bears/Bears-189-buggy/src/main/java/hu/oe/nik/szfmv/environment/WorldObject.java, Line: 64, Element: getHeight
[CALLSITE] Filepath: /media/4tb/npex/npex_data/benchmarks-bears/Bears-189-buggy/src/main/java/hu/oe/nik/szfmv/automatedcar/AutomatedCar.java, Line: 57, Element: getX
[CALLSITE] Filepath: /media/4tb/npex/npex_data/benchmarks-bears/Bears-189-buggy/src/main/java/hu/oe/nik/szfmv/automatedcar/AutomatedCar.java, Line: 57, Element: getY
[CALLSITE] Filepath: /media/4tb/npex/npex_data/benchmarks-bears/Bears-189-buggy/src/main/java/hu/oe/nik/szfmv/automatedcar/AutomatedCar.java, Line: 57, Element: getRotation
[ENTRY] Filepath: /media/4tb/npex/npex_data/benchmarks-bears/Bears-189-buggy/src/main/java/hu/oe/nik/szfmv/environment/WorldObject.java, Line: 44, Element: getX
[ENTRY] Filepath: /media/4tb/npex/npex_data/benchmarks-bears/Bears-189-buggy/src/main/java/hu/oe/nik/szfmv/environment/WorldObject.java, Line: 52, Element: getY
[ENTRY] Filepath: /media/4tb/npex/npex_data/benchmarks-bears/Bears-189-buggy/src/main/java/hu/oe/nik/szfmv/environment/WorldObject.java, Line: 76, Element: getRotation
[CALLSITE] Filepath: /media/4tb/npex/npex_data/benchmarks-bears/Bears-189-buggy/src/main/java/hu/oe/nik/szfmv/automatedcar/systemcomponents/SystemComponent.java, Line: 20, Element: registerComponent
[ENTRY] Filepath: /media/4tb/npex/npex_data/benchmarks-bears/Bears-189-buggy/src/main/java/hu/oe/nik/szfmv/automatedcar/bus/VirtualFunctionBus.java, Line: 33, Element: registerComponent
[CALLSITE] Filepath: /media/4tb/npex/npex_data/benchmarks-bears/Bears-189-buggy/src/main/java/hu/oe/nik/szfmv/automatedcar/bus/VirtualFunctionBus.java, Line: 34, Element: add
[CALLSITE] Filepath: /media/4tb/npex/npex_data/benchmarks-bears/Bears-189-buggy/src/main/java/hu/oe/nik/szfmv/automatedcar/systemcomponents/GasBrake.java, Line: 34, Element: getInstance
[ENTRY] Filepath: /media/4tb/npex/npex_data/benchmarks-bears/Bears-189-buggy/src/main/java/hu/oe/nik/szfmv/automatedcar/bus/packets/input/InputPacket.java, Line: 42, Element: getInstance
[CALLSITE] Filepath: /media/4tb/npex/npex_data/benchmarks-bears/Bears-189-buggy/src/main/java/hu/oe/nik/szfmv/automatedcar/systemcomponents/GasBrake.java, Line: 35, Element: getInstance
[ENTRY] Filepath: /media/4tb/npex/npex_data/benchmarks-bears/Bears-189-buggy/src/main/java/hu/oe/nik/szfmv/automatedcar/input/InputHandler.java, Line: 71, Element: getInstance
[CALLSITE] Filepath: /media/4tb/npex/npex_data/benchmarks-bears/Bears-189-buggy/src/main/java/hu/oe/nik/szfmv/automatedcar/systemcomponents/SystemComponent.java, Line: 20, Element: registerComponent
[ENTRY] Filepath: /media/4tb/npex/npex_data/benchmarks-bears/Bears-189-buggy/src/main/java/hu/oe/nik/szfmv/automatedcar/bus/VirtualFunctionBus.java, Line: 33, Element: registerComponent
[CALLSITE] Filepath: /media/4tb/npex/npex_data/benchmarks-bears/Bears-189-buggy/src/main/java/hu/oe/nik/szfmv/automatedcar/bus/VirtualFunctionBus.java, Line: 34, Element: add
[CALLSITE] Filepath: /media/4tb/npex/npex_data/benchmarks-bears/Bears-189-buggy/src/main/java/hu/oe/nik/szfmv/automatedcar/systemcomponents/Index.java, Line: 26, Element: getInstance
[ENTRY] Filepath: /media/4tb/npex/npex_data/benchmarks-bears/Bears-189-buggy/src/main/java/hu/oe/nik/szfmv/automatedcar/bus/packets/input/InputPacket.java, Line: 42, Element: getInstance
[CALLSITE] Filepath: /media/4tb/npex/npex_data/benchmarks-bears/Bears-189-buggy/src/main/java/hu/oe/nik/szfmv/automatedcar/systemcomponents/Index.java, Line: 28, Element: getInstance
[ENTRY] Filepath: /media/4tb/npex/npex_data/benchmarks-bears/Bears-189-buggy/src/main/java/hu/oe/nik/szfmv/automatedcar/input/InputHandler.java, Line: 71, Element: getInstance
[CALLSITE] Filepath: /media/4tb/npex/npex_data/benchmarks-bears/Bears-189-buggy/src/main/java/hu/oe/nik/szfmv/automatedcar/systemcomponents/SystemComponent.java, Line: 20, Element: registerComponent
[ENTRY] Filepath: /media/4tb/npex/npex_data/benchmarks-bears/Bears-189-buggy/src/main/java/hu/oe/nik/szfmv/automatedcar/bus/VirtualFunctionBus.java, Line: 33, Element: registerComponent
[CALLSITE] Filepath: /media/4tb/npex/npex_data/benchmarks-bears/Bears-189-buggy/src/main/java/hu/oe/nik/szfmv/automatedcar/bus/VirtualFunctionBus.java, Line: 34, Element: add
[CALLSITE] Filepath: /media/4tb/npex/npex_data/benchmarks-bears/Bears-189-buggy/src/main/java/hu/oe/nik/szfmv/automatedcar/systemcomponents/GearShift.java, Line: 25, Element: getInstance
[ENTRY] Filepath: /media/4tb/npex/npex_data/benchmarks-bears/Bears-189-buggy/src/main/java/hu/oe/nik/szfmv/automatedcar/bus/packets/input/InputPacket.java, Line: 42, Element: getInstance
[CALLSITE] Filepath: /media/4tb/npex/npex_data/benchmarks-bears/Bears-189-buggy/src/main/java/hu/oe/nik/szfmv/automatedcar/systemcomponents/GearShift.java, Line: 32, Element: getGearState
[ENTRY] Filepath: /media/4tb/npex/npex_data/benchmarks-bears/Bears-189-buggy/src/main/java/hu/oe/nik/szfmv/automatedcar/bus/packets/input/InputPacket.java, Line: 138, Element: getGearState
[CALLSITE] Filepath: /media/4tb/npex/npex_data/benchmarks-bears/Bears-189-buggy/src/main/java/hu/oe/nik/szfmv/automatedcar/systemcomponents/GearShift.java, Line: 35, Element: getInstance
[ENTRY] Filepath: /media/4tb/npex/npex_data/benchmarks-bears/Bears-189-buggy/src/main/java/hu/oe/nik/szfmv/automatedcar/input/InputHandler.java, Line: 71, Element: getInstance
[CALLSITE] Filepath: /media/4tb/npex/npex_data/benchmarks-bears/Bears-189-buggy/src/main/java/hu/oe/nik/szfmv/automatedcar/systemcomponents/SystemComponent.java, Line: 20, Element: registerComponent
[ENTRY] Filepath: /media/4tb/npex/npex_data/benchmarks-bears/Bears-189-buggy/src/main/java/hu/oe/nik/szfmv/automatedcar/bus/VirtualFunctionBus.java, Line: 33, Element: registerComponent
[CALLSITE] Filepath: /media/4tb/npex/npex_data/benchmarks-bears/Bears-189-buggy/src/main/java/hu/oe/nik/szfmv/automatedcar/bus/VirtualFunctionBus.java, Line: 34, Element: add
[CALLSITE] Filepath: /media/4tb/npex/npex_data/benchmarks-bears/Bears-189-buggy/src/main/java/hu/oe/nik/szfmv/automatedcar/systemcomponents/SensorsVisualizer.java, Line: 24, Element: getInstance
[ENTRY] Filepath: /media/4tb/npex/npex_data/benchmarks-bears/Bears-189-buggy/src/main/java/hu/oe/nik/szfmv/automatedcar/bus/packets/input/InputPacket.java, Line: 42, Element: getInstance
[CALLSITE] Filepath: /media/4tb/npex/npex_data/benchmarks-bears/Bears-189-buggy/src/main/java/hu/oe/nik/szfmv/automatedcar/systemcomponents/SensorsVisualizer.java, Line: 26, Element: getInstance
[ENTRY] Filepath: /media/4tb/npex/npex_data/benchmarks-bears/Bears-189-buggy/src/main/java/hu/oe/nik/szfmv/automatedcar/input/InputHandler.java, Line: 71, Element: getInstance
[CALLSITE] Filepath: /media/4tb/npex/npex_data/benchmarks-bears/Bears-189-buggy/src/main/java/hu/oe/nik/szfmv/automatedcar/systemcomponents/SystemComponent.java, Line: 20, Element: registerComponent
[ENTRY] Filepath: /media/4tb/npex/npex_data/benchmarks-bears/Bears-189-buggy/src/main/java/hu/oe/nik/szfmv/automatedcar/bus/VirtualFunctionBus.java, Line: 33, Element: registerComponent
[CALLSITE] Filepath: /media/4tb/npex/npex_data/benchmarks-bears/Bears-189-buggy/src/main/java/hu/oe/nik/szfmv/automatedcar/bus/VirtualFunctionBus.java, Line: 34, Element: add
[CALLSITE] Filepath: /media/4tb/npex/npex_data/benchmarks-bears/Bears-189-buggy/src/main/java/hu/oe/nik/szfmv/automatedcar/systemcomponents/SystemComponent.java, Line: 20, Element: registerComponent
[ENTRY] Filepath: /media/4tb/npex/npex_data/benchmarks-bears/Bears-189-buggy/src/main/java/hu/oe/nik/szfmv/automatedcar/bus/VirtualFunctionBus.java, Line: 33, Element: registerComponent
[CALLSITE] Filepath: /media/4tb/npex/npex_data/benchmarks-bears/Bears-189-buggy/src/main/java/hu/oe/nik/szfmv/automatedcar/bus/VirtualFunctionBus.java, Line: 34, Element: add
[CALLSITE] Filepath: /media/4tb/npex/npex_data/benchmarks-bears/Bears-189-buggy/src/main/java/hu/oe/nik/szfmv/automatedcar/systemcomponents/SystemComponent.java, Line: 20, Element: registerComponent
[ENTRY] Filepath: /media/4tb/npex/npex_data/benchmarks-bears/Bears-189-buggy/src/main/java/hu/oe/nik/szfmv/automatedcar/bus/VirtualFunctionBus.java, Line: 33, Element: registerComponent
[CALLSITE] Filepath: /media/4tb/npex/npex_data/benchmarks-bears/Bears-189-buggy/src/main/java/hu/oe/nik/szfmv/automatedcar/bus/VirtualFunctionBus.java, Line: 34, Element: add
[CALLSITE] Filepath: /media/4tb/npex/npex_data/benchmarks-bears/Bears-189-buggy/src/main/java/hu/oe/nik/szfmv/automatedcar/systemcomponents/SteeringWheel.java, Line: 26, Element: getInstance
[ENTRY] Filepath: /media/4tb/npex/npex_data/benchmarks-bears/Bears-189-buggy/src/main/java/hu/oe/nik/szfmv/automatedcar/bus/packets/input/InputPacket.java, Line: 42, Element: getInstance
[CALLSITE] Filepath: /media/4tb/npex/npex_data/benchmarks-bears/Bears-189-buggy/src/main/java/hu/oe/nik/szfmv/automatedcar/systemcomponents/SteeringWheel.java, Line: 29, Element: getInstance
[ENTRY] Filepath: /media/4tb/npex/npex_data/benchmarks-bears/Bears-189-buggy/src/main/java/hu/oe/nik/szfmv/automatedcar/input/InputHandler.java, Line: 71, Element: getInstance
[CALLSITE] Filepath: /media/4tb/npex/npex_data/benchmarks-bears/Bears-189-buggy/src/main/java/hu/oe/nik/szfmv/automatedcar/systemcomponents/SystemComponent.java, Line: 20, Element: registerComponent
[ENTRY] Filepath: /media/4tb/npex/npex_data/benchmarks-bears/Bears-189-buggy/src/main/java/hu/oe/nik/szfmv/automatedcar/bus/VirtualFunctionBus.java, Line: 33, Element: registerComponent
[CALLSITE] Filepath: /media/4tb/npex/npex_data/benchmarks-bears/Bears-189-buggy/src/main/java/hu/oe/nik/szfmv/automatedcar/bus/VirtualFunctionBus.java, Line: 34, Element: add
[CALLSITE] Filepath: /media/4tb/npex/npex_data/benchmarks-bears/Bears-189-buggy/src/main/java/hu/oe/nik/szfmv/automatedcar/systemcomponents/Driver.java, Line: 20, Element: getInstance
[ENTRY] Filepath: /media/4tb/npex/npex_data/benchmarks-bears/Bears-189-buggy/src/main/java/hu/oe/nik/szfmv/automatedcar/input/InputHandler.java, Line: 71, Element: getInstance
[ENTRY] Filepath: /media/4tb/npex/npex_data/benchmarks-bears/Bears-189-buggy/src/test/java/hu/oe/nik/szfmv/automatedcar/sensors/UltrasonicSensorTest.java, Line: 22, Element: initialize
[CALLSITE] Filepath: /media/4tb/npex/npex_data/benchmarks-bears/Bears-189-buggy/src/test/java/hu/oe/nik/szfmv/automatedcar/sensors/UltrasonicSensorTest.java, Line: 23, Element: toRadians
[CALLSITE] Filepath: /media/4tb/npex/npex_data/benchmarks-bears/Bears-189-buggy/src/test/java/hu/oe/nik/szfmv/automatedcar/sensors/UltrasonicSensorTest.java, Line: 23, Element: setRotation
[ENTRY] Filepath: /media/4tb/npex/npex_data/benchmarks-bears/Bears-189-buggy/src/main/java/hu/oe/nik/szfmv/environment/WorldObject.java, Line: 88, Element: setRotation
[CALLSITE] Filepath: /media/4tb/npex/npex_data/benchmarks-bears/Bears-189-buggy/src/test/java/hu/oe/nik/szfmv/automatedcar/sensors/UltrasonicSensorTest.java, Line: 24, Element: setX
[ENTRY] Filepath: /media/4tb/npex/npex_data/benchmarks-bears/Bears-189-buggy/src/main/java/hu/oe/nik/szfmv/environment/WorldObject.java, Line: 48, Element: setX
[CALLSITE] Filepath: /media/4tb/npex/npex_data/benchmarks-bears/Bears-189-buggy/src/test/java/hu/oe/nik/szfmv/automatedcar/sensors/UltrasonicSensorTest.java, Line: 25, Element: setY
[ENTRY] Filepath: /media/4tb/npex/npex_data/benchmarks-bears/Bears-189-buggy/src/main/java/hu/oe/nik/szfmv/environment/WorldObject.java, Line: 56, Element: setY
[CALLSITE] Filepath: /media/4tb/npex/npex_data/benchmarks-bears/Bears-189-buggy/src/test/java/hu/oe/nik/szfmv/automatedcar/sensors/UltrasonicSensorTest.java, Line: 26, Element: getWorldObjects
[CALLSITE] Filepath: /media/4tb/npex/npex_data/benchmarks-bears/Bears-189-buggy/src/test/java/hu/oe/nik/szfmv/automatedcar/sensors/UltrasonicSensorTest.java, Line: 26, Element: clear
[ENTRY] Filepath: /media/4tb/npex/npex_data/benchmarks-bears/Bears-189-buggy/src/main/java/hu/oe/nik/szfmv/environment/World.java, Line: 47, Element: getWorldObjects
[CALLSITE] Filepath: /media/4tb/npex/npex_data/benchmarks-bears/Bears-189-buggy/src/test/java/hu/oe/nik/szfmv/automatedcar/sensors/UltrasonicSensorTest.java, Line: 29, Element: setWidth
[ENTRY] Filepath: /media/4tb/npex/npex_data/benchmarks-bears/Bears-189-buggy/src/main/java/hu/oe/nik/szfmv/environment/WorldObject.java, Line: 68, Element: setWidth
[CALLSITE] Filepath: /media/4tb/npex/npex_data/benchmarks-bears/Bears-189-buggy/src/test/java/hu/oe/nik/szfmv/automatedcar/sensors/UltrasonicSensorTest.java, Line: 30, Element: setHeight
[ENTRY] Filepath: /media/4tb/npex/npex_data/benchmarks-bears/Bears-189-buggy/src/main/java/hu/oe/nik/szfmv/environment/WorldObject.java, Line: 72, Element: setHeight
[CALLSITE] Filepath: /media/4tb/npex/npex_data/benchmarks-bears/Bears-189-buggy/src/test/java/hu/oe/nik/szfmv/automatedcar/sensors/UltrasonicSensorTest.java, Line: 31, Element: generateShape
[ENTRY] Filepath: /media/4tb/npex/npex_data/benchmarks-bears/Bears-189-buggy/src/main/java/hu/oe/nik/szfmv/environment/models/RoadSign.java, Line: 35, Element: generateShape
[CALLSITE] Filepath: /media/4tb/npex/npex_data/benchmarks-bears/Bears-189-buggy/src/main/java/hu/oe/nik/szfmv/environment/models/RoadSign.java, Line: 39, Element: getRotation
[CALLSITE] Filepath: /media/4tb/npex/npex_data/benchmarks-bears/Bears-189-buggy/src/main/java/hu/oe/nik/szfmv/environment/models/RoadSign.java, Line: 39, Element: getX
[CALLSITE] Filepath: /media/4tb/npex/npex_data/benchmarks-bears/Bears-189-buggy/src/main/java/hu/oe/nik/szfmv/environment/models/RoadSign.java, Line: 39, Element: getY
[CALLSITE] Filepath: /media/4tb/npex/npex_data/benchmarks-bears/Bears-189-buggy/src/main/java/hu/oe/nik/szfmv/environment/models/RoadSign.java, Line: 39, Element: rotate
[ENTRY] Filepath: /media/4tb/npex/npex_data/benchmarks-bears/Bears-189-buggy/src/main/java/hu/oe/nik/szfmv/environment/WorldObject.java, Line: 76, Element: getRotation
[ENTRY] Filepath: /media/4tb/npex/npex_data/benchmarks-bears/Bears-189-buggy/src/main/java/hu/oe/nik/szfmv/environment/WorldObject.java, Line: 44, Element: getX
[ENTRY] Filepath: /media/4tb/npex/npex_data/benchmarks-bears/Bears-189-buggy/src/main/java/hu/oe/nik/szfmv/environment/WorldObject.java, Line: 52, Element: getY
[CALLSITE] Filepath: /media/4tb/npex/npex_data/benchmarks-bears/Bears-189-buggy/src/main/java/hu/oe/nik/szfmv/environment/models/RoadSign.java, Line: 40, Element: createTransformedShape
[ENTRY] Filepath: /media/4tb/npex/npex_data/benchmarks-bears/Bears-189-buggy/src/main/java/hu/oe/nik/szfmv/environment/WorldObject.java, Line: 44, Element: getX
[ENTRY] Filepath: /media/4tb/npex/npex_data/benchmarks-bears/Bears-189-buggy/src/main/java/hu/oe/nik/szfmv/environment/WorldObject.java, Line: 60, Element: getWidth
[ENTRY] Filepath: /media/4tb/npex/npex_data/benchmarks-bears/Bears-189-buggy/src/main/java/hu/oe/nik/szfmv/environment/WorldObject.java, Line: 52, Element: getY
[ENTRY] Filepath: /media/4tb/npex/npex_data/benchmarks-bears/Bears-189-buggy/src/main/java/hu/oe/nik/szfmv/environment/WorldObject.java, Line: 64, Element: getHeight
[CALLSITE] Filepath: /media/4tb/npex/npex_data/benchmarks-bears/Bears-189-buggy/src/test/java/hu/oe/nik/szfmv/automatedcar/sensors/UltrasonicSensorTest.java, Line: 32, Element: addObjectToWorld
[ENTRY] Filepath: /media/4tb/npex/npex_data/benchmarks-bears/Bears-189-buggy/src/main/java/hu/oe/nik/szfmv/environment/World.java, Line: 56, Element: addObjectToWorld
[CALLSITE] Filepath: /media/4tb/npex/npex_data/benchmarks-bears/Bears-189-buggy/src/main/java/hu/oe/nik/szfmv/environment/World.java, Line: 57, Element: add
[CALLSITE] Filepath: /media/4tb/npex/npex_data/benchmarks-bears/Bears-189-buggy/src/test/java/hu/oe/nik/szfmv/automatedcar/sensors/UltrasonicSensorTest.java, Line: 35, Element: generateShape
[ENTRY] Filepath: /media/4tb/npex/npex_data/benchmarks-bears/Bears-189-buggy/src/main/java/hu/oe/nik/szfmv/environment/models/RoadSign.java, Line: 35, Element: generateShape
[CALLSITE] Filepath: /media/4tb/npex/npex_data/benchmarks-bears/Bears-189-buggy/src/main/java/hu/oe/nik/szfmv/environment/models/RoadSign.java, Line: 39, Element: getRotation
[CALLSITE] Filepath: /media/4tb/npex/npex_data/benchmarks-bears/Bears-189-buggy/src/main/java/hu/oe/nik/szfmv/environment/models/RoadSign.java, Line: 39, Element: getX
[CALLSITE] Filepath: /media/4tb/npex/npex_data/benchmarks-bears/Bears-189-buggy/src/main/java/hu/oe/nik/szfmv/environment/models/RoadSign.java, Line: 39, Element: getY
[CALLSITE] Filepath: /media/4tb/npex/npex_data/benchmarks-bears/Bears-189-buggy/src/main/java/hu/oe/nik/szfmv/environment/models/RoadSign.java, Line: 39, Element: rotate
[ENTRY] Filepath: /media/4tb/npex/npex_data/benchmarks-bears/Bears-189-buggy/src/main/java/hu/oe/nik/szfmv/environment/WorldObject.java, Line: 76, Element: getRotation
[ENTRY] Filepath: /media/4tb/npex/npex_data/benchmarks-bears/Bears-189-buggy/src/main/java/hu/oe/nik/szfmv/environment/WorldObject.java, Line: 44, Element: getX
[ENTRY] Filepath: /media/4tb/npex/npex_data/benchmarks-bears/Bears-189-buggy/src/main/java/hu/oe/nik/szfmv/environment/WorldObject.java, Line: 52, Element: getY
[CALLSITE] Filepath: /media/4tb/npex/npex_data/benchmarks-bears/Bears-189-buggy/src/main/java/hu/oe/nik/szfmv/environment/models/RoadSign.java, Line: 40, Element: createTransformedShape
[ENTRY] Filepath: /media/4tb/npex/npex_data/benchmarks-bears/Bears-189-buggy/src/main/java/hu/oe/nik/szfmv/environment/WorldObject.java, Line: 44, Element: getX
[ENTRY] Filepath: /media/4tb/npex/npex_data/benchmarks-bears/Bears-189-buggy/src/main/java/hu/oe/nik/szfmv/environment/WorldObject.java, Line: 60, Element: getWidth
[ENTRY] Filepath: /media/4tb/npex/npex_data/benchmarks-bears/Bears-189-buggy/src/main/java/hu/oe/nik/szfmv/environment/WorldObject.java, Line: 52, Element: getY
[ENTRY] Filepath: /media/4tb/npex/npex_data/benchmarks-bears/Bears-189-buggy/src/main/java/hu/oe/nik/szfmv/environment/WorldObject.java, Line: 64, Element: getHeight
[CALLSITE] Filepath: /media/4tb/npex/npex_data/benchmarks-bears/Bears-189-buggy/src/test/java/hu/oe/nik/szfmv/automatedcar/sensors/UltrasonicSensorTest.java, Line: 36, Element: addObjectToWorld
[ENTRY] Filepath: /media/4tb/npex/npex_data/benchmarks-bears/Bears-189-buggy/src/main/java/hu/oe/nik/szfmv/environment/World.java, Line: 56, Element: addObjectToWorld
[CALLSITE] Filepath: /media/4tb/npex/npex_data/benchmarks-bears/Bears-189-buggy/src/main/java/hu/oe/nik/szfmv/environment/World.java, Line: 57, Element: add
[ENTRY] Filepath: /media/4tb/npex/npex_data/benchmarks-bears/Bears-189-buggy/src/test/java/hu/oe/nik/szfmv/automatedcar/sensors/UltrasonicSensorTest.java, Line: 62, Element: testNearestObjectDimensions
[ENTRY] Filepath: /media/4tb/npex/npex_data/benchmarks-bears/Bears-189-buggy/src/main/java/hu/oe/nik/szfmv/common/Utils.java, Line: 23, Element: convertMeterToPixel
[CALLSITE] Filepath: /media/4tb/npex/npex_data/benchmarks-bears/Bears-189-buggy/src/test/java/hu/oe/nik/szfmv/automatedcar/sensors/UltrasonicSensorTest.java, Line: 64, Element: getNearestObjectDimensions
[ENTRY] Filepath: /media/4tb/npex/npex_data/benchmarks-bears/Bears-189-buggy/src/main/java/hu/oe/nik/szfmv/automatedcar/sensors/UltrasonicSensor.java, Line: 119, Element: getNearestObjectDimensions
[CALLSITE] Filepath: /media/4tb/npex/npex_data/benchmarks-bears/Bears-189-buggy/src/main/java/hu/oe/nik/szfmv/automatedcar/sensors/UltrasonicSensor.java, Line: 120, Element: getNearestObject
[ENTRY] Filepath: /media/4tb/npex/npex_data/benchmarks-bears/Bears-189-buggy/src/main/java/hu/oe/nik/szfmv/automatedcar/sensors/UltrasonicSensor.java, Line: 83, Element: getNearestObject
[CALLSITE] Filepath: /media/4tb/npex/npex_data/benchmarks-bears/Bears-189-buggy/src/main/java/hu/oe/nik/szfmv/automatedcar/sensors/UltrasonicSensor.java, Line: 84, Element: getTriangleForSensor
[ENTRY] Filepath: /media/4tb/npex/npex_data/benchmarks-bears/Bears-189-buggy/src/main/java/hu/oe/nik/szfmv/automatedcar/sensors/UltrasonicSensor.java, Line: 147, Element: getTriangleForSensor
[CALLSITE] Filepath: /media/4tb/npex/npex_data/benchmarks-bears/Bears-189-buggy/src/main/java/hu/oe/nik/szfmv/automatedcar/sensors/UltrasonicSensor.java, Line: 148, Element: getX
[CALLSITE] Filepath: /media/4tb/npex/npex_data/benchmarks-bears/Bears-189-buggy/src/main/java/hu/oe/nik/szfmv/automatedcar/sensors/UltrasonicSensor.java, Line: 148, Element: getY
[ENTRY] Filepath: /media/4tb/npex/npex_data/benchmarks-bears/Bears-189-buggy/src/main/java/hu/oe/nik/szfmv/automatedcar/sensors/UltrasonicSensor.java, Line: 157, Element: getX
[CALLSITE] Filepath: /media/4tb/npex/npex_data/benchmarks-bears/Bears-189-buggy/src/main/java/hu/oe/nik/szfmv/automatedcar/sensors/UltrasonicSensor.java, Line: 158, Element: getX
[ENTRY] Filepath: /media/4tb/npex/npex_data/benchmarks-bears/Bears-189-buggy/src/main/java/hu/oe/nik/szfmv/environment/WorldObject.java, Line: 44, Element: getX
[ENTRY] Filepath: /media/4tb/npex/npex_data/benchmarks-bears/Bears-189-buggy/src/main/java/hu/oe/nik/szfmv/automatedcar/sensors/UltrasonicSensor.java, Line: 165, Element: getY
[CALLSITE] Filepath: /media/4tb/npex/npex_data/benchmarks-bears/Bears-189-buggy/src/main/java/hu/oe/nik/szfmv/automatedcar/sensors/UltrasonicSensor.java, Line: 166, Element: getY
[ENTRY] Filepath: /media/4tb/npex/npex_data/benchmarks-bears/Bears-189-buggy/src/main/java/hu/oe/nik/szfmv/environment/WorldObject.java, Line: 52, Element: getY
[CALLSITE] Filepath: /media/4tb/npex/npex_data/benchmarks-bears/Bears-189-buggy/src/main/java/hu/oe/nik/szfmv/automatedcar/sensors/UltrasonicSensor.java, Line: 149, Element: getRotation
[ENTRY] Filepath: /media/4tb/npex/npex_data/benchmarks-bears/Bears-189-buggy/src/main/java/hu/oe/nik/szfmv/automatedcar/sensors/UltrasonicSensor.java, Line: 173, Element: getRotation
[CALLSITE] Filepath: /media/4tb/npex/npex_data/benchmarks-bears/Bears-189-buggy/src/main/java/hu/oe/nik/szfmv/automatedcar/sensors/UltrasonicSensor.java, Line: 174, Element: getRotation
[CALLSITE] Filepath: /media/4tb/npex/npex_data/benchmarks-bears/Bears-189-buggy/src/main/java/hu/oe/nik/szfmv/automatedcar/sensors/UltrasonicSensor.java, Line: 174, Element: toDegrees
[ENTRY] Filepath: /media/4tb/npex/npex_data/benchmarks-bears/Bears-189-buggy/src/main/java/hu/oe/nik/szfmv/environment/WorldObject.java, Line: 76, Element: getRotation
[CALLSITE] Filepath: /media/4tb/npex/npex_data/benchmarks-bears/Bears-189-buggy/src/main/java/hu/oe/nik/szfmv/automatedcar/sensors/UltrasonicSensor.java, Line: 150, Element: trianglePoints
[ENTRY] Filepath: /media/4tb/npex/npex_data/benchmarks-bears/Bears-189-buggy/src/main/java/hu/oe/nik/szfmv/detector/classes/Triangle.java, Line: 22, Element: trianglePoints
[CALLSITE] Filepath: /media/4tb/npex/npex_data/benchmarks-bears/Bears-189-buggy/src/main/java/hu/oe/nik/szfmv/detector/classes/Triangle.java, Line: 28, Element: toRadians
[CALLSITE] Filepath: /media/4tb/npex/npex_data/benchmarks-bears/Bears-189-buggy/src/main/java/hu/oe/nik/szfmv/detector/classes/Triangle.java, Line: 28, Element: cos
[CALLSITE] Filepath: /media/4tb/npex/npex_data/benchmarks-bears/Bears-189-buggy/src/main/java/hu/oe/nik/szfmv/detector/classes/Triangle.java, Line: 30, Element: getPolarPoint
[ENTRY] Filepath: /media/4tb/npex/npex_data/benchmarks-bears/Bears-189-buggy/src/main/java/hu/oe/nik/szfmv/detector/classes/Triangle.java, Line: 47, Element: getPolarPoint
[CALLSITE] Filepath: /media/4tb/npex/npex_data/benchmarks-bears/Bears-189-buggy/src/main/java/hu/oe/nik/szfmv/detector/classes/Triangle.java, Line: 48, Element: toRadians
[CALLSITE] Filepath: /media/4tb/npex/npex_data/benchmarks-bears/Bears-189-buggy/src/main/java/hu/oe/nik/szfmv/detector/classes/Triangle.java, Line: 48, Element: cos
[CALLSITE] Filepath: /media/4tb/npex/npex_data/benchmarks-bears/Bears-189-buggy/src/main/java/hu/oe/nik/szfmv/detector/classes/Triangle.java, Line: 49, Element: toRadians
[CALLSITE] Filepath: /media/4tb/npex/npex_data/benchmarks-bears/Bears-189-buggy/src/main/java/hu/oe/nik/szfmv/detector/classes/Triangle.java, Line: 49, Element: sin
[CALLSITE] Filepath: /media/4tb/npex/npex_data/benchmarks-bears/Bears-189-buggy/src/main/java/hu/oe/nik/szfmv/detector/classes/Triangle.java, Line: 50, Element: doubleValue
[CALLSITE] Filepath: /media/4tb/npex/npex_data/benchmarks-bears/Bears-189-buggy/src/main/java/hu/oe/nik/szfmv/detector/classes/Triangle.java, Line: 50, Element: round
[CALLSITE] Filepath: /media/4tb/npex/npex_data/benchmarks-bears/Bears-189-buggy/src/main/java/hu/oe/nik/szfmv/detector/classes/Triangle.java, Line: 50, Element: doubleValue
[CALLSITE] Filepath: /media/4tb/npex/npex_data/benchmarks-bears/Bears-189-buggy/src/main/java/hu/oe/nik/szfmv/detector/classes/Triangle.java, Line: 50, Element: round
[CALLSITE] Filepath: /media/4tb/npex/npex_data/benchmarks-bears/Bears-189-buggy/src/main/java/hu/oe/nik/szfmv/detector/classes/Triangle.java, Line: 31, Element: getPolarPoint
[ENTRY] Filepath: /media/4tb/npex/npex_data/benchmarks-bears/Bears-189-buggy/src/main/java/hu/oe/nik/szfmv/detector/classes/Triangle.java, Line: 47, Element: getPolarPoint
[CALLSITE] Filepath: /media/4tb/npex/npex_data/benchmarks-bears/Bears-189-buggy/src/main/java/hu/oe/nik/szfmv/detector/classes/Triangle.java, Line: 48, Element: toRadians
[CALLSITE] Filepath: /media/4tb/npex/npex_data/benchmarks-bears/Bears-189-buggy/src/main/java/hu/oe/nik/szfmv/detector/classes/Triangle.java, Line: 48, Element: cos
[CALLSITE] Filepath: /media/4tb/npex/npex_data/benchmarks-bears/Bears-189-buggy/src/main/java/hu/oe/nik/szfmv/detector/classes/Triangle.java, Line: 49, Element: toRadians
[CALLSITE] Filepath: /media/4tb/npex/npex_data/benchmarks-bears/Bears-189-buggy/src/main/java/hu/oe/nik/szfmv/detector/classes/Triangle.java, Line: 49, Element: sin
[CALLSITE] Filepath: /media/4tb/npex/npex_data/benchmarks-bears/Bears-189-buggy/src/main/java/hu/oe/nik/szfmv/detector/classes/Triangle.java, Line: 50, Element: doubleValue
[CALLSITE] Filepath: /media/4tb/npex/npex_data/benchmarks-bears/Bears-189-buggy/src/main/java/hu/oe/nik/szfmv/detector/classes/Triangle.java, Line: 50, Element: round
[CALLSITE] Filepath: /media/4tb/npex/npex_data/benchmarks-bears/Bears-189-buggy/src/main/java/hu/oe/nik/szfmv/detector/classes/Triangle.java, Line: 50, Element: doubleValue
[CALLSITE] Filepath: /media/4tb/npex/npex_data/benchmarks-bears/Bears-189-buggy/src/main/java/hu/oe/nik/szfmv/detector/classes/Triangle.java, Line: 50, Element: round
[CALLSITE] Filepath: /media/4tb/npex/npex_data/benchmarks-bears/Bears-189-buggy/src/main/java/hu/oe/nik/szfmv/detector/classes/Triangle.java, Line: 33, Element: movePoint
[ENTRY] Filepath: /media/4tb/npex/npex_data/benchmarks-bears/Bears-189-buggy/src/main/java/hu/oe/nik/szfmv/detector/classes/Triangle.java, Line: 58, Element: movePoint
[CALLSITE] Filepath: /media/4tb/npex/npex_data/benchmarks-bears/Bears-189-buggy/src/main/java/hu/oe/nik/szfmv/detector/classes/Triangle.java, Line: 34, Element: movePoint
[ENTRY] Filepath: /media/4tb/npex/npex_data/benchmarks-bears/Bears-189-buggy/src/main/java/hu/oe/nik/szfmv/detector/classes/Triangle.java, Line: 58, Element: movePoint
[CALLSITE] Filepath: /media/4tb/npex/npex_data/benchmarks-bears/Bears-189-buggy/src/main/java/hu/oe/nik/szfmv/automatedcar/sensors/UltrasonicSensor.java, Line: 85, Element: getDetector
[ENTRY] Filepath: /media/4tb/npex/npex_data/benchmarks-bears/Bears-189-buggy/src/main/java/hu/oe/nik/szfmv/detector/classes/Detector.java, Line: 65, Element: getDetector
[CALLSITE] Filepath: /media/4tb/npex/npex_data/benchmarks-bears/Bears-189-buggy/src/main/java/hu/oe/nik/szfmv/automatedcar/sensors/UltrasonicSensor.java, Line: 86, Element: getCollidableObjects
[ENTRY] Filepath: /media/4tb/npex/npex_data/benchmarks-bears/Bears-189-buggy/src/main/java/hu/oe/nik/szfmv/detector/classes/Detector.java, Line: 86, Element: getCollidableObjects
[ENTRY] Filepath: /media/4tb/npex/npex_data/benchmarks-bears/Bears-189-buggy/src/main/java/hu/oe/nik/szfmv/detector/classes/Detector.java, Line: 49, Element: getTheObjectsWhichAreInTheTriangle
[CALLSITE] Filepath: /media/4tb/npex/npex_data/benchmarks-bears/Bears-189-buggy/src/main/java/hu/oe/nik/szfmv/detector/classes/Detector.java, Line: 50, Element: createTriangle
[ENTRY] Filepath: /media/4tb/npex/npex_data/benchmarks-bears/Bears-189-buggy/src/main/java/hu/oe/nik/szfmv/detector/classes/Detector.java, Line: 32, Element: createTriangle
[CALLSITE] Filepath: /media/4tb/npex/npex_data/benchmarks-bears/Bears-189-buggy/src/main/java/hu/oe/nik/szfmv/detector/classes/Detector.java, Line: 34, Element: addPoint
[CALLSITE] Filepath: /media/4tb/npex/npex_data/benchmarks-bears/Bears-189-buggy/src/main/java/hu/oe/nik/szfmv/detector/classes/Detector.java, Line: 35, Element: addPoint
[CALLSITE] Filepath: /media/4tb/npex/npex_data/benchmarks-bears/Bears-189-buggy/src/main/java/hu/oe/nik/szfmv/detector/classes/Detector.java, Line: 36, Element: addPoint
[CALLSITE] Filepath: /media/4tb/npex/npex_data/benchmarks-bears/Bears-189-buggy/src/main/java/hu/oe/nik/szfmv/detector/classes/Detector.java, Line: 52, Element: size
</system-out>
    <system-err>ERROR StatusLogger No log4j2 configuration file found. Using default configuration: logging only errors to the console.
</system-err>
  </testcase>
</testsuite>