<?xml version="1.0" encoding="UTF-8"?>
<testsuite xmlns:xsi="http://www.w3.org/2001/XMLSchema-instance" xsi:noNamespaceSchemaLocation="https://maven.apache.org/surefire/maven-surefire-plugin/xsd/surefire-test-report.xsd" name="io.lettuce.core.SyncAsyncApiConvergenceUnitTests" time="0.278" tests="1188" errors="0" skipped="0" failures="0">
  <properties>
    <property name="awt.toolkit" value="sun.awt.X11.XToolkit"/>
    <property name="file.encoding.pkg" value="sun.io"/>
    <property name="java.specification.version" value="1.8"/>
    <property name="sun.cpu.isalist" value=""/>
    <property name="sun.jnu.encoding" value="UTF-8"/>
    <property name="java.class.path" value="/media/4tb/npex/npex_data/benchmarks-bears/Bears-225-buggy/target/test-classes:/media/4tb/npex/npex_data/benchmarks-bears/Bears-225-buggy/target/classes:/home/june/.m2/repository/io/projectreactor/reactor-core/3.2.0.RELEASE/reactor-core-3.2.0.RELEASE.jar:/home/june/.m2/repository/org/reactivestreams/reactive-streams/1.0.2/reactive-streams-1.0.2.jar:/home/june/.m2/repository/io/netty/netty-common/4.1.29.Final/netty-common-4.1.29.Final.jar:/home/june/.m2/repository/io/netty/netty-transport/4.1.29.Final/netty-transport-4.1.29.Final.jar:/home/june/.m2/repository/io/netty/netty-buffer/4.1.29.Final/netty-buffer-4.1.29.Final.jar:/home/june/.m2/repository/io/netty/netty-resolver/4.1.29.Final/netty-resolver-4.1.29.Final.jar:/home/june/.m2/repository/io/netty/netty-handler/4.1.29.Final/netty-handler-4.1.29.Final.jar:/home/june/.m2/repository/io/netty/netty-codec/4.1.29.Final/netty-codec-4.1.29.Final.jar:/home/june/.m2/repository/io/netty/netty-transport-native-epoll/4.1.29.Final/netty-transport-native-epoll-4.1.29.Final-linux-x86_64.jar:/home/june/.m2/repository/io/netty/netty-transport-native-unix-common/4.1.29.Final/netty-transport-native-unix-common-4.1.29.Final.jar:/home/june/.m2/repository/io/netty/netty-transport-native-kqueue/4.1.29.Final/netty-transport-native-kqueue-4.1.29.Final-osx-x86_64.jar:/home/june/.m2/repository/io/netty/netty-tcnative/1.1.33.Fork26/netty-tcnative-1.1.33.Fork26-linux-x86_64.jar:/home/june/.m2/repository/org/apache/commons/commons-pool2/2.6.0/commons-pool2-2.6.0.jar:/home/june/.m2/repository/org/latencyutils/LatencyUtils/2.0.3/LatencyUtils-2.0.3.jar:/home/june/.m2/repository/org/hdrhistogram/HdrHistogram/2.1.10/HdrHistogram-2.1.10.jar:/home/june/.m2/repository/io/zipkin/brave/brave/5.2.0/brave-5.2.0.jar:/home/june/.m2/repository/io/zipkin/zipkin2/zipkin/2.10.4/zipkin-2.10.4.jar:/home/june/.m2/repository/io/zipkin/reporter2/zipkin-reporter/2.7.7/zipkin-reporter-2.7.7.jar:/home/june/.m2/repository/io/reactivex/rxjava/1.3.8/rxjava-1.3.8.jar:/home/june/.m2/repository/io/reactivex/rxjava-reactive-streams/1.2.1/rxjava-reactive-streams-1.2.1.jar:/home/june/.m2/repository/io/reactivex/rxjava2/rxjava/2.2.2/rxjava-2.2.2.jar:/home/june/.m2/repository/org/springframework/spring-beans/4.3.19.RELEASE/spring-beans-4.3.19.RELEASE.jar:/home/june/.m2/repository/org/springframework/spring-context/4.3.19.RELEASE/spring-context-4.3.19.RELEASE.jar:/home/june/.m2/repository/org/springframework/spring-core/4.3.19.RELEASE/spring-core-4.3.19.RELEASE.jar:/home/june/.m2/repository/commons-logging/commons-logging/1.2/commons-logging-1.2.jar:/home/june/.m2/repository/org/springframework/spring-aop/4.3.19.RELEASE/spring-aop-4.3.19.RELEASE.jar:/home/june/.m2/repository/javax/inject/javax.inject/1/javax.inject-1.jar:/home/june/.m2/repository/javax/enterprise/cdi-api/2.0/cdi-api-2.0.jar:/home/june/.m2/repository/javax/el/javax.el-api/3.0.0/javax.el-api-3.0.0.jar:/home/june/.m2/repository/javax/interceptor/javax.interceptor-api/1.2/javax.interceptor-api-1.2.jar:/home/june/.m2/repository/com/google/code/findbugs/jsr305/3.0.1/jsr305-3.0.1.jar:/home/june/.m2/repository/junit/junit/4.12/junit-4.12.jar:/home/june/.m2/repository/org/hamcrest/hamcrest-core/1.3/hamcrest-core-1.3.jar:/home/june/.m2/repository/org/junit/jupiter/junit-jupiter-api/5.3.1/junit-jupiter-api-5.3.1.jar:/home/june/.m2/repository/org/apiguardian/apiguardian-api/1.0.0/apiguardian-api-1.0.0.jar:/home/june/.m2/repository/org/opentest4j/opentest4j/1.1.1/opentest4j-1.1.1.jar:/home/june/.m2/repository/org/junit/platform/junit-platform-commons/1.3.1/junit-platform-commons-1.3.1.jar:/home/june/.m2/repository/org/junit/jupiter/junit-jupiter-params/5.3.1/junit-jupiter-params-5.3.1.jar:/home/june/.m2/repository/io/projectreactor/reactor-test/3.2.0.RELEASE/reactor-test-3.2.0.RELEASE.jar:/home/june/.m2/repository/com/googlecode/multithreadedtc/multithreadedtc/1.01/multithreadedtc-1.01.jar:/home/june/.m2/repository/org/mockito/mockito-core/2.22.0/mockito-core-2.22.0.jar:/home/june/.m2/repository/net/bytebuddy/byte-buddy/1.8.21/byte-buddy-1.8.21.jar:/home/june/.m2/repository/net/bytebuddy/byte-buddy-agent/1.8.21/byte-buddy-agent-1.8.21.jar:/home/june/.m2/repository/org/objenesis/objenesis/2.6/objenesis-2.6.jar:/home/june/.m2/repository/org/mockito/mockito-junit-jupiter/2.22.0/mockito-junit-jupiter-2.22.0.jar:/home/june/.m2/repository/org/apache/openwebbeans/openwebbeans-se/2.0.6/openwebbeans-se-2.0.6.jar:/home/june/.m2/repository/org/apache/openwebbeans/openwebbeans-impl/2.0.6/openwebbeans-impl-2.0.6.jar:/home/june/.m2/repository/org/apache/xbean/xbean-finder-shaded/4.8/xbean-finder-shaded-4.8.jar:/home/june/.m2/repository/org/apache/xbean/xbean-asm6-shaded/4.8/xbean-asm6-shaded-4.8.jar:/home/june/.m2/repository/org/apache/openwebbeans/openwebbeans-spi/2.0.6/openwebbeans-spi-2.0.6.jar:/home/june/.m2/repository/javax/annotation/javax.annotation-api/1.3.2/javax.annotation-api-1.3.2.jar:/home/june/.m2/repository/javax/servlet/javax.servlet-api/3.1.0/javax.servlet-api-3.1.0.jar:/home/june/.m2/repository/org/assertj/assertj-core/3.11.1/assertj-core-3.11.1.jar:/home/june/.m2/repository/org/apache/logging/log4j/log4j-core/2.11.0/log4j-core-2.11.0.jar:/home/june/.m2/repository/org/apache/logging/log4j/log4j-api/2.11.0/log4j-api-2.11.0.jar:/home/june/.m2/repository/org/apache/logging/log4j/log4j-slf4j-impl/2.11.0/log4j-slf4j-impl-2.11.0.jar:/home/june/.m2/repository/org/slf4j/slf4j-api/1.8.0-alpha2/slf4j-api-1.8.0-alpha2.jar:/home/june/.m2/repository/org/slf4j/jcl-over-slf4j/1.7.25/jcl-over-slf4j-1.7.25.jar:/home/june/.m2/repository/org/springframework/spring-test/4.3.19.RELEASE/spring-test-4.3.19.RELEASE.jar:/home/june/.m2/repository/org/springframework/spring-expression/4.3.19.RELEASE/spring-expression-4.3.19.RELEASE.jar:/home/june/.m2/repository/org/reactivestreams/reactive-streams-tck/1.0.0/reactive-streams-tck-1.0.0.jar:/home/june/.m2/repository/org/reactivestreams/reactive-streams-examples/1.0.0/reactive-streams-examples-1.0.0.jar:/home/june/.m2/repository/org/testng/testng/5.14.10/testng-5.14.10.jar:/home/june/.m2/repository/org/beanshell/bsh/2.0b4/bsh-2.0b4.jar:/home/june/.m2/repository/com/beust/jcommander/1.12/jcommander-1.12.jar:/home/june/.m2/repository/org/yaml/snakeyaml/1.6/snakeyaml-1.6.jar:/home/june/.m2/repository/org/hamcrest/hamcrest-library/1.3/hamcrest-library-1.3.jar:/home/june/.m2/repository/com/github/javaparser/javaparser-core/3.6.3/javaparser-core-3.6.3.jar:/home/june/.m2/repository/org/apache/commons/commons-lang3/3.8/commons-lang3-3.8.jar:/home/june/.m2/repository/org/junit/jupiter/junit-jupiter-engine/5.3.1/junit-jupiter-engine-5.3.1.jar:/home/june/.m2/repository/org/junit/platform/junit-platform-engine/1.3.1/junit-platform-engine-1.3.1.jar:/home/june/.m2/repository/org/junit/vintage/junit-vintage-engine/5.3.1/junit-vintage-engine-5.3.1.jar:/home/june/.m2/repository/org/apache/maven/surefire/surefire-testng-utils/2.22.0/surefire-testng-utils-2.22.0.jar:/home/june/.m2/repository/org/apache/maven/surefire/surefire-grouper/2.22.0/surefire-grouper-2.22.0.jar:"/>
    <property name="java.vm.vendor" value="Private Build"/>
    <property name="sun.arch.data.model" value="64"/>
    <property name="java.vendor.url" value="http://java.oracle.com/"/>
    <property name="user.timezone" value=""/>
    <property name="java.vm.specification.version" value="1.8"/>
    <property name="os.name" value="Linux"/>
    <property name="user.country" value="US"/>
    <property name="sun.java.launcher" value="SUN_STANDARD"/>
    <property name="sun.boot.library.path" value="/usr/lib/jvm/java-8-openjdk-amd64/jre/lib/amd64"/>
    <property name="sun.java.command" value="/media/4tb/npex/npex_data/benchmarks-bears/Bears-225-buggy/target/surefire/surefirebooter4262676246620754068.jar /media/4tb/npex/npex_data/benchmarks-bears/Bears-225-buggy/target/surefire 2020-10-01T13-23-27_652-jvmRun1 surefire7332056153821294692tmp surefire_05229854566047037441tmp"/>
    <property name="surefire.test.class.path" value="/media/4tb/npex/npex_data/benchmarks-bears/Bears-225-buggy/target/test-classes:/media/4tb/npex/npex_data/benchmarks-bears/Bears-225-buggy/target/classes:/home/june/.m2/repository/io/projectreactor/reactor-core/3.2.0.RELEASE/reactor-core-3.2.0.RELEASE.jar:/home/june/.m2/repository/org/reactivestreams/reactive-streams/1.0.2/reactive-streams-1.0.2.jar:/home/june/.m2/repository/io/netty/netty-common/4.1.29.Final/netty-common-4.1.29.Final.jar:/home/june/.m2/repository/io/netty/netty-transport/4.1.29.Final/netty-transport-4.1.29.Final.jar:/home/june/.m2/repository/io/netty/netty-buffer/4.1.29.Final/netty-buffer-4.1.29.Final.jar:/home/june/.m2/repository/io/netty/netty-resolver/4.1.29.Final/netty-resolver-4.1.29.Final.jar:/home/june/.m2/repository/io/netty/netty-handler/4.1.29.Final/netty-handler-4.1.29.Final.jar:/home/june/.m2/repository/io/netty/netty-codec/4.1.29.Final/netty-codec-4.1.29.Final.jar:/home/june/.m2/repository/io/netty/netty-transport-native-epoll/4.1.29.Final/netty-transport-native-epoll-4.1.29.Final-linux-x86_64.jar:/home/june/.m2/repository/io/netty/netty-transport-native-unix-common/4.1.29.Final/netty-transport-native-unix-common-4.1.29.Final.jar:/home/june/.m2/repository/io/netty/netty-transport-native-kqueue/4.1.29.Final/netty-transport-native-kqueue-4.1.29.Final-osx-x86_64.jar:/home/june/.m2/repository/io/netty/netty-tcnative/1.1.33.Fork26/netty-tcnative-1.1.33.Fork26-linux-x86_64.jar:/home/june/.m2/repository/org/apache/commons/commons-pool2/2.6.0/commons-pool2-2.6.0.jar:/home/june/.m2/repository/org/latencyutils/LatencyUtils/2.0.3/LatencyUtils-2.0.3.jar:/home/june/.m2/repository/org/hdrhistogram/HdrHistogram/2.1.10/HdrHistogram-2.1.10.jar:/home/june/.m2/repository/io/zipkin/brave/brave/5.2.0/brave-5.2.0.jar:/home/june/.m2/repository/io/zipkin/zipkin2/zipkin/2.10.4/zipkin-2.10.4.jar:/home/june/.m2/repository/io/zipkin/reporter2/zipkin-reporter/2.7.7/zipkin-reporter-2.7.7.jar:/home/june/.m2/repository/io/reactivex/rxjava/1.3.8/rxjava-1.3.8.jar:/home/june/.m2/repository/io/reactivex/rxjava-reactive-streams/1.2.1/rxjava-reactive-streams-1.2.1.jar:/home/june/.m2/repository/io/reactivex/rxjava2/rxjava/2.2.2/rxjava-2.2.2.jar:/home/june/.m2/repository/org/springframework/spring-beans/4.3.19.RELEASE/spring-beans-4.3.19.RELEASE.jar:/home/june/.m2/repository/org/springframework/spring-context/4.3.19.RELEASE/spring-context-4.3.19.RELEASE.jar:/home/june/.m2/repository/org/springframework/spring-core/4.3.19.RELEASE/spring-core-4.3.19.RELEASE.jar:/home/june/.m2/repository/commons-logging/commons-logging/1.2/commons-logging-1.2.jar:/home/june/.m2/repository/org/springframework/spring-aop/4.3.19.RELEASE/spring-aop-4.3.19.RELEASE.jar:/home/june/.m2/repository/javax/inject/javax.inject/1/javax.inject-1.jar:/home/june/.m2/repository/javax/enterprise/cdi-api/2.0/cdi-api-2.0.jar:/home/june/.m2/repository/javax/el/javax.el-api/3.0.0/javax.el-api-3.0.0.jar:/home/june/.m2/repository/javax/interceptor/javax.interceptor-api/1.2/javax.interceptor-api-1.2.jar:/home/june/.m2/repository/com/google/code/findbugs/jsr305/3.0.1/jsr305-3.0.1.jar:/home/june/.m2/repository/junit/junit/4.12/junit-4.12.jar:/home/june/.m2/repository/org/hamcrest/hamcrest-core/1.3/hamcrest-core-1.3.jar:/home/june/.m2/repository/org/junit/jupiter/junit-jupiter-api/5.3.1/junit-jupiter-api-5.3.1.jar:/home/june/.m2/repository/org/apiguardian/apiguardian-api/1.0.0/apiguardian-api-1.0.0.jar:/home/june/.m2/repository/org/opentest4j/opentest4j/1.1.1/opentest4j-1.1.1.jar:/home/june/.m2/repository/org/junit/platform/junit-platform-commons/1.3.1/junit-platform-commons-1.3.1.jar:/home/june/.m2/repository/org/junit/jupiter/junit-jupiter-params/5.3.1/junit-jupiter-params-5.3.1.jar:/home/june/.m2/repository/io/projectreactor/reactor-test/3.2.0.RELEASE/reactor-test-3.2.0.RELEASE.jar:/home/june/.m2/repository/com/googlecode/multithreadedtc/multithreadedtc/1.01/multithreadedtc-1.01.jar:/home/june/.m2/repository/org/mockito/mockito-core/2.22.0/mockito-core-2.22.0.jar:/home/june/.m2/repository/net/bytebuddy/byte-buddy/1.8.21/byte-buddy-1.8.21.jar:/home/june/.m2/repository/net/bytebuddy/byte-buddy-agent/1.8.21/byte-buddy-agent-1.8.21.jar:/home/june/.m2/repository/org/objenesis/objenesis/2.6/objenesis-2.6.jar:/home/june/.m2/repository/org/mockito/mockito-junit-jupiter/2.22.0/mockito-junit-jupiter-2.22.0.jar:/home/june/.m2/repository/org/apache/openwebbeans/openwebbeans-se/2.0.6/openwebbeans-se-2.0.6.jar:/home/june/.m2/repository/org/apache/openwebbeans/openwebbeans-impl/2.0.6/openwebbeans-impl-2.0.6.jar:/home/june/.m2/repository/org/apache/xbean/xbean-finder-shaded/4.8/xbean-finder-shaded-4.8.jar:/home/june/.m2/repository/org/apache/xbean/xbean-asm6-shaded/4.8/xbean-asm6-shaded-4.8.jar:/home/june/.m2/repository/org/apache/openwebbeans/openwebbeans-spi/2.0.6/openwebbeans-spi-2.0.6.jar:/home/june/.m2/repository/javax/annotation/javax.annotation-api/1.3.2/javax.annotation-api-1.3.2.jar:/home/june/.m2/repository/javax/servlet/javax.servlet-api/3.1.0/javax.servlet-api-3.1.0.jar:/home/june/.m2/repository/org/assertj/assertj-core/3.11.1/assertj-core-3.11.1.jar:/home/june/.m2/repository/org/apache/logging/log4j/log4j-core/2.11.0/log4j-core-2.11.0.jar:/home/june/.m2/repository/org/apache/logging/log4j/log4j-api/2.11.0/log4j-api-2.11.0.jar:/home/june/.m2/repository/org/apache/logging/log4j/log4j-slf4j-impl/2.11.0/log4j-slf4j-impl-2.11.0.jar:/home/june/.m2/repository/org/slf4j/slf4j-api/1.8.0-alpha2/slf4j-api-1.8.0-alpha2.jar:/home/june/.m2/repository/org/slf4j/jcl-over-slf4j/1.7.25/jcl-over-slf4j-1.7.25.jar:/home/june/.m2/repository/org/springframework/spring-test/4.3.19.RELEASE/spring-test-4.3.19.RELEASE.jar:/home/june/.m2/repository/org/springframework/spring-expression/4.3.19.RELEASE/spring-expression-4.3.19.RELEASE.jar:/home/june/.m2/repository/org/reactivestreams/reactive-streams-tck/1.0.0/reactive-streams-tck-1.0.0.jar:/home/june/.m2/repository/org/reactivestreams/reactive-streams-examples/1.0.0/reactive-streams-examples-1.0.0.jar:/home/june/.m2/repository/org/testng/testng/5.14.10/testng-5.14.10.jar:/home/june/.m2/repository/org/beanshell/bsh/2.0b4/bsh-2.0b4.jar:/home/june/.m2/repository/com/beust/jcommander/1.12/jcommander-1.12.jar:/home/june/.m2/repository/org/yaml/snakeyaml/1.6/snakeyaml-1.6.jar:/home/june/.m2/repository/org/hamcrest/hamcrest-library/1.3/hamcrest-library-1.3.jar:/home/june/.m2/repository/com/github/javaparser/javaparser-core/3.6.3/javaparser-core-3.6.3.jar:/home/june/.m2/repository/org/apache/commons/commons-lang3/3.8/commons-lang3-3.8.jar:/home/june/.m2/repository/org/junit/jupiter/junit-jupiter-engine/5.3.1/junit-jupiter-engine-5.3.1.jar:/home/june/.m2/repository/org/junit/platform/junit-platform-engine/1.3.1/junit-platform-engine-1.3.1.jar:/home/june/.m2/repository/org/junit/vintage/junit-vintage-engine/5.3.1/junit-vintage-engine-5.3.1.jar:/home/june/.m2/repository/org/apache/maven/surefire/surefire-testng-utils/2.22.0/surefire-testng-utils-2.22.0.jar:/home/june/.m2/repository/org/apache/maven/surefire/surefire-grouper/2.22.0/surefire-grouper-2.22.0.jar:"/>
    <property name="sun.cpu.endian" value="little"/>
    <property name="io.netty.eventLoopThreads" value="4"/>
    <property name="user.home" value="/home/june"/>
    <property name="user.language" value="en"/>
    <property name="java.specification.vendor" value="Oracle Corporation"/>
    <property name="java.home" value="/usr/lib/jvm/java-8-openjdk-amd64/jre"/>
    <property name="basedir" value="/media/4tb/npex/npex_data/benchmarks-bears/Bears-225-buggy"/>
    <property name="file.separator" value="/"/>
    <property name="line.separator" value="&#10;"/>
    <property name="java.vm.specification.vendor" value="Oracle Corporation"/>
    <property name="java.specification.name" value="Java Platform API Specification"/>
    <property name="java.awt.graphicsenv" value="sun.awt.X11GraphicsEnvironment"/>
    <property name="surefire.real.class.path" value="/media/4tb/npex/npex_data/benchmarks-bears/Bears-225-buggy/target/surefire/surefirebooter4262676246620754068.jar:/home/june/.m2/repository/org/jacoco/org.jacoco.agent/0.8.2/org.jacoco.agent-0.8.2-runtime.jar"/>
    <property name="sun.boot.class.path" value="/usr/lib/jvm/java-8-openjdk-amd64/jre/lib/resources.jar:/usr/lib/jvm/java-8-openjdk-amd64/jre/lib/rt.jar:/usr/lib/jvm/java-8-openjdk-amd64/jre/lib/sunrsasign.jar:/usr/lib/jvm/java-8-openjdk-amd64/jre/lib/jsse.jar:/usr/lib/jvm/java-8-openjdk-amd64/jre/lib/jce.jar:/usr/lib/jvm/java-8-openjdk-amd64/jre/lib/charsets.jar:/usr/lib/jvm/java-8-openjdk-amd64/jre/lib/jfr.jar:/usr/lib/jvm/java-8-openjdk-amd64/jre/classes"/>
    <property name="sun.management.compiler" value="HotSpot 64-Bit Tiered Compilers"/>
    <property name="java.runtime.version" value="1.8.0_252-8u252-b09-1~18.04-b09"/>
    <property name="user.name" value="june"/>
    <property name="path.separator" value=":"/>
    <property name="os.version" value="4.15.0-106-generic"/>
    <property name="java.endorsed.dirs" value="/usr/lib/jvm/java-8-openjdk-amd64/jre/lib/endorsed"/>
    <property name="java.runtime.name" value="OpenJDK Runtime Environment"/>
    <property name="file.encoding" value="UTF-8"/>
    <property name="java.vm.name" value="OpenJDK 64-Bit Server VM"/>
    <property name="localRepository" value="/home/june/.m2/repository"/>
    <property name="java.vendor.url.bug" value="http://bugreport.sun.com/bugreport/"/>
    <property name="java.io.tmpdir" value="/tmp"/>
    <property name="java.version" value="1.8.0_252"/>
    <property name="user.dir" value="/media/4tb/npex/npex_data/benchmarks-bears/Bears-225-buggy"/>
    <property name="os.arch" value="amd64"/>
    <property name="java.vm.specification.name" value="Java Virtual Machine Specification"/>
    <property name="java.awt.printerjob" value="sun.print.PSPrinterJob"/>
    <property name="sun.os.patch.level" value="unknown"/>
    <property name="java.library.path" value="/usr/java/packages/lib/amd64:/usr/lib/x86_64-linux-gnu/jni:/lib/x86_64-linux-gnu:/usr/lib/x86_64-linux-gnu:/usr/lib/jni:/lib:/usr/lib"/>
    <property name="java.vm.info" value="mixed mode"/>
    <property name="java.vendor" value="Private Build"/>
    <property name="java.vm.version" value="25.252-b09"/>
    <property name="java.ext.dirs" value="/usr/lib/jvm/java-8-openjdk-amd64/jre/lib/ext:/usr/java/packages/lib/ext"/>
    <property name="sun.io.unicode.encoding" value="UnicodeLittle"/>
    <property name="java.class.version" value="52.0"/>
  </properties>
  <testcase name="testMethodPresentOnReactiveApi{Method}[1]" classname="io.lettuce.core.SyncAsyncApiConvergenceUnitTests" time="0"/>
  <testcase name="testMethodPresentOnReactiveApi{Method}[2]" classname="io.lettuce.core.SyncAsyncApiConvergenceUnitTests" time="0"/>
  <testcase name="testMethodPresentOnReactiveApi{Method}[3]" classname="io.lettuce.core.SyncAsyncApiConvergenceUnitTests" time="0"/>
  <testcase name="testMethodPresentOnReactiveApi{Method}[4]" classname="io.lettuce.core.SyncAsyncApiConvergenceUnitTests" time="0.001"/>
  <testcase name="testMethodPresentOnReactiveApi{Method}[5]" classname="io.lettuce.core.SyncAsyncApiConvergenceUnitTests" time="0"/>
  <testcase name="testMethodPresentOnReactiveApi{Method}[6]" classname="io.lettuce.core.SyncAsyncApiConvergenceUnitTests" time="0"/>
  <testcase name="testMethodPresentOnReactiveApi{Method}[7]" classname="io.lettuce.core.SyncAsyncApiConvergenceUnitTests" time="0"/>
  <testcase name="testMethodPresentOnReactiveApi{Method}[8]" classname="io.lettuce.core.SyncAsyncApiConvergenceUnitTests" time="0"/>
  <testcase name="testMethodPresentOnReactiveApi{Method}[9]" classname="io.lettuce.core.SyncAsyncApiConvergenceUnitTests" time="0"/>
  <testcase name="testMethodPresentOnReactiveApi{Method}[10]" classname="io.lettuce.core.SyncAsyncApiConvergenceUnitTests" time="0"/>
  <testcase name="testMethodPresentOnReactiveApi{Method}[11]" classname="io.lettuce.core.SyncAsyncApiConvergenceUnitTests" time="0"/>
  <testcase name="testMethodPresentOnReactiveApi{Method}[12]" classname="io.lettuce.core.SyncAsyncApiConvergenceUnitTests" time="0"/>
  <testcase name="testMethodPresentOnReactiveApi{Method}[13]" classname="io.lettuce.core.SyncAsyncApiConvergenceUnitTests" time="0"/>
  <testcase name="testMethodPresentOnReactiveApi{Method}[14]" classname="io.lettuce.core.SyncAsyncApiConvergenceUnitTests" time="0"/>
  <testcase name="testMethodPresentOnReactiveApi{Method}[15]" classname="io.lettuce.core.SyncAsyncApiConvergenceUnitTests" time="0"/>
  <testcase name="testMethodPresentOnReactiveApi{Method}[16]" classname="io.lettuce.core.SyncAsyncApiConvergenceUnitTests" time="0"/>
  <testcase name="testMethodPresentOnReactiveApi{Method}[17]" classname="io.lettuce.core.SyncAsyncApiConvergenceUnitTests" time="0"/>
  <testcase name="testMethodPresentOnReactiveApi{Method}[18]" classname="io.lettuce.core.SyncAsyncApiConvergenceUnitTests" time="0"/>
  <testcase name="testMethodPresentOnReactiveApi{Method}[19]" classname="io.lettuce.core.SyncAsyncApiConvergenceUnitTests" time="0"/>
  <testcase name="testMethodPresentOnReactiveApi{Method}[20]" classname="io.lettuce.core.SyncAsyncApiConvergenceUnitTests" time="0"/>
  <testcase name="testMethodPresentOnReactiveApi{Method}[21]" classname="io.lettuce.core.SyncAsyncApiConvergenceUnitTests" time="0"/>
  <testcase name="testMethodPresentOnReactiveApi{Method}[22]" classname="io.lettuce.core.SyncAsyncApiConvergenceUnitTests" time="0"/>
  <testcase name="testMethodPresentOnReactiveApi{Method}[23]" classname="io.lettuce.core.SyncAsyncApiConvergenceUnitTests" time="0.001"/>
  <testcase name="testMethodPresentOnReactiveApi{Method}[24]" classname="io.lettuce.core.SyncAsyncApiConvergenceUnitTests" time="0"/>
  <testcase name="testMethodPresentOnReactiveApi{Method}[25]" classname="io.lettuce.core.SyncAsyncApiConvergenceUnitTests" time="0"/>
  <testcase name="testMethodPresentOnReactiveApi{Method}[26]" classname="io.lettuce.core.SyncAsyncApiConvergenceUnitTests" time="0.001"/>
  <testcase name="testMethodPresentOnReactiveApi{Method}[27]" classname="io.lettuce.core.SyncAsyncApiConvergenceUnitTests" time="0"/>
  <testcase name="testMethodPresentOnReactiveApi{Method}[28]" classname="io.lettuce.core.SyncAsyncApiConvergenceUnitTests" time="0"/>
  <testcase name="testMethodPresentOnReactiveApi{Method}[29]" classname="io.lettuce.core.SyncAsyncApiConvergenceUnitTests" time="0"/>
  <testcase name="testMethodPresentOnReactiveApi{Method}[30]" classname="io.lettuce.core.SyncAsyncApiConvergenceUnitTests" time="0"/>
  <testcase name="testMethodPresentOnReactiveApi{Method}[31]" classname="io.lettuce.core.SyncAsyncApiConvergenceUnitTests" time="0"/>
  <testcase name="testMethodPresentOnReactiveApi{Method}[32]" classname="io.lettuce.core.SyncAsyncApiConvergenceUnitTests" time="0"/>
  <testcase name="testMethodPresentOnReactiveApi{Method}[33]" classname="io.lettuce.core.SyncAsyncApiConvergenceUnitTests" time="0"/>
  <testcase name="testMethodPresentOnReactiveApi{Method}[34]" classname="io.lettuce.core.SyncAsyncApiConvergenceUnitTests" time="0"/>
  <testcase name="testMethodPresentOnReactiveApi{Method}[35]" classname="io.lettuce.core.SyncAsyncApiConvergenceUnitTests" time="0"/>
  <testcase name="testMethodPresentOnReactiveApi{Method}[36]" classname="io.lettuce.core.SyncAsyncApiConvergenceUnitTests" time="0"/>
  <testcase name="testMethodPresentOnReactiveApi{Method}[37]" classname="io.lettuce.core.SyncAsyncApiConvergenceUnitTests" time="0"/>
  <testcase name="testMethodPresentOnReactiveApi{Method}[38]" classname="io.lettuce.core.SyncAsyncApiConvergenceUnitTests" time="0"/>
  <testcase name="testMethodPresentOnReactiveApi{Method}[39]" classname="io.lettuce.core.SyncAsyncApiConvergenceUnitTests" time="0"/>
  <testcase name="testMethodPresentOnReactiveApi{Method}[40]" classname="io.lettuce.core.SyncAsyncApiConvergenceUnitTests" time="0"/>
  <testcase name="testMethodPresentOnReactiveApi{Method}[41]" classname="io.lettuce.core.SyncAsyncApiConvergenceUnitTests" time="0"/>
  <testcase name="testMethodPresentOnReactiveApi{Method}[42]" classname="io.lettuce.core.SyncAsyncApiConvergenceUnitTests" time="0"/>
  <testcase name="testMethodPresentOnReactiveApi{Method}[43]" classname="io.lettuce.core.SyncAsyncApiConvergenceUnitTests" time="0"/>
  <testcase name="testMethodPresentOnReactiveApi{Method}[44]" classname="io.lettuce.core.SyncAsyncApiConvergenceUnitTests" time="0"/>
  <testcase name="testMethodPresentOnReactiveApi{Method}[45]" classname="io.lettuce.core.SyncAsyncApiConvergenceUnitTests" time="0.001"/>
  <testcase name="testMethodPresentOnReactiveApi{Method}[46]" classname="io.lettuce.core.SyncAsyncApiConvergenceUnitTests" time="0"/>
  <testcase name="testMethodPresentOnReactiveApi{Method}[47]" classname="io.lettuce.core.SyncAsyncApiConvergenceUnitTests" time="0"/>
  <testcase name="testMethodPresentOnReactiveApi{Method}[48]" classname="io.lettuce.core.SyncAsyncApiConvergenceUnitTests" time="0.001"/>
  <testcase name="testMethodPresentOnReactiveApi{Method}[49]" classname="io.lettuce.core.SyncAsyncApiConvergenceUnitTests" time="0"/>
  <testcase name="testMethodPresentOnReactiveApi{Method}[50]" classname="io.lettuce.core.SyncAsyncApiConvergenceUnitTests" time="0"/>
  <testcase name="testMethodPresentOnReactiveApi{Method}[51]" classname="io.lettuce.core.SyncAsyncApiConvergenceUnitTests" time="0"/>
  <testcase name="testMethodPresentOnReactiveApi{Method}[52]" classname="io.lettuce.core.SyncAsyncApiConvergenceUnitTests" time="0"/>
  <testcase name="testMethodPresentOnReactiveApi{Method}[53]" classname="io.lettuce.core.SyncAsyncApiConvergenceUnitTests" time="0"/>
  <testcase name="testMethodPresentOnReactiveApi{Method}[54]" classname="io.lettuce.core.SyncAsyncApiConvergenceUnitTests" time="0"/>
  <testcase name="testMethodPresentOnReactiveApi{Method}[55]" classname="io.lettuce.core.SyncAsyncApiConvergenceUnitTests" time="0"/>
  <testcase name="testMethodPresentOnReactiveApi{Method}[56]" classname="io.lettuce.core.SyncAsyncApiConvergenceUnitTests" time="0"/>
  <testcase name="testMethodPresentOnReactiveApi{Method}[57]" classname="io.lettuce.core.SyncAsyncApiConvergenceUnitTests" time="0"/>
  <testcase name="testMethodPresentOnReactiveApi{Method}[58]" classname="io.lettuce.core.SyncAsyncApiConvergenceUnitTests" time="0.001"/>
  <testcase name="testMethodPresentOnReactiveApi{Method}[59]" classname="io.lettuce.core.SyncAsyncApiConvergenceUnitTests" time="0"/>
  <testcase name="testMethodPresentOnReactiveApi{Method}[60]" classname="io.lettuce.core.SyncAsyncApiConvergenceUnitTests" time="0"/>
  <testcase name="testMethodPresentOnReactiveApi{Method}[61]" classname="io.lettuce.core.SyncAsyncApiConvergenceUnitTests" time="0"/>
  <testcase name="testMethodPresentOnReactiveApi{Method}[62]" classname="io.lettuce.core.SyncAsyncApiConvergenceUnitTests" time="0"/>
  <testcase name="testMethodPresentOnReactiveApi{Method}[63]" classname="io.lettuce.core.SyncAsyncApiConvergenceUnitTests" time="0"/>
  <testcase name="testMethodPresentOnReactiveApi{Method}[64]" classname="io.lettuce.core.SyncAsyncApiConvergenceUnitTests" time="0"/>
  <testcase name="testMethodPresentOnReactiveApi{Method}[65]" classname="io.lettuce.core.SyncAsyncApiConvergenceUnitTests" time="0"/>
  <testcase name="testMethodPresentOnReactiveApi{Method}[66]" classname="io.lettuce.core.SyncAsyncApiConvergenceUnitTests" time="0"/>
  <testcase name="testMethodPresentOnReactiveApi{Method}[67]" classname="io.lettuce.core.SyncAsyncApiConvergenceUnitTests" time="0"/>
  <testcase name="testMethodPresentOnReactiveApi{Method}[68]" classname="io.lettuce.core.SyncAsyncApiConvergenceUnitTests" time="0"/>
  <testcase name="testMethodPresentOnReactiveApi{Method}[69]" classname="io.lettuce.core.SyncAsyncApiConvergenceUnitTests" time="0"/>
  <testcase name="testMethodPresentOnReactiveApi{Method}[70]" classname="io.lettuce.core.SyncAsyncApiConvergenceUnitTests" time="0"/>
  <testcase name="testMethodPresentOnReactiveApi{Method}[71]" classname="io.lettuce.core.SyncAsyncApiConvergenceUnitTests" time="0"/>
  <testcase name="testMethodPresentOnReactiveApi{Method}[72]" classname="io.lettuce.core.SyncAsyncApiConvergenceUnitTests" time="0"/>
  <testcase name="testMethodPresentOnReactiveApi{Method}[73]" classname="io.lettuce.core.SyncAsyncApiConvergenceUnitTests" time="0"/>
  <testcase name="testMethodPresentOnReactiveApi{Method}[74]" classname="io.lettuce.core.SyncAsyncApiConvergenceUnitTests" time="0"/>
  <testcase name="testMethodPresentOnReactiveApi{Method}[75]" classname="io.lettuce.core.SyncAsyncApiConvergenceUnitTests" time="0"/>
  <testcase name="testMethodPresentOnReactiveApi{Method}[76]" classname="io.lettuce.core.SyncAsyncApiConvergenceUnitTests" time="0"/>
  <testcase name="testMethodPresentOnReactiveApi{Method}[77]" classname="io.lettuce.core.SyncAsyncApiConvergenceUnitTests" time="0"/>
  <testcase name="testMethodPresentOnReactiveApi{Method}[78]" classname="io.lettuce.core.SyncAsyncApiConvergenceUnitTests" time="0.001"/>
  <testcase name="testMethodPresentOnReactiveApi{Method}[79]" classname="io.lettuce.core.SyncAsyncApiConvergenceUnitTests" time="0"/>
  <testcase name="testMethodPresentOnReactiveApi{Method}[80]" classname="io.lettuce.core.SyncAsyncApiConvergenceUnitTests" time="0"/>
  <testcase name="testMethodPresentOnReactiveApi{Method}[81]" classname="io.lettuce.core.SyncAsyncApiConvergenceUnitTests" time="0"/>
  <testcase name="testMethodPresentOnReactiveApi{Method}[82]" classname="io.lettuce.core.SyncAsyncApiConvergenceUnitTests" time="0"/>
  <testcase name="testMethodPresentOnReactiveApi{Method}[83]" classname="io.lettuce.core.SyncAsyncApiConvergenceUnitTests" time="0"/>
  <testcase name="testMethodPresentOnReactiveApi{Method}[84]" classname="io.lettuce.core.SyncAsyncApiConvergenceUnitTests" time="0"/>
  <testcase name="testMethodPresentOnReactiveApi{Method}[85]" classname="io.lettuce.core.SyncAsyncApiConvergenceUnitTests" time="0"/>
  <testcase name="testMethodPresentOnReactiveApi{Method}[86]" classname="io.lettuce.core.SyncAsyncApiConvergenceUnitTests" time="0"/>
  <testcase name="testMethodPresentOnReactiveApi{Method}[87]" classname="io.lettuce.core.SyncAsyncApiConvergenceUnitTests" time="0"/>
  <testcase name="testMethodPresentOnReactiveApi{Method}[88]" classname="io.lettuce.core.SyncAsyncApiConvergenceUnitTests" time="0"/>
  <testcase name="testMethodPresentOnReactiveApi{Method}[89]" classname="io.lettuce.core.SyncAsyncApiConvergenceUnitTests" time="0"/>
  <testcase name="testMethodPresentOnReactiveApi{Method}[90]" classname="io.lettuce.core.SyncAsyncApiConvergenceUnitTests" time="0"/>
  <testcase name="testMethodPresentOnReactiveApi{Method}[91]" classname="io.lettuce.core.SyncAsyncApiConvergenceUnitTests" time="0"/>
  <testcase name="testMethodPresentOnReactiveApi{Method}[92]" classname="io.lettuce.core.SyncAsyncApiConvergenceUnitTests" time="0"/>
  <testcase name="testMethodPresentOnReactiveApi{Method}[93]" classname="io.lettuce.core.SyncAsyncApiConvergenceUnitTests" time="0"/>
  <testcase name="testMethodPresentOnReactiveApi{Method}[94]" classname="io.lettuce.core.SyncAsyncApiConvergenceUnitTests" time="0"/>
  <testcase name="testMethodPresentOnReactiveApi{Method}[95]" classname="io.lettuce.core.SyncAsyncApiConvergenceUnitTests" time="0.001"/>
  <testcase name="testMethodPresentOnReactiveApi{Method}[96]" classname="io.lettuce.core.SyncAsyncApiConvergenceUnitTests" time="0"/>
  <testcase name="testMethodPresentOnReactiveApi{Method}[97]" classname="io.lettuce.core.SyncAsyncApiConvergenceUnitTests" time="0"/>
  <testcase name="testMethodPresentOnReactiveApi{Method}[98]" classname="io.lettuce.core.SyncAsyncApiConvergenceUnitTests" time="0"/>
  <testcase name="testMethodPresentOnReactiveApi{Method}[99]" classname="io.lettuce.core.SyncAsyncApiConvergenceUnitTests" time="0"/>
  <testcase name="testMethodPresentOnReactiveApi{Method}[100]" classname="io.lettuce.core.SyncAsyncApiConvergenceUnitTests" time="0"/>
  <testcase name="testMethodPresentOnReactiveApi{Method}[101]" classname="io.lettuce.core.SyncAsyncApiConvergenceUnitTests" time="0"/>
  <testcase name="testMethodPresentOnReactiveApi{Method}[102]" classname="io.lettuce.core.SyncAsyncApiConvergenceUnitTests" time="0"/>
  <testcase name="testMethodPresentOnReactiveApi{Method}[103]" classname="io.lettuce.core.SyncAsyncApiConvergenceUnitTests" time="0"/>
  <testcase name="testMethodPresentOnReactiveApi{Method}[104]" classname="io.lettuce.core.SyncAsyncApiConvergenceUnitTests" time="0"/>
  <testcase name="testMethodPresentOnReactiveApi{Method}[105]" classname="io.lettuce.core.SyncAsyncApiConvergenceUnitTests" time="0"/>
  <testcase name="testMethodPresentOnReactiveApi{Method}[106]" classname="io.lettuce.core.SyncAsyncApiConvergenceUnitTests" time="0"/>
  <testcase name="testMethodPresentOnReactiveApi{Method}[107]" classname="io.lettuce.core.SyncAsyncApiConvergenceUnitTests" time="0"/>
  <testcase name="testMethodPresentOnReactiveApi{Method}[108]" classname="io.lettuce.core.SyncAsyncApiConvergenceUnitTests" time="0"/>
  <testcase name="testMethodPresentOnReactiveApi{Method}[109]" classname="io.lettuce.core.SyncAsyncApiConvergenceUnitTests" time="0"/>
  <testcase name="testMethodPresentOnReactiveApi{Method}[110]" classname="io.lettuce.core.SyncAsyncApiConvergenceUnitTests" time="0"/>
  <testcase name="testMethodPresentOnReactiveApi{Method}[111]" classname="io.lettuce.core.SyncAsyncApiConvergenceUnitTests" time="0"/>
  <testcase name="testMethodPresentOnReactiveApi{Method}[112]" classname="io.lettuce.core.SyncAsyncApiConvergenceUnitTests" time="0"/>
  <testcase name="testMethodPresentOnReactiveApi{Method}[113]" classname="io.lettuce.core.SyncAsyncApiConvergenceUnitTests" time="0"/>
  <testcase name="testMethodPresentOnReactiveApi{Method}[114]" classname="io.lettuce.core.SyncAsyncApiConvergenceUnitTests" time="0"/>
  <testcase name="testMethodPresentOnReactiveApi{Method}[115]" classname="io.lettuce.core.SyncAsyncApiConvergenceUnitTests" time="0"/>
  <testcase name="testMethodPresentOnReactiveApi{Method}[116]" classname="io.lettuce.core.SyncAsyncApiConvergenceUnitTests" time="0"/>
  <testcase name="testMethodPresentOnReactiveApi{Method}[117]" classname="io.lettuce.core.SyncAsyncApiConvergenceUnitTests" time="0"/>
  <testcase name="testMethodPresentOnReactiveApi{Method}[118]" classname="io.lettuce.core.SyncAsyncApiConvergenceUnitTests" time="0"/>
  <testcase name="testMethodPresentOnReactiveApi{Method}[119]" classname="io.lettuce.core.SyncAsyncApiConvergenceUnitTests" time="0"/>
  <testcase name="testMethodPresentOnReactiveApi{Method}[120]" classname="io.lettuce.core.SyncAsyncApiConvergenceUnitTests" time="0"/>
  <testcase name="testMethodPresentOnReactiveApi{Method}[121]" classname="io.lettuce.core.SyncAsyncApiConvergenceUnitTests" time="0"/>
  <testcase name="testMethodPresentOnReactiveApi{Method}[122]" classname="io.lettuce.core.SyncAsyncApiConvergenceUnitTests" time="0.001"/>
  <testcase name="testMethodPresentOnReactiveApi{Method}[123]" classname="io.lettuce.core.SyncAsyncApiConvergenceUnitTests" time="0"/>
  <testcase name="testMethodPresentOnReactiveApi{Method}[124]" classname="io.lettuce.core.SyncAsyncApiConvergenceUnitTests" time="0"/>
  <testcase name="testMethodPresentOnReactiveApi{Method}[125]" classname="io.lettuce.core.SyncAsyncApiConvergenceUnitTests" time="0"/>
  <testcase name="testMethodPresentOnReactiveApi{Method}[126]" classname="io.lettuce.core.SyncAsyncApiConvergenceUnitTests" time="0"/>
  <testcase name="testMethodPresentOnReactiveApi{Method}[127]" classname="io.lettuce.core.SyncAsyncApiConvergenceUnitTests" time="0"/>
  <testcase name="testMethodPresentOnReactiveApi{Method}[128]" classname="io.lettuce.core.SyncAsyncApiConvergenceUnitTests" time="0"/>
  <testcase name="testMethodPresentOnReactiveApi{Method}[129]" classname="io.lettuce.core.SyncAsyncApiConvergenceUnitTests" time="0"/>
  <testcase name="testMethodPresentOnReactiveApi{Method}[130]" classname="io.lettuce.core.SyncAsyncApiConvergenceUnitTests" time="0"/>
  <testcase name="testMethodPresentOnReactiveApi{Method}[131]" classname="io.lettuce.core.SyncAsyncApiConvergenceUnitTests" time="0"/>
  <testcase name="testMethodPresentOnReactiveApi{Method}[132]" classname="io.lettuce.core.SyncAsyncApiConvergenceUnitTests" time="0"/>
  <testcase name="testMethodPresentOnReactiveApi{Method}[133]" classname="io.lettuce.core.SyncAsyncApiConvergenceUnitTests" time="0"/>
  <testcase name="testMethodPresentOnReactiveApi{Method}[134]" classname="io.lettuce.core.SyncAsyncApiConvergenceUnitTests" time="0"/>
  <testcase name="testMethodPresentOnReactiveApi{Method}[135]" classname="io.lettuce.core.SyncAsyncApiConvergenceUnitTests" time="0"/>
  <testcase name="testMethodPresentOnReactiveApi{Method}[136]" classname="io.lettuce.core.SyncAsyncApiConvergenceUnitTests" time="0"/>
  <testcase name="testMethodPresentOnReactiveApi{Method}[137]" classname="io.lettuce.core.SyncAsyncApiConvergenceUnitTests" time="0"/>
  <testcase name="testMethodPresentOnReactiveApi{Method}[138]" classname="io.lettuce.core.SyncAsyncApiConvergenceUnitTests" time="0"/>
  <testcase name="testMethodPresentOnReactiveApi{Method}[139]" classname="io.lettuce.core.SyncAsyncApiConvergenceUnitTests" time="0.001"/>
  <testcase name="testMethodPresentOnReactiveApi{Method}[140]" classname="io.lettuce.core.SyncAsyncApiConvergenceUnitTests" time="0"/>
  <testcase name="testMethodPresentOnReactiveApi{Method}[141]" classname="io.lettuce.core.SyncAsyncApiConvergenceUnitTests" time="0"/>
  <testcase name="testMethodPresentOnReactiveApi{Method}[142]" classname="io.lettuce.core.SyncAsyncApiConvergenceUnitTests" time="0"/>
  <testcase name="testMethodPresentOnReactiveApi{Method}[143]" classname="io.lettuce.core.SyncAsyncApiConvergenceUnitTests" time="0"/>
  <testcase name="testMethodPresentOnReactiveApi{Method}[144]" classname="io.lettuce.core.SyncAsyncApiConvergenceUnitTests" time="0"/>
  <testcase name="testMethodPresentOnReactiveApi{Method}[145]" classname="io.lettuce.core.SyncAsyncApiConvergenceUnitTests" time="0"/>
  <testcase name="testMethodPresentOnReactiveApi{Method}[146]" classname="io.lettuce.core.SyncAsyncApiConvergenceUnitTests" time="0.001"/>
  <testcase name="testMethodPresentOnReactiveApi{Method}[147]" classname="io.lettuce.core.SyncAsyncApiConvergenceUnitTests" time="0"/>
  <testcase name="testMethodPresentOnReactiveApi{Method}[148]" classname="io.lettuce.core.SyncAsyncApiConvergenceUnitTests" time="0"/>
  <testcase name="testMethodPresentOnReactiveApi{Method}[149]" classname="io.lettuce.core.SyncAsyncApiConvergenceUnitTests" time="0"/>
  <testcase name="testMethodPresentOnReactiveApi{Method}[150]" classname="io.lettuce.core.SyncAsyncApiConvergenceUnitTests" time="0"/>
  <testcase name="testMethodPresentOnReactiveApi{Method}[151]" classname="io.lettuce.core.SyncAsyncApiConvergenceUnitTests" time="0"/>
  <testcase name="testMethodPresentOnReactiveApi{Method}[152]" classname="io.lettuce.core.SyncAsyncApiConvergenceUnitTests" time="0"/>
  <testcase name="testMethodPresentOnReactiveApi{Method}[153]" classname="io.lettuce.core.SyncAsyncApiConvergenceUnitTests" time="0"/>
  <testcase name="testMethodPresentOnReactiveApi{Method}[154]" classname="io.lettuce.core.SyncAsyncApiConvergenceUnitTests" time="0"/>
  <testcase name="testMethodPresentOnReactiveApi{Method}[155]" classname="io.lettuce.core.SyncAsyncApiConvergenceUnitTests" time="0"/>
  <testcase name="testMethodPresentOnReactiveApi{Method}[156]" classname="io.lettuce.core.SyncAsyncApiConvergenceUnitTests" time="0"/>
  <testcase name="testMethodPresentOnReactiveApi{Method}[157]" classname="io.lettuce.core.SyncAsyncApiConvergenceUnitTests" time="0"/>
  <testcase name="testMethodPresentOnReactiveApi{Method}[158]" classname="io.lettuce.core.SyncAsyncApiConvergenceUnitTests" time="0"/>
  <testcase name="testMethodPresentOnReactiveApi{Method}[159]" classname="io.lettuce.core.SyncAsyncApiConvergenceUnitTests" time="0"/>
  <testcase name="testMethodPresentOnReactiveApi{Method}[160]" classname="io.lettuce.core.SyncAsyncApiConvergenceUnitTests" time="0"/>
  <testcase name="testMethodPresentOnReactiveApi{Method}[161]" classname="io.lettuce.core.SyncAsyncApiConvergenceUnitTests" time="0"/>
  <testcase name="testMethodPresentOnReactiveApi{Method}[162]" classname="io.lettuce.core.SyncAsyncApiConvergenceUnitTests" time="0"/>
  <testcase name="testMethodPresentOnReactiveApi{Method}[163]" classname="io.lettuce.core.SyncAsyncApiConvergenceUnitTests" time="0"/>
  <testcase name="testMethodPresentOnReactiveApi{Method}[164]" classname="io.lettuce.core.SyncAsyncApiConvergenceUnitTests" time="0"/>
  <testcase name="testMethodPresentOnReactiveApi{Method}[165]" classname="io.lettuce.core.SyncAsyncApiConvergenceUnitTests" time="0"/>
  <testcase name="testMethodPresentOnReactiveApi{Method}[166]" classname="io.lettuce.core.SyncAsyncApiConvergenceUnitTests" time="0"/>
  <testcase name="testMethodPresentOnReactiveApi{Method}[167]" classname="io.lettuce.core.SyncAsyncApiConvergenceUnitTests" time="0"/>
  <testcase name="testMethodPresentOnReactiveApi{Method}[168]" classname="io.lettuce.core.SyncAsyncApiConvergenceUnitTests" time="0"/>
  <testcase name="testMethodPresentOnReactiveApi{Method}[169]" classname="io.lettuce.core.SyncAsyncApiConvergenceUnitTests" time="0"/>
  <testcase name="testMethodPresentOnReactiveApi{Method}[170]" classname="io.lettuce.core.SyncAsyncApiConvergenceUnitTests" time="0"/>
  <testcase name="testMethodPresentOnReactiveApi{Method}[171]" classname="io.lettuce.core.SyncAsyncApiConvergenceUnitTests" time="0"/>
  <testcase name="testMethodPresentOnReactiveApi{Method}[172]" classname="io.lettuce.core.SyncAsyncApiConvergenceUnitTests" time="0"/>
  <testcase name="testMethodPresentOnReactiveApi{Method}[173]" classname="io.lettuce.core.SyncAsyncApiConvergenceUnitTests" time="0"/>
  <testcase name="testMethodPresentOnReactiveApi{Method}[174]" classname="io.lettuce.core.SyncAsyncApiConvergenceUnitTests" time="0"/>
  <testcase name="testMethodPresentOnReactiveApi{Method}[175]" classname="io.lettuce.core.SyncAsyncApiConvergenceUnitTests" time="0"/>
  <testcase name="testMethodPresentOnReactiveApi{Method}[176]" classname="io.lettuce.core.SyncAsyncApiConvergenceUnitTests" time="0"/>
  <testcase name="testMethodPresentOnReactiveApi{Method}[177]" classname="io.lettuce.core.SyncAsyncApiConvergenceUnitTests" time="0"/>
  <testcase name="testMethodPresentOnReactiveApi{Method}[178]" classname="io.lettuce.core.SyncAsyncApiConvergenceUnitTests" time="0"/>
  <testcase name="testMethodPresentOnReactiveApi{Method}[179]" classname="io.lettuce.core.SyncAsyncApiConvergenceUnitTests" time="0"/>
  <testcase name="testMethodPresentOnReactiveApi{Method}[180]" classname="io.lettuce.core.SyncAsyncApiConvergenceUnitTests" time="0.001"/>
  <testcase name="testMethodPresentOnReactiveApi{Method}[181]" classname="io.lettuce.core.SyncAsyncApiConvergenceUnitTests" time="0"/>
  <testcase name="testMethodPresentOnReactiveApi{Method}[182]" classname="io.lettuce.core.SyncAsyncApiConvergenceUnitTests" time="0"/>
  <testcase name="testMethodPresentOnReactiveApi{Method}[183]" classname="io.lettuce.core.SyncAsyncApiConvergenceUnitTests" time="0.001"/>
  <testcase name="testMethodPresentOnReactiveApi{Method}[184]" classname="io.lettuce.core.SyncAsyncApiConvergenceUnitTests" time="0"/>
  <testcase name="testMethodPresentOnReactiveApi{Method}[185]" classname="io.lettuce.core.SyncAsyncApiConvergenceUnitTests" time="0"/>
  <testcase name="testMethodPresentOnReactiveApi{Method}[186]" classname="io.lettuce.core.SyncAsyncApiConvergenceUnitTests" time="0"/>
  <testcase name="testMethodPresentOnReactiveApi{Method}[187]" classname="io.lettuce.core.SyncAsyncApiConvergenceUnitTests" time="0"/>
  <testcase name="testMethodPresentOnReactiveApi{Method}[188]" classname="io.lettuce.core.SyncAsyncApiConvergenceUnitTests" time="0"/>
  <testcase name="testMethodPresentOnReactiveApi{Method}[189]" classname="io.lettuce.core.SyncAsyncApiConvergenceUnitTests" time="0"/>
  <testcase name="testMethodPresentOnReactiveApi{Method}[190]" classname="io.lettuce.core.SyncAsyncApiConvergenceUnitTests" time="0"/>
  <testcase name="testMethodPresentOnReactiveApi{Method}[191]" classname="io.lettuce.core.SyncAsyncApiConvergenceUnitTests" time="0"/>
  <testcase name="testMethodPresentOnReactiveApi{Method}[192]" classname="io.lettuce.core.SyncAsyncApiConvergenceUnitTests" time="0"/>
  <testcase name="testMethodPresentOnReactiveApi{Method}[193]" classname="io.lettuce.core.SyncAsyncApiConvergenceUnitTests" time="0"/>
  <testcase name="testMethodPresentOnReactiveApi{Method}[194]" classname="io.lettuce.core.SyncAsyncApiConvergenceUnitTests" time="0"/>
  <testcase name="testMethodPresentOnReactiveApi{Method}[195]" classname="io.lettuce.core.SyncAsyncApiConvergenceUnitTests" time="0"/>
  <testcase name="testMethodPresentOnReactiveApi{Method}[196]" classname="io.lettuce.core.SyncAsyncApiConvergenceUnitTests" time="0"/>
  <testcase name="testMethodPresentOnReactiveApi{Method}[197]" classname="io.lettuce.core.SyncAsyncApiConvergenceUnitTests" time="0"/>
  <testcase name="testMethodPresentOnReactiveApi{Method}[198]" classname="io.lettuce.core.SyncAsyncApiConvergenceUnitTests" time="0"/>
  <testcase name="testMethodPresentOnReactiveApi{Method}[199]" classname="io.lettuce.core.SyncAsyncApiConvergenceUnitTests" time="0"/>
  <testcase name="testMethodPresentOnReactiveApi{Method}[200]" classname="io.lettuce.core.SyncAsyncApiConvergenceUnitTests" time="0"/>
  <testcase name="testMethodPresentOnReactiveApi{Method}[201]" classname="io.lettuce.core.SyncAsyncApiConvergenceUnitTests" time="0"/>
  <testcase name="testMethodPresentOnReactiveApi{Method}[202]" classname="io.lettuce.core.SyncAsyncApiConvergenceUnitTests" time="0"/>
  <testcase name="testMethodPresentOnReactiveApi{Method}[203]" classname="io.lettuce.core.SyncAsyncApiConvergenceUnitTests" time="0"/>
  <testcase name="testMethodPresentOnReactiveApi{Method}[204]" classname="io.lettuce.core.SyncAsyncApiConvergenceUnitTests" time="0"/>
  <testcase name="testMethodPresentOnReactiveApi{Method}[205]" classname="io.lettuce.core.SyncAsyncApiConvergenceUnitTests" time="0"/>
  <testcase name="testMethodPresentOnReactiveApi{Method}[206]" classname="io.lettuce.core.SyncAsyncApiConvergenceUnitTests" time="0"/>
  <testcase name="testMethodPresentOnReactiveApi{Method}[207]" classname="io.lettuce.core.SyncAsyncApiConvergenceUnitTests" time="0"/>
  <testcase name="testMethodPresentOnReactiveApi{Method}[208]" classname="io.lettuce.core.SyncAsyncApiConvergenceUnitTests" time="0"/>
  <testcase name="testMethodPresentOnReactiveApi{Method}[209]" classname="io.lettuce.core.SyncAsyncApiConvergenceUnitTests" time="0"/>
  <testcase name="testMethodPresentOnReactiveApi{Method}[210]" classname="io.lettuce.core.SyncAsyncApiConvergenceUnitTests" time="0"/>
  <testcase name="testMethodPresentOnReactiveApi{Method}[211]" classname="io.lettuce.core.SyncAsyncApiConvergenceUnitTests" time="0"/>
  <testcase name="testMethodPresentOnReactiveApi{Method}[212]" classname="io.lettuce.core.SyncAsyncApiConvergenceUnitTests" time="0.001"/>
  <testcase name="testMethodPresentOnReactiveApi{Method}[213]" classname="io.lettuce.core.SyncAsyncApiConvergenceUnitTests" time="0"/>
  <testcase name="testMethodPresentOnReactiveApi{Method}[214]" classname="io.lettuce.core.SyncAsyncApiConvergenceUnitTests" time="0"/>
  <testcase name="testMethodPresentOnReactiveApi{Method}[215]" classname="io.lettuce.core.SyncAsyncApiConvergenceUnitTests" time="0"/>
  <testcase name="testMethodPresentOnReactiveApi{Method}[216]" classname="io.lettuce.core.SyncAsyncApiConvergenceUnitTests" time="0"/>
  <testcase name="testMethodPresentOnReactiveApi{Method}[217]" classname="io.lettuce.core.SyncAsyncApiConvergenceUnitTests" time="0"/>
  <testcase name="testMethodPresentOnReactiveApi{Method}[218]" classname="io.lettuce.core.SyncAsyncApiConvergenceUnitTests" time="0"/>
  <testcase name="testMethodPresentOnReactiveApi{Method}[219]" classname="io.lettuce.core.SyncAsyncApiConvergenceUnitTests" time="0"/>
  <testcase name="testMethodPresentOnReactiveApi{Method}[220]" classname="io.lettuce.core.SyncAsyncApiConvergenceUnitTests" time="0"/>
  <testcase name="testMethodPresentOnReactiveApi{Method}[221]" classname="io.lettuce.core.SyncAsyncApiConvergenceUnitTests" time="0"/>
  <testcase name="testMethodPresentOnReactiveApi{Method}[222]" classname="io.lettuce.core.SyncAsyncApiConvergenceUnitTests" time="0"/>
  <testcase name="testMethodPresentOnReactiveApi{Method}[223]" classname="io.lettuce.core.SyncAsyncApiConvergenceUnitTests" time="0"/>
  <testcase name="testMethodPresentOnReactiveApi{Method}[224]" classname="io.lettuce.core.SyncAsyncApiConvergenceUnitTests" time="0"/>
  <testcase name="testMethodPresentOnReactiveApi{Method}[225]" classname="io.lettuce.core.SyncAsyncApiConvergenceUnitTests" time="0"/>
  <testcase name="testMethodPresentOnReactiveApi{Method}[226]" classname="io.lettuce.core.SyncAsyncApiConvergenceUnitTests" time="0.001"/>
  <testcase name="testMethodPresentOnReactiveApi{Method}[227]" classname="io.lettuce.core.SyncAsyncApiConvergenceUnitTests" time="0"/>
  <testcase name="testMethodPresentOnReactiveApi{Method}[228]" classname="io.lettuce.core.SyncAsyncApiConvergenceUnitTests" time="0"/>
  <testcase name="testMethodPresentOnReactiveApi{Method}[229]" classname="io.lettuce.core.SyncAsyncApiConvergenceUnitTests" time="0"/>
  <testcase name="testMethodPresentOnReactiveApi{Method}[230]" classname="io.lettuce.core.SyncAsyncApiConvergenceUnitTests" time="0"/>
  <testcase name="testMethodPresentOnReactiveApi{Method}[231]" classname="io.lettuce.core.SyncAsyncApiConvergenceUnitTests" time="0"/>
  <testcase name="testMethodPresentOnReactiveApi{Method}[232]" classname="io.lettuce.core.SyncAsyncApiConvergenceUnitTests" time="0.001"/>
  <testcase name="testMethodPresentOnReactiveApi{Method}[233]" classname="io.lettuce.core.SyncAsyncApiConvergenceUnitTests" time="0"/>
  <testcase name="testMethodPresentOnReactiveApi{Method}[234]" classname="io.lettuce.core.SyncAsyncApiConvergenceUnitTests" time="0"/>
  <testcase name="testMethodPresentOnReactiveApi{Method}[235]" classname="io.lettuce.core.SyncAsyncApiConvergenceUnitTests" time="0"/>
  <testcase name="testMethodPresentOnReactiveApi{Method}[236]" classname="io.lettuce.core.SyncAsyncApiConvergenceUnitTests" time="0"/>
  <testcase name="testMethodPresentOnReactiveApi{Method}[237]" classname="io.lettuce.core.SyncAsyncApiConvergenceUnitTests" time="0"/>
  <testcase name="testMethodPresentOnReactiveApi{Method}[238]" classname="io.lettuce.core.SyncAsyncApiConvergenceUnitTests" time="0"/>
  <testcase name="testMethodPresentOnReactiveApi{Method}[239]" classname="io.lettuce.core.SyncAsyncApiConvergenceUnitTests" time="0"/>
  <testcase name="testMethodPresentOnReactiveApi{Method}[240]" classname="io.lettuce.core.SyncAsyncApiConvergenceUnitTests" time="0"/>
  <testcase name="testMethodPresentOnReactiveApi{Method}[241]" classname="io.lettuce.core.SyncAsyncApiConvergenceUnitTests" time="0"/>
  <testcase name="testMethodPresentOnReactiveApi{Method}[242]" classname="io.lettuce.core.SyncAsyncApiConvergenceUnitTests" time="0"/>
  <testcase name="testMethodPresentOnReactiveApi{Method}[243]" classname="io.lettuce.core.SyncAsyncApiConvergenceUnitTests" time="0"/>
  <testcase name="testMethodPresentOnReactiveApi{Method}[244]" classname="io.lettuce.core.SyncAsyncApiConvergenceUnitTests" time="0"/>
  <testcase name="testMethodPresentOnReactiveApi{Method}[245]" classname="io.lettuce.core.SyncAsyncApiConvergenceUnitTests" time="0"/>
  <testcase name="testMethodPresentOnReactiveApi{Method}[246]" classname="io.lettuce.core.SyncAsyncApiConvergenceUnitTests" time="0"/>
  <testcase name="testMethodPresentOnReactiveApi{Method}[247]" classname="io.lettuce.core.SyncAsyncApiConvergenceUnitTests" time="0"/>
  <testcase name="testMethodPresentOnReactiveApi{Method}[248]" classname="io.lettuce.core.SyncAsyncApiConvergenceUnitTests" time="0"/>
  <testcase name="testMethodPresentOnReactiveApi{Method}[249]" classname="io.lettuce.core.SyncAsyncApiConvergenceUnitTests" time="0.001"/>
  <testcase name="testMethodPresentOnReactiveApi{Method}[250]" classname="io.lettuce.core.SyncAsyncApiConvergenceUnitTests" time="0"/>
  <testcase name="testMethodPresentOnReactiveApi{Method}[251]" classname="io.lettuce.core.SyncAsyncApiConvergenceUnitTests" time="0.001"/>
  <testcase name="testMethodPresentOnReactiveApi{Method}[252]" classname="io.lettuce.core.SyncAsyncApiConvergenceUnitTests" time="0"/>
  <testcase name="testMethodPresentOnReactiveApi{Method}[253]" classname="io.lettuce.core.SyncAsyncApiConvergenceUnitTests" time="0"/>
  <testcase name="testMethodPresentOnReactiveApi{Method}[254]" classname="io.lettuce.core.SyncAsyncApiConvergenceUnitTests" time="0"/>
  <testcase name="testMethodPresentOnReactiveApi{Method}[255]" classname="io.lettuce.core.SyncAsyncApiConvergenceUnitTests" time="0"/>
  <testcase name="testMethodPresentOnReactiveApi{Method}[256]" classname="io.lettuce.core.SyncAsyncApiConvergenceUnitTests" time="0"/>
  <testcase name="testMethodPresentOnReactiveApi{Method}[257]" classname="io.lettuce.core.SyncAsyncApiConvergenceUnitTests" time="0"/>
  <testcase name="testMethodPresentOnReactiveApi{Method}[258]" classname="io.lettuce.core.SyncAsyncApiConvergenceUnitTests" time="0"/>
  <testcase name="testMethodPresentOnReactiveApi{Method}[259]" classname="io.lettuce.core.SyncAsyncApiConvergenceUnitTests" time="0"/>
  <testcase name="testMethodPresentOnReactiveApi{Method}[260]" classname="io.lettuce.core.SyncAsyncApiConvergenceUnitTests" time="0"/>
  <testcase name="testMethodPresentOnReactiveApi{Method}[261]" classname="io.lettuce.core.SyncAsyncApiConvergenceUnitTests" time="0"/>
  <testcase name="testMethodPresentOnReactiveApi{Method}[262]" classname="io.lettuce.core.SyncAsyncApiConvergenceUnitTests" time="0"/>
  <testcase name="testMethodPresentOnReactiveApi{Method}[263]" classname="io.lettuce.core.SyncAsyncApiConvergenceUnitTests" time="0"/>
  <testcase name="testMethodPresentOnReactiveApi{Method}[264]" classname="io.lettuce.core.SyncAsyncApiConvergenceUnitTests" time="0"/>
  <testcase name="testMethodPresentOnReactiveApi{Method}[265]" classname="io.lettuce.core.SyncAsyncApiConvergenceUnitTests" time="0"/>
  <testcase name="testMethodPresentOnReactiveApi{Method}[266]" classname="io.lettuce.core.SyncAsyncApiConvergenceUnitTests" time="0"/>
  <testcase name="testMethodPresentOnReactiveApi{Method}[267]" classname="io.lettuce.core.SyncAsyncApiConvergenceUnitTests" time="0"/>
  <testcase name="testMethodPresentOnReactiveApi{Method}[268]" classname="io.lettuce.core.SyncAsyncApiConvergenceUnitTests" time="0"/>
  <testcase name="testMethodPresentOnReactiveApi{Method}[269]" classname="io.lettuce.core.SyncAsyncApiConvergenceUnitTests" time="0.001"/>
  <testcase name="testMethodPresentOnReactiveApi{Method}[270]" classname="io.lettuce.core.SyncAsyncApiConvergenceUnitTests" time="0"/>
  <testcase name="testMethodPresentOnReactiveApi{Method}[271]" classname="io.lettuce.core.SyncAsyncApiConvergenceUnitTests" time="0"/>
  <testcase name="testMethodPresentOnReactiveApi{Method}[272]" classname="io.lettuce.core.SyncAsyncApiConvergenceUnitTests" time="0"/>
  <testcase name="testMethodPresentOnReactiveApi{Method}[273]" classname="io.lettuce.core.SyncAsyncApiConvergenceUnitTests" time="0"/>
  <testcase name="testMethodPresentOnReactiveApi{Method}[274]" classname="io.lettuce.core.SyncAsyncApiConvergenceUnitTests" time="0"/>
  <testcase name="testMethodPresentOnReactiveApi{Method}[275]" classname="io.lettuce.core.SyncAsyncApiConvergenceUnitTests" time="0"/>
  <testcase name="testMethodPresentOnReactiveApi{Method}[276]" classname="io.lettuce.core.SyncAsyncApiConvergenceUnitTests" time="0"/>
  <testcase name="testMethodPresentOnReactiveApi{Method}[277]" classname="io.lettuce.core.SyncAsyncApiConvergenceUnitTests" time="0"/>
  <testcase name="testMethodPresentOnReactiveApi{Method}[278]" classname="io.lettuce.core.SyncAsyncApiConvergenceUnitTests" time="0"/>
  <testcase name="testMethodPresentOnReactiveApi{Method}[279]" classname="io.lettuce.core.SyncAsyncApiConvergenceUnitTests" time="0"/>
  <testcase name="testMethodPresentOnReactiveApi{Method}[280]" classname="io.lettuce.core.SyncAsyncApiConvergenceUnitTests" time="0.001"/>
  <testcase name="testMethodPresentOnReactiveApi{Method}[281]" classname="io.lettuce.core.SyncAsyncApiConvergenceUnitTests" time="0"/>
  <testcase name="testMethodPresentOnReactiveApi{Method}[282]" classname="io.lettuce.core.SyncAsyncApiConvergenceUnitTests" time="0"/>
  <testcase name="testMethodPresentOnReactiveApi{Method}[283]" classname="io.lettuce.core.SyncAsyncApiConvergenceUnitTests" time="0"/>
  <testcase name="testMethodPresentOnReactiveApi{Method}[284]" classname="io.lettuce.core.SyncAsyncApiConvergenceUnitTests" time="0.001"/>
  <testcase name="testMethodPresentOnReactiveApi{Method}[285]" classname="io.lettuce.core.SyncAsyncApiConvergenceUnitTests" time="0"/>
  <testcase name="testMethodPresentOnReactiveApi{Method}[286]" classname="io.lettuce.core.SyncAsyncApiConvergenceUnitTests" time="0"/>
  <testcase name="testMethodPresentOnReactiveApi{Method}[287]" classname="io.lettuce.core.SyncAsyncApiConvergenceUnitTests" time="0"/>
  <testcase name="testMethodPresentOnReactiveApi{Method}[288]" classname="io.lettuce.core.SyncAsyncApiConvergenceUnitTests" time="0.001"/>
  <testcase name="testMethodPresentOnReactiveApi{Method}[289]" classname="io.lettuce.core.SyncAsyncApiConvergenceUnitTests" time="0"/>
  <testcase name="testMethodPresentOnReactiveApi{Method}[290]" classname="io.lettuce.core.SyncAsyncApiConvergenceUnitTests" time="0"/>
  <testcase name="testMethodPresentOnReactiveApi{Method}[291]" classname="io.lettuce.core.SyncAsyncApiConvergenceUnitTests" time="0"/>
  <testcase name="testMethodPresentOnReactiveApi{Method}[292]" classname="io.lettuce.core.SyncAsyncApiConvergenceUnitTests" time="0.001"/>
  <testcase name="testMethodPresentOnReactiveApi{Method}[293]" classname="io.lettuce.core.SyncAsyncApiConvergenceUnitTests" time="0"/>
  <testcase name="testMethodPresentOnReactiveApi{Method}[294]" classname="io.lettuce.core.SyncAsyncApiConvergenceUnitTests" time="0"/>
  <testcase name="testMethodPresentOnReactiveApi{Method}[295]" classname="io.lettuce.core.SyncAsyncApiConvergenceUnitTests" time="0"/>
  <testcase name="testMethodPresentOnReactiveApi{Method}[296]" classname="io.lettuce.core.SyncAsyncApiConvergenceUnitTests" time="0.001"/>
  <testcase name="testMethodPresentOnReactiveApi{Method}[297]" classname="io.lettuce.core.SyncAsyncApiConvergenceUnitTests" time="0"/>
  <testcase name="testMethodPresentOnReactiveApi{Method}[298]" classname="io.lettuce.core.SyncAsyncApiConvergenceUnitTests" time="0"/>
  <testcase name="testMethodPresentOnReactiveApi{Method}[299]" classname="io.lettuce.core.SyncAsyncApiConvergenceUnitTests" time="0"/>
  <testcase name="testMethodPresentOnReactiveApi{Method}[300]" classname="io.lettuce.core.SyncAsyncApiConvergenceUnitTests" time="0"/>
  <testcase name="testMethodPresentOnReactiveApi{Method}[301]" classname="io.lettuce.core.SyncAsyncApiConvergenceUnitTests" time="0"/>
  <testcase name="testMethodPresentOnReactiveApi{Method}[302]" classname="io.lettuce.core.SyncAsyncApiConvergenceUnitTests" time="0"/>
  <testcase name="testMethodPresentOnReactiveApi{Method}[303]" classname="io.lettuce.core.SyncAsyncApiConvergenceUnitTests" time="0"/>
  <testcase name="testMethodPresentOnReactiveApi{Method}[304]" classname="io.lettuce.core.SyncAsyncApiConvergenceUnitTests" time="0"/>
  <testcase name="testMethodPresentOnReactiveApi{Method}[305]" classname="io.lettuce.core.SyncAsyncApiConvergenceUnitTests" time="0"/>
  <testcase name="testMethodPresentOnReactiveApi{Method}[306]" classname="io.lettuce.core.SyncAsyncApiConvergenceUnitTests" time="0"/>
  <testcase name="testMethodPresentOnReactiveApi{Method}[307]" classname="io.lettuce.core.SyncAsyncApiConvergenceUnitTests" time="0"/>
  <testcase name="testMethodPresentOnReactiveApi{Method}[308]" classname="io.lettuce.core.SyncAsyncApiConvergenceUnitTests" time="0"/>
  <testcase name="testMethodPresentOnReactiveApi{Method}[309]" classname="io.lettuce.core.SyncAsyncApiConvergenceUnitTests" time="0"/>
  <testcase name="testMethodPresentOnReactiveApi{Method}[310]" classname="io.lettuce.core.SyncAsyncApiConvergenceUnitTests" time="0"/>
  <testcase name="testMethodPresentOnReactiveApi{Method}[311]" classname="io.lettuce.core.SyncAsyncApiConvergenceUnitTests" time="0"/>
  <testcase name="testMethodPresentOnReactiveApi{Method}[312]" classname="io.lettuce.core.SyncAsyncApiConvergenceUnitTests" time="0"/>
  <testcase name="testMethodPresentOnReactiveApi{Method}[313]" classname="io.lettuce.core.SyncAsyncApiConvergenceUnitTests" time="0"/>
  <testcase name="testMethodPresentOnReactiveApi{Method}[314]" classname="io.lettuce.core.SyncAsyncApiConvergenceUnitTests" time="0"/>
  <testcase name="testMethodPresentOnReactiveApi{Method}[315]" classname="io.lettuce.core.SyncAsyncApiConvergenceUnitTests" time="0"/>
  <testcase name="testMethodPresentOnReactiveApi{Method}[316]" classname="io.lettuce.core.SyncAsyncApiConvergenceUnitTests" time="0"/>
  <testcase name="testMethodPresentOnReactiveApi{Method}[317]" classname="io.lettuce.core.SyncAsyncApiConvergenceUnitTests" time="0"/>
  <testcase name="testMethodPresentOnReactiveApi{Method}[318]" classname="io.lettuce.core.SyncAsyncApiConvergenceUnitTests" time="0"/>
  <testcase name="testMethodPresentOnReactiveApi{Method}[319]" classname="io.lettuce.core.SyncAsyncApiConvergenceUnitTests" time="0"/>
  <testcase name="testMethodPresentOnReactiveApi{Method}[320]" classname="io.lettuce.core.SyncAsyncApiConvergenceUnitTests" time="0"/>
  <testcase name="testMethodPresentOnReactiveApi{Method}[321]" classname="io.lettuce.core.SyncAsyncApiConvergenceUnitTests" time="0"/>
  <testcase name="testMethodPresentOnReactiveApi{Method}[322]" classname="io.lettuce.core.SyncAsyncApiConvergenceUnitTests" time="0"/>
  <testcase name="testMethodPresentOnReactiveApi{Method}[323]" classname="io.lettuce.core.SyncAsyncApiConvergenceUnitTests" time="0"/>
  <testcase name="testMethodPresentOnReactiveApi{Method}[324]" classname="io.lettuce.core.SyncAsyncApiConvergenceUnitTests" time="0"/>
  <testcase name="testMethodPresentOnReactiveApi{Method}[325]" classname="io.lettuce.core.SyncAsyncApiConvergenceUnitTests" time="0"/>
  <testcase name="testMethodPresentOnReactiveApi{Method}[326]" classname="io.lettuce.core.SyncAsyncApiConvergenceUnitTests" time="0.001"/>
  <testcase name="testMethodPresentOnReactiveApi{Method}[327]" classname="io.lettuce.core.SyncAsyncApiConvergenceUnitTests" time="0"/>
  <testcase name="testMethodPresentOnReactiveApi{Method}[328]" classname="io.lettuce.core.SyncAsyncApiConvergenceUnitTests" time="0"/>
  <testcase name="testMethodPresentOnReactiveApi{Method}[329]" classname="io.lettuce.core.SyncAsyncApiConvergenceUnitTests" time="0"/>
  <testcase name="testMethodPresentOnReactiveApi{Method}[330]" classname="io.lettuce.core.SyncAsyncApiConvergenceUnitTests" time="0"/>
  <testcase name="testMethodPresentOnReactiveApi{Method}[331]" classname="io.lettuce.core.SyncAsyncApiConvergenceUnitTests" time="0"/>
  <testcase name="testMethodPresentOnReactiveApi{Method}[332]" classname="io.lettuce.core.SyncAsyncApiConvergenceUnitTests" time="0"/>
  <testcase name="testMethodPresentOnReactiveApi{Method}[333]" classname="io.lettuce.core.SyncAsyncApiConvergenceUnitTests" time="0"/>
  <testcase name="testMethodPresentOnReactiveApi{Method}[334]" classname="io.lettuce.core.SyncAsyncApiConvergenceUnitTests" time="0.001"/>
  <testcase name="testMethodPresentOnReactiveApi{Method}[335]" classname="io.lettuce.core.SyncAsyncApiConvergenceUnitTests" time="0"/>
  <testcase name="testMethodPresentOnReactiveApi{Method}[336]" classname="io.lettuce.core.SyncAsyncApiConvergenceUnitTests" time="0"/>
  <testcase name="testMethodPresentOnReactiveApi{Method}[337]" classname="io.lettuce.core.SyncAsyncApiConvergenceUnitTests" time="0"/>
  <testcase name="testMethodPresentOnReactiveApi{Method}[338]" classname="io.lettuce.core.SyncAsyncApiConvergenceUnitTests" time="0"/>
  <testcase name="testMethodPresentOnReactiveApi{Method}[339]" classname="io.lettuce.core.SyncAsyncApiConvergenceUnitTests" time="0"/>
  <testcase name="testMethodPresentOnReactiveApi{Method}[340]" classname="io.lettuce.core.SyncAsyncApiConvergenceUnitTests" time="0"/>
  <testcase name="testMethodPresentOnReactiveApi{Method}[341]" classname="io.lettuce.core.SyncAsyncApiConvergenceUnitTests" time="0"/>
  <testcase name="testMethodPresentOnReactiveApi{Method}[342]" classname="io.lettuce.core.SyncAsyncApiConvergenceUnitTests" time="0"/>
  <testcase name="testMethodPresentOnReactiveApi{Method}[343]" classname="io.lettuce.core.SyncAsyncApiConvergenceUnitTests" time="0"/>
  <testcase name="testMethodPresentOnReactiveApi{Method}[344]" classname="io.lettuce.core.SyncAsyncApiConvergenceUnitTests" time="0"/>
  <testcase name="testMethodPresentOnReactiveApi{Method}[345]" classname="io.lettuce.core.SyncAsyncApiConvergenceUnitTests" time="0.001"/>
  <testcase name="testMethodPresentOnReactiveApi{Method}[346]" classname="io.lettuce.core.SyncAsyncApiConvergenceUnitTests" time="0"/>
  <testcase name="testMethodPresentOnReactiveApi{Method}[347]" classname="io.lettuce.core.SyncAsyncApiConvergenceUnitTests" time="0"/>
  <testcase name="testMethodPresentOnReactiveApi{Method}[348]" classname="io.lettuce.core.SyncAsyncApiConvergenceUnitTests" time="0"/>
  <testcase name="testMethodPresentOnReactiveApi{Method}[349]" classname="io.lettuce.core.SyncAsyncApiConvergenceUnitTests" time="0"/>
  <testcase name="testMethodPresentOnReactiveApi{Method}[350]" classname="io.lettuce.core.SyncAsyncApiConvergenceUnitTests" time="0"/>
  <testcase name="testMethodPresentOnReactiveApi{Method}[351]" classname="io.lettuce.core.SyncAsyncApiConvergenceUnitTests" time="0"/>
  <testcase name="testMethodPresentOnReactiveApi{Method}[352]" classname="io.lettuce.core.SyncAsyncApiConvergenceUnitTests" time="0"/>
  <testcase name="testMethodPresentOnReactiveApi{Method}[353]" classname="io.lettuce.core.SyncAsyncApiConvergenceUnitTests" time="0"/>
  <testcase name="testMethodPresentOnReactiveApi{Method}[354]" classname="io.lettuce.core.SyncAsyncApiConvergenceUnitTests" time="0"/>
  <testcase name="testMethodPresentOnReactiveApi{Method}[355]" classname="io.lettuce.core.SyncAsyncApiConvergenceUnitTests" time="0"/>
  <testcase name="testMethodPresentOnReactiveApi{Method}[356]" classname="io.lettuce.core.SyncAsyncApiConvergenceUnitTests" time="0.001"/>
  <testcase name="testMethodPresentOnReactiveApi{Method}[357]" classname="io.lettuce.core.SyncAsyncApiConvergenceUnitTests" time="0"/>
  <testcase name="testMethodPresentOnReactiveApi{Method}[358]" classname="io.lettuce.core.SyncAsyncApiConvergenceUnitTests" time="0"/>
  <testcase name="testMethodPresentOnReactiveApi{Method}[359]" classname="io.lettuce.core.SyncAsyncApiConvergenceUnitTests" time="0"/>
  <testcase name="testMethodPresentOnReactiveApi{Method}[360]" classname="io.lettuce.core.SyncAsyncApiConvergenceUnitTests" time="0"/>
  <testcase name="testMethodPresentOnReactiveApi{Method}[361]" classname="io.lettuce.core.SyncAsyncApiConvergenceUnitTests" time="0"/>
  <testcase name="testMethodPresentOnReactiveApi{Method}[362]" classname="io.lettuce.core.SyncAsyncApiConvergenceUnitTests" time="0"/>
  <testcase name="testMethodPresentOnReactiveApi{Method}[363]" classname="io.lettuce.core.SyncAsyncApiConvergenceUnitTests" time="0"/>
  <testcase name="testMethodPresentOnReactiveApi{Method}[364]" classname="io.lettuce.core.SyncAsyncApiConvergenceUnitTests" time="0"/>
  <testcase name="testMethodPresentOnReactiveApi{Method}[365]" classname="io.lettuce.core.SyncAsyncApiConvergenceUnitTests" time="0"/>
  <testcase name="testMethodPresentOnReactiveApi{Method}[366]" classname="io.lettuce.core.SyncAsyncApiConvergenceUnitTests" time="0"/>
  <testcase name="testMethodPresentOnReactiveApi{Method}[367]" classname="io.lettuce.core.SyncAsyncApiConvergenceUnitTests" time="0"/>
  <testcase name="testMethodPresentOnReactiveApi{Method}[368]" classname="io.lettuce.core.SyncAsyncApiConvergenceUnitTests" time="0"/>
  <testcase name="testMethodPresentOnReactiveApi{Method}[369]" classname="io.lettuce.core.SyncAsyncApiConvergenceUnitTests" time="0"/>
  <testcase name="testMethodPresentOnReactiveApi{Method}[370]" classname="io.lettuce.core.SyncAsyncApiConvergenceUnitTests" time="0"/>
  <testcase name="testMethodPresentOnReactiveApi{Method}[371]" classname="io.lettuce.core.SyncAsyncApiConvergenceUnitTests" time="0"/>
  <testcase name="testMethodPresentOnReactiveApi{Method}[372]" classname="io.lettuce.core.SyncAsyncApiConvergenceUnitTests" time="0"/>
  <testcase name="testMethodPresentOnReactiveApi{Method}[373]" classname="io.lettuce.core.SyncAsyncApiConvergenceUnitTests" time="0"/>
  <testcase name="testMethodPresentOnReactiveApi{Method}[374]" classname="io.lettuce.core.SyncAsyncApiConvergenceUnitTests" time="0"/>
  <testcase name="testMethodPresentOnReactiveApi{Method}[375]" classname="io.lettuce.core.SyncAsyncApiConvergenceUnitTests" time="0"/>
  <testcase name="testMethodPresentOnReactiveApi{Method}[376]" classname="io.lettuce.core.SyncAsyncApiConvergenceUnitTests" time="0"/>
  <testcase name="testMethodPresentOnReactiveApi{Method}[377]" classname="io.lettuce.core.SyncAsyncApiConvergenceUnitTests" time="0"/>
  <testcase name="testMethodPresentOnReactiveApi{Method}[378]" classname="io.lettuce.core.SyncAsyncApiConvergenceUnitTests" time="0"/>
  <testcase name="testMethodPresentOnReactiveApi{Method}[379]" classname="io.lettuce.core.SyncAsyncApiConvergenceUnitTests" time="0.001"/>
  <testcase name="testMethodPresentOnReactiveApi{Method}[380]" classname="io.lettuce.core.SyncAsyncApiConvergenceUnitTests" time="0"/>
  <testcase name="testMethodPresentOnReactiveApi{Method}[381]" classname="io.lettuce.core.SyncAsyncApiConvergenceUnitTests" time="0"/>
  <testcase name="testMethodPresentOnReactiveApi{Method}[382]" classname="io.lettuce.core.SyncAsyncApiConvergenceUnitTests" time="0"/>
  <testcase name="testMethodPresentOnReactiveApi{Method}[383]" classname="io.lettuce.core.SyncAsyncApiConvergenceUnitTests" time="0"/>
  <testcase name="testMethodPresentOnReactiveApi{Method}[384]" classname="io.lettuce.core.SyncAsyncApiConvergenceUnitTests" time="0"/>
  <testcase name="testMethodPresentOnReactiveApi{Method}[385]" classname="io.lettuce.core.SyncAsyncApiConvergenceUnitTests" time="0"/>
  <testcase name="testMethodPresentOnReactiveApi{Method}[386]" classname="io.lettuce.core.SyncAsyncApiConvergenceUnitTests" time="0.001"/>
  <testcase name="testMethodPresentOnReactiveApi{Method}[387]" classname="io.lettuce.core.SyncAsyncApiConvergenceUnitTests" time="0"/>
  <testcase name="testMethodPresentOnReactiveApi{Method}[388]" classname="io.lettuce.core.SyncAsyncApiConvergenceUnitTests" time="0"/>
  <testcase name="testMethodPresentOnReactiveApi{Method}[389]" classname="io.lettuce.core.SyncAsyncApiConvergenceUnitTests" time="0"/>
  <testcase name="testMethodPresentOnReactiveApi{Method}[390]" classname="io.lettuce.core.SyncAsyncApiConvergenceUnitTests" time="0.001"/>
  <testcase name="testMethodPresentOnReactiveApi{Method}[391]" classname="io.lettuce.core.SyncAsyncApiConvergenceUnitTests" time="0"/>
  <testcase name="testMethodPresentOnReactiveApi{Method}[392]" classname="io.lettuce.core.SyncAsyncApiConvergenceUnitTests" time="0"/>
  <testcase name="testMethodPresentOnReactiveApi{Method}[393]" classname="io.lettuce.core.SyncAsyncApiConvergenceUnitTests" time="0"/>
  <testcase name="testMethodPresentOnReactiveApi{Method}[394]" classname="io.lettuce.core.SyncAsyncApiConvergenceUnitTests" time="0"/>
  <testcase name="testMethodPresentOnReactiveApi{Method}[395]" classname="io.lettuce.core.SyncAsyncApiConvergenceUnitTests" time="0"/>
  <testcase name="testMethodPresentOnReactiveApi{Method}[396]" classname="io.lettuce.core.SyncAsyncApiConvergenceUnitTests" time="0"/>
  <testcase name="testSameResultType{Method}[1]" classname="io.lettuce.core.SyncAsyncApiConvergenceUnitTests" time="0"/>
  <testcase name="testSameResultType{Method}[2]" classname="io.lettuce.core.SyncAsyncApiConvergenceUnitTests" time="0"/>
  <testcase name="testSameResultType{Method}[3]" classname="io.lettuce.core.SyncAsyncApiConvergenceUnitTests" time="0"/>
  <testcase name="testSameResultType{Method}[4]" classname="io.lettuce.core.SyncAsyncApiConvergenceUnitTests" time="0"/>
  <testcase name="testSameResultType{Method}[5]" classname="io.lettuce.core.SyncAsyncApiConvergenceUnitTests" time="0.001"/>
  <testcase name="testSameResultType{Method}[6]" classname="io.lettuce.core.SyncAsyncApiConvergenceUnitTests" time="0"/>
  <testcase name="testSameResultType{Method}[7]" classname="io.lettuce.core.SyncAsyncApiConvergenceUnitTests" time="0"/>
  <testcase name="testSameResultType{Method}[8]" classname="io.lettuce.core.SyncAsyncApiConvergenceUnitTests" time="0"/>
  <testcase name="testSameResultType{Method}[9]" classname="io.lettuce.core.SyncAsyncApiConvergenceUnitTests" time="0"/>
  <testcase name="testSameResultType{Method}[10]" classname="io.lettuce.core.SyncAsyncApiConvergenceUnitTests" time="0"/>
  <testcase name="testSameResultType{Method}[11]" classname="io.lettuce.core.SyncAsyncApiConvergenceUnitTests" time="0"/>
  <testcase name="testSameResultType{Method}[12]" classname="io.lettuce.core.SyncAsyncApiConvergenceUnitTests" time="0"/>
  <testcase name="testSameResultType{Method}[13]" classname="io.lettuce.core.SyncAsyncApiConvergenceUnitTests" time="0"/>
  <testcase name="testSameResultType{Method}[14]" classname="io.lettuce.core.SyncAsyncApiConvergenceUnitTests" time="0"/>
  <testcase name="testSameResultType{Method}[15]" classname="io.lettuce.core.SyncAsyncApiConvergenceUnitTests" time="0"/>
  <testcase name="testSameResultType{Method}[16]" classname="io.lettuce.core.SyncAsyncApiConvergenceUnitTests" time="0.001"/>
  <testcase name="testSameResultType{Method}[17]" classname="io.lettuce.core.SyncAsyncApiConvergenceUnitTests" time="0"/>
  <testcase name="testSameResultType{Method}[18]" classname="io.lettuce.core.SyncAsyncApiConvergenceUnitTests" time="0"/>
  <testcase name="testSameResultType{Method}[19]" classname="io.lettuce.core.SyncAsyncApiConvergenceUnitTests" time="0"/>
  <testcase name="testSameResultType{Method}[20]" classname="io.lettuce.core.SyncAsyncApiConvergenceUnitTests" time="0"/>
  <testcase name="testSameResultType{Method}[21]" classname="io.lettuce.core.SyncAsyncApiConvergenceUnitTests" time="0"/>
  <testcase name="testSameResultType{Method}[22]" classname="io.lettuce.core.SyncAsyncApiConvergenceUnitTests" time="0"/>
  <testcase name="testSameResultType{Method}[23]" classname="io.lettuce.core.SyncAsyncApiConvergenceUnitTests" time="0"/>
  <testcase name="testSameResultType{Method}[24]" classname="io.lettuce.core.SyncAsyncApiConvergenceUnitTests" time="0"/>
  <testcase name="testSameResultType{Method}[25]" classname="io.lettuce.core.SyncAsyncApiConvergenceUnitTests" time="0"/>
  <testcase name="testSameResultType{Method}[26]" classname="io.lettuce.core.SyncAsyncApiConvergenceUnitTests" time="0"/>
  <testcase name="testSameResultType{Method}[27]" classname="io.lettuce.core.SyncAsyncApiConvergenceUnitTests" time="0"/>
  <testcase name="testSameResultType{Method}[28]" classname="io.lettuce.core.SyncAsyncApiConvergenceUnitTests" time="0"/>
  <testcase name="testSameResultType{Method}[29]" classname="io.lettuce.core.SyncAsyncApiConvergenceUnitTests" time="0"/>
  <testcase name="testSameResultType{Method}[30]" classname="io.lettuce.core.SyncAsyncApiConvergenceUnitTests" time="0"/>
  <testcase name="testSameResultType{Method}[31]" classname="io.lettuce.core.SyncAsyncApiConvergenceUnitTests" time="0"/>
  <testcase name="testSameResultType{Method}[32]" classname="io.lettuce.core.SyncAsyncApiConvergenceUnitTests" time="0"/>
  <testcase name="testSameResultType{Method}[33]" classname="io.lettuce.core.SyncAsyncApiConvergenceUnitTests" time="0"/>
  <testcase name="testSameResultType{Method}[34]" classname="io.lettuce.core.SyncAsyncApiConvergenceUnitTests" time="0"/>
  <testcase name="testSameResultType{Method}[35]" classname="io.lettuce.core.SyncAsyncApiConvergenceUnitTests" time="0"/>
  <testcase name="testSameResultType{Method}[36]" classname="io.lettuce.core.SyncAsyncApiConvergenceUnitTests" time="0"/>
  <testcase name="testSameResultType{Method}[37]" classname="io.lettuce.core.SyncAsyncApiConvergenceUnitTests" time="0"/>
  <testcase name="testSameResultType{Method}[38]" classname="io.lettuce.core.SyncAsyncApiConvergenceUnitTests" time="0"/>
  <testcase name="testSameResultType{Method}[39]" classname="io.lettuce.core.SyncAsyncApiConvergenceUnitTests" time="0"/>
  <testcase name="testSameResultType{Method}[40]" classname="io.lettuce.core.SyncAsyncApiConvergenceUnitTests" time="0.001"/>
  <testcase name="testSameResultType{Method}[41]" classname="io.lettuce.core.SyncAsyncApiConvergenceUnitTests" time="0"/>
  <testcase name="testSameResultType{Method}[42]" classname="io.lettuce.core.SyncAsyncApiConvergenceUnitTests" time="0"/>
  <testcase name="testSameResultType{Method}[43]" classname="io.lettuce.core.SyncAsyncApiConvergenceUnitTests" time="0"/>
  <testcase name="testSameResultType{Method}[44]" classname="io.lettuce.core.SyncAsyncApiConvergenceUnitTests" time="0"/>
  <testcase name="testSameResultType{Method}[45]" classname="io.lettuce.core.SyncAsyncApiConvergenceUnitTests" time="0"/>
  <testcase name="testSameResultType{Method}[46]" classname="io.lettuce.core.SyncAsyncApiConvergenceUnitTests" time="0"/>
  <testcase name="testSameResultType{Method}[47]" classname="io.lettuce.core.SyncAsyncApiConvergenceUnitTests" time="0"/>
  <testcase name="testSameResultType{Method}[48]" classname="io.lettuce.core.SyncAsyncApiConvergenceUnitTests" time="0"/>
  <testcase name="testSameResultType{Method}[49]" classname="io.lettuce.core.SyncAsyncApiConvergenceUnitTests" time="0.001"/>
  <testcase name="testSameResultType{Method}[50]" classname="io.lettuce.core.SyncAsyncApiConvergenceUnitTests" time="0"/>
  <testcase name="testSameResultType{Method}[51]" classname="io.lettuce.core.SyncAsyncApiConvergenceUnitTests" time="0"/>
  <testcase name="testSameResultType{Method}[52]" classname="io.lettuce.core.SyncAsyncApiConvergenceUnitTests" time="0"/>
  <testcase name="testSameResultType{Method}[53]" classname="io.lettuce.core.SyncAsyncApiConvergenceUnitTests" time="0"/>
  <testcase name="testSameResultType{Method}[54]" classname="io.lettuce.core.SyncAsyncApiConvergenceUnitTests" time="0"/>
  <testcase name="testSameResultType{Method}[55]" classname="io.lettuce.core.SyncAsyncApiConvergenceUnitTests" time="0"/>
  <testcase name="testSameResultType{Method}[56]" classname="io.lettuce.core.SyncAsyncApiConvergenceUnitTests" time="0"/>
  <testcase name="testSameResultType{Method}[57]" classname="io.lettuce.core.SyncAsyncApiConvergenceUnitTests" time="0"/>
  <testcase name="testSameResultType{Method}[58]" classname="io.lettuce.core.SyncAsyncApiConvergenceUnitTests" time="0"/>
  <testcase name="testSameResultType{Method}[59]" classname="io.lettuce.core.SyncAsyncApiConvergenceUnitTests" time="0"/>
  <testcase name="testSameResultType{Method}[60]" classname="io.lettuce.core.SyncAsyncApiConvergenceUnitTests" time="0"/>
  <testcase name="testSameResultType{Method}[61]" classname="io.lettuce.core.SyncAsyncApiConvergenceUnitTests" time="0"/>
  <testcase name="testSameResultType{Method}[62]" classname="io.lettuce.core.SyncAsyncApiConvergenceUnitTests" time="0"/>
  <testcase name="testSameResultType{Method}[63]" classname="io.lettuce.core.SyncAsyncApiConvergenceUnitTests" time="0"/>
  <testcase name="testSameResultType{Method}[64]" classname="io.lettuce.core.SyncAsyncApiConvergenceUnitTests" time="0"/>
  <testcase name="testSameResultType{Method}[65]" classname="io.lettuce.core.SyncAsyncApiConvergenceUnitTests" time="0"/>
  <testcase name="testSameResultType{Method}[66]" classname="io.lettuce.core.SyncAsyncApiConvergenceUnitTests" time="0"/>
  <testcase name="testSameResultType{Method}[67]" classname="io.lettuce.core.SyncAsyncApiConvergenceUnitTests" time="0"/>
  <testcase name="testSameResultType{Method}[68]" classname="io.lettuce.core.SyncAsyncApiConvergenceUnitTests" time="0"/>
  <testcase name="testSameResultType{Method}[69]" classname="io.lettuce.core.SyncAsyncApiConvergenceUnitTests" time="0"/>
  <testcase name="testSameResultType{Method}[70]" classname="io.lettuce.core.SyncAsyncApiConvergenceUnitTests" time="0"/>
  <testcase name="testSameResultType{Method}[71]" classname="io.lettuce.core.SyncAsyncApiConvergenceUnitTests" time="0"/>
  <testcase name="testSameResultType{Method}[72]" classname="io.lettuce.core.SyncAsyncApiConvergenceUnitTests" time="0"/>
  <testcase name="testSameResultType{Method}[73]" classname="io.lettuce.core.SyncAsyncApiConvergenceUnitTests" time="0"/>
  <testcase name="testSameResultType{Method}[74]" classname="io.lettuce.core.SyncAsyncApiConvergenceUnitTests" time="0"/>
  <testcase name="testSameResultType{Method}[75]" classname="io.lettuce.core.SyncAsyncApiConvergenceUnitTests" time="0"/>
  <testcase name="testSameResultType{Method}[76]" classname="io.lettuce.core.SyncAsyncApiConvergenceUnitTests" time="0"/>
  <testcase name="testSameResultType{Method}[77]" classname="io.lettuce.core.SyncAsyncApiConvergenceUnitTests" time="0"/>
  <testcase name="testSameResultType{Method}[78]" classname="io.lettuce.core.SyncAsyncApiConvergenceUnitTests" time="0"/>
  <testcase name="testSameResultType{Method}[79]" classname="io.lettuce.core.SyncAsyncApiConvergenceUnitTests" time="0"/>
  <testcase name="testSameResultType{Method}[80]" classname="io.lettuce.core.SyncAsyncApiConvergenceUnitTests" time="0"/>
  <testcase name="testSameResultType{Method}[81]" classname="io.lettuce.core.SyncAsyncApiConvergenceUnitTests" time="0"/>
  <testcase name="testSameResultType{Method}[82]" classname="io.lettuce.core.SyncAsyncApiConvergenceUnitTests" time="0"/>
  <testcase name="testSameResultType{Method}[83]" classname="io.lettuce.core.SyncAsyncApiConvergenceUnitTests" time="0"/>
  <testcase name="testSameResultType{Method}[84]" classname="io.lettuce.core.SyncAsyncApiConvergenceUnitTests" time="0"/>
  <testcase name="testSameResultType{Method}[85]" classname="io.lettuce.core.SyncAsyncApiConvergenceUnitTests" time="0"/>
  <testcase name="testSameResultType{Method}[86]" classname="io.lettuce.core.SyncAsyncApiConvergenceUnitTests" time="0"/>
  <testcase name="testSameResultType{Method}[87]" classname="io.lettuce.core.SyncAsyncApiConvergenceUnitTests" time="0"/>
  <testcase name="testSameResultType{Method}[88]" classname="io.lettuce.core.SyncAsyncApiConvergenceUnitTests" time="0"/>
  <testcase name="testSameResultType{Method}[89]" classname="io.lettuce.core.SyncAsyncApiConvergenceUnitTests" time="0"/>
  <testcase name="testSameResultType{Method}[90]" classname="io.lettuce.core.SyncAsyncApiConvergenceUnitTests" time="0"/>
  <testcase name="testSameResultType{Method}[91]" classname="io.lettuce.core.SyncAsyncApiConvergenceUnitTests" time="0"/>
  <testcase name="testSameResultType{Method}[92]" classname="io.lettuce.core.SyncAsyncApiConvergenceUnitTests" time="0"/>
  <testcase name="testSameResultType{Method}[93]" classname="io.lettuce.core.SyncAsyncApiConvergenceUnitTests" time="0"/>
  <testcase name="testSameResultType{Method}[94]" classname="io.lettuce.core.SyncAsyncApiConvergenceUnitTests" time="0"/>
  <testcase name="testSameResultType{Method}[95]" classname="io.lettuce.core.SyncAsyncApiConvergenceUnitTests" time="0"/>
  <testcase name="testSameResultType{Method}[96]" classname="io.lettuce.core.SyncAsyncApiConvergenceUnitTests" time="0"/>
  <testcase name="testSameResultType{Method}[97]" classname="io.lettuce.core.SyncAsyncApiConvergenceUnitTests" time="0"/>
  <testcase name="testSameResultType{Method}[98]" classname="io.lettuce.core.SyncAsyncApiConvergenceUnitTests" time="0"/>
  <testcase name="testSameResultType{Method}[99]" classname="io.lettuce.core.SyncAsyncApiConvergenceUnitTests" time="0"/>
  <testcase name="testSameResultType{Method}[100]" classname="io.lettuce.core.SyncAsyncApiConvergenceUnitTests" time="0"/>
  <testcase name="testSameResultType{Method}[101]" classname="io.lettuce.core.SyncAsyncApiConvergenceUnitTests" time="0"/>
  <testcase name="testSameResultType{Method}[102]" classname="io.lettuce.core.SyncAsyncApiConvergenceUnitTests" time="0"/>
  <testcase name="testSameResultType{Method}[103]" classname="io.lettuce.core.SyncAsyncApiConvergenceUnitTests" time="0"/>
  <testcase name="testSameResultType{Method}[104]" classname="io.lettuce.core.SyncAsyncApiConvergenceUnitTests" time="0"/>
  <testcase name="testSameResultType{Method}[105]" classname="io.lettuce.core.SyncAsyncApiConvergenceUnitTests" time="0"/>
  <testcase name="testSameResultType{Method}[106]" classname="io.lettuce.core.SyncAsyncApiConvergenceUnitTests" time="0"/>
  <testcase name="testSameResultType{Method}[107]" classname="io.lettuce.core.SyncAsyncApiConvergenceUnitTests" time="0.001"/>
  <testcase name="testSameResultType{Method}[108]" classname="io.lettuce.core.SyncAsyncApiConvergenceUnitTests" time="0"/>
  <testcase name="testSameResultType{Method}[109]" classname="io.lettuce.core.SyncAsyncApiConvergenceUnitTests" time="0"/>
  <testcase name="testSameResultType{Method}[110]" classname="io.lettuce.core.SyncAsyncApiConvergenceUnitTests" time="0"/>
  <testcase name="testSameResultType{Method}[111]" classname="io.lettuce.core.SyncAsyncApiConvergenceUnitTests" time="0"/>
  <testcase name="testSameResultType{Method}[112]" classname="io.lettuce.core.SyncAsyncApiConvergenceUnitTests" time="0"/>
  <testcase name="testSameResultType{Method}[113]" classname="io.lettuce.core.SyncAsyncApiConvergenceUnitTests" time="0"/>
  <testcase name="testSameResultType{Method}[114]" classname="io.lettuce.core.SyncAsyncApiConvergenceUnitTests" time="0"/>
  <testcase name="testSameResultType{Method}[115]" classname="io.lettuce.core.SyncAsyncApiConvergenceUnitTests" time="0"/>
  <testcase name="testSameResultType{Method}[116]" classname="io.lettuce.core.SyncAsyncApiConvergenceUnitTests" time="0"/>
  <testcase name="testSameResultType{Method}[117]" classname="io.lettuce.core.SyncAsyncApiConvergenceUnitTests" time="0.001"/>
  <testcase name="testSameResultType{Method}[118]" classname="io.lettuce.core.SyncAsyncApiConvergenceUnitTests" time="0"/>
  <testcase name="testSameResultType{Method}[119]" classname="io.lettuce.core.SyncAsyncApiConvergenceUnitTests" time="0"/>
  <testcase name="testSameResultType{Method}[120]" classname="io.lettuce.core.SyncAsyncApiConvergenceUnitTests" time="0"/>
  <testcase name="testSameResultType{Method}[121]" classname="io.lettuce.core.SyncAsyncApiConvergenceUnitTests" time="0.001"/>
  <testcase name="testSameResultType{Method}[122]" classname="io.lettuce.core.SyncAsyncApiConvergenceUnitTests" time="0"/>
  <testcase name="testSameResultType{Method}[123]" classname="io.lettuce.core.SyncAsyncApiConvergenceUnitTests" time="0"/>
  <testcase name="testSameResultType{Method}[124]" classname="io.lettuce.core.SyncAsyncApiConvergenceUnitTests" time="0"/>
  <testcase name="testSameResultType{Method}[125]" classname="io.lettuce.core.SyncAsyncApiConvergenceUnitTests" time="0"/>
  <testcase name="testSameResultType{Method}[126]" classname="io.lettuce.core.SyncAsyncApiConvergenceUnitTests" time="0"/>
  <testcase name="testSameResultType{Method}[127]" classname="io.lettuce.core.SyncAsyncApiConvergenceUnitTests" time="0"/>
  <testcase name="testSameResultType{Method}[128]" classname="io.lettuce.core.SyncAsyncApiConvergenceUnitTests" time="0"/>
  <testcase name="testSameResultType{Method}[129]" classname="io.lettuce.core.SyncAsyncApiConvergenceUnitTests" time="0"/>
  <testcase name="testSameResultType{Method}[130]" classname="io.lettuce.core.SyncAsyncApiConvergenceUnitTests" time="0"/>
  <testcase name="testSameResultType{Method}[131]" classname="io.lettuce.core.SyncAsyncApiConvergenceUnitTests" time="0"/>
  <testcase name="testSameResultType{Method}[132]" classname="io.lettuce.core.SyncAsyncApiConvergenceUnitTests" time="0.001"/>
  <testcase name="testSameResultType{Method}[133]" classname="io.lettuce.core.SyncAsyncApiConvergenceUnitTests" time="0"/>
  <testcase name="testSameResultType{Method}[134]" classname="io.lettuce.core.SyncAsyncApiConvergenceUnitTests" time="0"/>
  <testcase name="testSameResultType{Method}[135]" classname="io.lettuce.core.SyncAsyncApiConvergenceUnitTests" time="0"/>
  <testcase name="testSameResultType{Method}[136]" classname="io.lettuce.core.SyncAsyncApiConvergenceUnitTests" time="0.001"/>
  <testcase name="testSameResultType{Method}[137]" classname="io.lettuce.core.SyncAsyncApiConvergenceUnitTests" time="0"/>
  <testcase name="testSameResultType{Method}[138]" classname="io.lettuce.core.SyncAsyncApiConvergenceUnitTests" time="0"/>
  <testcase name="testSameResultType{Method}[139]" classname="io.lettuce.core.SyncAsyncApiConvergenceUnitTests" time="0"/>
  <testcase name="testSameResultType{Method}[140]" classname="io.lettuce.core.SyncAsyncApiConvergenceUnitTests" time="0.001"/>
  <testcase name="testSameResultType{Method}[141]" classname="io.lettuce.core.SyncAsyncApiConvergenceUnitTests" time="0"/>
  <testcase name="testSameResultType{Method}[142]" classname="io.lettuce.core.SyncAsyncApiConvergenceUnitTests" time="0"/>
  <testcase name="testSameResultType{Method}[143]" classname="io.lettuce.core.SyncAsyncApiConvergenceUnitTests" time="0"/>
  <testcase name="testSameResultType{Method}[144]" classname="io.lettuce.core.SyncAsyncApiConvergenceUnitTests" time="0"/>
  <testcase name="testSameResultType{Method}[145]" classname="io.lettuce.core.SyncAsyncApiConvergenceUnitTests" time="0"/>
  <testcase name="testSameResultType{Method}[146]" classname="io.lettuce.core.SyncAsyncApiConvergenceUnitTests" time="0"/>
  <testcase name="testSameResultType{Method}[147]" classname="io.lettuce.core.SyncAsyncApiConvergenceUnitTests" time="0"/>
  <testcase name="testSameResultType{Method}[148]" classname="io.lettuce.core.SyncAsyncApiConvergenceUnitTests" time="0"/>
  <testcase name="testSameResultType{Method}[149]" classname="io.lettuce.core.SyncAsyncApiConvergenceUnitTests" time="0"/>
  <testcase name="testSameResultType{Method}[150]" classname="io.lettuce.core.SyncAsyncApiConvergenceUnitTests" time="0"/>
  <testcase name="testSameResultType{Method}[151]" classname="io.lettuce.core.SyncAsyncApiConvergenceUnitTests" time="0"/>
  <testcase name="testSameResultType{Method}[152]" classname="io.lettuce.core.SyncAsyncApiConvergenceUnitTests" time="0"/>
  <testcase name="testSameResultType{Method}[153]" classname="io.lettuce.core.SyncAsyncApiConvergenceUnitTests" time="0"/>
  <testcase name="testSameResultType{Method}[154]" classname="io.lettuce.core.SyncAsyncApiConvergenceUnitTests" time="0"/>
  <testcase name="testSameResultType{Method}[155]" classname="io.lettuce.core.SyncAsyncApiConvergenceUnitTests" time="0"/>
  <testcase name="testSameResultType{Method}[156]" classname="io.lettuce.core.SyncAsyncApiConvergenceUnitTests" time="0"/>
  <testcase name="testSameResultType{Method}[157]" classname="io.lettuce.core.SyncAsyncApiConvergenceUnitTests" time="0"/>
  <testcase name="testSameResultType{Method}[158]" classname="io.lettuce.core.SyncAsyncApiConvergenceUnitTests" time="0"/>
  <testcase name="testSameResultType{Method}[159]" classname="io.lettuce.core.SyncAsyncApiConvergenceUnitTests" time="0"/>
  <testcase name="testSameResultType{Method}[160]" classname="io.lettuce.core.SyncAsyncApiConvergenceUnitTests" time="0"/>
  <testcase name="testSameResultType{Method}[161]" classname="io.lettuce.core.SyncAsyncApiConvergenceUnitTests" time="0"/>
  <testcase name="testSameResultType{Method}[162]" classname="io.lettuce.core.SyncAsyncApiConvergenceUnitTests" time="0"/>
  <testcase name="testSameResultType{Method}[163]" classname="io.lettuce.core.SyncAsyncApiConvergenceUnitTests" time="0"/>
  <testcase name="testSameResultType{Method}[164]" classname="io.lettuce.core.SyncAsyncApiConvergenceUnitTests" time="0"/>
  <testcase name="testSameResultType{Method}[165]" classname="io.lettuce.core.SyncAsyncApiConvergenceUnitTests" time="0.001"/>
  <testcase name="testSameResultType{Method}[166]" classname="io.lettuce.core.SyncAsyncApiConvergenceUnitTests" time="0"/>
  <testcase name="testSameResultType{Method}[167]" classname="io.lettuce.core.SyncAsyncApiConvergenceUnitTests" time="0"/>
  <testcase name="testSameResultType{Method}[168]" classname="io.lettuce.core.SyncAsyncApiConvergenceUnitTests" time="0"/>
  <testcase name="testSameResultType{Method}[169]" classname="io.lettuce.core.SyncAsyncApiConvergenceUnitTests" time="0"/>
  <testcase name="testSameResultType{Method}[170]" classname="io.lettuce.core.SyncAsyncApiConvergenceUnitTests" time="0.001"/>
  <testcase name="testSameResultType{Method}[171]" classname="io.lettuce.core.SyncAsyncApiConvergenceUnitTests" time="0"/>
  <testcase name="testSameResultType{Method}[172]" classname="io.lettuce.core.SyncAsyncApiConvergenceUnitTests" time="0"/>
  <testcase name="testSameResultType{Method}[173]" classname="io.lettuce.core.SyncAsyncApiConvergenceUnitTests" time="0"/>
  <testcase name="testSameResultType{Method}[174]" classname="io.lettuce.core.SyncAsyncApiConvergenceUnitTests" time="0"/>
  <testcase name="testSameResultType{Method}[175]" classname="io.lettuce.core.SyncAsyncApiConvergenceUnitTests" time="0"/>
  <testcase name="testSameResultType{Method}[176]" classname="io.lettuce.core.SyncAsyncApiConvergenceUnitTests" time="0"/>
  <testcase name="testSameResultType{Method}[177]" classname="io.lettuce.core.SyncAsyncApiConvergenceUnitTests" time="0"/>
  <testcase name="testSameResultType{Method}[178]" classname="io.lettuce.core.SyncAsyncApiConvergenceUnitTests" time="0"/>
  <testcase name="testSameResultType{Method}[179]" classname="io.lettuce.core.SyncAsyncApiConvergenceUnitTests" time="0"/>
  <testcase name="testSameResultType{Method}[180]" classname="io.lettuce.core.SyncAsyncApiConvergenceUnitTests" time="0"/>
  <testcase name="testSameResultType{Method}[181]" classname="io.lettuce.core.SyncAsyncApiConvergenceUnitTests" time="0"/>
  <testcase name="testSameResultType{Method}[182]" classname="io.lettuce.core.SyncAsyncApiConvergenceUnitTests" time="0"/>
  <testcase name="testSameResultType{Method}[183]" classname="io.lettuce.core.SyncAsyncApiConvergenceUnitTests" time="0"/>
  <testcase name="testSameResultType{Method}[184]" classname="io.lettuce.core.SyncAsyncApiConvergenceUnitTests" time="0"/>
  <testcase name="testSameResultType{Method}[185]" classname="io.lettuce.core.SyncAsyncApiConvergenceUnitTests" time="0.001"/>
  <testcase name="testSameResultType{Method}[186]" classname="io.lettuce.core.SyncAsyncApiConvergenceUnitTests" time="0"/>
  <testcase name="testSameResultType{Method}[187]" classname="io.lettuce.core.SyncAsyncApiConvergenceUnitTests" time="0"/>
  <testcase name="testSameResultType{Method}[188]" classname="io.lettuce.core.SyncAsyncApiConvergenceUnitTests" time="0"/>
  <testcase name="testSameResultType{Method}[189]" classname="io.lettuce.core.SyncAsyncApiConvergenceUnitTests" time="0"/>
  <testcase name="testSameResultType{Method}[190]" classname="io.lettuce.core.SyncAsyncApiConvergenceUnitTests" time="0"/>
  <testcase name="testSameResultType{Method}[191]" classname="io.lettuce.core.SyncAsyncApiConvergenceUnitTests" time="0.001"/>
  <testcase name="testSameResultType{Method}[192]" classname="io.lettuce.core.SyncAsyncApiConvergenceUnitTests" time="0"/>
  <testcase name="testSameResultType{Method}[193]" classname="io.lettuce.core.SyncAsyncApiConvergenceUnitTests" time="0"/>
  <testcase name="testSameResultType{Method}[194]" classname="io.lettuce.core.SyncAsyncApiConvergenceUnitTests" time="0"/>
  <testcase name="testSameResultType{Method}[195]" classname="io.lettuce.core.SyncAsyncApiConvergenceUnitTests" time="0"/>
  <testcase name="testSameResultType{Method}[196]" classname="io.lettuce.core.SyncAsyncApiConvergenceUnitTests" time="0"/>
  <testcase name="testSameResultType{Method}[197]" classname="io.lettuce.core.SyncAsyncApiConvergenceUnitTests" time="0"/>
  <testcase name="testSameResultType{Method}[198]" classname="io.lettuce.core.SyncAsyncApiConvergenceUnitTests" time="0"/>
  <testcase name="testSameResultType{Method}[199]" classname="io.lettuce.core.SyncAsyncApiConvergenceUnitTests" time="0.001"/>
  <testcase name="testSameResultType{Method}[200]" classname="io.lettuce.core.SyncAsyncApiConvergenceUnitTests" time="0"/>
  <testcase name="testSameResultType{Method}[201]" classname="io.lettuce.core.SyncAsyncApiConvergenceUnitTests" time="0"/>
  <testcase name="testSameResultType{Method}[202]" classname="io.lettuce.core.SyncAsyncApiConvergenceUnitTests" time="0"/>
  <testcase name="testSameResultType{Method}[203]" classname="io.lettuce.core.SyncAsyncApiConvergenceUnitTests" time="0"/>
  <testcase name="testSameResultType{Method}[204]" classname="io.lettuce.core.SyncAsyncApiConvergenceUnitTests" time="0"/>
  <testcase name="testSameResultType{Method}[205]" classname="io.lettuce.core.SyncAsyncApiConvergenceUnitTests" time="0"/>
  <testcase name="testSameResultType{Method}[206]" classname="io.lettuce.core.SyncAsyncApiConvergenceUnitTests" time="0"/>
  <testcase name="testSameResultType{Method}[207]" classname="io.lettuce.core.SyncAsyncApiConvergenceUnitTests" time="0"/>
  <testcase name="testSameResultType{Method}[208]" classname="io.lettuce.core.SyncAsyncApiConvergenceUnitTests" time="0"/>
  <testcase name="testSameResultType{Method}[209]" classname="io.lettuce.core.SyncAsyncApiConvergenceUnitTests" time="0"/>
  <testcase name="testSameResultType{Method}[210]" classname="io.lettuce.core.SyncAsyncApiConvergenceUnitTests" time="0"/>
  <testcase name="testSameResultType{Method}[211]" classname="io.lettuce.core.SyncAsyncApiConvergenceUnitTests" time="0"/>
  <testcase name="testSameResultType{Method}[212]" classname="io.lettuce.core.SyncAsyncApiConvergenceUnitTests" time="0"/>
  <testcase name="testSameResultType{Method}[213]" classname="io.lettuce.core.SyncAsyncApiConvergenceUnitTests" time="0"/>
  <testcase name="testSameResultType{Method}[214]" classname="io.lettuce.core.SyncAsyncApiConvergenceUnitTests" time="0.001"/>
  <testcase name="testSameResultType{Method}[215]" classname="io.lettuce.core.SyncAsyncApiConvergenceUnitTests" time="0"/>
  <testcase name="testSameResultType{Method}[216]" classname="io.lettuce.core.SyncAsyncApiConvergenceUnitTests" time="0"/>
  <testcase name="testSameResultType{Method}[217]" classname="io.lettuce.core.SyncAsyncApiConvergenceUnitTests" time="0"/>
  <testcase name="testSameResultType{Method}[218]" classname="io.lettuce.core.SyncAsyncApiConvergenceUnitTests" time="0"/>
  <testcase name="testSameResultType{Method}[219]" classname="io.lettuce.core.SyncAsyncApiConvergenceUnitTests" time="0"/>
  <testcase name="testSameResultType{Method}[220]" classname="io.lettuce.core.SyncAsyncApiConvergenceUnitTests" time="0"/>
  <testcase name="testSameResultType{Method}[221]" classname="io.lettuce.core.SyncAsyncApiConvergenceUnitTests" time="0"/>
  <testcase name="testSameResultType{Method}[222]" classname="io.lettuce.core.SyncAsyncApiConvergenceUnitTests" time="0"/>
  <testcase name="testSameResultType{Method}[223]" classname="io.lettuce.core.SyncAsyncApiConvergenceUnitTests" time="0"/>
  <testcase name="testSameResultType{Method}[224]" classname="io.lettuce.core.SyncAsyncApiConvergenceUnitTests" time="0"/>
  <testcase name="testSameResultType{Method}[225]" classname="io.lettuce.core.SyncAsyncApiConvergenceUnitTests" time="0"/>
  <testcase name="testSameResultType{Method}[226]" classname="io.lettuce.core.SyncAsyncApiConvergenceUnitTests" time="0"/>
  <testcase name="testSameResultType{Method}[227]" classname="io.lettuce.core.SyncAsyncApiConvergenceUnitTests" time="0"/>
  <testcase name="testSameResultType{Method}[228]" classname="io.lettuce.core.SyncAsyncApiConvergenceUnitTests" time="0.001"/>
  <testcase name="testSameResultType{Method}[229]" classname="io.lettuce.core.SyncAsyncApiConvergenceUnitTests" time="0"/>
  <testcase name="testSameResultType{Method}[230]" classname="io.lettuce.core.SyncAsyncApiConvergenceUnitTests" time="0"/>
  <testcase name="testSameResultType{Method}[231]" classname="io.lettuce.core.SyncAsyncApiConvergenceUnitTests" time="0"/>
  <testcase name="testSameResultType{Method}[232]" classname="io.lettuce.core.SyncAsyncApiConvergenceUnitTests" time="0.001"/>
  <testcase name="testSameResultType{Method}[233]" classname="io.lettuce.core.SyncAsyncApiConvergenceUnitTests" time="0"/>
  <testcase name="testSameResultType{Method}[234]" classname="io.lettuce.core.SyncAsyncApiConvergenceUnitTests" time="0"/>
  <testcase name="testSameResultType{Method}[235]" classname="io.lettuce.core.SyncAsyncApiConvergenceUnitTests" time="0.001"/>
  <testcase name="testSameResultType{Method}[236]" classname="io.lettuce.core.SyncAsyncApiConvergenceUnitTests" time="0"/>
  <testcase name="testSameResultType{Method}[237]" classname="io.lettuce.core.SyncAsyncApiConvergenceUnitTests" time="0"/>
  <testcase name="testSameResultType{Method}[238]" classname="io.lettuce.core.SyncAsyncApiConvergenceUnitTests" time="0"/>
  <testcase name="testSameResultType{Method}[239]" classname="io.lettuce.core.SyncAsyncApiConvergenceUnitTests" time="0"/>
  <testcase name="testSameResultType{Method}[240]" classname="io.lettuce.core.SyncAsyncApiConvergenceUnitTests" time="0"/>
  <testcase name="testSameResultType{Method}[241]" classname="io.lettuce.core.SyncAsyncApiConvergenceUnitTests" time="0"/>
  <testcase name="testSameResultType{Method}[242]" classname="io.lettuce.core.SyncAsyncApiConvergenceUnitTests" time="0.001"/>
  <testcase name="testSameResultType{Method}[243]" classname="io.lettuce.core.SyncAsyncApiConvergenceUnitTests" time="0"/>
  <testcase name="testSameResultType{Method}[244]" classname="io.lettuce.core.SyncAsyncApiConvergenceUnitTests" time="0"/>
  <testcase name="testSameResultType{Method}[245]" classname="io.lettuce.core.SyncAsyncApiConvergenceUnitTests" time="0"/>
  <testcase name="testSameResultType{Method}[246]" classname="io.lettuce.core.SyncAsyncApiConvergenceUnitTests" time="0"/>
  <testcase name="testSameResultType{Method}[247]" classname="io.lettuce.core.SyncAsyncApiConvergenceUnitTests" time="0"/>
  <testcase name="testSameResultType{Method}[248]" classname="io.lettuce.core.SyncAsyncApiConvergenceUnitTests" time="0"/>
  <testcase name="testSameResultType{Method}[249]" classname="io.lettuce.core.SyncAsyncApiConvergenceUnitTests" time="0"/>
  <testcase name="testSameResultType{Method}[250]" classname="io.lettuce.core.SyncAsyncApiConvergenceUnitTests" time="0"/>
  <testcase name="testSameResultType{Method}[251]" classname="io.lettuce.core.SyncAsyncApiConvergenceUnitTests" time="0"/>
  <testcase name="testSameResultType{Method}[252]" classname="io.lettuce.core.SyncAsyncApiConvergenceUnitTests" time="0"/>
  <testcase name="testSameResultType{Method}[253]" classname="io.lettuce.core.SyncAsyncApiConvergenceUnitTests" time="0"/>
  <testcase name="testSameResultType{Method}[254]" classname="io.lettuce.core.SyncAsyncApiConvergenceUnitTests" time="0"/>
  <testcase name="testSameResultType{Method}[255]" classname="io.lettuce.core.SyncAsyncApiConvergenceUnitTests" time="0"/>
  <testcase name="testSameResultType{Method}[256]" classname="io.lettuce.core.SyncAsyncApiConvergenceUnitTests" time="0"/>
  <testcase name="testSameResultType{Method}[257]" classname="io.lettuce.core.SyncAsyncApiConvergenceUnitTests" time="0"/>
  <testcase name="testSameResultType{Method}[258]" classname="io.lettuce.core.SyncAsyncApiConvergenceUnitTests" time="0.001"/>
  <testcase name="testSameResultType{Method}[259]" classname="io.lettuce.core.SyncAsyncApiConvergenceUnitTests" time="0"/>
  <testcase name="testSameResultType{Method}[260]" classname="io.lettuce.core.SyncAsyncApiConvergenceUnitTests" time="0"/>
  <testcase name="testSameResultType{Method}[261]" classname="io.lettuce.core.SyncAsyncApiConvergenceUnitTests" time="0"/>
  <testcase name="testSameResultType{Method}[262]" classname="io.lettuce.core.SyncAsyncApiConvergenceUnitTests" time="0"/>
  <testcase name="testSameResultType{Method}[263]" classname="io.lettuce.core.SyncAsyncApiConvergenceUnitTests" time="0"/>
  <testcase name="testSameResultType{Method}[264]" classname="io.lettuce.core.SyncAsyncApiConvergenceUnitTests" time="0"/>
  <testcase name="testSameResultType{Method}[265]" classname="io.lettuce.core.SyncAsyncApiConvergenceUnitTests" time="0"/>
  <testcase name="testSameResultType{Method}[266]" classname="io.lettuce.core.SyncAsyncApiConvergenceUnitTests" time="0"/>
  <testcase name="testSameResultType{Method}[267]" classname="io.lettuce.core.SyncAsyncApiConvergenceUnitTests" time="0"/>
  <testcase name="testSameResultType{Method}[268]" classname="io.lettuce.core.SyncAsyncApiConvergenceUnitTests" time="0"/>
  <testcase name="testSameResultType{Method}[269]" classname="io.lettuce.core.SyncAsyncApiConvergenceUnitTests" time="0"/>
  <testcase name="testSameResultType{Method}[270]" classname="io.lettuce.core.SyncAsyncApiConvergenceUnitTests" time="0"/>
  <testcase name="testSameResultType{Method}[271]" classname="io.lettuce.core.SyncAsyncApiConvergenceUnitTests" time="0"/>
  <testcase name="testSameResultType{Method}[272]" classname="io.lettuce.core.SyncAsyncApiConvergenceUnitTests" time="0"/>
  <testcase name="testSameResultType{Method}[273]" classname="io.lettuce.core.SyncAsyncApiConvergenceUnitTests" time="0"/>
  <testcase name="testSameResultType{Method}[274]" classname="io.lettuce.core.SyncAsyncApiConvergenceUnitTests" time="0"/>
  <testcase name="testSameResultType{Method}[275]" classname="io.lettuce.core.SyncAsyncApiConvergenceUnitTests" time="0"/>
  <testcase name="testSameResultType{Method}[276]" classname="io.lettuce.core.SyncAsyncApiConvergenceUnitTests" time="0"/>
  <testcase name="testSameResultType{Method}[277]" classname="io.lettuce.core.SyncAsyncApiConvergenceUnitTests" time="0"/>
  <testcase name="testSameResultType{Method}[278]" classname="io.lettuce.core.SyncAsyncApiConvergenceUnitTests" time="0"/>
  <testcase name="testSameResultType{Method}[279]" classname="io.lettuce.core.SyncAsyncApiConvergenceUnitTests" time="0"/>
  <testcase name="testSameResultType{Method}[280]" classname="io.lettuce.core.SyncAsyncApiConvergenceUnitTests" time="0"/>
  <testcase name="testSameResultType{Method}[281]" classname="io.lettuce.core.SyncAsyncApiConvergenceUnitTests" time="0"/>
  <testcase name="testSameResultType{Method}[282]" classname="io.lettuce.core.SyncAsyncApiConvergenceUnitTests" time="0"/>
  <testcase name="testSameResultType{Method}[283]" classname="io.lettuce.core.SyncAsyncApiConvergenceUnitTests" time="0"/>
  <testcase name="testSameResultType{Method}[284]" classname="io.lettuce.core.SyncAsyncApiConvergenceUnitTests" time="0"/>
  <testcase name="testSameResultType{Method}[285]" classname="io.lettuce.core.SyncAsyncApiConvergenceUnitTests" time="0"/>
  <testcase name="testSameResultType{Method}[286]" classname="io.lettuce.core.SyncAsyncApiConvergenceUnitTests" time="0"/>
  <testcase name="testSameResultType{Method}[287]" classname="io.lettuce.core.SyncAsyncApiConvergenceUnitTests" time="0"/>
  <testcase name="testSameResultType{Method}[288]" classname="io.lettuce.core.SyncAsyncApiConvergenceUnitTests" time="0"/>
  <testcase name="testSameResultType{Method}[289]" classname="io.lettuce.core.SyncAsyncApiConvergenceUnitTests" time="0"/>
  <testcase name="testSameResultType{Method}[290]" classname="io.lettuce.core.SyncAsyncApiConvergenceUnitTests" time="0"/>
  <testcase name="testSameResultType{Method}[291]" classname="io.lettuce.core.SyncAsyncApiConvergenceUnitTests" time="0"/>
  <testcase name="testSameResultType{Method}[292]" classname="io.lettuce.core.SyncAsyncApiConvergenceUnitTests" time="0"/>
  <testcase name="testSameResultType{Method}[293]" classname="io.lettuce.core.SyncAsyncApiConvergenceUnitTests" time="0"/>
  <testcase name="testSameResultType{Method}[294]" classname="io.lettuce.core.SyncAsyncApiConvergenceUnitTests" time="0"/>
  <testcase name="testSameResultType{Method}[295]" classname="io.lettuce.core.SyncAsyncApiConvergenceUnitTests" time="0"/>
  <testcase name="testSameResultType{Method}[296]" classname="io.lettuce.core.SyncAsyncApiConvergenceUnitTests" time="0"/>
  <testcase name="testSameResultType{Method}[297]" classname="io.lettuce.core.SyncAsyncApiConvergenceUnitTests" time="0"/>
  <testcase name="testSameResultType{Method}[298]" classname="io.lettuce.core.SyncAsyncApiConvergenceUnitTests" time="0"/>
  <testcase name="testSameResultType{Method}[299]" classname="io.lettuce.core.SyncAsyncApiConvergenceUnitTests" time="0"/>
  <testcase name="testSameResultType{Method}[300]" classname="io.lettuce.core.SyncAsyncApiConvergenceUnitTests" time="0"/>
  <testcase name="testSameResultType{Method}[301]" classname="io.lettuce.core.SyncAsyncApiConvergenceUnitTests" time="0"/>
  <testcase name="testSameResultType{Method}[302]" classname="io.lettuce.core.SyncAsyncApiConvergenceUnitTests" time="0"/>
  <testcase name="testSameResultType{Method}[303]" classname="io.lettuce.core.SyncAsyncApiConvergenceUnitTests" time="0"/>
  <testcase name="testSameResultType{Method}[304]" classname="io.lettuce.core.SyncAsyncApiConvergenceUnitTests" time="0"/>
  <testcase name="testSameResultType{Method}[305]" classname="io.lettuce.core.SyncAsyncApiConvergenceUnitTests" time="0"/>
  <testcase name="testSameResultType{Method}[306]" classname="io.lettuce.core.SyncAsyncApiConvergenceUnitTests" time="0"/>
  <testcase name="testSameResultType{Method}[307]" classname="io.lettuce.core.SyncAsyncApiConvergenceUnitTests" time="0.001"/>
  <testcase name="testSameResultType{Method}[308]" classname="io.lettuce.core.SyncAsyncApiConvergenceUnitTests" time="0"/>
  <testcase name="testSameResultType{Method}[309]" classname="io.lettuce.core.SyncAsyncApiConvergenceUnitTests" time="0"/>
  <testcase name="testSameResultType{Method}[310]" classname="io.lettuce.core.SyncAsyncApiConvergenceUnitTests" time="0"/>
  <testcase name="testSameResultType{Method}[311]" classname="io.lettuce.core.SyncAsyncApiConvergenceUnitTests" time="0"/>
  <testcase name="testSameResultType{Method}[312]" classname="io.lettuce.core.SyncAsyncApiConvergenceUnitTests" time="0.001"/>
  <testcase name="testSameResultType{Method}[313]" classname="io.lettuce.core.SyncAsyncApiConvergenceUnitTests" time="0"/>
  <testcase name="testSameResultType{Method}[314]" classname="io.lettuce.core.SyncAsyncApiConvergenceUnitTests" time="0"/>
  <testcase name="testSameResultType{Method}[315]" classname="io.lettuce.core.SyncAsyncApiConvergenceUnitTests" time="0"/>
  <testcase name="testSameResultType{Method}[316]" classname="io.lettuce.core.SyncAsyncApiConvergenceUnitTests" time="0"/>
  <testcase name="testSameResultType{Method}[317]" classname="io.lettuce.core.SyncAsyncApiConvergenceUnitTests" time="0"/>
  <testcase name="testSameResultType{Method}[318]" classname="io.lettuce.core.SyncAsyncApiConvergenceUnitTests" time="0"/>
  <testcase name="testSameResultType{Method}[319]" classname="io.lettuce.core.SyncAsyncApiConvergenceUnitTests" time="0"/>
  <testcase name="testSameResultType{Method}[320]" classname="io.lettuce.core.SyncAsyncApiConvergenceUnitTests" time="0"/>
  <testcase name="testSameResultType{Method}[321]" classname="io.lettuce.core.SyncAsyncApiConvergenceUnitTests" time="0"/>
  <testcase name="testSameResultType{Method}[322]" classname="io.lettuce.core.SyncAsyncApiConvergenceUnitTests" time="0"/>
  <testcase name="testSameResultType{Method}[323]" classname="io.lettuce.core.SyncAsyncApiConvergenceUnitTests" time="0"/>
  <testcase name="testSameResultType{Method}[324]" classname="io.lettuce.core.SyncAsyncApiConvergenceUnitTests" time="0"/>
  <testcase name="testSameResultType{Method}[325]" classname="io.lettuce.core.SyncAsyncApiConvergenceUnitTests" time="0"/>
  <testcase name="testSameResultType{Method}[326]" classname="io.lettuce.core.SyncAsyncApiConvergenceUnitTests" time="0"/>
  <testcase name="testSameResultType{Method}[327]" classname="io.lettuce.core.SyncAsyncApiConvergenceUnitTests" time="0"/>
  <testcase name="testSameResultType{Method}[328]" classname="io.lettuce.core.SyncAsyncApiConvergenceUnitTests" time="0"/>
  <testcase name="testSameResultType{Method}[329]" classname="io.lettuce.core.SyncAsyncApiConvergenceUnitTests" time="0"/>
  <testcase name="testSameResultType{Method}[330]" classname="io.lettuce.core.SyncAsyncApiConvergenceUnitTests" time="0"/>
  <testcase name="testSameResultType{Method}[331]" classname="io.lettuce.core.SyncAsyncApiConvergenceUnitTests" time="0"/>
  <testcase name="testSameResultType{Method}[332]" classname="io.lettuce.core.SyncAsyncApiConvergenceUnitTests" time="0"/>
  <testcase name="testSameResultType{Method}[333]" classname="io.lettuce.core.SyncAsyncApiConvergenceUnitTests" time="0"/>
  <testcase name="testSameResultType{Method}[334]" classname="io.lettuce.core.SyncAsyncApiConvergenceUnitTests" time="0"/>
  <testcase name="testSameResultType{Method}[335]" classname="io.lettuce.core.SyncAsyncApiConvergenceUnitTests" time="0"/>
  <testcase name="testSameResultType{Method}[336]" classname="io.lettuce.core.SyncAsyncApiConvergenceUnitTests" time="0"/>
  <testcase name="testSameResultType{Method}[337]" classname="io.lettuce.core.SyncAsyncApiConvergenceUnitTests" time="0"/>
  <testcase name="testSameResultType{Method}[338]" classname="io.lettuce.core.SyncAsyncApiConvergenceUnitTests" time="0"/>
  <testcase name="testSameResultType{Method}[339]" classname="io.lettuce.core.SyncAsyncApiConvergenceUnitTests" time="0"/>
  <testcase name="testSameResultType{Method}[340]" classname="io.lettuce.core.SyncAsyncApiConvergenceUnitTests" time="0"/>
  <testcase name="testSameResultType{Method}[341]" classname="io.lettuce.core.SyncAsyncApiConvergenceUnitTests" time="0"/>
  <testcase name="testSameResultType{Method}[342]" classname="io.lettuce.core.SyncAsyncApiConvergenceUnitTests" time="0"/>
  <testcase name="testSameResultType{Method}[343]" classname="io.lettuce.core.SyncAsyncApiConvergenceUnitTests" time="0"/>
  <testcase name="testSameResultType{Method}[344]" classname="io.lettuce.core.SyncAsyncApiConvergenceUnitTests" time="0"/>
  <testcase name="testSameResultType{Method}[345]" classname="io.lettuce.core.SyncAsyncApiConvergenceUnitTests" time="0"/>
  <testcase name="testSameResultType{Method}[346]" classname="io.lettuce.core.SyncAsyncApiConvergenceUnitTests" time="0"/>
  <testcase name="testSameResultType{Method}[347]" classname="io.lettuce.core.SyncAsyncApiConvergenceUnitTests" time="0"/>
  <testcase name="testSameResultType{Method}[348]" classname="io.lettuce.core.SyncAsyncApiConvergenceUnitTests" time="0"/>
  <testcase name="testSameResultType{Method}[349]" classname="io.lettuce.core.SyncAsyncApiConvergenceUnitTests" time="0"/>
  <testcase name="testSameResultType{Method}[350]" classname="io.lettuce.core.SyncAsyncApiConvergenceUnitTests" time="0"/>
  <testcase name="testSameResultType{Method}[351]" classname="io.lettuce.core.SyncAsyncApiConvergenceUnitTests" time="0"/>
  <testcase name="testSameResultType{Method}[352]" classname="io.lettuce.core.SyncAsyncApiConvergenceUnitTests" time="0"/>
  <testcase name="testSameResultType{Method}[353]" classname="io.lettuce.core.SyncAsyncApiConvergenceUnitTests" time="0"/>
  <testcase name="testSameResultType{Method}[354]" classname="io.lettuce.core.SyncAsyncApiConvergenceUnitTests" time="0"/>
  <testcase name="testSameResultType{Method}[355]" classname="io.lettuce.core.SyncAsyncApiConvergenceUnitTests" time="0"/>
  <testcase name="testSameResultType{Method}[356]" classname="io.lettuce.core.SyncAsyncApiConvergenceUnitTests" time="0"/>
  <testcase name="testSameResultType{Method}[357]" classname="io.lettuce.core.SyncAsyncApiConvergenceUnitTests" time="0"/>
  <testcase name="testSameResultType{Method}[358]" classname="io.lettuce.core.SyncAsyncApiConvergenceUnitTests" time="0"/>
  <testcase name="testSameResultType{Method}[359]" classname="io.lettuce.core.SyncAsyncApiConvergenceUnitTests" time="0"/>
  <testcase name="testSameResultType{Method}[360]" classname="io.lettuce.core.SyncAsyncApiConvergenceUnitTests" time="0"/>
  <testcase name="testSameResultType{Method}[361]" classname="io.lettuce.core.SyncAsyncApiConvergenceUnitTests" time="0"/>
  <testcase name="testSameResultType{Method}[362]" classname="io.lettuce.core.SyncAsyncApiConvergenceUnitTests" time="0"/>
  <testcase name="testSameResultType{Method}[363]" classname="io.lettuce.core.SyncAsyncApiConvergenceUnitTests" time="0"/>
  <testcase name="testSameResultType{Method}[364]" classname="io.lettuce.core.SyncAsyncApiConvergenceUnitTests" time="0"/>
  <testcase name="testSameResultType{Method}[365]" classname="io.lettuce.core.SyncAsyncApiConvergenceUnitTests" time="0"/>
  <testcase name="testSameResultType{Method}[366]" classname="io.lettuce.core.SyncAsyncApiConvergenceUnitTests" time="0.001"/>
  <testcase name="testSameResultType{Method}[367]" classname="io.lettuce.core.SyncAsyncApiConvergenceUnitTests" time="0"/>
  <testcase name="testSameResultType{Method}[368]" classname="io.lettuce.core.SyncAsyncApiConvergenceUnitTests" time="0"/>
  <testcase name="testSameResultType{Method}[369]" classname="io.lettuce.core.SyncAsyncApiConvergenceUnitTests" time="0"/>
  <testcase name="testSameResultType{Method}[370]" classname="io.lettuce.core.SyncAsyncApiConvergenceUnitTests" time="0"/>
  <testcase name="testSameResultType{Method}[371]" classname="io.lettuce.core.SyncAsyncApiConvergenceUnitTests" time="0.001"/>
  <testcase name="testSameResultType{Method}[372]" classname="io.lettuce.core.SyncAsyncApiConvergenceUnitTests" time="0"/>
  <testcase name="testSameResultType{Method}[373]" classname="io.lettuce.core.SyncAsyncApiConvergenceUnitTests" time="0"/>
  <testcase name="testSameResultType{Method}[374]" classname="io.lettuce.core.SyncAsyncApiConvergenceUnitTests" time="0"/>
  <testcase name="testSameResultType{Method}[375]" classname="io.lettuce.core.SyncAsyncApiConvergenceUnitTests" time="0"/>
  <testcase name="testSameResultType{Method}[376]" classname="io.lettuce.core.SyncAsyncApiConvergenceUnitTests" time="0.001"/>
  <testcase name="testSameResultType{Method}[377]" classname="io.lettuce.core.SyncAsyncApiConvergenceUnitTests" time="0"/>
  <testcase name="testSameResultType{Method}[378]" classname="io.lettuce.core.SyncAsyncApiConvergenceUnitTests" time="0"/>
  <testcase name="testSameResultType{Method}[379]" classname="io.lettuce.core.SyncAsyncApiConvergenceUnitTests" time="0"/>
  <testcase name="testSameResultType{Method}[380]" classname="io.lettuce.core.SyncAsyncApiConvergenceUnitTests" time="0"/>
  <testcase name="testSameResultType{Method}[381]" classname="io.lettuce.core.SyncAsyncApiConvergenceUnitTests" time="0"/>
  <testcase name="testSameResultType{Method}[382]" classname="io.lettuce.core.SyncAsyncApiConvergenceUnitTests" time="0"/>
  <testcase name="testSameResultType{Method}[383]" classname="io.lettuce.core.SyncAsyncApiConvergenceUnitTests" time="0"/>
  <testcase name="testSameResultType{Method}[384]" classname="io.lettuce.core.SyncAsyncApiConvergenceUnitTests" time="0"/>
  <testcase name="testSameResultType{Method}[385]" classname="io.lettuce.core.SyncAsyncApiConvergenceUnitTests" time="0"/>
  <testcase name="testSameResultType{Method}[386]" classname="io.lettuce.core.SyncAsyncApiConvergenceUnitTests" time="0"/>
  <testcase name="testSameResultType{Method}[387]" classname="io.lettuce.core.SyncAsyncApiConvergenceUnitTests" time="0"/>
  <testcase name="testSameResultType{Method}[388]" classname="io.lettuce.core.SyncAsyncApiConvergenceUnitTests" time="0"/>
  <testcase name="testSameResultType{Method}[389]" classname="io.lettuce.core.SyncAsyncApiConvergenceUnitTests" time="0"/>
  <testcase name="testSameResultType{Method}[390]" classname="io.lettuce.core.SyncAsyncApiConvergenceUnitTests" time="0"/>
  <testcase name="testSameResultType{Method}[391]" classname="io.lettuce.core.SyncAsyncApiConvergenceUnitTests" time="0"/>
  <testcase name="testSameResultType{Method}[392]" classname="io.lettuce.core.SyncAsyncApiConvergenceUnitTests" time="0"/>
  <testcase name="testSameResultType{Method}[393]" classname="io.lettuce.core.SyncAsyncApiConvergenceUnitTests" time="0"/>
  <testcase name="testSameResultType{Method}[394]" classname="io.lettuce.core.SyncAsyncApiConvergenceUnitTests" time="0"/>
  <testcase name="testSameResultType{Method}[395]" classname="io.lettuce.core.SyncAsyncApiConvergenceUnitTests" time="0"/>
  <testcase name="testSameResultType{Method}[396]" classname="io.lettuce.core.SyncAsyncApiConvergenceUnitTests" time="0"/>
  <testcase name="testMethodPresentOnAsyncApi{Method}[1]" classname="io.lettuce.core.SyncAsyncApiConvergenceUnitTests" time="0"/>
  <testcase name="testMethodPresentOnAsyncApi{Method}[2]" classname="io.lettuce.core.SyncAsyncApiConvergenceUnitTests" time="0"/>
  <testcase name="testMethodPresentOnAsyncApi{Method}[3]" classname="io.lettuce.core.SyncAsyncApiConvergenceUnitTests" time="0"/>
  <testcase name="testMethodPresentOnAsyncApi{Method}[4]" classname="io.lettuce.core.SyncAsyncApiConvergenceUnitTests" time="0"/>
  <testcase name="testMethodPresentOnAsyncApi{Method}[5]" classname="io.lettuce.core.SyncAsyncApiConvergenceUnitTests" time="0"/>
  <testcase name="testMethodPresentOnAsyncApi{Method}[6]" classname="io.lettuce.core.SyncAsyncApiConvergenceUnitTests" time="0"/>
  <testcase name="testMethodPresentOnAsyncApi{Method}[7]" classname="io.lettuce.core.SyncAsyncApiConvergenceUnitTests" time="0"/>
  <testcase name="testMethodPresentOnAsyncApi{Method}[8]" classname="io.lettuce.core.SyncAsyncApiConvergenceUnitTests" time="0"/>
  <testcase name="testMethodPresentOnAsyncApi{Method}[9]" classname="io.lettuce.core.SyncAsyncApiConvergenceUnitTests" time="0"/>
  <testcase name="testMethodPresentOnAsyncApi{Method}[10]" classname="io.lettuce.core.SyncAsyncApiConvergenceUnitTests" time="0"/>
  <testcase name="testMethodPresentOnAsyncApi{Method}[11]" classname="io.lettuce.core.SyncAsyncApiConvergenceUnitTests" time="0"/>
  <testcase name="testMethodPresentOnAsyncApi{Method}[12]" classname="io.lettuce.core.SyncAsyncApiConvergenceUnitTests" time="0"/>
  <testcase name="testMethodPresentOnAsyncApi{Method}[13]" classname="io.lettuce.core.SyncAsyncApiConvergenceUnitTests" time="0"/>
  <testcase name="testMethodPresentOnAsyncApi{Method}[14]" classname="io.lettuce.core.SyncAsyncApiConvergenceUnitTests" time="0"/>
  <testcase name="testMethodPresentOnAsyncApi{Method}[15]" classname="io.lettuce.core.SyncAsyncApiConvergenceUnitTests" time="0"/>
  <testcase name="testMethodPresentOnAsyncApi{Method}[16]" classname="io.lettuce.core.SyncAsyncApiConvergenceUnitTests" time="0"/>
  <testcase name="testMethodPresentOnAsyncApi{Method}[17]" classname="io.lettuce.core.SyncAsyncApiConvergenceUnitTests" time="0"/>
  <testcase name="testMethodPresentOnAsyncApi{Method}[18]" classname="io.lettuce.core.SyncAsyncApiConvergenceUnitTests" time="0"/>
  <testcase name="testMethodPresentOnAsyncApi{Method}[19]" classname="io.lettuce.core.SyncAsyncApiConvergenceUnitTests" time="0"/>
  <testcase name="testMethodPresentOnAsyncApi{Method}[20]" classname="io.lettuce.core.SyncAsyncApiConvergenceUnitTests" time="0"/>
  <testcase name="testMethodPresentOnAsyncApi{Method}[21]" classname="io.lettuce.core.SyncAsyncApiConvergenceUnitTests" time="0"/>
  <testcase name="testMethodPresentOnAsyncApi{Method}[22]" classname="io.lettuce.core.SyncAsyncApiConvergenceUnitTests" time="0"/>
  <testcase name="testMethodPresentOnAsyncApi{Method}[23]" classname="io.lettuce.core.SyncAsyncApiConvergenceUnitTests" time="0"/>
  <testcase name="testMethodPresentOnAsyncApi{Method}[24]" classname="io.lettuce.core.SyncAsyncApiConvergenceUnitTests" time="0"/>
  <testcase name="testMethodPresentOnAsyncApi{Method}[25]" classname="io.lettuce.core.SyncAsyncApiConvergenceUnitTests" time="0"/>
  <testcase name="testMethodPresentOnAsyncApi{Method}[26]" classname="io.lettuce.core.SyncAsyncApiConvergenceUnitTests" time="0"/>
  <testcase name="testMethodPresentOnAsyncApi{Method}[27]" classname="io.lettuce.core.SyncAsyncApiConvergenceUnitTests" time="0"/>
  <testcase name="testMethodPresentOnAsyncApi{Method}[28]" classname="io.lettuce.core.SyncAsyncApiConvergenceUnitTests" time="0"/>
  <testcase name="testMethodPresentOnAsyncApi{Method}[29]" classname="io.lettuce.core.SyncAsyncApiConvergenceUnitTests" time="0.001"/>
  <testcase name="testMethodPresentOnAsyncApi{Method}[30]" classname="io.lettuce.core.SyncAsyncApiConvergenceUnitTests" time="0"/>
  <testcase name="testMethodPresentOnAsyncApi{Method}[31]" classname="io.lettuce.core.SyncAsyncApiConvergenceUnitTests" time="0"/>
  <testcase name="testMethodPresentOnAsyncApi{Method}[32]" classname="io.lettuce.core.SyncAsyncApiConvergenceUnitTests" time="0"/>
  <testcase name="testMethodPresentOnAsyncApi{Method}[33]" classname="io.lettuce.core.SyncAsyncApiConvergenceUnitTests" time="0"/>
  <testcase name="testMethodPresentOnAsyncApi{Method}[34]" classname="io.lettuce.core.SyncAsyncApiConvergenceUnitTests" time="0"/>
  <testcase name="testMethodPresentOnAsyncApi{Method}[35]" classname="io.lettuce.core.SyncAsyncApiConvergenceUnitTests" time="0"/>
  <testcase name="testMethodPresentOnAsyncApi{Method}[36]" classname="io.lettuce.core.SyncAsyncApiConvergenceUnitTests" time="0"/>
  <testcase name="testMethodPresentOnAsyncApi{Method}[37]" classname="io.lettuce.core.SyncAsyncApiConvergenceUnitTests" time="0"/>
  <testcase name="testMethodPresentOnAsyncApi{Method}[38]" classname="io.lettuce.core.SyncAsyncApiConvergenceUnitTests" time="0"/>
  <testcase name="testMethodPresentOnAsyncApi{Method}[39]" classname="io.lettuce.core.SyncAsyncApiConvergenceUnitTests" time="0"/>
  <testcase name="testMethodPresentOnAsyncApi{Method}[40]" classname="io.lettuce.core.SyncAsyncApiConvergenceUnitTests" time="0"/>
  <testcase name="testMethodPresentOnAsyncApi{Method}[41]" classname="io.lettuce.core.SyncAsyncApiConvergenceUnitTests" time="0"/>
  <testcase name="testMethodPresentOnAsyncApi{Method}[42]" classname="io.lettuce.core.SyncAsyncApiConvergenceUnitTests" time="0"/>
  <testcase name="testMethodPresentOnAsyncApi{Method}[43]" classname="io.lettuce.core.SyncAsyncApiConvergenceUnitTests" time="0"/>
  <testcase name="testMethodPresentOnAsyncApi{Method}[44]" classname="io.lettuce.core.SyncAsyncApiConvergenceUnitTests" time="0"/>
  <testcase name="testMethodPresentOnAsyncApi{Method}[45]" classname="io.lettuce.core.SyncAsyncApiConvergenceUnitTests" time="0"/>
  <testcase name="testMethodPresentOnAsyncApi{Method}[46]" classname="io.lettuce.core.SyncAsyncApiConvergenceUnitTests" time="0"/>
  <testcase name="testMethodPresentOnAsyncApi{Method}[47]" classname="io.lettuce.core.SyncAsyncApiConvergenceUnitTests" time="0"/>
  <testcase name="testMethodPresentOnAsyncApi{Method}[48]" classname="io.lettuce.core.SyncAsyncApiConvergenceUnitTests" time="0"/>
  <testcase name="testMethodPresentOnAsyncApi{Method}[49]" classname="io.lettuce.core.SyncAsyncApiConvergenceUnitTests" time="0"/>
  <testcase name="testMethodPresentOnAsyncApi{Method}[50]" classname="io.lettuce.core.SyncAsyncApiConvergenceUnitTests" time="0"/>
  <testcase name="testMethodPresentOnAsyncApi{Method}[51]" classname="io.lettuce.core.SyncAsyncApiConvergenceUnitTests" time="0"/>
  <testcase name="testMethodPresentOnAsyncApi{Method}[52]" classname="io.lettuce.core.SyncAsyncApiConvergenceUnitTests" time="0"/>
  <testcase name="testMethodPresentOnAsyncApi{Method}[53]" classname="io.lettuce.core.SyncAsyncApiConvergenceUnitTests" time="0"/>
  <testcase name="testMethodPresentOnAsyncApi{Method}[54]" classname="io.lettuce.core.SyncAsyncApiConvergenceUnitTests" time="0"/>
  <testcase name="testMethodPresentOnAsyncApi{Method}[55]" classname="io.lettuce.core.SyncAsyncApiConvergenceUnitTests" time="0"/>
  <testcase name="testMethodPresentOnAsyncApi{Method}[56]" classname="io.lettuce.core.SyncAsyncApiConvergenceUnitTests" time="0"/>
  <testcase name="testMethodPresentOnAsyncApi{Method}[57]" classname="io.lettuce.core.SyncAsyncApiConvergenceUnitTests" time="0"/>
  <testcase name="testMethodPresentOnAsyncApi{Method}[58]" classname="io.lettuce.core.SyncAsyncApiConvergenceUnitTests" time="0"/>
  <testcase name="testMethodPresentOnAsyncApi{Method}[59]" classname="io.lettuce.core.SyncAsyncApiConvergenceUnitTests" time="0"/>
  <testcase name="testMethodPresentOnAsyncApi{Method}[60]" classname="io.lettuce.core.SyncAsyncApiConvergenceUnitTests" time="0"/>
  <testcase name="testMethodPresentOnAsyncApi{Method}[61]" classname="io.lettuce.core.SyncAsyncApiConvergenceUnitTests" time="0"/>
  <testcase name="testMethodPresentOnAsyncApi{Method}[62]" classname="io.lettuce.core.SyncAsyncApiConvergenceUnitTests" time="0"/>
  <testcase name="testMethodPresentOnAsyncApi{Method}[63]" classname="io.lettuce.core.SyncAsyncApiConvergenceUnitTests" time="0"/>
  <testcase name="testMethodPresentOnAsyncApi{Method}[64]" classname="io.lettuce.core.SyncAsyncApiConvergenceUnitTests" time="0"/>
  <testcase name="testMethodPresentOnAsyncApi{Method}[65]" classname="io.lettuce.core.SyncAsyncApiConvergenceUnitTests" time="0"/>
  <testcase name="testMethodPresentOnAsyncApi{Method}[66]" classname="io.lettuce.core.SyncAsyncApiConvergenceUnitTests" time="0"/>
  <testcase name="testMethodPresentOnAsyncApi{Method}[67]" classname="io.lettuce.core.SyncAsyncApiConvergenceUnitTests" time="0"/>
  <testcase name="testMethodPresentOnAsyncApi{Method}[68]" classname="io.lettuce.core.SyncAsyncApiConvergenceUnitTests" time="0"/>
  <testcase name="testMethodPresentOnAsyncApi{Method}[69]" classname="io.lettuce.core.SyncAsyncApiConvergenceUnitTests" time="0"/>
  <testcase name="testMethodPresentOnAsyncApi{Method}[70]" classname="io.lettuce.core.SyncAsyncApiConvergenceUnitTests" time="0"/>
  <testcase name="testMethodPresentOnAsyncApi{Method}[71]" classname="io.lettuce.core.SyncAsyncApiConvergenceUnitTests" time="0"/>
  <testcase name="testMethodPresentOnAsyncApi{Method}[72]" classname="io.lettuce.core.SyncAsyncApiConvergenceUnitTests" time="0"/>
  <testcase name="testMethodPresentOnAsyncApi{Method}[73]" classname="io.lettuce.core.SyncAsyncApiConvergenceUnitTests" time="0"/>
  <testcase name="testMethodPresentOnAsyncApi{Method}[74]" classname="io.lettuce.core.SyncAsyncApiConvergenceUnitTests" time="0"/>
  <testcase name="testMethodPresentOnAsyncApi{Method}[75]" classname="io.lettuce.core.SyncAsyncApiConvergenceUnitTests" time="0"/>
  <testcase name="testMethodPresentOnAsyncApi{Method}[76]" classname="io.lettuce.core.SyncAsyncApiConvergenceUnitTests" time="0"/>
  <testcase name="testMethodPresentOnAsyncApi{Method}[77]" classname="io.lettuce.core.SyncAsyncApiConvergenceUnitTests" time="0"/>
  <testcase name="testMethodPresentOnAsyncApi{Method}[78]" classname="io.lettuce.core.SyncAsyncApiConvergenceUnitTests" time="0"/>
  <testcase name="testMethodPresentOnAsyncApi{Method}[79]" classname="io.lettuce.core.SyncAsyncApiConvergenceUnitTests" time="0"/>
  <testcase name="testMethodPresentOnAsyncApi{Method}[80]" classname="io.lettuce.core.SyncAsyncApiConvergenceUnitTests" time="0"/>
  <testcase name="testMethodPresentOnAsyncApi{Method}[81]" classname="io.lettuce.core.SyncAsyncApiConvergenceUnitTests" time="0"/>
  <testcase name="testMethodPresentOnAsyncApi{Method}[82]" classname="io.lettuce.core.SyncAsyncApiConvergenceUnitTests" time="0"/>
  <testcase name="testMethodPresentOnAsyncApi{Method}[83]" classname="io.lettuce.core.SyncAsyncApiConvergenceUnitTests" time="0"/>
  <testcase name="testMethodPresentOnAsyncApi{Method}[84]" classname="io.lettuce.core.SyncAsyncApiConvergenceUnitTests" time="0"/>
  <testcase name="testMethodPresentOnAsyncApi{Method}[85]" classname="io.lettuce.core.SyncAsyncApiConvergenceUnitTests" time="0"/>
  <testcase name="testMethodPresentOnAsyncApi{Method}[86]" classname="io.lettuce.core.SyncAsyncApiConvergenceUnitTests" time="0"/>
  <testcase name="testMethodPresentOnAsyncApi{Method}[87]" classname="io.lettuce.core.SyncAsyncApiConvergenceUnitTests" time="0"/>
  <testcase name="testMethodPresentOnAsyncApi{Method}[88]" classname="io.lettuce.core.SyncAsyncApiConvergenceUnitTests" time="0"/>
  <testcase name="testMethodPresentOnAsyncApi{Method}[89]" classname="io.lettuce.core.SyncAsyncApiConvergenceUnitTests" time="0.001"/>
  <testcase name="testMethodPresentOnAsyncApi{Method}[90]" classname="io.lettuce.core.SyncAsyncApiConvergenceUnitTests" time="0"/>
  <testcase name="testMethodPresentOnAsyncApi{Method}[91]" classname="io.lettuce.core.SyncAsyncApiConvergenceUnitTests" time="0"/>
  <testcase name="testMethodPresentOnAsyncApi{Method}[92]" classname="io.lettuce.core.SyncAsyncApiConvergenceUnitTests" time="0"/>
  <testcase name="testMethodPresentOnAsyncApi{Method}[93]" classname="io.lettuce.core.SyncAsyncApiConvergenceUnitTests" time="0"/>
  <testcase name="testMethodPresentOnAsyncApi{Method}[94]" classname="io.lettuce.core.SyncAsyncApiConvergenceUnitTests" time="0"/>
  <testcase name="testMethodPresentOnAsyncApi{Method}[95]" classname="io.lettuce.core.SyncAsyncApiConvergenceUnitTests" time="0"/>
  <testcase name="testMethodPresentOnAsyncApi{Method}[96]" classname="io.lettuce.core.SyncAsyncApiConvergenceUnitTests" time="0"/>
  <testcase name="testMethodPresentOnAsyncApi{Method}[97]" classname="io.lettuce.core.SyncAsyncApiConvergenceUnitTests" time="0"/>
  <testcase name="testMethodPresentOnAsyncApi{Method}[98]" classname="io.lettuce.core.SyncAsyncApiConvergenceUnitTests" time="0"/>
  <testcase name="testMethodPresentOnAsyncApi{Method}[99]" classname="io.lettuce.core.SyncAsyncApiConvergenceUnitTests" time="0"/>
  <testcase name="testMethodPresentOnAsyncApi{Method}[100]" classname="io.lettuce.core.SyncAsyncApiConvergenceUnitTests" time="0"/>
  <testcase name="testMethodPresentOnAsyncApi{Method}[101]" classname="io.lettuce.core.SyncAsyncApiConvergenceUnitTests" time="0"/>
  <testcase name="testMethodPresentOnAsyncApi{Method}[102]" classname="io.lettuce.core.SyncAsyncApiConvergenceUnitTests" time="0"/>
  <testcase name="testMethodPresentOnAsyncApi{Method}[103]" classname="io.lettuce.core.SyncAsyncApiConvergenceUnitTests" time="0"/>
  <testcase name="testMethodPresentOnAsyncApi{Method}[104]" classname="io.lettuce.core.SyncAsyncApiConvergenceUnitTests" time="0"/>
  <testcase name="testMethodPresentOnAsyncApi{Method}[105]" classname="io.lettuce.core.SyncAsyncApiConvergenceUnitTests" time="0"/>
  <testcase name="testMethodPresentOnAsyncApi{Method}[106]" classname="io.lettuce.core.SyncAsyncApiConvergenceUnitTests" time="0"/>
  <testcase name="testMethodPresentOnAsyncApi{Method}[107]" classname="io.lettuce.core.SyncAsyncApiConvergenceUnitTests" time="0"/>
  <testcase name="testMethodPresentOnAsyncApi{Method}[108]" classname="io.lettuce.core.SyncAsyncApiConvergenceUnitTests" time="0"/>
  <testcase name="testMethodPresentOnAsyncApi{Method}[109]" classname="io.lettuce.core.SyncAsyncApiConvergenceUnitTests" time="0"/>
  <testcase name="testMethodPresentOnAsyncApi{Method}[110]" classname="io.lettuce.core.SyncAsyncApiConvergenceUnitTests" time="0"/>
  <testcase name="testMethodPresentOnAsyncApi{Method}[111]" classname="io.lettuce.core.SyncAsyncApiConvergenceUnitTests" time="0"/>
  <testcase name="testMethodPresentOnAsyncApi{Method}[112]" classname="io.lettuce.core.SyncAsyncApiConvergenceUnitTests" time="0"/>
  <testcase name="testMethodPresentOnAsyncApi{Method}[113]" classname="io.lettuce.core.SyncAsyncApiConvergenceUnitTests" time="0"/>
  <testcase name="testMethodPresentOnAsyncApi{Method}[114]" classname="io.lettuce.core.SyncAsyncApiConvergenceUnitTests" time="0"/>
  <testcase name="testMethodPresentOnAsyncApi{Method}[115]" classname="io.lettuce.core.SyncAsyncApiConvergenceUnitTests" time="0.001"/>
  <testcase name="testMethodPresentOnAsyncApi{Method}[116]" classname="io.lettuce.core.SyncAsyncApiConvergenceUnitTests" time="0"/>
  <testcase name="testMethodPresentOnAsyncApi{Method}[117]" classname="io.lettuce.core.SyncAsyncApiConvergenceUnitTests" time="0"/>
  <testcase name="testMethodPresentOnAsyncApi{Method}[118]" classname="io.lettuce.core.SyncAsyncApiConvergenceUnitTests" time="0"/>
  <testcase name="testMethodPresentOnAsyncApi{Method}[119]" classname="io.lettuce.core.SyncAsyncApiConvergenceUnitTests" time="0"/>
  <testcase name="testMethodPresentOnAsyncApi{Method}[120]" classname="io.lettuce.core.SyncAsyncApiConvergenceUnitTests" time="0"/>
  <testcase name="testMethodPresentOnAsyncApi{Method}[121]" classname="io.lettuce.core.SyncAsyncApiConvergenceUnitTests" time="0"/>
  <testcase name="testMethodPresentOnAsyncApi{Method}[122]" classname="io.lettuce.core.SyncAsyncApiConvergenceUnitTests" time="0"/>
  <testcase name="testMethodPresentOnAsyncApi{Method}[123]" classname="io.lettuce.core.SyncAsyncApiConvergenceUnitTests" time="0"/>
  <testcase name="testMethodPresentOnAsyncApi{Method}[124]" classname="io.lettuce.core.SyncAsyncApiConvergenceUnitTests" time="0"/>
  <testcase name="testMethodPresentOnAsyncApi{Method}[125]" classname="io.lettuce.core.SyncAsyncApiConvergenceUnitTests" time="0"/>
  <testcase name="testMethodPresentOnAsyncApi{Method}[126]" classname="io.lettuce.core.SyncAsyncApiConvergenceUnitTests" time="0"/>
  <testcase name="testMethodPresentOnAsyncApi{Method}[127]" classname="io.lettuce.core.SyncAsyncApiConvergenceUnitTests" time="0"/>
  <testcase name="testMethodPresentOnAsyncApi{Method}[128]" classname="io.lettuce.core.SyncAsyncApiConvergenceUnitTests" time="0"/>
  <testcase name="testMethodPresentOnAsyncApi{Method}[129]" classname="io.lettuce.core.SyncAsyncApiConvergenceUnitTests" time="0"/>
  <testcase name="testMethodPresentOnAsyncApi{Method}[130]" classname="io.lettuce.core.SyncAsyncApiConvergenceUnitTests" time="0"/>
  <testcase name="testMethodPresentOnAsyncApi{Method}[131]" classname="io.lettuce.core.SyncAsyncApiConvergenceUnitTests" time="0"/>
  <testcase name="testMethodPresentOnAsyncApi{Method}[132]" classname="io.lettuce.core.SyncAsyncApiConvergenceUnitTests" time="0"/>
  <testcase name="testMethodPresentOnAsyncApi{Method}[133]" classname="io.lettuce.core.SyncAsyncApiConvergenceUnitTests" time="0"/>
  <testcase name="testMethodPresentOnAsyncApi{Method}[134]" classname="io.lettuce.core.SyncAsyncApiConvergenceUnitTests" time="0"/>
  <testcase name="testMethodPresentOnAsyncApi{Method}[135]" classname="io.lettuce.core.SyncAsyncApiConvergenceUnitTests" time="0"/>
  <testcase name="testMethodPresentOnAsyncApi{Method}[136]" classname="io.lettuce.core.SyncAsyncApiConvergenceUnitTests" time="0"/>
  <testcase name="testMethodPresentOnAsyncApi{Method}[137]" classname="io.lettuce.core.SyncAsyncApiConvergenceUnitTests" time="0"/>
  <testcase name="testMethodPresentOnAsyncApi{Method}[138]" classname="io.lettuce.core.SyncAsyncApiConvergenceUnitTests" time="0"/>
  <testcase name="testMethodPresentOnAsyncApi{Method}[139]" classname="io.lettuce.core.SyncAsyncApiConvergenceUnitTests" time="0"/>
  <testcase name="testMethodPresentOnAsyncApi{Method}[140]" classname="io.lettuce.core.SyncAsyncApiConvergenceUnitTests" time="0"/>
  <testcase name="testMethodPresentOnAsyncApi{Method}[141]" classname="io.lettuce.core.SyncAsyncApiConvergenceUnitTests" time="0"/>
  <testcase name="testMethodPresentOnAsyncApi{Method}[142]" classname="io.lettuce.core.SyncAsyncApiConvergenceUnitTests" time="0"/>
  <testcase name="testMethodPresentOnAsyncApi{Method}[143]" classname="io.lettuce.core.SyncAsyncApiConvergenceUnitTests" time="0"/>
  <testcase name="testMethodPresentOnAsyncApi{Method}[144]" classname="io.lettuce.core.SyncAsyncApiConvergenceUnitTests" time="0.001"/>
  <testcase name="testMethodPresentOnAsyncApi{Method}[145]" classname="io.lettuce.core.SyncAsyncApiConvergenceUnitTests" time="0"/>
  <testcase name="testMethodPresentOnAsyncApi{Method}[146]" classname="io.lettuce.core.SyncAsyncApiConvergenceUnitTests" time="0"/>
  <testcase name="testMethodPresentOnAsyncApi{Method}[147]" classname="io.lettuce.core.SyncAsyncApiConvergenceUnitTests" time="0"/>
  <testcase name="testMethodPresentOnAsyncApi{Method}[148]" classname="io.lettuce.core.SyncAsyncApiConvergenceUnitTests" time="0"/>
  <testcase name="testMethodPresentOnAsyncApi{Method}[149]" classname="io.lettuce.core.SyncAsyncApiConvergenceUnitTests" time="0"/>
  <testcase name="testMethodPresentOnAsyncApi{Method}[150]" classname="io.lettuce.core.SyncAsyncApiConvergenceUnitTests" time="0.001"/>
  <testcase name="testMethodPresentOnAsyncApi{Method}[151]" classname="io.lettuce.core.SyncAsyncApiConvergenceUnitTests" time="0"/>
  <testcase name="testMethodPresentOnAsyncApi{Method}[152]" classname="io.lettuce.core.SyncAsyncApiConvergenceUnitTests" time="0"/>
  <testcase name="testMethodPresentOnAsyncApi{Method}[153]" classname="io.lettuce.core.SyncAsyncApiConvergenceUnitTests" time="0"/>
  <testcase name="testMethodPresentOnAsyncApi{Method}[154]" classname="io.lettuce.core.SyncAsyncApiConvergenceUnitTests" time="0"/>
  <testcase name="testMethodPresentOnAsyncApi{Method}[155]" classname="io.lettuce.core.SyncAsyncApiConvergenceUnitTests" time="0"/>
  <testcase name="testMethodPresentOnAsyncApi{Method}[156]" classname="io.lettuce.core.SyncAsyncApiConvergenceUnitTests" time="0"/>
  <testcase name="testMethodPresentOnAsyncApi{Method}[157]" classname="io.lettuce.core.SyncAsyncApiConvergenceUnitTests" time="0"/>
  <testcase name="testMethodPresentOnAsyncApi{Method}[158]" classname="io.lettuce.core.SyncAsyncApiConvergenceUnitTests" time="0"/>
  <testcase name="testMethodPresentOnAsyncApi{Method}[159]" classname="io.lettuce.core.SyncAsyncApiConvergenceUnitTests" time="0"/>
  <testcase name="testMethodPresentOnAsyncApi{Method}[160]" classname="io.lettuce.core.SyncAsyncApiConvergenceUnitTests" time="0"/>
  <testcase name="testMethodPresentOnAsyncApi{Method}[161]" classname="io.lettuce.core.SyncAsyncApiConvergenceUnitTests" time="0"/>
  <testcase name="testMethodPresentOnAsyncApi{Method}[162]" classname="io.lettuce.core.SyncAsyncApiConvergenceUnitTests" time="0"/>
  <testcase name="testMethodPresentOnAsyncApi{Method}[163]" classname="io.lettuce.core.SyncAsyncApiConvergenceUnitTests" time="0"/>
  <testcase name="testMethodPresentOnAsyncApi{Method}[164]" classname="io.lettuce.core.SyncAsyncApiConvergenceUnitTests" time="0"/>
  <testcase name="testMethodPresentOnAsyncApi{Method}[165]" classname="io.lettuce.core.SyncAsyncApiConvergenceUnitTests" time="0"/>
  <testcase name="testMethodPresentOnAsyncApi{Method}[166]" classname="io.lettuce.core.SyncAsyncApiConvergenceUnitTests" time="0"/>
  <testcase name="testMethodPresentOnAsyncApi{Method}[167]" classname="io.lettuce.core.SyncAsyncApiConvergenceUnitTests" time="0"/>
  <testcase name="testMethodPresentOnAsyncApi{Method}[168]" classname="io.lettuce.core.SyncAsyncApiConvergenceUnitTests" time="0"/>
  <testcase name="testMethodPresentOnAsyncApi{Method}[169]" classname="io.lettuce.core.SyncAsyncApiConvergenceUnitTests" time="0"/>
  <testcase name="testMethodPresentOnAsyncApi{Method}[170]" classname="io.lettuce.core.SyncAsyncApiConvergenceUnitTests" time="0"/>
  <testcase name="testMethodPresentOnAsyncApi{Method}[171]" classname="io.lettuce.core.SyncAsyncApiConvergenceUnitTests" time="0"/>
  <testcase name="testMethodPresentOnAsyncApi{Method}[172]" classname="io.lettuce.core.SyncAsyncApiConvergenceUnitTests" time="0"/>
  <testcase name="testMethodPresentOnAsyncApi{Method}[173]" classname="io.lettuce.core.SyncAsyncApiConvergenceUnitTests" time="0"/>
  <testcase name="testMethodPresentOnAsyncApi{Method}[174]" classname="io.lettuce.core.SyncAsyncApiConvergenceUnitTests" time="0"/>
  <testcase name="testMethodPresentOnAsyncApi{Method}[175]" classname="io.lettuce.core.SyncAsyncApiConvergenceUnitTests" time="0"/>
  <testcase name="testMethodPresentOnAsyncApi{Method}[176]" classname="io.lettuce.core.SyncAsyncApiConvergenceUnitTests" time="0"/>
  <testcase name="testMethodPresentOnAsyncApi{Method}[177]" classname="io.lettuce.core.SyncAsyncApiConvergenceUnitTests" time="0"/>
  <testcase name="testMethodPresentOnAsyncApi{Method}[178]" classname="io.lettuce.core.SyncAsyncApiConvergenceUnitTests" time="0"/>
  <testcase name="testMethodPresentOnAsyncApi{Method}[179]" classname="io.lettuce.core.SyncAsyncApiConvergenceUnitTests" time="0.001"/>
  <testcase name="testMethodPresentOnAsyncApi{Method}[180]" classname="io.lettuce.core.SyncAsyncApiConvergenceUnitTests" time="0"/>
  <testcase name="testMethodPresentOnAsyncApi{Method}[181]" classname="io.lettuce.core.SyncAsyncApiConvergenceUnitTests" time="0"/>
  <testcase name="testMethodPresentOnAsyncApi{Method}[182]" classname="io.lettuce.core.SyncAsyncApiConvergenceUnitTests" time="0"/>
  <testcase name="testMethodPresentOnAsyncApi{Method}[183]" classname="io.lettuce.core.SyncAsyncApiConvergenceUnitTests" time="0"/>
  <testcase name="testMethodPresentOnAsyncApi{Method}[184]" classname="io.lettuce.core.SyncAsyncApiConvergenceUnitTests" time="0"/>
  <testcase name="testMethodPresentOnAsyncApi{Method}[185]" classname="io.lettuce.core.SyncAsyncApiConvergenceUnitTests" time="0"/>
  <testcase name="testMethodPresentOnAsyncApi{Method}[186]" classname="io.lettuce.core.SyncAsyncApiConvergenceUnitTests" time="0"/>
  <testcase name="testMethodPresentOnAsyncApi{Method}[187]" classname="io.lettuce.core.SyncAsyncApiConvergenceUnitTests" time="0"/>
  <testcase name="testMethodPresentOnAsyncApi{Method}[188]" classname="io.lettuce.core.SyncAsyncApiConvergenceUnitTests" time="0"/>
  <testcase name="testMethodPresentOnAsyncApi{Method}[189]" classname="io.lettuce.core.SyncAsyncApiConvergenceUnitTests" time="0"/>
  <testcase name="testMethodPresentOnAsyncApi{Method}[190]" classname="io.lettuce.core.SyncAsyncApiConvergenceUnitTests" time="0.001"/>
  <testcase name="testMethodPresentOnAsyncApi{Method}[191]" classname="io.lettuce.core.SyncAsyncApiConvergenceUnitTests" time="0"/>
  <testcase name="testMethodPresentOnAsyncApi{Method}[192]" classname="io.lettuce.core.SyncAsyncApiConvergenceUnitTests" time="0"/>
  <testcase name="testMethodPresentOnAsyncApi{Method}[193]" classname="io.lettuce.core.SyncAsyncApiConvergenceUnitTests" time="0"/>
  <testcase name="testMethodPresentOnAsyncApi{Method}[194]" classname="io.lettuce.core.SyncAsyncApiConvergenceUnitTests" time="0"/>
  <testcase name="testMethodPresentOnAsyncApi{Method}[195]" classname="io.lettuce.core.SyncAsyncApiConvergenceUnitTests" time="0"/>
  <testcase name="testMethodPresentOnAsyncApi{Method}[196]" classname="io.lettuce.core.SyncAsyncApiConvergenceUnitTests" time="0"/>
  <testcase name="testMethodPresentOnAsyncApi{Method}[197]" classname="io.lettuce.core.SyncAsyncApiConvergenceUnitTests" time="0"/>
  <testcase name="testMethodPresentOnAsyncApi{Method}[198]" classname="io.lettuce.core.SyncAsyncApiConvergenceUnitTests" time="0"/>
  <testcase name="testMethodPresentOnAsyncApi{Method}[199]" classname="io.lettuce.core.SyncAsyncApiConvergenceUnitTests" time="0"/>
  <testcase name="testMethodPresentOnAsyncApi{Method}[200]" classname="io.lettuce.core.SyncAsyncApiConvergenceUnitTests" time="0"/>
  <testcase name="testMethodPresentOnAsyncApi{Method}[201]" classname="io.lettuce.core.SyncAsyncApiConvergenceUnitTests" time="0"/>
  <testcase name="testMethodPresentOnAsyncApi{Method}[202]" classname="io.lettuce.core.SyncAsyncApiConvergenceUnitTests" time="0"/>
  <testcase name="testMethodPresentOnAsyncApi{Method}[203]" classname="io.lettuce.core.SyncAsyncApiConvergenceUnitTests" time="0"/>
  <testcase name="testMethodPresentOnAsyncApi{Method}[204]" classname="io.lettuce.core.SyncAsyncApiConvergenceUnitTests" time="0"/>
  <testcase name="testMethodPresentOnAsyncApi{Method}[205]" classname="io.lettuce.core.SyncAsyncApiConvergenceUnitTests" time="0"/>
  <testcase name="testMethodPresentOnAsyncApi{Method}[206]" classname="io.lettuce.core.SyncAsyncApiConvergenceUnitTests" time="0"/>
  <testcase name="testMethodPresentOnAsyncApi{Method}[207]" classname="io.lettuce.core.SyncAsyncApiConvergenceUnitTests" time="0"/>
  <testcase name="testMethodPresentOnAsyncApi{Method}[208]" classname="io.lettuce.core.SyncAsyncApiConvergenceUnitTests" time="0"/>
  <testcase name="testMethodPresentOnAsyncApi{Method}[209]" classname="io.lettuce.core.SyncAsyncApiConvergenceUnitTests" time="0"/>
  <testcase name="testMethodPresentOnAsyncApi{Method}[210]" classname="io.lettuce.core.SyncAsyncApiConvergenceUnitTests" time="0"/>
  <testcase name="testMethodPresentOnAsyncApi{Method}[211]" classname="io.lettuce.core.SyncAsyncApiConvergenceUnitTests" time="0"/>
  <testcase name="testMethodPresentOnAsyncApi{Method}[212]" classname="io.lettuce.core.SyncAsyncApiConvergenceUnitTests" time="0"/>
  <testcase name="testMethodPresentOnAsyncApi{Method}[213]" classname="io.lettuce.core.SyncAsyncApiConvergenceUnitTests" time="0"/>
  <testcase name="testMethodPresentOnAsyncApi{Method}[214]" classname="io.lettuce.core.SyncAsyncApiConvergenceUnitTests" time="0"/>
  <testcase name="testMethodPresentOnAsyncApi{Method}[215]" classname="io.lettuce.core.SyncAsyncApiConvergenceUnitTests" time="0"/>
  <testcase name="testMethodPresentOnAsyncApi{Method}[216]" classname="io.lettuce.core.SyncAsyncApiConvergenceUnitTests" time="0"/>
  <testcase name="testMethodPresentOnAsyncApi{Method}[217]" classname="io.lettuce.core.SyncAsyncApiConvergenceUnitTests" time="0"/>
  <testcase name="testMethodPresentOnAsyncApi{Method}[218]" classname="io.lettuce.core.SyncAsyncApiConvergenceUnitTests" time="0"/>
  <testcase name="testMethodPresentOnAsyncApi{Method}[219]" classname="io.lettuce.core.SyncAsyncApiConvergenceUnitTests" time="0"/>
  <testcase name="testMethodPresentOnAsyncApi{Method}[220]" classname="io.lettuce.core.SyncAsyncApiConvergenceUnitTests" time="0"/>
  <testcase name="testMethodPresentOnAsyncApi{Method}[221]" classname="io.lettuce.core.SyncAsyncApiConvergenceUnitTests" time="0"/>
  <testcase name="testMethodPresentOnAsyncApi{Method}[222]" classname="io.lettuce.core.SyncAsyncApiConvergenceUnitTests" time="0"/>
  <testcase name="testMethodPresentOnAsyncApi{Method}[223]" classname="io.lettuce.core.SyncAsyncApiConvergenceUnitTests" time="0"/>
  <testcase name="testMethodPresentOnAsyncApi{Method}[224]" classname="io.lettuce.core.SyncAsyncApiConvergenceUnitTests" time="0"/>
  <testcase name="testMethodPresentOnAsyncApi{Method}[225]" classname="io.lettuce.core.SyncAsyncApiConvergenceUnitTests" time="0"/>
  <testcase name="testMethodPresentOnAsyncApi{Method}[226]" classname="io.lettuce.core.SyncAsyncApiConvergenceUnitTests" time="0"/>
  <testcase name="testMethodPresentOnAsyncApi{Method}[227]" classname="io.lettuce.core.SyncAsyncApiConvergenceUnitTests" time="0"/>
  <testcase name="testMethodPresentOnAsyncApi{Method}[228]" classname="io.lettuce.core.SyncAsyncApiConvergenceUnitTests" time="0"/>
  <testcase name="testMethodPresentOnAsyncApi{Method}[229]" classname="io.lettuce.core.SyncAsyncApiConvergenceUnitTests" time="0"/>
  <testcase name="testMethodPresentOnAsyncApi{Method}[230]" classname="io.lettuce.core.SyncAsyncApiConvergenceUnitTests" time="0"/>
  <testcase name="testMethodPresentOnAsyncApi{Method}[231]" classname="io.lettuce.core.SyncAsyncApiConvergenceUnitTests" time="0"/>
  <testcase name="testMethodPresentOnAsyncApi{Method}[232]" classname="io.lettuce.core.SyncAsyncApiConvergenceUnitTests" time="0"/>
  <testcase name="testMethodPresentOnAsyncApi{Method}[233]" classname="io.lettuce.core.SyncAsyncApiConvergenceUnitTests" time="0"/>
  <testcase name="testMethodPresentOnAsyncApi{Method}[234]" classname="io.lettuce.core.SyncAsyncApiConvergenceUnitTests" time="0"/>
  <testcase name="testMethodPresentOnAsyncApi{Method}[235]" classname="io.lettuce.core.SyncAsyncApiConvergenceUnitTests" time="0"/>
  <testcase name="testMethodPresentOnAsyncApi{Method}[236]" classname="io.lettuce.core.SyncAsyncApiConvergenceUnitTests" time="0"/>
  <testcase name="testMethodPresentOnAsyncApi{Method}[237]" classname="io.lettuce.core.SyncAsyncApiConvergenceUnitTests" time="0"/>
  <testcase name="testMethodPresentOnAsyncApi{Method}[238]" classname="io.lettuce.core.SyncAsyncApiConvergenceUnitTests" time="0"/>
  <testcase name="testMethodPresentOnAsyncApi{Method}[239]" classname="io.lettuce.core.SyncAsyncApiConvergenceUnitTests" time="0"/>
  <testcase name="testMethodPresentOnAsyncApi{Method}[240]" classname="io.lettuce.core.SyncAsyncApiConvergenceUnitTests" time="0"/>
  <testcase name="testMethodPresentOnAsyncApi{Method}[241]" classname="io.lettuce.core.SyncAsyncApiConvergenceUnitTests" time="0"/>
  <testcase name="testMethodPresentOnAsyncApi{Method}[242]" classname="io.lettuce.core.SyncAsyncApiConvergenceUnitTests" time="0"/>
  <testcase name="testMethodPresentOnAsyncApi{Method}[243]" classname="io.lettuce.core.SyncAsyncApiConvergenceUnitTests" time="0"/>
  <testcase name="testMethodPresentOnAsyncApi{Method}[244]" classname="io.lettuce.core.SyncAsyncApiConvergenceUnitTests" time="0"/>
  <testcase name="testMethodPresentOnAsyncApi{Method}[245]" classname="io.lettuce.core.SyncAsyncApiConvergenceUnitTests" time="0"/>
  <testcase name="testMethodPresentOnAsyncApi{Method}[246]" classname="io.lettuce.core.SyncAsyncApiConvergenceUnitTests" time="0"/>
  <testcase name="testMethodPresentOnAsyncApi{Method}[247]" classname="io.lettuce.core.SyncAsyncApiConvergenceUnitTests" time="0"/>
  <testcase name="testMethodPresentOnAsyncApi{Method}[248]" classname="io.lettuce.core.SyncAsyncApiConvergenceUnitTests" time="0"/>
  <testcase name="testMethodPresentOnAsyncApi{Method}[249]" classname="io.lettuce.core.SyncAsyncApiConvergenceUnitTests" time="0"/>
  <testcase name="testMethodPresentOnAsyncApi{Method}[250]" classname="io.lettuce.core.SyncAsyncApiConvergenceUnitTests" time="0"/>
  <testcase name="testMethodPresentOnAsyncApi{Method}[251]" classname="io.lettuce.core.SyncAsyncApiConvergenceUnitTests" time="0"/>
  <testcase name="testMethodPresentOnAsyncApi{Method}[252]" classname="io.lettuce.core.SyncAsyncApiConvergenceUnitTests" time="0"/>
  <testcase name="testMethodPresentOnAsyncApi{Method}[253]" classname="io.lettuce.core.SyncAsyncApiConvergenceUnitTests" time="0"/>
  <testcase name="testMethodPresentOnAsyncApi{Method}[254]" classname="io.lettuce.core.SyncAsyncApiConvergenceUnitTests" time="0"/>
  <testcase name="testMethodPresentOnAsyncApi{Method}[255]" classname="io.lettuce.core.SyncAsyncApiConvergenceUnitTests" time="0"/>
  <testcase name="testMethodPresentOnAsyncApi{Method}[256]" classname="io.lettuce.core.SyncAsyncApiConvergenceUnitTests" time="0"/>
  <testcase name="testMethodPresentOnAsyncApi{Method}[257]" classname="io.lettuce.core.SyncAsyncApiConvergenceUnitTests" time="0"/>
  <testcase name="testMethodPresentOnAsyncApi{Method}[258]" classname="io.lettuce.core.SyncAsyncApiConvergenceUnitTests" time="0"/>
  <testcase name="testMethodPresentOnAsyncApi{Method}[259]" classname="io.lettuce.core.SyncAsyncApiConvergenceUnitTests" time="0"/>
  <testcase name="testMethodPresentOnAsyncApi{Method}[260]" classname="io.lettuce.core.SyncAsyncApiConvergenceUnitTests" time="0"/>
  <testcase name="testMethodPresentOnAsyncApi{Method}[261]" classname="io.lettuce.core.SyncAsyncApiConvergenceUnitTests" time="0"/>
  <testcase name="testMethodPresentOnAsyncApi{Method}[262]" classname="io.lettuce.core.SyncAsyncApiConvergenceUnitTests" time="0"/>
  <testcase name="testMethodPresentOnAsyncApi{Method}[263]" classname="io.lettuce.core.SyncAsyncApiConvergenceUnitTests" time="0.001"/>
  <testcase name="testMethodPresentOnAsyncApi{Method}[264]" classname="io.lettuce.core.SyncAsyncApiConvergenceUnitTests" time="0"/>
  <testcase name="testMethodPresentOnAsyncApi{Method}[265]" classname="io.lettuce.core.SyncAsyncApiConvergenceUnitTests" time="0"/>
  <testcase name="testMethodPresentOnAsyncApi{Method}[266]" classname="io.lettuce.core.SyncAsyncApiConvergenceUnitTests" time="0"/>
  <testcase name="testMethodPresentOnAsyncApi{Method}[267]" classname="io.lettuce.core.SyncAsyncApiConvergenceUnitTests" time="0"/>
  <testcase name="testMethodPresentOnAsyncApi{Method}[268]" classname="io.lettuce.core.SyncAsyncApiConvergenceUnitTests" time="0"/>
  <testcase name="testMethodPresentOnAsyncApi{Method}[269]" classname="io.lettuce.core.SyncAsyncApiConvergenceUnitTests" time="0"/>
  <testcase name="testMethodPresentOnAsyncApi{Method}[270]" classname="io.lettuce.core.SyncAsyncApiConvergenceUnitTests" time="0"/>
  <testcase name="testMethodPresentOnAsyncApi{Method}[271]" classname="io.lettuce.core.SyncAsyncApiConvergenceUnitTests" time="0"/>
  <testcase name="testMethodPresentOnAsyncApi{Method}[272]" classname="io.lettuce.core.SyncAsyncApiConvergenceUnitTests" time="0"/>
  <testcase name="testMethodPresentOnAsyncApi{Method}[273]" classname="io.lettuce.core.SyncAsyncApiConvergenceUnitTests" time="0"/>
  <testcase name="testMethodPresentOnAsyncApi{Method}[274]" classname="io.lettuce.core.SyncAsyncApiConvergenceUnitTests" time="0"/>
  <testcase name="testMethodPresentOnAsyncApi{Method}[275]" classname="io.lettuce.core.SyncAsyncApiConvergenceUnitTests" time="0"/>
  <testcase name="testMethodPresentOnAsyncApi{Method}[276]" classname="io.lettuce.core.SyncAsyncApiConvergenceUnitTests" time="0"/>
  <testcase name="testMethodPresentOnAsyncApi{Method}[277]" classname="io.lettuce.core.SyncAsyncApiConvergenceUnitTests" time="0"/>
  <testcase name="testMethodPresentOnAsyncApi{Method}[278]" classname="io.lettuce.core.SyncAsyncApiConvergenceUnitTests" time="0"/>
  <testcase name="testMethodPresentOnAsyncApi{Method}[279]" classname="io.lettuce.core.SyncAsyncApiConvergenceUnitTests" time="0"/>
  <testcase name="testMethodPresentOnAsyncApi{Method}[280]" classname="io.lettuce.core.SyncAsyncApiConvergenceUnitTests" time="0"/>
  <testcase name="testMethodPresentOnAsyncApi{Method}[281]" classname="io.lettuce.core.SyncAsyncApiConvergenceUnitTests" time="0"/>
  <testcase name="testMethodPresentOnAsyncApi{Method}[282]" classname="io.lettuce.core.SyncAsyncApiConvergenceUnitTests" time="0"/>
  <testcase name="testMethodPresentOnAsyncApi{Method}[283]" classname="io.lettuce.core.SyncAsyncApiConvergenceUnitTests" time="0"/>
  <testcase name="testMethodPresentOnAsyncApi{Method}[284]" classname="io.lettuce.core.SyncAsyncApiConvergenceUnitTests" time="0.001"/>
  <testcase name="testMethodPresentOnAsyncApi{Method}[285]" classname="io.lettuce.core.SyncAsyncApiConvergenceUnitTests" time="0"/>
  <testcase name="testMethodPresentOnAsyncApi{Method}[286]" classname="io.lettuce.core.SyncAsyncApiConvergenceUnitTests" time="0"/>
  <testcase name="testMethodPresentOnAsyncApi{Method}[287]" classname="io.lettuce.core.SyncAsyncApiConvergenceUnitTests" time="0"/>
  <testcase name="testMethodPresentOnAsyncApi{Method}[288]" classname="io.lettuce.core.SyncAsyncApiConvergenceUnitTests" time="0"/>
  <testcase name="testMethodPresentOnAsyncApi{Method}[289]" classname="io.lettuce.core.SyncAsyncApiConvergenceUnitTests" time="0"/>
  <testcase name="testMethodPresentOnAsyncApi{Method}[290]" classname="io.lettuce.core.SyncAsyncApiConvergenceUnitTests" time="0"/>
  <testcase name="testMethodPresentOnAsyncApi{Method}[291]" classname="io.lettuce.core.SyncAsyncApiConvergenceUnitTests" time="0"/>
  <testcase name="testMethodPresentOnAsyncApi{Method}[292]" classname="io.lettuce.core.SyncAsyncApiConvergenceUnitTests" time="0"/>
  <testcase name="testMethodPresentOnAsyncApi{Method}[293]" classname="io.lettuce.core.SyncAsyncApiConvergenceUnitTests" time="0"/>
  <testcase name="testMethodPresentOnAsyncApi{Method}[294]" classname="io.lettuce.core.SyncAsyncApiConvergenceUnitTests" time="0"/>
  <testcase name="testMethodPresentOnAsyncApi{Method}[295]" classname="io.lettuce.core.SyncAsyncApiConvergenceUnitTests" time="0"/>
  <testcase name="testMethodPresentOnAsyncApi{Method}[296]" classname="io.lettuce.core.SyncAsyncApiConvergenceUnitTests" time="0"/>
  <testcase name="testMethodPresentOnAsyncApi{Method}[297]" classname="io.lettuce.core.SyncAsyncApiConvergenceUnitTests" time="0"/>
  <testcase name="testMethodPresentOnAsyncApi{Method}[298]" classname="io.lettuce.core.SyncAsyncApiConvergenceUnitTests" time="0"/>
  <testcase name="testMethodPresentOnAsyncApi{Method}[299]" classname="io.lettuce.core.SyncAsyncApiConvergenceUnitTests" time="0"/>
  <testcase name="testMethodPresentOnAsyncApi{Method}[300]" classname="io.lettuce.core.SyncAsyncApiConvergenceUnitTests" time="0"/>
  <testcase name="testMethodPresentOnAsyncApi{Method}[301]" classname="io.lettuce.core.SyncAsyncApiConvergenceUnitTests" time="0"/>
  <testcase name="testMethodPresentOnAsyncApi{Method}[302]" classname="io.lettuce.core.SyncAsyncApiConvergenceUnitTests" time="0"/>
  <testcase name="testMethodPresentOnAsyncApi{Method}[303]" classname="io.lettuce.core.SyncAsyncApiConvergenceUnitTests" time="0"/>
  <testcase name="testMethodPresentOnAsyncApi{Method}[304]" classname="io.lettuce.core.SyncAsyncApiConvergenceUnitTests" time="0"/>
  <testcase name="testMethodPresentOnAsyncApi{Method}[305]" classname="io.lettuce.core.SyncAsyncApiConvergenceUnitTests" time="0"/>
  <testcase name="testMethodPresentOnAsyncApi{Method}[306]" classname="io.lettuce.core.SyncAsyncApiConvergenceUnitTests" time="0"/>
  <testcase name="testMethodPresentOnAsyncApi{Method}[307]" classname="io.lettuce.core.SyncAsyncApiConvergenceUnitTests" time="0"/>
  <testcase name="testMethodPresentOnAsyncApi{Method}[308]" classname="io.lettuce.core.SyncAsyncApiConvergenceUnitTests" time="0"/>
  <testcase name="testMethodPresentOnAsyncApi{Method}[309]" classname="io.lettuce.core.SyncAsyncApiConvergenceUnitTests" time="0"/>
  <testcase name="testMethodPresentOnAsyncApi{Method}[310]" classname="io.lettuce.core.SyncAsyncApiConvergenceUnitTests" time="0"/>
  <testcase name="testMethodPresentOnAsyncApi{Method}[311]" classname="io.lettuce.core.SyncAsyncApiConvergenceUnitTests" time="0"/>
  <testcase name="testMethodPresentOnAsyncApi{Method}[312]" classname="io.lettuce.core.SyncAsyncApiConvergenceUnitTests" time="0"/>
  <testcase name="testMethodPresentOnAsyncApi{Method}[313]" classname="io.lettuce.core.SyncAsyncApiConvergenceUnitTests" time="0"/>
  <testcase name="testMethodPresentOnAsyncApi{Method}[314]" classname="io.lettuce.core.SyncAsyncApiConvergenceUnitTests" time="0"/>
  <testcase name="testMethodPresentOnAsyncApi{Method}[315]" classname="io.lettuce.core.SyncAsyncApiConvergenceUnitTests" time="0"/>
  <testcase name="testMethodPresentOnAsyncApi{Method}[316]" classname="io.lettuce.core.SyncAsyncApiConvergenceUnitTests" time="0"/>
  <testcase name="testMethodPresentOnAsyncApi{Method}[317]" classname="io.lettuce.core.SyncAsyncApiConvergenceUnitTests" time="0"/>
  <testcase name="testMethodPresentOnAsyncApi{Method}[318]" classname="io.lettuce.core.SyncAsyncApiConvergenceUnitTests" time="0"/>
  <testcase name="testMethodPresentOnAsyncApi{Method}[319]" classname="io.lettuce.core.SyncAsyncApiConvergenceUnitTests" time="0"/>
  <testcase name="testMethodPresentOnAsyncApi{Method}[320]" classname="io.lettuce.core.SyncAsyncApiConvergenceUnitTests" time="0"/>
  <testcase name="testMethodPresentOnAsyncApi{Method}[321]" classname="io.lettuce.core.SyncAsyncApiConvergenceUnitTests" time="0"/>
  <testcase name="testMethodPresentOnAsyncApi{Method}[322]" classname="io.lettuce.core.SyncAsyncApiConvergenceUnitTests" time="0"/>
  <testcase name="testMethodPresentOnAsyncApi{Method}[323]" classname="io.lettuce.core.SyncAsyncApiConvergenceUnitTests" time="0"/>
  <testcase name="testMethodPresentOnAsyncApi{Method}[324]" classname="io.lettuce.core.SyncAsyncApiConvergenceUnitTests" time="0"/>
  <testcase name="testMethodPresentOnAsyncApi{Method}[325]" classname="io.lettuce.core.SyncAsyncApiConvergenceUnitTests" time="0"/>
  <testcase name="testMethodPresentOnAsyncApi{Method}[326]" classname="io.lettuce.core.SyncAsyncApiConvergenceUnitTests" time="0"/>
  <testcase name="testMethodPresentOnAsyncApi{Method}[327]" classname="io.lettuce.core.SyncAsyncApiConvergenceUnitTests" time="0"/>
  <testcase name="testMethodPresentOnAsyncApi{Method}[328]" classname="io.lettuce.core.SyncAsyncApiConvergenceUnitTests" time="0"/>
  <testcase name="testMethodPresentOnAsyncApi{Method}[329]" classname="io.lettuce.core.SyncAsyncApiConvergenceUnitTests" time="0"/>
  <testcase name="testMethodPresentOnAsyncApi{Method}[330]" classname="io.lettuce.core.SyncAsyncApiConvergenceUnitTests" time="0"/>
  <testcase name="testMethodPresentOnAsyncApi{Method}[331]" classname="io.lettuce.core.SyncAsyncApiConvergenceUnitTests" time="0"/>
  <testcase name="testMethodPresentOnAsyncApi{Method}[332]" classname="io.lettuce.core.SyncAsyncApiConvergenceUnitTests" time="0"/>
  <testcase name="testMethodPresentOnAsyncApi{Method}[333]" classname="io.lettuce.core.SyncAsyncApiConvergenceUnitTests" time="0"/>
  <testcase name="testMethodPresentOnAsyncApi{Method}[334]" classname="io.lettuce.core.SyncAsyncApiConvergenceUnitTests" time="0"/>
  <testcase name="testMethodPresentOnAsyncApi{Method}[335]" classname="io.lettuce.core.SyncAsyncApiConvergenceUnitTests" time="0"/>
  <testcase name="testMethodPresentOnAsyncApi{Method}[336]" classname="io.lettuce.core.SyncAsyncApiConvergenceUnitTests" time="0"/>
  <testcase name="testMethodPresentOnAsyncApi{Method}[337]" classname="io.lettuce.core.SyncAsyncApiConvergenceUnitTests" time="0"/>
  <testcase name="testMethodPresentOnAsyncApi{Method}[338]" classname="io.lettuce.core.SyncAsyncApiConvergenceUnitTests" time="0"/>
  <testcase name="testMethodPresentOnAsyncApi{Method}[339]" classname="io.lettuce.core.SyncAsyncApiConvergenceUnitTests" time="0"/>
  <testcase name="testMethodPresentOnAsyncApi{Method}[340]" classname="io.lettuce.core.SyncAsyncApiConvergenceUnitTests" time="0"/>
  <testcase name="testMethodPresentOnAsyncApi{Method}[341]" classname="io.lettuce.core.SyncAsyncApiConvergenceUnitTests" time="0"/>
  <testcase name="testMethodPresentOnAsyncApi{Method}[342]" classname="io.lettuce.core.SyncAsyncApiConvergenceUnitTests" time="0"/>
  <testcase name="testMethodPresentOnAsyncApi{Method}[343]" classname="io.lettuce.core.SyncAsyncApiConvergenceUnitTests" time="0"/>
  <testcase name="testMethodPresentOnAsyncApi{Method}[344]" classname="io.lettuce.core.SyncAsyncApiConvergenceUnitTests" time="0"/>
  <testcase name="testMethodPresentOnAsyncApi{Method}[345]" classname="io.lettuce.core.SyncAsyncApiConvergenceUnitTests" time="0"/>
  <testcase name="testMethodPresentOnAsyncApi{Method}[346]" classname="io.lettuce.core.SyncAsyncApiConvergenceUnitTests" time="0"/>
  <testcase name="testMethodPresentOnAsyncApi{Method}[347]" classname="io.lettuce.core.SyncAsyncApiConvergenceUnitTests" time="0"/>
  <testcase name="testMethodPresentOnAsyncApi{Method}[348]" classname="io.lettuce.core.SyncAsyncApiConvergenceUnitTests" time="0"/>
  <testcase name="testMethodPresentOnAsyncApi{Method}[349]" classname="io.lettuce.core.SyncAsyncApiConvergenceUnitTests" time="0"/>
  <testcase name="testMethodPresentOnAsyncApi{Method}[350]" classname="io.lettuce.core.SyncAsyncApiConvergenceUnitTests" time="0"/>
  <testcase name="testMethodPresentOnAsyncApi{Method}[351]" classname="io.lettuce.core.SyncAsyncApiConvergenceUnitTests" time="0"/>
  <testcase name="testMethodPresentOnAsyncApi{Method}[352]" classname="io.lettuce.core.SyncAsyncApiConvergenceUnitTests" time="0"/>
  <testcase name="testMethodPresentOnAsyncApi{Method}[353]" classname="io.lettuce.core.SyncAsyncApiConvergenceUnitTests" time="0"/>
  <testcase name="testMethodPresentOnAsyncApi{Method}[354]" classname="io.lettuce.core.SyncAsyncApiConvergenceUnitTests" time="0"/>
  <testcase name="testMethodPresentOnAsyncApi{Method}[355]" classname="io.lettuce.core.SyncAsyncApiConvergenceUnitTests" time="0"/>
  <testcase name="testMethodPresentOnAsyncApi{Method}[356]" classname="io.lettuce.core.SyncAsyncApiConvergenceUnitTests" time="0"/>
  <testcase name="testMethodPresentOnAsyncApi{Method}[357]" classname="io.lettuce.core.SyncAsyncApiConvergenceUnitTests" time="0"/>
  <testcase name="testMethodPresentOnAsyncApi{Method}[358]" classname="io.lettuce.core.SyncAsyncApiConvergenceUnitTests" time="0"/>
  <testcase name="testMethodPresentOnAsyncApi{Method}[359]" classname="io.lettuce.core.SyncAsyncApiConvergenceUnitTests" time="0"/>
  <testcase name="testMethodPresentOnAsyncApi{Method}[360]" classname="io.lettuce.core.SyncAsyncApiConvergenceUnitTests" time="0"/>
  <testcase name="testMethodPresentOnAsyncApi{Method}[361]" classname="io.lettuce.core.SyncAsyncApiConvergenceUnitTests" time="0"/>
  <testcase name="testMethodPresentOnAsyncApi{Method}[362]" classname="io.lettuce.core.SyncAsyncApiConvergenceUnitTests" time="0"/>
  <testcase name="testMethodPresentOnAsyncApi{Method}[363]" classname="io.lettuce.core.SyncAsyncApiConvergenceUnitTests" time="0"/>
  <testcase name="testMethodPresentOnAsyncApi{Method}[364]" classname="io.lettuce.core.SyncAsyncApiConvergenceUnitTests" time="0.001"/>
  <testcase name="testMethodPresentOnAsyncApi{Method}[365]" classname="io.lettuce.core.SyncAsyncApiConvergenceUnitTests" time="0"/>
  <testcase name="testMethodPresentOnAsyncApi{Method}[366]" classname="io.lettuce.core.SyncAsyncApiConvergenceUnitTests" time="0"/>
  <testcase name="testMethodPresentOnAsyncApi{Method}[367]" classname="io.lettuce.core.SyncAsyncApiConvergenceUnitTests" time="0"/>
  <testcase name="testMethodPresentOnAsyncApi{Method}[368]" classname="io.lettuce.core.SyncAsyncApiConvergenceUnitTests" time="0"/>
  <testcase name="testMethodPresentOnAsyncApi{Method}[369]" classname="io.lettuce.core.SyncAsyncApiConvergenceUnitTests" time="0"/>
  <testcase name="testMethodPresentOnAsyncApi{Method}[370]" classname="io.lettuce.core.SyncAsyncApiConvergenceUnitTests" time="0"/>
  <testcase name="testMethodPresentOnAsyncApi{Method}[371]" classname="io.lettuce.core.SyncAsyncApiConvergenceUnitTests" time="0"/>
  <testcase name="testMethodPresentOnAsyncApi{Method}[372]" classname="io.lettuce.core.SyncAsyncApiConvergenceUnitTests" time="0"/>
  <testcase name="testMethodPresentOnAsyncApi{Method}[373]" classname="io.lettuce.core.SyncAsyncApiConvergenceUnitTests" time="0"/>
  <testcase name="testMethodPresentOnAsyncApi{Method}[374]" classname="io.lettuce.core.SyncAsyncApiConvergenceUnitTests" time="0"/>
  <testcase name="testMethodPresentOnAsyncApi{Method}[375]" classname="io.lettuce.core.SyncAsyncApiConvergenceUnitTests" time="0"/>
  <testcase name="testMethodPresentOnAsyncApi{Method}[376]" classname="io.lettuce.core.SyncAsyncApiConvergenceUnitTests" time="0"/>
  <testcase name="testMethodPresentOnAsyncApi{Method}[377]" classname="io.lettuce.core.SyncAsyncApiConvergenceUnitTests" time="0"/>
  <testcase name="testMethodPresentOnAsyncApi{Method}[378]" classname="io.lettuce.core.SyncAsyncApiConvergenceUnitTests" time="0"/>
  <testcase name="testMethodPresentOnAsyncApi{Method}[379]" classname="io.lettuce.core.SyncAsyncApiConvergenceUnitTests" time="0"/>
  <testcase name="testMethodPresentOnAsyncApi{Method}[380]" classname="io.lettuce.core.SyncAsyncApiConvergenceUnitTests" time="0"/>
  <testcase name="testMethodPresentOnAsyncApi{Method}[381]" classname="io.lettuce.core.SyncAsyncApiConvergenceUnitTests" time="0"/>
  <testcase name="testMethodPresentOnAsyncApi{Method}[382]" classname="io.lettuce.core.SyncAsyncApiConvergenceUnitTests" time="0"/>
  <testcase name="testMethodPresentOnAsyncApi{Method}[383]" classname="io.lettuce.core.SyncAsyncApiConvergenceUnitTests" time="0"/>
  <testcase name="testMethodPresentOnAsyncApi{Method}[384]" classname="io.lettuce.core.SyncAsyncApiConvergenceUnitTests" time="0"/>
  <testcase name="testMethodPresentOnAsyncApi{Method}[385]" classname="io.lettuce.core.SyncAsyncApiConvergenceUnitTests" time="0"/>
  <testcase name="testMethodPresentOnAsyncApi{Method}[386]" classname="io.lettuce.core.SyncAsyncApiConvergenceUnitTests" time="0"/>
  <testcase name="testMethodPresentOnAsyncApi{Method}[387]" classname="io.lettuce.core.SyncAsyncApiConvergenceUnitTests" time="0"/>
  <testcase name="testMethodPresentOnAsyncApi{Method}[388]" classname="io.lettuce.core.SyncAsyncApiConvergenceUnitTests" time="0.001"/>
  <testcase name="testMethodPresentOnAsyncApi{Method}[389]" classname="io.lettuce.core.SyncAsyncApiConvergenceUnitTests" time="0"/>
  <testcase name="testMethodPresentOnAsyncApi{Method}[390]" classname="io.lettuce.core.SyncAsyncApiConvergenceUnitTests" time="0"/>
  <testcase name="testMethodPresentOnAsyncApi{Method}[391]" classname="io.lettuce.core.SyncAsyncApiConvergenceUnitTests" time="0"/>
  <testcase name="testMethodPresentOnAsyncApi{Method}[392]" classname="io.lettuce.core.SyncAsyncApiConvergenceUnitTests" time="0"/>
  <testcase name="testMethodPresentOnAsyncApi{Method}[393]" classname="io.lettuce.core.SyncAsyncApiConvergenceUnitTests" time="0"/>
  <testcase name="testMethodPresentOnAsyncApi{Method}[394]" classname="io.lettuce.core.SyncAsyncApiConvergenceUnitTests" time="0"/>
  <testcase name="testMethodPresentOnAsyncApi{Method}[395]" classname="io.lettuce.core.SyncAsyncApiConvergenceUnitTests" time="0"/>
  <testcase name="testMethodPresentOnAsyncApi{Method}[396]" classname="io.lettuce.core.SyncAsyncApiConvergenceUnitTests" time="0"/>
</testsuite>