<?xml version="1.0" encoding="UTF-8"?>
<testsuite xmlns:xsi="http://www.w3.org/2001/XMLSchema-instance" xsi:schemaLocation="https://maven.apache.org/surefire/maven-surefire-plugin/xsd/surefire-test-report.xsd" name="com.blazebit.persistence.view.testsuite.update.subview.nested.immutable.EntityViewUpdateNestedImmutableSubviewCollectionsTest" time="5.848" tests="96" errors="0" skipped="0" failures="0">
  <properties>
    <property name="java.runtime.name" value="OpenJDK Runtime Environment"/>
    <property name="sun.boot.library.path" value="/usr/lib/jvm/java-8-openjdk-amd64/jre/lib/amd64"/>
    <property name="java.vm.version" value="25.252-b09"/>
    <property name="java.vm.vendor" value="Private Build"/>
    <property name="maven.multiModuleProjectDirectory" value="/media/4tb/npex/npex_data/benchmarks-bears/Bears-156-buggy"/>
    <property name="java.vendor.url" value="http://java.oracle.com/"/>
    <property name="path.separator" value=":"/>
    <property name="guice.disable.misplaced.annotation.check" value="true"/>
    <property name="skip.gulp" value="true"/>
    <property name="java.vm.name" value="OpenJDK 64-Bit Server VM"/>
    <property name="file.encoding.pkg" value="sun.io"/>
    <property name="user.country" value="US"/>
    <property name="sun.java.launcher" value="SUN_STANDARD"/>
    <property name="sun.os.patch.level" value="unknown"/>
    <property name="findbugs.skip" value="true"/>
    <property name="java.vm.specification.name" value="Java Virtual Machine Specification"/>
    <property name="user.dir" value="/media/4tb/npex/npex_data/benchmarks-bears/Bears-156-buggy"/>
    <property name="checkstyle.skip" value="true"/>
    <property name="java.runtime.version" value="1.8.0_252-8u252-b09-1~18.04-b09"/>
    <property name="java.awt.graphicsenv" value="sun.awt.X11GraphicsEnvironment"/>
    <property name="skip.npm" value="true"/>
    <property name="java.endorsed.dirs" value="/usr/lib/jvm/java-8-openjdk-amd64/jre/lib/endorsed"/>
    <property name="os.arch" value="amd64"/>
    <property name="java.io.tmpdir" value="/tmp"/>
    <property name="gpg.skip" value="true"/>
    <property name="line.separator" value="&#10;"/>
    <property name="java.vm.specification.vendor" value="Oracle Corporation"/>
    <property name="cobertura.skip" value="true"/>
    <property name="os.name" value="Linux"/>
    <property name="classworlds.conf" value="/usr/share/maven/bin/m2.conf"/>
    <property name="sun.jnu.encoding" value="UTF-8"/>
    <property name="java.library.path" value="/usr/java/packages/lib/amd64:/usr/lib/x86_64-linux-gnu/jni:/lib/x86_64-linux-gnu:/usr/lib/x86_64-linux-gnu:/usr/lib/jni:/lib:/usr/lib"/>
    <property name="license.skip" value="true"/>
    <property name="maven.conf" value="/usr/share/maven/conf"/>
    <property name="java.class.version" value="52.0"/>
    <property name="java.specification.name" value="Java Platform API Specification"/>
    <property name="sun.management.compiler" value="HotSpot 64-Bit Tiered Compilers"/>
    <property name="skip.bower" value="true"/>
    <property name="os.version" value="4.15.0-106-generic"/>
    <property name="library.jansi.path" value="/usr/share/maven/lib/jansi-native"/>
    <property name="user.home" value="/home/junhee"/>
    <property name="user.timezone" value="Asia/Seoul"/>
    <property name="java.awt.printerjob" value="sun.print.PSPrinterJob"/>
    <property name="java.specification.version" value="1.8"/>
    <property name="file.encoding" value="UTF-8"/>
    <property name="user.name" value="junhee"/>
    <property name="java.class.path" value="/usr/share/maven/boot/plexus-classworlds-2.x.jar"/>
    <property name="java.vm.specification.version" value="1.8"/>
    <property name="sun.arch.data.model" value="64"/>
    <property name="java.home" value="/usr/lib/jvm/java-8-openjdk-amd64/jre"/>
    <property name="sun.java.command" value="org.codehaus.plexus.classworlds.launcher.Launcher clean test -V -B -Denforcer.skip=true -Dcheckstyle.skip=true -Dcobertura.skip=true -Drat.skip=true -Dlicense.skip=true -Dfindbugs.skip=true -Dgpg.skip=true -Dskip.npm=true -Dskip.gulp=true -Dskip.bower=true"/>
    <property name="java.specification.vendor" value="Oracle Corporation"/>
    <property name="user.language" value="en"/>
    <property name="awt.toolkit" value="sun.awt.X11.XToolkit"/>
    <property name="java.vm.info" value="mixed mode"/>
    <property name="java.version" value="1.8.0_252"/>
    <property name="java.ext.dirs" value="/usr/lib/jvm/java-8-openjdk-amd64/jre/lib/ext:/usr/java/packages/lib/ext"/>
    <property name="securerandom.source" value="file:/dev/./urandom"/>
    <property name="sun.boot.class.path" value="/usr/lib/jvm/java-8-openjdk-amd64/jre/lib/resources.jar:/usr/lib/jvm/java-8-openjdk-amd64/jre/lib/rt.jar:/usr/lib/jvm/java-8-openjdk-amd64/jre/lib/sunrsasign.jar:/usr/lib/jvm/java-8-openjdk-amd64/jre/lib/jsse.jar:/usr/lib/jvm/java-8-openjdk-amd64/jre/lib/jce.jar:/usr/lib/jvm/java-8-openjdk-amd64/jre/lib/charsets.jar:/usr/lib/jvm/java-8-openjdk-amd64/jre/lib/jfr.jar:/usr/lib/jvm/java-8-openjdk-amd64/jre/classes"/>
    <property name="java.vendor" value="Private Build"/>
    <property name="enforcer.skip" value="true"/>
    <property name="rat.skip" value="true"/>
    <property name="maven.home" value="/usr/share/maven"/>
    <property name="file.separator" value="/"/>
    <property name="java.vendor.url.bug" value="http://bugreport.sun.com/bugreport/"/>
    <property name="sun.cpu.endian" value="little"/>
    <property name="sun.io.unicode.encoding" value="UnicodeLittle"/>
    <property name="sun.cpu.isalist" value=""/>
  </properties>
  <testcase name="testUpdateAddToCollection[LAZY - ENTITY - VERSIONED=true]" classname="com.blazebit.persistence.view.testsuite.update.subview.nested.immutable.EntityViewUpdateNestedImmutableSubviewCollectionsTest" time="0.056"/>
  <testcase name="testUpdateAddToNewCollectionAndModify[LAZY - ENTITY - VERSIONED=true]" classname="com.blazebit.persistence.view.testsuite.update.subview.nested.immutable.EntityViewUpdateNestedImmutableSubviewCollectionsTest" time="0.086"/>
  <testcase name="testUpdateAddToNewCollection[LAZY - ENTITY - VERSIONED=true]" classname="com.blazebit.persistence.view.testsuite.update.subview.nested.immutable.EntityViewUpdateNestedImmutableSubviewCollectionsTest" time="0.061"/>
  <testcase name="testUpdateModifyCollectionElementAndModify[LAZY - ENTITY - VERSIONED=true]" classname="com.blazebit.persistence.view.testsuite.update.subview.nested.immutable.EntityViewUpdateNestedImmutableSubviewCollectionsTest" time="0.062"/>
  <testcase name="testUpdateModifyCollectionElement[LAZY - ENTITY - VERSIONED=true]" classname="com.blazebit.persistence.view.testsuite.update.subview.nested.immutable.EntityViewUpdateNestedImmutableSubviewCollectionsTest" time="0.06"/>
  <testcase name="testUpdateModifyCollectionElementSetToNull[LAZY - ENTITY - VERSIONED=true]" classname="com.blazebit.persistence.view.testsuite.update.subview.nested.immutable.EntityViewUpdateNestedImmutableSubviewCollectionsTest" time="0.058"/>
  <testcase name="testUpdateAddToCollectionAndModify[LAZY - ENTITY - VERSIONED=true]" classname="com.blazebit.persistence.view.testsuite.update.subview.nested.immutable.EntityViewUpdateNestedImmutableSubviewCollectionsTest" time="0.059"/>
  <testcase name="testUpdateModifyCollectionElementCopy[LAZY - ENTITY - VERSIONED=true]" classname="com.blazebit.persistence.view.testsuite.update.subview.nested.immutable.EntityViewUpdateNestedImmutableSubviewCollectionsTest" time="0.053"/>
  <testcase name="testUpdateAddToCollection[LAZY - QUERY - VERSIONED=true]" classname="com.blazebit.persistence.view.testsuite.update.subview.nested.immutable.EntityViewUpdateNestedImmutableSubviewCollectionsTest" time="0.06"/>
  <testcase name="testUpdateAddToNewCollectionAndModify[LAZY - QUERY - VERSIONED=true]" classname="com.blazebit.persistence.view.testsuite.update.subview.nested.immutable.EntityViewUpdateNestedImmutableSubviewCollectionsTest" time="0.058"/>
  <testcase name="testUpdateAddToNewCollection[LAZY - QUERY - VERSIONED=true]" classname="com.blazebit.persistence.view.testsuite.update.subview.nested.immutable.EntityViewUpdateNestedImmutableSubviewCollectionsTest" time="0.059"/>
  <testcase name="testUpdateModifyCollectionElementAndModify[LAZY - QUERY - VERSIONED=true]" classname="com.blazebit.persistence.view.testsuite.update.subview.nested.immutable.EntityViewUpdateNestedImmutableSubviewCollectionsTest" time="0.053"/>
  <testcase name="testUpdateModifyCollectionElement[LAZY - QUERY - VERSIONED=true]" classname="com.blazebit.persistence.view.testsuite.update.subview.nested.immutable.EntityViewUpdateNestedImmutableSubviewCollectionsTest" time="0.053"/>
  <testcase name="testUpdateModifyCollectionElementSetToNull[LAZY - QUERY - VERSIONED=true]" classname="com.blazebit.persistence.view.testsuite.update.subview.nested.immutable.EntityViewUpdateNestedImmutableSubviewCollectionsTest" time="0.053"/>
  <testcase name="testUpdateAddToCollectionAndModify[LAZY - QUERY - VERSIONED=true]" classname="com.blazebit.persistence.view.testsuite.update.subview.nested.immutable.EntityViewUpdateNestedImmutableSubviewCollectionsTest" time="0.083"/>
  <testcase name="testUpdateModifyCollectionElementCopy[LAZY - QUERY - VERSIONED=true]" classname="com.blazebit.persistence.view.testsuite.update.subview.nested.immutable.EntityViewUpdateNestedImmutableSubviewCollectionsTest" time="0.053"/>
  <testcase name="testUpdateAddToCollection[LAZY - ENTITY - VERSIONED=false]" classname="com.blazebit.persistence.view.testsuite.update.subview.nested.immutable.EntityViewUpdateNestedImmutableSubviewCollectionsTest" time="0.06"/>
  <testcase name="testUpdateAddToNewCollectionAndModify[LAZY - ENTITY - VERSIONED=false]" classname="com.blazebit.persistence.view.testsuite.update.subview.nested.immutable.EntityViewUpdateNestedImmutableSubviewCollectionsTest" time="0.061"/>
  <testcase name="testUpdateAddToNewCollection[LAZY - ENTITY - VERSIONED=false]" classname="com.blazebit.persistence.view.testsuite.update.subview.nested.immutable.EntityViewUpdateNestedImmutableSubviewCollectionsTest" time="0.063"/>
  <testcase name="testUpdateModifyCollectionElementAndModify[LAZY - ENTITY - VERSIONED=false]" classname="com.blazebit.persistence.view.testsuite.update.subview.nested.immutable.EntityViewUpdateNestedImmutableSubviewCollectionsTest" time="0.058"/>
  <testcase name="testUpdateModifyCollectionElement[LAZY - ENTITY - VERSIONED=false]" classname="com.blazebit.persistence.view.testsuite.update.subview.nested.immutable.EntityViewUpdateNestedImmutableSubviewCollectionsTest" time="0.058"/>
  <testcase name="testUpdateModifyCollectionElementSetToNull[LAZY - ENTITY - VERSIONED=false]" classname="com.blazebit.persistence.view.testsuite.update.subview.nested.immutable.EntityViewUpdateNestedImmutableSubviewCollectionsTest" time="0.056"/>
  <testcase name="testUpdateAddToCollectionAndModify[LAZY - ENTITY - VERSIONED=false]" classname="com.blazebit.persistence.view.testsuite.update.subview.nested.immutable.EntityViewUpdateNestedImmutableSubviewCollectionsTest" time="0.059"/>
  <testcase name="testUpdateModifyCollectionElementCopy[LAZY - ENTITY - VERSIONED=false]" classname="com.blazebit.persistence.view.testsuite.update.subview.nested.immutable.EntityViewUpdateNestedImmutableSubviewCollectionsTest" time="0.06"/>
  <testcase name="testUpdateAddToCollection[LAZY - QUERY - VERSIONED=false]" classname="com.blazebit.persistence.view.testsuite.update.subview.nested.immutable.EntityViewUpdateNestedImmutableSubviewCollectionsTest" time="0.067"/>
  <testcase name="testUpdateAddToNewCollectionAndModify[LAZY - QUERY - VERSIONED=false]" classname="com.blazebit.persistence.view.testsuite.update.subview.nested.immutable.EntityViewUpdateNestedImmutableSubviewCollectionsTest" time="0.067"/>
  <testcase name="testUpdateAddToNewCollection[LAZY - QUERY - VERSIONED=false]" classname="com.blazebit.persistence.view.testsuite.update.subview.nested.immutable.EntityViewUpdateNestedImmutableSubviewCollectionsTest" time="0.082"/>
  <testcase name="testUpdateModifyCollectionElementAndModify[LAZY - QUERY - VERSIONED=false]" classname="com.blazebit.persistence.view.testsuite.update.subview.nested.immutable.EntityViewUpdateNestedImmutableSubviewCollectionsTest" time="0.093"/>
  <testcase name="testUpdateModifyCollectionElement[LAZY - QUERY - VERSIONED=false]" classname="com.blazebit.persistence.view.testsuite.update.subview.nested.immutable.EntityViewUpdateNestedImmutableSubviewCollectionsTest" time="0.053"/>
  <testcase name="testUpdateModifyCollectionElementSetToNull[LAZY - QUERY - VERSIONED=false]" classname="com.blazebit.persistence.view.testsuite.update.subview.nested.immutable.EntityViewUpdateNestedImmutableSubviewCollectionsTest" time="0.056"/>
  <testcase name="testUpdateAddToCollectionAndModify[LAZY - QUERY - VERSIONED=false]" classname="com.blazebit.persistence.view.testsuite.update.subview.nested.immutable.EntityViewUpdateNestedImmutableSubviewCollectionsTest" time="0.06"/>
  <testcase name="testUpdateModifyCollectionElementCopy[LAZY - QUERY - VERSIONED=false]" classname="com.blazebit.persistence.view.testsuite.update.subview.nested.immutable.EntityViewUpdateNestedImmutableSubviewCollectionsTest" time="0.053"/>
  <testcase name="testUpdateAddToCollection[PARTIAL - ENTITY - VERSIONED=true]" classname="com.blazebit.persistence.view.testsuite.update.subview.nested.immutable.EntityViewUpdateNestedImmutableSubviewCollectionsTest" time="0.057"/>
  <testcase name="testUpdateAddToNewCollectionAndModify[PARTIAL - ENTITY - VERSIONED=true]" classname="com.blazebit.persistence.view.testsuite.update.subview.nested.immutable.EntityViewUpdateNestedImmutableSubviewCollectionsTest" time="0.058"/>
  <testcase name="testUpdateAddToNewCollection[PARTIAL - ENTITY - VERSIONED=true]" classname="com.blazebit.persistence.view.testsuite.update.subview.nested.immutable.EntityViewUpdateNestedImmutableSubviewCollectionsTest" time="0.059"/>
  <testcase name="testUpdateModifyCollectionElementAndModify[PARTIAL - ENTITY - VERSIONED=true]" classname="com.blazebit.persistence.view.testsuite.update.subview.nested.immutable.EntityViewUpdateNestedImmutableSubviewCollectionsTest" time="0.057"/>
  <testcase name="testUpdateModifyCollectionElement[PARTIAL - ENTITY - VERSIONED=true]" classname="com.blazebit.persistence.view.testsuite.update.subview.nested.immutable.EntityViewUpdateNestedImmutableSubviewCollectionsTest" time="0.059"/>
  <testcase name="testUpdateModifyCollectionElementSetToNull[PARTIAL - ENTITY - VERSIONED=true]" classname="com.blazebit.persistence.view.testsuite.update.subview.nested.immutable.EntityViewUpdateNestedImmutableSubviewCollectionsTest" time="0.058"/>
  <testcase name="testUpdateAddToCollectionAndModify[PARTIAL - ENTITY - VERSIONED=true]" classname="com.blazebit.persistence.view.testsuite.update.subview.nested.immutable.EntityViewUpdateNestedImmutableSubviewCollectionsTest" time="0.058"/>
  <testcase name="testUpdateModifyCollectionElementCopy[PARTIAL - ENTITY - VERSIONED=true]" classname="com.blazebit.persistence.view.testsuite.update.subview.nested.immutable.EntityViewUpdateNestedImmutableSubviewCollectionsTest" time="0.053"/>
  <testcase name="testUpdateAddToCollection[PARTIAL - QUERY - VERSIONED=true]" classname="com.blazebit.persistence.view.testsuite.update.subview.nested.immutable.EntityViewUpdateNestedImmutableSubviewCollectionsTest" time="0.082"/>
  <testcase name="testUpdateAddToNewCollectionAndModify[PARTIAL - QUERY - VERSIONED=true]" classname="com.blazebit.persistence.view.testsuite.update.subview.nested.immutable.EntityViewUpdateNestedImmutableSubviewCollectionsTest" time="0.058"/>
  <testcase name="testUpdateAddToNewCollection[PARTIAL - QUERY - VERSIONED=true]" classname="com.blazebit.persistence.view.testsuite.update.subview.nested.immutable.EntityViewUpdateNestedImmutableSubviewCollectionsTest" time="0.059"/>
  <testcase name="testUpdateModifyCollectionElementAndModify[PARTIAL - QUERY - VERSIONED=true]" classname="com.blazebit.persistence.view.testsuite.update.subview.nested.immutable.EntityViewUpdateNestedImmutableSubviewCollectionsTest" time="0.053"/>
  <testcase name="testUpdateModifyCollectionElement[PARTIAL - QUERY - VERSIONED=true]" classname="com.blazebit.persistence.view.testsuite.update.subview.nested.immutable.EntityViewUpdateNestedImmutableSubviewCollectionsTest" time="0.053"/>
  <testcase name="testUpdateModifyCollectionElementSetToNull[PARTIAL - QUERY - VERSIONED=true]" classname="com.blazebit.persistence.view.testsuite.update.subview.nested.immutable.EntityViewUpdateNestedImmutableSubviewCollectionsTest" time="0.052"/>
  <testcase name="testUpdateAddToCollectionAndModify[PARTIAL - QUERY - VERSIONED=true]" classname="com.blazebit.persistence.view.testsuite.update.subview.nested.immutable.EntityViewUpdateNestedImmutableSubviewCollectionsTest" time="0.058"/>
  <testcase name="testUpdateModifyCollectionElementCopy[PARTIAL - QUERY - VERSIONED=true]" classname="com.blazebit.persistence.view.testsuite.update.subview.nested.immutable.EntityViewUpdateNestedImmutableSubviewCollectionsTest" time="0.056"/>
  <testcase name="testUpdateAddToCollection[PARTIAL - ENTITY - VERSIONED=false]" classname="com.blazebit.persistence.view.testsuite.update.subview.nested.immutable.EntityViewUpdateNestedImmutableSubviewCollectionsTest" time="0.058"/>
  <testcase name="testUpdateAddToNewCollectionAndModify[PARTIAL - ENTITY - VERSIONED=false]" classname="com.blazebit.persistence.view.testsuite.update.subview.nested.immutable.EntityViewUpdateNestedImmutableSubviewCollectionsTest" time="0.059"/>
  <testcase name="testUpdateAddToNewCollection[PARTIAL - ENTITY - VERSIONED=false]" classname="com.blazebit.persistence.view.testsuite.update.subview.nested.immutable.EntityViewUpdateNestedImmutableSubviewCollectionsTest" time="0.061"/>
  <testcase name="testUpdateModifyCollectionElementAndModify[PARTIAL - ENTITY - VERSIONED=false]" classname="com.blazebit.persistence.view.testsuite.update.subview.nested.immutable.EntityViewUpdateNestedImmutableSubviewCollectionsTest" time="0.057"/>
  <testcase name="testUpdateModifyCollectionElement[PARTIAL - ENTITY - VERSIONED=false]" classname="com.blazebit.persistence.view.testsuite.update.subview.nested.immutable.EntityViewUpdateNestedImmutableSubviewCollectionsTest" time="0.057"/>
  <testcase name="testUpdateModifyCollectionElementSetToNull[PARTIAL - ENTITY - VERSIONED=false]" classname="com.blazebit.persistence.view.testsuite.update.subview.nested.immutable.EntityViewUpdateNestedImmutableSubviewCollectionsTest" time="0.081"/>
  <testcase name="testUpdateAddToCollectionAndModify[PARTIAL - ENTITY - VERSIONED=false]" classname="com.blazebit.persistence.view.testsuite.update.subview.nested.immutable.EntityViewUpdateNestedImmutableSubviewCollectionsTest" time="0.065"/>
  <testcase name="testUpdateModifyCollectionElementCopy[PARTIAL - ENTITY - VERSIONED=false]" classname="com.blazebit.persistence.view.testsuite.update.subview.nested.immutable.EntityViewUpdateNestedImmutableSubviewCollectionsTest" time="0.061"/>
  <testcase name="testUpdateAddToCollection[PARTIAL - QUERY - VERSIONED=false]" classname="com.blazebit.persistence.view.testsuite.update.subview.nested.immutable.EntityViewUpdateNestedImmutableSubviewCollectionsTest" time="0.066"/>
  <testcase name="testUpdateAddToNewCollectionAndModify[PARTIAL - QUERY - VERSIONED=false]" classname="com.blazebit.persistence.view.testsuite.update.subview.nested.immutable.EntityViewUpdateNestedImmutableSubviewCollectionsTest" time="0.059"/>
  <testcase name="testUpdateAddToNewCollection[PARTIAL - QUERY - VERSIONED=false]" classname="com.blazebit.persistence.view.testsuite.update.subview.nested.immutable.EntityViewUpdateNestedImmutableSubviewCollectionsTest" time="0.058"/>
  <testcase name="testUpdateModifyCollectionElementAndModify[PARTIAL - QUERY - VERSIONED=false]" classname="com.blazebit.persistence.view.testsuite.update.subview.nested.immutable.EntityViewUpdateNestedImmutableSubviewCollectionsTest" time="0.055"/>
  <testcase name="testUpdateModifyCollectionElement[PARTIAL - QUERY - VERSIONED=false]" classname="com.blazebit.persistence.view.testsuite.update.subview.nested.immutable.EntityViewUpdateNestedImmutableSubviewCollectionsTest" time="0.054"/>
  <testcase name="testUpdateModifyCollectionElementSetToNull[PARTIAL - QUERY - VERSIONED=false]" classname="com.blazebit.persistence.view.testsuite.update.subview.nested.immutable.EntityViewUpdateNestedImmutableSubviewCollectionsTest" time="0.056"/>
  <testcase name="testUpdateAddToCollectionAndModify[PARTIAL - QUERY - VERSIONED=false]" classname="com.blazebit.persistence.view.testsuite.update.subview.nested.immutable.EntityViewUpdateNestedImmutableSubviewCollectionsTest" time="0.059"/>
  <testcase name="testUpdateModifyCollectionElementCopy[PARTIAL - QUERY - VERSIONED=false]" classname="com.blazebit.persistence.view.testsuite.update.subview.nested.immutable.EntityViewUpdateNestedImmutableSubviewCollectionsTest" time="0.052"/>
  <testcase name="testUpdateAddToCollection[FULL - ENTITY - VERSIONED=true]" classname="com.blazebit.persistence.view.testsuite.update.subview.nested.immutable.EntityViewUpdateNestedImmutableSubviewCollectionsTest" time="0.064"/>
  <testcase name="testUpdateAddToNewCollectionAndModify[FULL - ENTITY - VERSIONED=true]" classname="com.blazebit.persistence.view.testsuite.update.subview.nested.immutable.EntityViewUpdateNestedImmutableSubviewCollectionsTest" time="0.062"/>
  <testcase name="testUpdateAddToNewCollection[FULL - ENTITY - VERSIONED=true]" classname="com.blazebit.persistence.view.testsuite.update.subview.nested.immutable.EntityViewUpdateNestedImmutableSubviewCollectionsTest" time="0.083"/>
  <testcase name="testUpdateModifyCollectionElementAndModify[FULL - ENTITY - VERSIONED=true]" classname="com.blazebit.persistence.view.testsuite.update.subview.nested.immutable.EntityViewUpdateNestedImmutableSubviewCollectionsTest" time="0.058"/>
  <testcase name="testUpdateModifyCollectionElement[FULL - ENTITY - VERSIONED=true]" classname="com.blazebit.persistence.view.testsuite.update.subview.nested.immutable.EntityViewUpdateNestedImmutableSubviewCollectionsTest" time="0.058"/>
  <testcase name="testUpdateModifyCollectionElementSetToNull[FULL - ENTITY - VERSIONED=true]" classname="com.blazebit.persistence.view.testsuite.update.subview.nested.immutable.EntityViewUpdateNestedImmutableSubviewCollectionsTest" time="0.058"/>
  <testcase name="testUpdateAddToCollectionAndModify[FULL - ENTITY - VERSIONED=true]" classname="com.blazebit.persistence.view.testsuite.update.subview.nested.immutable.EntityViewUpdateNestedImmutableSubviewCollectionsTest" time="0.06"/>
  <testcase name="testUpdateModifyCollectionElementCopy[FULL - ENTITY - VERSIONED=true]" classname="com.blazebit.persistence.view.testsuite.update.subview.nested.immutable.EntityViewUpdateNestedImmutableSubviewCollectionsTest" time="0.059"/>
  <testcase name="testUpdateAddToCollection[FULL - QUERY - VERSIONED=true]" classname="com.blazebit.persistence.view.testsuite.update.subview.nested.immutable.EntityViewUpdateNestedImmutableSubviewCollectionsTest" time="0.062"/>
  <testcase name="testUpdateAddToNewCollectionAndModify[FULL - QUERY - VERSIONED=true]" classname="com.blazebit.persistence.view.testsuite.update.subview.nested.immutable.EntityViewUpdateNestedImmutableSubviewCollectionsTest" time="0.06"/>
  <testcase name="testUpdateAddToNewCollection[FULL - QUERY - VERSIONED=true]" classname="com.blazebit.persistence.view.testsuite.update.subview.nested.immutable.EntityViewUpdateNestedImmutableSubviewCollectionsTest" time="0.062"/>
  <testcase name="testUpdateModifyCollectionElementAndModify[FULL - QUERY - VERSIONED=true]" classname="com.blazebit.persistence.view.testsuite.update.subview.nested.immutable.EntityViewUpdateNestedImmutableSubviewCollectionsTest" time="0.06"/>
  <testcase name="testUpdateModifyCollectionElement[FULL - QUERY - VERSIONED=true]" classname="com.blazebit.persistence.view.testsuite.update.subview.nested.immutable.EntityViewUpdateNestedImmutableSubviewCollectionsTest" time="0.059"/>
  <testcase name="testUpdateModifyCollectionElementSetToNull[FULL - QUERY - VERSIONED=true]" classname="com.blazebit.persistence.view.testsuite.update.subview.nested.immutable.EntityViewUpdateNestedImmutableSubviewCollectionsTest" time="0.057"/>
  <testcase name="testUpdateAddToCollectionAndModify[FULL - QUERY - VERSIONED=true]" classname="com.blazebit.persistence.view.testsuite.update.subview.nested.immutable.EntityViewUpdateNestedImmutableSubviewCollectionsTest" time="0.061"/>
  <testcase name="testUpdateModifyCollectionElementCopy[FULL - QUERY - VERSIONED=true]" classname="com.blazebit.persistence.view.testsuite.update.subview.nested.immutable.EntityViewUpdateNestedImmutableSubviewCollectionsTest" time="0.079"/>
  <testcase name="testUpdateAddToCollection[FULL - ENTITY - VERSIONED=false]" classname="com.blazebit.persistence.view.testsuite.update.subview.nested.immutable.EntityViewUpdateNestedImmutableSubviewCollectionsTest" time="0.061"/>
  <testcase name="testUpdateAddToNewCollectionAndModify[FULL - ENTITY - VERSIONED=false]" classname="com.blazebit.persistence.view.testsuite.update.subview.nested.immutable.EntityViewUpdateNestedImmutableSubviewCollectionsTest" time="0.06"/>
  <testcase name="testUpdateAddToNewCollection[FULL - ENTITY - VERSIONED=false]" classname="com.blazebit.persistence.view.testsuite.update.subview.nested.immutable.EntityViewUpdateNestedImmutableSubviewCollectionsTest" time="0.061"/>
  <testcase name="testUpdateModifyCollectionElementAndModify[FULL - ENTITY - VERSIONED=false]" classname="com.blazebit.persistence.view.testsuite.update.subview.nested.immutable.EntityViewUpdateNestedImmutableSubviewCollectionsTest" time="0.058"/>
  <testcase name="testUpdateModifyCollectionElement[FULL - ENTITY - VERSIONED=false]" classname="com.blazebit.persistence.view.testsuite.update.subview.nested.immutable.EntityViewUpdateNestedImmutableSubviewCollectionsTest" time="0.058"/>
  <testcase name="testUpdateModifyCollectionElementSetToNull[FULL - ENTITY - VERSIONED=false]" classname="com.blazebit.persistence.view.testsuite.update.subview.nested.immutable.EntityViewUpdateNestedImmutableSubviewCollectionsTest" time="0.058"/>
  <testcase name="testUpdateAddToCollectionAndModify[FULL - ENTITY - VERSIONED=false]" classname="com.blazebit.persistence.view.testsuite.update.subview.nested.immutable.EntityViewUpdateNestedImmutableSubviewCollectionsTest" time="0.061"/>
  <testcase name="testUpdateModifyCollectionElementCopy[FULL - ENTITY - VERSIONED=false]" classname="com.blazebit.persistence.view.testsuite.update.subview.nested.immutable.EntityViewUpdateNestedImmutableSubviewCollectionsTest" time="0.059"/>
  <testcase name="testUpdateAddToCollection[FULL - QUERY - VERSIONED=false]" classname="com.blazebit.persistence.view.testsuite.update.subview.nested.immutable.EntityViewUpdateNestedImmutableSubviewCollectionsTest" time="0.061"/>
  <testcase name="testUpdateAddToNewCollectionAndModify[FULL - QUERY - VERSIONED=false]" classname="com.blazebit.persistence.view.testsuite.update.subview.nested.immutable.EntityViewUpdateNestedImmutableSubviewCollectionsTest" time="0.062"/>
  <testcase name="testUpdateAddToNewCollection[FULL - QUERY - VERSIONED=false]" classname="com.blazebit.persistence.view.testsuite.update.subview.nested.immutable.EntityViewUpdateNestedImmutableSubviewCollectionsTest" time="0.062"/>
  <testcase name="testUpdateModifyCollectionElementAndModify[FULL - QUERY - VERSIONED=false]" classname="com.blazebit.persistence.view.testsuite.update.subview.nested.immutable.EntityViewUpdateNestedImmutableSubviewCollectionsTest" time="0.084"/>
  <testcase name="testUpdateModifyCollectionElement[FULL - QUERY - VERSIONED=false]" classname="com.blazebit.persistence.view.testsuite.update.subview.nested.immutable.EntityViewUpdateNestedImmutableSubviewCollectionsTest" time="0.061"/>
  <testcase name="testUpdateModifyCollectionElementSetToNull[FULL - QUERY - VERSIONED=false]" classname="com.blazebit.persistence.view.testsuite.update.subview.nested.immutable.EntityViewUpdateNestedImmutableSubviewCollectionsTest" time="0.058"/>
  <testcase name="testUpdateAddToCollectionAndModify[FULL - QUERY - VERSIONED=false]" classname="com.blazebit.persistence.view.testsuite.update.subview.nested.immutable.EntityViewUpdateNestedImmutableSubviewCollectionsTest" time="0.06"/>
  <testcase name="testUpdateModifyCollectionElementCopy[FULL - QUERY - VERSIONED=false]" classname="com.blazebit.persistence.view.testsuite.update.subview.nested.immutable.EntityViewUpdateNestedImmutableSubviewCollectionsTest" time="0.059"/>
</testsuite>