<?xml version="1.0" encoding="UTF-8"?>
<!-- Generated by org.testng.reporters.JUnitReportReporter -->
<testsuite hostname="sal" name="com.linkedin.pinot.minion.executor.PurgeTaskExecutorTest" tests="1" failures="0" timestamp="12 Aug 2020 07:33:31 GMT" time="0.071" errors="0">
  <testcase name="testConvert" time="0.071" classname="com.linkedin.pinot.minion.executor.PurgeTaskExecutorTest"/>
</testsuite>
