<?xml version="1.0" encoding="UTF-8"?>
<!-- Generated by org.testng.reporters.JUnitReportReporter -->
<testsuite hostname="sal" name="com.linkedin.pinot.integration.tests.HybridClusterIntegrationTest" tests="6" failures="0" timestamp="12 Aug 2020 07:35:09 GMT" time="55.940" errors="0">
  <testcase name="testGeneratedQueriesWithMultiValues" time="25.688" classname="com.linkedin.pinot.integration.tests.HybridClusterIntegrationTest"/>
  <testcase name="testQueriesFromQueryFile" time="24.936" classname="com.linkedin.pinot.integration.tests.HybridClusterIntegrationTest"/>
  <testcase name="testBrokerDebugOutput" time="0.065" classname="com.linkedin.pinot.integration.tests.HybridClusterIntegrationTest"/>
  <testcase name="testQueryExceptions" time="0.054" classname="com.linkedin.pinot.integration.tests.HybridClusterIntegrationTest"/>
  <testcase name="testInstanceShutdown" time="5.156" classname="com.linkedin.pinot.integration.tests.HybridClusterIntegrationTest"/>
  <testcase name="testSegmentListApi" time="0.041" classname="com.linkedin.pinot.integration.tests.HybridClusterIntegrationTest"/>
</testsuite>
