<?xml version="1.0" encoding="UTF-8"?>
<!-- Generated by org.testng.reporters.JUnitReportReporter -->
<testsuite hostname="sal" name="com.linkedin.pinot.integration.tests.MultiNodesOfflineClusterIntegrationTest" tests="5" failures="0" timestamp="12 Aug 2020 07:36:45 GMT" time="65.370" errors="0">
  <testcase name="testInstanceShutdown" time="6.207" classname="com.linkedin.pinot.integration.tests.MultiNodesOfflineClusterIntegrationTest"/>
  <testcase name="testGeneratedQueriesWithMultiValues" time="28.083" classname="com.linkedin.pinot.integration.tests.MultiNodesOfflineClusterIntegrationTest"/>
  <testcase name="testInstancesStarted" time="0.005" classname="com.linkedin.pinot.integration.tests.MultiNodesOfflineClusterIntegrationTest"/>
  <testcase name="testQueriesFromQueryFile" time="31.023" classname="com.linkedin.pinot.integration.tests.MultiNodesOfflineClusterIntegrationTest"/>
  <testcase name="testQueryExceptions" time="0.052" classname="com.linkedin.pinot.integration.tests.MultiNodesOfflineClusterIntegrationTest"/>
</testsuite>
