<?xml version="1.0" encoding="UTF-8"?>
<!-- Generated by org.testng.reporters.JUnitReportReporter -->
<testsuite hostname="sal" name="com.linkedin.pinot.server.request.ScheduledRequestHandlerTest" tests="3" failures="0" timestamp="12 Aug 2020 07:29:26 GMT" time="0.333" errors="0">
  <testcase name="testValidQueryResponse" time="0.018" classname="com.linkedin.pinot.server.request.ScheduledRequestHandlerTest"/>
  <testcase name="testBadRequest" time="0.258" classname="com.linkedin.pinot.server.request.ScheduledRequestHandlerTest"/>
  <testcase name="testQueryProcessingException" time="0.057" classname="com.linkedin.pinot.server.request.ScheduledRequestHandlerTest"/>
</testsuite>
