<?xml version="1.0" encoding="UTF-8"?>
<!-- Generated by org.testng.reporters.JUnitReportReporter -->
<testsuite hostname="sal" name="com.linkedin.pinot.server.api.resources.TablesResourceTest" tests="4" failures="0" timestamp="12 Aug 2020 07:29:23 GMT" time="3.471" errors="0">
  <testcase name="testSegmentCrcMetadata" time="1.848" classname="com.linkedin.pinot.server.api.resources.TablesResourceTest"/>
  <testcase name="testSegmentMetadata" time="0.145" classname="com.linkedin.pinot.server.api.resources.TablesResourceTest"/>
  <testcase name="getTables" time="0.060" classname="com.linkedin.pinot.server.api.resources.TablesResourceTest"/>
  <testcase name="getSegments" time="1.418" classname="com.linkedin.pinot.server.api.resources.TablesResourceTest"/>
</testsuite>
