<?xml version="1.0" encoding="UTF-8"?>
<!-- Generated by org.testng.reporters.JUnitReportReporter -->
<testsuite hostname="sal" name="com.linkedin.pinot.server.api.resources.TableSizeResourceTest" tests="4" failures="0" timestamp="12 Aug 2020 07:29:12 GMT" time="0.420" errors="0">
  <testcase name="testTableSizeOld" time="0.016" classname="com.linkedin.pinot.server.api.resources.TableSizeResourceTest"/>
  <testcase name="testTableSizeNoDetails" time="0.016" classname="com.linkedin.pinot.server.api.resources.TableSizeResourceTest"/>
  <testcase name="testTableSizeDetailed" time="0.366" classname="com.linkedin.pinot.server.api.resources.TableSizeResourceTest"/>
  <testcase name="testTableSizeNotFound" time="0.022" classname="com.linkedin.pinot.server.api.resources.TableSizeResourceTest"/>
</testsuite>
