<?xml version="1.0" encoding="UTF-8" ?>
<testsuite tests="22" failures="0" name="org.springframework.cloud.gcp.storage.GoogleStorageTests" time="0.068" errors="0" skipped="0">
  <properties>
    <property name="java.vendor" value="Private Build"/>
    <property name="sun.java.launcher" value="SUN_STANDARD"/>
    <property name="sun.management.compiler" value="HotSpot 64-Bit Tiered Compilers"/>
    <property name="os.name" value="Linux"/>
    <property name="sun.boot.class.path" value="/usr/lib/jvm/java-8-openjdk-amd64/jre/lib/resources.jar:/usr/lib/jvm/java-8-openjdk-amd64/jre/lib/rt.jar:/usr/lib/jvm/java-8-openjdk-amd64/jre/lib/sunrsasign.jar:/usr/lib/jvm/java-8-openjdk-amd64/jre/lib/jsse.jar:/usr/lib/jvm/java-8-openjdk-amd64/jre/lib/jce.jar:/usr/lib/jvm/java-8-openjdk-amd64/jre/lib/charsets.jar:/usr/lib/jvm/java-8-openjdk-amd64/jre/lib/jfr.jar:/usr/lib/jvm/java-8-openjdk-amd64/jre/classes"/>
    <property name="cobertura.skip" value="true"/>
    <property name="findbugs.skip" value="true"/>
    <property name="java.vm.specification.vendor" value="Oracle Corporation"/>
    <property name="java.runtime.version" value="1.8.0_252-8u252-b09-1~18.04-b09"/>
    <property name="user.name" value="junhee"/>
    <property name="guice.disable.misplaced.annotation.check" value="true"/>
    <property name="user.language" value="en"/>
    <property name="sun.boot.library.path" value="/usr/lib/jvm/java-8-openjdk-amd64/jre/lib/amd64"/>
    <property name="classworlds.conf" value="/usr/share/maven/bin/m2.conf"/>
    <property name="java.version" value="1.8.0_252"/>
    <property name="user.timezone" value="Asia/Seoul"/>
    <property name="rat.skip" value="true"/>
    <property name="sun.arch.data.model" value="64"/>
    <property name="java.endorsed.dirs" value="/usr/lib/jvm/java-8-openjdk-amd64/jre/lib/endorsed"/>
    <property name="sun.cpu.isalist" value=""/>
    <property name="sun.jnu.encoding" value="UTF-8"/>
    <property name="file.encoding.pkg" value="sun.io"/>
    <property name="file.separator" value="/"/>
    <property name="java.specification.name" value="Java Platform API Specification"/>
    <property name="maven.conf" value="/usr/share/maven/conf"/>
    <property name="java.class.version" value="52.0"/>
    <property name="checkstyle.skip" value="true"/>
    <property name="user.country" value="US"/>
    <property name="securerandom.source" value="file:/dev/./urandom"/>
    <property name="java.home" value="/usr/lib/jvm/java-8-openjdk-amd64/jre"/>
    <property name="java.vm.info" value="mixed mode"/>
    <property name="os.version" value="4.15.0-106-generic"/>
    <property name="path.separator" value=":"/>
    <property name="java.vm.version" value="25.252-b09"/>
    <property name="gpg.skip" value="true"/>
    <property name="java.awt.printerjob" value="sun.print.PSPrinterJob"/>
    <property name="sun.io.unicode.encoding" value="UnicodeLittle"/>
    <property name="awt.toolkit" value="sun.awt.X11.XToolkit"/>
    <property name="java.security.egd" value="file:/dev/./urandom"/>
    <property name="user.home" value="/home/junhee"/>
    <property name="java.specification.vendor" value="Oracle Corporation"/>
    <property name="test" value="GoogleStorageTests"/>
    <property name="library.jansi.path" value="/usr/share/maven/lib/jansi-native"/>
    <property name="altSnapshotDeploymentRepository" value="repo.spring.io::default::https://repo.spring.io/libs-snapshot-local"/>
    <property name="java.library.path" value="/usr/java/packages/lib/amd64:/usr/lib/x86_64-linux-gnu/jni:/lib/x86_64-linux-gnu:/usr/lib/x86_64-linux-gnu:/usr/lib/jni:/lib:/usr/lib"/>
    <property name="java.vendor.url" value="http://java.oracle.com/"/>
    <property name="java.vm.vendor" value="Private Build"/>
    <property name="maven.home" value="/usr/share/maven"/>
    <property name="java.runtime.name" value="OpenJDK Runtime Environment"/>
    <property name="sun.java.command" value="org.codehaus.plexus.classworlds.launcher.Launcher clean test -Dtest=GoogleStorageTests -DfailIfNoTests=false -V -B -Denforcer.skip=true -Dcheckstyle.skip=true -Dcobertura.skip=true -Drat.skip=true -Dlicense.skip=true -Dfindbugs.skip=true -Dgpg.skip=true -Dskip.npm=true -Dskip.gulp=true -Dskip.bower=true"/>
    <property name="java.class.path" value="/usr/share/maven/boot/plexus-classworlds-2.x.jar"/>
    <property name="java.vm.specification.name" value="Java Virtual Machine Specification"/>
    <property name="java.vm.specification.version" value="1.8"/>
    <property name="sun.cpu.endian" value="little"/>
    <property name="sun.os.patch.level" value="unknown"/>
    <property name="java.io.tmpdir" value="/tmp"/>
    <property name="java.vendor.url.bug" value="http://bugreport.sun.com/bugreport/"/>
    <property name="maven.multiModuleProjectDirectory" value="/media/4tb/npex/npex_data/benchmarks-bears/Bears-180"/>
    <property name="os.arch" value="amd64"/>
    <property name="java.awt.graphicsenv" value="sun.awt.X11GraphicsEnvironment"/>
    <property name="java.ext.dirs" value="/usr/lib/jvm/java-8-openjdk-amd64/jre/lib/ext:/usr/java/packages/lib/ext"/>
    <property name="user.dir" value="/media/4tb/npex/npex_data/benchmarks-bears/Bears-180"/>
    <property name="line.separator" value="
"/>
    <property name="java.vm.name" value="OpenJDK 64-Bit Server VM"/>
    <property name="enforcer.skip" value="true"/>
    <property name="skip.gulp" value="true"/>
    <property name="skip.bower" value="true"/>
    <property name="skip.npm" value="true"/>
    <property name="failIfNoTests" value="false"/>
    <property name="file.encoding" value="UTF-8"/>
    <property name="license.skip" value="true"/>
    <property name="java.specification.version" value="1.8"/>
  </properties>
  <testcase classname="org.springframework.cloud.gcp.storage.GoogleStorageTests" name="testBucketInputStream" time="0.006"/>
  <testcase classname="org.springframework.cloud.gcp.storage.GoogleStorageTests" name="testBucketContentLength" time="0"/>
  <testcase classname="org.springframework.cloud.gcp.storage.GoogleStorageTests" name="testWritableOutputStreamNoAutoCreateOnNullBlob" time="0.002"/>
  <testcase classname="org.springframework.cloud.gcp.storage.GoogleStorageTests" name="signedUrlFunctionCalled" time="0.006"/>
  <testcase classname="org.springframework.cloud.gcp.storage.GoogleStorageTests" name="testGetInputStreamOnNullBlob" time="0.001"/>
  <testcase classname="org.springframework.cloud.gcp.storage.GoogleStorageTests" name="testBucketResourceStatuses" time="0"/>
  <testcase classname="org.springframework.cloud.gcp.storage.GoogleStorageTests" name="testCreateRelativeSubdirs" time="0"/>
  <testcase classname="org.springframework.cloud.gcp.storage.GoogleStorageTests" name="testValidObjectWithUnderscore" time="0.001"/>
  <testcase classname="org.springframework.cloud.gcp.storage.GoogleStorageTests" name="testBucketOutputStream" time="0.001"/>
  <testcase classname="org.springframework.cloud.gcp.storage.GoogleStorageTests" name="testWritable" time="0.001"/>
  <testcase classname="org.springframework.cloud.gcp.storage.GoogleStorageTests" name="testCreateRelative" time="0.001"/>
  <testcase classname="org.springframework.cloud.gcp.storage.GoogleStorageTests" name="testBucketFile" time="0"/>
  <testcase classname="org.springframework.cloud.gcp.storage.GoogleStorageTests" name="testBucketLastModified" time="0.001"/>
  <testcase classname="org.springframework.cloud.gcp.storage.GoogleStorageTests" name="testGetFilenameOnNullBlob" time="0.001"/>
  <testcase classname="org.springframework.cloud.gcp.storage.GoogleStorageTests" name="nullSignedUrlForNullBlob" time="0"/>
  <testcase classname="org.springframework.cloud.gcp.storage.GoogleStorageTests" name="testCreateBlobIfNotExistingGetterSetter" time="0"/>
  <testcase classname="org.springframework.cloud.gcp.storage.GoogleStorageTests" name="testWritableOutputStreamWithAutoCreateOnNullBlob" time="0.042"/>
  <testcase classname="org.springframework.cloud.gcp.storage.GoogleStorageTests" name="testValidBucket" time="0"/>
  <testcase classname="org.springframework.cloud.gcp.storage.GoogleStorageTests" name="testWritableOutputStream" time="0.002"/>
  <testcase classname="org.springframework.cloud.gcp.storage.GoogleStorageTests" name="testNullPaths" time="0"/>
  <testcase classname="org.springframework.cloud.gcp.storage.GoogleStorageTests" name="testValidObject" time="0.001"/>
  <testcase classname="org.springframework.cloud.gcp.storage.GoogleStorageTests" name="testWritableOutputStreamWithAutoCreateOnNonExistantBlob" time="0.002"/>
</testsuite>