<?xml version="1.0" encoding="UTF-8"?>
<!-- Generated by org.testng.reporters.JUnitReportReporter -->
<testsuite hostname="sal" name="com.linkedin.pinot.controller.validation.ValidationManagerTest" tests="7" failures="0" timestamp="12 Aug 2020 07:30:58 GMT" time="1.593" errors="0">
  <testcase name="testPushTimePersistence" time="0.131" classname="com.linkedin.pinot.controller.validation.ValidationManagerTest"/>
  <testcase name="testComputeMissingIntervals" time="0.064" classname="com.linkedin.pinot.controller.validation.ValidationManagerTest"/>
  <testcase name="testLLCValidation" time="1.141" classname="com.linkedin.pinot.controller.validation.ValidationManagerTest"/>
  <testcase name="testRebuildBrokerResourceWhenBrokerAdded" time="0.136" classname="com.linkedin.pinot.controller.validation.ValidationManagerTest"/>
  <testcase name="testExtremeSenario" time="0.000" classname="com.linkedin.pinot.controller.validation.ValidationManagerTest"/>
  <testcase name="testTotalDocumentCountRealTime" time="0.120" classname="com.linkedin.pinot.controller.validation.ValidationManagerTest"/>
  <testcase name="testCountMissingSegments" time="0.001" classname="com.linkedin.pinot.controller.validation.ValidationManagerTest"/>
</testsuite>
