<?xml version="1.0" encoding="UTF-8"?>
<!-- Generated by org.testng.reporters.JUnitReportReporter -->
<testsuite hostname="sal" name="com.linkedin.pinot.controller.helix.sharding.SegmentAssignmentStrategyTest" tests="4" failures="0" timestamp="12 Aug 2020 07:31:37 GMT" time="2.615" errors="0">
  <testcase name="testBalanceNumSegmentAssignmentStrategy" time="1.349" classname="com.linkedin.pinot.controller.helix.sharding.SegmentAssignmentStrategyTest"/>
  <testcase name="testRandomSegmentAssignmentStrategy" time="0.340" classname="com.linkedin.pinot.controller.helix.sharding.SegmentAssignmentStrategyTest"/>
  <testcase name="testTableLevelAndMirroringReplicaGroupSegmentAssignmentStrategy" time="0.272" classname="com.linkedin.pinot.controller.helix.sharding.SegmentAssignmentStrategyTest"/>
  <testcase name="testPartitionLevelReplicaGroupSegmentAssignmentStrategy" time="0.654" classname="com.linkedin.pinot.controller.helix.sharding.SegmentAssignmentStrategyTest"/>
</testsuite>
