<?xml version="1.0" encoding="UTF-8"?>
<!-- Generated by org.testng.reporters.JUnitReportReporter -->
<testsuite hostname="sal" name="com.linkedin.pinot.controller.api.resources.PinotSchemaRestletResourceTest" tests="2" failures="0" timestamp="12 Aug 2020 07:30:04 GMT" time="0.591" errors="0">
  <testcase name="testBadContentType" time="0.254" classname="com.linkedin.pinot.controller.api.resources.PinotSchemaRestletResourceTest"/>
  <testcase name="testCreateUpdateSchema" time="0.337" classname="com.linkedin.pinot.controller.api.resources.PinotSchemaRestletResourceTest"/>
</testsuite>
