<?xml version="1.0" encoding="UTF-8"?>
<!-- Generated by org.testng.reporters.JUnitReportReporter -->
<testsuite hostname="sal" name="com.linkedin.pinot.controller.api.resources.TableSizeReaderTest" tests="4" failures="0" timestamp="12 Aug 2020 07:30:27 GMT" time="10.765" errors="0">
  <testcase name="testNoSuchTable" time="0.001" classname="com.linkedin.pinot.controller.api.resources.TableSizeReaderTest"/>
  <testcase name="testGetTableSubTypeSizesWithErrors" time="10.057" classname="com.linkedin.pinot.controller.api.resources.TableSizeReaderTest"/>
  <testcase name="getTableSizeDetailsRealtimeOnly" time="0.683" classname="com.linkedin.pinot.controller.api.resources.TableSizeReaderTest"/>
  <testcase name="testGetTableSubTypeSizeAllSuccess" time="0.024" classname="com.linkedin.pinot.controller.api.resources.TableSizeReaderTest"/>
</testsuite>
