<?xml version="1.0" encoding="UTF-8"?>
<!-- Generated by org.testng.reporters.JUnitReportReporter -->
<testsuite hostname="sal" name="com.linkedin.pinot.controller.helix.PinotResourceManagerTest" tests="2" failures="0" timestamp="12 Aug 2020 07:31:06 GMT" time="4.663" errors="0">
  <testcase name="testUpdateSegmentZKMetadata" time="0.008" classname="com.linkedin.pinot.controller.helix.PinotResourceManagerTest"/>
  <testcase name="testBasicAndConcurrentAddingAndDeletingSegments" time="4.655" classname="com.linkedin.pinot.controller.helix.PinotResourceManagerTest"/>
</testsuite>
