<?xml version="1.0" encoding="UTF-8"?>
<!-- Generated by org.testng.reporters.JUnitReportReporter -->
<testsuite hostname="sal" name="com.linkedin.pinot.controller.helix.ControllerInstanceToggleTest" tests="1" failures="0" timestamp="12 Aug 2020 07:31:29 GMT" time="7.388" errors="0">
  <testcase name="testInstanceToggle" time="7.388" classname="com.linkedin.pinot.controller.helix.ControllerInstanceToggleTest"/>
</testsuite>
