<?xml version="1.0" encoding="UTF-8"?>
<!-- Generated by org.testng.reporters.JUnitReportReporter -->
<testsuite hostname="sal" name="com.linkedin.pinot.controller.api.resources.AccessControlTest" tests="1" failures="0" timestamp="12 Aug 2020 07:29:41 GMT" time="0.186" errors="0">
  <testcase name="testAccessDenied" time="0.186" classname="com.linkedin.pinot.controller.api.resources.AccessControlTest"/>
</testsuite>
