<?xml version="1.0" encoding="UTF-8"?>
<!-- Generated by org.testng.reporters.JUnitReportReporter -->
<testsuite hostname="sal" name="com.linkedin.pinot.controller.api.resources.ServerTableSizeReaderTest" tests="2" failures="0" timestamp="12 Aug 2020 07:30:34 GMT" time="5.978" errors="0">
  <testcase name="testServerSizeReader" time="0.956" classname="com.linkedin.pinot.controller.api.resources.ServerTableSizeReaderTest"/>
  <testcase name="testServerSizesErrors" time="5.022" classname="com.linkedin.pinot.controller.api.resources.ServerTableSizeReaderTest"/>
</testsuite>
