<?xml version="1.0" encoding="UTF-8"?>
<!-- Generated by org.testng.reporters.JUnitReportReporter -->
<testsuite hostname="sal" name="com.linkedin.pinot.controller.api.resources.PinotSegmentRestletResourceTest" tests="1" failures="0" timestamp="12 Aug 2020 07:29:58 GMT" time="1.244" errors="0">
  <testcase name="testSegmentCrcApi" time="1.244" classname="com.linkedin.pinot.controller.api.resources.PinotSegmentRestletResourceTest"/>
</testsuite>
