<?xml version="1.0" encoding="UTF-8"?>
<!-- Generated by org.testng.reporters.JUnitReportReporter -->
<testsuite hostname="sal" name="com.linkedin.pinot.controller.helix.retention.RetentionManagerTest" tests="6" failures="0" timestamp="12 Aug 2020 07:32:08 GMT" time="1.996" errors="0">
  <testcase name="testRetentionWithHours" time="0.013" classname="com.linkedin.pinot.controller.helix.retention.RetentionManagerTest"/>
  <testcase name="testRetentionWithMinutes" time="0.011" classname="com.linkedin.pinot.controller.helix.retention.RetentionManagerTest"/>
  <testcase name="testRetentionWithDays" time="0.073" classname="com.linkedin.pinot.controller.helix.retention.RetentionManagerTest"/>
  <testcase name="testRetentionWithMillis" time="0.012" classname="com.linkedin.pinot.controller.helix.retention.RetentionManagerTest"/>
  <testcase name="testRetentionWithSeconds" time="0.010" classname="com.linkedin.pinot.controller.helix.retention.RetentionManagerTest"/>
  <testcase name="testRealtimeLLCCleanup" time="1.877" classname="com.linkedin.pinot.controller.helix.retention.RetentionManagerTest"/>
</testsuite>
