<?xml version="1.0" encoding="UTF-8"?>
<!-- Generated by org.testng.reporters.JUnitReportReporter -->
<testsuite hostname="sal" name="com.linkedin.pinot.controller.helix.core.realtime.PinotLLCRealtimeSegmentManagerTest" tests="14" failures="0" timestamp="12 Aug 2020 07:31:47 GMT" time="2.437" errors="0">
  <testcase name="testUpdateFlushThresholdForSegmentMetadata" time="0.001" classname="com.linkedin.pinot.controller.helix.core.realtime.PinotLLCRealtimeSegmentManagerTest"/>
  <testcase name="testGeneratePartitionAssignment" time="0.040" classname="com.linkedin.pinot.controller.helix.core.realtime.PinotLLCRealtimeSegmentManagerTest"/>
  <testcase name="testCommitSegmentFile" time="0.007" classname="com.linkedin.pinot.controller.helix.core.realtime.PinotLLCRealtimeSegmentManagerTest"/>
  <testcase name="testKafkaAssignment" time="0.006" classname="com.linkedin.pinot.controller.helix.core.realtime.PinotLLCRealtimeSegmentManagerTest"/>
  <testcase name="testCommittingSegmentIfDisconnected" time="0.010" classname="com.linkedin.pinot.controller.helix.core.realtime.PinotLLCRealtimeSegmentManagerTest"/>
  <testcase name="testCompleteCommittingSegments" time="0.431" classname="com.linkedin.pinot.controller.helix.core.realtime.PinotLLCRealtimeSegmentManagerTest"/>
  <testcase name="testInitialSegmentAssignments" time="0.025" classname="com.linkedin.pinot.controller.helix.core.realtime.PinotLLCRealtimeSegmentManagerTest"/>
  <testcase name="testCommittingSegment" time="0.017" classname="com.linkedin.pinot.controller.helix.core.realtime.PinotLLCRealtimeSegmentManagerTest"/>
  <testcase name="testAutoReplaceConsumingSegment" time="1.636" classname="com.linkedin.pinot.controller.helix.core.realtime.PinotLLCRealtimeSegmentManagerTest"/>
  <testcase name="testCommitSegmentWhenControllerWentThroughGC" time="0.239" classname="com.linkedin.pinot.controller.helix.core.realtime.PinotLLCRealtimeSegmentManagerTest"/>
  <testcase name="testUpdateHelixForSegmentClosing" time="0.001" classname="com.linkedin.pinot.controller.helix.core.realtime.PinotLLCRealtimeSegmentManagerTest"/>
  <testcase name="testSegmentAlreadyThereAndExtraneousFilesDeleted" time="0.014" classname="com.linkedin.pinot.controller.helix.core.realtime.PinotLLCRealtimeSegmentManagerTest"/>
  <testcase name="testUpdatingKafkaPartitions" time="0.008" classname="com.linkedin.pinot.controller.helix.core.realtime.PinotLLCRealtimeSegmentManagerTest"/>
  <testcase name="testPreExistingSegments" time="0.002" classname="com.linkedin.pinot.controller.helix.core.realtime.PinotLLCRealtimeSegmentManagerTest"/>
</testsuite>
