<?xml version="1.0" encoding="UTF-8"?>
<!-- Generated by org.testng.reporters.JUnitReportReporter -->
<testsuite hostname="sal" name="com.linkedin.pinot.controller.validation.StorageQuotaCheckerTest" tests="3" failures="0" timestamp="12 Aug 2020 07:30:52 GMT" time="0.020" errors="0">
  <testcase name="testNoStorageQuotaConfig" time="0.000" classname="com.linkedin.pinot.controller.validation.StorageQuotaCheckerTest"/>
  <testcase name="testWithinQuota" time="0.010" classname="com.linkedin.pinot.controller.validation.StorageQuotaCheckerTest"/>
  <testcase name="testNoQuota" time="0.010" classname="com.linkedin.pinot.controller.validation.StorageQuotaCheckerTest"/>
</testsuite>
