<?xml version="1.0" encoding="UTF-8"?>
<!-- Generated by org.testng.reporters.JUnitReportReporter -->
<testsuite hostname="sal" name="com.linkedin.pinot.controller.api.resources.TableViewsTest" tests="8" failures="0" timestamp="12 Aug 2020 07:29:50 GMT" time="0.207" errors="0">
  <testcase name="testTableNotFound" time="0.014" classname="com.linkedin.pinot.controller.api.resources.TableViewsTest"/>
  <testcase name="testOfflineTableState" time="0.014" classname="com.linkedin.pinot.controller.api.resources.TableViewsTest"/>
  <testcase name="testBadRequest" time="0.014" classname="com.linkedin.pinot.controller.api.resources.TableViewsTest"/>
  <testcase name="testOfflineTableState" time="0.008" classname="com.linkedin.pinot.controller.api.resources.TableViewsTest"/>
  <testcase name="testTableNotFound" time="0.012" classname="com.linkedin.pinot.controller.api.resources.TableViewsTest"/>
  <testcase name="testHybridTableState" time="0.061" classname="com.linkedin.pinot.controller.api.resources.TableViewsTest"/>
  <testcase name="testHybridTableState" time="0.059" classname="com.linkedin.pinot.controller.api.resources.TableViewsTest"/>
  <testcase name="testBadRequest" time="0.025" classname="com.linkedin.pinot.controller.api.resources.TableViewsTest"/>
</testsuite>
