<?xml version="1.0" encoding="UTF-8"?>
<!-- Generated by org.testng.reporters.JUnitReportReporter -->
<testsuite hostname="sal" name="com.linkedin.pinot.controller.api.resources.SegmentCompletionProtocolDeserTest" tests="7" failures="0" timestamp="12 Aug 2020 07:30:07 GMT" time="0.097" errors="0">
  <testcase name="testCompleteResponseParams" time="0.018" classname="com.linkedin.pinot.controller.api.resources.SegmentCompletionProtocolDeserTest"/>
  <testcase name="testJsonResponseWithVipAndNullSegmentLocation" time="0.000" classname="com.linkedin.pinot.controller.api.resources.SegmentCompletionProtocolDeserTest"/>
  <testcase name="testJsonResponseWithSegmentLocationNullVip" time="0.000" classname="com.linkedin.pinot.controller.api.resources.SegmentCompletionProtocolDeserTest"/>
  <testcase name="testJsonResponseWithoutSplitCommit" time="0.001" classname="com.linkedin.pinot.controller.api.resources.SegmentCompletionProtocolDeserTest"/>
  <testcase name="testJsonNullSegmentLocationAndVip" time="0.077" classname="com.linkedin.pinot.controller.api.resources.SegmentCompletionProtocolDeserTest"/>
  <testcase name="testIncompleteResponseParams" time="0.001" classname="com.linkedin.pinot.controller.api.resources.SegmentCompletionProtocolDeserTest"/>
  <testcase name="testJsonResponseWithAllParams" time="0.000" classname="com.linkedin.pinot.controller.api.resources.SegmentCompletionProtocolDeserTest"/>
</testsuite>
