<?xml version="1.0" encoding="UTF-8"?>
<!-- Generated by org.testng.reporters.JUnitReportReporter -->
<testsuite hostname="sal" name="com.linkedin.pinot.controller.helix.ControllerTenantTest" tests="2" failures="0" timestamp="12 Aug 2020 07:31:15 GMT" time="1.949" errors="0">
  <testcase name="testBrokerTenant" time="1.367" classname="com.linkedin.pinot.controller.helix.ControllerTenantTest"/>
  <testcase name="testServerTenant" time="0.582" classname="com.linkedin.pinot.controller.helix.ControllerTenantTest"/>
</testsuite>
