<?xml version="1.0" encoding="UTF-8"?>
<!-- Generated by org.testng.reporters.JUnitReportReporter -->
<testsuite hostname="sal" name="com.linkedin.pinot.controller.helix.core.realtime.SegmentCompletionTest" tests="21" failures="0" timestamp="12 Aug 2020 07:31:52 GMT" time="0.066" errors="0">
  <testcase name="testControllerFailureDuringSplitCommit" time="0.001" classname="com.linkedin.pinot.controller.helix.core.realtime.SegmentCompletionTest"/>
  <testcase name="testControllerFailureDuringCommit" time="0.001" classname="com.linkedin.pinot.controller.helix.core.realtime.SegmentCompletionTest"/>
  <testcase name="testWinnerOnRowLimit" time="0.001" classname="com.linkedin.pinot.controller.helix.core.realtime.SegmentCompletionTest"/>
  <testcase name="testExceptionInConsumedMessage" time="0.003" classname="com.linkedin.pinot.controller.helix.core.realtime.SegmentCompletionTest"/>
  <testcase name="testHappyPathSplitCommit" time="0.001" classname="com.linkedin.pinot.controller.helix.core.realtime.SegmentCompletionTest"/>
  <testcase name="testWinnerOnTimeLimit" time="0.000" classname="com.linkedin.pinot.controller.helix.core.realtime.SegmentCompletionTest"/>
  <testcase name="testHappyPathSlowCommit" time="0.001" classname="com.linkedin.pinot.controller.helix.core.realtime.SegmentCompletionTest"/>
  <testcase name="testCommitterFailure" time="0.002" classname="com.linkedin.pinot.controller.helix.core.realtime.SegmentCompletionTest"/>
  <testcase name="testNotLeader" time="0.000" classname="com.linkedin.pinot.controller.helix.core.realtime.SegmentCompletionTest"/>
  <testcase name="testLeaseTooLong" time="0.009" classname="com.linkedin.pinot.controller.helix.core.realtime.SegmentCompletionTest"/>
  <testcase name="testCommitDifferentOffsetSplitCommit" time="0.022" classname="com.linkedin.pinot.controller.helix.core.realtime.SegmentCompletionTest"/>
  <testcase name="testDelayedServerSplitCommit" time="0.001" classname="com.linkedin.pinot.controller.helix.core.realtime.SegmentCompletionTest"/>
  <testcase name="testHappyPathAfterStoppedConsuming" time="0.002" classname="com.linkedin.pinot.controller.helix.core.realtime.SegmentCompletionTest"/>
  <testcase name="testFailedSlowCommit" time="0.002" classname="com.linkedin.pinot.controller.helix.core.realtime.SegmentCompletionTest"/>
  <testcase name="testDelayedServer" time="0.002" classname="com.linkedin.pinot.controller.helix.core.realtime.SegmentCompletionTest"/>
  <testcase name="testStoppedConsumeBeforeHold" time="0.001" classname="com.linkedin.pinot.controller.helix.core.realtime.SegmentCompletionTest"/>
  <testcase name="testStoppedConsumeDuringCompletion" time="0.001" classname="com.linkedin.pinot.controller.helix.core.realtime.SegmentCompletionTest"/>
  <testcase name="testHappyPath" time="0.002" classname="com.linkedin.pinot.controller.helix.core.realtime.SegmentCompletionTest"/>
  <testcase name="testControllerNotConnected" time="0.000" classname="com.linkedin.pinot.controller.helix.core.realtime.SegmentCompletionTest"/>
  <testcase name="testCommitSegmentFileFail" time="0.013" classname="com.linkedin.pinot.controller.helix.core.realtime.SegmentCompletionTest"/>
  <testcase name="testDeadServers" time="0.001" classname="com.linkedin.pinot.controller.helix.core.realtime.SegmentCompletionTest"/>
</testsuite>
