<?xml version="1.0" encoding="UTF-8"?>
<!-- Generated by org.testng.reporters.JUnitReportReporter -->
<testsuite hostname="sal" name="com.linkedin.pinot.controller.helix.core.retention.strategy.TimeRetentionStrategyTest" tests="1" failures="0" timestamp="12 Aug 2020 07:32:05 GMT" time="0.189" errors="0">
  <testcase name="testTimeRetention" time="0.189" classname="com.linkedin.pinot.controller.helix.core.retention.strategy.TimeRetentionStrategyTest"/>
</testsuite>
