<?xml version="1.0" encoding="UTF-8"?>
<!-- Generated by org.testng.reporters.JUnitReportReporter -->
<testsuite hostname="sal" name="com.linkedin.pinot.controller.helix.SegmentStatusCheckerTest" tests="10" failures="0" timestamp="12 Aug 2020 07:31:41 GMT" time="3.049" errors="0">
  <testcase name="nonLeaderTest" time="0.002" classname="com.linkedin.pinot.controller.helix.SegmentStatusCheckerTest"/>
  <testcase name="noSegments" time="0.004" classname="com.linkedin.pinot.controller.helix.SegmentStatusCheckerTest"/>
  <testcase name="missingEVPartitionPushTest" time="2.927" classname="com.linkedin.pinot.controller.helix.SegmentStatusCheckerTest"/>
  <testcase name="noIdealState" time="0.001" classname="com.linkedin.pinot.controller.helix.SegmentStatusCheckerTest"/>
  <testcase name="realtimeBasicTest" time="0.032" classname="com.linkedin.pinot.controller.helix.SegmentStatusCheckerTest"/>
  <testcase name="missingEVTest" time="0.020" classname="com.linkedin.pinot.controller.helix.SegmentStatusCheckerTest"/>
  <testcase name="noReplicas" time="0.020" classname="com.linkedin.pinot.controller.helix.SegmentStatusCheckerTest"/>
  <testcase name="missingIdealTest" time="0.001" classname="com.linkedin.pinot.controller.helix.SegmentStatusCheckerTest"/>
  <testcase name="missingEVPartitionTest" time="0.022" classname="com.linkedin.pinot.controller.helix.SegmentStatusCheckerTest"/>
  <testcase name="offlineBasicTest" time="0.020" classname="com.linkedin.pinot.controller.helix.SegmentStatusCheckerTest"/>
</testsuite>
