<?xml version="1.0" encoding="UTF-8"?>
<!-- Generated by org.testng.reporters.JUnitReportReporter -->
<testsuite hostname="sal" name="com.linkedin.pinot.controller.api.resources.SegmentCompletionUtilsTest" tests="2" failures="0" timestamp="12 Aug 2020 07:30:06 GMT" time="0.092" errors="0">
  <testcase name="testGenerateSegmentFilePrefix" time="0.091" classname="com.linkedin.pinot.controller.api.resources.SegmentCompletionUtilsTest"/>
  <testcase name="testGenerateSegmentLocation" time="0.001" classname="com.linkedin.pinot.controller.api.resources.SegmentCompletionUtilsTest"/>
</testsuite>
