<?xml version="1.0" encoding="UTF-8"?>
<!-- Generated by org.testng.reporters.JUnitReportReporter -->
<testsuite hostname="sal" name="com.linkedin.pinot.controller.helix.core.PinotHelixResourceManagerTest" tests="4" failures="0" timestamp="12 Aug 2020 07:32:03 GMT" time="0.915" errors="0">
  <testcase name="testRebalance" time="0.441" classname="com.linkedin.pinot.controller.helix.core.PinotHelixResourceManagerTest"/>
  <testcase name="testRebuildBrokerResourceFromHelixTags" time="0.423" classname="com.linkedin.pinot.controller.helix.core.PinotHelixResourceManagerTest"/>
  <testcase name="testRetrieveMetadata" time="0.011" classname="com.linkedin.pinot.controller.helix.core.PinotHelixResourceManagerTest"/>
  <testcase name="testGetInstanceEndpoints" time="0.040" classname="com.linkedin.pinot.controller.helix.core.PinotHelixResourceManagerTest"/>
</testsuite>
