<?xml version="1.0" encoding="UTF-8"?>
<!-- Generated by org.testng.reporters.JUnitReportReporter -->
<testsuite hostname="sal" name="com.linkedin.pinot.controller.api.resources.PinotInstanceRestletResourceTest" tests="1" failures="0" timestamp="12 Aug 2020 07:30:13 GMT" time="0.630" errors="0">
  <testcase name="testInstanceListingAndCreation" time="0.630" classname="com.linkedin.pinot.controller.api.resources.PinotInstanceRestletResourceTest"/>
</testsuite>
