<?xml version="1.0" encoding="UTF-8"?>
<!-- Generated by org.testng.reporters.JUnitReportReporter -->
<testsuite hostname="sal" name="com.linkedin.pinot.controller.helix.core.util.SegmentDeletionManagerTest" tests="4" failures="0" timestamp="12 Aug 2020 07:31:55 GMT" time="1.681" errors="0">
  <testcase name="allPassed" time="1.591" classname="com.linkedin.pinot.controller.helix.core.util.SegmentDeletionManagerTest"/>
  <testcase name="testAllFailed" time="0.004" classname="com.linkedin.pinot.controller.helix.core.util.SegmentDeletionManagerTest"/>
  <testcase name="testBulkDeleteWithFailures" time="0.003" classname="com.linkedin.pinot.controller.helix.core.util.SegmentDeletionManagerTest"/>
  <testcase name="testRemoveDeletedSegments" time="0.083" classname="com.linkedin.pinot.controller.helix.core.util.SegmentDeletionManagerTest"/>
</testsuite>
