<?xml version="1.0" encoding="UTF-8"?>
<!-- Generated by org.testng.reporters.JUnitReportReporter -->
<testsuite hostname="sal" name="com.linkedin.pinot.controller.api.resources.PinotTableRestletResourceTest" tests="3" failures="0" timestamp="12 Aug 2020 07:30:48 GMT" time="7.269" errors="0">
  <testcase name="testCreateTable" time="2.643" classname="com.linkedin.pinot.controller.api.resources.PinotTableRestletResourceTest"/>
  <testcase name="testUpdateTableConfig" time="2.267" classname="com.linkedin.pinot.controller.api.resources.PinotTableRestletResourceTest"/>
  <testcase name="testTableMinReplication" time="2.359" classname="com.linkedin.pinot.controller.api.resources.PinotTableRestletResourceTest"/>
</testsuite>
