<?xml version="1.0" encoding="UTF-8"?>
<!-- Generated by org.testng.reporters.JUnitReportReporter -->
<testsuite hostname="sal" name="com.linkedin.pinot.controller.helix.core.realtime.partition.StreamPartitionAssignmentStrategyTest" tests="2" failures="0" timestamp="12 Aug 2020 07:31:50 GMT" time="1.558" errors="0">
  <testcase name="testUniformPartitionAssignmentStrategy" time="0.003" classname="com.linkedin.pinot.controller.helix.core.realtime.partition.StreamPartitionAssignmentStrategyTest"/>
  <testcase name="testGenerateAutoRebalanceAssignment" time="1.555" classname="com.linkedin.pinot.controller.helix.core.realtime.partition.StreamPartitionAssignmentStrategyTest"/>
</testsuite>
